<?xml version="1.0" encoding="UTF-8"?>
<testsuite xmlns:xsi="http://www.w3.org/2001/XMLSchema-instance" xsi:noNamespaceSchemaLocation="https://maven.apache.org/surefire/maven-surefire-plugin/xsd/surefire-test-report-3.0.xsd" version="3.0" name="com.example.shopservice.controller.OrderAndOrderItemControllerIT" time="3.637" tests="1" errors="1" skipped="0" failures="0">
  <properties>
    <property name="java.specification.version" value="17"/>
    <property name="sun.jnu.encoding" value="UTF-8"/>
    <property name="java.class.path" value="/home/runner/work/ojp-framework-integration/ojp-framework-integration/micronaut/shopservice/target/test-classes:/home/runner/work/ojp-framework-integration/ojp-framework-integration/micronaut/shopservice/target/classes:/home/runner/.m2/repository/io/micronaut/micronaut-http-server-netty/4.2.4/micronaut-http-server-netty-4.2.4.jar:/home/runner/.m2/repository/org/slf4j/slf4j-api/2.0.9/slf4j-api-2.0.9.jar:/home/runner/.m2/repository/io/micronaut/micronaut-http-server/4.2.4/micronaut-http-server-4.2.4.jar:/home/runner/.m2/repository/io/micronaut/micronaut-http/4.2.4/micronaut-http-4.2.4.jar:/home/runner/.m2/repository/io/micronaut/micronaut-context-propagation/4.2.4/micronaut-context-propagation-4.2.4.jar:/home/runner/.m2/repository/io/micronaut/micronaut-router/4.2.4/micronaut-router-4.2.4.jar:/home/runner/.m2/repository/io/micronaut/micronaut-core/4.2.4/micronaut-core-4.2.4.jar:/home/runner/.m2/repository/io/micronaut/micronaut-http-netty/4.2.4/micronaut-http-netty-4.2.4.jar:/home/runner/.m2/repository/io/micronaut/micronaut-buffer-netty/4.2.4/micronaut-buffer-netty-4.2.4.jar:/home/runner/.m2/repository/io/netty/netty-codec-http2/4.1.106.Final/netty-codec-http2-4.1.106.Final.jar:/home/runner/.m2/repository/io/netty/netty-handler/4.1.106.Final/netty-handler-4.1.106.Final.jar:/home/runner/.m2/repository/io/netty/netty-resolver/4.1.106.Final/netty-resolver-4.1.106.Final.jar:/home/runner/.m2/repository/io/netty/netty-transport-native-unix-common/4.1.106.Final/netty-transport-native-unix-common-4.1.106.Final.jar:/home/runner/.m2/repository/io/netty/netty-codec-http/4.1.106.Final/netty-codec-http-4.1.106.Final.jar:/home/runner/.m2/repository/io/netty/netty-common/4.1.106.Final/netty-common-4.1.106.Final.jar:/home/runner/.m2/repository/io/netty/netty-buffer/4.1.106.Final/netty-buffer-4.1.106.Final.jar:/home/runner/.m2/repository/io/netty/netty-transport/4.1.106.Final/netty-transport-4.1.106.Final.jar:/home/runner/.m2/repository/io/netty/netty-codec/4.1.106.Final/netty-codec-4.1.106.Final.jar:/home/runner/.m2/repository/io/projectreactor/reactor-core/3.5.11/reactor-core-3.5.11.jar:/home/runner/.m2/repository/org/reactivestreams/reactive-streams/1.0.4/reactive-streams-1.0.4.jar:/home/runner/.m2/repository/io/micronaut/micronaut-inject/4.2.4/micronaut-inject-4.2.4.jar:/home/runner/.m2/repository/jakarta/inject/jakarta.inject-api/2.0.1/jakarta.inject-api-2.0.1.jar:/home/runner/.m2/repository/jakarta/annotation/jakarta.annotation-api/2.1.1/jakarta.annotation-api-2.1.1.jar:/home/runner/.m2/repository/io/micronaut/micronaut-http-client/4.2.4/micronaut-http-client-4.2.4.jar:/home/runner/.m2/repository/io/micronaut/micronaut-context/4.2.4/micronaut-context-4.2.4.jar:/home/runner/.m2/repository/io/micronaut/micronaut-http-client-core/4.2.4/micronaut-http-client-core-4.2.4.jar:/home/runner/.m2/repository/io/micronaut/micronaut-json-core/4.2.4/micronaut-json-core-4.2.4.jar:/home/runner/.m2/repository/io/micronaut/micronaut-discovery-core/4.2.4/micronaut-discovery-core-4.2.4.jar:/home/runner/.m2/repository/io/micronaut/micronaut-websocket/4.2.4/micronaut-websocket-4.2.4.jar:/home/runner/.m2/repository/io/netty/netty-handler-proxy/4.1.106.Final/netty-handler-proxy-4.1.106.Final.jar:/home/runner/.m2/repository/io/netty/netty-codec-socks/4.1.106.Final/netty-codec-socks-4.1.106.Final.jar:/home/runner/.m2/repository/io/micronaut/micronaut-jackson-databind/4.2.4/micronaut-jackson-databind-4.2.4.jar:/home/runner/.m2/repository/io/micronaut/micronaut-jackson-core/4.2.4/micronaut-jackson-core-4.2.4.jar:/home/runner/.m2/repository/com/fasterxml/jackson/core/jackson-core/2.15.3/jackson-core-2.15.3.jar:/home/runner/.m2/repository/com/fasterxml/jackson/core/jackson-annotations/2.15.3/jackson-annotations-2.15.3.jar:/home/runner/.m2/repository/com/fasterxml/jackson/core/jackson-databind/2.15.3/jackson-databind-2.15.3.jar:/home/runner/.m2/repository/com/fasterxml/jackson/datatype/jackson-datatype-jdk8/2.15.3/jackson-datatype-jdk8-2.15.3.jar:/home/runner/.m2/repository/com/fasterxml/jackson/datatype/jackson-datatype-jsr310/2.15.3/jackson-datatype-jsr310-2.15.3.jar:/home/runner/.m2/repository/io/micronaut/data/micronaut-data-hibernate-jpa/4.3.0/micronaut-data-hibernate-jpa-4.3.0.jar:/home/runner/.m2/repository/io/micronaut/data/micronaut-data-runtime/4.3.0/micronaut-data-runtime-4.3.0.jar:/home/runner/.m2/repository/io/micronaut/data/micronaut-data-tx/4.3.0/micronaut-data-tx-4.3.0.jar:/home/runner/.m2/repository/io/micronaut/data/micronaut-data-connection/4.3.0/micronaut-data-connection-4.3.0.jar:/home/runner/.m2/repository/io/micronaut/data/micronaut-data-model/4.3.0/micronaut-data-model-4.3.0.jar:/home/runner/.m2/repository/io/micronaut/micronaut-core-reactive/4.2.0/micronaut-core-reactive-4.2.0.jar:/home/runner/.m2/repository/io/micronaut/data/micronaut-data-tx-hibernate/4.3.0/micronaut-data-tx-hibernate-4.3.0.jar:/home/runner/.m2/repository/io/micronaut/data/micronaut-data-tx-jdbc/4.3.0/micronaut-data-tx-jdbc-4.3.0.jar:/home/runner/.m2/repository/io/micronaut/data/micronaut-data-connection-jdbc/4.3.0/micronaut-data-connection-jdbc-4.3.0.jar:/home/runner/.m2/repository/io/micronaut/data/micronaut-data-connection-hibernate/4.3.0/micronaut-data-connection-hibernate-4.3.0.jar:/home/runner/.m2/repository/io/micronaut/data/micronaut-data-jpa/4.3.0/micronaut-data-jpa-4.3.0.jar:/home/runner/.m2/repository/io/micronaut/sql/micronaut-hibernate-jpa/5.3.0/micronaut-hibernate-jpa-5.3.0.jar:/home/runner/.m2/repository/jakarta/transaction/jakarta.transaction-api/2.0.1/jakarta.transaction-api-2.0.1.jar:/home/runner/.m2/repository/io/micronaut/validation/micronaut-validation/4.2.0/micronaut-validation-4.2.0.jar:/home/runner/.m2/repository/jakarta/validation/jakarta.validation-api/3.0.2/jakarta.validation-api-3.0.2.jar:/home/runner/.m2/repository/io/micronaut/reactor/micronaut-reactor/3.1.0/micronaut-reactor-3.1.0.jar:/home/runner/.m2/repository/io/micronaut/micronaut-aop/4.2.0/micronaut-aop-4.2.0.jar:/home/runner/.m2/repository/io/micronaut/sql/micronaut-jdbc/5.3.0/micronaut-jdbc-5.3.0.jar:/home/runner/.m2/repository/io/micronaut/sql/micronaut-jdbc-hikari/5.3.0/micronaut-jdbc-hikari-5.3.0.jar:/home/runner/.m2/repository/com/zaxxer/HikariCP/5.1.0/HikariCP-5.1.0.jar:/home/runner/.m2/repository/com/h2database/h2/2.2.224/h2-2.2.224.jar:/home/runner/.m2/repository/jakarta/persistence/jakarta.persistence-api/3.1.0/jakarta.persistence-api-3.1.0.jar:/home/runner/.m2/repository/org/hibernate/orm/hibernate-core/6.4.8.Final/hibernate-core-6.4.8.Final.jar:/home/runner/.m2/repository/org/jboss/logging/jboss-logging/3.5.0.Final/jboss-logging-3.5.0.Final.jar:/home/runner/.m2/repository/org/hibernate/common/hibernate-commons-annotations/6.0.6.Final/hibernate-commons-annotations-6.0.6.Final.jar:/home/runner/.m2/repository/io/smallrye/jandex/3.1.2/jandex-3.1.2.jar:/home/runner/.m2/repository/com/fasterxml/classmate/1.5.1/classmate-1.5.1.jar:/home/runner/.m2/repository/net/bytebuddy/byte-buddy/1.14.11/byte-buddy-1.14.11.jar:/home/runner/.m2/repository/jakarta/xml/bind/jakarta.xml.bind-api/4.0.0/jakarta.xml.bind-api-4.0.0.jar:/home/runner/.m2/repository/jakarta/activation/jakarta.activation-api/2.1.0/jakarta.activation-api-2.1.0.jar:/home/runner/.m2/repository/org/glassfish/jaxb/jaxb-runtime/4.0.2/jaxb-runtime-4.0.2.jar:/home/runner/.m2/repository/org/glassfish/jaxb/jaxb-core/4.0.2/jaxb-core-4.0.2.jar:/home/runner/.m2/repository/org/eclipse/angus/angus-activation/2.0.0/angus-activation-2.0.0.jar:/home/runner/.m2/repository/org/glassfish/jaxb/txw2/4.0.2/txw2-4.0.2.jar:/home/runner/.m2/repository/com/sun/istack/istack-commons-runtime/4.1.1/istack-commons-runtime-4.1.1.jar:/home/runner/.m2/repository/org/antlr/antlr4-runtime/4.13.0/antlr4-runtime-4.13.0.jar:/home/runner/.m2/repository/io/micronaut/test/micronaut-test-junit5/4.1.0/micronaut-test-junit5-4.1.0.jar:/home/runner/.m2/repository/io/micronaut/test/micronaut-test-core/4.1.0/micronaut-test-core-4.1.0.jar:/home/runner/.m2/repository/org/junit/jupiter/junit-jupiter-api/5.10.1/junit-jupiter-api-5.10.1.jar:/home/runner/.m2/repository/org/opentest4j/opentest4j/1.3.0/opentest4j-1.3.0.jar:/home/runner/.m2/repository/org/junit/platform/junit-platform-commons/1.10.1/junit-platform-commons-1.10.1.jar:/home/runner/.m2/repository/org/apiguardian/apiguardian-api/1.1.2/apiguardian-api-1.1.2.jar:/home/runner/.m2/repository/org/junit/jupiter/junit-jupiter-engine/5.10.1/junit-jupiter-engine-5.10.1.jar:/home/runner/.m2/repository/org/junit/platform/junit-platform-engine/1.10.1/junit-platform-engine-1.10.1.jar:/home/runner/.m2/repository/org/mockito/mockito-core/5.7.0/mockito-core-5.7.0.jar:/home/runner/.m2/repository/net/bytebuddy/byte-buddy-agent/1.14.9/byte-buddy-agent-1.14.9.jar:/home/runner/.m2/repository/org/objenesis/objenesis/3.3/objenesis-3.3.jar:/home/runner/.m2/repository/ch/qos/logback/logback-classic/1.4.14/logback-classic-1.4.14.jar:/home/runner/.m2/repository/ch/qos/logback/logback-core/1.4.14/logback-core-1.4.14.jar:"/>
    <property name="java.vm.vendor" value="Eclipse Adoptium"/>
    <property name="sun.arch.data.model" value="64"/>
    <property name="java.vendor.url" value="https://adoptium.net/"/>
    <property name="user.timezone" value="Etc/UTC"/>
    <property name="os.name" value="Linux"/>
    <property name="java.vm.specification.version" value="17"/>
    <property name="sun.java.launcher" value="SUN_STANDARD"/>
    <property name="sun.boot.library.path" value="/usr/lib/jvm/temurin-17-jdk-amd64/lib"/>
    <property name="sun.java.command" value="/home/runner/work/ojp-framework-integration/ojp-framework-integration/micronaut/shopservice/target/surefire/surefirebooter-20250712072839672_3.jar /home/runner/work/ojp-framework-integration/ojp-framework-integration/micronaut/shopservice/target/surefire 2025-07-12T07-28-39_614-jvmRun1 surefire-20250712072839672_1tmp surefire_0-20250712072839672_2tmp"/>
    <property name="jdk.debug" value="release"/>
    <property name="surefire.test.class.path" value="/home/runner/work/ojp-framework-integration/ojp-framework-integration/micronaut/shopservice/target/test-classes:/home/runner/work/ojp-framework-integration/ojp-framework-integration/micronaut/shopservice/target/classes:/home/runner/.m2/repository/io/micronaut/micronaut-http-server-netty/4.2.4/micronaut-http-server-netty-4.2.4.jar:/home/runner/.m2/repository/org/slf4j/slf4j-api/2.0.9/slf4j-api-2.0.9.jar:/home/runner/.m2/repository/io/micronaut/micronaut-http-server/4.2.4/micronaut-http-server-4.2.4.jar:/home/runner/.m2/repository/io/micronaut/micronaut-http/4.2.4/micronaut-http-4.2.4.jar:/home/runner/.m2/repository/io/micronaut/micronaut-context-propagation/4.2.4/micronaut-context-propagation-4.2.4.jar:/home/runner/.m2/repository/io/micronaut/micronaut-router/4.2.4/micronaut-router-4.2.4.jar:/home/runner/.m2/repository/io/micronaut/micronaut-core/4.2.4/micronaut-core-4.2.4.jar:/home/runner/.m2/repository/io/micronaut/micronaut-http-netty/4.2.4/micronaut-http-netty-4.2.4.jar:/home/runner/.m2/repository/io/micronaut/micronaut-buffer-netty/4.2.4/micronaut-buffer-netty-4.2.4.jar:/home/runner/.m2/repository/io/netty/netty-codec-http2/4.1.106.Final/netty-codec-http2-4.1.106.Final.jar:/home/runner/.m2/repository/io/netty/netty-handler/4.1.106.Final/netty-handler-4.1.106.Final.jar:/home/runner/.m2/repository/io/netty/netty-resolver/4.1.106.Final/netty-resolver-4.1.106.Final.jar:/home/runner/.m2/repository/io/netty/netty-transport-native-unix-common/4.1.106.Final/netty-transport-native-unix-common-4.1.106.Final.jar:/home/runner/.m2/repository/io/netty/netty-codec-http/4.1.106.Final/netty-codec-http-4.1.106.Final.jar:/home/runner/.m2/repository/io/netty/netty-common/4.1.106.Final/netty-common-4.1.106.Final.jar:/home/runner/.m2/repository/io/netty/netty-buffer/4.1.106.Final/netty-buffer-4.1.106.Final.jar:/home/runner/.m2/repository/io/netty/netty-transport/4.1.106.Final/netty-transport-4.1.106.Final.jar:/home/runner/.m2/repository/io/netty/netty-codec/4.1.106.Final/netty-codec-4.1.106.Final.jar:/home/runner/.m2/repository/io/projectreactor/reactor-core/3.5.11/reactor-core-3.5.11.jar:/home/runner/.m2/repository/org/reactivestreams/reactive-streams/1.0.4/reactive-streams-1.0.4.jar:/home/runner/.m2/repository/io/micronaut/micronaut-inject/4.2.4/micronaut-inject-4.2.4.jar:/home/runner/.m2/repository/jakarta/inject/jakarta.inject-api/2.0.1/jakarta.inject-api-2.0.1.jar:/home/runner/.m2/repository/jakarta/annotation/jakarta.annotation-api/2.1.1/jakarta.annotation-api-2.1.1.jar:/home/runner/.m2/repository/io/micronaut/micronaut-http-client/4.2.4/micronaut-http-client-4.2.4.jar:/home/runner/.m2/repository/io/micronaut/micronaut-context/4.2.4/micronaut-context-4.2.4.jar:/home/runner/.m2/repository/io/micronaut/micronaut-http-client-core/4.2.4/micronaut-http-client-core-4.2.4.jar:/home/runner/.m2/repository/io/micronaut/micronaut-json-core/4.2.4/micronaut-json-core-4.2.4.jar:/home/runner/.m2/repository/io/micronaut/micronaut-discovery-core/4.2.4/micronaut-discovery-core-4.2.4.jar:/home/runner/.m2/repository/io/micronaut/micronaut-websocket/4.2.4/micronaut-websocket-4.2.4.jar:/home/runner/.m2/repository/io/netty/netty-handler-proxy/4.1.106.Final/netty-handler-proxy-4.1.106.Final.jar:/home/runner/.m2/repository/io/netty/netty-codec-socks/4.1.106.Final/netty-codec-socks-4.1.106.Final.jar:/home/runner/.m2/repository/io/micronaut/micronaut-jackson-databind/4.2.4/micronaut-jackson-databind-4.2.4.jar:/home/runner/.m2/repository/io/micronaut/micronaut-jackson-core/4.2.4/micronaut-jackson-core-4.2.4.jar:/home/runner/.m2/repository/com/fasterxml/jackson/core/jackson-core/2.15.3/jackson-core-2.15.3.jar:/home/runner/.m2/repository/com/fasterxml/jackson/core/jackson-annotations/2.15.3/jackson-annotations-2.15.3.jar:/home/runner/.m2/repository/com/fasterxml/jackson/core/jackson-databind/2.15.3/jackson-databind-2.15.3.jar:/home/runner/.m2/repository/com/fasterxml/jackson/datatype/jackson-datatype-jdk8/2.15.3/jackson-datatype-jdk8-2.15.3.jar:/home/runner/.m2/repository/com/fasterxml/jackson/datatype/jackson-datatype-jsr310/2.15.3/jackson-datatype-jsr310-2.15.3.jar:/home/runner/.m2/repository/io/micronaut/data/micronaut-data-hibernate-jpa/4.3.0/micronaut-data-hibernate-jpa-4.3.0.jar:/home/runner/.m2/repository/io/micronaut/data/micronaut-data-runtime/4.3.0/micronaut-data-runtime-4.3.0.jar:/home/runner/.m2/repository/io/micronaut/data/micronaut-data-tx/4.3.0/micronaut-data-tx-4.3.0.jar:/home/runner/.m2/repository/io/micronaut/data/micronaut-data-connection/4.3.0/micronaut-data-connection-4.3.0.jar:/home/runner/.m2/repository/io/micronaut/data/micronaut-data-model/4.3.0/micronaut-data-model-4.3.0.jar:/home/runner/.m2/repository/io/micronaut/micronaut-core-reactive/4.2.0/micronaut-core-reactive-4.2.0.jar:/home/runner/.m2/repository/io/micronaut/data/micronaut-data-tx-hibernate/4.3.0/micronaut-data-tx-hibernate-4.3.0.jar:/home/runner/.m2/repository/io/micronaut/data/micronaut-data-tx-jdbc/4.3.0/micronaut-data-tx-jdbc-4.3.0.jar:/home/runner/.m2/repository/io/micronaut/data/micronaut-data-connection-jdbc/4.3.0/micronaut-data-connection-jdbc-4.3.0.jar:/home/runner/.m2/repository/io/micronaut/data/micronaut-data-connection-hibernate/4.3.0/micronaut-data-connection-hibernate-4.3.0.jar:/home/runner/.m2/repository/io/micronaut/data/micronaut-data-jpa/4.3.0/micronaut-data-jpa-4.3.0.jar:/home/runner/.m2/repository/io/micronaut/sql/micronaut-hibernate-jpa/5.3.0/micronaut-hibernate-jpa-5.3.0.jar:/home/runner/.m2/repository/jakarta/transaction/jakarta.transaction-api/2.0.1/jakarta.transaction-api-2.0.1.jar:/home/runner/.m2/repository/io/micronaut/validation/micronaut-validation/4.2.0/micronaut-validation-4.2.0.jar:/home/runner/.m2/repository/jakarta/validation/jakarta.validation-api/3.0.2/jakarta.validation-api-3.0.2.jar:/home/runner/.m2/repository/io/micronaut/reactor/micronaut-reactor/3.1.0/micronaut-reactor-3.1.0.jar:/home/runner/.m2/repository/io/micronaut/micronaut-aop/4.2.0/micronaut-aop-4.2.0.jar:/home/runner/.m2/repository/io/micronaut/sql/micronaut-jdbc/5.3.0/micronaut-jdbc-5.3.0.jar:/home/runner/.m2/repository/io/micronaut/sql/micronaut-jdbc-hikari/5.3.0/micronaut-jdbc-hikari-5.3.0.jar:/home/runner/.m2/repository/com/zaxxer/HikariCP/5.1.0/HikariCP-5.1.0.jar:/home/runner/.m2/repository/com/h2database/h2/2.2.224/h2-2.2.224.jar:/home/runner/.m2/repository/jakarta/persistence/jakarta.persistence-api/3.1.0/jakarta.persistence-api-3.1.0.jar:/home/runner/.m2/repository/org/hibernate/orm/hibernate-core/6.4.8.Final/hibernate-core-6.4.8.Final.jar:/home/runner/.m2/repository/org/jboss/logging/jboss-logging/3.5.0.Final/jboss-logging-3.5.0.Final.jar:/home/runner/.m2/repository/org/hibernate/common/hibernate-commons-annotations/6.0.6.Final/hibernate-commons-annotations-6.0.6.Final.jar:/home/runner/.m2/repository/io/smallrye/jandex/3.1.2/jandex-3.1.2.jar:/home/runner/.m2/repository/com/fasterxml/classmate/1.5.1/classmate-1.5.1.jar:/home/runner/.m2/repository/net/bytebuddy/byte-buddy/1.14.11/byte-buddy-1.14.11.jar:/home/runner/.m2/repository/jakarta/xml/bind/jakarta.xml.bind-api/4.0.0/jakarta.xml.bind-api-4.0.0.jar:/home/runner/.m2/repository/jakarta/activation/jakarta.activation-api/2.1.0/jakarta.activation-api-2.1.0.jar:/home/runner/.m2/repository/org/glassfish/jaxb/jaxb-runtime/4.0.2/jaxb-runtime-4.0.2.jar:/home/runner/.m2/repository/org/glassfish/jaxb/jaxb-core/4.0.2/jaxb-core-4.0.2.jar:/home/runner/.m2/repository/org/eclipse/angus/angus-activation/2.0.0/angus-activation-2.0.0.jar:/home/runner/.m2/repository/org/glassfish/jaxb/txw2/4.0.2/txw2-4.0.2.jar:/home/runner/.m2/repository/com/sun/istack/istack-commons-runtime/4.1.1/istack-commons-runtime-4.1.1.jar:/home/runner/.m2/repository/org/antlr/antlr4-runtime/4.13.0/antlr4-runtime-4.13.0.jar:/home/runner/.m2/repository/io/micronaut/test/micronaut-test-junit5/4.1.0/micronaut-test-junit5-4.1.0.jar:/home/runner/.m2/repository/io/micronaut/test/micronaut-test-core/4.1.0/micronaut-test-core-4.1.0.jar:/home/runner/.m2/repository/org/junit/jupiter/junit-jupiter-api/5.10.1/junit-jupiter-api-5.10.1.jar:/home/runner/.m2/repository/org/opentest4j/opentest4j/1.3.0/opentest4j-1.3.0.jar:/home/runner/.m2/repository/org/junit/platform/junit-platform-commons/1.10.1/junit-platform-commons-1.10.1.jar:/home/runner/.m2/repository/org/apiguardian/apiguardian-api/1.1.2/apiguardian-api-1.1.2.jar:/home/runner/.m2/repository/org/junit/jupiter/junit-jupiter-engine/5.10.1/junit-jupiter-engine-5.10.1.jar:/home/runner/.m2/repository/org/junit/platform/junit-platform-engine/1.10.1/junit-platform-engine-1.10.1.jar:/home/runner/.m2/repository/org/mockito/mockito-core/5.7.0/mockito-core-5.7.0.jar:/home/runner/.m2/repository/net/bytebuddy/byte-buddy-agent/1.14.9/byte-buddy-agent-1.14.9.jar:/home/runner/.m2/repository/org/objenesis/objenesis/3.3/objenesis-3.3.jar:/home/runner/.m2/repository/ch/qos/logback/logback-classic/1.4.14/logback-classic-1.4.14.jar:/home/runner/.m2/repository/ch/qos/logback/logback-core/1.4.14/logback-core-1.4.14.jar:"/>
    <property name="test" value="OrderAndOrderItemControllerIT"/>
    <property name="sun.cpu.endian" value="little"/>
    <property name="user.home" value="/home/runner"/>
    <property name="user.language" value="en"/>
    <property name="java.specification.vendor" value="Oracle Corporation"/>
    <property name="io.netty.allocator.maxOrder" value="3"/>
    <property name="java.version.date" value="2025-04-15"/>
    <property name="java.home" value="/usr/lib/jvm/temurin-17-jdk-amd64"/>
    <property name="file.separator" value="/"/>
    <property name="basedir" value="/home/runner/work/ojp-framework-integration/ojp-framework-integration/micronaut/shopservice"/>
    <property name="java.vm.compressedOopsMode" value="Zero based"/>
    <property name="line.separator" value="&#10;"/>
    <property name="java.specification.name" value="Java Platform API Specification"/>
    <property name="java.vm.specification.vendor" value="Oracle Corporation"/>
    <property name="surefire.real.class.path" value="/home/runner/work/ojp-framework-integration/ojp-framework-integration/micronaut/shopservice/target/surefire/surefirebooter-20250712072839672_3.jar"/>
    <property name="sun.management.compiler" value="HotSpot 64-Bit Tiered Compilers"/>
    <property name="java.runtime.version" value="17.0.15+6"/>
    <property name="user.name" value="runner"/>
    <property name="path.separator" value=":"/>
    <property name="os.version" value="6.11.0-1018-azure"/>
    <property name="java.runtime.name" value="OpenJDK Runtime Environment"/>
    <property name="file.encoding" value="UTF-8"/>
    <property name="java.vm.name" value="OpenJDK 64-Bit Server VM"/>
    <property name="java.vendor.version" value="Temurin-17.0.15+6"/>
    <property name="localRepository" value="/home/runner/.m2/repository"/>
    <property name="micronaut.classloader.logging" value="true"/>
    <property name="java.vendor.url.bug" value="https://github.com/adoptium/adoptium-support/issues"/>
    <property name="java.io.tmpdir" value="/tmp"/>
    <property name="com.zaxxer.hikari.pool_number" value="1"/>
    <property name="java.version" value="17.0.15"/>
    <property name="user.dir" value="/home/runner/work/ojp-framework-integration/ojp-framework-integration/micronaut/shopservice"/>
    <property name="os.arch" value="amd64"/>
    <property name="java.vm.specification.name" value="Java Virtual Machine Specification"/>
    <property name="native.encoding" value="UTF-8"/>
    <property name="java.library.path" value="/usr/java/packages/lib:/usr/lib64:/lib64:/lib:/usr/lib"/>
    <property name="java.vm.info" value="mixed mode, sharing"/>
    <property name="java.vendor" value="Eclipse Adoptium"/>
    <property name="java.vm.version" value="17.0.15+6"/>
    <property name="java.specification.maintenance.version" value="1"/>
    <property name="sun.io.unicode.encoding" value="UnicodeLittle"/>
    <property name="java.class.version" value="61.0"/>
  </properties>
  <testcase name="createOrderWithItemsAndGetItems" classname="com.example.shopservice.controller.OrderAndOrderItemControllerIT" time="0.867">
    <error message="Internal Server Error" type="io.micronaut.http.client.exceptions.HttpClientResponseException"><![CDATA[io.micronaut.http.client.exceptions.HttpClientResponseException: Internal Server Error
	at io.micronaut.http.client.netty.DefaultHttpClient$FullHttpResponseHandler.makeErrorFromRequestBody(DefaultHttpClient.java:2251)
	at io.micronaut.http.client.netty.DefaultHttpClient$FullHttpResponseHandler.forwardResponseToPromise(DefaultHttpClient.java:2202)
	at io.micronaut.http.client.netty.DefaultHttpClient$FullHttpResponseHandler.channelReadInstrumented(DefaultHttpClient.java:2171)
	at io.micronaut.http.client.netty.DefaultHttpClient$FullHttpResponseHandler.channelReadInstrumented(DefaultHttpClient.java:2139)
	at io.micronaut.http.client.netty.SimpleChannelInboundHandlerInstrumented.channelRead0(SimpleChannelInboundHandlerInstrumented.java:46)
	at io.netty.channel.SimpleChannelInboundHandler.channelRead(SimpleChannelInboundHandler.java:99)
	at io.netty.channel.AbstractChannelHandlerContext.invokeChannelRead(AbstractChannelHandlerContext.java:444)
	at io.netty.channel.AbstractChannelHandlerContext.invokeChannelRead(AbstractChannelHandlerContext.java:420)
	at io.netty.channel.AbstractChannelHandlerContext.fireChannelRead(AbstractChannelHandlerContext.java:412)
	at io.netty.handler.codec.MessageToMessageDecoder.channelRead(MessageToMessageDecoder.java:103)
	at io.netty.channel.AbstractChannelHandlerContext.invokeChannelRead(AbstractChannelHandlerContext.java:444)
	at io.netty.channel.AbstractChannelHandlerContext.invokeChannelRead(AbstractChannelHandlerContext.java:420)
	at io.netty.channel.AbstractChannelHandlerContext.fireChannelRead(AbstractChannelHandlerContext.java:412)
	at io.netty.handler.codec.MessageToMessageDecoder.channelRead(MessageToMessageDecoder.java:103)
	at io.netty.channel.AbstractChannelHandlerContext.invokeChannelRead(AbstractChannelHandlerContext.java:444)
	at io.netty.channel.AbstractChannelHandlerContext.invokeChannelRead(AbstractChannelHandlerContext.java:420)
	at io.netty.channel.AbstractChannelHandlerContext.fireChannelRead(AbstractChannelHandlerContext.java:412)
	at io.netty.channel.CombinedChannelDuplexHandler$DelegatingChannelHandlerContext.fireChannelRead(CombinedChannelDuplexHandler.java:436)
	at io.netty.handler.codec.ByteToMessageDecoder.fireChannelRead(ByteToMessageDecoder.java:346)
	at io.netty.handler.codec.ByteToMessageDecoder.channelRead(ByteToMessageDecoder.java:318)
	at io.netty.channel.CombinedChannelDuplexHandler.channelRead(CombinedChannelDuplexHandler.java:251)
	at io.netty.channel.AbstractChannelHandlerContext.invokeChannelRead(AbstractChannelHandlerContext.java:442)
	at io.netty.channel.AbstractChannelHandlerContext.invokeChannelRead(AbstractChannelHandlerContext.java:420)
	at io.netty.channel.AbstractChannelHandlerContext.fireChannelRead(AbstractChannelHandlerContext.java:412)
	at io.netty.channel.ChannelInboundHandlerAdapter.channelRead(ChannelInboundHandlerAdapter.java:93)
	at io.micronaut.http.client.netty.ResettableReadTimeoutHandler$NextInterceptor.channelRead(ResettableReadTimeoutHandler.java:92)
	at io.netty.channel.AbstractChannelHandlerContext.invokeChannelRead(AbstractChannelHandlerContext.java:444)
	at io.netty.channel.AbstractChannelHandlerContext.invokeChannelRead(AbstractChannelHandlerContext.java:420)
	at io.netty.channel.AbstractChannelHandlerContext.fireChannelRead(AbstractChannelHandlerContext.java:412)
	at io.netty.handler.timeout.IdleStateHandler.channelRead(IdleStateHandler.java:286)
	at io.micronaut.http.client.netty.ResettableReadTimeoutHandler.channelRead(ResettableReadTimeoutHandler.java:64)
	at io.netty.channel.AbstractChannelHandlerContext.invokeChannelRead(AbstractChannelHandlerContext.java:442)
	at io.netty.channel.AbstractChannelHandlerContext.invokeChannelRead(AbstractChannelHandlerContext.java:420)
	at io.netty.channel.AbstractChannelHandlerContext.fireChannelRead(AbstractChannelHandlerContext.java:412)
	at io.netty.channel.DefaultChannelPipeline$HeadContext.channelRead(DefaultChannelPipeline.java:1410)
	at io.netty.channel.AbstractChannelHandlerContext.invokeChannelRead(AbstractChannelHandlerContext.java:440)
	at io.netty.channel.AbstractChannelHandlerContext.invokeChannelRead(AbstractChannelHandlerContext.java:420)
	at io.netty.channel.DefaultChannelPipeline.fireChannelRead(DefaultChannelPipeline.java:919)
	at io.netty.channel.nio.AbstractNioByteChannel$NioByteUnsafe.read(AbstractNioByteChannel.java:166)
	at io.netty.channel.nio.NioEventLoop.processSelectedKey(NioEventLoop.java:788)
	at io.netty.channel.nio.NioEventLoop.processSelectedKeysOptimized(NioEventLoop.java:724)
	at io.netty.channel.nio.NioEventLoop.processSelectedKeys(NioEventLoop.java:650)
	at io.netty.channel.nio.NioEventLoop.run(NioEventLoop.java:562)
	at io.netty.util.concurrent.SingleThreadEventExecutor$4.run(SingleThreadEventExecutor.java:997)
	at io.netty.util.internal.ThreadExecutorMap$2.run(ThreadExecutorMap.java:74)
	at io.netty.util.concurrent.FastThreadLocalRunnable.run(FastThreadLocalRunnable.java:30)
	at java.base/java.lang.Thread.run(Thread.java:840)
	Suppressed: java.lang.Exception: #block terminated with an error
		at reactor.core.publisher.BlockingSingleSubscriber.blockingGet(BlockingSingleSubscriber.java:103)
		at reactor.core.publisher.Flux.blockFirst(Flux.java:2704)
		at io.micronaut.http.client.netty.DefaultHttpClient$1.exchange(DefaultHttpClient.java:570)
		at io.micronaut.http.client.BlockingHttpClient.exchange(BlockingHttpClient.java:77)
		at io.micronaut.http.client.BlockingHttpClient.exchange(BlockingHttpClient.java:106)
		at com.example.shopservice.controller.OrderAndOrderItemControllerIT.createOrderWithItemsAndGetItems(OrderAndOrderItemControllerIT.java:99)
		at java.base/java.lang.reflect.Method.invoke(Method.java:569)
		at io.micronaut.test.extensions.junit5.MicronautJunit5Extension$2.proceed(MicronautJunit5Extension.java:142)
		at io.micronaut.test.extensions.AbstractMicronautExtension.interceptEach(AbstractMicronautExtension.java:157)
		at io.micronaut.test.extensions.AbstractMicronautExtension$3.proceed(AbstractMicronautExtension.java:169)
		at io.micronaut.test.context.TestMethodInterceptor.interceptTest(TestMethodInterceptor.java:46)
		at io.micronaut.transaction.test.DefaultTestTransactionExecutionListener.lambda$interceptTest$0(DefaultTestTransactionExecutionListener.java:93)
		at io.micronaut.transaction.support.AbstractPropagatedStatusTransactionOperations.lambda$execute$2(AbstractPropagatedStatusTransactionOperations.java:68)
		at io.micronaut.transaction.TransactionCallback.apply(TransactionCallback.java:37)
		at io.micronaut.transaction.support.AbstractTransactionOperations.executeTransactional(AbstractTransactionOperations.java:333)
		at io.micronaut.transaction.support.AbstractTransactionOperations.executeWithNewTransaction(AbstractTransactionOperations.java:318)
		at io.micronaut.transaction.support.AbstractTransactionOperations.executeNew(AbstractTransactionOperations.java:235)
		at io.micronaut.transaction.support.AbstractTransactionOperations.doExecute(AbstractTransactionOperations.java:137)
		at io.micronaut.transaction.support.AbstractTransactionOperations.lambda$doExecute$0(AbstractTransactionOperations.java:122)
		at io.micronaut.data.connection.support.AbstractConnectionOperations.executeWithNewConnection(AbstractConnectionOperations.java:143)
		at io.micronaut.data.connection.support.AbstractConnectionOperations.execute(AbstractConnectionOperations.java:90)
		at io.micronaut.transaction.support.AbstractTransactionOperations.doExecute(AbstractTransactionOperations.java:120)
		at io.micronaut.transaction.support.AbstractPropagatedStatusTransactionOperations.execute(AbstractPropagatedStatusTransactionOperations.java:65)
		at io.micronaut.transaction.test.DefaultTestTransactionExecutionListener.interceptTest(DefaultTestTransactionExecutionListener.java:91)
		at io.micronaut.test.extensions.AbstractMicronautExtension.interceptEach(AbstractMicronautExtension.java:161)
		at io.micronaut.test.extensions.AbstractMicronautExtension.interceptTest(AbstractMicronautExtension.java:114)
		at io.micronaut.test.extensions.junit5.MicronautJunit5Extension.interceptTestMethod(MicronautJunit5Extension.java:129)
		at java.base/java.util.ArrayList.forEach(ArrayList.java:1511)
		at java.base/java.util.ArrayList.forEach(ArrayList.java:1511)
]]></error>
    <system-out><![CDATA[07:28:40.703 [main] DEBUG io.micronaut.context.DefaultApplicationContext$RuntimeConfiguredEnvironment -- Environment deduction is using the default of: true
07:28:40.709 [main] INFO io.micronaut.context.DefaultApplicationContext$RuntimeConfiguredEnvironment -- Established active environments: [test]
07:28:40.709 [main] DEBUG io.micronaut.context.DefaultApplicationContext$RuntimeConfiguredEnvironment -- Starting environment io.micronaut.context.DefaultApplicationContext$RuntimeConfiguredEnvironment@1f9e9475 for active names [test]
07:28:40.712 [main] DEBUG io.micronaut.context.DefaultApplicationContext$RuntimeConfiguredEnvironment -- Reading property sources from loader: io.micronaut.context.env.PropertiesPropertySourceLoader@2d0399f4
07:28:40.715 [main] DEBUG io.micronaut.context.env.PropertiesPropertySourceLoader -- Found PropertySource for file name: application.properties
07:28:40.718 [main] DEBUG io.micronaut.context.env.PropertiesPropertySourceLoader -- No PropertySource found for file name: application-test.properties
07:28:40.718 [main] DEBUG io.micronaut.context.DefaultApplicationContext$RuntimeConfiguredEnvironment -- Reading property sources from loader: io.micronaut.context.env.yaml.YamlPropertySourceLoader@45385f75
07:28:40.719 [main] DEBUG io.micronaut.context.DefaultApplicationContext$RuntimeConfiguredEnvironment -- Reading property sources from loader: io.micronaut.jackson.core.env.CloudFoundryVcapApplicationPropertySourceLoader@49c90a9c
07:28:40.719 [main] DEBUG io.micronaut.jackson.core.env.CloudFoundryVcapApplicationPropertySourceLoader -- No PropertySource found for file name: application.VCAP_APPLICATION
07:28:40.719 [main] DEBUG io.micronaut.jackson.core.env.CloudFoundryVcapApplicationPropertySourceLoader -- No PropertySource found for file name: application-test.VCAP_APPLICATION
07:28:40.719 [main] DEBUG io.micronaut.context.DefaultApplicationContext$RuntimeConfiguredEnvironment -- Reading property sources from loader: io.micronaut.jackson.core.env.JsonPropertySourceLoader@2d29b4ee
07:28:40.719 [main] DEBUG io.micronaut.jackson.core.env.JsonPropertySourceLoader -- No PropertySource found for file name: application.json
07:28:40.720 [main] DEBUG io.micronaut.jackson.core.env.JsonPropertySourceLoader -- No PropertySource found for file name: application-test.json
07:28:40.720 [main] DEBUG io.micronaut.context.DefaultApplicationContext$RuntimeConfiguredEnvironment -- Reading property sources from loader: io.micronaut.jackson.core.env.EnvJsonPropertySourceLoader@69ee81fc
07:28:40.720 [main] DEBUG io.micronaut.jackson.core.env.EnvJsonPropertySourceLoader -- No PropertySource found for file name: application.json
07:28:40.720 [main] DEBUG io.micronaut.jackson.core.env.EnvJsonPropertySourceLoader -- No PropertySource found for file name: application-test.json
07:28:40.720 [main] DEBUG io.micronaut.context.DefaultApplicationContext$RuntimeConfiguredEnvironment -- Reading property sources from loader: io.micronaut.jackson.core.env.CloudFoundryVcapServicesPropertySourceLoader@6e2aa843
07:28:40.720 [main] DEBUG io.micronaut.jackson.core.env.CloudFoundryVcapServicesPropertySourceLoader -- No PropertySource found for file name: application.VCAP_SERVICES
07:28:40.721 [main] DEBUG io.micronaut.jackson.core.env.CloudFoundryVcapServicesPropertySourceLoader -- No PropertySource found for file name: application-test.VCAP_SERVICES
07:28:40.722 [main] DEBUG io.micronaut.context.DefaultApplicationContext$RuntimeConfiguredEnvironment -- Processing property source: application
07:28:40.723 [main] DEBUG io.micronaut.context.DefaultApplicationContext$RuntimeConfiguredEnvironment -- Processing property source: env
07:28:40.731 [main] DEBUG io.micronaut.context.DefaultApplicationContext$RuntimeConfiguredEnvironment -- Processing property source: system
07:28:40.733 [main] DEBUG io.micronaut.context.DefaultApplicationContext$RuntimeConfiguredEnvironment -- Processing property source: test-properties
07:28:40.742 [main] DEBUG io.micronaut.context.DefaultBeanContext -- Finding candidate beans for type: DefaultEnvironment
07:28:40.742 [main] DEBUG io.micronaut.context.DefaultBeanContext -- No bean candidates found for type: DefaultEnvironment
07:28:40.744 [main] DEBUG io.micronaut.context.DefaultBeanContext -- Starting BeanContext
07:28:40.754 [main] DEBUG io.micronaut.context.DefaultBeanContext -- Finding candidate beans for type: HttpClientRegistry
07:28:40.761 [main] DEBUG io.micronaut.context.DefaultBeanContext --   class io.micronaut.http.client.netty.DefaultNettyHttpClientRegistry null Definition: io.micronaut.http.client.netty.DefaultNettyHttpClientRegistry
07:28:40.764 [main] DEBUG io.micronaut.context.DefaultBeanContext -- Finding candidate beans for type: BeanCreatedEventListener
07:28:40.765 [main] DEBUG io.micronaut.context.condition.Condition -- Bean [io.micronaut.web.router.version.$VersionAwareRouterListener$Definition] will not be loaded due to failing conditions:
07:28:40.766 [main] DEBUG io.micronaut.context.condition.Condition -- * Required property [micronaut.router.versioning.enabled] with value [true] not present
07:28:40.768 [main] DEBUG io.micronaut.context.condition.Condition -- Bean [io.micronaut.configuration.hibernate.jpa.metrics.$HibernateMetricsBinder$Definition] will not be loaded due to failing conditions:
07:28:40.768 [main] DEBUG io.micronaut.context.condition.Condition -- * Class [org.hibernate.stat.HibernateMetrics] is not present
07:28:40.768 [main] DEBUG io.micronaut.context.DefaultBeanContext --   class io.micronaut.context.propagation.instrument.execution.ExecutorServiceInstrumenter null Definition: io.micronaut.context.propagation.instrument.execution.ExecutorServiceInstrumenter
07:28:40.768 [main] DEBUG io.micronaut.context.DefaultBeanContext --   class io.micronaut.data.hibernate.naming.PhysicalNamingStrategyConfiguration null Definition: io.micronaut.data.hibernate.naming.PhysicalNamingStrategyConfiguration
07:28:40.768 [main] DEBUG io.micronaut.context.DefaultBeanContext --   class io.micronaut.data.connection.jdbc.advice.ContextualAwareDataSource null Definition: io.micronaut.data.connection.jdbc.advice.ContextualAwareDataSource
07:28:40.769 [main] DEBUG io.micronaut.context.DefaultBeanContext -- Finding candidate beans for type: BeanInitializedEventListener
07:28:40.769 [main] DEBUG io.micronaut.context.DefaultBeanContext -- No bean candidates found for type: BeanInitializedEventListener
07:28:40.769 [main] DEBUG io.micronaut.context.DefaultBeanContext -- Resolving beans for type: io.micronaut.core.convert.TypeConverter
07:28:40.769 [main] DEBUG io.micronaut.context.DefaultBeanContext -- Finding candidate beans for type: TypeConverter
07:28:40.770 [main] DEBUG io.micronaut.context.DefaultBeanContext --   class io.micronaut.http.server.cors.CorsOriginConverter null Definition: io.micronaut.http.server.cors.CorsOriginConverter
07:28:40.770 [main] DEBUG io.micronaut.context.DefaultBeanContext --   class io.micronaut.http.cookie.SameSiteConverter null Definition: io.micronaut.http.cookie.SameSiteConverter
07:28:40.778 [main] DEBUG io.micronaut.context.lifecycle -- Created bean [io.micronaut.http.server.cors.CorsOriginConverter@6a57ae10] from definition [Definition: io.micronaut.http.server.cors.CorsOriginConverter] with qualifier [null]
07:28:40.779 [main] DEBUG io.micronaut.context.DefaultBeanContext -- Found a registration BeanRegistration: io.micronaut.http.server.cors.CorsOriginConverter@6a57ae10 for candidate: Definition: io.micronaut.http.server.cors.CorsOriginConverter with qualifier: null
07:28:40.779 [main] DEBUG io.micronaut.context.lifecycle -- Created bean [io.micronaut.http.cookie.SameSiteConverter@1863d2fe] from definition [Definition: io.micronaut.http.cookie.SameSiteConverter] with qualifier [null]
07:28:40.780 [main] DEBUG io.micronaut.context.DefaultBeanContext -- Found a registration BeanRegistration: io.micronaut.http.cookie.SameSiteConverter@1863d2fe for candidate: Definition: io.micronaut.http.cookie.SameSiteConverter with qualifier: null
07:28:40.780 [main] DEBUG io.micronaut.context.DefaultBeanContext -- Resolving beans for type: io.micronaut.core.convert.TypeConverterRegistrar
07:28:40.780 [main] DEBUG io.micronaut.context.DefaultBeanContext -- Finding candidate beans for type: TypeConverterRegistrar
07:28:40.781 [main] DEBUG io.micronaut.context.condition.Condition -- Bean [io.micronaut.http.netty.channel.converters.$KQueueChannelOptionFactory$Definition] will not be loaded due to failing conditions:
07:28:40.781 [main] DEBUG io.micronaut.context.condition.Condition -- * Class [io.netty.channel.kqueue.KQueue] is not present
07:28:40.782 [main] DEBUG io.micronaut.context.condition.Condition -- Bean [io.micronaut.reactor.convert.$ReactorToRxJava2ConverterRegistrar$Definition] will not be loaded due to failing conditions:
07:28:40.782 [main] DEBUG io.micronaut.context.condition.Condition -- * Class [io.reactivex.Maybe] is not present
07:28:40.782 [main] DEBUG io.micronaut.context.condition.Condition -- Bean [io.micronaut.reactor.convert.$ReactorToRxJava3ConverterRegistrar$Definition] will not be loaded due to failing conditions:
07:28:40.782 [main] DEBUG io.micronaut.context.condition.Condition -- * Class [io.reactivex.rxjava3.core.Maybe] is not present
07:28:40.783 [main] DEBUG io.micronaut.context.DefaultBeanContext --   class io.micronaut.http.converters.HttpConverterRegistrar null Definition: io.micronaut.http.converters.HttpConverterRegistrar
07:28:40.783 [main] DEBUG io.micronaut.context.DefaultBeanContext --   class io.micronaut.jackson.databind.convert.JacksonConverterRegistrar null Definition: io.micronaut.jackson.databind.convert.JacksonConverterRegistrar
07:28:40.783 [main] DEBUG io.micronaut.context.DefaultBeanContext --   class io.micronaut.json.convert.JsonConverterRegistrar null Definition: io.micronaut.json.convert.JsonConverterRegistrar
07:28:40.783 [main] DEBUG io.micronaut.context.DefaultBeanContext --   class io.micronaut.http.server.netty.converters.NettyConverters null Definition: io.micronaut.http.server.netty.converters.NettyConverters
07:28:40.783 [main] DEBUG io.micronaut.context.DefaultBeanContext --   class io.micronaut.buffer.netty.NettyByteBufferFactory null Definition: io.micronaut.buffer.netty.NettyByteBufferFactory
07:28:40.783 [main] DEBUG io.micronaut.core.reflect.ClassUtils -- Attempting to dynamically load class io.micronaut.context.annotation.Prototype
07:28:40.784 [main] DEBUG io.micronaut.core.reflect.ClassUtils -- Successfully loaded class io.micronaut.context.annotation.Prototype
07:28:40.784 [main] DEBUG io.micronaut.context.DefaultBeanContext -- Finding candidate beans for type: BeanProvider resourceResolver
07:28:40.785 [main] DEBUG io.micronaut.context.DefaultBeanContext --   interface io.micronaut.context.BeanProvider null io.micronaut.inject.provider.BeanProviderDefinition@3525cef9
07:28:40.785 [main] DEBUG io.micronaut.context.DefaultBeanContext -- Found concrete candidate [io.micronaut.inject.provider.BeanProviderDefinition@3525cef9] for type: resourceResolver 
07:28:40.785 [main] DEBUG io.micronaut.context.lifecycle -- Created bean [io.micronaut.inject.provider.BeanProviderDefinition$1@379614be] from definition [io.micronaut.inject.provider.BeanProviderDefinition@3525cef9] with qualifier [null]
07:28:40.786 [main] DEBUG io.micronaut.context.lifecycle -- Created bean [io.micronaut.http.converters.HttpConverterRegistrar@404bbcbd] from definition [Definition: io.micronaut.http.converters.HttpConverterRegistrar] with qualifier [null]
07:28:40.786 [main] DEBUG io.micronaut.context.DefaultBeanContext -- Found a registration BeanRegistration: io.micronaut.http.converters.HttpConverterRegistrar@404bbcbd for candidate: Definition: io.micronaut.http.converters.HttpConverterRegistrar with qualifier: null
07:28:40.786 [main] DEBUG io.micronaut.core.reflect.ClassUtils -- Attempting to dynamically load class io.micronaut.context.annotation.Prototype
07:28:40.786 [main] DEBUG io.micronaut.core.reflect.ClassUtils -- Successfully loaded class io.micronaut.context.annotation.Prototype
07:28:40.786 [main] DEBUG io.micronaut.context.DefaultBeanContext -- Finding candidate beans for type: BeanProvider objectMapper
07:28:40.787 [main] DEBUG io.micronaut.context.DefaultBeanContext --   interface io.micronaut.context.BeanProvider null io.micronaut.inject.provider.BeanProviderDefinition@3525cef9
07:28:40.787 [main] DEBUG io.micronaut.context.DefaultBeanContext -- Found concrete candidate [io.micronaut.inject.provider.BeanProviderDefinition@3525cef9] for type: objectMapper 
07:28:40.787 [main] DEBUG io.micronaut.context.lifecycle -- Created bean [io.micronaut.inject.provider.BeanProviderDefinition$1@6e01f9b0] from definition [io.micronaut.inject.provider.BeanProviderDefinition@3525cef9] with qualifier [null]
07:28:40.787 [main] DEBUG io.micronaut.context.lifecycle -- Created bean [io.micronaut.jackson.databind.convert.JacksonConverterRegistrar@2b9ed6da] from definition [Definition: io.micronaut.jackson.databind.convert.JacksonConverterRegistrar] with qualifier [null]
07:28:40.787 [main] DEBUG io.micronaut.context.DefaultBeanContext -- Found a registration BeanRegistration: io.micronaut.jackson.databind.convert.JacksonConverterRegistrar@2b9ed6da for candidate: Definition: io.micronaut.jackson.databind.convert.JacksonConverterRegistrar with qualifier: null
07:28:40.787 [main] DEBUG io.micronaut.core.reflect.ClassUtils -- Attempting to dynamically load class io.micronaut.context.annotation.Prototype
07:28:40.787 [main] DEBUG io.micronaut.core.reflect.ClassUtils -- Successfully loaded class io.micronaut.context.annotation.Prototype
07:28:40.788 [main] DEBUG io.micronaut.context.DefaultBeanContext -- Finding candidate beans for type: BeanProvider objectCodec
07:28:40.788 [main] DEBUG io.micronaut.context.DefaultBeanContext --   interface io.micronaut.context.BeanProvider null io.micronaut.inject.provider.BeanProviderDefinition@3525cef9
07:28:40.788 [main] DEBUG io.micronaut.context.DefaultBeanContext -- Found concrete candidate [io.micronaut.inject.provider.BeanProviderDefinition@3525cef9] for type: objectCodec 
07:28:40.788 [main] DEBUG io.micronaut.context.lifecycle -- Created bean [io.micronaut.inject.provider.BeanProviderDefinition$1@389c4eb1] from definition [io.micronaut.inject.provider.BeanProviderDefinition@3525cef9] with qualifier [null]
07:28:40.788 [main] DEBUG io.micronaut.context.DefaultBeanContext -- Finding candidate beans for type: BeanProvider beanPropertyBinder
07:28:40.788 [main] DEBUG io.micronaut.context.DefaultBeanContext --   interface io.micronaut.context.BeanProvider null io.micronaut.inject.provider.BeanProviderDefinition@3525cef9
07:28:40.789 [main] DEBUG io.micronaut.context.DefaultBeanContext -- Found concrete candidate [io.micronaut.inject.provider.BeanProviderDefinition@3525cef9] for type: beanPropertyBinder 
07:28:40.789 [main] DEBUG io.micronaut.context.lifecycle -- Created bean [io.micronaut.inject.provider.BeanProviderDefinition$1@34f6515b] from definition [io.micronaut.inject.provider.BeanProviderDefinition@3525cef9] with qualifier [null]
07:28:40.789 [main] DEBUG io.micronaut.context.lifecycle -- Created bean [io.micronaut.json.convert.JsonConverterRegistrar@4b34fff9] from definition [Definition: io.micronaut.json.convert.JsonConverterRegistrar] with qualifier [null]
07:28:40.789 [main] DEBUG io.micronaut.context.DefaultBeanContext -- Found a registration BeanRegistration: io.micronaut.json.convert.JsonConverterRegistrar@4b34fff9 for candidate: Definition: io.micronaut.json.convert.JsonConverterRegistrar with qualifier: null
07:28:40.789 [main] DEBUG io.micronaut.core.reflect.ClassUtils -- Attempting to dynamically load class io.micronaut.context.annotation.Prototype
07:28:40.789 [main] DEBUG io.micronaut.core.reflect.ClassUtils -- Successfully loaded class io.micronaut.context.annotation.Prototype
07:28:40.790 [main] DEBUG io.micronaut.context.DefaultBeanContext -- Finding candidate beans for type: BeanProvider decoderRegistryProvider
07:28:40.790 [main] DEBUG io.micronaut.context.DefaultBeanContext --   interface io.micronaut.context.BeanProvider null io.micronaut.inject.provider.BeanProviderDefinition@3525cef9
07:28:40.790 [main] DEBUG io.micronaut.context.DefaultBeanContext -- Found concrete candidate [io.micronaut.inject.provider.BeanProviderDefinition@3525cef9] for type: decoderRegistryProvider 
07:28:40.790 [main] DEBUG io.micronaut.context.lifecycle -- Created bean [io.micronaut.inject.provider.BeanProviderDefinition$1@57c03d88] from definition [io.micronaut.inject.provider.BeanProviderDefinition@3525cef9] with qualifier [null]
07:28:40.790 [main] DEBUG io.micronaut.context.DefaultBeanContext -- Finding candidate beans for type: BeanProvider channelOptionFactory
07:28:40.790 [main] DEBUG io.micronaut.context.DefaultBeanContext --   interface io.micronaut.context.BeanProvider null io.micronaut.inject.provider.BeanProviderDefinition@3525cef9
07:28:40.790 [main] DEBUG io.micronaut.context.DefaultBeanContext -- Found concrete candidate [io.micronaut.inject.provider.BeanProviderDefinition@3525cef9] for type: channelOptionFactory 
07:28:40.791 [main] DEBUG io.micronaut.context.lifecycle -- Created bean [io.micronaut.inject.provider.BeanProviderDefinition$1@6d7fc27] from definition [io.micronaut.inject.provider.BeanProviderDefinition@3525cef9] with qualifier [null]
07:28:40.791 [main] DEBUG io.micronaut.context.lifecycle -- Created bean [io.micronaut.http.server.netty.converters.NettyConverters@45ac5f9b] from definition [Definition: io.micronaut.http.server.netty.converters.NettyConverters] with qualifier [null]
07:28:40.791 [main] DEBUG io.micronaut.context.DefaultBeanContext -- Found a registration BeanRegistration: io.micronaut.http.server.netty.converters.NettyConverters@45ac5f9b for candidate: Definition: io.micronaut.http.server.netty.converters.NettyConverters with qualifier: null
07:28:40.791 [main] DEBUG io.micronaut.context.lifecycle -- Created bean [io.micronaut.buffer.netty.NettyByteBufferFactory@6c372fe6] from definition [Definition: io.micronaut.buffer.netty.NettyByteBufferFactory] with qualifier [null]
07:28:40.791 [main] DEBUG io.micronaut.context.DefaultBeanContext -- Found a registration BeanRegistration: io.micronaut.buffer.netty.NettyByteBufferFactory@6c372fe6 for candidate: Definition: io.micronaut.buffer.netty.NettyByteBufferFactory with qualifier: null
07:28:40.792 [main] DEBUG io.micronaut.context.DefaultBeanContext -- Found 5 bean registrations for type [typeConverterRegistrar]
07:28:40.792 [main] DEBUG io.micronaut.context.DefaultBeanContext --   Definition: io.micronaut.buffer.netty.NettyByteBufferFactory null
07:28:40.792 [main] DEBUG io.micronaut.context.DefaultBeanContext --   Definition: io.micronaut.http.converters.HttpConverterRegistrar null
07:28:40.792 [main] DEBUG io.micronaut.context.DefaultBeanContext --   Definition: io.micronaut.jackson.databind.convert.JacksonConverterRegistrar null
07:28:40.792 [main] DEBUG io.micronaut.context.DefaultBeanContext --   Definition: io.micronaut.json.convert.JsonConverterRegistrar null
07:28:40.792 [main] DEBUG io.micronaut.context.DefaultBeanContext --   Definition: io.micronaut.http.server.netty.converters.NettyConverters null
07:28:40.800 [main] DEBUG io.micronaut.context.condition.Condition -- Bean [io.micronaut.buffer.netty.$DefaultByteBufAllocatorConfiguration$Definition] will not be loaded due to failing conditions:
07:28:40.800 [main] DEBUG io.micronaut.context.condition.Condition -- * Required property [netty.default.allocator] with value [null] not present
07:28:40.800 [main] DEBUG io.micronaut.context.condition.Condition -- Bean [io.micronaut.logging.$PropertiesLoggingLevelsConfigurer$Definition] will not be loaded due to failing conditions:
07:28:40.800 [main] DEBUG io.micronaut.context.condition.Condition -- * Required property [logger] with value [null] not present
07:28:40.801 [main] DEBUG io.micronaut.context.DefaultBeanContext -- Finding candidate beans for type: SessionFactoryPerDataSourceFactory
07:28:40.802 [main] DEBUG io.micronaut.core.reflect.ClassUtils -- Attempting to dynamically load class org.hibernate.reactive.provider.ReactiveServiceRegistryBuilder
07:28:40.802 [main] DEBUG io.micronaut.core.reflect.ClassUtils -- Class org.hibernate.reactive.provider.ReactiveServiceRegistryBuilder is not present
07:28:40.803 [main] DEBUG io.micronaut.core.reflect.ClassUtils -- Attempting to dynamically load class org.hibernate.reactive.provider.ReactiveServiceRegistryBuilder
07:28:40.803 [main] DEBUG io.micronaut.core.reflect.ClassUtils -- Class org.hibernate.reactive.provider.ReactiveServiceRegistryBuilder is not present
07:28:40.803 [main] DEBUG io.micronaut.context.DefaultBeanContext --   class io.micronaut.configuration.hibernate.jpa.conf.SessionFactoryPerDataSourceFactory null Definition: io.micronaut.configuration.hibernate.jpa.conf.SessionFactoryPerDataSourceFactory
07:28:40.803 [main] DEBUG io.micronaut.context.condition.Condition -- Bean [Definition: io.micronaut.configuration.hibernate.jpa.conf.SessionFactoryPerJpaConfigurationFactory] will not be loaded due to failing conditions:
07:28:40.804 [main] DEBUG io.micronaut.context.condition.Condition -- * Existing bean [io.micronaut.configuration.hibernate.jpa.conf.SessionFactoryPerDataSourceFactory] of type [class io.micronaut.configuration.hibernate.jpa.conf.SessionFactoryPerDataSourceFactory] registered in context
07:28:40.804 [main] DEBUG io.micronaut.core.reflect.ClassUtils -- Attempting to dynamically load class org.hibernate.reactive.provider.ReactiveServiceRegistryBuilder
07:28:40.804 [main] DEBUG io.micronaut.core.reflect.ClassUtils -- Class org.hibernate.reactive.provider.ReactiveServiceRegistryBuilder is not present
07:28:40.804 [main] DEBUG io.micronaut.core.reflect.ClassUtils -- Attempting to dynamically load class org.hibernate.reactive.provider.ReactiveServiceRegistryBuilder
07:28:40.805 [main] DEBUG io.micronaut.core.reflect.ClassUtils -- Class org.hibernate.reactive.provider.ReactiveServiceRegistryBuilder is not present
07:28:40.811 [main] DEBUG io.micronaut.context.condition.Condition -- Bean [io.micronaut.reactor.instrument.$ReactorAutomaticContextPropagation$Definition] will not be loaded due to failing conditions:
07:28:40.811 [main] DEBUG io.micronaut.context.condition.Condition -- * Class [io.micrometer.context.ContextRegistry] is not present
07:28:40.813 [main] DEBUG io.micronaut.context.DefaultBeanContext -- Finding candidate beans for type: SessionFactoryBuilder
07:28:40.813 [main] DEBUG io.micronaut.core.reflect.ClassUtils -- Attempting to dynamically load class org.hibernate.reactive.provider.ReactiveServiceRegistryBuilder
07:28:40.814 [main] DEBUG io.micronaut.core.reflect.ClassUtils -- Class org.hibernate.reactive.provider.ReactiveServiceRegistryBuilder is not present
07:28:40.819 [main] DEBUG io.micronaut.core.reflect.ClassUtils -- Attempting to dynamically load class org.hibernate.reactive.provider.ReactiveServiceRegistryBuilder
07:28:40.820 [main] DEBUG io.micronaut.core.reflect.ClassUtils -- Class org.hibernate.reactive.provider.ReactiveServiceRegistryBuilder is not present
07:28:40.820 [main] DEBUG io.micronaut.context.DefaultBeanContext -- Finding candidate beans for type: Metadata
07:28:40.821 [main] DEBUG io.micronaut.context.DefaultBeanContext -- Finding candidate beans for type: SessionFactoryPerDataSourceFactory
07:28:40.821 [main] DEBUG io.micronaut.context.DefaultBeanContext --   class io.micronaut.configuration.hibernate.jpa.conf.SessionFactoryPerDataSourceFactory null Definition: io.micronaut.configuration.hibernate.jpa.conf.SessionFactoryPerDataSourceFactory
07:28:40.821 [main] DEBUG io.micronaut.context.condition.Condition -- Bean [Definition: io.micronaut.configuration.hibernate.jpa.conf.SessionFactoryPerJpaConfigurationFactory] will not be loaded due to failing conditions:
07:28:40.821 [main] DEBUG io.micronaut.context.condition.Condition -- * Existing bean [io.micronaut.configuration.hibernate.jpa.conf.SessionFactoryPerDataSourceFactory] of type [class io.micronaut.configuration.hibernate.jpa.conf.SessionFactoryPerDataSourceFactory] registered in context
07:28:40.821 [main] DEBUG io.micronaut.core.reflect.ClassUtils -- Attempting to dynamically load class org.hibernate.reactive.provider.ReactiveServiceRegistryBuilder
07:28:40.822 [main] DEBUG io.micronaut.core.reflect.ClassUtils -- Class org.hibernate.reactive.provider.ReactiveServiceRegistryBuilder is not present
07:28:40.822 [main] DEBUG io.micronaut.core.reflect.ClassUtils -- Attempting to dynamically load class org.hibernate.reactive.provider.ReactiveServiceRegistryBuilder
07:28:40.822 [main] DEBUG io.micronaut.core.reflect.ClassUtils -- Class org.hibernate.reactive.provider.ReactiveServiceRegistryBuilder is not present
07:28:40.822 [main] DEBUG io.micronaut.context.DefaultBeanContext -- Finding candidate beans for type: MetadataSources
07:28:40.823 [main] DEBUG io.micronaut.core.reflect.ClassUtils -- Attempting to dynamically load class org.hibernate.reactive.provider.ReactiveServiceRegistryBuilder
07:28:40.823 [main] DEBUG io.micronaut.core.reflect.ClassUtils -- Class org.hibernate.reactive.provider.ReactiveServiceRegistryBuilder is not present
07:28:40.823 [main] DEBUG io.micronaut.core.reflect.ClassUtils -- Attempting to dynamically load class org.hibernate.reactive.provider.ReactiveServiceRegistryBuilder
07:28:40.823 [main] DEBUG io.micronaut.core.reflect.ClassUtils -- Class org.hibernate.reactive.provider.ReactiveServiceRegistryBuilder is not present
07:28:40.824 [main] DEBUG io.micronaut.context.DefaultBeanContext -- Finding candidate beans for type: ServiceRegistry
07:28:40.824 [main] DEBUG io.micronaut.context.DefaultBeanContext -- Finding candidate beans for type: SessionFactoryPerDataSourceFactory
07:28:40.825 [main] DEBUG io.micronaut.context.DefaultBeanContext --   class io.micronaut.configuration.hibernate.jpa.conf.SessionFactoryPerDataSourceFactory null Definition: io.micronaut.configuration.hibernate.jpa.conf.SessionFactoryPerDataSourceFactory
07:28:40.825 [main] DEBUG io.micronaut.context.condition.Condition -- Bean [Definition: io.micronaut.configuration.hibernate.jpa.conf.SessionFactoryPerJpaConfigurationFactory] will not be loaded due to failing conditions:
07:28:40.825 [main] DEBUG io.micronaut.context.condition.Condition -- * Existing bean [io.micronaut.configuration.hibernate.jpa.conf.SessionFactoryPerDataSourceFactory] of type [class io.micronaut.configuration.hibernate.jpa.conf.SessionFactoryPerDataSourceFactory] registered in context
07:28:40.825 [main] DEBUG io.micronaut.core.reflect.ClassUtils -- Attempting to dynamically load class org.hibernate.reactive.provider.ReactiveServiceRegistryBuilder
07:28:40.825 [main] DEBUG io.micronaut.core.reflect.ClassUtils -- Class org.hibernate.reactive.provider.ReactiveServiceRegistryBuilder is not present
07:28:40.826 [main] DEBUG io.micronaut.core.reflect.ClassUtils -- Attempting to dynamically load class org.hibernate.reactive.provider.ReactiveServiceRegistryBuilder
07:28:40.826 [main] DEBUG io.micronaut.core.reflect.ClassUtils -- Class org.hibernate.reactive.provider.ReactiveServiceRegistryBuilder is not present
07:28:40.826 [main] DEBUG io.micronaut.context.DefaultBeanContext -- Finding candidate beans for type: DataSource
07:28:40.826 [main] DEBUG io.micronaut.context.DefaultBeanContext -- Finding candidate beans for type: DatasourceConfiguration
07:28:40.838 [main] DEBUG io.micronaut.context.DefaultBeanContext --   class io.micronaut.configuration.jdbc.hikari.DatasourceConfiguration @Named('default') Definition: io.micronaut.configuration.jdbc.hikari.DatasourceConfiguration
07:28:40.839 [main] DEBUG io.micronaut.context.DefaultBeanContext --   interface javax.sql.DataSource @Named('default') Definition: io.micronaut.configuration.jdbc.hikari.DatasourceFactory
07:28:40.839 [main] DEBUG io.micronaut.core.reflect.ClassUtils -- Attempting to dynamically load class org.hibernate.reactive.provider.ReactiveServiceRegistryBuilder
07:28:40.839 [main] DEBUG io.micronaut.core.reflect.ClassUtils -- Class org.hibernate.reactive.provider.ReactiveServiceRegistryBuilder is not present
07:28:40.839 [main] DEBUG io.micronaut.context.DefaultBeanContext --   interface org.hibernate.service.ServiceRegistry @Named('default') Definition: io.micronaut.configuration.hibernate.jpa.conf.SessionFactoryPerDataSourceFactory
07:28:40.840 [main] DEBUG io.micronaut.core.reflect.ClassUtils -- Attempting to dynamically load class org.hibernate.reactive.provider.ReactiveServiceRegistryBuilder
07:28:40.840 [main] DEBUG io.micronaut.core.reflect.ClassUtils -- Class org.hibernate.reactive.provider.ReactiveServiceRegistryBuilder is not present
07:28:40.840 [main] DEBUG io.micronaut.context.DefaultBeanContext -- Finding candidate beans for type: SessionFactoryPerDataSourceFactory
07:28:40.841 [main] DEBUG io.micronaut.context.DefaultBeanContext --   class io.micronaut.configuration.hibernate.jpa.conf.SessionFactoryPerDataSourceFactory null Definition: io.micronaut.configuration.hibernate.jpa.conf.SessionFactoryPerDataSourceFactory
07:28:40.841 [main] DEBUG io.micronaut.context.condition.Condition -- Bean [Definition: io.micronaut.configuration.hibernate.jpa.conf.SessionFactoryPerJpaConfigurationFactory] will not be loaded due to failing conditions:
07:28:40.841 [main] DEBUG io.micronaut.context.condition.Condition -- * Existing bean [io.micronaut.configuration.hibernate.jpa.conf.SessionFactoryPerDataSourceFactory] of type [class io.micronaut.configuration.hibernate.jpa.conf.SessionFactoryPerDataSourceFactory] registered in context
07:28:40.841 [main] DEBUG io.micronaut.context.DefaultBeanContext --   class org.hibernate.boot.MetadataSources @Named('default') Definition: io.micronaut.configuration.hibernate.jpa.conf.SessionFactoryPerDataSourceFactory
07:28:40.841 [main] DEBUG io.micronaut.core.reflect.ClassUtils -- Attempting to dynamically load class org.hibernate.reactive.provider.ReactiveServiceRegistryBuilder
07:28:40.841 [main] DEBUG io.micronaut.core.reflect.ClassUtils -- Class org.hibernate.reactive.provider.ReactiveServiceRegistryBuilder is not present
07:28:40.841 [main] DEBUG io.micronaut.context.DefaultBeanContext --   interface org.hibernate.boot.Metadata @Named('default') Definition: io.micronaut.configuration.hibernate.jpa.conf.SessionFactoryPerDataSourceFactory
07:28:40.842 [main] DEBUG io.micronaut.core.reflect.ClassUtils -- Attempting to dynamically load class org.hibernate.reactive.provider.ReactiveServiceRegistryBuilder
07:28:40.842 [main] DEBUG io.micronaut.core.reflect.ClassUtils -- Class org.hibernate.reactive.provider.ReactiveServiceRegistryBuilder is not present
07:28:40.842 [main] DEBUG io.micronaut.context.DefaultBeanContext -- Finding candidate beans for type: SessionFactoryPerDataSourceFactory
07:28:40.843 [main] DEBUG io.micronaut.context.DefaultBeanContext --   class io.micronaut.configuration.hibernate.jpa.conf.SessionFactoryPerDataSourceFactory null Definition: io.micronaut.configuration.hibernate.jpa.conf.SessionFactoryPerDataSourceFactory
07:28:40.843 [main] DEBUG io.micronaut.context.condition.Condition -- Bean [Definition: io.micronaut.configuration.hibernate.jpa.conf.SessionFactoryPerJpaConfigurationFactory] will not be loaded due to failing conditions:
07:28:40.843 [main] DEBUG io.micronaut.context.condition.Condition -- * Existing bean [io.micronaut.configuration.hibernate.jpa.conf.SessionFactoryPerDataSourceFactory] of type [class io.micronaut.configuration.hibernate.jpa.conf.SessionFactoryPerDataSourceFactory] registered in context
07:28:40.847 [main] DEBUG io.micronaut.context.DefaultBeanContext --   interface org.hibernate.boot.SessionFactoryBuilder @Named('default') Definition: io.micronaut.configuration.hibernate.jpa.conf.SessionFactoryPerDataSourceFactory
07:28:40.848 [main] DEBUG io.micronaut.core.reflect.ClassUtils -- Attempting to dynamically load class org.hibernate.reactive.provider.ReactiveServiceRegistryBuilder
07:28:40.848 [main] DEBUG io.micronaut.core.reflect.ClassUtils -- Class org.hibernate.reactive.provider.ReactiveServiceRegistryBuilder is not present
07:28:40.849 [main] DEBUG io.micronaut.context.DefaultBeanContext -- Finding candidate beans for type: SessionFactoryPerDataSourceFactory
07:28:40.849 [main] DEBUG io.micronaut.context.DefaultBeanContext --   class io.micronaut.configuration.hibernate.jpa.conf.SessionFactoryPerDataSourceFactory null Definition: io.micronaut.configuration.hibernate.jpa.conf.SessionFactoryPerDataSourceFactory
07:28:40.850 [main] DEBUG io.micronaut.context.DefaultBeanContext -- Found concrete candidate [Definition: io.micronaut.configuration.hibernate.jpa.conf.SessionFactoryPerDataSourceFactory] for type: sessionFactoryPerDataSourceFactory 
07:28:40.852 [main] DEBUG io.micronaut.context.DefaultBeanContext -- Finding candidate beans for type: Environment environment
07:28:40.855 [main] DEBUG io.micronaut.context.DefaultBeanContext --   class io.micronaut.context.env.DefaultEnvironment @Primary io.micronaut.context.DefaultRuntimeBeanDefinition@7b8b43c7
07:28:40.855 [main] DEBUG io.micronaut.context.DefaultBeanContext -- Found concrete candidate [io.micronaut.context.DefaultRuntimeBeanDefinition@7b8b43c7] for type: environment 
07:28:40.855 [main] DEBUG io.micronaut.context.lifecycle -- Created bean [io.micronaut.context.DefaultApplicationContext$RuntimeConfiguredEnvironment@1f9e9475] from definition [io.micronaut.context.DefaultRuntimeBeanDefinition@7b8b43c7] with qualifier [@Primary]
07:28:40.855 [main] DEBUG io.micronaut.context.DefaultBeanContext -- Resolving beans for type: io.micronaut.configuration.hibernate.jpa.conf.sessionfactory.configure.SessionFactoryBuilderConfigurer
07:28:40.855 [main] DEBUG io.micronaut.context.DefaultBeanContext -- Finding candidate beans for type: SessionFactoryBuilderConfigurer E
07:28:40.857 [main] DEBUG io.micronaut.context.DefaultBeanContext -- Finding candidate beans for type: ValidatorFactory
07:28:40.858 [main] DEBUG io.micronaut.context.DefaultBeanContext -- Finding candidate beans for type: ValidatorFactory
07:28:40.858 [main] DEBUG io.micronaut.context.DefaultBeanContext -- No bean candidates found for type: ValidatorFactory
07:28:40.858 [main] DEBUG io.micronaut.context.DefaultBeanContext --   class io.micronaut.validation.validator.DefaultValidatorFactory null Definition: io.micronaut.validation.validator.DefaultValidatorFactory
07:28:40.859 [main] DEBUG io.micronaut.context.DefaultBeanContext --   class io.micronaut.configuration.hibernate.jpa.conf.sessionfactory.configure.internal.ValidatorFactoryConfigurer null Definition: io.micronaut.configuration.hibernate.jpa.conf.sessionfactory.configure.internal.ValidatorFactoryConfigurer
07:28:40.859 [main] DEBUG io.micronaut.core.reflect.ClassUtils -- Attempting to dynamically load class io.micronaut.context.annotation.Prototype
07:28:40.859 [main] DEBUG io.micronaut.core.reflect.ClassUtils -- Successfully loaded class io.micronaut.context.annotation.Prototype
07:28:40.859 [main] DEBUG io.micronaut.context.DefaultBeanContext -- Finding candidate beans for type: ValidatorFactory validatorFactory
07:28:40.859 [main] DEBUG io.micronaut.context.DefaultBeanContext --   class io.micronaut.validation.validator.DefaultValidatorFactory null Definition: io.micronaut.validation.validator.DefaultValidatorFactory
07:28:40.859 [main] DEBUG io.micronaut.context.DefaultBeanContext -- Found concrete candidate [Definition: io.micronaut.validation.validator.DefaultValidatorFactory] for type: validatorFactory 
07:28:40.860 [main] DEBUG io.micronaut.context.DefaultBeanContext -- Finding candidate beans for type: Validator validator
07:28:40.860 [main] DEBUG io.micronaut.context.DefaultBeanContext --   class io.micronaut.validation.validator.DefaultValidator null Definition: io.micronaut.validation.validator.DefaultValidator
07:28:40.860 [main] DEBUG io.micronaut.context.DefaultBeanContext -- Found concrete candidate [Definition: io.micronaut.validation.validator.DefaultValidator] for type: validator 
07:28:40.863 [main] DEBUG io.micronaut.context.DefaultBeanContext -- Finding candidate beans for type: ValidatorConfiguration configuration
07:28:40.864 [main] DEBUG io.micronaut.context.DefaultBeanContext --   class io.micronaut.validation.validator.DefaultValidatorConfiguration null Definition: io.micronaut.validation.validator.DefaultValidatorConfiguration
07:28:40.864 [main] DEBUG io.micronaut.context.DefaultBeanContext -- Found concrete candidate [Definition: io.micronaut.validation.validator.DefaultValidatorConfiguration] for type: configuration 
07:28:40.865 [main] DEBUG io.micronaut.context.DefaultBeanContext -- Finding candidate beans for type: ConstraintValidatorRegistry constraintValidatorRegistry
07:28:40.865 [main] DEBUG io.micronaut.context.DefaultBeanContext --   class io.micronaut.validation.validator.constraints.DefaultConstraintValidators null Definition: io.micronaut.validation.validator.constraints.DefaultConstraintValidators
07:28:40.865 [main] DEBUG io.micronaut.context.DefaultBeanContext -- Found concrete candidate [Definition: io.micronaut.validation.validator.constraints.DefaultConstraintValidators] for type: constraintValidatorRegistry 
07:28:40.939 [main] DEBUG io.micronaut.core.beans.DefaultBeanIntrospector -- Found BeanIntrospection for type: class io.micronaut.validation.validator.constraints.InternalConstraintValidators,
07:28:40.966 [main] DEBUG io.micronaut.context.lifecycle -- Created bean [io.micronaut.validation.validator.constraints.DefaultConstraintValidators@19e4fcac] from definition [Definition: io.micronaut.validation.validator.constraints.DefaultConstraintValidators] with qualifier [null]
07:28:40.966 [main] DEBUG io.micronaut.context.DefaultBeanContext -- Finding candidate beans for type: ValueExtractorRegistry valueExtractorRegistry
07:28:40.967 [main] DEBUG io.micronaut.context.DefaultBeanContext --   class io.micronaut.validation.validator.extractors.DefaultValueExtractors null Definition: io.micronaut.validation.validator.extractors.DefaultValueExtractors
07:28:40.967 [main] DEBUG io.micronaut.context.DefaultBeanContext -- Found concrete candidate [Definition: io.micronaut.validation.validator.extractors.DefaultValueExtractors] for type: valueExtractorRegistry 
07:28:40.969 [main] DEBUG io.micronaut.core.beans.DefaultBeanIntrospector -- Found BeanIntrospection for type: class io.micronaut.validation.validator.extractors.InternalValueExtractors,
07:28:40.971 [main] DEBUG io.micronaut.context.DefaultBeanContext -- Finding candidate beans for type: ValueExtractor
07:28:40.972 [main] DEBUG io.micronaut.context.DefaultBeanContext -- No bean candidates found for type: ValueExtractor
07:28:40.972 [main] DEBUG io.micronaut.context.lifecycle -- Created bean [io.micronaut.validation.validator.extractors.DefaultValueExtractors@19b93fa8] from definition [Definition: io.micronaut.validation.validator.extractors.DefaultValueExtractors] with qualifier [null]
07:28:40.972 [main] DEBUG io.micronaut.context.DefaultBeanContext -- Finding candidate beans for type: ClockProvider clockProvider
07:28:40.972 [main] DEBUG io.micronaut.context.DefaultBeanContext --   class io.micronaut.validation.validator.DefaultClockProvider null Definition: io.micronaut.validation.validator.DefaultClockProvider
07:28:40.972 [main] DEBUG io.micronaut.context.DefaultBeanContext -- Found concrete candidate [Definition: io.micronaut.validation.validator.DefaultClockProvider] for type: clockProvider 
07:28:40.973 [main] DEBUG io.micronaut.context.lifecycle -- Created bean [io.micronaut.validation.validator.DefaultClockProvider@10cf09e8] from definition [Definition: io.micronaut.validation.validator.DefaultClockProvider] with qualifier [null]
07:28:40.973 [main] DEBUG io.micronaut.context.DefaultBeanContext -- Finding candidate beans for type: TraversableResolver traversableResolver
07:28:40.973 [main] DEBUG io.micronaut.context.DefaultBeanContext --   class io.micronaut.configuration.hibernate.jpa.validation.JPATraversableResolver null Definition: io.micronaut.configuration.hibernate.jpa.validation.JPATraversableResolver
07:28:40.974 [main] DEBUG io.micronaut.context.DefaultBeanContext --   class io.micronaut.validation.validator.resolver.CompositeTraversableResolver null Definition: io.micronaut.validation.validator.resolver.CompositeTraversableResolver
07:28:40.974 [main] DEBUG io.micronaut.context.DefaultBeanContext -- Searching for @Primary for type [traversableResolver] from candidates: [Definition: io.micronaut.configuration.hibernate.jpa.validation.JPATraversableResolver, Definition: io.micronaut.validation.validator.resolver.CompositeTraversableResolver] 
07:28:40.974 [main] DEBUG io.micronaut.context.DefaultBeanContext -- Found concrete candidate [Definition: io.micronaut.validation.validator.resolver.CompositeTraversableResolver] for type: traversableResolver 
07:28:40.974 [main] DEBUG io.micronaut.context.DefaultBeanContext -- Resolving beans for type: jakarta.validation.TraversableResolver
07:28:40.974 [main] DEBUG io.micronaut.context.DefaultBeanContext -- Finding candidate beans for type: TraversableResolver E
07:28:40.975 [main] DEBUG io.micronaut.context.DefaultBeanContext --   class io.micronaut.configuration.hibernate.jpa.validation.JPATraversableResolver null Definition: io.micronaut.configuration.hibernate.jpa.validation.JPATraversableResolver
07:28:40.975 [main] DEBUG io.micronaut.context.DefaultBeanContext --   class io.micronaut.validation.validator.resolver.CompositeTraversableResolver null Definition: io.micronaut.validation.validator.resolver.CompositeTraversableResolver
07:28:40.975 [main] DEBUG io.micronaut.context.lifecycle -- Created bean [io.micronaut.configuration.hibernate.jpa.validation.JPATraversableResolver@6ed3f258] from definition [Definition: io.micronaut.configuration.hibernate.jpa.validation.JPATraversableResolver] with qualifier [null]
07:28:40.975 [main] DEBUG io.micronaut.context.DefaultBeanContext -- Found a registration BeanRegistration: io.micronaut.configuration.hibernate.jpa.validation.JPATraversableResolver@6ed3f258 for candidate: Definition: io.micronaut.configuration.hibernate.jpa.validation.JPATraversableResolver with qualifier: null
07:28:40.975 [main] DEBUG io.micronaut.context.lifecycle -- Created bean [io.micronaut.validation.validator.resolver.CompositeTraversableResolver@8ad6665] from definition [Definition: io.micronaut.validation.validator.resolver.CompositeTraversableResolver] with qualifier [null]
07:28:40.975 [main] DEBUG io.micronaut.context.DefaultBeanContext -- Finding candidate beans for type: MessageInterpolator messageInterpolator
07:28:40.976 [main] DEBUG io.micronaut.context.DefaultBeanContext --   class io.micronaut.validation.validator.messages.DefaultMessageInterpolator null Definition: io.micronaut.validation.validator.messages.DefaultMessageInterpolator
07:28:40.976 [main] DEBUG io.micronaut.context.DefaultBeanContext -- Found concrete candidate [Definition: io.micronaut.validation.validator.messages.DefaultMessageInterpolator] for type: messageInterpolator 
07:28:40.976 [main] DEBUG io.micronaut.context.DefaultBeanContext -- Finding candidate beans for type: MessageSource messageSource
07:28:40.977 [main] DEBUG io.micronaut.context.DefaultBeanContext --   class io.micronaut.validation.validator.messages.DefaultMessages null Definition: io.micronaut.validation.validator.messages.DefaultMessages
07:28:40.977 [main] DEBUG io.micronaut.context.DefaultBeanContext --   class io.micronaut.runtime.context.CompositeMessageSource null Definition: io.micronaut.runtime.context.CompositeMessageSource
07:28:40.977 [main] DEBUG io.micronaut.context.DefaultBeanContext -- Searching for @Primary for type [messageSource] from candidates: [Definition: io.micronaut.validation.validator.messages.DefaultMessages, Definition: io.micronaut.runtime.context.CompositeMessageSource] 
07:28:40.977 [main] DEBUG io.micronaut.context.DefaultBeanContext -- Found concrete candidate [Definition: io.micronaut.runtime.context.CompositeMessageSource] for type: messageSource 
07:28:40.977 [main] DEBUG io.micronaut.context.DefaultBeanContext -- Resolving beans for type: io.micronaut.context.MessageSource
07:28:40.978 [main] DEBUG io.micronaut.context.DefaultBeanContext -- Finding candidate beans for type: MessageSource E
07:28:40.978 [main] DEBUG io.micronaut.context.DefaultBeanContext --   class io.micronaut.validation.validator.messages.DefaultMessages null Definition: io.micronaut.validation.validator.messages.DefaultMessages
07:28:40.978 [main] DEBUG io.micronaut.context.DefaultBeanContext --   class io.micronaut.runtime.context.CompositeMessageSource null Definition: io.micronaut.runtime.context.CompositeMessageSource
07:28:40.978 [main] DEBUG io.micronaut.core.reflect.ClassUtils -- Attempting to dynamically load class io.micronaut.context.annotation.Prototype
07:28:40.978 [main] DEBUG io.micronaut.core.reflect.ClassUtils -- Successfully loaded class io.micronaut.context.annotation.Prototype
07:28:40.979 [main] DEBUG io.micronaut.context.lifecycle -- Created bean [io.micronaut.validation.validator.messages.DefaultMessages@386f0da3] from definition [Definition: io.micronaut.validation.validator.messages.DefaultMessages] with qualifier [null]
07:28:40.979 [main] DEBUG io.micronaut.context.DefaultBeanContext -- Found a registration BeanRegistration: io.micronaut.validation.validator.messages.DefaultMessages@386f0da3 for candidate: Definition: io.micronaut.validation.validator.messages.DefaultMessages with qualifier: null
07:28:40.979 [main] DEBUG io.micronaut.context.DefaultBeanContext -- Found 1 bean registrations for type [E]
07:28:40.979 [main] DEBUG io.micronaut.context.DefaultBeanContext --   Definition: io.micronaut.validation.validator.messages.DefaultMessages null
07:28:40.979 [main] DEBUG io.micronaut.context.lifecycle -- Created bean [io.micronaut.runtime.context.CompositeMessageSource@39655d3e] from definition [Definition: io.micronaut.runtime.context.CompositeMessageSource] with qualifier [null]
07:28:40.979 [main] DEBUG io.micronaut.context.lifecycle -- Created bean [io.micronaut.validation.validator.messages.DefaultMessageInterpolator@34f22f9d] from definition [Definition: io.micronaut.validation.validator.messages.DefaultMessageInterpolator] with qualifier [null]
07:28:40.980 [main] DEBUG io.micronaut.context.lifecycle -- Created bean [io.micronaut.validation.validator.DefaultValidatorConfiguration@4b6e2263] from definition [Definition: io.micronaut.validation.validator.DefaultValidatorConfiguration] with qualifier [null]
07:28:40.980 [main] DEBUG io.micronaut.context.lifecycle -- Created bean [io.micronaut.validation.validator.DefaultValidator@344f4dea] from definition [Definition: io.micronaut.validation.validator.DefaultValidator] with qualifier [null]
07:28:40.980 [main] DEBUG io.micronaut.context.lifecycle -- Created bean [io.micronaut.validation.validator.DefaultValidatorFactory@1b7c473a] from definition [Definition: io.micronaut.validation.validator.DefaultValidatorFactory] with qualifier [null]
07:28:40.980 [main] DEBUG io.micronaut.context.lifecycle -- Created bean [io.micronaut.configuration.hibernate.jpa.conf.sessionfactory.configure.internal.ValidatorFactoryConfigurer@5e4bd84a] from definition [Definition: io.micronaut.configuration.hibernate.jpa.conf.sessionfactory.configure.internal.ValidatorFactoryConfigurer] with qualifier [null]
07:28:40.980 [main] DEBUG io.micronaut.context.DefaultBeanContext -- Found a registration BeanRegistration: io.micronaut.configuration.hibernate.jpa.conf.sessionfactory.configure.internal.ValidatorFactoryConfigurer@5e4bd84a for candidate: Definition: io.micronaut.configuration.hibernate.jpa.conf.sessionfactory.configure.internal.ValidatorFactoryConfigurer with qualifier: null
07:28:40.980 [main] DEBUG io.micronaut.context.DefaultBeanContext -- Found 1 bean registrations for type [E]
07:28:40.980 [main] DEBUG io.micronaut.context.DefaultBeanContext --   Definition: io.micronaut.configuration.hibernate.jpa.conf.sessionfactory.configure.internal.ValidatorFactoryConfigurer null
07:28:40.980 [main] DEBUG io.micronaut.context.DefaultBeanContext -- Finding candidate beans for type: StandardServiceRegistryBuilderCreator serviceRegistryBuilderSupplier
07:28:40.981 [main] DEBUG io.micronaut.context.DefaultBeanContext -- Finding candidate beans for type: StandardServiceRegistryBuilderCreator
07:28:40.981 [main] DEBUG io.micronaut.context.DefaultBeanContext -- No bean candidates found for type: StandardServiceRegistryBuilderCreator
07:28:40.981 [main] DEBUG io.micronaut.context.DefaultBeanContext --   class io.micronaut.configuration.hibernate.jpa.conf.serviceregistry.builder.supplier.internal.DefaultStandardServiceRegistryBuilderCreatorCreator null Definition: io.micronaut.configuration.hibernate.jpa.conf.serviceregistry.builder.supplier.internal.DefaultStandardServiceRegistryBuilderCreatorCreator
07:28:40.981 [main] DEBUG io.micronaut.context.DefaultBeanContext -- Found concrete candidate [Definition: io.micronaut.configuration.hibernate.jpa.conf.serviceregistry.builder.supplier.internal.DefaultStandardServiceRegistryBuilderCreatorCreator] for type: serviceRegistryBuilderSupplier 
07:28:40.981 [main] DEBUG io.micronaut.core.reflect.ClassUtils -- Attempting to dynamically load class io.micronaut.context.annotation.Prototype
07:28:40.981 [main] DEBUG io.micronaut.core.reflect.ClassUtils -- Successfully loaded class io.micronaut.context.annotation.Prototype
07:28:40.981 [main] DEBUG io.micronaut.context.DefaultBeanContext -- Finding candidate beans for type: Integrator integrator
07:28:40.982 [main] DEBUG io.micronaut.context.DefaultBeanContext --   class io.micronaut.data.hibernate.event.EventIntegrator null Definition: io.micronaut.data.hibernate.event.EventIntegrator
07:28:40.982 [main] DEBUG io.micronaut.context.DefaultBeanContext -- Found concrete candidate [Definition: io.micronaut.data.hibernate.event.EventIntegrator] for type: integrator 
07:28:40.983 [main] DEBUG io.micronaut.context.DefaultBeanContext -- Finding candidate beans for type: RuntimeEntityRegistry entityRegistry
07:28:40.984 [main] DEBUG io.micronaut.context.DefaultBeanContext --   class io.micronaut.data.runtime.support.DefaultRuntimeEntityRegistry null Definition: io.micronaut.data.runtime.support.DefaultRuntimeEntityRegistry
07:28:40.984 [main] DEBUG io.micronaut.context.DefaultBeanContext -- Found concrete candidate [Definition: io.micronaut.data.runtime.support.DefaultRuntimeEntityRegistry] for type: entityRegistry 
07:28:40.986 [main] DEBUG io.micronaut.context.DefaultBeanContext -- Finding candidate beans for type: EntityEventRegistry eventRegistry
07:28:40.987 [main] DEBUG io.micronaut.context.DefaultBeanContext --   class io.micronaut.data.runtime.event.EntityEventRegistry null Definition: io.micronaut.data.runtime.event.EntityEventRegistry
07:28:40.987 [main] DEBUG io.micronaut.context.DefaultBeanContext -- Found concrete candidate [Definition: io.micronaut.data.runtime.event.EntityEventRegistry] for type: eventRegistry 
07:28:40.988 [main] DEBUG io.micronaut.context.DefaultBeanContext -- Finding candidate beans for type: EntityEventListener
07:28:40.989 [main] DEBUG io.micronaut.context.DefaultBeanContext --   class io.micronaut.data.runtime.event.listeners.VersionGeneratingEntityEventListener null Definition: io.micronaut.data.runtime.event.listeners.VersionGeneratingEntityEventListener
07:28:40.989 [main] DEBUG io.micronaut.context.DefaultBeanContext --   class io.micronaut.data.runtime.event.listeners.AnnotatedMethodInvokingEntityEventListener null Definition: io.micronaut.data.runtime.event.listeners.AnnotatedMethodInvokingEntityEventListener
07:28:40.989 [main] DEBUG io.micronaut.context.DefaultBeanContext --   class io.micronaut.data.runtime.event.listeners.AutoTimestampEntityEventListener null Definition: io.micronaut.data.runtime.event.listeners.AutoTimestampEntityEventListener
07:28:40.990 [main] DEBUG io.micronaut.context.DefaultBeanContext --   class io.micronaut.data.runtime.event.EntityEventRegistry null Definition: io.micronaut.data.runtime.event.EntityEventRegistry
07:28:40.990 [main] DEBUG io.micronaut.context.DefaultBeanContext --   class io.micronaut.data.runtime.event.listeners.UUIDGeneratingEntityEventListener null Definition: io.micronaut.data.runtime.event.listeners.UUIDGeneratingEntityEventListener
07:28:40.991 [main] DEBUG io.micronaut.context.DefaultBeanContext -- Finding candidate beans for qualifier: @EntityEventMapping
07:28:40.991 [main] DEBUG io.micronaut.context.condition.Condition -- Bean [io.micronaut.http.server.netty.jackson.$JsonViewServerFilter$Definition] will not be loaded due to failing conditions:
07:28:40.991 [main] DEBUG io.micronaut.context.condition.Condition -- * Required property [jackson.json-view.enabled] with value [null] not present
07:28:40.992 [main] DEBUG io.micronaut.context.condition.Condition -- Bean [io.micronaut.http.server.netty.jackson.$JsonViewMediaTypeCodecFactory$Definition] will not be loaded due to failing conditions:
07:28:40.992 [main] DEBUG io.micronaut.context.condition.Condition -- * Required property [jackson.json-view.enabled] with value [null] not present
07:28:40.992 [main] DEBUG io.micronaut.context.condition.Condition -- Bean [io.micronaut.http.server.util.locale.$HttpFixedLocaleResolver$Definition] will not be loaded due to failing conditions:
07:28:40.992 [main] DEBUG io.micronaut.context.condition.Condition -- * Required property [micronaut.server.locale-resolution.fixed] with value [null] not present
07:28:40.992 [main] DEBUG io.micronaut.context.condition.Condition -- Bean [io.micronaut.http.server.$CoroutineHelper$Definition] will not be loaded due to failing conditions:
07:28:40.992 [main] DEBUG io.micronaut.context.condition.Condition -- * Class [kotlin.coroutines.CoroutineContext] is not present
07:28:40.995 [main] DEBUG io.micronaut.context.condition.Condition -- Bean [io.micronaut.http.server.$OptionsFilter$Definition] will not be loaded due to failing conditions:
07:28:40.995 [main] DEBUG io.micronaut.context.condition.Condition -- * Property [micronaut.server.dispatch-options-requests] with value [false] does not equal required value: true
07:28:40.995 [main] DEBUG io.micronaut.context.condition.Condition -- Bean [io.micronaut.http.server.util.locale.$CookieLocaleResolver$Definition] will not be loaded due to failing conditions:
07:28:40.995 [main] DEBUG io.micronaut.context.condition.Condition -- * Required property [micronaut.server.locale-resolution.cookie-name] with value [null] not present
07:28:40.995 [main] DEBUG io.micronaut.context.condition.Condition -- Bean [io.micronaut.http.ssl.$ServerSslConfiguration$DefaultKeyStoreConfiguration$Definition] will not be loaded due to failing conditions:
07:28:40.995 [main] DEBUG io.micronaut.context.condition.Condition -- * Required property [micronaut.server.ssl.key-store] with value [null] not present
07:28:40.996 [main] DEBUG io.micronaut.context.condition.Condition -- Bean [io.micronaut.http.body.$ConversionTextPlainHandler$Definition] will not be loaded due to failing conditions:
07:28:40.996 [main] DEBUG io.micronaut.context.condition.Condition -- * Required property [micronaut.http.legacy-text-conversion] with value [true] not present
07:28:40.996 [main] DEBUG io.micronaut.context.condition.Condition -- Bean [io.micronaut.http.ssl.$ServerSslConfiguration$DefaultKeyConfiguration$Definition] will not be loaded due to failing conditions:
07:28:40.996 [main] DEBUG io.micronaut.context.condition.Condition -- * Required property [micronaut.server.ssl.key] with value [null] not present
07:28:40.996 [main] DEBUG io.micronaut.context.condition.Condition -- Bean [io.micronaut.http.ssl.$ClientSslConfiguration$DefaultTrustStoreConfiguration$Definition] will not be loaded due to failing conditions:
07:28:40.996 [main] DEBUG io.micronaut.context.condition.Condition -- * Required property [micronaut.http.client.ssl.trust-store] with value [null] not present
07:28:40.996 [main] DEBUG io.micronaut.context.condition.Condition -- Bean [io.micronaut.http.ssl.$ServerSslConfiguration$DefaultTrustStoreConfiguration$Definition] will not be loaded due to failing conditions:
07:28:40.996 [main] DEBUG io.micronaut.context.condition.Condition -- * Required property [micronaut.server.ssl.trust-store] with value [null] not present
07:28:40.996 [main] DEBUG io.micronaut.context.condition.Condition -- Bean [io.micronaut.http.ssl.$ClientSslConfiguration$DefaultKeyConfiguration$Definition] will not be loaded due to failing conditions:
07:28:40.996 [main] DEBUG io.micronaut.context.condition.Condition -- * Required property [micronaut.http.client.ssl.key] with value [null] not present
07:28:40.997 [main] DEBUG io.micronaut.context.condition.Condition -- Bean [io.micronaut.http.ssl.$ClientSslConfiguration$DefaultKeyStoreConfiguration$Definition] will not be loaded due to failing conditions:
07:28:40.997 [main] DEBUG io.micronaut.context.condition.Condition -- * Required property [micronaut.http.client.ssl.key-store] with value [null] not present
07:28:40.997 [main] DEBUG io.micronaut.context.condition.Condition -- Bean [io.micronaut.web.router.version.$ConfigurationDefaultVersionProvider$Definition] will not be loaded due to failing conditions:
07:28:40.997 [main] DEBUG io.micronaut.context.condition.Condition -- * Required property [micronaut.router.versioning.default-version] with value [null] not present
07:28:40.997 [main] DEBUG io.micronaut.context.condition.Condition -- Bean [io.micronaut.web.router.version.resolution.$HeaderVersionResolverConfiguration$Definition] will not be loaded due to failing conditions:
07:28:40.997 [main] DEBUG io.micronaut.context.condition.Condition -- * Required property [micronaut.router.versioning.header.enabled] with value [true] not present
07:28:40.997 [main] DEBUG io.micronaut.context.condition.Condition -- Bean [io.micronaut.web.router.version.$RoutesVersioningConfiguration$Definition] will not be loaded due to failing conditions:
07:28:40.997 [main] DEBUG io.micronaut.context.condition.Condition -- * Required property [micronaut.router.versioning.enabled] with value [true] not present
07:28:40.997 [main] DEBUG io.micronaut.context.condition.Condition -- Bean [io.micronaut.web.router.naming.$ConfigurableUriNamingStrategy$Definition] will not be loaded due to failing conditions:
07:28:40.997 [main] DEBUG io.micronaut.context.condition.Condition -- * Required property [micronaut.server.context-path] with value [null] not present
07:28:40.998 [main] DEBUG io.micronaut.context.condition.Condition -- Bean [io.micronaut.web.router.version.resolution.$ParameterVersionResolverConfiguration$Definition] will not be loaded due to failing conditions:
07:28:40.998 [main] DEBUG io.micronaut.context.condition.Condition -- * Required property [micronaut.router.versioning.parameter.enabled] with value [true] not present
07:28:40.998 [main] DEBUG io.micronaut.context.condition.Condition -- Bean [io.micronaut.http.netty.channel.converters.$EpollChannelOptionFactory$Definition] will not be loaded due to failing conditions:
07:28:40.998 [main] DEBUG io.micronaut.context.condition.Condition -- * Class [io.netty.channel.epoll.Epoll] is not present
07:28:40.998 [main] DEBUG io.micronaut.context.condition.Condition -- Bean [io.micronaut.http.netty.channel.$KQueueEventLoopGroupFactory$Definition] will not be loaded due to failing conditions:
07:28:40.998 [main] DEBUG io.micronaut.context.condition.Condition -- * Class [io.netty.channel.kqueue.KQueue] is not present
07:28:40.998 [main] DEBUG io.micronaut.context.condition.Condition -- Bean [io.micronaut.http.netty.channel.$IoUringEventLoopGroupFactory$Definition] will not be loaded due to failing conditions:
07:28:40.998 [main] DEBUG io.micronaut.context.condition.Condition -- * Class [io.netty.incubator.channel.uring.IOUring] is not present
07:28:40.999 [main] DEBUG io.micronaut.context.condition.Condition -- Bean [io.micronaut.http.netty.channel.$EpollEventLoopGroupFactory$Definition] will not be loaded due to failing conditions:
07:28:40.999 [main] DEBUG io.micronaut.context.condition.Condition -- * Class [io.netty.channel.epoll.Epoll] is not present
07:28:40.999 [main] DEBUG io.micronaut.core.reflect.ClassUtils -- Attempting to dynamically load class io.methvin.watchservice.MacOSXListeningWatchService
07:28:40.999 [main] DEBUG io.micronaut.core.reflect.ClassUtils -- Class io.methvin.watchservice.MacOSXListeningWatchService is not present
07:28:41.000 [main] DEBUG io.micronaut.context.condition.Condition -- Bean [io.micronaut.runtime.server.watch.event.$FileWatchRestartListener$Definition] will not be loaded due to failing conditions:
07:28:41.000 [main] DEBUG io.micronaut.context.condition.Condition -- * Property [micronaut.io.watch.restart] with value [false] does not equal required value: true
07:28:41.000 [main] DEBUG io.micronaut.core.reflect.ClassUtils -- Attempting to dynamically load class io.methvin.watchservice.MacOSXListeningWatchService
07:28:41.000 [main] DEBUG io.micronaut.core.reflect.ClassUtils -- Class io.methvin.watchservice.MacOSXListeningWatchService is not present
07:28:41.000 [main] DEBUG io.micronaut.context.condition.Condition -- Bean [io.micronaut.scheduling.io.watch.$WatchServiceFactory$WatchService0$Definition] will not be loaded due to failing conditions:
07:28:41.000 [main] DEBUG io.micronaut.context.condition.Condition -- * Required property [micronaut.io.watch.paths] with value [null] not present
07:28:41.001 [main] DEBUG io.micronaut.context.condition.Condition -- Bean [io.micronaut.scheduling.io.watch.$DefaultWatchThread$Definition] will not be loaded due to failing conditions:
07:28:41.001 [main] DEBUG io.micronaut.context.condition.Condition -- * Required property [micronaut.io.watch.paths] with value [null] not present
07:28:41.001 [main] DEBUG io.micronaut.context.condition.Condition -- Bean [io.micronaut.scheduling.io.watch.$FileWatchConfiguration$Definition] will not be loaded due to failing conditions:
07:28:41.001 [main] DEBUG io.micronaut.context.condition.Condition -- * Required property [micronaut.io.watch.paths] with value [null] not present
07:28:41.001 [main] DEBUG io.micronaut.context.condition.Condition -- Bean [io.micronaut.logging.impl.$Log4jLoggingSystem$Definition] will not be loaded due to failing conditions:
07:28:41.001 [main] DEBUG io.micronaut.context.condition.Condition -- * Class [org.apache.logging.log4j.core.config.Configurator] is not present
07:28:41.002 [main] DEBUG io.micronaut.context.condition.Condition -- Bean [io.micronaut.health.$HeartbeatTask$Definition] will not be loaded due to failing conditions:
07:28:41.002 [main] DEBUG io.micronaut.context.condition.Condition -- * Required property [micronaut.application.name] with value [null] not present
07:28:41.002 [main] DEBUG io.micronaut.context.condition.Condition -- Bean [io.micronaut.discovery.cloud.digitalocean.$DigitalOceanMetadataResolver$Definition] will not be loaded due to failing conditions:
07:28:41.003 [main] DEBUG io.micronaut.context.condition.Condition -- * None of the required environments [digitalocean] are active: [test]
07:28:41.003 [main] DEBUG io.micronaut.context.condition.Condition -- Bean [io.micronaut.discovery.cloud.digitalocean.$DigitalOceanMetadataConfiguration$Definition] will not be loaded due to failing conditions:
07:28:41.003 [main] DEBUG io.micronaut.context.condition.Condition -- * None of the required environments [digitalocean] are active: [test]
07:28:41.003 [main] DEBUG io.micronaut.context.condition.Condition -- Bean [io.micronaut.data.runtime.support.convert.convert.jpa.$JxAttributeConverterProvider$Definition] will not be loaded due to failing conditions:
07:28:41.003 [main] DEBUG io.micronaut.context.condition.Condition -- * Class [javax.persistence.AttributeConverter] is not present
07:28:41.003 [main] DEBUG io.micronaut.context.condition.Condition -- Bean [io.micronaut.data.runtime.multitenancy.internal.$DefaultTenantResolver$Definition] will not be loaded due to failing conditions:
07:28:41.003 [main] DEBUG io.micronaut.context.condition.Condition -- * Class [io.micronaut.multitenancy.tenantresolver.TenantResolver] is not present
07:28:41.004 [main] DEBUG io.micronaut.context.condition.Condition -- Bean [io.micronaut.transaction.kotlin.$DefaultCoroutineTransactionOperations$Definition] will not be loaded due to failing conditions:
07:28:41.004 [main] DEBUG io.micronaut.context.condition.Condition -- * Class [kotlinx.coroutines.reactor.ReactorContext] is not present
07:28:41.004 [main] DEBUG io.micronaut.context.condition.Condition -- Bean [io.micronaut.data.connection.kotlin.$DefaultCoroutineConnectionOperations$Definition] will not be loaded due to failing conditions:
07:28:41.004 [main] DEBUG io.micronaut.context.condition.Condition -- * Class [kotlinx.coroutines.reactor.ReactorContext] is not present
07:28:41.005 [main] DEBUG io.micronaut.context.condition.Condition -- Bean [io.micronaut.configuration.hibernate.jpa.conf.settings.internal.$JCacheManagerSettingSupplier$Definition] will not be loaded due to failing conditions:
07:28:41.005 [main] DEBUG io.micronaut.context.condition.Condition -- * Class [org.hibernate.cache.jcache.ConfigSettings] is not present
07:28:41.005 [main] DEBUG io.micronaut.context.condition.Condition -- Bean [io.micronaut.test.support.server.$TestEmbeddedServer$Definition] will not be loaded due to failing conditions:
07:28:41.005 [main] DEBUG io.micronaut.context.condition.Condition -- * Required property [micronaut.test.server.url] with value [null] not present
07:28:41.005 [main] DEBUG io.micronaut.context.condition.Condition -- Bean [io.micronaut.test.support.sql.$ConnectionFactoryHandler$Definition] will not be loaded due to failing conditions:
07:28:41.005 [main] DEBUG io.micronaut.context.condition.Condition -- * Class [io.r2dbc.spi.ConnectionFactory] is not present
07:28:41.006 [main] DEBUG io.micronaut.context.condition.Condition -- Bean [io.micronaut.test.support.server.$TestExecutableEmbeddedServer$Definition] will not be loaded due to failing conditions:
07:28:41.006 [main] DEBUG io.micronaut.context.condition.Condition -- * Required property [micronaut.test.server.executable] with value [null] not present
07:28:41.006 [main] DEBUG io.micronaut.context.lifecycle -- Created bean [io.micronaut.data.runtime.event.EntityEventRegistry@32f232a5] from definition [Definition: io.micronaut.data.runtime.event.EntityEventRegistry] with qualifier [null]
07:28:41.006 [main] DEBUG io.micronaut.context.DefaultBeanContext -- Resolving beans for type: io.micronaut.data.model.runtime.PropertyAutoPopulator<java.lang.annotation.Annotation>
07:28:41.006 [main] DEBUG io.micronaut.context.DefaultBeanContext -- Finding candidate beans for type: PropertyAutoPopulator T
07:28:41.006 [main] DEBUG io.micronaut.context.DefaultBeanContext --   class io.micronaut.data.runtime.event.listeners.VersionGeneratingEntityEventListener null Definition: io.micronaut.data.runtime.event.listeners.VersionGeneratingEntityEventListener
07:28:41.006 [main] DEBUG io.micronaut.context.DefaultBeanContext --   class io.micronaut.data.runtime.event.listeners.AutoTimestampEntityEventListener null Definition: io.micronaut.data.runtime.event.listeners.AutoTimestampEntityEventListener
07:28:41.007 [main] DEBUG io.micronaut.context.DefaultBeanContext -- Finding candidate beans for type: DateTimeProvider dateTimeProvider
07:28:41.007 [main] DEBUG io.micronaut.context.DefaultBeanContext --   class io.micronaut.data.runtime.date.CurrentDateTimeProvider null Definition: io.micronaut.data.runtime.date.CurrentDateTimeProvider
07:28:41.007 [main] DEBUG io.micronaut.context.DefaultBeanContext -- Found concrete candidate [Definition: io.micronaut.data.runtime.date.CurrentDateTimeProvider] for type: dateTimeProvider 
07:28:41.007 [main] DEBUG io.micronaut.context.lifecycle -- Created bean [io.micronaut.data.runtime.date.CurrentDateTimeProvider@517566b] from definition [Definition: io.micronaut.data.runtime.date.CurrentDateTimeProvider] with qualifier [null]
07:28:41.007 [main] DEBUG io.micronaut.context.DefaultBeanContext -- Finding candidate beans for type: DataConversionService conversionService
07:28:41.008 [main] DEBUG io.micronaut.context.DefaultBeanContext --   class io.micronaut.data.runtime.convert.DataConversionServiceImpl null Definition: io.micronaut.data.runtime.convert.DataConversionServiceFactory
07:28:41.008 [main] DEBUG io.micronaut.context.DefaultBeanContext -- Found concrete candidate [Definition: io.micronaut.data.runtime.convert.DataConversionServiceFactory] for type: conversionService 
07:28:41.008 [main] DEBUG io.micronaut.context.DefaultBeanContext -- Finding candidate beans for type: DataConversionServiceFactory
07:28:41.008 [main] DEBUG io.micronaut.context.DefaultBeanContext --   class io.micronaut.data.runtime.convert.DataConversionServiceFactory null Definition: io.micronaut.data.runtime.convert.DataConversionServiceFactory
07:28:41.008 [main] DEBUG io.micronaut.context.DefaultBeanContext -- Found concrete candidate [Definition: io.micronaut.data.runtime.convert.DataConversionServiceFactory] for type: dataConversionServiceFactory 
07:28:41.009 [main] DEBUG io.micronaut.context.lifecycle -- Created bean [io.micronaut.data.runtime.convert.DataConversionServiceFactory@12ed9db6] from definition [Definition: io.micronaut.data.runtime.convert.DataConversionServiceFactory] with qualifier [null]
07:28:41.028 [main] DEBUG io.micronaut.context.DefaultBeanContext -- Resolving beans for type: io.micronaut.data.runtime.convert.DataTypeConverter
07:28:41.028 [main] DEBUG io.micronaut.context.DefaultBeanContext -- Finding candidate beans for type: DataTypeConverter
07:28:41.028 [main] DEBUG io.micronaut.context.DefaultBeanContext -- No bean candidates found for type: DataTypeConverter
07:28:41.028 [main] DEBUG io.micronaut.context.DefaultBeanContext -- Resolving beans for type: io.micronaut.core.convert.TypeConverterRegistrar
07:28:41.028 [main] DEBUG io.micronaut.core.reflect.ClassUtils -- Attempting to dynamically load class io.micronaut.context.annotation.Prototype
07:28:41.028 [main] DEBUG io.micronaut.core.reflect.ClassUtils -- Successfully loaded class io.micronaut.context.annotation.Prototype
07:28:41.029 [main] DEBUG io.micronaut.context.lifecycle -- Created bean [io.micronaut.inject.provider.BeanProviderDefinition$1@576f63f6] from definition [io.micronaut.inject.provider.BeanProviderDefinition@3525cef9] with qualifier [null]
07:28:41.029 [main] DEBUG io.micronaut.context.lifecycle -- Created bean [io.micronaut.http.converters.HttpConverterRegistrar@2dca0d64] from definition [Definition: io.micronaut.http.converters.HttpConverterRegistrar] with qualifier [null]
07:28:41.029 [main] DEBUG io.micronaut.context.DefaultBeanContext -- Found a registration BeanRegistration: io.micronaut.http.converters.HttpConverterRegistrar@2dca0d64 for candidate: Definition: io.micronaut.http.converters.HttpConverterRegistrar with qualifier: null
07:28:41.029 [main] DEBUG io.micronaut.core.reflect.ClassUtils -- Attempting to dynamically load class io.micronaut.context.annotation.Prototype
07:28:41.029 [main] DEBUG io.micronaut.core.reflect.ClassUtils -- Successfully loaded class io.micronaut.context.annotation.Prototype
07:28:41.029 [main] DEBUG io.micronaut.context.lifecycle -- Created bean [io.micronaut.inject.provider.BeanProviderDefinition$1@f80945f] from definition [io.micronaut.inject.provider.BeanProviderDefinition@3525cef9] with qualifier [null]
07:28:41.029 [main] DEBUG io.micronaut.context.lifecycle -- Created bean [io.micronaut.jackson.databind.convert.JacksonConverterRegistrar@ff684e1] from definition [Definition: io.micronaut.jackson.databind.convert.JacksonConverterRegistrar] with qualifier [null]
07:28:41.029 [main] DEBUG io.micronaut.context.DefaultBeanContext -- Found a registration BeanRegistration: io.micronaut.jackson.databind.convert.JacksonConverterRegistrar@ff684e1 for candidate: Definition: io.micronaut.jackson.databind.convert.JacksonConverterRegistrar with qualifier: null
07:28:41.029 [main] DEBUG io.micronaut.core.reflect.ClassUtils -- Attempting to dynamically load class io.micronaut.context.annotation.Prototype
07:28:41.029 [main] DEBUG io.micronaut.core.reflect.ClassUtils -- Successfully loaded class io.micronaut.context.annotation.Prototype
07:28:41.029 [main] DEBUG io.micronaut.context.lifecycle -- Created bean [io.micronaut.inject.provider.BeanProviderDefinition$1@23aa363a] from definition [io.micronaut.inject.provider.BeanProviderDefinition@3525cef9] with qualifier [null]
07:28:41.029 [main] DEBUG io.micronaut.context.lifecycle -- Created bean [io.micronaut.inject.provider.BeanProviderDefinition$1@5ef6ae06] from definition [io.micronaut.inject.provider.BeanProviderDefinition@3525cef9] with qualifier [null]
07:28:41.029 [main] DEBUG io.micronaut.context.lifecycle -- Created bean [io.micronaut.json.convert.JsonConverterRegistrar@55dfebeb] from definition [Definition: io.micronaut.json.convert.JsonConverterRegistrar] with qualifier [null]
07:28:41.030 [main] DEBUG io.micronaut.context.DefaultBeanContext -- Found a registration BeanRegistration: io.micronaut.json.convert.JsonConverterRegistrar@55dfebeb for candidate: Definition: io.micronaut.json.convert.JsonConverterRegistrar with qualifier: null
07:28:41.030 [main] DEBUG io.micronaut.core.reflect.ClassUtils -- Attempting to dynamically load class io.micronaut.context.annotation.Prototype
07:28:41.030 [main] DEBUG io.micronaut.core.reflect.ClassUtils -- Successfully loaded class io.micronaut.context.annotation.Prototype
07:28:41.030 [main] DEBUG io.micronaut.context.lifecycle -- Created bean [io.micronaut.inject.provider.BeanProviderDefinition$1@6e35bc3d] from definition [io.micronaut.inject.provider.BeanProviderDefinition@3525cef9] with qualifier [null]
07:28:41.030 [main] DEBUG io.micronaut.context.lifecycle -- Created bean [io.micronaut.inject.provider.BeanProviderDefinition$1@1cdc4c27] from definition [io.micronaut.inject.provider.BeanProviderDefinition@3525cef9] with qualifier [null]
07:28:41.030 [main] DEBUG io.micronaut.context.lifecycle -- Created bean [io.micronaut.http.server.netty.converters.NettyConverters@77b14724] from definition [Definition: io.micronaut.http.server.netty.converters.NettyConverters] with qualifier [null]
07:28:41.030 [main] DEBUG io.micronaut.context.DefaultBeanContext -- Found a registration BeanRegistration: io.micronaut.http.server.netty.converters.NettyConverters@77b14724 for candidate: Definition: io.micronaut.http.server.netty.converters.NettyConverters with qualifier: null
07:28:41.030 [main] DEBUG io.micronaut.context.DefaultBeanContext -- Found a registration BeanRegistration: io.micronaut.buffer.netty.NettyByteBufferFactory@6c372fe6 for candidate: Definition: io.micronaut.buffer.netty.NettyByteBufferFactory with qualifier: null
07:28:41.030 [main] DEBUG io.micronaut.context.DefaultBeanContext -- Found 5 bean registrations for type [typeConverterRegistrar]
07:28:41.030 [main] DEBUG io.micronaut.context.DefaultBeanContext --   Definition: io.micronaut.buffer.netty.NettyByteBufferFactory null
07:28:41.030 [main] DEBUG io.micronaut.context.DefaultBeanContext --   Definition: io.micronaut.http.converters.HttpConverterRegistrar null
07:28:41.030 [main] DEBUG io.micronaut.context.DefaultBeanContext --   Definition: io.micronaut.jackson.databind.convert.JacksonConverterRegistrar null
07:28:41.030 [main] DEBUG io.micronaut.context.DefaultBeanContext --   Definition: io.micronaut.json.convert.JsonConverterRegistrar null
07:28:41.030 [main] DEBUG io.micronaut.context.DefaultBeanContext --   Definition: io.micronaut.http.server.netty.converters.NettyConverters null
07:28:41.032 [main] DEBUG io.micronaut.context.lifecycle -- Created bean [io.micronaut.data.runtime.convert.DataConversionServiceImpl@1d3ac898] from definition [Definition: io.micronaut.data.runtime.convert.DataConversionServiceFactory] with qualifier [null]
07:28:41.032 [main] DEBUG io.micronaut.context.lifecycle -- Created bean [io.micronaut.data.runtime.event.listeners.VersionGeneratingEntityEventListener@1b73be9f] from definition [Definition: io.micronaut.data.runtime.event.listeners.VersionGeneratingEntityEventListener] with qualifier [null]
07:28:41.032 [main] DEBUG io.micronaut.context.DefaultBeanContext -- Found a registration BeanRegistration: io.micronaut.data.runtime.event.listeners.VersionGeneratingEntityEventListener@1b73be9f for candidate: Definition: io.micronaut.data.runtime.event.listeners.VersionGeneratingEntityEventListener with qualifier: null
07:28:41.033 [main] DEBUG io.micronaut.context.lifecycle -- Created bean [io.micronaut.data.runtime.event.listeners.AutoTimestampEntityEventListener@30b19518] from definition [Definition: io.micronaut.data.runtime.event.listeners.AutoTimestampEntityEventListener] with qualifier [null]
07:28:41.033 [main] DEBUG io.micronaut.context.DefaultBeanContext -- Found a registration BeanRegistration: io.micronaut.data.runtime.event.listeners.AutoTimestampEntityEventListener@30b19518 for candidate: Definition: io.micronaut.data.runtime.event.listeners.AutoTimestampEntityEventListener with qualifier: null
07:28:41.033 [main] DEBUG io.micronaut.context.DefaultBeanContext -- Finding candidate beans for type: AttributeConverterRegistry attributeConverterRegistry
07:28:41.034 [main] DEBUG io.micronaut.context.DefaultBeanContext --   class io.micronaut.data.runtime.support.convert.DefaultAttributeConverterRegistry null Definition: io.micronaut.data.runtime.support.convert.DefaultAttributeConverterRegistry
07:28:41.034 [main] DEBUG io.micronaut.context.DefaultBeanContext -- Found concrete candidate [Definition: io.micronaut.data.runtime.support.convert.DefaultAttributeConverterRegistry] for type: attributeConverterRegistry 
07:28:41.034 [main] DEBUG io.micronaut.context.DefaultBeanContext -- Resolving beans for type: io.micronaut.data.runtime.support.convert.AttributeConverterProvider
07:28:41.034 [main] DEBUG io.micronaut.context.DefaultBeanContext -- Finding candidate beans for type: AttributeConverterProvider E
07:28:41.035 [main] DEBUG io.micronaut.context.DefaultBeanContext --   class io.micronaut.data.runtime.support.convert.convert.jpa.JakartaAttributeConverterProvider null Definition: io.micronaut.data.runtime.support.convert.convert.jpa.JakartaAttributeConverterProvider
07:28:41.035 [main] DEBUG io.micronaut.context.lifecycle -- Created bean [io.micronaut.data.runtime.support.convert.convert.jpa.JakartaAttributeConverterProvider@75cd8043] from definition [Definition: io.micronaut.data.runtime.support.convert.convert.jpa.JakartaAttributeConverterProvider] with qualifier [null]
07:28:41.035 [main] DEBUG io.micronaut.context.DefaultBeanContext -- Found a registration BeanRegistration: io.micronaut.data.runtime.support.convert.convert.jpa.JakartaAttributeConverterProvider@75cd8043 for candidate: Definition: io.micronaut.data.runtime.support.convert.convert.jpa.JakartaAttributeConverterProvider with qualifier: null
07:28:41.035 [main] DEBUG io.micronaut.context.lifecycle -- Created bean [io.micronaut.data.runtime.support.convert.DefaultAttributeConverterRegistry@33b1c5c5] from definition [Definition: io.micronaut.data.runtime.support.convert.DefaultAttributeConverterRegistry] with qualifier [null]
07:28:41.035 [main] DEBUG io.micronaut.context.lifecycle -- Created bean [io.micronaut.data.runtime.support.DefaultRuntimeEntityRegistry@9ef8eb7] from definition [Definition: io.micronaut.data.runtime.support.DefaultRuntimeEntityRegistry] with qualifier [null]
07:28:41.036 [main] DEBUG io.micronaut.context.lifecycle -- Created bean [io.micronaut.data.hibernate.event.EventIntegrator@34cdeda2] from definition [Definition: io.micronaut.data.hibernate.event.EventIntegrator] with qualifier [null]
07:28:41.042 [main] DEBUG org.jboss.logging -- Logging Provider: org.jboss.logging.Slf4jLoggerProvider
07:28:41.051 [main] DEBUG org.hibernate.integrator.internal.IntegratorServiceImpl -- Adding Integrator [org.hibernate.boot.beanvalidation.BeanValidationIntegrator].
07:28:41.052 [main] DEBUG org.hibernate.integrator.internal.IntegratorServiceImpl -- Adding Integrator [org.hibernate.cache.internal.CollectionCacheInvalidator].
07:28:41.052 [main] DEBUG org.hibernate.integrator.internal.IntegratorServiceImpl -- Adding Integrator [io.micronaut.data.hibernate.event.EventIntegrator].
07:28:41.066 [main] DEBUG io.micronaut.context.lifecycle -- Created bean [io.micronaut.configuration.hibernate.jpa.conf.serviceregistry.builder.supplier.internal.DefaultStandardServiceRegistryBuilderCreatorCreator@52de51b6] from definition [Definition: io.micronaut.configuration.hibernate.jpa.conf.serviceregistry.builder.supplier.internal.DefaultStandardServiceRegistryBuilderCreatorCreator] with qualifier [null]
07:28:41.066 [main] DEBUG io.micronaut.context.DefaultBeanContext -- Resolving beans for type: io.micronaut.configuration.hibernate.jpa.conf.serviceregistry.builder.configures.StandardServiceRegistryBuilderConfigurer
07:28:41.066 [main] DEBUG io.micronaut.context.DefaultBeanContext -- Finding candidate beans for type: StandardServiceRegistryBuilderConfigurer E
07:28:41.067 [main] DEBUG io.micronaut.context.DefaultBeanContext --   class io.micronaut.configuration.hibernate.jpa.conf.serviceregistry.builder.configures.internal.CompileProxyConfigurer null Definition: io.micronaut.configuration.hibernate.jpa.conf.serviceregistry.builder.configures.internal.CompileProxyConfigurer
07:28:41.067 [main] DEBUG io.micronaut.context.DefaultBeanContext --   class io.micronaut.configuration.hibernate.jpa.conf.serviceregistry.builder.configures.internal.SettingsConfigurer null Definition: io.micronaut.configuration.hibernate.jpa.conf.serviceregistry.builder.configures.internal.SettingsConfigurer
07:28:41.067 [main] DEBUG io.micronaut.context.DefaultBeanContext --   class io.micronaut.transaction.hibernate.BeanContextServiceConfigurer null Definition: io.micronaut.transaction.hibernate.BeanContextServiceConfigurer
07:28:41.067 [main] DEBUG io.micronaut.core.reflect.ClassUtils -- Attempting to dynamically load class io.micronaut.context.annotation.Prototype
07:28:41.067 [main] DEBUG io.micronaut.core.reflect.ClassUtils -- Successfully loaded class io.micronaut.context.annotation.Prototype
07:28:41.067 [main] DEBUG io.micronaut.context.DefaultBeanContext -- Finding candidate beans for type: BeanProvider bytecodeProviderBeanProvider
07:28:41.067 [main] DEBUG io.micronaut.context.DefaultBeanContext --   interface io.micronaut.context.BeanProvider null io.micronaut.inject.provider.BeanProviderDefinition@3525cef9
07:28:41.067 [main] DEBUG io.micronaut.context.DefaultBeanContext -- Found concrete candidate [io.micronaut.inject.provider.BeanProviderDefinition@3525cef9] for type: bytecodeProviderBeanProvider 
07:28:41.068 [main] DEBUG io.micronaut.context.lifecycle -- Created bean [io.micronaut.inject.provider.BeanProviderDefinition$1@736d6a5c] from definition [io.micronaut.inject.provider.BeanProviderDefinition@3525cef9] with qualifier [null]
07:28:41.068 [main] DEBUG io.micronaut.context.lifecycle -- Created bean [io.micronaut.configuration.hibernate.jpa.conf.serviceregistry.builder.configures.internal.CompileProxyConfigurer@2371aaca] from definition [Definition: io.micronaut.configuration.hibernate.jpa.conf.serviceregistry.builder.configures.internal.CompileProxyConfigurer] with qualifier [null]
07:28:41.068 [main] DEBUG io.micronaut.context.DefaultBeanContext -- Found a registration BeanRegistration: io.micronaut.configuration.hibernate.jpa.conf.serviceregistry.builder.configures.internal.CompileProxyConfigurer@2371aaca for candidate: Definition: io.micronaut.configuration.hibernate.jpa.conf.serviceregistry.builder.configures.internal.CompileProxyConfigurer with qualifier: null
07:28:41.068 [main] DEBUG io.micronaut.core.reflect.ClassUtils -- Attempting to dynamically load class io.micronaut.context.annotation.Prototype
07:28:41.068 [main] DEBUG io.micronaut.core.reflect.ClassUtils -- Successfully loaded class io.micronaut.context.annotation.Prototype
07:28:41.068 [main] DEBUG io.micronaut.context.DefaultBeanContext -- Resolving beans for type: io.micronaut.configuration.hibernate.jpa.conf.settings.SettingsSupplier
07:28:41.068 [main] DEBUG io.micronaut.context.DefaultBeanContext -- Finding candidate beans for type: SettingsSupplier E
07:28:41.069 [main] DEBUG io.micronaut.context.DefaultBeanContext --   class io.micronaut.configuration.hibernate.jpa.conf.settings.internal.DataSourceSettingSupplier null Definition: io.micronaut.configuration.hibernate.jpa.conf.settings.internal.DataSourceSettingSupplier
07:28:41.069 [main] DEBUG io.micronaut.context.DefaultBeanContext --   class io.micronaut.configuration.hibernate.jpa.conf.settings.internal.CurrentSessionContextClassSettingSupplier null Definition: io.micronaut.configuration.hibernate.jpa.conf.settings.internal.CurrentSessionContextClassSettingSupplier
07:28:41.069 [main] DEBUG io.micronaut.context.DefaultBeanContext --   class io.micronaut.configuration.hibernate.jpa.conf.settings.internal.ValidatorFactorySettingSupplier null Definition: io.micronaut.configuration.hibernate.jpa.conf.settings.internal.ValidatorFactorySettingSupplier
07:28:41.070 [main] DEBUG io.micronaut.context.DefaultBeanContext --   class io.micronaut.configuration.hibernate.jpa.conf.settings.internal.MicronautContainerSettingsSupplier null Definition: io.micronaut.configuration.hibernate.jpa.conf.settings.internal.MicronautContainerSettingsSupplier
07:28:41.070 [main] DEBUG io.micronaut.core.reflect.ClassUtils -- Attempting to dynamically load class io.micronaut.context.annotation.Prototype
07:28:41.070 [main] DEBUG io.micronaut.core.reflect.ClassUtils -- Successfully loaded class io.micronaut.context.annotation.Prototype
07:28:41.070 [main] DEBUG io.micronaut.context.DefaultBeanContext -- Finding candidate beans for type: BeanProvider dataSourceBeanProvider
07:28:41.070 [main] DEBUG io.micronaut.context.DefaultBeanContext --   interface io.micronaut.context.BeanProvider null io.micronaut.inject.provider.BeanProviderDefinition@3525cef9
07:28:41.070 [main] DEBUG io.micronaut.context.DefaultBeanContext -- Found concrete candidate [io.micronaut.inject.provider.BeanProviderDefinition@3525cef9] for type: dataSourceBeanProvider 
07:28:41.070 [main] DEBUG io.micronaut.context.lifecycle -- Created bean [io.micronaut.inject.provider.BeanProviderDefinition$1@5a411614] from definition [io.micronaut.inject.provider.BeanProviderDefinition@3525cef9] with qualifier [null]
07:28:41.070 [main] DEBUG io.micronaut.context.DefaultBeanContext -- Finding candidate beans for type: DataSourceResolver dataSourceResolver
07:28:41.071 [main] DEBUG io.micronaut.context.DefaultBeanContext --   class io.micronaut.data.connection.jdbc.DelegatingDataSourceResolver null Definition: io.micronaut.data.connection.jdbc.DelegatingDataSourceResolver
07:28:41.071 [main] DEBUG io.micronaut.context.DefaultBeanContext -- Found concrete candidate [Definition: io.micronaut.data.connection.jdbc.DelegatingDataSourceResolver] for type: dataSourceResolver 
07:28:41.073 [main] DEBUG io.micronaut.context.lifecycle -- Created bean [io.micronaut.data.connection.jdbc.DelegatingDataSourceResolver@38f116f6] from definition [Definition: io.micronaut.data.connection.jdbc.DelegatingDataSourceResolver] with qualifier [null]
07:28:41.074 [main] DEBUG io.micronaut.context.lifecycle -- Created bean [io.micronaut.configuration.hibernate.jpa.conf.settings.internal.DataSourceSettingSupplier@5286c33a] from definition [Definition: io.micronaut.configuration.hibernate.jpa.conf.settings.internal.DataSourceSettingSupplier] with qualifier [null]
07:28:41.074 [main] DEBUG io.micronaut.context.DefaultBeanContext -- Found a registration BeanRegistration: io.micronaut.configuration.hibernate.jpa.conf.settings.internal.DataSourceSettingSupplier@5286c33a for candidate: Definition: io.micronaut.configuration.hibernate.jpa.conf.settings.internal.DataSourceSettingSupplier with qualifier: null
07:28:41.074 [main] DEBUG io.micronaut.core.reflect.ClassUtils -- Attempting to dynamically load class io.micronaut.context.annotation.Prototype
07:28:41.074 [main] DEBUG io.micronaut.core.reflect.ClassUtils -- Successfully loaded class io.micronaut.context.annotation.Prototype
07:28:41.074 [main] DEBUG io.micronaut.context.DefaultBeanContext -- Finding candidate beans for type: BeanProvider provider
07:28:41.074 [main] DEBUG io.micronaut.context.DefaultBeanContext --   interface io.micronaut.context.BeanProvider null io.micronaut.inject.provider.BeanProviderDefinition@3525cef9
07:28:41.074 [main] DEBUG io.micronaut.context.DefaultBeanContext -- Found concrete candidate [io.micronaut.inject.provider.BeanProviderDefinition@3525cef9] for type: provider 
07:28:41.074 [main] DEBUG io.micronaut.context.lifecycle -- Created bean [io.micronaut.inject.provider.BeanProviderDefinition$1@6c25e6c4] from definition [io.micronaut.inject.provider.BeanProviderDefinition@3525cef9] with qualifier [null]
07:28:41.074 [main] DEBUG io.micronaut.context.lifecycle -- Created bean [io.micronaut.configuration.hibernate.jpa.conf.settings.internal.CurrentSessionContextClassSettingSupplier@85e6769] from definition [Definition: io.micronaut.configuration.hibernate.jpa.conf.settings.internal.CurrentSessionContextClassSettingSupplier] with qualifier [null]
07:28:41.074 [main] DEBUG io.micronaut.context.DefaultBeanContext -- Found a registration BeanRegistration: io.micronaut.configuration.hibernate.jpa.conf.settings.internal.CurrentSessionContextClassSettingSupplier@85e6769 for candidate: Definition: io.micronaut.configuration.hibernate.jpa.conf.settings.internal.CurrentSessionContextClassSettingSupplier with qualifier: null
07:28:41.074 [main] DEBUG io.micronaut.core.reflect.ClassUtils -- Attempting to dynamically load class io.micronaut.context.annotation.Prototype
07:28:41.074 [main] DEBUG io.micronaut.core.reflect.ClassUtils -- Successfully loaded class io.micronaut.context.annotation.Prototype
07:28:41.075 [main] DEBUG io.micronaut.context.lifecycle -- Created bean [io.micronaut.configuration.hibernate.jpa.conf.settings.internal.ValidatorFactorySettingSupplier@48a12036] from definition [Definition: io.micronaut.configuration.hibernate.jpa.conf.settings.internal.ValidatorFactorySettingSupplier] with qualifier [null]
07:28:41.075 [main] DEBUG io.micronaut.context.DefaultBeanContext -- Found a registration BeanRegistration: io.micronaut.configuration.hibernate.jpa.conf.settings.internal.ValidatorFactorySettingSupplier@48a12036 for candidate: Definition: io.micronaut.configuration.hibernate.jpa.conf.settings.internal.ValidatorFactorySettingSupplier with qualifier: null
07:28:41.075 [main] DEBUG io.micronaut.core.reflect.ClassUtils -- Attempting to dynamically load class io.micronaut.context.annotation.Prototype
07:28:41.075 [main] DEBUG io.micronaut.core.reflect.ClassUtils -- Successfully loaded class io.micronaut.context.annotation.Prototype
07:28:41.075 [main] DEBUG io.micronaut.context.lifecycle -- Created bean [io.micronaut.configuration.hibernate.jpa.conf.settings.internal.MicronautContainerSettingsSupplier@70efb718] from definition [Definition: io.micronaut.configuration.hibernate.jpa.conf.settings.internal.MicronautContainerSettingsSupplier] with qualifier [null]
07:28:41.075 [main] DEBUG io.micronaut.context.DefaultBeanContext -- Found a registration BeanRegistration: io.micronaut.configuration.hibernate.jpa.conf.settings.internal.MicronautContainerSettingsSupplier@70efb718 for candidate: Definition: io.micronaut.configuration.hibernate.jpa.conf.settings.internal.MicronautContainerSettingsSupplier with qualifier: null
07:28:41.075 [main] DEBUG io.micronaut.context.DefaultBeanContext -- Found 4 bean registrations for type [E]
07:28:41.075 [main] DEBUG io.micronaut.context.DefaultBeanContext --   Definition: io.micronaut.configuration.hibernate.jpa.conf.settings.internal.CurrentSessionContextClassSettingSupplier null
07:28:41.075 [main] DEBUG io.micronaut.context.DefaultBeanContext --   Definition: io.micronaut.configuration.hibernate.jpa.conf.settings.internal.MicronautContainerSettingsSupplier null
07:28:41.075 [main] DEBUG io.micronaut.context.DefaultBeanContext --   Definition: io.micronaut.configuration.hibernate.jpa.conf.settings.internal.ValidatorFactorySettingSupplier null
07:28:41.075 [main] DEBUG io.micronaut.context.DefaultBeanContext --   Definition: io.micronaut.configuration.hibernate.jpa.conf.settings.internal.DataSourceSettingSupplier null
07:28:41.075 [main] DEBUG io.micronaut.context.lifecycle -- Created bean [io.micronaut.configuration.hibernate.jpa.conf.serviceregistry.builder.configures.internal.SettingsConfigurer@b70da4c] from definition [Definition: io.micronaut.configuration.hibernate.jpa.conf.serviceregistry.builder.configures.internal.SettingsConfigurer] with qualifier [null]
07:28:41.075 [main] DEBUG io.micronaut.context.DefaultBeanContext -- Found a registration BeanRegistration: io.micronaut.configuration.hibernate.jpa.conf.serviceregistry.builder.configures.internal.SettingsConfigurer@b70da4c for candidate: Definition: io.micronaut.configuration.hibernate.jpa.conf.serviceregistry.builder.configures.internal.SettingsConfigurer with qualifier: null
07:28:41.076 [main] DEBUG io.micronaut.core.reflect.ClassUtils -- Attempting to dynamically load class io.micronaut.context.annotation.Prototype
07:28:41.076 [main] DEBUG io.micronaut.core.reflect.ClassUtils -- Successfully loaded class io.micronaut.context.annotation.Prototype
07:28:41.076 [main] DEBUG io.micronaut.context.lifecycle -- Created bean [io.micronaut.transaction.hibernate.BeanContextServiceConfigurer@4e858e0a] from definition [Definition: io.micronaut.transaction.hibernate.BeanContextServiceConfigurer] with qualifier [null]
07:28:41.076 [main] DEBUG io.micronaut.context.DefaultBeanContext -- Found a registration BeanRegistration: io.micronaut.transaction.hibernate.BeanContextServiceConfigurer@4e858e0a for candidate: Definition: io.micronaut.transaction.hibernate.BeanContextServiceConfigurer with qualifier: null
07:28:41.076 [main] DEBUG io.micronaut.context.DefaultBeanContext -- Found 3 bean registrations for type [E]
07:28:41.076 [main] DEBUG io.micronaut.context.DefaultBeanContext --   Definition: io.micronaut.configuration.hibernate.jpa.conf.serviceregistry.builder.configures.internal.CompileProxyConfigurer null
07:28:41.076 [main] DEBUG io.micronaut.context.DefaultBeanContext --   Definition: io.micronaut.configuration.hibernate.jpa.conf.serviceregistry.builder.configures.internal.SettingsConfigurer null
07:28:41.076 [main] DEBUG io.micronaut.context.DefaultBeanContext --   Definition: io.micronaut.transaction.hibernate.BeanContextServiceConfigurer null
07:28:41.076 [main] DEBUG io.micronaut.context.DefaultBeanContext -- Finding candidate beans for type: JpaConfiguration jpaConfiguration
07:28:41.077 [main] DEBUG io.micronaut.context.DefaultBeanContext --   class io.micronaut.configuration.hibernate.jpa.JpaConfiguration @Named('default') Definition: io.micronaut.configuration.hibernate.jpa.JpaConfiguration
07:28:41.077 [main] DEBUG io.micronaut.context.DefaultBeanContext -- Found concrete candidate [Definition: io.micronaut.configuration.hibernate.jpa.JpaConfiguration] for type: jpaConfiguration 
07:28:41.078 [main] DEBUG io.micronaut.context.DefaultBeanContext -- Finding candidate beans for type: EntityScanConfiguration entityScanConfiguration
07:28:41.080 [main] DEBUG io.micronaut.context.DefaultBeanContext -- No bean candidates found for type: EntityScanConfiguration entityScanConfiguration
07:28:41.082 [main] DEBUG io.micronaut.context.DefaultBeanContext -- Finding candidate beans for type: PhysicalNamingStrategy physicalNamingStrategy
07:28:41.083 [main] DEBUG io.micronaut.context.DefaultBeanContext --   class io.micronaut.data.hibernate.naming.DefaultPhysicalNamingStrategy null Definition: io.micronaut.data.hibernate.naming.DefaultPhysicalNamingStrategy
07:28:41.084 [main] DEBUG io.micronaut.context.DefaultBeanContext -- Found concrete candidate [Definition: io.micronaut.data.hibernate.naming.DefaultPhysicalNamingStrategy] for type: physicalNamingStrategy 
07:28:41.084 [main] DEBUG io.micronaut.context.lifecycle -- Created bean [io.micronaut.data.hibernate.naming.DefaultPhysicalNamingStrategy@7096b474] from definition [Definition: io.micronaut.data.hibernate.naming.DefaultPhysicalNamingStrategy] with qualifier [null]
07:28:41.084 [main] DEBUG io.micronaut.context.lifecycle -- Created bean [io.micronaut.data.hibernate.naming.PhysicalNamingStrategyConfiguration@3e14c16d] from definition [Definition: io.micronaut.data.hibernate.naming.PhysicalNamingStrategyConfiguration] with qualifier [null]
07:28:41.084 [main] DEBUG io.micronaut.context.lifecycle -- Created bean [io.micronaut.configuration.hibernate.jpa.JpaConfiguration@3c989952] from definition [Definition: io.micronaut.configuration.hibernate.jpa.JpaConfiguration] with qualifier [@Named('default')]
07:28:41.084 [main] DEBUG io.micronaut.context.lifecycle -- Created bean [io.micronaut.configuration.hibernate.jpa.conf.SessionFactoryPerDataSourceFactory@784b990c] from definition [Definition: io.micronaut.configuration.hibernate.jpa.conf.SessionFactoryPerDataSourceFactory] with qualifier [null]
07:28:41.085 [main] DEBUG io.micronaut.context.DefaultBeanContext -- Finding candidate beans for type: SessionFactoryBuilder sessionFactoryBuilder
07:28:41.085 [main] DEBUG io.micronaut.context.DefaultBeanContext -- Finding candidate beans for type: Metadata
07:28:41.085 [main] DEBUG io.micronaut.context.DefaultBeanContext -- Finding candidate beans for type: MetadataSources
07:28:41.086 [main] DEBUG io.micronaut.context.DefaultBeanContext -- Finding candidate beans for type: ServiceRegistry
07:28:41.086 [main] DEBUG io.micronaut.context.DefaultBeanContext -- Finding candidate beans for type: DataSource
07:28:41.086 [main] DEBUG io.micronaut.context.DefaultBeanContext -- Finding candidate beans for type: DatasourceConfiguration
07:28:41.087 [main] DEBUG io.micronaut.context.DefaultBeanContext --   class io.micronaut.configuration.jdbc.hikari.DatasourceConfiguration @Named('default') Definition: io.micronaut.configuration.jdbc.hikari.DatasourceConfiguration
07:28:41.087 [main] DEBUG io.micronaut.context.DefaultBeanContext --   interface javax.sql.DataSource @Named('default') Definition: io.micronaut.configuration.jdbc.hikari.DatasourceFactory
07:28:41.087 [main] DEBUG io.micronaut.core.reflect.ClassUtils -- Attempting to dynamically load class org.hibernate.reactive.provider.ReactiveServiceRegistryBuilder
07:28:41.087 [main] DEBUG io.micronaut.core.reflect.ClassUtils -- Class org.hibernate.reactive.provider.ReactiveServiceRegistryBuilder is not present
07:28:41.087 [main] DEBUG io.micronaut.context.DefaultBeanContext --   interface org.hibernate.service.ServiceRegistry @Named('default') Definition: io.micronaut.configuration.hibernate.jpa.conf.SessionFactoryPerDataSourceFactory
07:28:41.087 [main] DEBUG io.micronaut.core.reflect.ClassUtils -- Attempting to dynamically load class org.hibernate.reactive.provider.ReactiveServiceRegistryBuilder
07:28:41.087 [main] DEBUG io.micronaut.core.reflect.ClassUtils -- Class org.hibernate.reactive.provider.ReactiveServiceRegistryBuilder is not present
07:28:41.087 [main] DEBUG io.micronaut.context.DefaultBeanContext --   class org.hibernate.boot.MetadataSources @Named('default') Definition: io.micronaut.configuration.hibernate.jpa.conf.SessionFactoryPerDataSourceFactory
07:28:41.087 [main] DEBUG io.micronaut.core.reflect.ClassUtils -- Attempting to dynamically load class org.hibernate.reactive.provider.ReactiveServiceRegistryBuilder
07:28:41.087 [main] DEBUG io.micronaut.core.reflect.ClassUtils -- Class org.hibernate.reactive.provider.ReactiveServiceRegistryBuilder is not present
07:28:41.087 [main] DEBUG io.micronaut.context.DefaultBeanContext --   interface org.hibernate.boot.Metadata @Named('default') Definition: io.micronaut.configuration.hibernate.jpa.conf.SessionFactoryPerDataSourceFactory
07:28:41.087 [main] DEBUG io.micronaut.core.reflect.ClassUtils -- Attempting to dynamically load class org.hibernate.reactive.provider.ReactiveServiceRegistryBuilder
07:28:41.087 [main] DEBUG io.micronaut.core.reflect.ClassUtils -- Class org.hibernate.reactive.provider.ReactiveServiceRegistryBuilder is not present
07:28:41.087 [main] DEBUG io.micronaut.context.DefaultBeanContext --   interface org.hibernate.boot.SessionFactoryBuilder @Named('default') Definition: io.micronaut.configuration.hibernate.jpa.conf.SessionFactoryPerDataSourceFactory
07:28:41.087 [main] DEBUG io.micronaut.context.DefaultBeanContext -- Qualifying bean [sessionFactoryBuilder] for qualifier: @Named('default') 
07:28:41.088 [main] DEBUG io.micronaut.context.DefaultBeanContext -- Found concrete candidate [Definition: io.micronaut.configuration.hibernate.jpa.conf.SessionFactoryPerDataSourceFactory] for type: @Named('default') sessionFactoryBuilder 
07:28:41.089 [main] DEBUG io.micronaut.context.DefaultBeanContext -- Finding candidate beans for type: SessionFactoryPerDataSourceFactory
07:28:41.089 [main] DEBUG io.micronaut.context.DefaultBeanContext --   class io.micronaut.configuration.hibernate.jpa.conf.SessionFactoryPerDataSourceFactory null Definition: io.micronaut.configuration.hibernate.jpa.conf.SessionFactoryPerDataSourceFactory
07:28:41.089 [main] DEBUG io.micronaut.context.DefaultBeanContext -- Found concrete candidate [Definition: io.micronaut.configuration.hibernate.jpa.conf.SessionFactoryPerDataSourceFactory] for type: sessionFactoryPerDataSourceFactory 
07:28:41.089 [main] DEBUG io.micronaut.context.DefaultBeanContext -- Finding candidate beans for type: Metadata metadata
07:28:41.090 [main] DEBUG io.micronaut.context.DefaultBeanContext -- Finding candidate beans for type: MetadataSources
07:28:41.090 [main] DEBUG io.micronaut.context.DefaultBeanContext -- Finding candidate beans for type: ServiceRegistry
07:28:41.090 [main] DEBUG io.micronaut.context.DefaultBeanContext -- Finding candidate beans for type: DataSource
07:28:41.090 [main] DEBUG io.micronaut.context.DefaultBeanContext -- Finding candidate beans for type: DatasourceConfiguration
07:28:41.091 [main] DEBUG io.micronaut.context.DefaultBeanContext --   class io.micronaut.configuration.jdbc.hikari.DatasourceConfiguration @Named('default') Definition: io.micronaut.configuration.jdbc.hikari.DatasourceConfiguration
07:28:41.091 [main] DEBUG io.micronaut.context.DefaultBeanContext --   interface javax.sql.DataSource @Named('default') Definition: io.micronaut.configuration.jdbc.hikari.DatasourceFactory
07:28:41.091 [main] DEBUG io.micronaut.core.reflect.ClassUtils -- Attempting to dynamically load class org.hibernate.reactive.provider.ReactiveServiceRegistryBuilder
07:28:41.091 [main] DEBUG io.micronaut.core.reflect.ClassUtils -- Class org.hibernate.reactive.provider.ReactiveServiceRegistryBuilder is not present
07:28:41.091 [main] DEBUG io.micronaut.context.DefaultBeanContext --   interface org.hibernate.service.ServiceRegistry @Named('default') Definition: io.micronaut.configuration.hibernate.jpa.conf.SessionFactoryPerDataSourceFactory
07:28:41.091 [main] DEBUG io.micronaut.core.reflect.ClassUtils -- Attempting to dynamically load class org.hibernate.reactive.provider.ReactiveServiceRegistryBuilder
07:28:41.091 [main] DEBUG io.micronaut.core.reflect.ClassUtils -- Class org.hibernate.reactive.provider.ReactiveServiceRegistryBuilder is not present
07:28:41.091 [main] DEBUG io.micronaut.context.DefaultBeanContext --   class org.hibernate.boot.MetadataSources @Named('default') Definition: io.micronaut.configuration.hibernate.jpa.conf.SessionFactoryPerDataSourceFactory
07:28:41.091 [main] DEBUG io.micronaut.core.reflect.ClassUtils -- Attempting to dynamically load class org.hibernate.reactive.provider.ReactiveServiceRegistryBuilder
07:28:41.091 [main] DEBUG io.micronaut.core.reflect.ClassUtils -- Class org.hibernate.reactive.provider.ReactiveServiceRegistryBuilder is not present
07:28:41.091 [main] DEBUG io.micronaut.context.DefaultBeanContext --   interface org.hibernate.boot.Metadata @Named('default') Definition: io.micronaut.configuration.hibernate.jpa.conf.SessionFactoryPerDataSourceFactory
07:28:41.091 [main] DEBUG io.micronaut.context.DefaultBeanContext -- Qualifying bean [metadata] for qualifier: @Named('default') 
07:28:41.091 [main] DEBUG io.micronaut.context.DefaultBeanContext -- Found concrete candidate [Definition: io.micronaut.configuration.hibernate.jpa.conf.SessionFactoryPerDataSourceFactory] for type: @Named('default') metadata 
07:28:41.092 [main] DEBUG io.micronaut.context.DefaultBeanContext -- Finding candidate beans for type: MetadataSources metadataSources
07:28:41.092 [main] DEBUG io.micronaut.context.DefaultBeanContext -- Finding candidate beans for type: ServiceRegistry
07:28:41.092 [main] DEBUG io.micronaut.context.DefaultBeanContext -- Finding candidate beans for type: DataSource
07:28:41.092 [main] DEBUG io.micronaut.context.DefaultBeanContext -- Finding candidate beans for type: DatasourceConfiguration
07:28:41.093 [main] DEBUG io.micronaut.context.DefaultBeanContext --   class io.micronaut.configuration.jdbc.hikari.DatasourceConfiguration @Named('default') Definition: io.micronaut.configuration.jdbc.hikari.DatasourceConfiguration
07:28:41.093 [main] DEBUG io.micronaut.context.DefaultBeanContext --   interface javax.sql.DataSource @Named('default') Definition: io.micronaut.configuration.jdbc.hikari.DatasourceFactory
07:28:41.093 [main] DEBUG io.micronaut.core.reflect.ClassUtils -- Attempting to dynamically load class org.hibernate.reactive.provider.ReactiveServiceRegistryBuilder
07:28:41.093 [main] DEBUG io.micronaut.core.reflect.ClassUtils -- Class org.hibernate.reactive.provider.ReactiveServiceRegistryBuilder is not present
07:28:41.093 [main] DEBUG io.micronaut.context.DefaultBeanContext --   interface org.hibernate.service.ServiceRegistry @Named('default') Definition: io.micronaut.configuration.hibernate.jpa.conf.SessionFactoryPerDataSourceFactory
07:28:41.093 [main] DEBUG io.micronaut.core.reflect.ClassUtils -- Attempting to dynamically load class org.hibernate.reactive.provider.ReactiveServiceRegistryBuilder
07:28:41.093 [main] DEBUG io.micronaut.core.reflect.ClassUtils -- Class org.hibernate.reactive.provider.ReactiveServiceRegistryBuilder is not present
07:28:41.093 [main] DEBUG io.micronaut.context.DefaultBeanContext --   class org.hibernate.boot.MetadataSources @Named('default') Definition: io.micronaut.configuration.hibernate.jpa.conf.SessionFactoryPerDataSourceFactory
07:28:41.093 [main] DEBUG io.micronaut.context.DefaultBeanContext -- Qualifying bean [metadataSources] for qualifier: @Named('default') 
07:28:41.093 [main] DEBUG io.micronaut.context.DefaultBeanContext -- Found concrete candidate [Definition: io.micronaut.configuration.hibernate.jpa.conf.SessionFactoryPerDataSourceFactory] for type: @Named('default') metadataSources 
07:28:41.093 [main] DEBUG io.micronaut.context.DefaultBeanContext -- Finding candidate beans for type: ServiceRegistry serviceRegistry
07:28:41.094 [main] DEBUG io.micronaut.context.DefaultBeanContext -- Finding candidate beans for type: DataSource
07:28:41.094 [main] DEBUG io.micronaut.context.DefaultBeanContext -- Finding candidate beans for type: DatasourceConfiguration
07:28:41.094 [main] DEBUG io.micronaut.context.DefaultBeanContext --   class io.micronaut.configuration.jdbc.hikari.DatasourceConfiguration @Named('default') Definition: io.micronaut.configuration.jdbc.hikari.DatasourceConfiguration
07:28:41.094 [main] DEBUG io.micronaut.context.DefaultBeanContext --   interface javax.sql.DataSource @Named('default') Definition: io.micronaut.configuration.jdbc.hikari.DatasourceFactory
07:28:41.094 [main] DEBUG io.micronaut.core.reflect.ClassUtils -- Attempting to dynamically load class org.hibernate.reactive.provider.ReactiveServiceRegistryBuilder
07:28:41.094 [main] DEBUG io.micronaut.core.reflect.ClassUtils -- Class org.hibernate.reactive.provider.ReactiveServiceRegistryBuilder is not present
07:28:41.094 [main] DEBUG io.micronaut.context.DefaultBeanContext --   interface org.hibernate.service.ServiceRegistry @Named('default') Definition: io.micronaut.configuration.hibernate.jpa.conf.SessionFactoryPerDataSourceFactory
07:28:41.094 [main] DEBUG io.micronaut.context.DefaultBeanContext -- Qualifying bean [serviceRegistry] for qualifier: @Named('default') 
07:28:41.094 [main] DEBUG io.micronaut.context.DefaultBeanContext -- Found concrete candidate [Definition: io.micronaut.configuration.hibernate.jpa.conf.SessionFactoryPerDataSourceFactory] for type: @Named('default') serviceRegistry 
07:28:41.098 [main] INFO org.hibernate.Version -- HHH000412: Hibernate ORM core version 6.4.8.Final
07:28:41.099 [main] DEBUG org.hibernate.cfg.Environment -- HHH000206: 'hibernate.properties' not found
07:28:41.110 [main] DEBUG io.micronaut.context.DefaultBeanContext -- Finding candidate beans for type: HibernateCurrentSessionContextClassProvider T
07:28:41.111 [main] DEBUG io.micronaut.context.DefaultBeanContext -- No bean candidates found for type: HibernateCurrentSessionContextClassProvider T
07:28:41.112 [main] DEBUG io.micronaut.context.DefaultBeanContext -- Finding candidate beans for type: DataSource T
07:28:41.112 [main] DEBUG io.micronaut.context.DefaultBeanContext -- Finding candidate beans for type: DatasourceConfiguration
07:28:41.113 [main] DEBUG io.micronaut.context.DefaultBeanContext --   class io.micronaut.configuration.jdbc.hikari.DatasourceConfiguration @Named('default') Definition: io.micronaut.configuration.jdbc.hikari.DatasourceConfiguration
07:28:41.113 [main] DEBUG io.micronaut.context.DefaultBeanContext --   interface javax.sql.DataSource @Named('default') Definition: io.micronaut.configuration.jdbc.hikari.DatasourceFactory
07:28:41.113 [main] DEBUG io.micronaut.context.DefaultBeanContext -- Qualifying bean [T] for qualifier: @Named('default') 
07:28:41.113 [main] DEBUG io.micronaut.context.DefaultBeanContext -- Found concrete candidate [Definition: io.micronaut.configuration.jdbc.hikari.DatasourceFactory] for type: @Named('default') T 
07:28:41.113 [main] DEBUG io.micronaut.context.DefaultBeanContext -- Finding candidate beans for type: DatasourceFactory
07:28:41.114 [main] DEBUG io.micronaut.context.DefaultBeanContext --   class io.micronaut.configuration.jdbc.hikari.DatasourceFactory null Definition: io.micronaut.configuration.jdbc.hikari.DatasourceFactory
07:28:41.114 [main] DEBUG io.micronaut.context.DefaultBeanContext -- Found concrete candidate [Definition: io.micronaut.configuration.jdbc.hikari.DatasourceFactory] for type: datasourceFactory 
07:28:41.114 [main] DEBUG io.micronaut.context.lifecycle -- Created bean [io.micronaut.configuration.jdbc.hikari.DatasourceFactory@16ecee1] from definition [Definition: io.micronaut.configuration.jdbc.hikari.DatasourceFactory] with qualifier [null]
07:28:41.114 [main] DEBUG io.micronaut.context.DefaultBeanContext -- Finding candidate beans for type: DatasourceConfiguration datasourceConfiguration
07:28:41.114 [main] DEBUG io.micronaut.context.DefaultBeanContext --   class io.micronaut.configuration.jdbc.hikari.DatasourceConfiguration @Named('default') Definition: io.micronaut.configuration.jdbc.hikari.DatasourceConfiguration
07:28:41.114 [main] DEBUG io.micronaut.context.DefaultBeanContext -- Qualifying bean [datasourceConfiguration] for qualifier: @Named('default') 
07:28:41.114 [main] DEBUG io.micronaut.context.DefaultBeanContext -- Found concrete candidate [Definition: io.micronaut.configuration.jdbc.hikari.DatasourceConfiguration] for type: @Named('default') datasourceConfiguration 
07:28:41.117 [main] DEBUG io.micronaut.core.reflect.ClassUtils -- Attempting to dynamically load class org.h2.Driver
07:28:41.118 [main] DEBUG io.micronaut.core.reflect.ClassUtils -- Successfully loaded class org.h2.Driver
07:28:41.119 [main] DEBUG com.zaxxer.hikari.HikariConfig -- Driver class org.h2.Driver found in Thread context class loader jdk.internal.loader.ClassLoaders$AppClassLoader@30946e09
07:28:41.119 [main] DEBUG io.micronaut.context.lifecycle -- Created bean [io.micronaut.configuration.jdbc.hikari.DatasourceConfiguration@60f7cc1d] from definition [Definition: io.micronaut.configuration.jdbc.hikari.DatasourceConfiguration] with qualifier [@Named('default')]
07:28:41.121 [main] DEBUG com.zaxxer.hikari.HikariConfig -- HikariPool-1 - configuration:
07:28:41.127 [main] DEBUG com.zaxxer.hikari.HikariConfig -- allowPoolSuspension.............false
07:28:41.127 [main] DEBUG com.zaxxer.hikari.HikariConfig -- autoCommit......................true
07:28:41.127 [main] DEBUG com.zaxxer.hikari.HikariConfig -- catalog.........................none
07:28:41.128 [main] DEBUG com.zaxxer.hikari.HikariConfig -- connectionInitSql...............none
07:28:41.128 [main] DEBUG com.zaxxer.hikari.HikariConfig -- connectionTestQuery............."SELECT 1"
07:28:41.128 [main] DEBUG com.zaxxer.hikari.HikariConfig -- connectionTimeout...............30000
07:28:41.128 [main] DEBUG com.zaxxer.hikari.HikariConfig -- dataSource......................none
07:28:41.128 [main] DEBUG com.zaxxer.hikari.HikariConfig -- dataSourceClassName.............none
07:28:41.128 [main] DEBUG com.zaxxer.hikari.HikariConfig -- dataSourceJNDI..................none
07:28:41.129 [main] DEBUG com.zaxxer.hikari.HikariConfig -- dataSourceProperties............{password=<masked>}
07:28:41.129 [main] DEBUG io.micronaut.core.reflect.ClassUtils -- Attempting to dynamically load class org.h2.Driver
07:28:41.129 [main] DEBUG io.micronaut.core.reflect.ClassUtils -- Successfully loaded class org.h2.Driver
07:28:41.129 [main] DEBUG com.zaxxer.hikari.HikariConfig -- driverClassName................."org.h2.Driver"
07:28:41.129 [main] DEBUG com.zaxxer.hikari.HikariConfig -- exceptionOverrideClassName......none
07:28:41.129 [main] DEBUG com.zaxxer.hikari.HikariConfig -- healthCheckProperties...........{}
07:28:41.129 [main] DEBUG com.zaxxer.hikari.HikariConfig -- healthCheckRegistry.............none
07:28:41.129 [main] DEBUG com.zaxxer.hikari.HikariConfig -- idleTimeout.....................600000
07:28:41.129 [main] DEBUG com.zaxxer.hikari.HikariConfig -- initializationFailTimeout.......1
07:28:41.130 [main] DEBUG com.zaxxer.hikari.HikariConfig -- isolateInternalQueries..........false
07:28:41.130 [main] DEBUG com.zaxxer.hikari.HikariConfig -- jdbcUrl.........................jdbc:h2:mem:testDb;DB_CLOSE_DELAY=-1;DB_CLOSE_ON_EXIT=FALSE
07:28:41.130 [main] DEBUG com.zaxxer.hikari.HikariConfig -- keepaliveTime...................0
07:28:41.130 [main] DEBUG com.zaxxer.hikari.HikariConfig -- leakDetectionThreshold..........0
07:28:41.130 [main] DEBUG com.zaxxer.hikari.HikariConfig -- maxLifetime.....................1800000
07:28:41.130 [main] DEBUG com.zaxxer.hikari.HikariConfig -- maximumPoolSize.................10
07:28:41.130 [main] DEBUG com.zaxxer.hikari.HikariConfig -- metricRegistry..................none
07:28:41.130 [main] DEBUG com.zaxxer.hikari.HikariConfig -- metricsTrackerFactory...........none
07:28:41.130 [main] DEBUG com.zaxxer.hikari.HikariConfig -- minimumIdle.....................10
07:28:41.130 [main] DEBUG io.micronaut.core.reflect.ClassUtils -- Attempting to dynamically load class org.h2.Driver
07:28:41.131 [main] DEBUG io.micronaut.core.reflect.ClassUtils -- Successfully loaded class org.h2.Driver
07:28:41.131 [main] DEBUG com.zaxxer.hikari.HikariConfig -- password........................<masked>
07:28:41.131 [main] DEBUG com.zaxxer.hikari.HikariConfig -- poolName........................"HikariPool-1"
07:28:41.131 [main] DEBUG com.zaxxer.hikari.HikariConfig -- readOnly........................false
07:28:41.131 [main] DEBUG com.zaxxer.hikari.HikariConfig -- registerMbeans..................false
07:28:41.131 [main] DEBUG com.zaxxer.hikari.HikariConfig -- scheduledExecutor...............none
07:28:41.131 [main] DEBUG com.zaxxer.hikari.HikariConfig -- schema..........................none
07:28:41.131 [main] DEBUG com.zaxxer.hikari.HikariConfig -- threadFactory...................internal
07:28:41.131 [main] DEBUG com.zaxxer.hikari.HikariConfig -- transactionIsolation............default
07:28:41.132 [main] DEBUG com.zaxxer.hikari.HikariConfig -- username........................"sa"
07:28:41.132 [main] DEBUG com.zaxxer.hikari.HikariConfig -- validationTimeout...............5000
07:28:41.133 [main] INFO com.zaxxer.hikari.HikariDataSource -- HikariPool-1 - Starting...
07:28:41.290 [main] INFO com.zaxxer.hikari.pool.HikariPool -- HikariPool-1 - Added connection conn0: url=jdbc:h2:mem:testDb user=SA
07:28:41.292 [main] INFO com.zaxxer.hikari.HikariDataSource -- HikariPool-1 - Start completed.
07:28:41.292 [main] DEBUG io.micronaut.configuration.jdbc.hikari.DatasourceFactory -- Could not wire metrics to HikariCP as there is no class of type MeterRegistry on the classpath, io.micronaut.micrometer:micrometer-core library missing.
07:28:41.292 [main] DEBUG io.micronaut.context.lifecycle -- Created bean [io.micronaut.data.connection.jdbc.advice.ContextualAwareDataSource@15fc442] from definition [Definition: io.micronaut.data.connection.jdbc.advice.ContextualAwareDataSource] with qualifier [null]
07:28:41.293 [main] DEBUG io.micronaut.context.lifecycle -- Created bean [io.micronaut.data.connection.jdbc.advice.ContextualAwareDataSource$DataSourceProxy@219f4597] from definition [Definition: io.micronaut.configuration.jdbc.hikari.DatasourceFactory] with qualifier [@Named('default')]
07:28:41.294 [main] DEBUG io.micronaut.context.DefaultBeanContext -- Finding candidate beans for type: BeanProvider
07:28:41.294 [main] DEBUG io.micronaut.context.DefaultBeanContext --   interface io.micronaut.context.BeanProvider null io.micronaut.inject.provider.BeanProviderDefinition@3525cef9
07:28:41.294 [main] DEBUG io.micronaut.context.DefaultBeanContext -- Qualifying bean [beanProvider] for qualifier: @Named('default') 
07:28:41.294 [main] DEBUG io.micronaut.context.DefaultBeanContext -- Found concrete candidate [io.micronaut.inject.provider.BeanProviderDefinition@3525cef9] for type: @Named('default') beanProvider 
07:28:41.294 [main] DEBUG io.micronaut.context.lifecycle -- Created bean [io.micronaut.inject.provider.BeanProviderDefinition$1@771158fb] from definition [io.micronaut.inject.provider.BeanProviderDefinition@3525cef9] with qualifier [@Named('default')]
07:28:41.299 [main] DEBUG org.hibernate.service.spi.ServiceBinding -- Overriding existing service binding [io.micronaut.transaction.hibernate.ConnectionOperationsProviderService]
07:28:41.299 [main] DEBUG io.micronaut.context.lifecycle -- Created bean [org.hibernate.boot.registry.internal.StandardServiceRegistryImpl@7f34a967] from definition [Definition: io.micronaut.configuration.hibernate.jpa.conf.SessionFactoryPerDataSourceFactory] with qualifier [@Named('default')]
07:28:41.300 [main] DEBUG io.micronaut.context.lifecycle -- Created bean [org.hibernate.boot.MetadataSources@2fa3be26] from definition [Definition: io.micronaut.configuration.hibernate.jpa.conf.SessionFactoryPerDataSourceFactory] with qualifier [@Named('default')]
07:28:41.307 [main] DEBUG org.hibernate.orm.idgen.factory -- Ignoring CDI for resolving IdentifierGenerator instances as extended or delayed CDI support was enabled
07:28:41.309 [main] DEBUG org.hibernate.orm.idgen.factory -- Registering IdentifierGenerator strategy [uuid2] -> [org.hibernate.id.UUIDGenerator]
07:28:41.309 [main] DEBUG org.hibernate.orm.idgen.factory -- Registering IdentifierGenerator strategy [guid] -> [org.hibernate.id.GUIDGenerator]
07:28:41.309 [main] DEBUG org.hibernate.orm.idgen.factory -- Registering IdentifierGenerator strategy [uuid] -> [org.hibernate.id.UUIDHexGenerator]
07:28:41.309 [main] DEBUG org.hibernate.orm.idgen.factory -- Registering IdentifierGenerator strategy [uuid.hex] -> [org.hibernate.id.UUIDHexGenerator]
07:28:41.310 [main] DEBUG org.hibernate.orm.idgen.factory -- Registering IdentifierGenerator strategy [assigned] -> [org.hibernate.id.Assigned]
07:28:41.310 [main] DEBUG org.hibernate.orm.idgen.factory -- Registering IdentifierGenerator strategy [identity] -> [org.hibernate.id.IdentityGenerator]
07:28:41.310 [main] DEBUG org.hibernate.orm.idgen.factory -- Registering IdentifierGenerator strategy [select] -> [org.hibernate.id.SelectGenerator]
07:28:41.311 [main] DEBUG org.hibernate.orm.idgen.factory -- Registering IdentifierGenerator strategy [sequence] -> [org.hibernate.id.enhanced.SequenceStyleGenerator]
07:28:41.312 [main] DEBUG org.hibernate.orm.idgen.factory -- Registering IdentifierGenerator strategy [increment] -> [org.hibernate.id.IncrementGenerator]
07:28:41.312 [main] DEBUG org.hibernate.orm.idgen.factory -- Registering IdentifierGenerator strategy [foreign] -> [org.hibernate.id.ForeignGenerator]
07:28:41.312 [main] DEBUG org.hibernate.orm.idgen.factory -- Registering IdentifierGenerator strategy [enhanced-sequence] -> [org.hibernate.id.enhanced.SequenceStyleGenerator]
07:28:41.312 [main] DEBUG org.hibernate.orm.idgen.factory -- Registering IdentifierGenerator strategy [enhanced-table] -> [org.hibernate.id.enhanced.TableGenerator]
07:28:41.319 [main] DEBUG org.hibernate.cache.internal.RegionFactoryInitiator -- Cannot default RegionFactory based on registered strategies as `[]` RegionFactory strategies were registered
07:28:41.320 [main] INFO org.hibernate.cache.internal.RegionFactoryInitiator -- HHH000026: Second-level cache disabled
07:28:41.376 [main] DEBUG org.hibernate.type.BasicTypeRegistry -- Adding type registration boolean -> org.hibernate.type.BasicTypeReference@4e4c3a38
07:28:41.376 [main] DEBUG org.hibernate.type.BasicTypeRegistry -- Adding type registration boolean -> org.hibernate.type.BasicTypeReference@4e4c3a38
07:28:41.376 [main] DEBUG org.hibernate.type.BasicTypeRegistry -- Adding type registration java.lang.Boolean -> org.hibernate.type.BasicTypeReference@4e4c3a38
07:28:41.376 [main] DEBUG org.hibernate.type.BasicTypeRegistry -- Adding type registration numeric_boolean -> org.hibernate.type.BasicTypeReference@293cde83
07:28:41.376 [main] DEBUG org.hibernate.type.BasicTypeRegistry -- Adding type registration org.hibernate.type.NumericBooleanConverter -> org.hibernate.type.BasicTypeReference@293cde83
07:28:41.376 [main] DEBUG org.hibernate.type.BasicTypeRegistry -- Adding type registration true_false -> org.hibernate.type.BasicTypeReference@c27d163
07:28:41.376 [main] DEBUG org.hibernate.type.BasicTypeRegistry -- Adding type registration org.hibernate.type.TrueFalseConverter -> org.hibernate.type.BasicTypeReference@c27d163
07:28:41.376 [main] DEBUG org.hibernate.type.BasicTypeRegistry -- Adding type registration yes_no -> org.hibernate.type.BasicTypeReference@57c88764
07:28:41.376 [main] DEBUG org.hibernate.type.BasicTypeRegistry -- Adding type registration org.hibernate.type.YesNoConverter -> org.hibernate.type.BasicTypeReference@57c88764
07:28:41.376 [main] DEBUG org.hibernate.type.BasicTypeRegistry -- Adding type registration byte -> org.hibernate.type.BasicTypeReference@78faea5f
07:28:41.376 [main] DEBUG org.hibernate.type.BasicTypeRegistry -- Adding type registration byte -> org.hibernate.type.BasicTypeReference@78faea5f
07:28:41.376 [main] DEBUG org.hibernate.type.BasicTypeRegistry -- Adding type registration java.lang.Byte -> org.hibernate.type.BasicTypeReference@78faea5f
07:28:41.376 [main] DEBUG org.hibernate.type.BasicTypeRegistry -- Adding type registration binary -> org.hibernate.type.BasicTypeReference@37fdfb05
07:28:41.376 [main] DEBUG org.hibernate.type.BasicTypeRegistry -- Adding type registration byte[] -> org.hibernate.type.BasicTypeReference@37fdfb05
07:28:41.376 [main] DEBUG org.hibernate.type.BasicTypeRegistry -- Adding type registration [B -> org.hibernate.type.BasicTypeReference@37fdfb05
07:28:41.376 [main] DEBUG org.hibernate.type.BasicTypeRegistry -- Adding type registration binary_wrapper -> org.hibernate.type.BasicTypeReference@5e39850
07:28:41.376 [main] DEBUG org.hibernate.type.BasicTypeRegistry -- Adding type registration wrapper-binary -> org.hibernate.type.BasicTypeReference@5e39850
07:28:41.376 [main] DEBUG org.hibernate.type.BasicTypeRegistry -- Adding type registration image -> org.hibernate.type.BasicTypeReference@1603dc2f
07:28:41.376 [main] DEBUG org.hibernate.type.BasicTypeRegistry -- Adding type registration blob -> org.hibernate.type.BasicTypeReference@398474a2
07:28:41.376 [main] DEBUG org.hibernate.type.BasicTypeRegistry -- Adding type registration java.sql.Blob -> org.hibernate.type.BasicTypeReference@398474a2
07:28:41.376 [main] DEBUG org.hibernate.type.BasicTypeRegistry -- Adding type registration materialized_blob -> org.hibernate.type.BasicTypeReference@61799544
07:28:41.376 [main] DEBUG org.hibernate.type.BasicTypeRegistry -- Adding type registration materialized_blob_wrapper -> org.hibernate.type.BasicTypeReference@78c1a023
07:28:41.376 [main] DEBUG org.hibernate.type.BasicTypeRegistry -- Adding type registration short -> org.hibernate.type.BasicTypeReference@70abf9b0
07:28:41.376 [main] DEBUG org.hibernate.type.BasicTypeRegistry -- Adding type registration short -> org.hibernate.type.BasicTypeReference@70abf9b0
07:28:41.377 [main] DEBUG org.hibernate.type.BasicTypeRegistry -- Adding type registration java.lang.Short -> org.hibernate.type.BasicTypeReference@70abf9b0
07:28:41.377 [main] DEBUG org.hibernate.type.BasicTypeRegistry -- Adding type registration integer -> org.hibernate.type.BasicTypeReference@6a10b263
07:28:41.377 [main] DEBUG org.hibernate.type.BasicTypeRegistry -- Adding type registration int -> org.hibernate.type.BasicTypeReference@6a10b263
07:28:41.377 [main] DEBUG org.hibernate.type.BasicTypeRegistry -- Adding type registration java.lang.Integer -> org.hibernate.type.BasicTypeReference@6a10b263
07:28:41.377 [main] DEBUG org.hibernate.type.BasicTypeRegistry -- Adding type registration long -> org.hibernate.type.BasicTypeReference@476ec9d0
07:28:41.377 [main] DEBUG org.hibernate.type.BasicTypeRegistry -- Adding type registration long -> org.hibernate.type.BasicTypeReference@476ec9d0
07:28:41.377 [main] DEBUG org.hibernate.type.BasicTypeRegistry -- Adding type registration java.lang.Long -> org.hibernate.type.BasicTypeReference@476ec9d0
07:28:41.377 [main] DEBUG org.hibernate.type.BasicTypeRegistry -- Adding type registration float -> org.hibernate.type.BasicTypeReference@325bb9a6
07:28:41.377 [main] DEBUG org.hibernate.type.BasicTypeRegistry -- Adding type registration float -> org.hibernate.type.BasicTypeReference@325bb9a6
07:28:41.377 [main] DEBUG org.hibernate.type.BasicTypeRegistry -- Adding type registration java.lang.Float -> org.hibernate.type.BasicTypeReference@325bb9a6
07:28:41.377 [main] DEBUG org.hibernate.type.BasicTypeRegistry -- Adding type registration double -> org.hibernate.type.BasicTypeReference@1d12b024
07:28:41.377 [main] DEBUG org.hibernate.type.BasicTypeRegistry -- Adding type registration double -> org.hibernate.type.BasicTypeReference@1d12b024
07:28:41.377 [main] DEBUG org.hibernate.type.BasicTypeRegistry -- Adding type registration java.lang.Double -> org.hibernate.type.BasicTypeReference@1d12b024
07:28:41.377 [main] DEBUG org.hibernate.type.BasicTypeRegistry -- Adding type registration big_integer -> org.hibernate.type.BasicTypeReference@72fe8a4f
07:28:41.377 [main] DEBUG org.hibernate.type.BasicTypeRegistry -- Adding type registration java.math.BigInteger -> org.hibernate.type.BasicTypeReference@72fe8a4f
07:28:41.377 [main] DEBUG org.hibernate.type.BasicTypeRegistry -- Adding type registration big_decimal -> org.hibernate.type.BasicTypeReference@43effd89
07:28:41.377 [main] DEBUG org.hibernate.type.BasicTypeRegistry -- Adding type registration java.math.BigDecimal -> org.hibernate.type.BasicTypeReference@43effd89
07:28:41.377 [main] DEBUG org.hibernate.type.BasicTypeRegistry -- Adding type registration character -> org.hibernate.type.BasicTypeReference@2c16fadb
07:28:41.377 [main] DEBUG org.hibernate.type.BasicTypeRegistry -- Adding type registration char -> org.hibernate.type.BasicTypeReference@2c16fadb
07:28:41.377 [main] DEBUG org.hibernate.type.BasicTypeRegistry -- Adding type registration java.lang.Character -> org.hibernate.type.BasicTypeReference@2c16fadb
07:28:41.377 [main] DEBUG org.hibernate.type.BasicTypeRegistry -- Adding type registration character_nchar -> org.hibernate.type.BasicTypeReference@248deced
07:28:41.377 [main] DEBUG org.hibernate.type.BasicTypeRegistry -- Adding type registration string -> org.hibernate.type.BasicTypeReference@2227a6c1
07:28:41.377 [main] DEBUG org.hibernate.type.BasicTypeRegistry -- Adding type registration java.lang.String -> org.hibernate.type.BasicTypeReference@2227a6c1
07:28:41.377 [main] DEBUG org.hibernate.type.BasicTypeRegistry -- Adding type registration nstring -> org.hibernate.type.BasicTypeReference@1e9804b9
07:28:41.378 [main] DEBUG org.hibernate.type.BasicTypeRegistry -- Adding type registration characters -> org.hibernate.type.BasicTypeReference@543e593
07:28:41.378 [main] DEBUG org.hibernate.type.BasicTypeRegistry -- Adding type registration char[] -> org.hibernate.type.BasicTypeReference@543e593
07:28:41.378 [main] DEBUG org.hibernate.type.BasicTypeRegistry -- Adding type registration [C -> org.hibernate.type.BasicTypeReference@543e593
07:28:41.378 [main] DEBUG org.hibernate.type.BasicTypeRegistry -- Adding type registration wrapper-characters -> org.hibernate.type.BasicTypeReference@4e628b52
07:28:41.378 [main] DEBUG org.hibernate.type.BasicTypeRegistry -- Adding type registration text -> org.hibernate.type.BasicTypeReference@51ec2df1
07:28:41.378 [main] DEBUG org.hibernate.type.BasicTypeRegistry -- Adding type registration ntext -> org.hibernate.type.BasicTypeReference@f8f56b9
07:28:41.378 [main] DEBUG org.hibernate.type.BasicTypeRegistry -- Adding type registration clob -> org.hibernate.type.BasicTypeReference@15fa55a6
07:28:41.378 [main] DEBUG org.hibernate.type.BasicTypeRegistry -- Adding type registration java.sql.Clob -> org.hibernate.type.BasicTypeReference@15fa55a6
07:28:41.378 [main] DEBUG org.hibernate.type.BasicTypeRegistry -- Adding type registration nclob -> org.hibernate.type.BasicTypeReference@4f186450
07:28:41.378 [main] DEBUG org.hibernate.type.BasicTypeRegistry -- Adding type registration java.sql.NClob -> org.hibernate.type.BasicTypeReference@4f186450
07:28:41.378 [main] DEBUG org.hibernate.type.BasicTypeRegistry -- Adding type registration materialized_clob -> org.hibernate.type.BasicTypeReference@7fab4be7
07:28:41.378 [main] DEBUG org.hibernate.type.BasicTypeRegistry -- Adding type registration materialized_clob_char_array -> org.hibernate.type.BasicTypeReference@a64e035
07:28:41.378 [main] DEBUG org.hibernate.type.BasicTypeRegistry -- Adding type registration materialized_clob_character_array -> org.hibernate.type.BasicTypeReference@4d74c3ba
07:28:41.378 [main] DEBUG org.hibernate.type.BasicTypeRegistry -- Adding type registration materialized_nclob -> org.hibernate.type.BasicTypeReference@41c204a0
07:28:41.378 [main] DEBUG org.hibernate.type.BasicTypeRegistry -- Adding type registration materialized_nclob_character_array -> org.hibernate.type.BasicTypeReference@64138b0c
07:28:41.378 [main] DEBUG org.hibernate.type.BasicTypeRegistry -- Adding type registration materialized_nclob_char_array -> org.hibernate.type.BasicTypeReference@49dbaaf3
07:28:41.378 [main] DEBUG org.hibernate.type.BasicTypeRegistry -- Adding type registration Duration -> org.hibernate.type.BasicTypeReference@22d9c961
07:28:41.378 [main] DEBUG org.hibernate.type.BasicTypeRegistry -- Adding type registration java.time.Duration -> org.hibernate.type.BasicTypeReference@22d9c961
07:28:41.378 [main] DEBUG org.hibernate.type.BasicTypeRegistry -- Adding type registration LocalDateTime -> org.hibernate.type.BasicTypeReference@736f3e9e
07:28:41.378 [main] DEBUG org.hibernate.type.BasicTypeRegistry -- Adding type registration java.time.LocalDateTime -> org.hibernate.type.BasicTypeReference@736f3e9e
07:28:41.378 [main] DEBUG org.hibernate.type.BasicTypeRegistry -- Adding type registration LocalDate -> org.hibernate.type.BasicTypeReference@bdc8014
07:28:41.378 [main] DEBUG org.hibernate.type.BasicTypeRegistry -- Adding type registration java.time.LocalDate -> org.hibernate.type.BasicTypeReference@bdc8014
07:28:41.378 [main] DEBUG org.hibernate.type.BasicTypeRegistry -- Adding type registration LocalTime -> org.hibernate.type.BasicTypeReference@1f443fae
07:28:41.378 [main] DEBUG org.hibernate.type.BasicTypeRegistry -- Adding type registration java.time.LocalTime -> org.hibernate.type.BasicTypeReference@1f443fae
07:28:41.378 [main] DEBUG org.hibernate.type.BasicTypeRegistry -- Adding type registration OffsetDateTime -> org.hibernate.type.BasicTypeReference@73ba6fe6
07:28:41.378 [main] DEBUG org.hibernate.type.BasicTypeRegistry -- Adding type registration java.time.OffsetDateTime -> org.hibernate.type.BasicTypeReference@73ba6fe6
07:28:41.378 [main] DEBUG org.hibernate.type.BasicTypeRegistry -- Adding type registration OffsetDateTimeWithTimezone -> org.hibernate.type.BasicTypeReference@79ab34c1
07:28:41.379 [main] DEBUG org.hibernate.type.BasicTypeRegistry -- Adding type registration OffsetDateTimeWithoutTimezone -> org.hibernate.type.BasicTypeReference@1698d7c0
07:28:41.379 [main] DEBUG org.hibernate.type.BasicTypeRegistry -- Adding type registration OffsetTime -> org.hibernate.type.BasicTypeReference@281f23f2
07:28:41.379 [main] DEBUG org.hibernate.type.BasicTypeRegistry -- Adding type registration java.time.OffsetTime -> org.hibernate.type.BasicTypeReference@281f23f2
07:28:41.379 [main] DEBUG org.hibernate.type.BasicTypeRegistry -- Adding type registration OffsetTimeUtc -> org.hibernate.type.BasicTypeReference@87abc48
07:28:41.379 [main] DEBUG org.hibernate.type.BasicTypeRegistry -- Adding type registration OffsetTimeWithTimezone -> org.hibernate.type.BasicTypeReference@28d79cba
07:28:41.379 [main] DEBUG org.hibernate.type.BasicTypeRegistry -- Adding type registration OffsetTimeWithoutTimezone -> org.hibernate.type.BasicTypeReference@782168b7
07:28:41.379 [main] DEBUG org.hibernate.type.BasicTypeRegistry -- Adding type registration ZonedDateTime -> org.hibernate.type.BasicTypeReference@29f0c4f2
07:28:41.379 [main] DEBUG org.hibernate.type.BasicTypeRegistry -- Adding type registration java.time.ZonedDateTime -> org.hibernate.type.BasicTypeReference@29f0c4f2
07:28:41.379 [main] DEBUG org.hibernate.type.BasicTypeRegistry -- Adding type registration ZonedDateTimeWithTimezone -> org.hibernate.type.BasicTypeReference@7435a578
07:28:41.379 [main] DEBUG org.hibernate.type.BasicTypeRegistry -- Adding type registration ZonedDateTimeWithoutTimezone -> org.hibernate.type.BasicTypeReference@6093d508
07:28:41.379 [main] DEBUG org.hibernate.type.BasicTypeRegistry -- Adding type registration date -> org.hibernate.type.BasicTypeReference@13047d7d
07:28:41.379 [main] DEBUG org.hibernate.type.BasicTypeRegistry -- Adding type registration java.sql.Date -> org.hibernate.type.BasicTypeReference@13047d7d
07:28:41.379 [main] DEBUG org.hibernate.type.BasicTypeRegistry -- Adding type registration time -> org.hibernate.type.BasicTypeReference@3c7cfcbb
07:28:41.379 [main] DEBUG org.hibernate.type.BasicTypeRegistry -- Adding type registration java.sql.Time -> org.hibernate.type.BasicTypeReference@3c7cfcbb
07:28:41.379 [main] DEBUG org.hibernate.type.BasicTypeRegistry -- Adding type registration timestamp -> org.hibernate.type.BasicTypeReference@65bb9029
07:28:41.379 [main] DEBUG org.hibernate.type.BasicTypeRegistry -- Adding type registration java.sql.Timestamp -> org.hibernate.type.BasicTypeReference@65bb9029
07:28:41.379 [main] DEBUG org.hibernate.type.BasicTypeRegistry -- Adding type registration java.util.Date -> org.hibernate.type.BasicTypeReference@65bb9029
07:28:41.379 [main] DEBUG org.hibernate.type.BasicTypeRegistry -- Adding type registration calendar -> org.hibernate.type.BasicTypeReference@1bfe3203
07:28:41.379 [main] DEBUG org.hibernate.type.BasicTypeRegistry -- Adding type registration java.util.Calendar -> org.hibernate.type.BasicTypeReference@1bfe3203
07:28:41.380 [main] DEBUG org.hibernate.type.BasicTypeRegistry -- Adding type registration java.util.GregorianCalendar -> org.hibernate.type.BasicTypeReference@1bfe3203
07:28:41.380 [main] DEBUG org.hibernate.type.BasicTypeRegistry -- Adding type registration calendar_date -> org.hibernate.type.BasicTypeReference@2b214b94
07:28:41.380 [main] DEBUG org.hibernate.type.BasicTypeRegistry -- Adding type registration calendar_time -> org.hibernate.type.BasicTypeReference@70e3f36f
07:28:41.380 [main] DEBUG org.hibernate.type.BasicTypeRegistry -- Adding type registration instant -> org.hibernate.type.BasicTypeReference@49601f82
07:28:41.380 [main] DEBUG org.hibernate.type.BasicTypeRegistry -- Adding type registration java.time.Instant -> org.hibernate.type.BasicTypeReference@49601f82
07:28:41.380 [main] DEBUG org.hibernate.type.BasicTypeRegistry -- Adding type registration uuid -> org.hibernate.type.BasicTypeReference@23e44287
07:28:41.380 [main] DEBUG org.hibernate.type.BasicTypeRegistry -- Adding type registration java.util.UUID -> org.hibernate.type.BasicTypeReference@23e44287
07:28:41.380 [main] DEBUG org.hibernate.type.BasicTypeRegistry -- Adding type registration pg-uuid -> org.hibernate.type.BasicTypeReference@23e44287
07:28:41.380 [main] DEBUG org.hibernate.type.BasicTypeRegistry -- Adding type registration uuid-binary -> org.hibernate.type.BasicTypeReference@2b8d084
07:28:41.380 [main] DEBUG org.hibernate.type.BasicTypeRegistry -- Adding type registration uuid-char -> org.hibernate.type.BasicTypeReference@6daf2337
07:28:41.380 [main] DEBUG org.hibernate.type.BasicTypeRegistry -- Adding type registration class -> org.hibernate.type.BasicTypeReference@24fabd0f
07:28:41.380 [main] DEBUG org.hibernate.type.BasicTypeRegistry -- Adding type registration java.lang.Class -> org.hibernate.type.BasicTypeReference@24fabd0f
07:28:41.380 [main] DEBUG org.hibernate.type.BasicTypeRegistry -- Adding type registration currency -> org.hibernate.type.BasicTypeReference@250b236d
07:28:41.380 [main] DEBUG org.hibernate.type.BasicTypeRegistry -- Adding type registration Currency -> org.hibernate.type.BasicTypeReference@250b236d
07:28:41.380 [main] DEBUG org.hibernate.type.BasicTypeRegistry -- Adding type registration java.util.Currency -> org.hibernate.type.BasicTypeReference@250b236d
07:28:41.380 [main] DEBUG org.hibernate.type.BasicTypeRegistry -- Adding type registration locale -> org.hibernate.type.BasicTypeReference@61f3fbb8
07:28:41.380 [main] DEBUG org.hibernate.type.BasicTypeRegistry -- Adding type registration java.util.Locale -> org.hibernate.type.BasicTypeReference@61f3fbb8
07:28:41.380 [main] DEBUG org.hibernate.type.BasicTypeRegistry -- Adding type registration serializable -> org.hibernate.type.BasicTypeReference@7551da2a
07:28:41.380 [main] DEBUG org.hibernate.type.BasicTypeRegistry -- Adding type registration java.io.Serializable -> org.hibernate.type.BasicTypeReference@7551da2a
07:28:41.380 [main] DEBUG org.hibernate.type.BasicTypeRegistry -- Adding type registration timezone -> org.hibernate.type.BasicTypeReference@432034a
07:28:41.381 [main] DEBUG org.hibernate.type.BasicTypeRegistry -- Adding type registration java.util.TimeZone -> org.hibernate.type.BasicTypeReference@432034a
07:28:41.381 [main] DEBUG org.hibernate.type.BasicTypeRegistry -- Adding type registration ZoneOffset -> org.hibernate.type.BasicTypeReference@78de58ea
07:28:41.381 [main] DEBUG org.hibernate.type.BasicTypeRegistry -- Adding type registration java.time.ZoneOffset -> org.hibernate.type.BasicTypeReference@78de58ea
07:28:41.381 [main] DEBUG org.hibernate.type.BasicTypeRegistry -- Adding type registration url -> org.hibernate.type.BasicTypeReference@60e5272
07:28:41.381 [main] DEBUG org.hibernate.type.BasicTypeRegistry -- Adding type registration java.net.URL -> org.hibernate.type.BasicTypeReference@60e5272
07:28:41.381 [main] DEBUG org.hibernate.type.BasicTypeRegistry -- Adding type registration vector -> org.hibernate.type.BasicTypeReference@7d755813
07:28:41.381 [main] DEBUG org.hibernate.type.BasicTypeRegistry -- Adding type registration row_version -> org.hibernate.type.BasicTypeReference@69c93ca4
07:28:41.384 [main] DEBUG org.hibernate.type.BasicTypeRegistry -- Adding type registration object -> org.hibernate.type.JavaObjectType@26f96b85
07:28:41.384 [main] DEBUG org.hibernate.type.BasicTypeRegistry -- Adding type registration java.lang.Object -> org.hibernate.type.JavaObjectType@26f96b85
07:28:41.384 [main] DEBUG org.hibernate.type.BasicTypeRegistry -- Adding type registration null -> org.hibernate.type.NullType@17d2ed1b
07:28:41.385 [main] DEBUG org.hibernate.type.BasicTypeRegistry -- Adding type registration imm_date -> org.hibernate.type.BasicTypeReference@185f7840
07:28:41.385 [main] DEBUG org.hibernate.type.BasicTypeRegistry -- Adding type registration imm_time -> org.hibernate.type.BasicTypeReference@1e6cc850
07:28:41.385 [main] DEBUG org.hibernate.type.BasicTypeRegistry -- Adding type registration imm_timestamp -> org.hibernate.type.BasicTypeReference@7e7f0f0a
07:28:41.385 [main] DEBUG org.hibernate.type.BasicTypeRegistry -- Adding type registration imm_calendar -> org.hibernate.type.BasicTypeReference@7ec58feb
07:28:41.385 [main] DEBUG org.hibernate.type.BasicTypeRegistry -- Adding type registration imm_calendar_date -> org.hibernate.type.BasicTypeReference@1dbb650b
07:28:41.385 [main] DEBUG org.hibernate.type.BasicTypeRegistry -- Adding type registration imm_calendar_time -> org.hibernate.type.BasicTypeReference@656d10a4
07:28:41.385 [main] DEBUG org.hibernate.type.BasicTypeRegistry -- Adding type registration imm_binary -> org.hibernate.type.BasicTypeReference@63ec445c
07:28:41.385 [main] DEBUG org.hibernate.type.BasicTypeRegistry -- Adding type registration imm_serializable -> org.hibernate.type.BasicTypeReference@3104351d
07:28:41.392 [HikariPool-1 housekeeper] DEBUG com.zaxxer.hikari.pool.HikariPool -- HikariPool-1 - Pool stats (total=1, active=0, idle=1, waiting=0)
07:28:41.393 [HikariPool-1 connection adder] DEBUG com.zaxxer.hikari.pool.HikariPool -- HikariPool-1 - Added connection conn1: url=jdbc:h2:mem:testDb user=SA
07:28:41.417 [main] DEBUG org.hibernate.engine.jdbc.env.internal.JdbcEnvironmentInitiator -- Database ->
       name : H2
    version : 2.2.224 (2023-09-17)
      major : 2
      minor : 2
07:28:41.417 [main] DEBUG org.hibernate.engine.jdbc.env.internal.JdbcEnvironmentInitiator -- Driver ->
       name : H2 JDBC Driver
    version : 2.2.224 (2023-09-17)
      major : 2
      minor : 2
07:28:41.417 [main] DEBUG org.hibernate.engine.jdbc.env.internal.JdbcEnvironmentInitiator -- JDBC version : 4.2
07:28:41.423 [HikariPool-1 connection adder] DEBUG com.zaxxer.hikari.pool.HikariPool -- HikariPool-1 - After adding stats (total=2, active=1, idle=1, waiting=0)
07:28:41.424 [HikariPool-1 connection adder] DEBUG com.zaxxer.hikari.pool.HikariPool -- HikariPool-1 - Added connection conn2: url=jdbc:h2:mem:testDb user=SA
07:28:41.437 [main] DEBUG org.hibernate.orm.dialect -- HHH035001: Using dialect: org.hibernate.dialect.H2Dialect, version: 2.2.224
07:28:41.440 [main] DEBUG org.hibernate.engine.jdbc.env.spi.IdentifierHelperBuilder -- JDBC driver metadata reported database stores quoted identifiers in neither upper, lower nor mixed case
07:28:41.454 [HikariPool-1 connection adder] DEBUG com.zaxxer.hikari.pool.HikariPool -- HikariPool-1 - After adding stats (total=3, active=0, idle=3, waiting=0)
07:28:41.455 [HikariPool-1 connection adder] DEBUG com.zaxxer.hikari.pool.HikariPool -- HikariPool-1 - Added connection conn3: url=jdbc:h2:mem:testDb user=SA
07:28:41.457 [main] DEBUG org.hibernate.type.descriptor.jdbc.spi.JdbcTypeRegistry -- addDescriptor(NCharTypeDescriptor) replaced previous registration(CharTypeDescriptor)
07:28:41.457 [main] DEBUG org.hibernate.type.descriptor.jdbc.spi.JdbcTypeRegistry -- addDescriptor(NVarcharTypeDescriptor) replaced previous registration(VarcharTypeDescriptor)
07:28:41.457 [main] DEBUG org.hibernate.type.descriptor.jdbc.spi.JdbcTypeRegistry -- addDescriptor(LongNVarcharTypeDescriptor) replaced previous registration(LongVarcharTypeDescriptor)
07:28:41.458 [main] DEBUG org.hibernate.type.descriptor.jdbc.spi.JdbcTypeRegistry -- addDescriptor(NClobTypeDescriptor(DEFAULT)) replaced previous registration(ClobTypeDescriptor(DEFAULT))
07:28:41.463 [main] DEBUG org.hibernate.type.descriptor.jdbc.spi.JdbcTypeRegistry -- addDescriptor(2005, ClobTypeDescriptor(STREAM_BINDING)) replaced previous registration(ClobTypeDescriptor(DEFAULT))
07:28:41.485 [HikariPool-1 connection adder] DEBUG com.zaxxer.hikari.pool.HikariPool -- HikariPool-1 - After adding stats (total=4, active=0, idle=4, waiting=0)
07:28:41.486 [HikariPool-1 connection adder] DEBUG com.zaxxer.hikari.pool.HikariPool -- HikariPool-1 - Added connection conn4: url=jdbc:h2:mem:testDb user=SA
07:28:41.487 [main] DEBUG org.hibernate.type.descriptor.jdbc.spi.JdbcTypeRegistry -- addDescriptor(TimestampUtcDescriptor) replaced previous registration(TimestampUtcDescriptor)
07:28:41.491 [main] DEBUG org.hibernate.type.BasicTypeRegistry -- Adding type registration org.hibernate.type.DurationType -> basicType@1(java.time.Duration,3015)
07:28:41.492 [main] DEBUG org.hibernate.type.BasicTypeRegistry -- Adding type registration Duration -> basicType@1(java.time.Duration,3015)
07:28:41.492 [main] DEBUG org.hibernate.type.BasicTypeRegistry -- Adding type registration java.time.Duration -> basicType@1(java.time.Duration,3015)
07:28:41.494 [main] DEBUG org.hibernate.type.spi.TypeConfiguration$Scope -- Scoping TypeConfiguration [org.hibernate.type.spi.TypeConfiguration@1bf39d06] to MetadataBuildingContext [org.hibernate.boot.internal.MetadataBuildingContextRootImpl@68217d41]
07:28:41.518 [HikariPool-1 connection adder] DEBUG com.zaxxer.hikari.pool.HikariPool -- HikariPool-1 - After adding stats (total=5, active=0, idle=5, waiting=0)
07:28:41.519 [HikariPool-1 connection adder] DEBUG com.zaxxer.hikari.pool.HikariPool -- HikariPool-1 - Added connection conn5: url=jdbc:h2:mem:testDb user=SA
07:28:41.520 [main] DEBUG org.hibernate.boot.model.relational.Namespace -- Created database namespace [logicalName=Name{catalog=null, schema=null}, physicalName=Name{catalog=null, schema=null}]
07:28:41.539 [main] DEBUG org.hibernate.boot.model.internal.EntityBinder -- Binding entity from annotated class: com.example.shopservice.entity.User
07:28:41.546 [main] DEBUG org.hibernate.boot.model.internal.EntityBinder -- Import with entity name User
07:28:41.549 [HikariPool-1 connection adder] DEBUG com.zaxxer.hikari.pool.HikariPool -- HikariPool-1 - After adding stats (total=6, active=0, idle=6, waiting=0)
07:28:41.550 [HikariPool-1 connection adder] DEBUG com.zaxxer.hikari.pool.HikariPool -- HikariPool-1 - Added connection conn6: url=jdbc:h2:mem:testDb user=SA
07:28:41.553 [main] DEBUG org.hibernate.boot.model.internal.EntityBinder -- Bind entity com.example.shopservice.entity.User on table users
07:28:41.559 [main] DEBUG org.hibernate.boot.model.internal.AnnotatedColumn -- Binding column: AnnotatedDiscriminatorColumn(column='DTYPE')
07:28:41.569 [main] DEBUG org.hibernate.boot.model.internal.AnnotatedColumn -- Binding column: AnnotatedColumn()
07:28:41.570 [main] DEBUG org.hibernate.boot.internal.ClassLoaderAccessImpl -- Not known whether passed class name [com.example.shopservice.entity.User] is safe
07:28:41.570 [main] DEBUG org.hibernate.boot.internal.ClassLoaderAccessImpl -- No temp ClassLoader provided; using live ClassLoader for loading potentially unsafe class : com.example.shopservice.entity.User
07:28:41.572 [main] DEBUG org.hibernate.boot.model.internal.PropertyBinder -- MetadataSourceProcessor property id with lazy=false
07:28:41.575 [main] DEBUG org.hibernate.boot.model.internal.AbstractPropertyHolder -- Attempting to locate auto-apply AttributeConverter for property [com.example.shopservice.entity.User:id]
07:28:41.577 [main] DEBUG org.hibernate.boot.model.internal.BasicValueBinder -- building BasicValue for id
07:28:41.579 [main] DEBUG org.hibernate.mapping.BasicValue -- Skipping column re-registration: users.id
07:28:41.579 [main] DEBUG org.hibernate.boot.model.internal.PropertyBinder -- Building property id
07:28:41.580 [HikariPool-1 connection adder] DEBUG com.zaxxer.hikari.pool.HikariPool -- HikariPool-1 - After adding stats (total=7, active=0, idle=7, waiting=0)
07:28:41.582 [HikariPool-1 connection adder] DEBUG com.zaxxer.hikari.pool.HikariPool -- HikariPool-1 - Added connection conn7: url=jdbc:h2:mem:testDb user=SA
07:28:41.582 [main] DEBUG org.hibernate.boot.model.internal.BinderHelper -- #makeIdGenerator(BasicValue([Column(id)]), id, identity, , ...)
07:28:41.582 [main] DEBUG org.hibernate.boot.model.internal.AnnotatedColumn -- Binding column: AnnotatedColumn()
07:28:41.582 [main] DEBUG org.hibernate.boot.model.internal.PropertyBinder -- MetadataSourceProcessor property email with lazy=false
07:28:41.582 [main] DEBUG org.hibernate.boot.model.internal.AbstractPropertyHolder -- Attempting to locate auto-apply AttributeConverter for property [com.example.shopservice.entity.User:email]
07:28:41.582 [main] DEBUG org.hibernate.boot.model.internal.BasicValueBinder -- building BasicValue for email
07:28:41.582 [main] DEBUG org.hibernate.mapping.BasicValue -- Skipping column re-registration: users.email
07:28:41.583 [main] DEBUG org.hibernate.boot.model.internal.PropertyBinder -- Building property email
07:28:41.583 [main] DEBUG org.hibernate.boot.model.internal.AnnotatedColumn -- Binding column: AnnotatedColumn()
07:28:41.583 [main] DEBUG org.hibernate.boot.model.internal.PropertyBinder -- MetadataSourceProcessor property username with lazy=false
07:28:41.583 [main] DEBUG org.hibernate.boot.model.internal.AbstractPropertyHolder -- Attempting to locate auto-apply AttributeConverter for property [com.example.shopservice.entity.User:username]
07:28:41.583 [main] DEBUG org.hibernate.boot.model.internal.BasicValueBinder -- building BasicValue for username
07:28:41.583 [main] DEBUG org.hibernate.mapping.BasicValue -- Skipping column re-registration: users.username
07:28:41.583 [main] DEBUG org.hibernate.boot.model.internal.PropertyBinder -- Building property username
07:28:41.584 [main] DEBUG org.hibernate.boot.registry.classloading.internal.ClassLoaderServiceImpl -- HHH000194: Package not found or wo package-info.java: com.example.shopservice.entity
07:28:41.587 [main] DEBUG org.hibernate.boot.model.internal.EntityBinder -- Binding entity from annotated class: com.example.shopservice.entity.Order
07:28:41.588 [main] DEBUG org.hibernate.boot.model.internal.EntityBinder -- Import with entity name Order
07:28:41.588 [main] DEBUG org.hibernate.boot.model.internal.EntityBinder -- Bind entity com.example.shopservice.entity.Order on table orders
07:28:41.588 [main] DEBUG org.hibernate.boot.model.internal.AnnotatedColumn -- Binding column: AnnotatedDiscriminatorColumn(column='DTYPE')
07:28:41.595 [main] DEBUG org.hibernate.boot.model.internal.AnnotatedColumn -- Binding column: AnnotatedColumn()
07:28:41.595 [main] DEBUG org.hibernate.boot.internal.ClassLoaderAccessImpl -- Not known whether passed class name [com.example.shopservice.entity.Order] is safe
07:28:41.595 [main] DEBUG org.hibernate.boot.internal.ClassLoaderAccessImpl -- No temp ClassLoader provided; using live ClassLoader for loading potentially unsafe class : com.example.shopservice.entity.Order
07:28:41.595 [main] DEBUG org.hibernate.boot.model.internal.PropertyBinder -- MetadataSourceProcessor property id with lazy=false
07:28:41.595 [main] DEBUG org.hibernate.boot.model.internal.AbstractPropertyHolder -- Attempting to locate auto-apply AttributeConverter for property [com.example.shopservice.entity.Order:id]
07:28:41.595 [main] DEBUG org.hibernate.boot.model.internal.BasicValueBinder -- building BasicValue for id
07:28:41.595 [main] DEBUG org.hibernate.mapping.BasicValue -- Skipping column re-registration: orders.id
07:28:41.595 [main] DEBUG org.hibernate.boot.model.internal.PropertyBinder -- Building property id
07:28:41.595 [main] DEBUG org.hibernate.boot.model.internal.BinderHelper -- #makeIdGenerator(BasicValue([Column(id)]), id, identity, , ...)
07:28:41.596 [main] DEBUG org.hibernate.boot.model.internal.AnnotatedColumn -- Binding column: AnnotatedColumn()
07:28:41.596 [main] DEBUG org.hibernate.boot.model.internal.PropertyBinder -- MetadataSourceProcessor property orderDate with lazy=false
07:28:41.596 [main] DEBUG org.hibernate.boot.model.internal.AbstractPropertyHolder -- Attempting to locate auto-apply AttributeConverter for property [com.example.shopservice.entity.Order:orderDate]
07:28:41.596 [main] DEBUG org.hibernate.boot.model.internal.BasicValueBinder -- building BasicValue for orderDate
07:28:41.596 [main] DEBUG org.hibernate.mapping.BasicValue -- Skipping column re-registration: orders.order_date
07:28:41.596 [main] DEBUG org.hibernate.boot.model.internal.PropertyBinder -- Building property orderDate
07:28:41.598 [main] DEBUG org.hibernate.boot.model.internal.AnnotatedColumn -- Binding column: AnnotatedJoinColumn()
07:28:41.599 [main] DEBUG org.hibernate.boot.model.internal.AnnotatedColumn -- Binding column: AnnotatedColumn()
07:28:41.607 [main] DEBUG org.hibernate.boot.model.internal.AnnotatedColumn -- Binding column: IndexColumn(column='orderItems_ORDER')
07:28:41.609 [main] DEBUG org.hibernate.boot.model.internal.AnnotatedColumn -- Binding column: AnnotatedColumn()
07:28:41.609 [main] DEBUG org.hibernate.boot.model.internal.AnnotatedColumn -- Binding column: AnnotatedColumn(column='orderItems_KEY')
07:28:41.610 [main] DEBUG org.hibernate.boot.model.internal.AnnotatedColumn -- Binding column: AnnotatedJoinColumn(column='orderItems_KEY')
07:28:41.611 [main] DEBUG org.hibernate.boot.model.internal.AnnotatedColumn -- Binding column: AnnotatedJoinColumn()
07:28:41.611 [main] DEBUG org.hibernate.boot.model.internal.AnnotatedColumn -- Binding column: AnnotatedJoinColumn()
07:28:41.612 [HikariPool-1 connection adder] DEBUG com.zaxxer.hikari.pool.HikariPool -- HikariPool-1 - After adding stats (total=8, active=0, idle=8, waiting=0)
07:28:41.612 [main] DEBUG org.hibernate.boot.model.internal.CollectionBinder -- Collection role: com.example.shopservice.entity.Order.orderItems
07:28:41.613 [HikariPool-1 connection adder] DEBUG com.zaxxer.hikari.pool.HikariPool -- HikariPool-1 - Added connection conn8: url=jdbc:h2:mem:testDb user=SA
07:28:41.614 [main] DEBUG org.hibernate.boot.model.internal.PropertyBinder -- Building property orderItems
07:28:41.614 [main] DEBUG org.hibernate.boot.model.internal.AnnotatedColumn -- Binding column: AnnotatedJoinColumn(column='user_id')
07:28:41.615 [main] DEBUG org.hibernate.boot.model.internal.AnnotatedColumn -- Binding column: AnnotatedColumn()
07:28:41.616 [main] DEBUG org.hibernate.boot.model.internal.PropertyBinder -- Building property user
07:28:41.617 [main] DEBUG org.hibernate.boot.registry.classloading.internal.ClassLoaderServiceImpl -- HHH000194: Package not found or wo package-info.java: com.example.shopservice.entity
07:28:41.617 [main] DEBUG org.hibernate.boot.model.internal.EntityBinder -- Binding entity from annotated class: com.example.shopservice.entity.Product
07:28:41.618 [main] DEBUG org.hibernate.boot.model.internal.EntityBinder -- Import with entity name Product
07:28:41.618 [main] DEBUG org.hibernate.boot.model.internal.EntityBinder -- Bind entity com.example.shopservice.entity.Product on table products
07:28:41.618 [main] DEBUG org.hibernate.boot.model.internal.AnnotatedColumn -- Binding column: AnnotatedDiscriminatorColumn(column='DTYPE')
07:28:41.619 [main] DEBUG org.hibernate.boot.model.internal.AnnotatedColumn -- Binding column: AnnotatedColumn()
07:28:41.619 [main] DEBUG org.hibernate.boot.internal.ClassLoaderAccessImpl -- Not known whether passed class name [com.example.shopservice.entity.Product] is safe
07:28:41.619 [main] DEBUG org.hibernate.boot.internal.ClassLoaderAccessImpl -- No temp ClassLoader provided; using live ClassLoader for loading potentially unsafe class : com.example.shopservice.entity.Product
07:28:41.620 [main] DEBUG org.hibernate.boot.model.internal.PropertyBinder -- MetadataSourceProcessor property id with lazy=false
07:28:41.620 [main] DEBUG org.hibernate.boot.model.internal.AbstractPropertyHolder -- Attempting to locate auto-apply AttributeConverter for property [com.example.shopservice.entity.Product:id]
07:28:41.620 [main] DEBUG org.hibernate.boot.model.internal.BasicValueBinder -- building BasicValue for id
07:28:41.620 [main] DEBUG org.hibernate.mapping.BasicValue -- Skipping column re-registration: products.id
07:28:41.620 [main] DEBUG org.hibernate.boot.model.internal.PropertyBinder -- Building property id
07:28:41.620 [main] DEBUG org.hibernate.boot.model.internal.BinderHelper -- #makeIdGenerator(BasicValue([Column(id)]), id, identity, , ...)
07:28:41.620 [main] DEBUG org.hibernate.boot.model.internal.AnnotatedColumn -- Binding column: AnnotatedColumn()
07:28:41.620 [main] DEBUG org.hibernate.boot.model.internal.PropertyBinder -- MetadataSourceProcessor property name with lazy=false
07:28:41.620 [main] DEBUG org.hibernate.boot.model.internal.AbstractPropertyHolder -- Attempting to locate auto-apply AttributeConverter for property [com.example.shopservice.entity.Product:name]
07:28:41.620 [main] DEBUG org.hibernate.boot.model.internal.BasicValueBinder -- building BasicValue for name
07:28:41.620 [main] DEBUG org.hibernate.mapping.BasicValue -- Skipping column re-registration: products.name
07:28:41.621 [main] DEBUG org.hibernate.boot.model.internal.PropertyBinder -- Building property name
07:28:41.621 [main] DEBUG org.hibernate.boot.model.internal.AnnotatedColumn -- Binding column: AnnotatedColumn()
07:28:41.621 [main] DEBUG org.hibernate.boot.model.internal.PropertyBinder -- MetadataSourceProcessor property price with lazy=false
07:28:41.621 [main] DEBUG org.hibernate.boot.model.internal.AbstractPropertyHolder -- Attempting to locate auto-apply AttributeConverter for property [com.example.shopservice.entity.Product:price]
07:28:41.621 [main] DEBUG org.hibernate.boot.model.internal.BasicValueBinder -- building BasicValue for price
07:28:41.621 [main] DEBUG org.hibernate.mapping.BasicValue -- Skipping column re-registration: products.price
07:28:41.621 [main] DEBUG org.hibernate.boot.model.internal.PropertyBinder -- Building property price
07:28:41.621 [main] DEBUG org.hibernate.boot.registry.classloading.internal.ClassLoaderServiceImpl -- HHH000194: Package not found or wo package-info.java: com.example.shopservice.entity
07:28:41.622 [main] DEBUG org.hibernate.boot.model.internal.EntityBinder -- Binding entity from annotated class: com.example.shopservice.entity.Review
07:28:41.622 [main] DEBUG org.hibernate.boot.model.internal.EntityBinder -- Import with entity name Review
07:28:41.623 [main] DEBUG org.hibernate.boot.model.internal.EntityBinder -- Bind entity com.example.shopservice.entity.Review on table reviews
07:28:41.623 [main] DEBUG org.hibernate.boot.model.internal.AnnotatedColumn -- Binding column: AnnotatedDiscriminatorColumn(column='DTYPE')
07:28:41.625 [main] DEBUG org.hibernate.boot.model.internal.AnnotatedColumn -- Binding column: AnnotatedColumn()
07:28:41.625 [main] DEBUG org.hibernate.boot.internal.ClassLoaderAccessImpl -- Not known whether passed class name [com.example.shopservice.entity.Review] is safe
07:28:41.625 [main] DEBUG org.hibernate.boot.internal.ClassLoaderAccessImpl -- No temp ClassLoader provided; using live ClassLoader for loading potentially unsafe class : com.example.shopservice.entity.Review
07:28:41.625 [main] DEBUG org.hibernate.boot.model.internal.PropertyBinder -- MetadataSourceProcessor property id with lazy=false
07:28:41.625 [main] DEBUG org.hibernate.boot.model.internal.AbstractPropertyHolder -- Attempting to locate auto-apply AttributeConverter for property [com.example.shopservice.entity.Review:id]
07:28:41.625 [main] DEBUG org.hibernate.boot.model.internal.BasicValueBinder -- building BasicValue for id
07:28:41.626 [main] DEBUG org.hibernate.mapping.BasicValue -- Skipping column re-registration: reviews.id
07:28:41.626 [main] DEBUG org.hibernate.boot.model.internal.PropertyBinder -- Building property id
07:28:41.626 [main] DEBUG org.hibernate.boot.model.internal.BinderHelper -- #makeIdGenerator(BasicValue([Column(id)]), id, identity, , ...)
07:28:41.626 [main] DEBUG org.hibernate.boot.model.internal.AnnotatedColumn -- Binding column: AnnotatedColumn()
07:28:41.626 [main] DEBUG org.hibernate.boot.model.internal.PropertyBinder -- MetadataSourceProcessor property comment with lazy=false
07:28:41.626 [main] DEBUG org.hibernate.boot.model.internal.AbstractPropertyHolder -- Attempting to locate auto-apply AttributeConverter for property [com.example.shopservice.entity.Review:comment]
07:28:41.626 [main] DEBUG org.hibernate.boot.model.internal.BasicValueBinder -- building BasicValue for comment
07:28:41.626 [main] DEBUG org.hibernate.mapping.BasicValue -- Skipping column re-registration: reviews.comment
07:28:41.626 [main] DEBUG org.hibernate.boot.model.internal.PropertyBinder -- Building property comment
07:28:41.627 [main] DEBUG org.hibernate.boot.model.internal.AnnotatedColumn -- Binding column: AnnotatedJoinColumn(column='product_id')
07:28:41.627 [main] DEBUG org.hibernate.boot.model.internal.AnnotatedColumn -- Binding column: AnnotatedColumn()
07:28:41.627 [main] DEBUG org.hibernate.boot.model.internal.PropertyBinder -- Building property product
07:28:41.627 [main] DEBUG org.hibernate.boot.model.internal.AnnotatedColumn -- Binding column: AnnotatedColumn()
07:28:41.627 [main] DEBUG org.hibernate.boot.model.internal.PropertyBinder -- MetadataSourceProcessor property rating with lazy=false
07:28:41.627 [main] DEBUG org.hibernate.boot.model.internal.AbstractPropertyHolder -- Attempting to locate auto-apply AttributeConverter for property [com.example.shopservice.entity.Review:rating]
07:28:41.627 [main] DEBUG org.hibernate.boot.model.internal.BasicValueBinder -- building BasicValue for rating
07:28:41.627 [main] DEBUG org.hibernate.mapping.BasicValue -- Skipping column re-registration: reviews.rating
07:28:41.627 [main] DEBUG org.hibernate.boot.model.internal.PropertyBinder -- Building property rating
07:28:41.628 [main] DEBUG org.hibernate.boot.model.internal.AnnotatedColumn -- Binding column: AnnotatedJoinColumn(column='user_id')
07:28:41.628 [main] DEBUG org.hibernate.boot.model.internal.AnnotatedColumn -- Binding column: AnnotatedColumn()
07:28:41.628 [main] DEBUG org.hibernate.boot.model.internal.PropertyBinder -- Building property user
07:28:41.628 [main] DEBUG org.hibernate.boot.registry.classloading.internal.ClassLoaderServiceImpl -- HHH000194: Package not found or wo package-info.java: com.example.shopservice.entity
07:28:41.629 [main] DEBUG org.hibernate.boot.model.internal.EntityBinder -- Binding entity from annotated class: com.example.shopservice.entity.OrderItem
07:28:41.630 [main] DEBUG org.hibernate.boot.model.internal.EntityBinder -- Import with entity name OrderItem
07:28:41.630 [main] DEBUG org.hibernate.boot.model.internal.EntityBinder -- Bind entity com.example.shopservice.entity.OrderItem on table order_items
07:28:41.630 [main] DEBUG org.hibernate.boot.model.internal.AnnotatedColumn -- Binding column: AnnotatedDiscriminatorColumn(column='DTYPE')
07:28:41.632 [main] DEBUG org.hibernate.boot.model.internal.AnnotatedColumn -- Binding column: AnnotatedColumn()
07:28:41.632 [main] DEBUG org.hibernate.boot.internal.ClassLoaderAccessImpl -- Not known whether passed class name [com.example.shopservice.entity.OrderItem] is safe
07:28:41.632 [main] DEBUG org.hibernate.boot.internal.ClassLoaderAccessImpl -- No temp ClassLoader provided; using live ClassLoader for loading potentially unsafe class : com.example.shopservice.entity.OrderItem
07:28:41.632 [main] DEBUG org.hibernate.boot.model.internal.PropertyBinder -- MetadataSourceProcessor property id with lazy=false
07:28:41.632 [main] DEBUG org.hibernate.boot.model.internal.AbstractPropertyHolder -- Attempting to locate auto-apply AttributeConverter for property [com.example.shopservice.entity.OrderItem:id]
07:28:41.632 [main] DEBUG org.hibernate.boot.model.internal.BasicValueBinder -- building BasicValue for id
07:28:41.632 [main] DEBUG org.hibernate.mapping.BasicValue -- Skipping column re-registration: order_items.id
07:28:41.632 [main] DEBUG org.hibernate.boot.model.internal.PropertyBinder -- Building property id
07:28:41.632 [main] DEBUG org.hibernate.boot.model.internal.BinderHelper -- #makeIdGenerator(BasicValue([Column(id)]), id, identity, , ...)
07:28:41.632 [main] DEBUG org.hibernate.boot.model.internal.AnnotatedColumn -- Binding column: AnnotatedJoinColumn(column='order_id')
07:28:41.633 [main] DEBUG org.hibernate.boot.model.internal.AnnotatedColumn -- Binding column: AnnotatedColumn()
07:28:41.633 [main] DEBUG org.hibernate.boot.model.internal.PropertyBinder -- Building property order
07:28:41.633 [main] DEBUG org.hibernate.boot.model.internal.AnnotatedColumn -- Binding column: AnnotatedJoinColumn(column='product_id')
07:28:41.633 [main] DEBUG org.hibernate.boot.model.internal.AnnotatedColumn -- Binding column: AnnotatedColumn()
07:28:41.634 [main] DEBUG org.hibernate.boot.model.internal.PropertyBinder -- Building property product
07:28:41.634 [main] DEBUG org.hibernate.boot.model.internal.AnnotatedColumn -- Binding column: AnnotatedColumn()
07:28:41.634 [main] DEBUG org.hibernate.boot.model.internal.PropertyBinder -- MetadataSourceProcessor property quantity with lazy=false
07:28:41.634 [main] DEBUG org.hibernate.boot.model.internal.AbstractPropertyHolder -- Attempting to locate auto-apply AttributeConverter for property [com.example.shopservice.entity.OrderItem:quantity]
07:28:41.634 [main] DEBUG org.hibernate.boot.model.internal.BasicValueBinder -- building BasicValue for quantity
07:28:41.634 [main] DEBUG org.hibernate.mapping.BasicValue -- Skipping column re-registration: order_items.quantity
07:28:41.634 [main] DEBUG org.hibernate.boot.model.internal.PropertyBinder -- Building property quantity
07:28:41.634 [main] DEBUG org.hibernate.boot.registry.classloading.internal.ClassLoaderServiceImpl -- HHH000194: Package not found or wo package-info.java: com.example.shopservice.entity
07:28:41.636 [main] DEBUG org.hibernate.boot.model.internal.BasicValueBinder -- Starting `BasicValueBinder#fillSimpleValue` for id
07:28:41.636 [main] DEBUG org.hibernate.boot.model.internal.BasicValueBinder -- Starting `BasicValueBinder#fillSimpleValue` for email
07:28:41.636 [main] DEBUG org.hibernate.boot.model.internal.BasicValueBinder -- Starting `BasicValueBinder#fillSimpleValue` for username
07:28:41.636 [main] DEBUG org.hibernate.boot.model.internal.BasicValueBinder -- Starting `BasicValueBinder#fillSimpleValue` for id
07:28:41.636 [main] DEBUG org.hibernate.boot.model.internal.BasicValueBinder -- Starting `BasicValueBinder#fillSimpleValue` for orderDate
07:28:41.636 [main] DEBUG org.hibernate.boot.model.internal.BasicValueBinder -- Starting `BasicValueBinder#fillSimpleValue` for id
07:28:41.637 [main] DEBUG org.hibernate.boot.model.internal.BasicValueBinder -- Starting `BasicValueBinder#fillSimpleValue` for name
07:28:41.637 [main] DEBUG org.hibernate.boot.model.internal.BasicValueBinder -- Starting `BasicValueBinder#fillSimpleValue` for price
07:28:41.637 [main] DEBUG org.hibernate.boot.model.internal.BasicValueBinder -- Starting `BasicValueBinder#fillSimpleValue` for id
07:28:41.637 [main] DEBUG org.hibernate.boot.model.internal.BasicValueBinder -- Starting `BasicValueBinder#fillSimpleValue` for comment
07:28:41.637 [main] DEBUG org.hibernate.boot.model.internal.BasicValueBinder -- Starting `BasicValueBinder#fillSimpleValue` for rating
07:28:41.637 [main] DEBUG org.hibernate.boot.model.internal.BasicValueBinder -- Starting `BasicValueBinder#fillSimpleValue` for id
07:28:41.637 [main] DEBUG org.hibernate.boot.model.internal.BasicValueBinder -- Starting `BasicValueBinder#fillSimpleValue` for quantity
07:28:41.640 [main] DEBUG org.hibernate.mapping.PrimaryKey -- Forcing column [id] to be non-null as it is part of the primary key for table [users]
07:28:41.640 [main] DEBUG org.hibernate.mapping.PrimaryKey -- Forcing column [id] to be non-null as it is part of the primary key for table [orders]
07:28:41.640 [main] DEBUG org.hibernate.mapping.PrimaryKey -- Forcing column [id] to be non-null as it is part of the primary key for table [products]
07:28:41.641 [main] DEBUG org.hibernate.mapping.PrimaryKey -- Forcing column [id] to be non-null as it is part of the primary key for table [reviews]
07:28:41.641 [main] DEBUG org.hibernate.mapping.PrimaryKey -- Forcing column [id] to be non-null as it is part of the primary key for table [order_items]
07:28:41.642 [main] DEBUG org.hibernate.boot.model.internal.CollectionSecondPass -- Second pass for collection: com.example.shopservice.entity.Order.orderItems
07:28:41.642 [main] DEBUG org.hibernate.boot.model.internal.CollectionBinder -- Binding a OneToMany: com.example.shopservice.entity.Order.orderItems through a foreign key
07:28:41.643 [HikariPool-1 connection adder] DEBUG com.zaxxer.hikari.pool.HikariPool -- HikariPool-1 - After adding stats (total=9, active=0, idle=9, waiting=0)
07:28:41.643 [main] DEBUG org.hibernate.boot.model.internal.CollectionBinder -- Mapping collection: com.example.shopservice.entity.Order.orderItems -> order_items
07:28:41.644 [HikariPool-1 connection adder] DEBUG com.zaxxer.hikari.pool.HikariPool -- HikariPool-1 - Added connection conn9: url=jdbc:h2:mem:testDb user=SA
07:28:41.644 [main] DEBUG org.hibernate.boot.model.internal.TableBinder -- Retrieving property com.example.shopservice.entity.OrderItem.order
07:28:41.645 [main] DEBUG org.hibernate.boot.model.internal.CollectionSecondPass -- Mapped collection key: order_id, one-to-many: com.example.shopservice.entity.OrderItem
07:28:41.645 [main] DEBUG org.hibernate.boot.internal.InFlightMetadataCollectorImpl -- Resolving reference to class: com.example.shopservice.entity.Order
07:28:41.646 [main] DEBUG org.hibernate.boot.internal.InFlightMetadataCollectorImpl -- Resolving reference to class: com.example.shopservice.entity.Product
07:28:41.646 [main] DEBUG org.hibernate.boot.internal.InFlightMetadataCollectorImpl -- Resolving reference to class: com.example.shopservice.entity.User
07:28:41.647 [main] DEBUG org.hibernate.boot.internal.InFlightMetadataCollectorImpl -- Resolving reference to class: com.example.shopservice.entity.Product
07:28:41.647 [main] DEBUG org.hibernate.boot.internal.InFlightMetadataCollectorImpl -- Resolving reference to class: com.example.shopservice.entity.User
07:28:41.656 [main] DEBUG org.hibernate.boot.internal.InFlightMetadataCollectorImpl -- Resolving reference to class: com.example.shopservice.entity.Order
07:28:41.656 [main] DEBUG org.hibernate.boot.internal.InFlightMetadataCollectorImpl -- Resolving reference to class: com.example.shopservice.entity.Product
07:28:41.656 [main] DEBUG org.hibernate.boot.internal.InFlightMetadataCollectorImpl -- Resolving reference to class: com.example.shopservice.entity.User
07:28:41.656 [main] DEBUG org.hibernate.boot.internal.InFlightMetadataCollectorImpl -- Resolving reference to class: com.example.shopservice.entity.Product
07:28:41.656 [main] DEBUG org.hibernate.boot.internal.InFlightMetadataCollectorImpl -- Resolving reference to class: com.example.shopservice.entity.User
07:28:41.661 [main] DEBUG io.micronaut.context.lifecycle -- Created bean [org.hibernate.boot.internal.MetadataImpl@142213d5] from definition [Definition: io.micronaut.configuration.hibernate.jpa.conf.SessionFactoryPerDataSourceFactory] with qualifier [@Named('default')]
07:28:41.674 [HikariPool-1 connection adder] DEBUG com.zaxxer.hikari.pool.HikariPool -- HikariPool-1 - After adding stats (total=10, active=0, idle=10, waiting=0)
07:28:41.857 [main] DEBUG io.micronaut.context.lifecycle -- Created bean [org.hibernate.boot.internal.SessionFactoryBuilderImpl@5a13fcf3] from definition [Definition: io.micronaut.configuration.hibernate.jpa.conf.SessionFactoryPerDataSourceFactory] with qualifier [@Named('default')]
07:28:41.864 [main] DEBUG org.hibernate.internal.SessionFactoryImpl -- Building session factory
07:28:41.887 [main] DEBUG org.hibernate.service.internal.SessionFactoryServiceRegistryImpl -- EventListenerRegistry access via ServiceRegistry is deprecated.  Use `sessionFactory.getEventEngine().getListenerRegistry()` instead
07:28:41.888 [main] DEBUG org.hibernate.internal.SessionFactoryImpl -- Instantiating SessionFactory with settings: {java.specification.version=17, hibernate.resource.beans.container=io.micronaut.configuration.hibernate.jpa.conf.settings.internal.MicronautContainerSettingsSupplier$1@4dcbae55, sun.jnu.encoding=UTF-8, java.class.path=/home/runner/work/ojp-framework-integration/ojp-framework-integration/micronaut/shopservice/target/test-classes:/home/runner/work/ojp-framework-integration/ojp-framework-integration/micronaut/shopservice/target/classes:/home/runner/.m2/repository/io/micronaut/micronaut-http-server-netty/4.2.4/micronaut-http-server-netty-4.2.4.jar:/home/runner/.m2/repository/org/slf4j/slf4j-api/2.0.9/slf4j-api-2.0.9.jar:/home/runner/.m2/repository/io/micronaut/micronaut-http-server/4.2.4/micronaut-http-server-4.2.4.jar:/home/runner/.m2/repository/io/micronaut/micronaut-http/4.2.4/micronaut-http-4.2.4.jar:/home/runner/.m2/repository/io/micronaut/micronaut-context-propagation/4.2.4/micronaut-context-propagation-4.2.4.jar:/home/runner/.m2/repository/io/micronaut/micronaut-router/4.2.4/micronaut-router-4.2.4.jar:/home/runner/.m2/repository/io/micronaut/micronaut-core/4.2.4/micronaut-core-4.2.4.jar:/home/runner/.m2/repository/io/micronaut/micronaut-http-netty/4.2.4/micronaut-http-netty-4.2.4.jar:/home/runner/.m2/repository/io/micronaut/micronaut-buffer-netty/4.2.4/micronaut-buffer-netty-4.2.4.jar:/home/runner/.m2/repository/io/netty/netty-codec-http2/4.1.106.Final/netty-codec-http2-4.1.106.Final.jar:/home/runner/.m2/repository/io/netty/netty-handler/4.1.106.Final/netty-handler-4.1.106.Final.jar:/home/runner/.m2/repository/io/netty/netty-resolver/4.1.106.Final/netty-resolver-4.1.106.Final.jar:/home/runner/.m2/repository/io/netty/netty-transport-native-unix-common/4.1.106.Final/netty-transport-native-unix-common-4.1.106.Final.jar:/home/runner/.m2/repository/io/netty/netty-codec-http/4.1.106.Final/netty-codec-http-4.1.106.Final.jar:/home/runner/.m2/repository/io/netty/netty-common/4.1.106.Final/netty-common-4.1.106.Final.jar:/home/runner/.m2/repository/io/netty/netty-buffer/4.1.106.Final/netty-buffer-4.1.106.Final.jar:/home/runner/.m2/repository/io/netty/netty-transport/4.1.106.Final/netty-transport-4.1.106.Final.jar:/home/runner/.m2/repository/io/netty/netty-codec/4.1.106.Final/netty-codec-4.1.106.Final.jar:/home/runner/.m2/repository/io/projectreactor/reactor-core/3.5.11/reactor-core-3.5.11.jar:/home/runner/.m2/repository/org/reactivestreams/reactive-streams/1.0.4/reactive-streams-1.0.4.jar:/home/runner/.m2/repository/io/micronaut/micronaut-inject/4.2.4/micronaut-inject-4.2.4.jar:/home/runner/.m2/repository/jakarta/inject/jakarta.inject-api/2.0.1/jakarta.inject-api-2.0.1.jar:/home/runner/.m2/repository/jakarta/annotation/jakarta.annotation-api/2.1.1/jakarta.annotation-api-2.1.1.jar:/home/runner/.m2/repository/io/micronaut/micronaut-http-client/4.2.4/micronaut-http-client-4.2.4.jar:/home/runner/.m2/repository/io/micronaut/micronaut-context/4.2.4/micronaut-context-4.2.4.jar:/home/runner/.m2/repository/io/micronaut/micronaut-http-client-core/4.2.4/micronaut-http-client-core-4.2.4.jar:/home/runner/.m2/repository/io/micronaut/micronaut-json-core/4.2.4/micronaut-json-core-4.2.4.jar:/home/runner/.m2/repository/io/micronaut/micronaut-discovery-core/4.2.4/micronaut-discovery-core-4.2.4.jar:/home/runner/.m2/repository/io/micronaut/micronaut-websocket/4.2.4/micronaut-websocket-4.2.4.jar:/home/runner/.m2/repository/io/netty/netty-handler-proxy/4.1.106.Final/netty-handler-proxy-4.1.106.Final.jar:/home/runner/.m2/repository/io/netty/netty-codec-socks/4.1.106.Final/netty-codec-socks-4.1.106.Final.jar:/home/runner/.m2/repository/io/micronaut/micronaut-jackson-databind/4.2.4/micronaut-jackson-databind-4.2.4.jar:/home/runner/.m2/repository/io/micronaut/micronaut-jackson-core/4.2.4/micronaut-jackson-core-4.2.4.jar:/home/runner/.m2/repository/com/fasterxml/jackson/core/jackson-core/2.15.3/jackson-core-2.15.3.jar:/home/runner/.m2/repository/com/fasterxml/jackson/core/jackson-annotations/2.15.3/jackson-annotations-2.15.3.jar:/home/runner/.m2/repository/com/fasterxml/jackson/core/jackson-databind/2.15.3/jackson-databind-2.15.3.jar:/home/runner/.m2/repository/com/fasterxml/jackson/datatype/jackson-datatype-jdk8/2.15.3/jackson-datatype-jdk8-2.15.3.jar:/home/runner/.m2/repository/com/fasterxml/jackson/datatype/jackson-datatype-jsr310/2.15.3/jackson-datatype-jsr310-2.15.3.jar:/home/runner/.m2/repository/io/micronaut/data/micronaut-data-hibernate-jpa/4.3.0/micronaut-data-hibernate-jpa-4.3.0.jar:/home/runner/.m2/repository/io/micronaut/data/micronaut-data-runtime/4.3.0/micronaut-data-runtime-4.3.0.jar:/home/runner/.m2/repository/io/micronaut/data/micronaut-data-tx/4.3.0/micronaut-data-tx-4.3.0.jar:/home/runner/.m2/repository/io/micronaut/data/micronaut-data-connection/4.3.0/micronaut-data-connection-4.3.0.jar:/home/runner/.m2/repository/io/micronaut/data/micronaut-data-model/4.3.0/micronaut-data-model-4.3.0.jar:/home/runner/.m2/repository/io/micronaut/micronaut-core-reactive/4.2.0/micronaut-core-reactive-4.2.0.jar:/home/runner/.m2/repository/io/micronaut/data/micronaut-data-tx-hibernate/4.3.0/micronaut-data-tx-hibernate-4.3.0.jar:/home/runner/.m2/repository/io/micronaut/data/micronaut-data-tx-jdbc/4.3.0/micronaut-data-tx-jdbc-4.3.0.jar:/home/runner/.m2/repository/io/micronaut/data/micronaut-data-connection-jdbc/4.3.0/micronaut-data-connection-jdbc-4.3.0.jar:/home/runner/.m2/repository/io/micronaut/data/micronaut-data-connection-hibernate/4.3.0/micronaut-data-connection-hibernate-4.3.0.jar:/home/runner/.m2/repository/io/micronaut/data/micronaut-data-jpa/4.3.0/micronaut-data-jpa-4.3.0.jar:/home/runner/.m2/repository/io/micronaut/sql/micronaut-hibernate-jpa/5.3.0/micronaut-hibernate-jpa-5.3.0.jar:/home/runner/.m2/repository/jakarta/transaction/jakarta.transaction-api/2.0.1/jakarta.transaction-api-2.0.1.jar:/home/runner/.m2/repository/io/micronaut/validation/micronaut-validation/4.2.0/micronaut-validation-4.2.0.jar:/home/runner/.m2/repository/jakarta/validation/jakarta.validation-api/3.0.2/jakarta.validation-api-3.0.2.jar:/home/runner/.m2/repository/io/micronaut/reactor/micronaut-reactor/3.1.0/micronaut-reactor-3.1.0.jar:/home/runner/.m2/repository/io/micronaut/micronaut-aop/4.2.0/micronaut-aop-4.2.0.jar:/home/runner/.m2/repository/io/micronaut/sql/micronaut-jdbc/5.3.0/micronaut-jdbc-5.3.0.jar:/home/runner/.m2/repository/io/micronaut/sql/micronaut-jdbc-hikari/5.3.0/micronaut-jdbc-hikari-5.3.0.jar:/home/runner/.m2/repository/com/zaxxer/HikariCP/5.1.0/HikariCP-5.1.0.jar:/home/runner/.m2/repository/com/h2database/h2/2.2.224/h2-2.2.224.jar:/home/runner/.m2/repository/jakarta/persistence/jakarta.persistence-api/3.1.0/jakarta.persistence-api-3.1.0.jar:/home/runner/.m2/repository/org/hibernate/orm/hibernate-core/6.4.8.Final/hibernate-core-6.4.8.Final.jar:/home/runner/.m2/repository/org/jboss/logging/jboss-logging/3.5.0.Final/jboss-logging-3.5.0.Final.jar:/home/runner/.m2/repository/org/hibernate/common/hibernate-commons-annotations/6.0.6.Final/hibernate-commons-annotations-6.0.6.Final.jar:/home/runner/.m2/repository/io/smallrye/jandex/3.1.2/jandex-3.1.2.jar:/home/runner/.m2/repository/com/fasterxml/classmate/1.5.1/classmate-1.5.1.jar:/home/runner/.m2/repository/net/bytebuddy/byte-buddy/1.14.11/byte-buddy-1.14.11.jar:/home/runner/.m2/repository/jakarta/xml/bind/jakarta.xml.bind-api/4.0.0/jakarta.xml.bind-api-4.0.0.jar:/home/runner/.m2/repository/jakarta/activation/jakarta.activation-api/2.1.0/jakarta.activation-api-2.1.0.jar:/home/runner/.m2/repository/org/glassfish/jaxb/jaxb-runtime/4.0.2/jaxb-runtime-4.0.2.jar:/home/runner/.m2/repository/org/glassfish/jaxb/jaxb-core/4.0.2/jaxb-core-4.0.2.jar:/home/runner/.m2/repository/org/eclipse/angus/angus-activation/2.0.0/angus-activation-2.0.0.jar:/home/runner/.m2/repository/org/glassfish/jaxb/txw2/4.0.2/txw2-4.0.2.jar:/home/runner/.m2/repository/com/sun/istack/istack-commons-runtime/4.1.1/istack-commons-runtime-4.1.1.jar:/home/runner/.m2/repository/org/antlr/antlr4-runtime/4.13.0/antlr4-runtime-4.13.0.jar:/home/runner/.m2/repository/io/micronaut/test/micronaut-test-junit5/4.1.0/micronaut-test-junit5-4.1.0.jar:/home/runner/.m2/repository/io/micronaut/test/micronaut-test-core/4.1.0/micronaut-test-core-4.1.0.jar:/home/runner/.m2/repository/org/junit/jupiter/junit-jupiter-api/5.10.1/junit-jupiter-api-5.10.1.jar:/home/runner/.m2/repository/org/opentest4j/opentest4j/1.3.0/opentest4j-1.3.0.jar:/home/runner/.m2/repository/org/junit/platform/junit-platform-commons/1.10.1/junit-platform-commons-1.10.1.jar:/home/runner/.m2/repository/org/apiguardian/apiguardian-api/1.1.2/apiguardian-api-1.1.2.jar:/home/runner/.m2/repository/org/junit/jupiter/junit-jupiter-engine/5.10.1/junit-jupiter-engine-5.10.1.jar:/home/runner/.m2/repository/org/junit/platform/junit-platform-engine/1.10.1/junit-platform-engine-1.10.1.jar:/home/runner/.m2/repository/org/mockito/mockito-core/5.7.0/mockito-core-5.7.0.jar:/home/runner/.m2/repository/net/bytebuddy/byte-buddy-agent/1.14.9/byte-buddy-agent-1.14.9.jar:/home/runner/.m2/repository/org/objenesis/objenesis/3.3/objenesis-3.3.jar:/home/runner/.m2/repository/ch/qos/logback/logback-classic/1.4.14/logback-classic-1.4.14.jar:/home/runner/.m2/repository/ch/qos/logback/logback-core/1.4.14/logback-core-1.4.14.jar:, java.vm.vendor=Eclipse Adoptium, sun.arch.data.model=64, java.vendor.url=https://adoptium.net/, user.timezone=Etc/UTC, hibernate.session_factory_name=default, java.vm.specification.version=17, os.name=Linux, sun.java.launcher=SUN_STANDARD, sun.boot.library.path=/usr/lib/jvm/temurin-17-jdk-amd64/lib, sun.java.command=/home/runner/work/ojp-framework-integration/ojp-framework-integration/micronaut/shopservice/target/surefire/surefirebooter-20250712072839672_3.jar /home/runner/work/ojp-framework-integration/ojp-framework-integration/micronaut/shopservice/target/surefire 2025-07-12T07-28-39_614-jvmRun1 surefire-20250712072839672_1tmp surefire_0-20250712072839672_2tmp, jdk.debug=release, test=OrderAndOrderItemControllerIT, surefire.test.class.path=/home/runner/work/ojp-framework-integration/ojp-framework-integration/micronaut/shopservice/target/test-classes:/home/runner/work/ojp-framework-integration/ojp-framework-integration/micronaut/shopservice/target/classes:/home/runner/.m2/repository/io/micronaut/micronaut-http-server-netty/4.2.4/micronaut-http-server-netty-4.2.4.jar:/home/runner/.m2/repository/org/slf4j/slf4j-api/2.0.9/slf4j-api-2.0.9.jar:/home/runner/.m2/repository/io/micronaut/micronaut-http-server/4.2.4/micronaut-http-server-4.2.4.jar:/home/runner/.m2/repository/io/micronaut/micronaut-http/4.2.4/micronaut-http-4.2.4.jar:/home/runner/.m2/repository/io/micronaut/micronaut-context-propagation/4.2.4/micronaut-context-propagation-4.2.4.jar:/home/runner/.m2/repository/io/micronaut/micronaut-router/4.2.4/micronaut-router-4.2.4.jar:/home/runner/.m2/repository/io/micronaut/micronaut-core/4.2.4/micronaut-core-4.2.4.jar:/home/runner/.m2/repository/io/micronaut/micronaut-http-netty/4.2.4/micronaut-http-netty-4.2.4.jar:/home/runner/.m2/repository/io/micronaut/micronaut-buffer-netty/4.2.4/micronaut-buffer-netty-4.2.4.jar:/home/runner/.m2/repository/io/netty/netty-codec-http2/4.1.106.Final/netty-codec-http2-4.1.106.Final.jar:/home/runner/.m2/repository/io/netty/netty-handler/4.1.106.Final/netty-handler-4.1.106.Final.jar:/home/runner/.m2/repository/io/netty/netty-resolver/4.1.106.Final/netty-resolver-4.1.106.Final.jar:/home/runner/.m2/repository/io/netty/netty-transport-native-unix-common/4.1.106.Final/netty-transport-native-unix-common-4.1.106.Final.jar:/home/runner/.m2/repository/io/netty/netty-codec-http/4.1.106.Final/netty-codec-http-4.1.106.Final.jar:/home/runner/.m2/repository/io/netty/netty-common/4.1.106.Final/netty-common-4.1.106.Final.jar:/home/runner/.m2/repository/io/netty/netty-buffer/4.1.106.Final/netty-buffer-4.1.106.Final.jar:/home/runner/.m2/repository/io/netty/netty-transport/4.1.106.Final/netty-transport-4.1.106.Final.jar:/home/runner/.m2/repository/io/netty/netty-codec/4.1.106.Final/netty-codec-4.1.106.Final.jar:/home/runner/.m2/repository/io/projectreactor/reactor-core/3.5.11/reactor-core-3.5.11.jar:/home/runner/.m2/repository/org/reactivestreams/reactive-streams/1.0.4/reactive-streams-1.0.4.jar:/home/runner/.m2/repository/io/micronaut/micronaut-inject/4.2.4/micronaut-inject-4.2.4.jar:/home/runner/.m2/repository/jakarta/inject/jakarta.inject-api/2.0.1/jakarta.inject-api-2.0.1.jar:/home/runner/.m2/repository/jakarta/annotation/jakarta.annotation-api/2.1.1/jakarta.annotation-api-2.1.1.jar:/home/runner/.m2/repository/io/micronaut/micronaut-http-client/4.2.4/micronaut-http-client-4.2.4.jar:/home/runner/.m2/repository/io/micronaut/micronaut-context/4.2.4/micronaut-context-4.2.4.jar:/home/runner/.m2/repository/io/micronaut/micronaut-http-client-core/4.2.4/micronaut-http-client-core-4.2.4.jar:/home/runner/.m2/repository/io/micronaut/micronaut-json-core/4.2.4/micronaut-json-core-4.2.4.jar:/home/runner/.m2/repository/io/micronaut/micronaut-discovery-core/4.2.4/micronaut-discovery-core-4.2.4.jar:/home/runner/.m2/repository/io/micronaut/micronaut-websocket/4.2.4/micronaut-websocket-4.2.4.jar:/home/runner/.m2/repository/io/netty/netty-handler-proxy/4.1.106.Final/netty-handler-proxy-4.1.106.Final.jar:/home/runner/.m2/repository/io/netty/netty-codec-socks/4.1.106.Final/netty-codec-socks-4.1.106.Final.jar:/home/runner/.m2/repository/io/micronaut/micronaut-jackson-databind/4.2.4/micronaut-jackson-databind-4.2.4.jar:/home/runner/.m2/repository/io/micronaut/micronaut-jackson-core/4.2.4/micronaut-jackson-core-4.2.4.jar:/home/runner/.m2/repository/com/fasterxml/jackson/core/jackson-core/2.15.3/jackson-core-2.15.3.jar:/home/runner/.m2/repository/com/fasterxml/jackson/core/jackson-annotations/2.15.3/jackson-annotations-2.15.3.jar:/home/runner/.m2/repository/com/fasterxml/jackson/core/jackson-databind/2.15.3/jackson-databind-2.15.3.jar:/home/runner/.m2/repository/com/fasterxml/jackson/datatype/jackson-datatype-jdk8/2.15.3/jackson-datatype-jdk8-2.15.3.jar:/home/runner/.m2/repository/com/fasterxml/jackson/datatype/jackson-datatype-jsr310/2.15.3/jackson-datatype-jsr310-2.15.3.jar:/home/runner/.m2/repository/io/micronaut/data/micronaut-data-hibernate-jpa/4.3.0/micronaut-data-hibernate-jpa-4.3.0.jar:/home/runner/.m2/repository/io/micronaut/data/micronaut-data-runtime/4.3.0/micronaut-data-runtime-4.3.0.jar:/home/runner/.m2/repository/io/micronaut/data/micronaut-data-tx/4.3.0/micronaut-data-tx-4.3.0.jar:/home/runner/.m2/repository/io/micronaut/data/micronaut-data-connection/4.3.0/micronaut-data-connection-4.3.0.jar:/home/runner/.m2/repository/io/micronaut/data/micronaut-data-model/4.3.0/micronaut-data-model-4.3.0.jar:/home/runner/.m2/repository/io/micronaut/micronaut-core-reactive/4.2.0/micronaut-core-reactive-4.2.0.jar:/home/runner/.m2/repository/io/micronaut/data/micronaut-data-tx-hibernate/4.3.0/micronaut-data-tx-hibernate-4.3.0.jar:/home/runner/.m2/repository/io/micronaut/data/micronaut-data-tx-jdbc/4.3.0/micronaut-data-tx-jdbc-4.3.0.jar:/home/runner/.m2/repository/io/micronaut/data/micronaut-data-connection-jdbc/4.3.0/micronaut-data-connection-jdbc-4.3.0.jar:/home/runner/.m2/repository/io/micronaut/data/micronaut-data-connection-hibernate/4.3.0/micronaut-data-connection-hibernate-4.3.0.jar:/home/runner/.m2/repository/io/micronaut/data/micronaut-data-jpa/4.3.0/micronaut-data-jpa-4.3.0.jar:/home/runner/.m2/repository/io/micronaut/sql/micronaut-hibernate-jpa/5.3.0/micronaut-hibernate-jpa-5.3.0.jar:/home/runner/.m2/repository/jakarta/transaction/jakarta.transaction-api/2.0.1/jakarta.transaction-api-2.0.1.jar:/home/runner/.m2/repository/io/micronaut/validation/micronaut-validation/4.2.0/micronaut-validation-4.2.0.jar:/home/runner/.m2/repository/jakarta/validation/jakarta.validation-api/3.0.2/jakarta.validation-api-3.0.2.jar:/home/runner/.m2/repository/io/micronaut/reactor/micronaut-reactor/3.1.0/micronaut-reactor-3.1.0.jar:/home/runner/.m2/repository/io/micronaut/micronaut-aop/4.2.0/micronaut-aop-4.2.0.jar:/home/runner/.m2/repository/io/micronaut/sql/micronaut-jdbc/5.3.0/micronaut-jdbc-5.3.0.jar:/home/runner/.m2/repository/io/micronaut/sql/micronaut-jdbc-hikari/5.3.0/micronaut-jdbc-hikari-5.3.0.jar:/home/runner/.m2/repository/com/zaxxer/HikariCP/5.1.0/HikariCP-5.1.0.jar:/home/runner/.m2/repository/com/h2database/h2/2.2.224/h2-2.2.224.jar:/home/runner/.m2/repository/jakarta/persistence/jakarta.persistence-api/3.1.0/jakarta.persistence-api-3.1.0.jar:/home/runner/.m2/repository/org/hibernate/orm/hibernate-core/6.4.8.Final/hibernate-core-6.4.8.Final.jar:/home/runner/.m2/repository/org/jboss/logging/jboss-logging/3.5.0.Final/jboss-logging-3.5.0.Final.jar:/home/runner/.m2/repository/org/hibernate/common/hibernate-commons-annotations/6.0.6.Final/hibernate-commons-annotations-6.0.6.Final.jar:/home/runner/.m2/repository/io/smallrye/jandex/3.1.2/jandex-3.1.2.jar:/home/runner/.m2/repository/com/fasterxml/classmate/1.5.1/classmate-1.5.1.jar:/home/runner/.m2/repository/net/bytebuddy/byte-buddy/1.14.11/byte-buddy-1.14.11.jar:/home/runner/.m2/repository/jakarta/xml/bind/jakarta.xml.bind-api/4.0.0/jakarta.xml.bind-api-4.0.0.jar:/home/runner/.m2/repository/jakarta/activation/jakarta.activation-api/2.1.0/jakarta.activation-api-2.1.0.jar:/home/runner/.m2/repository/org/glassfish/jaxb/jaxb-runtime/4.0.2/jaxb-runtime-4.0.2.jar:/home/runner/.m2/repository/org/glassfish/jaxb/jaxb-core/4.0.2/jaxb-core-4.0.2.jar:/home/runner/.m2/repository/org/eclipse/angus/angus-activation/2.0.0/angus-activation-2.0.0.jar:/home/runner/.m2/repository/org/glassfish/jaxb/txw2/4.0.2/txw2-4.0.2.jar:/home/runner/.m2/repository/com/sun/istack/istack-commons-runtime/4.1.1/istack-commons-runtime-4.1.1.jar:/home/runner/.m2/repository/org/antlr/antlr4-runtime/4.13.0/antlr4-runtime-4.13.0.jar:/home/runner/.m2/repository/io/micronaut/test/micronaut-test-junit5/4.1.0/micronaut-test-junit5-4.1.0.jar:/home/runner/.m2/repository/io/micronaut/test/micronaut-test-core/4.1.0/micronaut-test-core-4.1.0.jar:/home/runner/.m2/repository/org/junit/jupiter/junit-jupiter-api/5.10.1/junit-jupiter-api-5.10.1.jar:/home/runner/.m2/repository/org/opentest4j/opentest4j/1.3.0/opentest4j-1.3.0.jar:/home/runner/.m2/repository/org/junit/platform/junit-platform-commons/1.10.1/junit-platform-commons-1.10.1.jar:/home/runner/.m2/repository/org/apiguardian/apiguardian-api/1.1.2/apiguardian-api-1.1.2.jar:/home/runner/.m2/repository/org/junit/jupiter/junit-jupiter-engine/5.10.1/junit-jupiter-engine-5.10.1.jar:/home/runner/.m2/repository/org/junit/platform/junit-platform-engine/1.10.1/junit-platform-engine-1.10.1.jar:/home/runner/.m2/repository/org/mockito/mockito-core/5.7.0/mockito-core-5.7.0.jar:/home/runner/.m2/repository/net/bytebuddy/byte-buddy-agent/1.14.9/byte-buddy-agent-1.14.9.jar:/home/runner/.m2/repository/org/objenesis/objenesis/3.3/objenesis-3.3.jar:/home/runner/.m2/repository/ch/qos/logback/logback-classic/1.4.14/logback-classic-1.4.14.jar:/home/runner/.m2/repository/ch/qos/logback/logback-core/1.4.14/logback-core-1.4.14.jar:, sun.cpu.endian=little, user.home=/home/runner, hibernate.id.db_structure_naming_strategy=legacy, user.language=en, javax.persistence.validation.factory=io.micronaut.validation.validator.DefaultValidatorFactory@1b7c473a, java.specification.vendor=Oracle Corporation, java.version.date=2025-04-15, java.home=/usr/lib/jvm/temurin-17-jdk-amd64, file.separator=/, basedir=/home/runner/work/ojp-framework-integration/ojp-framework-integration/micronaut/shopservice, java.vm.compressedOopsMode=Zero based, line.separator=
, java.specification.name=Java Platform API Specification, java.vm.specification.vendor=Oracle Corporation, surefire.real.class.path=/home/runner/work/ojp-framework-integration/ojp-framework-integration/micronaut/shopservice/target/surefire/surefirebooter-20250712072839672_3.jar, hibernate.session_factory_name_is_jndi=false, hibernate.hbm2ddl.auto=create-drop, sun.management.compiler=HotSpot 64-Bit Tiered Compilers, java.runtime.version=17.0.15+6, user.name=runner, path.separator=:, os.version=6.11.0-1018-azure, java.runtime.name=OpenJDK Runtime Environment, file.encoding=UTF-8, java.vm.name=OpenJDK 64-Bit Server VM, hibernate.show_sql=false, java.vendor.version=Temurin-17.0.15+6, hibernate.current_session_context_class=io.micronaut.transaction.hibernate.MicronautSessionContext, localRepository=/home/runner/.m2/repository, micronaut.classloader.logging=true, java.vendor.url.bug=https://github.com/adoptium/adoptium-support/issues, java.io.tmpdir=/tmp, java.version=17.0.15, hibernate.physical_naming_strategy=io.micronaut.data.hibernate.naming.DefaultPhysicalNamingStrategy@7096b474, user.dir=/home/runner/work/ojp-framework-integration/ojp-framework-integration/micronaut/shopservice, os.arch=amd64, java.vm.specification.name=Java Virtual Machine Specification, hibernate.boot.CfgXmlAccessService.key=org.hibernate.boot.cfgxml.spi.LoadedConfig@4a9860, native.encoding=UTF-8, java.library.path=/usr/java/packages/lib:/usr/lib64:/lib64:/lib:/usr/lib, java.vendor=Eclipse Adoptium, java.vm.info=mixed mode, sharing, java.vm.version=17.0.15+6, java.specification.maintenance.version=1, sun.io.unicode.encoding=UnicodeLittle, hibernate.connection.datasource=HikariDataSource (HikariPool-1), java.class.version=61.0}
07:28:41.890 [main] DEBUG org.hibernate.internal.SessionFactoryImpl -- Session factory constructed with filter configurations : {}
07:28:41.893 [main] DEBUG org.hibernate.boot.internal.ClassLoaderAccessImpl -- Not known whether passed class name [com.example.shopservice.entity.Product] is safe
07:28:41.893 [main] DEBUG org.hibernate.boot.internal.ClassLoaderAccessImpl -- No temp ClassLoader provided; using live ClassLoader for loading potentially unsafe class : com.example.shopservice.entity.Product
07:28:41.893 [main] DEBUG io.micronaut.core.beans.DefaultBeanIntrospector -- Found BeanIntrospection for type: class com.example.shopservice.entity.Product,
07:28:41.895 [main] DEBUG org.hibernate.boot.internal.ClassLoaderAccessImpl -- Not known whether passed class name [com.example.shopservice.entity.User] is safe
07:28:41.895 [main] DEBUG org.hibernate.boot.internal.ClassLoaderAccessImpl -- No temp ClassLoader provided; using live ClassLoader for loading potentially unsafe class : com.example.shopservice.entity.User
07:28:41.895 [main] DEBUG io.micronaut.core.beans.DefaultBeanIntrospector -- Found BeanIntrospection for type: class com.example.shopservice.entity.User,
07:28:41.896 [main] DEBUG org.hibernate.boot.internal.ClassLoaderAccessImpl -- Not known whether passed class name [com.example.shopservice.entity.Order] is safe
07:28:41.896 [main] DEBUG org.hibernate.boot.internal.ClassLoaderAccessImpl -- No temp ClassLoader provided; using live ClassLoader for loading potentially unsafe class : com.example.shopservice.entity.Order
07:28:41.896 [main] DEBUG io.micronaut.core.beans.DefaultBeanIntrospector -- Found BeanIntrospection for type: class com.example.shopservice.entity.Order,
07:28:41.897 [main] DEBUG org.hibernate.boot.internal.ClassLoaderAccessImpl -- Not known whether passed class name [com.example.shopservice.entity.OrderItem] is safe
07:28:41.897 [main] DEBUG org.hibernate.boot.internal.ClassLoaderAccessImpl -- No temp ClassLoader provided; using live ClassLoader for loading potentially unsafe class : com.example.shopservice.entity.OrderItem
07:28:41.897 [main] DEBUG io.micronaut.core.beans.DefaultBeanIntrospector -- Found BeanIntrospection for type: class com.example.shopservice.entity.OrderItem,
07:28:41.897 [main] DEBUG org.hibernate.boot.internal.ClassLoaderAccessImpl -- Not known whether passed class name [com.example.shopservice.entity.Review] is safe
07:28:41.897 [main] DEBUG org.hibernate.boot.internal.ClassLoaderAccessImpl -- No temp ClassLoader provided; using live ClassLoader for loading potentially unsafe class : com.example.shopservice.entity.Review
07:28:41.897 [main] DEBUG io.micronaut.core.beans.DefaultBeanIntrospector -- Found BeanIntrospection for type: class com.example.shopservice.entity.Review,
07:28:41.898 [main] DEBUG org.hibernate.service.internal.SessionFactoryServiceRegistryImpl -- EventListenerRegistry access via ServiceRegistry is deprecated.  Use `sessionFactory.getEventEngine().getListenerRegistry()` instead
07:28:41.899 [main] DEBUG org.hibernate.service.internal.SessionFactoryServiceRegistryImpl -- EventListenerRegistry access via ServiceRegistry is deprecated.  Use `sessionFactory.getEventEngine().getListenerRegistry()` instead
07:28:41.899 [main] DEBUG org.hibernate.event.service.internal.EventListenerGroupImpl -- Checking incoming listener [`io.micronaut.data.hibernate.event.EventIntegrator$$Lambda$899/0x00007fa088868a58@2f677247`] for match against existing listener [`org.hibernate.boot.beanvalidation.BeanValidationEventListener@43f03c23`]
07:28:41.899 [main] DEBUG org.hibernate.event.service.internal.EventListenerGroupImpl -- Checking incoming listener [`io.micronaut.data.hibernate.event.EventIntegrator$$Lambda$899/0x00007fa088868a58@2f677247`] for match against existing listener [`org.hibernate.boot.beanvalidation.BeanValidationEventListener@43f03c23`]
07:28:41.899 [main] DEBUG org.hibernate.event.service.internal.EventListenerGroupImpl -- Checking incoming listener [`io.micronaut.data.hibernate.event.EventIntegrator$1@7f13811b`] for match against existing listener [`org.hibernate.event.internal.PostInsertEventListenerStandardImpl@59fc6d05`]
07:28:41.900 [main] DEBUG org.hibernate.event.service.internal.EventListenerGroupImpl -- Checking incoming listener [`io.micronaut.data.hibernate.event.EventIntegrator$1@7f13811b`] for match against existing listener [`org.hibernate.event.internal.PostInsertEventListenerStandardImpl@59fc6d05`]
07:28:41.900 [main] DEBUG org.hibernate.event.service.internal.EventListenerGroupImpl -- Checking incoming listener [`io.micronaut.data.hibernate.event.EventIntegrator$$Lambda$900/0x00007fa088868ed0@23ad71bf`] for match against existing listener [`org.hibernate.boot.beanvalidation.BeanValidationEventListener@43f03c23`]
07:28:41.900 [main] DEBUG org.hibernate.event.service.internal.EventListenerGroupImpl -- Checking incoming listener [`io.micronaut.data.hibernate.event.EventIntegrator$$Lambda$900/0x00007fa088868ed0@23ad71bf`] for match against existing listener [`org.hibernate.boot.beanvalidation.BeanValidationEventListener@43f03c23`]
07:28:41.900 [main] DEBUG org.hibernate.event.service.internal.EventListenerGroupImpl -- Checking incoming listener [`io.micronaut.data.hibernate.event.EventIntegrator$2@4391a2d8`] for match against existing listener [`org.hibernate.event.internal.PostDeleteEventListenerStandardImpl@47b269c4`]
07:28:41.900 [main] DEBUG org.hibernate.event.service.internal.EventListenerGroupImpl -- Checking incoming listener [`io.micronaut.data.hibernate.event.EventIntegrator$2@4391a2d8`] for match against existing listener [`org.hibernate.event.internal.PostDeleteEventListenerStandardImpl@47b269c4`]
07:28:41.900 [main] DEBUG org.hibernate.event.service.internal.EventListenerGroupImpl -- Checking incoming listener [`io.micronaut.data.hibernate.event.EventIntegrator$$Lambda$901/0x00007fa088869348@7c40ffef`] for match against existing listener [`org.hibernate.boot.beanvalidation.BeanValidationEventListener@43f03c23`]
07:28:41.900 [main] DEBUG org.hibernate.event.service.internal.EventListenerGroupImpl -- Checking incoming listener [`io.micronaut.data.hibernate.event.EventIntegrator$$Lambda$901/0x00007fa088869348@7c40ffef`] for match against existing listener [`org.hibernate.boot.beanvalidation.BeanValidationEventListener@43f03c23`]
07:28:41.900 [main] DEBUG org.hibernate.event.service.internal.EventListenerGroupImpl -- Checking incoming listener [`io.micronaut.data.hibernate.event.EventIntegrator$3@6579cdbb`] for match against existing listener [`org.hibernate.event.internal.PostUpdateEventListenerStandardImpl@fd413fb`]
07:28:41.900 [main] DEBUG org.hibernate.event.service.internal.EventListenerGroupImpl -- Checking incoming listener [`io.micronaut.data.hibernate.event.EventIntegrator$3@6579cdbb`] for match against existing listener [`org.hibernate.event.internal.PostUpdateEventListenerStandardImpl@fd413fb`]
07:28:41.901 [main] DEBUG org.hibernate.event.service.internal.EventListenerGroupImpl -- Checking incoming listener [`io.micronaut.data.hibernate.event.EventIntegrator$$Lambda$902/0x00007fa088869a08@64bebd55`] for match against existing listener [`org.hibernate.event.internal.DefaultPostLoadEventListener@7c1a8f0f`]
07:28:41.901 [main] DEBUG org.hibernate.event.service.internal.EventListenerGroupImpl -- Checking incoming listener [`io.micronaut.data.hibernate.event.EventIntegrator$$Lambda$902/0x00007fa088869a08@64bebd55`] for match against existing listener [`org.hibernate.event.internal.DefaultPostLoadEventListener@7c1a8f0f`]
07:28:41.935 [main] DEBUG org.hibernate.query.sqm.function.SqmFunctionRegistry -- Registered SqmFunctionTemplate [NamedSqmFunctionTemplate(max)] under max; prior registration was null
07:28:41.935 [main] DEBUG org.hibernate.query.sqm.function.SqmFunctionRegistry -- Registered SqmFunctionTemplate [NamedSqmFunctionTemplate(min)] under min; prior registration was null
07:28:41.936 [main] DEBUG org.hibernate.query.sqm.function.SqmFunctionRegistry -- Registered SqmFunctionTemplate [NamedSqmFunctionTemplate(sum)] under sum; prior registration was null
07:28:41.936 [main] DEBUG org.hibernate.query.sqm.function.SqmFunctionRegistry -- Registered SqmFunctionTemplate [NamedSqmFunctionTemplate(avg)] under avg; prior registration was null
07:28:41.937 [main] DEBUG org.hibernate.query.sqm.function.SqmFunctionRegistry -- Registered SqmFunctionTemplate [org.hibernate.dialect.function.CountFunction@f2b90fc] under count; prior registration was null
07:28:41.937 [main] DEBUG org.hibernate.query.sqm.function.SqmFunctionRegistry -- Registered SqmFunctionTemplate [org.hibernate.dialect.function.EveryAnyEmulation@182e7eda] under every; prior registration was null
07:28:41.937 [main] DEBUG org.hibernate.query.sqm.function.SqmFunctionRegistry -- Registered SqmFunctionTemplate [org.hibernate.dialect.function.EveryAnyEmulation@5f61371d] under any; prior registration was null
07:28:41.938 [main] DEBUG org.hibernate.query.sqm.function.SqmFunctionRegistry -- Registered SqmFunctionTemplate [NamedSqmFunctionTemplate(floor)] under floor; prior registration was null
07:28:41.938 [main] DEBUG org.hibernate.query.sqm.function.SqmFunctionRegistry -- Registered SqmFunctionTemplate [NamedSqmFunctionTemplate(ceiling)] under ceiling; prior registration was null
07:28:41.938 [main] DEBUG org.hibernate.query.sqm.function.SqmFunctionRegistry -- Registered SqmFunctionTemplate [NamedSqmFunctionTemplate(mod)] under mod; prior registration was null
07:28:41.938 [main] DEBUG org.hibernate.query.sqm.function.SqmFunctionRegistry -- Registered SqmFunctionTemplate [NamedSqmFunctionTemplate(abs)] under abs; prior registration was null
07:28:41.938 [main] DEBUG org.hibernate.query.sqm.function.SqmFunctionRegistry -- Registered SqmFunctionTemplate [NamedSqmFunctionTemplate(sign)] under sign; prior registration was null
07:28:41.938 [main] DEBUG org.hibernate.query.sqm.function.SqmFunctionRegistry -- Registered SqmFunctionTemplate [NamedSqmFunctionTemplate(sqrt)] under sqrt; prior registration was null
07:28:41.938 [main] DEBUG org.hibernate.query.sqm.function.SqmFunctionRegistry -- Registered SqmFunctionTemplate [NamedSqmFunctionTemplate(ln)] under ln; prior registration was null
07:28:41.938 [main] DEBUG org.hibernate.query.sqm.function.SqmFunctionRegistry -- Registered SqmFunctionTemplate [NamedSqmFunctionTemplate(exp)] under exp; prior registration was null
07:28:41.938 [main] DEBUG org.hibernate.query.sqm.function.SqmFunctionRegistry -- Registered SqmFunctionTemplate [NamedSqmFunctionTemplate(power)] under power; prior registration was null
07:28:41.938 [main] DEBUG org.hibernate.query.sqm.function.SqmFunctionRegistry -- Registered SqmFunctionTemplate [NamedSqmFunctionTemplate(round)] under round; prior registration was null
07:28:41.938 [main] DEBUG org.hibernate.query.sqm.function.SqmFunctionRegistry -- Registered SqmFunctionTemplate [NamedSqmFunctionTemplate(sin)] under sin; prior registration was null
07:28:41.938 [main] DEBUG org.hibernate.query.sqm.function.SqmFunctionRegistry -- Registered SqmFunctionTemplate [NamedSqmFunctionTemplate(cos)] under cos; prior registration was null
07:28:41.938 [main] DEBUG org.hibernate.query.sqm.function.SqmFunctionRegistry -- Registered SqmFunctionTemplate [NamedSqmFunctionTemplate(tan)] under tan; prior registration was null
07:28:41.938 [main] DEBUG org.hibernate.query.sqm.function.SqmFunctionRegistry -- Registered SqmFunctionTemplate [NamedSqmFunctionTemplate(asin)] under asin; prior registration was null
07:28:41.938 [main] DEBUG org.hibernate.query.sqm.function.SqmFunctionRegistry -- Registered SqmFunctionTemplate [NamedSqmFunctionTemplate(acos)] under acos; prior registration was null
07:28:41.938 [main] DEBUG org.hibernate.query.sqm.function.SqmFunctionRegistry -- Registered SqmFunctionTemplate [NamedSqmFunctionTemplate(atan)] under atan; prior registration was null
07:28:41.938 [main] DEBUG org.hibernate.query.sqm.function.SqmFunctionRegistry -- Registered SqmFunctionTemplate [NamedSqmFunctionTemplate(atan2)] under atan2; prior registration was null
07:28:41.940 [main] DEBUG org.hibernate.query.sqm.function.SqmFunctionRegistry -- Registered SqmFunctionTemplate [org.hibernate.query.sqm.function.PatternBasedSqmFunctionDescriptor@322204dc] under sinh; prior registration was null
07:28:41.940 [main] DEBUG org.hibernate.query.sqm.function.SqmFunctionRegistry -- Registered SqmFunctionTemplate [org.hibernate.query.sqm.function.PatternBasedSqmFunctionDescriptor@656a3d6b] under cosh; prior registration was null
07:28:41.940 [main] DEBUG org.hibernate.query.sqm.function.SqmFunctionRegistry -- Registered SqmFunctionTemplate [org.hibernate.query.sqm.function.PatternBasedSqmFunctionDescriptor@25b38203] under tanh; prior registration was null
07:28:41.940 [main] DEBUG org.hibernate.query.sqm.function.SqmFunctionRegistry -- Registered SqmFunctionTemplate [org.hibernate.query.sqm.function.PatternBasedSqmFunctionDescriptor@778a1250] under pi; prior registration was null
07:28:41.940 [main] DEBUG org.hibernate.query.sqm.function.SqmFunctionRegistry -- Registered SqmFunctionTemplate [org.hibernate.query.sqm.function.PatternBasedSqmFunctionDescriptor@55acec99] under log; prior registration was null
07:28:41.940 [main] DEBUG org.hibernate.query.sqm.function.SqmFunctionRegistry -- Registered SqmFunctionTemplate [NamedSqmFunctionTemplate(coalesce)] under coalesce; prior registration was null
07:28:41.940 [main] DEBUG org.hibernate.query.sqm.function.SqmFunctionRegistry -- Registered SqmFunctionTemplate [NamedSqmFunctionTemplate(nullif)] under nullif; prior registration was null
07:28:41.940 [main] DEBUG org.hibernate.query.sqm.function.SqmFunctionRegistry -- Registered SqmFunctionTemplate [NamedSqmFunctionTemplate(left)] under left; prior registration was null
07:28:41.940 [main] DEBUG org.hibernate.query.sqm.function.SqmFunctionRegistry -- Registered SqmFunctionTemplate [NamedSqmFunctionTemplate(right)] under right; prior registration was null
07:28:41.940 [main] DEBUG org.hibernate.query.sqm.function.SqmFunctionRegistry -- Registered SqmFunctionTemplate [NamedSqmFunctionTemplate(replace)] under replace; prior registration was null
07:28:41.940 [main] DEBUG org.hibernate.query.sqm.function.SqmFunctionRegistry -- Registered SqmFunctionTemplate [NamedSqmFunctionTemplate(concat)] under concat; prior registration was null
07:28:41.940 [main] DEBUG org.hibernate.query.sqm.function.SqmFunctionRegistry -- Registered SqmFunctionTemplate [NamedSqmFunctionTemplate(lower)] under lower; prior registration was null
07:28:41.940 [main] DEBUG org.hibernate.query.sqm.function.SqmFunctionRegistry -- Registered SqmFunctionTemplate [NamedSqmFunctionTemplate(upper)] under upper; prior registration was null
07:28:41.940 [main] DEBUG org.hibernate.query.sqm.function.SqmFunctionRegistry -- Registered SqmFunctionTemplate [NamedSqmFunctionTemplate(substring)] under substring; prior registration was null
07:28:41.940 [main] DEBUG org.hibernate.query.sqm.function.SqmFunctionRegistry -- Registered SqmFunctionTemplate [NamedSqmFunctionTemplate(locate)] under locate; prior registration was null
07:28:41.940 [main] DEBUG org.hibernate.query.sqm.function.SqmFunctionRegistry -- Registered SqmFunctionTemplate [NamedSqmFunctionTemplate(character_length)] under character_length; prior registration was null
07:28:41.940 [main] DEBUG org.hibernate.query.sqm.function.SqmFunctionRegistry -- Registering alternate key : length -> character_length
07:28:41.941 [main] DEBUG org.hibernate.query.sqm.function.SqmFunctionRegistry -- Registered SqmFunctionTemplate [org.hibernate.dialect.function.LocatePositionEmulation@77724cbe] under position; prior registration was null
07:28:41.942 [main] DEBUG org.hibernate.query.sqm.function.SqmFunctionRegistry -- Registered SqmFunctionTemplate [org.hibernate.dialect.function.InsertSubstringOverlayEmulation@623e0631] under overlay; prior registration was null
07:28:41.942 [main] DEBUG org.hibernate.query.sqm.function.SqmFunctionRegistry -- Registered SqmFunctionTemplate [org.hibernate.dialect.function.TrimFunction@245253d8] under trim; prior registration was null
07:28:41.942 [main] DEBUG org.hibernate.query.sqm.function.SqmFunctionRegistry -- Registered SqmFunctionTemplate [org.hibernate.dialect.function.CastFunction@787e4357] under cast; prior registration was null
07:28:41.942 [main] DEBUG org.hibernate.query.sqm.function.SqmFunctionRegistry -- Registered SqmFunctionTemplate [org.hibernate.query.sqm.function.PatternBasedSqmFunctionDescriptor@392781e] under collate; prior registration was null
07:28:41.943 [main] DEBUG org.hibernate.query.sqm.function.SqmFunctionRegistry -- Registered SqmFunctionTemplate [org.hibernate.dialect.function.ExtractFunction@18a096b5] under extract; prior registration was null
07:28:41.943 [main] DEBUG org.hibernate.query.sqm.function.SqmFunctionRegistry -- Registered SqmFunctionTemplate [NamedSqmFunctionTemplate(least)] under least; prior registration was null
07:28:41.943 [main] DEBUG org.hibernate.query.sqm.function.SqmFunctionRegistry -- Registered SqmFunctionTemplate [NamedSqmFunctionTemplate(greatest)] under greatest; prior registration was null
07:28:41.943 [main] DEBUG org.hibernate.query.sqm.function.SqmFunctionRegistry -- Registered SqmFunctionTemplate [org.hibernate.dialect.function.CoalesceIfnullEmulation@1b57c345] under ifnull; prior registration was null
07:28:41.943 [main] DEBUG org.hibernate.query.sqm.function.SqmFunctionRegistry -- Registered SqmFunctionTemplate [NamedSqmFunctionTemplate(lpad)] under lpad; prior registration was null
07:28:41.943 [main] DEBUG org.hibernate.query.sqm.function.SqmFunctionRegistry -- Registered SqmFunctionTemplate [NamedSqmFunctionTemplate(rpad)] under rpad; prior registration was null
07:28:41.943 [main] DEBUG org.hibernate.query.sqm.function.SqmFunctionRegistry -- Registered SqmFunctionTemplate [org.hibernate.dialect.function.LpadRpadPadEmulation@5c059a68] under pad; prior registration was null
07:28:41.943 [main] DEBUG org.hibernate.query.sqm.function.SqmFunctionRegistry -- Registered SqmFunctionTemplate [org.hibernate.dialect.function.CastStrEmulation@5fdfe8cf] under str; prior registration was null
07:28:41.944 [main] DEBUG org.hibernate.query.sqm.function.SqmFunctionRegistry -- Registered SqmFunctionTemplate [org.hibernate.dialect.function.FormatFunction@6af5b246] under format; prior registration was null
07:28:41.944 [main] DEBUG org.hibernate.query.sqm.function.SqmFunctionRegistry -- Registered SqmFunctionTemplate [org.hibernate.dialect.function.TimestampaddFunction@2a4f8009] under timestampadd; prior registration was null
07:28:41.945 [main] DEBUG org.hibernate.query.sqm.function.SqmFunctionRegistry -- Registered SqmFunctionTemplate [org.hibernate.dialect.function.TimestampdiffFunction@2d7637e6] under timestampdiff; prior registration was null
07:28:41.945 [main] DEBUG org.hibernate.query.sqm.function.SqmFunctionRegistry -- Registering alternate key : dateadd -> timestampadd
07:28:41.945 [main] DEBUG org.hibernate.query.sqm.function.SqmFunctionRegistry -- Registering alternate key : datediff -> timestampdiff
07:28:41.945 [main] DEBUG org.hibernate.query.sqm.function.SqmFunctionRegistry -- Registered SqmFunctionTemplate [org.hibernate.dialect.function.CurrentFunction@2e71240b] under current_date; prior registration was null
07:28:41.945 [main] DEBUG org.hibernate.query.sqm.function.SqmFunctionRegistry -- Registered SqmFunctionTemplate [org.hibernate.dialect.function.CurrentFunction@23cd5d42] under current_time; prior registration was null
07:28:41.945 [main] DEBUG org.hibernate.query.sqm.function.SqmFunctionRegistry -- Registered SqmFunctionTemplate [org.hibernate.dialect.function.CurrentFunction@2b44d6d0] under current_timestamp; prior registration was null
07:28:41.945 [main] DEBUG org.hibernate.query.sqm.function.SqmFunctionRegistry -- Registering alternate key : current date -> current_date
07:28:41.945 [main] DEBUG org.hibernate.query.sqm.function.SqmFunctionRegistry -- Registering alternate key : current time -> current_time
07:28:41.945 [main] DEBUG org.hibernate.query.sqm.function.SqmFunctionRegistry -- Registering alternate key : current timestamp -> current_timestamp
07:28:41.945 [main] DEBUG org.hibernate.query.sqm.function.SqmFunctionRegistry -- Registered SqmFunctionTemplate [org.hibernate.dialect.function.CurrentFunction@3e900e1a] under local_date; prior registration was null
07:28:41.945 [main] DEBUG org.hibernate.query.sqm.function.SqmFunctionRegistry -- Registered SqmFunctionTemplate [org.hibernate.dialect.function.CurrentFunction@196624bf] under local_time; prior registration was null
07:28:41.945 [main] DEBUG org.hibernate.query.sqm.function.SqmFunctionRegistry -- Registered SqmFunctionTemplate [org.hibernate.dialect.function.CurrentFunction@50085d9c] under local_datetime; prior registration was null
07:28:41.945 [main] DEBUG org.hibernate.query.sqm.function.SqmFunctionRegistry -- Registered SqmFunctionTemplate [org.hibernate.dialect.function.CurrentFunction@5df7e31b] under offset_datetime; prior registration was null
07:28:41.945 [main] DEBUG org.hibernate.query.sqm.function.SqmFunctionRegistry -- Registering alternate key : local date -> local_date
07:28:41.945 [main] DEBUG org.hibernate.query.sqm.function.SqmFunctionRegistry -- Registering alternate key : local time -> local_time
07:28:41.945 [main] DEBUG org.hibernate.query.sqm.function.SqmFunctionRegistry -- Registering alternate key : local datetime -> local_datetime
07:28:41.945 [main] DEBUG org.hibernate.query.sqm.function.SqmFunctionRegistry -- Registering alternate key : offset datetime -> offset_datetime
07:28:41.945 [main] DEBUG org.hibernate.query.sqm.function.SqmFunctionRegistry -- Registered SqmFunctionTemplate [org.hibernate.dialect.function.CurrentFunction@63a9c661] under instant; prior registration was null
07:28:41.945 [main] DEBUG org.hibernate.query.sqm.function.SqmFunctionRegistry -- Registering alternate key : current_instant -> instant
07:28:41.946 [main] DEBUG org.hibernate.query.sqm.function.SqmFunctionRegistry -- Registered SqmFunctionTemplate [org.hibernate.dialect.function.SqlFunction@160e99e0] under sql; prior registration was null
07:28:41.946 [main] DEBUG org.hibernate.query.sqm.function.SqmFunctionRegistry -- Registered SqmFunctionTemplate [NamedSqmFunctionTemplate(max)] under max; prior registration was NamedSqmFunctionTemplate(max)
07:28:41.946 [main] DEBUG org.hibernate.query.sqm.function.SqmFunctionRegistry -- Registered SqmFunctionTemplate [NamedSqmFunctionTemplate(min)] under min; prior registration was NamedSqmFunctionTemplate(min)
07:28:41.946 [main] DEBUG org.hibernate.query.sqm.function.SqmFunctionRegistry -- Registered SqmFunctionTemplate [NamedSqmFunctionTemplate(sum)] under sum; prior registration was NamedSqmFunctionTemplate(sum)
07:28:41.946 [main] DEBUG org.hibernate.query.sqm.function.SqmFunctionRegistry -- Registered SqmFunctionTemplate [NamedSqmFunctionTemplate(avg)] under avg; prior registration was NamedSqmFunctionTemplate(avg)
07:28:41.946 [main] DEBUG org.hibernate.query.sqm.function.SqmFunctionRegistry -- Registered SqmFunctionTemplate [org.hibernate.dialect.function.CountFunction@4f3e9fbb] under count; prior registration was org.hibernate.dialect.function.CountFunction@f2b90fc
07:28:41.946 [main] DEBUG org.hibernate.query.sqm.function.SqmFunctionRegistry -- Registered SqmFunctionTemplate [org.hibernate.dialect.function.AvgFunction@1a1ccaaf] under avg; prior registration was NamedSqmFunctionTemplate(avg)
07:28:41.946 [main] DEBUG org.hibernate.query.sqm.function.SqmFunctionRegistry -- Registered SqmFunctionTemplate [NamedSqmFunctionTemplate(pi)] under pi; prior registration was org.hibernate.query.sqm.function.PatternBasedSqmFunctionDescriptor@778a1250
07:28:41.946 [main] DEBUG org.hibernate.query.sqm.function.SqmFunctionRegistry -- Registered SqmFunctionTemplate [NamedSqmFunctionTemplate(cot)] under cot; prior registration was null
07:28:41.946 [main] DEBUG org.hibernate.query.sqm.function.SqmFunctionRegistry -- Registered SqmFunctionTemplate [NamedSqmFunctionTemplate(radians)] under radians; prior registration was null
07:28:41.946 [main] DEBUG org.hibernate.query.sqm.function.SqmFunctionRegistry -- Registered SqmFunctionTemplate [NamedSqmFunctionTemplate(degrees)] under degrees; prior registration was null
07:28:41.946 [main] DEBUG org.hibernate.query.sqm.function.SqmFunctionRegistry -- Registered SqmFunctionTemplate [NamedSqmFunctionTemplate(log10)] under log10; prior registration was null
07:28:41.946 [main] DEBUG org.hibernate.query.sqm.function.SqmFunctionRegistry -- Registered SqmFunctionTemplate [org.hibernate.query.sqm.function.PatternBasedSqmFunctionDescriptor@7b53b1ad] under mod; prior registration was NamedSqmFunctionTemplate(mod)
07:28:41.946 [main] DEBUG org.hibernate.query.sqm.function.SqmFunctionRegistry -- Registered SqmFunctionTemplate [NamedSqmFunctionTemplate(rand)] under rand; prior registration was null
07:28:41.946 [main] DEBUG org.hibernate.query.sqm.function.SqmFunctionRegistry -- Registered SqmFunctionTemplate [NamedSqmFunctionTemplate(soundex)] under soundex; prior registration was null
07:28:41.946 [main] DEBUG org.hibernate.query.sqm.function.SqmFunctionRegistry -- Registered SqmFunctionTemplate [NamedSqmFunctionTemplate(translate)] under translate; prior registration was null
07:28:41.946 [main] DEBUG org.hibernate.query.sqm.function.SqmFunctionRegistry -- Registered SqmFunctionTemplate [NamedSqmFunctionTemplate(bitand)] under bitand; prior registration was null
07:28:41.946 [main] DEBUG org.hibernate.query.sqm.function.SqmFunctionRegistry -- Registered SqmFunctionTemplate [NamedSqmFunctionTemplate(bitor)] under bitor; prior registration was null
07:28:41.946 [main] DEBUG org.hibernate.query.sqm.function.SqmFunctionRegistry -- Registered SqmFunctionTemplate [NamedSqmFunctionTemplate(bitxor)] under bitxor; prior registration was null
07:28:41.946 [main] DEBUG org.hibernate.query.sqm.function.SqmFunctionRegistry -- Registered SqmFunctionTemplate [NamedSqmFunctionTemplate(bit_and)] under bit_and; prior registration was null
07:28:41.946 [main] DEBUG org.hibernate.query.sqm.function.SqmFunctionRegistry -- Registered SqmFunctionTemplate [NamedSqmFunctionTemplate(bit_or)] under bit_or; prior registration was null
07:28:41.946 [main] DEBUG org.hibernate.query.sqm.function.SqmFunctionRegistry -- Registered SqmFunctionTemplate [NamedSqmFunctionTemplate(day)] under day; prior registration was null
07:28:41.946 [main] DEBUG org.hibernate.query.sqm.function.SqmFunctionRegistry -- Registered SqmFunctionTemplate [NamedSqmFunctionTemplate(month)] under month; prior registration was null
07:28:41.946 [main] DEBUG org.hibernate.query.sqm.function.SqmFunctionRegistry -- Registered SqmFunctionTemplate [NamedSqmFunctionTemplate(year)] under year; prior registration was null
07:28:41.946 [main] DEBUG org.hibernate.query.sqm.function.SqmFunctionRegistry -- Registered SqmFunctionTemplate [NamedSqmFunctionTemplate(hour)] under hour; prior registration was null
07:28:41.946 [main] DEBUG org.hibernate.query.sqm.function.SqmFunctionRegistry -- Registered SqmFunctionTemplate [NamedSqmFunctionTemplate(minute)] under minute; prior registration was null
07:28:41.946 [main] DEBUG org.hibernate.query.sqm.function.SqmFunctionRegistry -- Registered SqmFunctionTemplate [NamedSqmFunctionTemplate(second)] under second; prior registration was null
07:28:41.946 [main] DEBUG org.hibernate.query.sqm.function.SqmFunctionRegistry -- Registered SqmFunctionTemplate [NamedSqmFunctionTemplate(microsecond)] under microsecond; prior registration was null
07:28:41.946 [main] DEBUG org.hibernate.query.sqm.function.SqmFunctionRegistry -- Registered SqmFunctionTemplate [NamedSqmFunctionTemplate(day_of_week)] under day_of_week; prior registration was null
07:28:41.946 [main] DEBUG org.hibernate.query.sqm.function.SqmFunctionRegistry -- Registered SqmFunctionTemplate [NamedSqmFunctionTemplate(day_of_month)] under day_of_month; prior registration was null
07:28:41.946 [main] DEBUG org.hibernate.query.sqm.function.SqmFunctionRegistry -- Registering alternate key : day -> day_of_month
07:28:41.946 [main] DEBUG org.hibernate.query.sqm.function.SqmFunctionRegistry -- Registered SqmFunctionTemplate [NamedSqmFunctionTemplate(day_of_year)] under day_of_year; prior registration was null
07:28:41.946 [main] DEBUG org.hibernate.query.sqm.function.SqmFunctionRegistry -- Registered SqmFunctionTemplate [NamedSqmFunctionTemplate(week)] under week; prior registration was null
07:28:41.946 [main] DEBUG org.hibernate.query.sqm.function.SqmFunctionRegistry -- Registered SqmFunctionTemplate [NamedSqmFunctionTemplate(quarter)] under quarter; prior registration was null
07:28:41.946 [main] DEBUG org.hibernate.query.sqm.function.SqmFunctionRegistry -- Registered SqmFunctionTemplate [NamedSqmFunctionTemplate(monthname)] under monthname; prior registration was null
07:28:41.946 [main] DEBUG org.hibernate.query.sqm.function.SqmFunctionRegistry -- Registered SqmFunctionTemplate [NamedSqmFunctionTemplate(dayname)] under dayname; prior registration was null
07:28:41.946 [main] DEBUG org.hibernate.query.sqm.function.SqmFunctionRegistry -- Registered SqmFunctionTemplate [NamedSqmFunctionTemplate(localtime)] under localtime; prior registration was null
07:28:41.946 [main] DEBUG org.hibernate.query.sqm.function.SqmFunctionRegistry -- Registered SqmFunctionTemplate [NamedSqmFunctionTemplate(localtimestamp)] under localtimestamp; prior registration was null
07:28:41.946 [main] DEBUG org.hibernate.query.sqm.function.SqmFunctionRegistry -- Registered SqmFunctionTemplate [NamedSqmFunctionTemplate(localtime)] under local_time; prior registration was org.hibernate.dialect.function.CurrentFunction@196624bf
07:28:41.946 [main] DEBUG org.hibernate.query.sqm.function.SqmFunctionRegistry -- Registered SqmFunctionTemplate [NamedSqmFunctionTemplate(localtimestamp)] under local_datetime; prior registration was org.hibernate.dialect.function.CurrentFunction@50085d9c
07:28:41.947 [main] DEBUG org.hibernate.query.sqm.function.SqmFunctionRegistry -- Registered SqmFunctionTemplate [org.hibernate.dialect.function.TruncFunction@1e12a5a6] under trunc; prior registration was null
07:28:41.947 [main] DEBUG org.hibernate.query.sqm.function.SqmFunctionRegistry -- Registering alternate key : truncate -> trunc
07:28:41.947 [main] DEBUG org.hibernate.query.sqm.function.SqmFunctionRegistry -- Registered SqmFunctionTemplate [org.hibernate.query.sqm.function.PatternBasedSqmFunctionDescriptor@4877919f] under date_trunc; prior registration was null
07:28:41.947 [main] DEBUG org.hibernate.query.sqm.function.SqmFunctionRegistry -- Registered SqmFunctionTemplate [NamedSqmFunctionTemplate(bit_length)] under bit_length; prior registration was null
07:28:41.947 [main] DEBUG org.hibernate.query.sqm.function.SqmFunctionRegistry -- Registered SqmFunctionTemplate [NamedSqmFunctionTemplate(octet_length)] under octet_length; prior registration was null
07:28:41.947 [main] DEBUG org.hibernate.query.sqm.function.SqmFunctionRegistry -- Registered SqmFunctionTemplate [NamedSqmFunctionTemplate(ascii)] under ascii; prior registration was null
07:28:41.947 [main] DEBUG org.hibernate.query.sqm.function.SqmFunctionRegistry -- Registered SqmFunctionTemplate [NamedSqmFunctionTemplate(octet_length)] under octet_length; prior registration was NamedSqmFunctionTemplate(octet_length)
07:28:41.947 [main] DEBUG org.hibernate.query.sqm.function.SqmFunctionRegistry -- Registered SqmFunctionTemplate [NamedSqmFunctionTemplate(space)] under space; prior registration was null
07:28:41.948 [main] DEBUG org.hibernate.query.sqm.function.SqmFunctionRegistry -- Registered SqmFunctionTemplate [NamedSqmFunctionTemplate(repeat)] under repeat; prior registration was null
07:28:41.948 [main] DEBUG org.hibernate.query.sqm.function.SqmFunctionRegistry -- Registered SqmFunctionTemplate [NamedSqmFunctionTemplate(char)] under char; prior registration was null
07:28:41.948 [main] DEBUG org.hibernate.query.sqm.function.SqmFunctionRegistry -- Registering alternate key : chr -> char
07:28:41.948 [main] DEBUG org.hibernate.query.sqm.function.SqmFunctionRegistry -- Registered SqmFunctionTemplate [NamedSqmFunctionTemplate(instr)] under instr; prior registration was null
07:28:41.948 [main] DEBUG org.hibernate.query.sqm.function.SqmFunctionRegistry -- Registered SqmFunctionTemplate [NamedSqmFunctionTemplate(substr)] under substr; prior registration was null
07:28:41.948 [main] DEBUG org.hibernate.query.sqm.function.SqmFunctionRegistry -- Registered SqmFunctionTemplate [org.hibernate.query.sqm.function.PatternBasedSqmFunctionDescriptor@47a7c93e] under position; prior registration was org.hibernate.dialect.function.LocatePositionEmulation@77724cbe
07:28:41.948 [main] DEBUG org.hibernate.query.sqm.function.SqmFunctionRegistry -- Registered SqmFunctionTemplate [NamedSqmFunctionTemplate(ltrim)] under ltrim; prior registration was null
07:28:41.948 [main] DEBUG org.hibernate.query.sqm.function.SqmFunctionRegistry -- Registered SqmFunctionTemplate [NamedSqmFunctionTemplate(rtrim)] under rtrim; prior registration was null
07:28:41.948 [main] DEBUG org.hibernate.query.sqm.function.SqmFunctionRegistry -- Registered SqmFunctionTemplate [org.hibernate.query.sqm.function.PatternBasedSqmFunctionDescriptor@6f9ab79d] under concat; prior registration was NamedSqmFunctionTemplate(concat)
07:28:41.948 [main] DEBUG org.hibernate.query.sqm.function.SqmFunctionRegistry -- Registered SqmFunctionTemplate [NamedSqmFunctionTemplate(curtime)] under curtime; prior registration was null
07:28:41.948 [main] DEBUG org.hibernate.query.sqm.function.SqmFunctionRegistry -- Registered SqmFunctionTemplate [NamedSqmFunctionTemplate(curdate)] under curdate; prior registration was null
07:28:41.948 [main] DEBUG org.hibernate.query.sqm.function.SqmFunctionRegistry -- Registered SqmFunctionTemplate [NamedSqmFunctionTemplate(now)] under now; prior registration was null
07:28:41.948 [main] DEBUG org.hibernate.query.sqm.function.SqmFunctionRegistry -- Registered SqmFunctionTemplate [NamedSqmFunctionTemplate(sysdate)] under sysdate; prior registration was null
07:28:41.948 [main] DEBUG org.hibernate.query.sqm.function.SqmFunctionRegistry -- Registered SqmFunctionTemplate [NamedSqmFunctionTemplate(insert)] under insert; prior registration was null
07:28:41.948 [main] DEBUG org.hibernate.query.sqm.function.SqmFunctionRegistry -- Registered SqmFunctionTemplate [NamedSqmFunctionTemplate(bool_and)] under bool_and; prior registration was null
07:28:41.948 [main] DEBUG org.hibernate.query.sqm.function.SqmFunctionRegistry -- Registering alternate key : every -> bool_and
07:28:41.951 [main] DEBUG org.hibernate.query.sqm.function.SqmFunctionRegistry -- Registered SqmFunctionTemplate [NamedSqmFunctionTemplate(bool_or)] under bool_or; prior registration was null
07:28:41.951 [main] DEBUG org.hibernate.query.sqm.function.SqmFunctionRegistry -- Registering alternate key : any -> bool_or
07:28:41.951 [main] DEBUG org.hibernate.query.sqm.function.SqmFunctionRegistry -- Registered SqmFunctionTemplate [NamedSqmFunctionTemplate(median)] under median; prior registration was null
07:28:41.951 [main] DEBUG org.hibernate.query.sqm.function.SqmFunctionRegistry -- Registered SqmFunctionTemplate [NamedSqmFunctionTemplate(stddev_pop)] under stddev_pop; prior registration was null
07:28:41.951 [main] DEBUG org.hibernate.query.sqm.function.SqmFunctionRegistry -- Registered SqmFunctionTemplate [NamedSqmFunctionTemplate(stddev_samp)] under stddev_samp; prior registration was null
07:28:41.951 [main] DEBUG org.hibernate.query.sqm.function.SqmFunctionRegistry -- Registered SqmFunctionTemplate [NamedSqmFunctionTemplate(var_pop)] under var_pop; prior registration was null
07:28:41.951 [main] DEBUG org.hibernate.query.sqm.function.SqmFunctionRegistry -- Registered SqmFunctionTemplate [NamedSqmFunctionTemplate(var_samp)] under var_samp; prior registration was null
07:28:41.951 [main] DEBUG org.hibernate.query.sqm.function.SqmFunctionRegistry -- Registered SqmFunctionTemplate [org.hibernate.dialect.function.FormatFunction@64ae105d] under format; prior registration was org.hibernate.dialect.function.FormatFunction@6af5b246
07:28:41.951 [main] DEBUG org.hibernate.query.sqm.function.SqmFunctionRegistry -- Registered SqmFunctionTemplate [NamedSqmFunctionTemplate(rownum)] under rownum; prior registration was null
07:28:41.951 [main] DEBUG org.hibernate.query.sqm.function.SqmFunctionRegistry -- Registered SqmFunctionTemplate [NamedSqmFunctionTemplate(row_number)] under row_number; prior registration was null
07:28:41.951 [main] DEBUG org.hibernate.query.sqm.function.SqmFunctionRegistry -- Registered SqmFunctionTemplate [NamedSqmFunctionTemplate(lag)] under lag; prior registration was null
07:28:41.951 [main] DEBUG org.hibernate.query.sqm.function.SqmFunctionRegistry -- Registered SqmFunctionTemplate [NamedSqmFunctionTemplate(lead)] under lead; prior registration was null
07:28:41.951 [main] DEBUG org.hibernate.query.sqm.function.SqmFunctionRegistry -- Registered SqmFunctionTemplate [NamedSqmFunctionTemplate(first_value)] under first_value; prior registration was null
07:28:41.951 [main] DEBUG org.hibernate.query.sqm.function.SqmFunctionRegistry -- Registered SqmFunctionTemplate [NamedSqmFunctionTemplate(last_value)] under last_value; prior registration was null
07:28:41.951 [main] DEBUG org.hibernate.query.sqm.function.SqmFunctionRegistry -- Registered SqmFunctionTemplate [NamedSqmFunctionTemplate(nth_value)] under nth_value; prior registration was null
07:28:41.952 [main] DEBUG org.hibernate.query.sqm.function.SqmFunctionRegistry -- Registered SqmFunctionTemplate [org.hibernate.dialect.function.ListaggFunction@5bde57ab] under listagg; prior registration was null
07:28:41.952 [main] DEBUG org.hibernate.query.sqm.function.SqmFunctionRegistry -- Registered SqmFunctionTemplate [org.hibernate.dialect.function.InverseDistributionFunction@4cc01c7f] under mode; prior registration was null
07:28:41.952 [main] DEBUG org.hibernate.query.sqm.function.SqmFunctionRegistry -- Registered SqmFunctionTemplate [org.hibernate.dialect.function.InverseDistributionFunction@2a50b32d] under percentile_cont; prior registration was null
07:28:41.952 [main] DEBUG org.hibernate.query.sqm.function.SqmFunctionRegistry -- Registered SqmFunctionTemplate [org.hibernate.dialect.function.InverseDistributionFunction@36c7cbe1] under percentile_disc; prior registration was null
07:28:41.953 [main] DEBUG org.hibernate.query.sqm.function.SqmFunctionRegistry -- Registered SqmFunctionTemplate [org.hibernate.dialect.function.HypotheticalSetFunction@715f45c6] under rank; prior registration was null
07:28:41.953 [main] DEBUG org.hibernate.query.sqm.function.SqmFunctionRegistry -- Registered SqmFunctionTemplate [org.hibernate.dialect.function.HypotheticalSetFunction@5d5c41e5] under dense_rank; prior registration was null
07:28:41.953 [main] DEBUG org.hibernate.query.sqm.function.SqmFunctionRegistry -- Registered SqmFunctionTemplate [org.hibernate.dialect.function.HypotheticalSetFunction@43245559] under percent_rank; prior registration was null
07:28:41.953 [main] DEBUG org.hibernate.query.sqm.function.SqmFunctionRegistry -- Registered SqmFunctionTemplate [org.hibernate.dialect.function.HypotheticalSetFunction@42e4e589] under cume_dist; prior registration was null
07:28:41.954 [main] DEBUG org.hibernate.query.sqm.function.SqmFunctionRegistry -- Registered SqmFunctionTemplate [org.hibernate.dialect.function.array.ArrayConstructorFunction@63fd4dda] under array; prior registration was null
07:28:41.954 [main] DEBUG org.hibernate.query.sqm.function.SqmFunctionRegistry -- Registered SqmFunctionTemplate [org.hibernate.dialect.function.array.ArrayConstructorFunction@1d6751e3] under array_list; prior registration was null
07:28:41.955 [main] DEBUG org.hibernate.query.sqm.function.SqmFunctionRegistry -- Registered SqmFunctionTemplate [org.hibernate.dialect.function.array.ArrayAggFunction@4a058df8] under array_agg; prior registration was null
07:28:41.957 [main] DEBUG org.hibernate.query.sqm.function.SqmFunctionRegistry -- Registered SqmFunctionTemplate [org.hibernate.dialect.function.array.H2ArrayPositionFunction@ab2e6d2] under array_position; prior registration was null
07:28:41.960 [main] DEBUG org.hibernate.query.sqm.function.SqmFunctionRegistry -- Registered SqmFunctionTemplate [org.hibernate.dialect.function.array.H2ArrayPositionsFunction@15639d09] under array_positions; prior registration was null
07:28:41.962 [main] DEBUG org.hibernate.query.sqm.function.SqmFunctionRegistry -- Registered SqmFunctionTemplate [org.hibernate.dialect.function.array.H2ArrayPositionsFunction@61149fa5] under array_positions_list; prior registration was null
07:28:41.962 [main] DEBUG org.hibernate.query.sqm.function.SqmFunctionRegistry -- Registered SqmFunctionTemplate [org.hibernate.query.sqm.function.PatternBasedSqmFunctionDescriptor@149c39b] under array_length; prior registration was null
07:28:41.963 [main] DEBUG org.hibernate.query.sqm.function.SqmFunctionRegistry -- Registered SqmFunctionTemplate [org.hibernate.dialect.function.array.ArrayConcatFunction@54ffa561] under array_concat; prior registration was null
07:28:41.963 [main] DEBUG org.hibernate.query.sqm.function.SqmFunctionRegistry -- Registered SqmFunctionTemplate [org.hibernate.dialect.function.array.ArrayConcatElementFunction@1cb9ef52] under array_prepend; prior registration was null
07:28:41.963 [main] DEBUG org.hibernate.query.sqm.function.SqmFunctionRegistry -- Registered SqmFunctionTemplate [org.hibernate.dialect.function.array.ArrayConcatElementFunction@5a622fe8] under array_append; prior registration was null
07:28:41.964 [main] DEBUG org.hibernate.query.sqm.function.SqmFunctionRegistry -- Registered SqmFunctionTemplate [org.hibernate.dialect.function.array.H2ArrayContainsFunction@66ec4409] under array_contains; prior registration was null
07:28:41.964 [main] DEBUG org.hibernate.query.sqm.function.SqmFunctionRegistry -- Registered SqmFunctionTemplate [org.hibernate.dialect.function.array.H2ArrayContainsFunction@2506e949] under array_contains_nullable; prior registration was null
07:28:41.965 [main] DEBUG org.hibernate.query.sqm.function.SqmFunctionRegistry -- Registered SqmFunctionTemplate [org.hibernate.dialect.function.array.H2ArrayOverlapsFunction@16e99306] under array_overlaps; prior registration was null
07:28:41.965 [main] DEBUG org.hibernate.query.sqm.function.SqmFunctionRegistry -- Registered SqmFunctionTemplate [org.hibernate.dialect.function.array.H2ArrayOverlapsFunction@653fb8d1] under array_overlaps_nullable; prior registration was null
07:28:41.965 [main] DEBUG org.hibernate.query.sqm.function.SqmFunctionRegistry -- Registered SqmFunctionTemplate [org.hibernate.query.sqm.function.PatternBasedSqmFunctionDescriptor@11d4d979] under array_get; prior registration was null
07:28:41.966 [main] DEBUG org.hibernate.query.sqm.function.SqmFunctionRegistry -- Registered SqmFunctionTemplate [org.hibernate.dialect.function.array.H2ArraySetFunction@7a083b96] under array_set; prior registration was null
07:28:41.966 [main] DEBUG org.hibernate.query.sqm.function.SqmFunctionRegistry -- Registered SqmFunctionTemplate [org.hibernate.dialect.function.array.H2ArrayRemoveFunction@1b4872bc] under array_remove; prior registration was null
07:28:41.966 [main] DEBUG org.hibernate.query.sqm.function.SqmFunctionRegistry -- Registered SqmFunctionTemplate [org.hibernate.dialect.function.array.H2ArrayRemoveIndexFunction@226de93c] under array_remove_index; prior registration was null
07:28:41.967 [main] DEBUG org.hibernate.query.sqm.function.SqmFunctionRegistry -- Registered SqmFunctionTemplate [org.hibernate.query.sqm.function.PatternBasedSqmFunctionDescriptor@72028a45] under array_slice; prior registration was null
07:28:41.967 [main] DEBUG org.hibernate.query.sqm.function.SqmFunctionRegistry -- Registered SqmFunctionTemplate [org.hibernate.dialect.function.array.H2ArrayReplaceFunction@13d019a4] under array_replace; prior registration was null
07:28:41.967 [main] DEBUG org.hibernate.query.sqm.function.SqmFunctionRegistry -- Registered SqmFunctionTemplate [org.hibernate.query.sqm.function.PatternBasedSqmFunctionDescriptor@2c30c81d] under array_trim; prior registration was null
07:28:41.968 [main] DEBUG org.hibernate.query.sqm.function.SqmFunctionRegistry -- Registered SqmFunctionTemplate [org.hibernate.dialect.function.array.H2ArrayFillFunction@3c19592c] under array_fill; prior registration was null
07:28:41.968 [main] DEBUG org.hibernate.query.sqm.function.SqmFunctionRegistry -- Registered SqmFunctionTemplate [org.hibernate.dialect.function.array.H2ArrayFillFunction@60e1d87c] under array_fill_list; prior registration was null
07:28:41.968 [main] DEBUG org.hibernate.query.sqm.function.SqmFunctionRegistry -- Registered SqmFunctionTemplate [org.hibernate.dialect.function.array.H2ArrayToStringFunction@4f7be6c8] under array_to_string; prior registration was null
07:28:41.971 [main] DEBUG org.hibernate.HQL_FUNCTIONS -- abs(NUMERIC arg)
07:28:41.971 [main] DEBUG org.hibernate.HQL_FUNCTIONS -- Double acos(NUMERIC arg)
07:28:41.971 [main] DEBUG org.hibernate.HQL_FUNCTIONS -- Boolean any(BOOLEAN predicate)
07:28:41.971 [main] DEBUG org.hibernate.HQL_FUNCTIONS -- array( ... )
07:28:41.971 [main] DEBUG org.hibernate.HQL_FUNCTIONS -- array_agg(arg)
07:28:41.971 [main] DEBUG org.hibernate.HQL_FUNCTIONS -- array_append( ... )
07:28:41.971 [main] DEBUG org.hibernate.HQL_FUNCTIONS -- array_concat( ... )
07:28:41.971 [main] DEBUG org.hibernate.HQL_FUNCTIONS -- Boolean array_contains(ARRAY haystackArray, OBJECT needleElementOrArray)
07:28:41.971 [main] DEBUG org.hibernate.HQL_FUNCTIONS -- Boolean array_contains_nullable(ARRAY haystackArray, OBJECT needleElementOrArray)
07:28:41.971 [main] DEBUG org.hibernate.HQL_FUNCTIONS -- array_fill(OBJECT element, INTEGER elementCount)
07:28:41.971 [main] DEBUG org.hibernate.HQL_FUNCTIONS -- array_fill_list(OBJECT element, INTEGER elementCount)
07:28:41.971 [main] DEBUG org.hibernate.HQL_FUNCTIONS -- array_get(ARRAY array, INTEGER index)
07:28:41.971 [main] DEBUG org.hibernate.HQL_FUNCTIONS -- Integer array_length(ARRAY array)
07:28:41.971 [main] DEBUG org.hibernate.HQL_FUNCTIONS -- array_list( ... )
07:28:41.971 [main] DEBUG org.hibernate.HQL_FUNCTIONS -- Boolean array_overlaps(ARRAY array0, OBJECT array1)
07:28:41.971 [main] DEBUG org.hibernate.HQL_FUNCTIONS -- Boolean array_overlaps_nullable(ARRAY array0, OBJECT array1)
07:28:41.971 [main] DEBUG org.hibernate.HQL_FUNCTIONS -- Integer array_position(ARRAY array, OBJECT element[, INTEGER startPosition])
07:28:41.971 [main] DEBUG org.hibernate.HQL_FUNCTIONS -- int[] array_positions(ARRAY array, OBJECT element)
07:28:41.971 [main] DEBUG org.hibernate.HQL_FUNCTIONS -- List array_positions_list(ARRAY array, OBJECT element)
07:28:41.971 [main] DEBUG org.hibernate.HQL_FUNCTIONS -- array_prepend( ... )
07:28:41.971 [main] DEBUG org.hibernate.HQL_FUNCTIONS -- array_remove( ... )
07:28:41.971 [main] DEBUG org.hibernate.HQL_FUNCTIONS -- array_remove_index( ... )
07:28:41.971 [main] DEBUG org.hibernate.HQL_FUNCTIONS -- array_replace( ... )
07:28:41.971 [main] DEBUG org.hibernate.HQL_FUNCTIONS -- array_set( ... )
07:28:41.971 [main] DEBUG org.hibernate.HQL_FUNCTIONS -- array_slice(ARRAY array, INTEGER start, INTEGER end)
07:28:41.971 [main] DEBUG org.hibernate.HQL_FUNCTIONS -- String array_to_string( ... )
07:28:41.971 [main] DEBUG org.hibernate.HQL_FUNCTIONS -- array_trim(ARRAY array, INTEGER elementsToRemove)
07:28:41.971 [main] DEBUG org.hibernate.HQL_FUNCTIONS -- Integer ascii(STRING arg)
07:28:41.971 [main] DEBUG org.hibernate.HQL_FUNCTIONS -- Double asin(NUMERIC arg)
07:28:41.971 [main] DEBUG org.hibernate.HQL_FUNCTIONS -- Double atan(NUMERIC arg)
07:28:41.972 [main] DEBUG org.hibernate.HQL_FUNCTIONS -- Double atan2(NUMERIC arg0, NUMERIC arg1)
07:28:41.972 [main] DEBUG org.hibernate.HQL_FUNCTIONS -- avg(NUMERIC arg)
07:28:41.972 [main] DEBUG org.hibernate.HQL_FUNCTIONS -- bit_and(arg)
07:28:41.972 [main] DEBUG org.hibernate.HQL_FUNCTIONS -- Integer bit_length(STRING_OR_CLOB arg)
07:28:41.972 [main] DEBUG org.hibernate.HQL_FUNCTIONS -- bit_or(arg)
07:28:41.972 [main] DEBUG org.hibernate.HQL_FUNCTIONS -- bitand(arg0, arg1)
07:28:41.972 [main] DEBUG org.hibernate.HQL_FUNCTIONS -- bitor(arg0, arg1)
07:28:41.972 [main] DEBUG org.hibernate.HQL_FUNCTIONS -- bitxor(arg0, arg1)
07:28:41.972 [main] DEBUG org.hibernate.HQL_FUNCTIONS -- Boolean bool_and(BOOLEAN predicate)
07:28:41.972 [main] DEBUG org.hibernate.HQL_FUNCTIONS -- Boolean bool_or(BOOLEAN predicate)
07:28:41.972 [main] DEBUG org.hibernate.HQL_FUNCTIONS -- cast(arg as Type)
07:28:41.972 [main] DEBUG org.hibernate.HQL_FUNCTIONS -- ceiling(NUMERIC arg)
07:28:41.972 [main] DEBUG org.hibernate.HQL_FUNCTIONS -- Character char(INTEGER arg)
07:28:41.972 [main] DEBUG org.hibernate.HQL_FUNCTIONS -- Integer character_length(STRING_OR_CLOB arg)
07:28:41.973 [main] DEBUG org.hibernate.HQL_FUNCTIONS -- Character chr(INTEGER arg)
07:28:41.973 [main] DEBUG org.hibernate.HQL_FUNCTIONS -- coalesce(arg0[, arg1[, ...]])
07:28:41.973 [main] DEBUG org.hibernate.HQL_FUNCTIONS -- String collate(STRING string as COLLATION collation)
07:28:41.973 [main] DEBUG org.hibernate.HQL_FUNCTIONS -- String concat(STRING string0[, STRING string1[, ...]])
07:28:41.973 [main] DEBUG org.hibernate.HQL_FUNCTIONS -- Double cos(NUMERIC arg)
07:28:41.973 [main] DEBUG org.hibernate.HQL_FUNCTIONS -- Double cosh(NUMERIC arg)
07:28:41.973 [main] DEBUG org.hibernate.HQL_FUNCTIONS -- Double cot(NUMERIC arg)
07:28:41.973 [main] DEBUG org.hibernate.HQL_FUNCTIONS -- Long count([distinct ]{arg|*})
07:28:41.973 [main] DEBUG org.hibernate.HQL_FUNCTIONS -- Double cume_dist([arg0[, ...]])
07:28:41.973 [main] DEBUG org.hibernate.HQL_FUNCTIONS -- Date curdate()
07:28:41.973 [main] DEBUG org.hibernate.HQL_FUNCTIONS -- Date current date
07:28:41.973 [main] DEBUG org.hibernate.HQL_FUNCTIONS -- Time current time
07:28:41.973 [main] DEBUG org.hibernate.HQL_FUNCTIONS -- Timestamp current timestamp
07:28:41.973 [main] DEBUG org.hibernate.HQL_FUNCTIONS -- Date current_date
07:28:41.973 [main] DEBUG org.hibernate.HQL_FUNCTIONS -- Instant current_instant
07:28:41.973 [main] DEBUG org.hibernate.HQL_FUNCTIONS -- Time current_time
07:28:41.973 [main] DEBUG org.hibernate.HQL_FUNCTIONS -- Timestamp current_timestamp
07:28:41.973 [main] DEBUG org.hibernate.HQL_FUNCTIONS -- Time curtime()
07:28:41.973 [main] DEBUG org.hibernate.HQL_FUNCTIONS -- date_trunc(STRING field, TEMPORAL datetime)
07:28:41.973 [main] DEBUG org.hibernate.HQL_FUNCTIONS -- dateadd(TEMPORAL_UNIT field, INTEGER magnitude, TEMPORAL datetime)
07:28:41.973 [main] DEBUG org.hibernate.HQL_FUNCTIONS -- basicType@2(java.lang.Long,-5)|basicType@16(java.lang.Double,8) datediff(TEMPORAL_UNIT field, TEMPORAL start, TEMPORAL end)
07:28:41.973 [main] DEBUG org.hibernate.HQL_FUNCTIONS -- Integer day(DATE arg)
07:28:41.973 [main] DEBUG org.hibernate.HQL_FUNCTIONS -- Integer day_of_month(DATE arg)
07:28:41.973 [main] DEBUG org.hibernate.HQL_FUNCTIONS -- Integer day_of_week(DATE arg)
07:28:41.973 [main] DEBUG org.hibernate.HQL_FUNCTIONS -- Integer day_of_year(DATE arg)
07:28:41.973 [main] DEBUG org.hibernate.HQL_FUNCTIONS -- String dayname(DATE arg)
07:28:41.973 [main] DEBUG org.hibernate.HQL_FUNCTIONS -- Double degrees(NUMERIC arg)
07:28:41.973 [main] DEBUG org.hibernate.HQL_FUNCTIONS -- Long dense_rank([arg0[, ...]])
07:28:41.973 [main] DEBUG org.hibernate.HQL_FUNCTIONS -- Boolean every(BOOLEAN predicate)
07:28:41.973 [main] DEBUG org.hibernate.HQL_FUNCTIONS -- Double exp(NUMERIC arg)
07:28:41.973 [main] DEBUG org.hibernate.HQL_FUNCTIONS -- extract(TEMPORAL_UNIT field from TEMPORAL arg)
07:28:41.973 [main] DEBUG org.hibernate.HQL_FUNCTIONS -- first_valueANY value
07:28:41.973 [main] DEBUG org.hibernate.HQL_FUNCTIONS -- floor(NUMERIC arg)
07:28:41.973 [main] DEBUG org.hibernate.HQL_FUNCTIONS -- String format(TEMPORAL datetime as STRING pattern)
07:28:41.973 [main] DEBUG org.hibernate.HQL_FUNCTIONS -- greatest(COMPARABLE arg0, COMPARABLE arg1[, arg2[, ...]])
07:28:41.973 [main] DEBUG org.hibernate.HQL_FUNCTIONS -- Integer hour(TIME arg)
07:28:41.973 [main] DEBUG org.hibernate.HQL_FUNCTIONS -- ifnull(arg0, arg1)
07:28:41.973 [main] DEBUG org.hibernate.HQL_FUNCTIONS -- String insert(STRING string, INTEGER start, INTEGER length, STRING replacement)
07:28:41.973 [main] DEBUG org.hibernate.HQL_FUNCTIONS -- Instant instant
07:28:41.973 [main] DEBUG org.hibernate.HQL_FUNCTIONS -- Integer instr(STRING string, STRING pattern[, INTEGER start[, INTEGER occurrence]])
07:28:41.973 [main] DEBUG org.hibernate.HQL_FUNCTIONS -- lagANY value[, INTEGER offset[, ANY default]]
07:28:41.973 [main] DEBUG org.hibernate.HQL_FUNCTIONS -- last_valueANY value
07:28:41.973 [main] DEBUG org.hibernate.HQL_FUNCTIONS -- leadANY value[, INTEGER offset[, ANY default]]
07:28:41.973 [main] DEBUG org.hibernate.HQL_FUNCTIONS -- least(COMPARABLE arg0, COMPARABLE arg1[, arg2[, ...]])
07:28:41.973 [main] DEBUG org.hibernate.HQL_FUNCTIONS -- String left(STRING string, INTEGER length)
07:28:41.973 [main] DEBUG org.hibernate.HQL_FUNCTIONS -- Integer length(STRING_OR_CLOB arg)
07:28:41.973 [main] DEBUG org.hibernate.HQL_FUNCTIONS -- String listagg(STRING arg0, STRING arg1)
07:28:41.974 [main] DEBUG org.hibernate.HQL_FUNCTIONS -- Double ln(NUMERIC arg)
07:28:41.974 [main] DEBUG org.hibernate.HQL_FUNCTIONS -- LocalDate local date
07:28:41.974 [main] DEBUG org.hibernate.HQL_FUNCTIONS -- LocalDateTime local datetime
07:28:41.974 [main] DEBUG org.hibernate.HQL_FUNCTIONS -- LocalTime local time
07:28:41.974 [main] DEBUG org.hibernate.HQL_FUNCTIONS -- LocalDate local_date
07:28:41.974 [main] DEBUG org.hibernate.HQL_FUNCTIONS -- LocalDateTime local_datetime
07:28:41.974 [main] DEBUG org.hibernate.HQL_FUNCTIONS -- LocalTime local_time
07:28:41.974 [main] DEBUG org.hibernate.HQL_FUNCTIONS -- Time localtime
07:28:41.974 [main] DEBUG org.hibernate.HQL_FUNCTIONS -- Timestamp localtimestamp
07:28:41.974 [main] DEBUG org.hibernate.HQL_FUNCTIONS -- Integer locate(STRING pattern, STRING string[, INTEGER start])
07:28:41.974 [main] DEBUG org.hibernate.HQL_FUNCTIONS -- Double log(NUMERIC base, NUMERIC arg)
07:28:41.974 [main] DEBUG org.hibernate.HQL_FUNCTIONS -- Double log10(NUMERIC arg)
07:28:41.974 [main] DEBUG org.hibernate.HQL_FUNCTIONS -- String lower(STRING string)
07:28:41.974 [main] DEBUG org.hibernate.HQL_FUNCTIONS -- String lpad(STRING string, INTEGER length[, STRING padding])
07:28:41.974 [main] DEBUG org.hibernate.HQL_FUNCTIONS -- String ltrim(STRING string)
07:28:41.974 [main] DEBUG org.hibernate.HQL_FUNCTIONS -- max(COMPARABLE arg)
07:28:41.974 [main] DEBUG org.hibernate.HQL_FUNCTIONS -- Double median(NUMERIC arg)
07:28:41.974 [main] DEBUG org.hibernate.HQL_FUNCTIONS -- Integer microsecond(TIME arg)
07:28:41.974 [main] DEBUG org.hibernate.HQL_FUNCTIONS -- min(COMPARABLE arg)
07:28:41.974 [main] DEBUG org.hibernate.HQL_FUNCTIONS -- Integer minute(TIME arg)
07:28:41.974 [main] DEBUG org.hibernate.HQL_FUNCTIONS -- Integer mod(INTEGER arg0, INTEGER arg1)
07:28:41.974 [main] DEBUG org.hibernate.HQL_FUNCTIONS -- mode()
07:28:41.974 [main] DEBUG org.hibernate.HQL_FUNCTIONS -- Integer month(DATE arg)
07:28:41.974 [main] DEBUG org.hibernate.HQL_FUNCTIONS -- String monthname(DATE arg)
07:28:41.974 [main] DEBUG org.hibernate.HQL_FUNCTIONS -- Timestamp now()
07:28:41.974 [main] DEBUG org.hibernate.HQL_FUNCTIONS -- nth_valueANY value, INTEGER nth
07:28:41.974 [main] DEBUG org.hibernate.HQL_FUNCTIONS -- nullif(arg0, arg1)
07:28:41.974 [main] DEBUG org.hibernate.HQL_FUNCTIONS -- Integer octet_length(STRING_OR_CLOB arg)
07:28:41.974 [main] DEBUG org.hibernate.HQL_FUNCTIONS -- OffsetDateTime offset datetime
07:28:41.974 [main] DEBUG org.hibernate.HQL_FUNCTIONS -- OffsetDateTime offset_datetime
07:28:41.974 [main] DEBUG org.hibernate.HQL_FUNCTIONS -- String overlay(STRING string placing STRING replacement from INTEGER start[ for INTEGER length])
07:28:41.974 [main] DEBUG org.hibernate.HQL_FUNCTIONS -- String pad(STRING string with INTEGER length {leading|trailing}[ STRING character])
07:28:41.974 [main] DEBUG org.hibernate.HQL_FUNCTIONS -- Double percent_rank([arg0[, ...]])
07:28:41.974 [main] DEBUG org.hibernate.HQL_FUNCTIONS -- percentile_cont(NUMERIC arg)
07:28:41.974 [main] DEBUG org.hibernate.HQL_FUNCTIONS -- percentile_disc(NUMERIC arg)
07:28:41.974 [main] DEBUG org.hibernate.HQL_FUNCTIONS -- Double pi
07:28:41.974 [main] DEBUG org.hibernate.HQL_FUNCTIONS -- Integer position(STRING pattern in STRING string)
07:28:41.974 [main] DEBUG org.hibernate.HQL_FUNCTIONS -- Double power(NUMERIC arg0, NUMERIC arg1)
07:28:41.974 [main] DEBUG org.hibernate.HQL_FUNCTIONS -- Integer quarter(DATE arg)
07:28:41.974 [main] DEBUG org.hibernate.HQL_FUNCTIONS -- Double radians(NUMERIC arg)
07:28:41.974 [main] DEBUG org.hibernate.HQL_FUNCTIONS -- Double rand([INTEGER seed])
07:28:41.974 [main] DEBUG org.hibernate.HQL_FUNCTIONS -- Long rank([arg0[, ...]])
07:28:41.974 [main] DEBUG org.hibernate.HQL_FUNCTIONS -- String repeat(STRING string, INTEGER times)
07:28:41.974 [main] DEBUG org.hibernate.HQL_FUNCTIONS -- String replace(STRING string, STRING pattern, STRING replacement)
07:28:41.974 [main] DEBUG org.hibernate.HQL_FUNCTIONS -- String right(STRING string, INTEGER length)
07:28:41.974 [main] DEBUG org.hibernate.HQL_FUNCTIONS -- round(NUMERIC number[, INTEGER places])
07:28:41.974 [main] DEBUG org.hibernate.HQL_FUNCTIONS -- Long row_number()
07:28:41.974 [main] DEBUG org.hibernate.HQL_FUNCTIONS -- Long rownum()
07:28:41.974 [main] DEBUG org.hibernate.HQL_FUNCTIONS -- String rpad(STRING string, INTEGER length[, STRING padding])
07:28:41.974 [main] DEBUG org.hibernate.HQL_FUNCTIONS -- String rtrim(STRING string)
07:28:41.974 [main] DEBUG org.hibernate.HQL_FUNCTIONS -- Integer second(TIME arg)
07:28:41.974 [main] DEBUG org.hibernate.HQL_FUNCTIONS -- Integer sign(NUMERIC arg)
07:28:41.975 [main] DEBUG org.hibernate.HQL_FUNCTIONS -- Double sin(NUMERIC arg)
07:28:41.975 [main] DEBUG org.hibernate.HQL_FUNCTIONS -- Double sinh(NUMERIC arg)
07:28:41.975 [main] DEBUG org.hibernate.HQL_FUNCTIONS -- String soundex(arg)
07:28:41.975 [main] DEBUG org.hibernate.HQL_FUNCTIONS -- String space(INTEGER arg)
07:28:41.975 [main] DEBUG org.hibernate.HQL_FUNCTIONS -- Object sql
07:28:41.975 [main] DEBUG org.hibernate.HQL_FUNCTIONS -- Double sqrt(NUMERIC arg)
07:28:41.975 [main] DEBUG org.hibernate.HQL_FUNCTIONS -- Double stddev_pop(NUMERIC arg)
07:28:41.975 [main] DEBUG org.hibernate.HQL_FUNCTIONS -- Double stddev_samp(NUMERIC arg)
07:28:41.975 [main] DEBUG org.hibernate.HQL_FUNCTIONS -- String str(arg)
07:28:41.975 [main] DEBUG org.hibernate.HQL_FUNCTIONS -- String substr(STRING string, INTEGER start[, INTEGER length])
07:28:41.975 [main] DEBUG org.hibernate.HQL_FUNCTIONS -- String substring(STRING string{ from|,} INTEGER start[{ for|,} INTEGER length])
07:28:41.975 [main] DEBUG org.hibernate.HQL_FUNCTIONS -- sum(arg)
07:28:41.975 [main] DEBUG org.hibernate.HQL_FUNCTIONS -- Timestamp sysdate
07:28:41.975 [main] DEBUG org.hibernate.HQL_FUNCTIONS -- Double tan(NUMERIC arg)
07:28:41.975 [main] DEBUG org.hibernate.HQL_FUNCTIONS -- Double tanh(NUMERIC arg)
07:28:41.975 [main] DEBUG org.hibernate.HQL_FUNCTIONS -- timestampadd(TEMPORAL_UNIT field, INTEGER magnitude, TEMPORAL datetime)
07:28:41.975 [main] DEBUG org.hibernate.HQL_FUNCTIONS -- basicType@2(java.lang.Long,-5)|basicType@16(java.lang.Double,8) timestampdiff(TEMPORAL_UNIT field, TEMPORAL start, TEMPORAL end)
07:28:41.975 [main] DEBUG org.hibernate.HQL_FUNCTIONS -- String translate(STRING arg0, STRING arg1, STRING arg2)
07:28:41.975 [main] DEBUG org.hibernate.HQL_FUNCTIONS -- String trim([[{leading|trailing|both} ][STRING arg0 ]from] STRING arg1)
07:28:41.975 [main] DEBUG org.hibernate.HQL_FUNCTIONS -- trunc( ... )
07:28:41.975 [main] DEBUG org.hibernate.HQL_FUNCTIONS -- truncate( ... )
07:28:41.975 [main] DEBUG org.hibernate.HQL_FUNCTIONS -- String upper(STRING string)
07:28:41.975 [main] DEBUG org.hibernate.HQL_FUNCTIONS -- Double var_pop(NUMERIC arg)
07:28:41.975 [main] DEBUG org.hibernate.HQL_FUNCTIONS -- Double var_samp(NUMERIC arg)
07:28:41.975 [main] DEBUG org.hibernate.HQL_FUNCTIONS -- Integer week(DATE arg)
07:28:41.975 [main] DEBUG org.hibernate.HQL_FUNCTIONS -- Integer year(DATE arg)
07:28:41.977 [main] DEBUG org.hibernate.orm.query.plan.cache -- Starting QueryInterpretationCache(2048)
07:28:42.022 [main] DEBUG org.hibernate.service.internal.SessionFactoryServiceRegistryImpl -- EventListenerRegistry access via ServiceRegistry is deprecated.  Use `sessionFactory.getEventEngine().getListenerRegistry()` instead
07:28:42.023 [main] DEBUG org.hibernate.event.internal.EntityCopyObserverFactoryInitiator -- Configured EntityCopyObserver strategy: disallow
07:28:42.067 [main] DEBUG org.hibernate.boot.internal.ClassLoaderAccessImpl -- Not known whether passed class name [com.example.shopservice.entity.Product] is safe
07:28:42.067 [main] DEBUG org.hibernate.boot.internal.ClassLoaderAccessImpl -- No temp ClassLoader provided; using live ClassLoader for loading potentially unsafe class : com.example.shopservice.entity.Product
07:28:42.215 [main] DEBUG org.hibernate.bytecode.internal.bytebuddy.BytecodeProviderImpl -- HHH000513: Unable to create the ReflectionOptimizer for [com.example.shopservice.entity.Product]: private accessor [name]
07:28:42.235 [main] DEBUG org.hibernate.boot.internal.ClassLoaderAccessImpl -- Not known whether passed class name [com.example.shopservice.entity.User] is safe
07:28:42.235 [main] DEBUG org.hibernate.boot.internal.ClassLoaderAccessImpl -- No temp ClassLoader provided; using live ClassLoader for loading potentially unsafe class : com.example.shopservice.entity.User
07:28:42.250 [main] DEBUG org.hibernate.bytecode.internal.bytebuddy.BytecodeProviderImpl -- HHH000513: Unable to create the ReflectionOptimizer for [com.example.shopservice.entity.User]: private accessor [email]
07:28:42.253 [main] DEBUG org.hibernate.ormbytecode.interceptor -- To-one property `com.example.shopservice.entity.Order#user` was mapped with LAZY + NO_PROXY but the class was not enhanced
07:28:42.253 [main] DEBUG org.hibernate.ormbytecode.interceptor -- To-one property `com.example.shopservice.entity.Order#user` was mapped with LAZY + NO_PROXY but the class was not enhanced
07:28:42.253 [main] DEBUG org.hibernate.boot.internal.ClassLoaderAccessImpl -- Not known whether passed class name [com.example.shopservice.entity.Order] is safe
07:28:42.253 [main] DEBUG org.hibernate.boot.internal.ClassLoaderAccessImpl -- No temp ClassLoader provided; using live ClassLoader for loading potentially unsafe class : com.example.shopservice.entity.Order
07:28:42.269 [main] DEBUG org.hibernate.bytecode.internal.bytebuddy.BytecodeProviderImpl -- HHH000513: Unable to create the ReflectionOptimizer for [com.example.shopservice.entity.Order]: private accessor [orderDate]
07:28:42.269 [main] DEBUG org.hibernate.ormbytecode.interceptor -- To-one property `com.example.shopservice.entity.Order#user` was mapped with LAZY + NO_PROXY but the class was not enhanced
07:28:42.270 [main] DEBUG org.hibernate.ormbytecode.interceptor -- To-one property `com.example.shopservice.entity.OrderItem#order` was mapped with LAZY + NO_PROXY but the class was not enhanced
07:28:42.270 [main] DEBUG org.hibernate.ormbytecode.interceptor -- To-one property `com.example.shopservice.entity.OrderItem#order` was mapped with LAZY + NO_PROXY but the class was not enhanced
07:28:42.270 [main] DEBUG org.hibernate.ormbytecode.interceptor -- To-one property `com.example.shopservice.entity.OrderItem#product` was mapped with LAZY + NO_PROXY but the class was not enhanced
07:28:42.270 [main] DEBUG org.hibernate.ormbytecode.interceptor -- To-one property `com.example.shopservice.entity.OrderItem#product` was mapped with LAZY + NO_PROXY but the class was not enhanced
07:28:42.270 [main] DEBUG org.hibernate.boot.internal.ClassLoaderAccessImpl -- Not known whether passed class name [com.example.shopservice.entity.OrderItem] is safe
07:28:42.270 [main] DEBUG org.hibernate.boot.internal.ClassLoaderAccessImpl -- No temp ClassLoader provided; using live ClassLoader for loading potentially unsafe class : com.example.shopservice.entity.OrderItem
07:28:42.282 [main] DEBUG org.hibernate.bytecode.internal.bytebuddy.BytecodeProviderImpl -- HHH000513: Unable to create the ReflectionOptimizer for [com.example.shopservice.entity.OrderItem]: private accessor [order]
07:28:42.282 [main] DEBUG org.hibernate.ormbytecode.interceptor -- To-one property `com.example.shopservice.entity.OrderItem#order` was mapped with LAZY + NO_PROXY but the class was not enhanced
07:28:42.282 [main] DEBUG org.hibernate.ormbytecode.interceptor -- To-one property `com.example.shopservice.entity.OrderItem#product` was mapped with LAZY + NO_PROXY but the class was not enhanced
07:28:42.283 [main] DEBUG org.hibernate.ormbytecode.interceptor -- To-one property `com.example.shopservice.entity.Review#product` was mapped with LAZY + NO_PROXY but the class was not enhanced
07:28:42.283 [main] DEBUG org.hibernate.ormbytecode.interceptor -- To-one property `com.example.shopservice.entity.Review#product` was mapped with LAZY + NO_PROXY but the class was not enhanced
07:28:42.283 [main] DEBUG org.hibernate.ormbytecode.interceptor -- To-one property `com.example.shopservice.entity.Review#user` was mapped with LAZY + NO_PROXY but the class was not enhanced
07:28:42.283 [main] DEBUG org.hibernate.ormbytecode.interceptor -- To-one property `com.example.shopservice.entity.Review#user` was mapped with LAZY + NO_PROXY but the class was not enhanced
07:28:42.283 [main] DEBUG org.hibernate.boot.internal.ClassLoaderAccessImpl -- Not known whether passed class name [com.example.shopservice.entity.Review] is safe
07:28:42.283 [main] DEBUG org.hibernate.boot.internal.ClassLoaderAccessImpl -- No temp ClassLoader provided; using live ClassLoader for loading potentially unsafe class : com.example.shopservice.entity.Review
07:28:42.294 [main] DEBUG org.hibernate.bytecode.internal.bytebuddy.BytecodeProviderImpl -- HHH000513: Unable to create the ReflectionOptimizer for [com.example.shopservice.entity.Review]: private accessor [comment]
07:28:42.295 [main] DEBUG org.hibernate.ormbytecode.interceptor -- To-one property `com.example.shopservice.entity.Review#product` was mapped with LAZY + NO_PROXY but the class was not enhanced
07:28:42.295 [main] DEBUG org.hibernate.ormbytecode.interceptor -- To-one property `com.example.shopservice.entity.Review#user` was mapped with LAZY + NO_PROXY but the class was not enhanced
07:28:42.307 [main] DEBUG org.hibernate.orm.jdbc.mutation -- Skipping collection (re)creation - com.example.shopservice.entity.Order.orderItems
07:28:42.308 [main] DEBUG org.hibernate.orm.jdbc.mutation -- Skipping collection row deletions - com.example.shopservice.entity.Order.orderItems
07:28:42.308 [main] DEBUG org.hibernate.orm.jdbc.mutation -- Skipping collection removals - com.example.shopservice.entity.Order.orderItems
07:28:42.328 [main] DEBUG org.hibernate.orm.model.mapping.creation -- Starting post-init callbacks
07:28:42.328 [main] DEBUG org.hibernate.orm.model.mapping.creation -- Starting PostInitCallbackEntry : Entity(com.example.shopservice.entity.Product) `staticFetchableList` generator
07:28:42.328 [main] DEBUG org.hibernate.orm.model.mapping.creation -- Starting PostInitCallbackEntry : Entity(com.example.shopservice.entity.User) `staticFetchableList` generator
07:28:42.328 [main] DEBUG org.hibernate.orm.model.mapping.creation -- Starting PostInitCallbackEntry : PluralAttributeMapping( NavigableRole[com.example.shopservice.entity.Order.orderItems#{element}]) - element descriptor
07:28:42.328 [main] DEBUG org.hibernate.orm.model.mapping.creation -- Starting PostInitCallbackEntry : PluralAttributeMapping(com.example.shopservice.entity.Order.orderItems)#finishInitialization
07:28:42.328 [main] DEBUG org.hibernate.orm.model.mapping.creation -- Starting PostInitCallbackEntry : PluralAttributeMapping(com.example.shopservice.entity.Order.orderItems) - key descriptor
07:28:42.331 [main] DEBUG org.hibernate.orm.model.mapping.creation -- Starting PostInitCallbackEntry : To-one key - NavigableRole[com.example.shopservice.entity.Order.user]
07:28:42.331 [main] DEBUG org.hibernate.orm.model.mapping.creation -- Starting PostInitCallbackEntry : Entity(com.example.shopservice.entity.Order) `staticFetchableList` generator
07:28:42.331 [main] DEBUG org.hibernate.orm.model.mapping.creation -- Starting PostInitCallbackEntry : To-one key - NavigableRole[com.example.shopservice.entity.OrderItem.order]
07:28:42.331 [main] DEBUG org.hibernate.orm.model.mapping.creation -- Starting PostInitCallbackEntry : To-one key - NavigableRole[com.example.shopservice.entity.OrderItem.product]
07:28:42.331 [main] DEBUG org.hibernate.orm.model.mapping.creation -- Starting PostInitCallbackEntry : Entity(com.example.shopservice.entity.OrderItem) `staticFetchableList` generator
07:28:42.331 [main] DEBUG org.hibernate.orm.model.mapping.creation -- Starting PostInitCallbackEntry : To-one key - NavigableRole[com.example.shopservice.entity.Review.product]
07:28:42.331 [main] DEBUG org.hibernate.orm.model.mapping.creation -- Starting PostInitCallbackEntry : To-one key - NavigableRole[com.example.shopservice.entity.Review.user]
07:28:42.331 [main] DEBUG org.hibernate.orm.model.mapping.creation -- Starting PostInitCallbackEntry : Entity(com.example.shopservice.entity.Review) `staticFetchableList` generator
07:28:42.331 [main] DEBUG org.hibernate.orm.model.mapping.creation -- Starting PostInitCallbackEntry : PluralAttributeMapping( NavigableRole[com.example.shopservice.entity.Order.orderItems#{element}]) - element descriptor
07:28:42.381 [main] DEBUG org.hibernate.orm.sql.ast.create -- Created new SQL alias : p1_0
07:28:42.383 [main] DEBUG org.hibernate.orm.sql.ast.create -- Registration of TableGroup [StandardTableGroup(com.example.shopservice.entity.Product)] with identifierForTableGroup [com.example.shopservice.entity.Product] for NavigablePath [com.example.shopservice.entity.Product] 
07:28:42.394 [main] DEBUG org.hibernate.orm.results.graph.AST -- DomainResult Graph:
 \-EntityResultImpl [com.example.shopservice.entity.Product]
 |  +-BasicFetch [com.example.shopservice.entity.Product.name]
 |  \-BasicFetch [com.example.shopservice.entity.Product.price]

07:28:42.395 [main] DEBUG org.hibernate.orm.sql.ast.tree -- SQL AST Tree:
    SelectStatement {
      FromClause {
        StandardTableGroup (p1 : com.example.shopservice.entity.Product) {
          primaryTableReference : products as p1_0
        }
      }
    }

07:28:42.399 [main] DEBUG org.hibernate.persister.entity.AbstractEntityPersister -- Static SQL for entity: com.example.shopservice.entity.Product
07:28:42.399 [main] DEBUG org.hibernate.persister.entity.AbstractEntityPersister --  Version select: select id from products where id=?
07:28:42.399 [main] DEBUG org.hibernate.persister.entity.AbstractEntityPersister --  Insert (0): insert into products (name,price,id) values (?,?,default)
07:28:42.399 [main] DEBUG org.hibernate.persister.entity.AbstractEntityPersister --  Update (0): update products set name=?,price=? where id=?
07:28:42.399 [main] DEBUG org.hibernate.persister.entity.AbstractEntityPersister --  Delete (0): delete from products where id=?
07:28:42.400 [main] DEBUG org.hibernate.orm.sql.ast.create -- Created new SQL alias : u1_0
07:28:42.400 [main] DEBUG org.hibernate.orm.sql.ast.create -- Registration of TableGroup [StandardTableGroup(com.example.shopservice.entity.User)] with identifierForTableGroup [com.example.shopservice.entity.User] for NavigablePath [com.example.shopservice.entity.User] 
07:28:42.400 [main] DEBUG org.hibernate.orm.results.graph.AST -- DomainResult Graph:
 \-EntityResultImpl [com.example.shopservice.entity.User]
 |  +-BasicFetch [com.example.shopservice.entity.User.email]
 |  \-BasicFetch [com.example.shopservice.entity.User.username]

07:28:42.400 [main] DEBUG org.hibernate.orm.sql.ast.tree -- SQL AST Tree:
    SelectStatement {
      FromClause {
        StandardTableGroup (u1 : com.example.shopservice.entity.User) {
          primaryTableReference : users as u1_0
        }
      }
    }

07:28:42.400 [main] DEBUG org.hibernate.persister.entity.AbstractEntityPersister -- Static SQL for entity: com.example.shopservice.entity.User
07:28:42.400 [main] DEBUG org.hibernate.persister.entity.AbstractEntityPersister --  Version select: select id from users where id=?
07:28:42.400 [main] DEBUG org.hibernate.persister.entity.AbstractEntityPersister --  Insert (0): insert into users (email,username,id) values (?,?,default)
07:28:42.400 [main] DEBUG org.hibernate.persister.entity.AbstractEntityPersister --  Update (0): update users set email=?,username=? where id=?
07:28:42.400 [main] DEBUG org.hibernate.persister.entity.AbstractEntityPersister --  Delete (0): delete from users where id=?
07:28:42.400 [main] DEBUG org.hibernate.orm.sql.ast.create -- Created new SQL alias : o1_0
07:28:42.400 [main] DEBUG org.hibernate.orm.sql.ast.create -- Registration of TableGroup [StandardTableGroup(com.example.shopservice.entity.Order)] with identifierForTableGroup [com.example.shopservice.entity.Order] for NavigablePath [com.example.shopservice.entity.Order] 
07:28:42.402 [main] DEBUG org.hibernate.orm.sql.ast.create -- Registration of TableGroup [org.hibernate.sql.ast.tree.from.LazyTableGroup@4b3ad7ca] with identifierForTableGroup [com.example.shopservice.entity.Order.user] for NavigablePath [com.example.shopservice.entity.Order.user] 
07:28:42.403 [main] DEBUG org.hibernate.orm.sql.ast.create -- Created new SQL alias : u1_0
07:28:42.405 [main] DEBUG org.hibernate.orm.results.graph.AST -- DomainResult Graph:
 \-EntityResultImpl [com.example.shopservice.entity.Order]
 |  +-BasicFetch [com.example.shopservice.entity.Order.orderDate]
 |  +-DelayedCollectionFetch [com.example.shopservice.entity.Order.orderItems]
 |  \-EntityFetchJoinedImpl [com.example.shopservice.entity.Order.user]

07:28:42.405 [main] DEBUG org.hibernate.orm.sql.ast.tree -- SQL AST Tree:
    SelectStatement {
      FromClause {
        StandardTableGroup (o1 : com.example.shopservice.entity.Order) {
          primaryTableReference : orders as o1_0
          TableGroupJoins {
            left  join LazyTableGroup (u1 : com.example.shopservice.entity.Order.user) {
              primaryTableReference : users as u1_0
            }
          }
        }
      }
    }

07:28:42.405 [main] DEBUG org.hibernate.persister.entity.AbstractEntityPersister -- Static SQL for entity: com.example.shopservice.entity.Order
07:28:42.405 [main] DEBUG org.hibernate.persister.entity.AbstractEntityPersister --  Version select: select id from orders where id=?
07:28:42.405 [main] DEBUG org.hibernate.persister.entity.AbstractEntityPersister --  Insert (0): insert into orders (order_date,user_id,id) values (?,?,default)
07:28:42.405 [main] DEBUG org.hibernate.persister.entity.AbstractEntityPersister --  Update (0): update orders set order_date=?,user_id=? where id=?
07:28:42.405 [main] DEBUG org.hibernate.persister.entity.AbstractEntityPersister --  Delete (0): delete from orders where id=?
07:28:42.405 [main] DEBUG org.hibernate.orm.sql.ast.create -- Created new SQL alias : oi1_0
07:28:42.405 [main] DEBUG org.hibernate.orm.sql.ast.create -- Registration of TableGroup [StandardTableGroup(com.example.shopservice.entity.OrderItem)] with identifierForTableGroup [com.example.shopservice.entity.OrderItem] for NavigablePath [com.example.shopservice.entity.OrderItem] 
07:28:42.405 [main] DEBUG org.hibernate.orm.sql.ast.create -- Registration of TableGroup [org.hibernate.sql.ast.tree.from.LazyTableGroup@7b5833ee] with identifierForTableGroup [com.example.shopservice.entity.OrderItem.order] for NavigablePath [com.example.shopservice.entity.OrderItem.order] 
07:28:42.406 [main] DEBUG org.hibernate.orm.sql.ast.create -- Created new SQL alias : o1_0
07:28:42.406 [main] DEBUG org.hibernate.orm.sql.ast.create -- Registration of TableGroup [org.hibernate.sql.ast.tree.from.LazyTableGroup@1e471884] with identifierForTableGroup [com.example.shopservice.entity.OrderItem.order.user] for NavigablePath [com.example.shopservice.entity.OrderItem.order.user] 
07:28:42.406 [main] DEBUG org.hibernate.orm.sql.ast.create -- Created new SQL alias : u1_0
07:28:42.406 [main] DEBUG org.hibernate.orm.sql.ast.create -- Registration of TableGroup [org.hibernate.sql.ast.tree.from.LazyTableGroup@48632f69] with identifierForTableGroup [com.example.shopservice.entity.OrderItem.product] for NavigablePath [com.example.shopservice.entity.OrderItem.product] 
07:28:42.406 [main] DEBUG org.hibernate.orm.sql.ast.create -- Created new SQL alias : p1_0
07:28:42.406 [main] DEBUG org.hibernate.orm.results.graph.AST -- DomainResult Graph:
 \-EntityResultImpl [com.example.shopservice.entity.OrderItem]
 |  +-EntityFetchJoinedImpl [com.example.shopservice.entity.OrderItem.order]
 |  +-EntityFetchJoinedImpl [com.example.shopservice.entity.OrderItem.product]
 |  \-BasicFetch [com.example.shopservice.entity.OrderItem.quantity]

07:28:42.407 [main] DEBUG org.hibernate.orm.sql.ast.tree -- SQL AST Tree:
    SelectStatement {
      FromClause {
        StandardTableGroup (oi1 : com.example.shopservice.entity.OrderItem) {
          primaryTableReference : order_items as oi1_0
          TableGroupJoins {
            left  join LazyTableGroup (o1 : com.example.shopservice.entity.OrderItem.order) {
              primaryTableReference : orders as o1_0
              TableGroupJoins {
                left  join LazyTableGroup (u1 : com.example.shopservice.entity.OrderItem.order.user) {
                  primaryTableReference : users as u1_0
                }
              }
            }
            left  join LazyTableGroup (p1 : com.example.shopservice.entity.OrderItem.product) {
              primaryTableReference : products as p1_0
            }
          }
        }
      }
    }

07:28:42.407 [main] DEBUG org.hibernate.persister.entity.AbstractEntityPersister -- Static SQL for entity: com.example.shopservice.entity.OrderItem
07:28:42.407 [main] DEBUG org.hibernate.persister.entity.AbstractEntityPersister --  Version select: select id from order_items where id=?
07:28:42.407 [main] DEBUG org.hibernate.persister.entity.AbstractEntityPersister --  Insert (0): insert into order_items (order_id,product_id,quantity,id) values (?,?,?,default)
07:28:42.407 [main] DEBUG org.hibernate.persister.entity.AbstractEntityPersister --  Update (0): update order_items set order_id=?,product_id=?,quantity=? where id=?
07:28:42.407 [main] DEBUG org.hibernate.persister.entity.AbstractEntityPersister --  Delete (0): delete from order_items where id=?
07:28:42.407 [main] DEBUG org.hibernate.orm.sql.ast.create -- Created new SQL alias : r1_0
07:28:42.407 [main] DEBUG org.hibernate.orm.sql.ast.create -- Registration of TableGroup [StandardTableGroup(com.example.shopservice.entity.Review)] with identifierForTableGroup [com.example.shopservice.entity.Review] for NavigablePath [com.example.shopservice.entity.Review] 
07:28:42.407 [main] DEBUG org.hibernate.orm.sql.ast.create -- Registration of TableGroup [org.hibernate.sql.ast.tree.from.LazyTableGroup@984de01] with identifierForTableGroup [com.example.shopservice.entity.Review.product] for NavigablePath [com.example.shopservice.entity.Review.product] 
07:28:42.407 [main] DEBUG org.hibernate.orm.sql.ast.create -- Created new SQL alias : p1_0
07:28:42.407 [main] DEBUG org.hibernate.orm.sql.ast.create -- Registration of TableGroup [org.hibernate.sql.ast.tree.from.LazyTableGroup@58cda03f] with identifierForTableGroup [com.example.shopservice.entity.Review.user] for NavigablePath [com.example.shopservice.entity.Review.user] 
07:28:42.407 [main] DEBUG org.hibernate.orm.sql.ast.create -- Created new SQL alias : u1_0
07:28:42.408 [main] DEBUG org.hibernate.orm.results.graph.AST -- DomainResult Graph:
 \-EntityResultImpl [com.example.shopservice.entity.Review]
 |  +-BasicFetch [com.example.shopservice.entity.Review.comment]
 |  +-EntityFetchJoinedImpl [com.example.shopservice.entity.Review.product]
 |  +-BasicFetch [com.example.shopservice.entity.Review.rating]
 |  \-EntityFetchJoinedImpl [com.example.shopservice.entity.Review.user]

07:28:42.408 [main] DEBUG org.hibernate.orm.sql.ast.tree -- SQL AST Tree:
    SelectStatement {
      FromClause {
        StandardTableGroup (r1 : com.example.shopservice.entity.Review) {
          primaryTableReference : reviews as r1_0
          TableGroupJoins {
            left  join LazyTableGroup (p1 : com.example.shopservice.entity.Review.product) {
              primaryTableReference : products as p1_0
            }
            left  join LazyTableGroup (u1 : com.example.shopservice.entity.Review.user) {
              primaryTableReference : users as u1_0
            }
          }
        }
      }
    }

07:28:42.408 [main] DEBUG org.hibernate.persister.entity.AbstractEntityPersister -- Static SQL for entity: com.example.shopservice.entity.Review
07:28:42.408 [main] DEBUG org.hibernate.persister.entity.AbstractEntityPersister --  Version select: select id from reviews where id=?
07:28:42.408 [main] DEBUG org.hibernate.persister.entity.AbstractEntityPersister --  Insert (0): insert into reviews (comment,product_id,rating,user_id,id) values (?,?,?,?,default)
07:28:42.408 [main] DEBUG org.hibernate.persister.entity.AbstractEntityPersister --  Update (0): update reviews set comment=?,product_id=?,rating=?,user_id=? where id=?
07:28:42.408 [main] DEBUG org.hibernate.persister.entity.AbstractEntityPersister --  Delete (0): delete from reviews where id=?
07:28:42.409 [main] DEBUG org.hibernate.orm.sql.ast.create -- Created new SQL alias : oi1_0
07:28:42.409 [main] DEBUG org.hibernate.orm.sql.ast.create -- Registration of TableGroup [org.hibernate.sql.ast.tree.from.OneToManyTableGroup@7198ab9a] with identifierForTableGroup [com.example.shopservice.entity.Order.orderItems] for NavigablePath [com.example.shopservice.entity.Order.orderItems] 
07:28:42.409 [main] DEBUG org.hibernate.orm.sql.ast.create -- Registration of TableGroup [StandardTableGroup(com.example.shopservice.entity.Order.orderItems.{element})] with identifierForTableGroup [com.example.shopservice.entity.Order.orderItems.{element}] for NavigablePath [com.example.shopservice.entity.Order.orderItems.{element}] 
07:28:42.412 [main] DEBUG org.hibernate.orm.sql.ast.create -- Registration of TableGroup [org.hibernate.sql.ast.tree.from.LazyTableGroup@76b5a559] with identifierForTableGroup [com.example.shopservice.entity.Order.orderItems.{element}.order] for NavigablePath [com.example.shopservice.entity.Order.orderItems.{element}.order] 
07:28:42.413 [main] DEBUG org.hibernate.orm.sql.ast.create -- Registration of TableGroup [org.hibernate.sql.ast.tree.from.LazyTableGroup@63c99f7] with identifierForTableGroup [com.example.shopservice.entity.Order.orderItems.{element}.product] for NavigablePath [com.example.shopservice.entity.Order.orderItems.{element}.product] 
07:28:42.413 [main] DEBUG org.hibernate.orm.sql.ast.create -- Created new SQL alias : p1_0
07:28:42.414 [main] DEBUG org.hibernate.orm.results.graph.AST -- DomainResult Graph:
 \-CollectionDomainResult [com.example.shopservice.entity.Order.orderItems]

07:28:42.414 [main] DEBUG org.hibernate.orm.sql.ast.tree -- SQL AST Tree:
    SelectStatement {
      FromClause {
        OneToManyTableGroup (oi1 : com.example.shopservice.entity.Order.orderItems) {
          primaryTableReference : order_items as oi1_0
          TableGroupJoins {
            left  join LazyTableGroup (o1 : com.example.shopservice.entity.Order.orderItems.{element}.order) {
            }
            left  join LazyTableGroup (p1 : com.example.shopservice.entity.Order.orderItems.{element}.product) {
              primaryTableReference : products as p1_0
            }
          }
        }
      }
    }

07:28:42.414 [main] DEBUG org.hibernate.orm.jdbc.mutation -- Static SQL for collection: com.example.shopservice.entity.Order.orderItems
07:28:42.430 [main] DEBUG org.hibernate.type.spi.TypeConfiguration$Scope -- Scoping TypeConfiguration [org.hibernate.type.spi.TypeConfiguration@1bf39d06] to SessionFactoryImplementor [org.hibernate.internal.SessionFactoryImpl@1d7f2f0a]
07:28:42.431 [main] DEBUG org.hibernate.query.named.NamedObjectRepository -- Checking 0 named HQL queries
07:28:42.431 [main] DEBUG org.hibernate.query.named.NamedObjectRepository -- Checking 0 named SQL queries
07:28:42.442 [main] DEBUG org.hibernate.SQL -- drop table if exists order_items cascade 
07:28:42.444 [main] DEBUG org.hibernate.SQL -- drop table if exists orders cascade 
07:28:42.444 [main] DEBUG org.hibernate.SQL -- drop table if exists products cascade 
07:28:42.445 [main] DEBUG org.hibernate.SQL -- drop table if exists reviews cascade 
07:28:42.445 [main] DEBUG org.hibernate.SQL -- drop table if exists users cascade 
07:28:42.448 [main] DEBUG org.hibernate.SQL -- create table order_items (quantity integer not null, id bigint generated by default as identity, order_id bigint, product_id bigint, primary key (id))
07:28:42.455 [main] DEBUG org.hibernate.SQL -- create table orders (id bigint generated by default as identity, order_date timestamp(6), user_id bigint, primary key (id))
07:28:42.456 [main] DEBUG org.hibernate.SQL -- create table products (price numeric(38,2), id bigint generated by default as identity, name varchar(255), primary key (id))
07:28:42.457 [main] DEBUG org.hibernate.SQL -- create table reviews (rating integer not null, id bigint generated by default as identity, product_id bigint, user_id bigint, comment text, primary key (id))
07:28:42.458 [main] DEBUG org.hibernate.SQL -- create table users (id bigint generated by default as identity, email varchar(255), username varchar(255), primary key (id))
07:28:42.460 [main] DEBUG org.hibernate.SQL -- alter table if exists order_items add constraint FKbioxgbv59vetrxe0ejfubep1w foreign key (order_id) references orders
07:28:42.465 [main] DEBUG org.hibernate.SQL -- alter table if exists order_items add constraint FKocimc7dtr037rh4ls4l95nlfi foreign key (product_id) references products
07:28:42.467 [main] DEBUG org.hibernate.SQL -- alter table if exists orders add constraint FK32ql8ubntj5uh44ph9659tiih foreign key (user_id) references users
07:28:42.468 [main] DEBUG org.hibernate.SQL -- alter table if exists reviews add constraint FKpl51cejpw4gy5swfar8br9ngi foreign key (product_id) references products
07:28:42.470 [main] DEBUG org.hibernate.SQL -- alter table if exists reviews add constraint FKcgy7qjc1r99dp117y9en6lxye foreign key (user_id) references users
07:28:42.474 [main] DEBUG org.hibernate.internal.SessionFactoryRegistry -- Initializing SessionFactoryRegistry : org.hibernate.internal.SessionFactoryRegistry@9dc782d
07:28:42.474 [main] DEBUG org.hibernate.internal.SessionFactoryRegistry -- Registering SessionFactory: 7d50f403-8336-437d-ad4b-2e505a16908c (default)
07:28:42.474 [main] DEBUG org.hibernate.internal.SessionFactoryRegistry -- Not binding SessionFactory to JNDI, no JNDI name configured
07:28:42.474 [main] DEBUG org.hibernate.internal.SessionFactoryImpl -- Instantiated SessionFactory
07:28:42.474 [main] DEBUG io.micronaut.context.lifecycle -- Created bean [org.hibernate.internal.SessionFactoryImpl@1d7f2f0a] from definition [Definition: io.micronaut.configuration.hibernate.jpa.conf.SessionFactoryPerDataSourceFactory] with qualifier [@Named('default')]
07:28:42.474 [main] DEBUG io.micronaut.context.DefaultBeanContext -- Finding candidate beans for type: ReactorConfiguration configuration
07:28:42.475 [main] DEBUG io.micronaut.context.DefaultBeanContext --   class io.micronaut.reactor.config.ReactorConfiguration null Definition: io.micronaut.reactor.config.ReactorConfiguration
07:28:42.475 [main] DEBUG io.micronaut.context.DefaultBeanContext -- Found concrete candidate [Definition: io.micronaut.reactor.config.ReactorConfiguration] for type: configuration 
07:28:42.475 [main] DEBUG io.micronaut.context.lifecycle -- Created bean [ReactorConfiguration[enableAutomaticContextPropagation=null, enableScheduleHookContextPropagation=null]] from definition [Definition: io.micronaut.reactor.config.ReactorConfiguration] with qualifier [null]
07:28:42.480 [main] DEBUG reactor.util.Loggers -- Using Slf4j logging framework
07:28:42.480 [main] DEBUG io.micronaut.context.lifecycle -- Created bean [io.micronaut.reactor.instrument.ReactorInstrumentation@68a5aadd] from definition [Definition: io.micronaut.reactor.instrument.ReactorInstrumentation] with qualifier [null]
07:28:42.480 [main] DEBUG io.micronaut.context.DefaultBeanContext -- Finding candidate beans for type: DatasourceConfiguration
07:28:42.480 [main] DEBUG io.micronaut.context.DefaultBeanContext --   class io.micronaut.configuration.jdbc.hikari.DatasourceConfiguration @Named('default') Definition: io.micronaut.configuration.jdbc.hikari.DatasourceConfiguration
07:28:42.482 [main] DEBUG io.micronaut.context.DefaultBeanContext -- Loaded active configurations: io.micronaut.jackson,io.micronaut.configuration.jdbc.hikari,io.micronaut.configuration.hibernate.jpa,io.micronaut.http.client
07:28:42.482 [main] DEBUG io.micronaut.context.DefaultBeanContext -- BeanContext Started.
07:28:42.482 [main] DEBUG io.micronaut.context.DefaultBeanContext -- Finding candidate beans for type: ApplicationEventPublisher
07:28:42.482 [main] DEBUG io.micronaut.context.DefaultBeanContext --   interface io.micronaut.context.event.ApplicationEventPublisher null io.micronaut.context.event.ApplicationEventPublisherFactory@3c389f3b
07:28:42.482 [main] DEBUG io.micronaut.context.DefaultBeanContext -- Found concrete candidate [io.micronaut.context.event.ApplicationEventPublisherFactory@3c389f3b] for type: applicationEventPublisher 
07:28:42.484 [main] DEBUG io.micronaut.context.lifecycle -- Created bean [io.micronaut.context.event.ApplicationEventPublisherFactory$2@632c3f55] from definition [io.micronaut.context.event.ApplicationEventPublisherFactory@3c389f3b] with qualifier [null]
07:28:42.484 [main] DEBUG io.micronaut.context.event.ApplicationEventPublisher -- Publishing event: io.micronaut.context.event.StartupEvent[source=io.micronaut.context.DefaultApplicationContext@20faaf77]
07:28:42.484 [main] DEBUG io.micronaut.context.DefaultBeanContext -- Resolving beans for type: <StartupEvent> io.micronaut.context.event.ApplicationEventListener 
07:28:42.484 [main] DEBUG io.micronaut.context.DefaultBeanContext -- Finding candidate beans for type: ApplicationEventListener
07:28:42.486 [main] DEBUG io.micronaut.context.condition.Condition -- Bean [Definition: io.micronaut.http.server.netty.ssl.CertificateProvidedSslBuilder] will not be loaded due to failing conditions:
07:28:42.486 [main] DEBUG io.micronaut.context.condition.Condition -- * Neither the old deprecated micronaut.ssl.build-self-signed, nor the new micronaut.server.ssl.build-self-signed were enabled.
07:28:42.486 [main] DEBUG io.micronaut.context.condition.Condition -- * Custom condition [class io.micronaut.http.server.netty.ssl.SslEnabledCondition] failed evaluation
07:28:42.491 [main] DEBUG io.micronaut.context.DefaultBeanContext -- Finding candidate beans for type: ServiceHttpClientConfiguration
07:28:42.492 [main] DEBUG io.micronaut.context.DefaultBeanContext -- No bean candidates found for type: ServiceHttpClientConfiguration
07:28:42.492 [main] DEBUG io.micronaut.context.DefaultBeanContext --   interface io.micronaut.http.server.netty.NettyEmbeddedServer null Definition: io.micronaut.http.server.netty.DefaultNettyEmbeddedServerFactory
07:28:42.492 [main] DEBUG io.micronaut.context.DefaultBeanContext --   class io.micronaut.runtime.http.scope.RequestCustomScope null Definition: io.micronaut.runtime.http.scope.RequestCustomScope
07:28:42.492 [main] DEBUG io.micronaut.context.DefaultBeanContext --   class io.micronaut.http.server.netty.discovery.NettyServiceDiscovery$ApplicationEventListener$onStop2$Intercepted null Definition: io.micronaut.http.server.netty.discovery.NettyServiceDiscovery$ApplicationEventListener$onStop2$Intercepted
07:28:42.492 [main] DEBUG io.micronaut.context.DefaultBeanContext --   class io.micronaut.http.server.netty.discovery.NettyServiceDiscovery$ApplicationEventListener$onStart1$Intercepted null Definition: io.micronaut.http.server.netty.discovery.NettyServiceDiscovery$ApplicationEventListener$onStart1$Intercepted
07:28:42.492 [main] DEBUG io.micronaut.context.DefaultBeanContext --   class io.micronaut.runtime.context.scope.refresh.RefreshScope null Definition: io.micronaut.runtime.context.scope.refresh.RefreshScope
07:28:42.492 [main] DEBUG io.micronaut.context.DefaultBeanContext --   class io.micronaut.http.client.netty.DefaultNettyHttpClientRegistry null Definition: io.micronaut.http.client.netty.DefaultNettyHttpClientRegistry
07:28:42.493 [main] DEBUG io.micronaut.context.DefaultBeanContext -- Resolving beans for type: io.micronaut.test.context.TestExecutionListener
07:28:42.493 [main] DEBUG io.micronaut.context.DefaultBeanContext -- Finding candidate beans for type: TestExecutionListener
07:28:42.493 [main] DEBUG io.micronaut.context.DefaultBeanContext -- Finding candidate beans for type: TransactionOperations
07:28:42.495 [main] DEBUG io.micronaut.context.DefaultBeanContext -- Finding candidate beans for type: DataSource
07:28:42.495 [main] DEBUG io.micronaut.context.DefaultBeanContext -- Finding candidate beans for type: DatasourceConfiguration
07:28:42.496 [main] DEBUG io.micronaut.context.DefaultBeanContext --   class io.micronaut.configuration.jdbc.hikari.DatasourceConfiguration @Named('default') Definition: io.micronaut.configuration.jdbc.hikari.DatasourceConfiguration
07:28:42.496 [main] DEBUG io.micronaut.context.DefaultBeanContext --   interface javax.sql.DataSource @Named('default') Definition: io.micronaut.configuration.jdbc.hikari.DatasourceFactory
07:28:42.496 [main] DEBUG io.micronaut.context.DefaultBeanContext -- Finding candidate beans for type: DataSource
07:28:42.496 [main] DEBUG io.micronaut.context.DefaultBeanContext -- Finding candidate beans for type: DatasourceConfiguration
07:28:42.497 [main] DEBUG io.micronaut.context.DefaultBeanContext --   class io.micronaut.configuration.jdbc.hikari.DatasourceConfiguration @Named('default') Definition: io.micronaut.configuration.jdbc.hikari.DatasourceConfiguration
07:28:42.497 [main] DEBUG io.micronaut.context.DefaultBeanContext --   interface javax.sql.DataSource @Named('default') Definition: io.micronaut.configuration.jdbc.hikari.DatasourceFactory
07:28:42.497 [main] DEBUG io.micronaut.context.DefaultBeanContext -- Bean [class io.micronaut.transaction.hibernate.HibernateTransactionManager] replaces existing bean of type [class io.micronaut.transaction.jdbc.DataSourceTransactionManager]
07:28:42.497 [main] DEBUG io.micronaut.context.DefaultBeanContext --   class io.micronaut.transaction.hibernate.HibernateTransactionManager @Named('default') Definition: io.micronaut.transaction.hibernate.HibernateTransactionManager
07:28:42.498 [main] DEBUG io.micronaut.context.DefaultBeanContext --   class io.micronaut.transaction.test.DefaultTestTransactionExecutionListener @Named('default') Definition: io.micronaut.transaction.test.DefaultTestTransactionExecutionListener
07:28:42.498 [main] DEBUG io.micronaut.context.DefaultBeanContext -- Finding candidate beans for type: TransactionOperations transactionManager
07:28:42.498 [main] DEBUG io.micronaut.context.DefaultBeanContext -- Finding candidate beans for type: DataSource
07:28:42.498 [main] DEBUG io.micronaut.context.DefaultBeanContext -- Finding candidate beans for type: DatasourceConfiguration
07:28:42.499 [main] DEBUG io.micronaut.context.DefaultBeanContext --   class io.micronaut.configuration.jdbc.hikari.DatasourceConfiguration @Named('default') Definition: io.micronaut.configuration.jdbc.hikari.DatasourceConfiguration
07:28:42.499 [main] DEBUG io.micronaut.context.DefaultBeanContext --   interface javax.sql.DataSource @Named('default') Definition: io.micronaut.configuration.jdbc.hikari.DatasourceFactory
07:28:42.499 [main] DEBUG io.micronaut.context.DefaultBeanContext -- Finding candidate beans for type: DataSource
07:28:42.499 [main] DEBUG io.micronaut.context.DefaultBeanContext -- Finding candidate beans for type: DatasourceConfiguration
07:28:42.499 [main] DEBUG io.micronaut.context.DefaultBeanContext --   class io.micronaut.configuration.jdbc.hikari.DatasourceConfiguration @Named('default') Definition: io.micronaut.configuration.jdbc.hikari.DatasourceConfiguration
07:28:42.499 [main] DEBUG io.micronaut.context.DefaultBeanContext --   interface javax.sql.DataSource @Named('default') Definition: io.micronaut.configuration.jdbc.hikari.DatasourceFactory
07:28:42.500 [main] DEBUG io.micronaut.context.DefaultBeanContext -- Bean [class io.micronaut.transaction.hibernate.HibernateTransactionManager] replaces existing bean of type [class io.micronaut.transaction.jdbc.DataSourceTransactionManager]
07:28:42.500 [main] DEBUG io.micronaut.context.DefaultBeanContext --   class io.micronaut.transaction.hibernate.HibernateTransactionManager @Named('default') Definition: io.micronaut.transaction.hibernate.HibernateTransactionManager
07:28:42.500 [main] DEBUG io.micronaut.context.DefaultBeanContext -- Qualifying bean [transactionManager] for qualifier: @Named('default') 
07:28:42.500 [main] DEBUG io.micronaut.context.DefaultBeanContext -- Found concrete candidate [Definition: io.micronaut.transaction.hibernate.HibernateTransactionManager] for type: @Named('default') transactionManager 
07:28:42.500 [main] DEBUG io.micronaut.context.DefaultBeanContext -- Finding candidate beans for type: ConnectionOperations connectionOperations
07:28:42.501 [main] DEBUG io.micronaut.context.DefaultBeanContext -- Finding candidate beans for type: SessionFactory
07:28:42.501 [main] DEBUG io.micronaut.context.DefaultBeanContext -- Finding candidate beans for type: SessionFactoryPerDataSourceFactory
07:28:42.501 [main] DEBUG io.micronaut.context.DefaultBeanContext --   class io.micronaut.configuration.hibernate.jpa.conf.SessionFactoryPerDataSourceFactory null Definition: io.micronaut.configuration.hibernate.jpa.conf.SessionFactoryPerDataSourceFactory
07:28:42.501 [main] DEBUG io.micronaut.context.condition.Condition -- Bean [Definition: io.micronaut.configuration.hibernate.jpa.conf.SessionFactoryPerJpaConfigurationFactory] will not be loaded due to failing conditions:
07:28:42.501 [main] DEBUG io.micronaut.context.condition.Condition -- * Existing bean [io.micronaut.configuration.hibernate.jpa.conf.SessionFactoryPerDataSourceFactory] of type [class io.micronaut.configuration.hibernate.jpa.conf.SessionFactoryPerDataSourceFactory] registered in context
07:28:42.501 [main] DEBUG io.micronaut.core.reflect.ClassUtils -- Attempting to dynamically load class org.hibernate.reactive.provider.ReactiveServiceRegistryBuilder
07:28:42.501 [main] DEBUG io.micronaut.core.reflect.ClassUtils -- Class org.hibernate.reactive.provider.ReactiveServiceRegistryBuilder is not present
07:28:42.501 [main] DEBUG io.micronaut.context.DefaultBeanContext -- Finding candidate beans for type: SessionFactoryBuilder
07:28:42.502 [main] DEBUG io.micronaut.context.DefaultBeanContext -- Finding candidate beans for type: Metadata
07:28:42.502 [main] DEBUG io.micronaut.context.DefaultBeanContext -- Finding candidate beans for type: MetadataSources
07:28:42.502 [main] DEBUG io.micronaut.context.DefaultBeanContext -- Finding candidate beans for type: ServiceRegistry
07:28:42.502 [main] DEBUG io.micronaut.context.DefaultBeanContext -- Finding candidate beans for type: DataSource
07:28:42.502 [main] DEBUG io.micronaut.context.DefaultBeanContext -- Finding candidate beans for type: DatasourceConfiguration
07:28:42.503 [main] DEBUG io.micronaut.context.DefaultBeanContext --   class io.micronaut.configuration.jdbc.hikari.DatasourceConfiguration @Named('default') Definition: io.micronaut.configuration.jdbc.hikari.DatasourceConfiguration
07:28:42.503 [main] DEBUG io.micronaut.context.DefaultBeanContext --   interface javax.sql.DataSource @Named('default') Definition: io.micronaut.configuration.jdbc.hikari.DatasourceFactory
07:28:42.503 [main] DEBUG io.micronaut.core.reflect.ClassUtils -- Attempting to dynamically load class org.hibernate.reactive.provider.ReactiveServiceRegistryBuilder
07:28:42.503 [main] DEBUG io.micronaut.core.reflect.ClassUtils -- Class org.hibernate.reactive.provider.ReactiveServiceRegistryBuilder is not present
07:28:42.503 [main] DEBUG io.micronaut.context.DefaultBeanContext --   interface org.hibernate.service.ServiceRegistry @Named('default') Definition: io.micronaut.configuration.hibernate.jpa.conf.SessionFactoryPerDataSourceFactory
07:28:42.503 [main] DEBUG io.micronaut.core.reflect.ClassUtils -- Attempting to dynamically load class org.hibernate.reactive.provider.ReactiveServiceRegistryBuilder
07:28:42.503 [main] DEBUG io.micronaut.core.reflect.ClassUtils -- Class org.hibernate.reactive.provider.ReactiveServiceRegistryBuilder is not present
07:28:42.503 [main] DEBUG io.micronaut.context.DefaultBeanContext --   class org.hibernate.boot.MetadataSources @Named('default') Definition: io.micronaut.configuration.hibernate.jpa.conf.SessionFactoryPerDataSourceFactory
07:28:42.503 [main] DEBUG io.micronaut.core.reflect.ClassUtils -- Attempting to dynamically load class org.hibernate.reactive.provider.ReactiveServiceRegistryBuilder
07:28:42.503 [main] DEBUG io.micronaut.core.reflect.ClassUtils -- Class org.hibernate.reactive.provider.ReactiveServiceRegistryBuilder is not present
07:28:42.503 [main] DEBUG io.micronaut.context.DefaultBeanContext --   interface org.hibernate.boot.Metadata @Named('default') Definition: io.micronaut.configuration.hibernate.jpa.conf.SessionFactoryPerDataSourceFactory
07:28:42.503 [main] DEBUG io.micronaut.core.reflect.ClassUtils -- Attempting to dynamically load class org.hibernate.reactive.provider.ReactiveServiceRegistryBuilder
07:28:42.503 [main] DEBUG io.micronaut.core.reflect.ClassUtils -- Class org.hibernate.reactive.provider.ReactiveServiceRegistryBuilder is not present
07:28:42.504 [main] DEBUG io.micronaut.context.DefaultBeanContext --   interface org.hibernate.boot.SessionFactoryBuilder @Named('default') Definition: io.micronaut.configuration.hibernate.jpa.conf.SessionFactoryPerDataSourceFactory
07:28:42.504 [main] DEBUG io.micronaut.core.reflect.ClassUtils -- Attempting to dynamically load class org.hibernate.reactive.provider.ReactiveServiceRegistryBuilder
07:28:42.504 [main] DEBUG io.micronaut.core.reflect.ClassUtils -- Class org.hibernate.reactive.provider.ReactiveServiceRegistryBuilder is not present
07:28:42.504 [main] DEBUG io.micronaut.context.DefaultBeanContext --   interface org.hibernate.SessionFactory @Named('default') Definition: io.micronaut.configuration.hibernate.jpa.conf.SessionFactoryPerDataSourceFactory
07:28:42.504 [main] DEBUG io.micronaut.context.DefaultBeanContext --   class io.micronaut.data.hibernate.connection.HibernateConnectionOperations @Named('default') Definition: io.micronaut.data.hibernate.connection.HibernateConnectionOperations
07:28:42.504 [main] DEBUG io.micronaut.context.DefaultBeanContext -- Qualifying bean [connectionOperations] for qualifier: @Named('default') 
07:28:42.504 [main] DEBUG io.micronaut.context.DefaultBeanContext -- Found concrete candidate [Definition: io.micronaut.data.hibernate.connection.HibernateConnectionOperations] for type: @Named('default') connectionOperations 
07:28:42.505 [main] DEBUG io.micronaut.context.DefaultBeanContext -- Finding candidate beans for type: Interceptor entityInterceptor
07:28:42.505 [main] DEBUG io.micronaut.context.DefaultBeanContext -- No bean candidates found for type: Interceptor entityInterceptor
07:28:42.505 [main] DEBUG io.micronaut.context.lifecycle -- Created bean [io.micronaut.data.hibernate.connection.HibernateConnectionOperations@3a6556b6] from definition [Definition: io.micronaut.data.hibernate.connection.HibernateConnectionOperations] with qualifier [@Named('default')]
07:28:42.505 [main] DEBUG io.micronaut.context.DefaultBeanContext -- Finding candidate beans for type: SynchronousConnectionManager synchronousConnectionManager
07:28:42.505 [main] DEBUG io.micronaut.context.DefaultBeanContext -- Finding candidate beans for type: SessionFactory
07:28:42.505 [main] DEBUG io.micronaut.context.DefaultBeanContext -- Finding candidate beans for type: SessionFactoryBuilder
07:28:42.505 [main] DEBUG io.micronaut.context.DefaultBeanContext -- Finding candidate beans for type: Metadata
07:28:42.506 [main] DEBUG io.micronaut.context.DefaultBeanContext -- Finding candidate beans for type: MetadataSources
07:28:42.506 [main] DEBUG io.micronaut.context.DefaultBeanContext -- Finding candidate beans for type: ServiceRegistry
07:28:42.506 [main] DEBUG io.micronaut.context.DefaultBeanContext -- Finding candidate beans for type: DataSource
07:28:42.506 [main] DEBUG io.micronaut.context.DefaultBeanContext -- Finding candidate beans for type: DatasourceConfiguration
07:28:42.506 [main] DEBUG io.micronaut.context.DefaultBeanContext --   class io.micronaut.configuration.jdbc.hikari.DatasourceConfiguration @Named('default') Definition: io.micronaut.configuration.jdbc.hikari.DatasourceConfiguration
07:28:42.506 [main] DEBUG io.micronaut.context.DefaultBeanContext --   interface javax.sql.DataSource @Named('default') Definition: io.micronaut.configuration.jdbc.hikari.DatasourceFactory
07:28:42.506 [main] DEBUG io.micronaut.core.reflect.ClassUtils -- Attempting to dynamically load class org.hibernate.reactive.provider.ReactiveServiceRegistryBuilder
07:28:42.506 [main] DEBUG io.micronaut.core.reflect.ClassUtils -- Class org.hibernate.reactive.provider.ReactiveServiceRegistryBuilder is not present
07:28:42.506 [main] DEBUG io.micronaut.context.DefaultBeanContext --   interface org.hibernate.service.ServiceRegistry @Named('default') Definition: io.micronaut.configuration.hibernate.jpa.conf.SessionFactoryPerDataSourceFactory
07:28:42.506 [main] DEBUG io.micronaut.core.reflect.ClassUtils -- Attempting to dynamically load class org.hibernate.reactive.provider.ReactiveServiceRegistryBuilder
07:28:42.506 [main] DEBUG io.micronaut.core.reflect.ClassUtils -- Class org.hibernate.reactive.provider.ReactiveServiceRegistryBuilder is not present
07:28:42.506 [main] DEBUG io.micronaut.context.DefaultBeanContext --   class org.hibernate.boot.MetadataSources @Named('default') Definition: io.micronaut.configuration.hibernate.jpa.conf.SessionFactoryPerDataSourceFactory
07:28:42.507 [main] DEBUG io.micronaut.core.reflect.ClassUtils -- Attempting to dynamically load class org.hibernate.reactive.provider.ReactiveServiceRegistryBuilder
07:28:42.507 [main] DEBUG io.micronaut.core.reflect.ClassUtils -- Class org.hibernate.reactive.provider.ReactiveServiceRegistryBuilder is not present
07:28:42.507 [main] DEBUG io.micronaut.context.DefaultBeanContext --   interface org.hibernate.boot.Metadata @Named('default') Definition: io.micronaut.configuration.hibernate.jpa.conf.SessionFactoryPerDataSourceFactory
07:28:42.507 [main] DEBUG io.micronaut.core.reflect.ClassUtils -- Attempting to dynamically load class org.hibernate.reactive.provider.ReactiveServiceRegistryBuilder
07:28:42.507 [main] DEBUG io.micronaut.core.reflect.ClassUtils -- Class org.hibernate.reactive.provider.ReactiveServiceRegistryBuilder is not present
07:28:42.507 [main] DEBUG io.micronaut.context.DefaultBeanContext --   interface org.hibernate.boot.SessionFactoryBuilder @Named('default') Definition: io.micronaut.configuration.hibernate.jpa.conf.SessionFactoryPerDataSourceFactory
07:28:42.507 [main] DEBUG io.micronaut.core.reflect.ClassUtils -- Attempting to dynamically load class org.hibernate.reactive.provider.ReactiveServiceRegistryBuilder
07:28:42.507 [main] DEBUG io.micronaut.core.reflect.ClassUtils -- Class org.hibernate.reactive.provider.ReactiveServiceRegistryBuilder is not present
07:28:42.507 [main] DEBUG io.micronaut.context.DefaultBeanContext --   interface org.hibernate.SessionFactory @Named('default') Definition: io.micronaut.configuration.hibernate.jpa.conf.SessionFactoryPerDataSourceFactory
07:28:42.507 [main] DEBUG io.micronaut.context.DefaultBeanContext --   class io.micronaut.data.hibernate.connection.HibernateConnectionOperations @Named('default') Definition: io.micronaut.data.hibernate.connection.HibernateConnectionOperations
07:28:42.507 [main] DEBUG io.micronaut.context.DefaultBeanContext -- Qualifying bean [synchronousConnectionManager] for qualifier: @Named('default') 
07:28:42.507 [main] DEBUG io.micronaut.context.DefaultBeanContext -- Found concrete candidate [Definition: io.micronaut.data.hibernate.connection.HibernateConnectionOperations] for type: @Named('default') synchronousConnectionManager 
07:28:42.508 [main] DEBUG io.micronaut.context.lifecycle -- Created bean [io.micronaut.transaction.hibernate.HibernateTransactionManager@22e813fc] from definition [Definition: io.micronaut.transaction.hibernate.HibernateTransactionManager] with qualifier [@Named('default')]
07:28:42.508 [main] DEBUG io.micronaut.context.lifecycle -- Created bean [io.micronaut.transaction.test.DefaultTestTransactionExecutionListener@433d93e7] from definition [Definition: io.micronaut.transaction.test.DefaultTestTransactionExecutionListener] with qualifier [@Named('default')]
07:28:42.508 [main] DEBUG io.micronaut.context.DefaultBeanContext -- Found a registration BeanRegistration: io.micronaut.transaction.test.DefaultTestTransactionExecutionListener@433d93e7 for candidate: Definition: io.micronaut.transaction.test.DefaultTestTransactionExecutionListener with qualifier: null
07:28:42.508 [main] DEBUG io.micronaut.context.DefaultBeanContext -- Resolving beans for type: io.micronaut.test.context.TestMethodInterceptor
07:28:42.508 [main] DEBUG io.micronaut.context.DefaultBeanContext -- Finding candidate beans for type: TestMethodInterceptor
07:28:42.509 [main] DEBUG io.micronaut.context.DefaultBeanContext -- Finding candidate beans for type: TransactionOperations
07:28:42.509 [main] DEBUG io.micronaut.context.DefaultBeanContext -- Finding candidate beans for type: DataSource
07:28:42.509 [main] DEBUG io.micronaut.context.DefaultBeanContext -- Finding candidate beans for type: DatasourceConfiguration
07:28:42.509 [main] DEBUG io.micronaut.context.DefaultBeanContext --   class io.micronaut.configuration.jdbc.hikari.DatasourceConfiguration @Named('default') Definition: io.micronaut.configuration.jdbc.hikari.DatasourceConfiguration
07:28:42.509 [main] DEBUG io.micronaut.context.DefaultBeanContext --   interface javax.sql.DataSource @Named('default') Definition: io.micronaut.configuration.jdbc.hikari.DatasourceFactory
07:28:42.509 [main] DEBUG io.micronaut.context.DefaultBeanContext -- Finding candidate beans for type: DataSource
07:28:42.509 [main] DEBUG io.micronaut.context.DefaultBeanContext -- Finding candidate beans for type: DatasourceConfiguration
07:28:42.510 [main] DEBUG io.micronaut.context.DefaultBeanContext --   class io.micronaut.configuration.jdbc.hikari.DatasourceConfiguration @Named('default') Definition: io.micronaut.configuration.jdbc.hikari.DatasourceConfiguration
07:28:42.510 [main] DEBUG io.micronaut.context.DefaultBeanContext --   interface javax.sql.DataSource @Named('default') Definition: io.micronaut.configuration.jdbc.hikari.DatasourceFactory
07:28:42.510 [main] DEBUG io.micronaut.context.DefaultBeanContext -- Bean [class io.micronaut.transaction.hibernate.HibernateTransactionManager] replaces existing bean of type [class io.micronaut.transaction.jdbc.DataSourceTransactionManager]
07:28:42.510 [main] DEBUG io.micronaut.context.DefaultBeanContext --   class io.micronaut.transaction.hibernate.HibernateTransactionManager @Named('default') Definition: io.micronaut.transaction.hibernate.HibernateTransactionManager
07:28:42.510 [main] DEBUG io.micronaut.context.DefaultBeanContext --   class io.micronaut.transaction.test.DefaultTestTransactionExecutionListener @Named('default') Definition: io.micronaut.transaction.test.DefaultTestTransactionExecutionListener
07:28:42.510 [main] DEBUG io.micronaut.context.DefaultBeanContext -- Found a registration BeanRegistration: io.micronaut.transaction.test.DefaultTestTransactionExecutionListener@433d93e7 for candidate: Definition: io.micronaut.transaction.test.DefaultTestTransactionExecutionListener with qualifier: null
07:28:42.510 [main] DEBUG io.micronaut.context.DefaultBeanContext -- Finding candidate beans for type: OrderAndOrderItemControllerIT
07:28:42.512 [main] DEBUG io.micronaut.context.DefaultBeanContext --   class com.example.shopservice.controller.OrderAndOrderItemControllerIT null Definition: com.example.shopservice.controller.OrderAndOrderItemControllerIT
07:28:42.512 [main] DEBUG io.micronaut.context.DefaultBeanContext -- Found concrete candidate [Definition: com.example.shopservice.controller.OrderAndOrderItemControllerIT] for type: orderAndOrderItemControllerIT 
07:28:42.512 [main] DEBUG io.micronaut.context.DefaultBeanContext -- Finding candidate beans for type: EmbeddedApplication
07:28:42.512 [main] DEBUG io.micronaut.context.DefaultBeanContext --   interface io.micronaut.http.server.netty.NettyEmbeddedServer null Definition: io.micronaut.http.server.netty.DefaultNettyEmbeddedServerFactory
07:28:42.512 [main] DEBUG io.micronaut.context.DefaultBeanContext -- Finding candidate beans for type: EmbeddedApplication
07:28:42.512 [main] DEBUG io.micronaut.context.DefaultBeanContext --   interface io.micronaut.http.server.netty.NettyEmbeddedServer null Definition: io.micronaut.http.server.netty.DefaultNettyEmbeddedServerFactory
07:28:42.512 [main] DEBUG io.micronaut.context.DefaultBeanContext -- Found concrete candidate [Definition: io.micronaut.http.server.netty.DefaultNettyEmbeddedServerFactory] for type: embeddedApplication 
07:28:42.512 [main] DEBUG io.micronaut.context.DefaultBeanContext -- Finding candidate beans for type: DefaultNettyEmbeddedServerFactory
07:28:42.513 [main] DEBUG io.micronaut.context.DefaultBeanContext --   class io.micronaut.http.server.netty.DefaultNettyEmbeddedServerFactory null Definition: io.micronaut.http.server.netty.DefaultNettyEmbeddedServerFactory
07:28:42.513 [main] DEBUG io.micronaut.context.DefaultBeanContext -- Found concrete candidate [Definition: io.micronaut.http.server.netty.DefaultNettyEmbeddedServerFactory] for type: defaultNettyEmbeddedServerFactory 
07:28:42.514 [main] DEBUG io.micronaut.context.DefaultBeanContext -- Finding candidate beans for type: RouteExecutor routeExecutor
07:28:42.514 [main] DEBUG io.micronaut.context.DefaultBeanContext --   class io.micronaut.http.server.RouteExecutor null Definition: io.micronaut.http.server.RouteExecutor
07:28:42.514 [main] DEBUG io.micronaut.context.DefaultBeanContext -- Found concrete candidate [Definition: io.micronaut.http.server.RouteExecutor] for type: routeExecutor 
07:28:42.515 [main] DEBUG io.micronaut.context.DefaultBeanContext -- Finding candidate beans for type: Router router
07:28:42.516 [main] DEBUG io.micronaut.context.DefaultBeanContext --   class io.micronaut.web.router.DefaultRouter null Definition: io.micronaut.web.router.DefaultRouter
07:28:42.516 [main] DEBUG io.micronaut.context.DefaultBeanContext -- Found concrete candidate [Definition: io.micronaut.web.router.DefaultRouter] for type: router 
07:28:42.517 [main] DEBUG io.micronaut.context.DefaultBeanContext -- Resolving beans for type: io.micronaut.web.router.RouteBuilder
07:28:42.517 [main] DEBUG io.micronaut.context.DefaultBeanContext -- Finding candidate beans for type: RouteBuilder E
07:28:42.518 [main] DEBUG io.micronaut.context.DefaultBeanContext --   class io.micronaut.http.server.websocket.ServerWebSocketProcessor null Definition: io.micronaut.http.server.websocket.ServerWebSocketProcessor
07:28:42.518 [main] DEBUG io.micronaut.context.DefaultBeanContext --   class io.micronaut.web.router.AnnotatedFilterRouteBuilder null Definition: io.micronaut.web.router.AnnotatedFilterRouteBuilder
07:28:42.518 [main] DEBUG io.micronaut.context.DefaultBeanContext --   class io.micronaut.web.router.ServerFilterRouteBuilder null Definition: io.micronaut.web.router.ServerFilterRouteBuilder
07:28:42.518 [main] DEBUG io.micronaut.context.DefaultBeanContext --   class io.micronaut.web.router.AnnotatedMethodRouteBuilder null Definition: io.micronaut.web.router.AnnotatedMethodRouteBuilder
07:28:42.520 [main] DEBUG io.micronaut.context.DefaultBeanContext -- Finding candidate beans for type: UriNamingStrategy uriNamingStrategy
07:28:42.520 [main] DEBUG io.micronaut.context.DefaultBeanContext --   class io.micronaut.web.router.naming.HyphenatedUriNamingStrategy null Definition: io.micronaut.web.router.naming.HyphenatedUriNamingStrategy
07:28:42.521 [main] DEBUG io.micronaut.context.DefaultBeanContext -- Found concrete candidate [Definition: io.micronaut.web.router.naming.HyphenatedUriNamingStrategy] for type: uriNamingStrategy 
07:28:42.521 [main] DEBUG io.micronaut.context.lifecycle -- Created bean [io.micronaut.web.router.naming.HyphenatedUriNamingStrategy@2ecdf528] from definition [Definition: io.micronaut.web.router.naming.HyphenatedUriNamingStrategy] with qualifier [null]
07:28:42.521 [main] DEBUG io.micronaut.context.DefaultBeanContext -- Finding candidate beans for type: ExecutorSelector
07:28:42.521 [main] DEBUG io.micronaut.context.DefaultBeanContext --   class io.micronaut.scheduling.executor.DefaultExecutorSelector null Definition: io.micronaut.scheduling.executor.DefaultExecutorSelector
07:28:42.521 [main] DEBUG io.micronaut.context.DefaultBeanContext -- Found concrete candidate [Definition: io.micronaut.scheduling.executor.DefaultExecutorSelector] for type: executorSelector 
07:28:42.522 [main] DEBUG io.micronaut.context.DefaultBeanContext -- Finding candidate beans for type: BeanProvider ioExecutor
07:28:42.522 [main] DEBUG io.micronaut.context.DefaultBeanContext --   interface io.micronaut.context.BeanProvider null io.micronaut.inject.provider.BeanProviderDefinition@3525cef9
07:28:42.522 [main] DEBUG io.micronaut.context.DefaultBeanContext -- Qualifying bean [ioExecutor] for qualifier: @Named('io') 
07:28:42.522 [main] DEBUG io.micronaut.context.DefaultBeanContext -- Found concrete candidate [io.micronaut.inject.provider.BeanProviderDefinition@3525cef9] for type: @Named('io') ioExecutor 
07:28:42.522 [main] DEBUG io.micronaut.context.lifecycle -- Created bean [io.micronaut.inject.provider.BeanProviderDefinition$1@123ca460] from definition [io.micronaut.inject.provider.BeanProviderDefinition@3525cef9] with qualifier [@Named('io')]
07:28:42.522 [main] DEBUG io.micronaut.context.DefaultBeanContext -- Finding candidate beans for type: BeanProvider blockingExecutor
07:28:42.522 [main] DEBUG io.micronaut.context.DefaultBeanContext --   interface io.micronaut.context.BeanProvider null io.micronaut.inject.provider.BeanProviderDefinition@3525cef9
07:28:42.522 [main] DEBUG io.micronaut.context.DefaultBeanContext -- Qualifying bean [blockingExecutor] for qualifier: @Named('blocking') 
07:28:42.522 [main] DEBUG io.micronaut.context.DefaultBeanContext -- Found concrete candidate [io.micronaut.inject.provider.BeanProviderDefinition@3525cef9] for type: @Named('blocking') blockingExecutor 
07:28:42.522 [main] DEBUG io.micronaut.context.lifecycle -- Created bean [io.micronaut.inject.provider.BeanProviderDefinition$1@11228bee] from definition [io.micronaut.inject.provider.BeanProviderDefinition@3525cef9] with qualifier [@Named('blocking')]
07:28:42.523 [main] DEBUG io.micronaut.context.lifecycle -- Created bean [io.micronaut.scheduling.executor.DefaultExecutorSelector@31e7afde] from definition [Definition: io.micronaut.scheduling.executor.DefaultExecutorSelector] with qualifier [null]
07:28:42.523 [main] DEBUG io.micronaut.context.DefaultBeanContext -- Finding candidate beans for type: MessageBodyHandlerRegistry
07:28:42.523 [main] DEBUG io.micronaut.context.DefaultBeanContext --   class io.micronaut.http.body.DefaultMessageBodyHandlerRegistry null Definition: io.micronaut.http.body.DefaultMessageBodyHandlerRegistry
07:28:42.523 [main] DEBUG io.micronaut.context.DefaultBeanContext -- Found concrete candidate [Definition: io.micronaut.http.body.DefaultMessageBodyHandlerRegistry] for type: messageBodyHandlerRegistry 
07:28:42.524 [main] DEBUG io.micronaut.context.DefaultBeanContext -- Resolving beans for type: io.micronaut.http.codec.CodecConfiguration
07:28:42.524 [main] DEBUG io.micronaut.context.DefaultBeanContext -- Finding candidate beans for type: CodecConfiguration E
07:28:42.525 [main] DEBUG io.micronaut.context.DefaultBeanContext -- No bean candidates found for type: CodecConfiguration E
07:28:42.525 [main] DEBUG io.micronaut.context.DefaultBeanContext -- Resolving beans for type: io.micronaut.http.body.RawMessageBodyHandler<java.lang.Object>
07:28:42.525 [main] DEBUG io.micronaut.context.DefaultBeanContext -- Finding candidate beans for type: RawMessageBodyHandler E
07:28:42.526 [main] DEBUG io.micronaut.context.DefaultBeanContext -- Finding candidate beans for type: ByteBufferFactory
07:28:42.526 [main] DEBUG io.micronaut.context.DefaultBeanContext --   class io.micronaut.buffer.netty.NettyByteBufferFactory null Definition: io.micronaut.buffer.netty.NettyByteBufferFactory
07:28:42.528 [main] DEBUG io.micronaut.context.DefaultBeanContext -- Bean [class io.micronaut.http.netty.body.NettyWritableBodyWriter] replaces existing bean of type [class io.micronaut.http.body.WritableBodyWriter]
07:28:42.528 [main] DEBUG io.micronaut.context.DefaultBeanContext --   class io.micronaut.http.body.RawMessageBodyHandlerRegistry$RawByteBufferHandler null Definition: io.micronaut.http.body.RawMessageBodyHandlerRegistry$RawByteBufferHandler
07:28:42.528 [main] DEBUG io.micronaut.context.DefaultBeanContext --   class io.micronaut.http.body.RawMessageBodyHandlerRegistry$RawByteArrayHandler null Definition: io.micronaut.http.body.RawMessageBodyHandlerRegistry$RawByteArrayHandler
07:28:42.528 [main] DEBUG io.micronaut.context.DefaultBeanContext --   class io.micronaut.http.netty.body.NettyWritableBodyWriter null Definition: io.micronaut.http.netty.body.NettyWritableBodyWriter
07:28:42.528 [main] DEBUG io.micronaut.context.DefaultBeanContext --   class io.micronaut.http.body.RawMessageBodyHandlerRegistry$RawStringHandler null Definition: io.micronaut.http.body.RawMessageBodyHandlerRegistry$RawStringHandler
07:28:42.528 [main] DEBUG io.micronaut.context.DefaultBeanContext --   class io.micronaut.http.netty.body.ByteBufRawMessageBodyHandler null Definition: io.micronaut.http.netty.body.ByteBufRawMessageBodyHandler
07:28:42.528 [main] DEBUG io.micronaut.context.DefaultBeanContext -- Finding candidate beans for type: ByteBufferFactory byteBufferFactory
07:28:42.529 [main] DEBUG io.micronaut.context.DefaultBeanContext --   class io.micronaut.buffer.netty.NettyByteBufferFactory null Definition: io.micronaut.buffer.netty.NettyByteBufferFactory
07:28:42.529 [main] DEBUG io.micronaut.context.DefaultBeanContext -- Found concrete candidate [Definition: io.micronaut.buffer.netty.NettyByteBufferFactory] for type: byteBufferFactory 
07:28:42.529 [main] DEBUG io.micronaut.context.lifecycle -- Created bean [io.micronaut.http.body.RawMessageBodyHandlerRegistry$RawByteBufferHandler@3386ed8] from definition [Definition: io.micronaut.http.body.RawMessageBodyHandlerRegistry$RawByteBufferHandler] with qualifier [null]
07:28:42.529 [main] DEBUG io.micronaut.context.DefaultBeanContext -- Found a registration BeanRegistration: io.micronaut.http.body.RawMessageBodyHandlerRegistry$RawByteBufferHandler@3386ed8 for candidate: Definition: io.micronaut.http.body.RawMessageBodyHandlerRegistry$RawByteBufferHandler with qualifier: null
07:28:42.529 [main] DEBUG io.micronaut.context.lifecycle -- Created bean [io.micronaut.http.body.RawMessageBodyHandlerRegistry$RawByteArrayHandler@67dc6b48] from definition [Definition: io.micronaut.http.body.RawMessageBodyHandlerRegistry$RawByteArrayHandler] with qualifier [null]
07:28:42.529 [main] DEBUG io.micronaut.context.DefaultBeanContext -- Found a registration BeanRegistration: io.micronaut.http.body.RawMessageBodyHandlerRegistry$RawByteArrayHandler@67dc6b48 for candidate: Definition: io.micronaut.http.body.RawMessageBodyHandlerRegistry$RawByteArrayHandler with qualifier: null
07:28:42.531 [main] DEBUG io.micronaut.context.DefaultBeanContext -- Finding candidate beans for type: ApplicationConfiguration applicationConfiguration
07:28:42.532 [main] DEBUG io.micronaut.context.DefaultBeanContext --   class io.micronaut.runtime.ApplicationConfiguration null Definition: io.micronaut.runtime.ApplicationConfiguration
07:28:42.532 [main] DEBUG io.micronaut.context.DefaultBeanContext -- Found concrete candidate [Definition: io.micronaut.runtime.ApplicationConfiguration] for type: applicationConfiguration 
07:28:42.532 [main] DEBUG io.micronaut.context.lifecycle -- Created bean [io.micronaut.runtime.ApplicationConfiguration@356341c9] from definition [Definition: io.micronaut.runtime.ApplicationConfiguration] with qualifier [null]
07:28:42.532 [main] DEBUG io.micronaut.context.lifecycle -- Created bean [io.micronaut.http.netty.body.NettyWritableBodyWriter@5d96d434] from definition [Definition: io.micronaut.http.netty.body.NettyWritableBodyWriter] with qualifier [null]
07:28:42.532 [main] DEBUG io.micronaut.context.DefaultBeanContext -- Found a registration BeanRegistration: io.micronaut.http.netty.body.NettyWritableBodyWriter@5d96d434 for candidate: Definition: io.micronaut.http.netty.body.NettyWritableBodyWriter with qualifier: null
07:28:42.532 [main] DEBUG io.micronaut.context.lifecycle -- Created bean [io.micronaut.http.body.RawMessageBodyHandlerRegistry$RawStringHandler@286a4c52] from definition [Definition: io.micronaut.http.body.RawMessageBodyHandlerRegistry$RawStringHandler] with qualifier [null]
07:28:42.533 [main] DEBUG io.micronaut.context.DefaultBeanContext -- Found a registration BeanRegistration: io.micronaut.http.body.RawMessageBodyHandlerRegistry$RawStringHandler@286a4c52 for candidate: Definition: io.micronaut.http.body.RawMessageBodyHandlerRegistry$RawStringHandler with qualifier: null
07:28:42.533 [main] DEBUG io.micronaut.context.lifecycle -- Created bean [io.micronaut.http.netty.body.ByteBufRawMessageBodyHandler@780129bc] from definition [Definition: io.micronaut.http.netty.body.ByteBufRawMessageBodyHandler] with qualifier [null]
07:28:42.533 [main] DEBUG io.micronaut.context.DefaultBeanContext -- Found a registration BeanRegistration: io.micronaut.http.netty.body.ByteBufRawMessageBodyHandler@780129bc for candidate: Definition: io.micronaut.http.netty.body.ByteBufRawMessageBodyHandler with qualifier: null
07:28:42.534 [main] DEBUG io.micronaut.context.lifecycle -- Created bean [io.micronaut.http.body.DefaultMessageBodyHandlerRegistry@210635fd] from definition [Definition: io.micronaut.http.body.DefaultMessageBodyHandlerRegistry] with qualifier [null]
07:28:42.534 [main] DEBUG io.micronaut.context.DefaultBeanContext -- Finding candidate beans for qualifier: @ServerWebSocket
07:28:42.534 [main] DEBUG io.micronaut.context.lifecycle -- Created bean [io.micronaut.http.server.websocket.ServerWebSocketProcessor@7d7b4e04] from definition [Definition: io.micronaut.http.server.websocket.ServerWebSocketProcessor] with qualifier [null]
07:28:42.534 [main] DEBUG io.micronaut.context.DefaultBeanContext -- Found a registration BeanRegistration: io.micronaut.http.server.websocket.ServerWebSocketProcessor@7d7b4e04 for candidate: Definition: io.micronaut.http.server.websocket.ServerWebSocketProcessor with qualifier: null
07:28:42.534 [main] DEBUG io.micronaut.context.DefaultBeanContext -- Finding candidate beans for type: ServerContextPathProvider contextPathProvider
07:28:42.535 [main] DEBUG io.micronaut.context.DefaultBeanContext -- Bean [class io.micronaut.http.server.netty.configuration.NettyHttpServerConfiguration] replaces existing bean of type [class io.micronaut.http.server.HttpServerConfiguration]
07:28:42.535 [main] DEBUG io.micronaut.context.DefaultBeanContext --   class io.micronaut.http.server.netty.configuration.NettyHttpServerConfiguration null Definition: io.micronaut.http.server.netty.configuration.NettyHttpServerConfiguration
07:28:42.535 [main] DEBUG io.micronaut.context.DefaultBeanContext -- Found concrete candidate [Definition: io.micronaut.http.server.netty.configuration.NettyHttpServerConfiguration] for type: contextPathProvider 
07:28:42.536 [main] DEBUG io.micronaut.context.DefaultBeanContext -- Resolving beans for type: io.micronaut.http.netty.channel.ChannelPipelineListener
07:28:42.536 [main] DEBUG io.micronaut.context.DefaultBeanContext -- Finding candidate beans for type: ChannelPipelineListener E
07:28:42.536 [main] DEBUG io.micronaut.context.DefaultBeanContext -- No bean candidates found for type: ChannelPipelineListener E
07:28:42.539 [main] DEBUG io.micronaut.context.DefaultBeanContext -- Finding candidate beans for type: FileTypeHandlerConfiguration fileTypeHandlerConfiguration
07:28:42.540 [main] DEBUG io.micronaut.context.DefaultBeanContext --   class io.micronaut.http.server.netty.configuration.NettyHttpServerConfiguration$FileTypeHandlerConfiguration null Definition: io.micronaut.http.server.netty.configuration.NettyHttpServerConfiguration$FileTypeHandlerConfiguration
07:28:42.540 [main] DEBUG io.micronaut.context.DefaultBeanContext -- Found concrete candidate [Definition: io.micronaut.http.server.netty.configuration.NettyHttpServerConfiguration$FileTypeHandlerConfiguration] for type: fileTypeHandlerConfiguration 
07:28:42.540 [main] DEBUG io.micronaut.context.lifecycle -- Created bean [io.micronaut.http.server.netty.configuration.NettyHttpServerConfiguration$FileTypeHandlerConfiguration@a120b9] from definition [Definition: io.micronaut.http.server.netty.configuration.NettyHttpServerConfiguration$FileTypeHandlerConfiguration] with qualifier [null]
07:28:42.540 [main] DEBUG io.micronaut.context.lifecycle -- Created bean [io.micronaut.http.server.netty.configuration.NettyHttpServerConfiguration@333e5fb6] from definition [Definition: io.micronaut.http.server.netty.configuration.NettyHttpServerConfiguration] with qualifier [null]
07:28:42.540 [main] DEBUG io.micronaut.context.DefaultBeanContext -- Finding candidate beans for qualifier: @Filter
07:28:42.541 [main] DEBUG io.micronaut.context.lifecycle -- Created bean [io.micronaut.web.router.AnnotatedFilterRouteBuilder@3b7b0b57] from definition [Definition: io.micronaut.web.router.AnnotatedFilterRouteBuilder] with qualifier [null]
07:28:42.541 [main] DEBUG io.micronaut.context.DefaultBeanContext -- Found a registration BeanRegistration: io.micronaut.web.router.AnnotatedFilterRouteBuilder@3b7b0b57 for candidate: Definition: io.micronaut.web.router.AnnotatedFilterRouteBuilder with qualifier: null
07:28:42.542 [main] DEBUG io.micronaut.context.DefaultBeanContext -- Finding candidate beans for type: RequestBinderRegistry
07:28:42.542 [main] DEBUG io.micronaut.context.DefaultBeanContext --   class io.micronaut.http.server.netty.binders.NettyServerRequestBinderRegistry null Definition: io.micronaut.http.server.netty.binders.NettyServerRequestBinderRegistry
07:28:42.542 [main] DEBUG io.micronaut.context.DefaultBeanContext --   class io.micronaut.http.bind.DefaultRequestBinderRegistry null Definition: io.micronaut.http.bind.DefaultRequestBinderRegistry
07:28:42.542 [main] DEBUG io.micronaut.context.DefaultBeanContext -- Searching for @Primary for type [requestBinderRegistry] from candidates: [Definition: io.micronaut.http.server.netty.binders.NettyServerRequestBinderRegistry, Definition: io.micronaut.http.bind.DefaultRequestBinderRegistry] 
07:28:42.543 [main] DEBUG io.micronaut.context.DefaultBeanContext -- Picked bean Definition: io.micronaut.http.bind.DefaultRequestBinderRegistry with the highest precedence for type RequestBinderRegistry and qualifier null
07:28:42.543 [main] DEBUG io.micronaut.context.DefaultBeanContext -- Found concrete candidate [Definition: io.micronaut.http.bind.DefaultRequestBinderRegistry] for type: requestBinderRegistry 
07:28:42.543 [main] DEBUG io.micronaut.context.DefaultBeanContext -- Resolving beans for type: io.micronaut.http.bind.binders.RequestArgumentBinder<java.lang.Object>
07:28:42.543 [main] DEBUG io.micronaut.context.DefaultBeanContext -- Finding candidate beans for type: RequestArgumentBinder E
07:28:42.544 [main] DEBUG io.micronaut.context.DefaultBeanContext --   class io.micronaut.http.server.binding.BasicAuthArgumentBinder null Definition: io.micronaut.http.server.binding.BasicAuthArgumentBinder
07:28:42.544 [main] DEBUG io.micronaut.context.DefaultBeanContext --   class io.micronaut.http.bind.binders.DefaultBodyAnnotationBinder null Definition: io.micronaut.http.bind.binders.DefaultBodyAnnotationBinder
07:28:42.544 [main] DEBUG io.micronaut.context.DefaultBeanContext --   class io.micronaut.http.server.binding.LocaleArgumentBinder null Definition: io.micronaut.http.server.binding.LocaleArgumentBinder
07:28:42.544 [main] DEBUG io.micronaut.context.DefaultBeanContext --   class io.micronaut.data.runtime.http.PageableRequestArgumentBinder null Definition: io.micronaut.data.runtime.http.PageableRequestArgumentBinder
07:28:42.544 [main] DEBUG io.micronaut.context.lifecycle -- Created bean [io.micronaut.http.server.binding.BasicAuthArgumentBinder@67f591c2] from definition [Definition: io.micronaut.http.server.binding.BasicAuthArgumentBinder] with qualifier [null]
07:28:42.544 [main] DEBUG io.micronaut.context.DefaultBeanContext -- Found a registration BeanRegistration: io.micronaut.http.server.binding.BasicAuthArgumentBinder@67f591c2 for candidate: Definition: io.micronaut.http.server.binding.BasicAuthArgumentBinder with qualifier: null
07:28:42.545 [main] DEBUG io.micronaut.context.lifecycle -- Created bean [io.micronaut.http.bind.binders.DefaultBodyAnnotationBinder@e49437] from definition [Definition: io.micronaut.http.bind.binders.DefaultBodyAnnotationBinder] with qualifier [null]
07:28:42.545 [main] DEBUG io.micronaut.context.DefaultBeanContext -- Found a registration BeanRegistration: io.micronaut.http.bind.binders.DefaultBodyAnnotationBinder@e49437 for candidate: Definition: io.micronaut.http.bind.binders.DefaultBodyAnnotationBinder with qualifier: null
07:28:42.545 [main] DEBUG io.micronaut.context.DefaultBeanContext -- Finding candidate beans for type: HttpLocaleResolver localeResolver
07:28:42.545 [main] DEBUG io.micronaut.context.DefaultBeanContext --   class io.micronaut.http.server.util.locale.RequestLocaleResolver null Definition: io.micronaut.http.server.util.locale.RequestLocaleResolver
07:28:42.545 [main] DEBUG io.micronaut.context.DefaultBeanContext --   class io.micronaut.http.server.util.locale.CompositeHttpLocaleResolver null Definition: io.micronaut.http.server.util.locale.CompositeHttpLocaleResolver
07:28:42.545 [main] DEBUG io.micronaut.context.DefaultBeanContext -- Searching for @Primary for type [localeResolver] from candidates: [Definition: io.micronaut.http.server.util.locale.RequestLocaleResolver, Definition: io.micronaut.http.server.util.locale.CompositeHttpLocaleResolver] 
07:28:42.545 [main] DEBUG io.micronaut.context.DefaultBeanContext -- Found concrete candidate [Definition: io.micronaut.http.server.util.locale.CompositeHttpLocaleResolver] for type: localeResolver 
07:28:42.545 [main] DEBUG io.micronaut.context.DefaultBeanContext -- Resolving beans for type: io.micronaut.http.server.util.locale.HttpLocaleResolver
07:28:42.545 [main] DEBUG io.micronaut.context.DefaultBeanContext -- Finding candidate beans for type: HttpLocaleResolver
07:28:42.545 [main] DEBUG io.micronaut.context.DefaultBeanContext --   class io.micronaut.http.server.util.locale.RequestLocaleResolver null Definition: io.micronaut.http.server.util.locale.RequestLocaleResolver
07:28:42.545 [main] DEBUG io.micronaut.context.DefaultBeanContext --   class io.micronaut.http.server.util.locale.CompositeHttpLocaleResolver null Definition: io.micronaut.http.server.util.locale.CompositeHttpLocaleResolver
07:28:42.546 [main] DEBUG io.micronaut.context.DefaultBeanContext -- Finding candidate beans for type: HttpLocaleResolutionConfiguration httpLocaleResolutionConfiguration
07:28:42.546 [main] DEBUG io.micronaut.context.DefaultBeanContext --   class io.micronaut.http.server.HttpServerConfiguration$HttpLocaleResolutionConfigurationProperties null Definition: io.micronaut.http.server.HttpServerConfiguration$HttpLocaleResolutionConfigurationProperties
07:28:42.546 [main] DEBUG io.micronaut.context.DefaultBeanContext -- Found concrete candidate [Definition: io.micronaut.http.server.HttpServerConfiguration$HttpLocaleResolutionConfigurationProperties] for type: httpLocaleResolutionConfiguration 
07:28:42.546 [main] DEBUG io.micronaut.context.lifecycle -- Created bean [io.micronaut.http.server.HttpServerConfiguration$HttpLocaleResolutionConfigurationProperties@2ffa91dc] from definition [Definition: io.micronaut.http.server.HttpServerConfiguration$HttpLocaleResolutionConfigurationProperties] with qualifier [null]
07:28:42.546 [main] DEBUG io.micronaut.context.lifecycle -- Created bean [io.micronaut.http.server.util.locale.RequestLocaleResolver@78d6c244] from definition [Definition: io.micronaut.http.server.util.locale.RequestLocaleResolver] with qualifier [null]
07:28:42.546 [main] DEBUG io.micronaut.context.DefaultBeanContext -- Found a registration BeanRegistration: io.micronaut.http.server.util.locale.RequestLocaleResolver@78d6c244 for candidate: Definition: io.micronaut.http.server.util.locale.RequestLocaleResolver with qualifier: null
07:28:42.546 [main] DEBUG io.micronaut.context.lifecycle -- Created bean [io.micronaut.http.server.util.locale.CompositeHttpLocaleResolver@448086ab] from definition [Definition: io.micronaut.http.server.util.locale.CompositeHttpLocaleResolver] with qualifier [null]
07:28:42.546 [main] DEBUG io.micronaut.context.lifecycle -- Created bean [io.micronaut.http.server.binding.LocaleArgumentBinder@16e907b6] from definition [Definition: io.micronaut.http.server.binding.LocaleArgumentBinder] with qualifier [null]
07:28:42.546 [main] DEBUG io.micronaut.context.DefaultBeanContext -- Found a registration BeanRegistration: io.micronaut.http.server.binding.LocaleArgumentBinder@16e907b6 for candidate: Definition: io.micronaut.http.server.binding.LocaleArgumentBinder with qualifier: null
07:28:42.547 [main] DEBUG io.micronaut.context.DefaultBeanContext -- Finding candidate beans for type: PageableConfiguration configuration
07:28:42.547 [main] DEBUG io.micronaut.context.DefaultBeanContext --   class io.micronaut.data.runtime.config.DataConfiguration$PageableConfiguration null Definition: io.micronaut.data.runtime.config.DataConfiguration$PageableConfiguration
07:28:42.547 [main] DEBUG io.micronaut.context.DefaultBeanContext -- Found concrete candidate [Definition: io.micronaut.data.runtime.config.DataConfiguration$PageableConfiguration] for type: configuration 
07:28:42.547 [main] DEBUG io.micronaut.context.lifecycle -- Created bean [io.micronaut.data.runtime.config.DataConfiguration$PageableConfiguration@3d132bb6] from definition [Definition: io.micronaut.data.runtime.config.DataConfiguration$PageableConfiguration] with qualifier [null]
07:28:42.547 [main] DEBUG io.micronaut.context.lifecycle -- Created bean [io.micronaut.data.runtime.http.PageableRequestArgumentBinder@bc8d68b] from definition [Definition: io.micronaut.data.runtime.http.PageableRequestArgumentBinder] with qualifier [null]
07:28:42.547 [main] DEBUG io.micronaut.context.DefaultBeanContext -- Found a registration BeanRegistration: io.micronaut.data.runtime.http.PageableRequestArgumentBinder@bc8d68b for candidate: Definition: io.micronaut.data.runtime.http.PageableRequestArgumentBinder with qualifier: null
07:28:42.547 [main] DEBUG io.micronaut.context.DefaultBeanContext -- Finding candidate beans for type: DefaultBodyAnnotationBinder bodyAnnotationBinder
07:28:42.547 [main] DEBUG io.micronaut.context.DefaultBeanContext --   class io.micronaut.http.bind.binders.DefaultBodyAnnotationBinder null Definition: io.micronaut.http.bind.binders.DefaultBodyAnnotationBinder
07:28:42.547 [main] DEBUG io.micronaut.context.DefaultBeanContext -- Found concrete candidate [Definition: io.micronaut.http.bind.binders.DefaultBodyAnnotationBinder] for type: bodyAnnotationBinder 
07:28:42.551 [main] DEBUG io.micronaut.context.lifecycle -- Created bean [io.micronaut.http.bind.DefaultRequestBinderRegistry@18811c42] from definition [Definition: io.micronaut.http.bind.DefaultRequestBinderRegistry] with qualifier [null]
07:28:42.552 [main] DEBUG io.micronaut.context.DefaultBeanContext -- Finding candidate beans for qualifier: @ServerFilter
07:28:42.555 [main] DEBUG io.micronaut.context.lifecycle -- Created bean [io.micronaut.web.router.ServerFilterRouteBuilder@5fc1e4fb] from definition [Definition: io.micronaut.web.router.ServerFilterRouteBuilder] with qualifier [null]
07:28:42.555 [main] DEBUG io.micronaut.context.DefaultBeanContext -- Found a registration BeanRegistration: io.micronaut.web.router.ServerFilterRouteBuilder@5fc1e4fb for candidate: Definition: io.micronaut.web.router.ServerFilterRouteBuilder with qualifier: null
07:28:42.558 [main] DEBUG io.micronaut.context.DefaultBeanContext -- Finding candidate beans for qualifier: @Controller
07:28:42.566 [main] DEBUG io.micronaut.web.router.DefaultRouteBuilder -- Created Route: POST /orders/{orderId}/items -> OrderItemController#create (application/json)
07:28:42.567 [main] DEBUG io.micronaut.web.router.DefaultRouteBuilder -- Created Route: GET /orders/{orderId}/items -> OrderItemController#list (application/json)
07:28:42.567 [main] DEBUG io.micronaut.web.router.DefaultRouteBuilder -- Created Route: HEAD /orders/{orderId}/items -> OrderItemController#list (application/json)
07:28:42.567 [main] DEBUG io.micronaut.web.router.DefaultRouteBuilder -- Created Route: GET /orders/{orderId}/items/{itemId} -> OrderItemController#get (application/json)
07:28:42.567 [main] DEBUG io.micronaut.web.router.DefaultRouteBuilder -- Created Route: HEAD /orders/{orderId}/items/{itemId} -> OrderItemController#get (application/json)
07:28:42.568 [main] DEBUG io.micronaut.web.router.DefaultRouteBuilder -- Created Route: PUT /orders/{orderId}/items/{itemId} -> OrderItemController#update (application/json)
07:28:42.568 [main] DEBUG io.micronaut.web.router.DefaultRouteBuilder -- Created Route: DELETE /orders/{orderId}/items/{itemId} -> OrderItemController#delete (application/json)
07:28:42.568 [main] DEBUG io.micronaut.web.router.DefaultRouteBuilder -- Created Route: POST /reviews -> ReviewController#create (application/json)
07:28:42.568 [main] DEBUG io.micronaut.web.router.DefaultRouteBuilder -- Created Route: GET /reviews -> ReviewController#list (application/json)
07:28:42.568 [main] DEBUG io.micronaut.web.router.DefaultRouteBuilder -- Created Route: HEAD /reviews -> ReviewController#list (application/json)
07:28:42.568 [main] DEBUG io.micronaut.web.router.DefaultRouteBuilder -- Created Route: GET /reviews/{id} -> ReviewController#get (application/json)
07:28:42.569 [main] DEBUG io.micronaut.web.router.DefaultRouteBuilder -- Created Route: HEAD /reviews/{id} -> ReviewController#get (application/json)
07:28:42.569 [main] DEBUG io.micronaut.web.router.DefaultRouteBuilder -- Created Route: PUT /reviews/{id} -> ReviewController#update (application/json)
07:28:42.569 [main] DEBUG io.micronaut.web.router.DefaultRouteBuilder -- Created Route: DELETE /reviews/{id} -> ReviewController#delete (application/json)
07:28:42.569 [main] DEBUG io.micronaut.web.router.DefaultRouteBuilder -- Created Route: POST /users -> UserController#create (application/json)
07:28:42.569 [main] DEBUG io.micronaut.web.router.DefaultRouteBuilder -- Created Route: GET /users -> UserController#list (application/json)
07:28:42.569 [main] DEBUG io.micronaut.web.router.DefaultRouteBuilder -- Created Route: HEAD /users -> UserController#list (application/json)
07:28:42.569 [main] DEBUG io.micronaut.web.router.DefaultRouteBuilder -- Created Route: GET /users/{id} -> UserController#get (application/json)
07:28:42.569 [main] DEBUG io.micronaut.web.router.DefaultRouteBuilder -- Created Route: HEAD /users/{id} -> UserController#get (application/json)
07:28:42.570 [main] DEBUG io.micronaut.web.router.DefaultRouteBuilder -- Created Route: PUT /users/{id} -> UserController#update (application/json)
07:28:42.570 [main] DEBUG io.micronaut.web.router.DefaultRouteBuilder -- Created Route: DELETE /users/{id} -> UserController#delete (application/json)
07:28:42.570 [main] DEBUG io.micronaut.web.router.DefaultRouteBuilder -- Created Route: POST /orders -> OrderController#create (application/json)
07:28:42.570 [main] DEBUG io.micronaut.web.router.DefaultRouteBuilder -- Created Route: GET /orders -> OrderController#list (application/json)
07:28:42.570 [main] DEBUG io.micronaut.web.router.DefaultRouteBuilder -- Created Route: HEAD /orders -> OrderController#list (application/json)
07:28:42.570 [main] DEBUG io.micronaut.web.router.DefaultRouteBuilder -- Created Route: GET /orders/{id} -> OrderController#get (application/json)
07:28:42.570 [main] DEBUG io.micronaut.web.router.DefaultRouteBuilder -- Created Route: HEAD /orders/{id} -> OrderController#get (application/json)
07:28:42.571 [main] DEBUG io.micronaut.web.router.DefaultRouteBuilder -- Created Route: PUT /orders/{id} -> OrderController#update (application/json)
07:28:42.571 [main] DEBUG io.micronaut.web.router.DefaultRouteBuilder -- Created Route: DELETE /orders/{id} -> OrderController#delete (application/json)
07:28:42.571 [main] DEBUG io.micronaut.web.router.DefaultRouteBuilder -- Created Route: POST /products -> ProductController#create (application/json)
07:28:42.571 [main] DEBUG io.micronaut.web.router.DefaultRouteBuilder -- Created Route: GET /products -> ProductController#list (application/json)
07:28:42.571 [main] DEBUG io.micronaut.web.router.DefaultRouteBuilder -- Created Route: HEAD /products -> ProductController#list (application/json)
07:28:42.571 [main] DEBUG io.micronaut.web.router.DefaultRouteBuilder -- Created Route: GET /products/{id} -> ProductController#get (application/json)
07:28:42.571 [main] DEBUG io.micronaut.web.router.DefaultRouteBuilder -- Created Route: HEAD /products/{id} -> ProductController#get (application/json)
07:28:42.572 [main] DEBUG io.micronaut.web.router.DefaultRouteBuilder -- Created Route: PUT /products/{id} -> ProductController#update (application/json)
07:28:42.572 [main] DEBUG io.micronaut.web.router.DefaultRouteBuilder -- Created Route: DELETE /products/{id} -> ProductController#delete (application/json)
07:28:42.572 [main] DEBUG io.micronaut.context.lifecycle -- Created bean [io.micronaut.web.router.AnnotatedMethodRouteBuilder@6697f3d] from definition [Definition: io.micronaut.web.router.AnnotatedMethodRouteBuilder] with qualifier [null]
07:28:42.572 [main] DEBUG io.micronaut.context.DefaultBeanContext -- Found a registration BeanRegistration: io.micronaut.web.router.AnnotatedMethodRouteBuilder@6697f3d for candidate: Definition: io.micronaut.web.router.AnnotatedMethodRouteBuilder with qualifier: null
07:28:42.578 [main] DEBUG io.micronaut.core.reflect.ClassUtils -- Attempting to dynamically load class io.reactivex.Observable
07:28:42.578 [main] DEBUG io.micronaut.core.reflect.ClassUtils -- Class io.reactivex.Observable is not present
07:28:42.578 [main] DEBUG io.micronaut.core.reflect.ClassUtils -- Attempting to dynamically load class reactor.core.publisher.Flux
07:28:42.608 [main] DEBUG io.micronaut.core.reflect.ClassUtils -- Successfully loaded class reactor.core.publisher.Flux
07:28:42.608 [main] DEBUG io.micronaut.core.reflect.ClassUtils -- Attempting to dynamically load class kotlinx.coroutines.flow.Flow
07:28:42.609 [main] DEBUG io.micronaut.core.reflect.ClassUtils -- Class kotlinx.coroutines.flow.Flow is not present
07:28:42.609 [main] DEBUG io.micronaut.core.reflect.ClassUtils -- Attempting to dynamically load class io.reactivex.rxjava3.core.Flowable
07:28:42.609 [main] DEBUG io.micronaut.core.reflect.ClassUtils -- Class io.reactivex.rxjava3.core.Flowable is not present
07:28:42.609 [main] DEBUG io.micronaut.core.reflect.ClassUtils -- Attempting to dynamically load class io.reactivex.rxjava3.core.Observable
07:28:42.609 [main] DEBUG io.micronaut.core.reflect.ClassUtils -- Class io.reactivex.rxjava3.core.Observable is not present
07:28:42.609 [main] DEBUG io.micronaut.core.reflect.ClassUtils -- Attempting to dynamically load class io.micronaut.core.async.publisher.CompletableFuturePublisher
07:28:42.609 [main] DEBUG io.micronaut.core.reflect.ClassUtils -- Successfully loaded class io.micronaut.core.async.publisher.CompletableFuturePublisher
07:28:42.609 [main] DEBUG io.micronaut.core.reflect.ClassUtils -- Attempting to dynamically load class io.micronaut.core.async.publisher.Publishers$JustPublisher
07:28:42.609 [main] DEBUG io.micronaut.core.reflect.ClassUtils -- Successfully loaded class io.micronaut.core.async.publisher.Publishers$JustPublisher
07:28:42.609 [main] DEBUG io.micronaut.core.reflect.ClassUtils -- Attempting to dynamically load class io.micronaut.core.async.publisher.Publishers$JustThrowPublisher
07:28:42.609 [main] DEBUG io.micronaut.core.reflect.ClassUtils -- Successfully loaded class io.micronaut.core.async.publisher.Publishers$JustThrowPublisher
07:28:42.609 [main] DEBUG io.micronaut.core.reflect.ClassUtils -- Attempting to dynamically load class io.reactivex.Single
07:28:42.609 [main] DEBUG io.micronaut.core.reflect.ClassUtils -- Class io.reactivex.Single is not present
07:28:42.609 [main] DEBUG io.micronaut.core.reflect.ClassUtils -- Attempting to dynamically load class reactor.core.publisher.Mono
07:28:42.622 [main] DEBUG io.micronaut.core.reflect.ClassUtils -- Successfully loaded class reactor.core.publisher.Mono
07:28:42.622 [main] DEBUG io.micronaut.core.reflect.ClassUtils -- Attempting to dynamically load class io.reactivex.Maybe
07:28:42.622 [main] DEBUG io.micronaut.core.reflect.ClassUtils -- Class io.reactivex.Maybe is not present
07:28:42.622 [main] DEBUG io.micronaut.core.reflect.ClassUtils -- Attempting to dynamically load class io.reactivex.rxjava3.core.Single
07:28:42.622 [main] DEBUG io.micronaut.core.reflect.ClassUtils -- Class io.reactivex.rxjava3.core.Single is not present
07:28:42.622 [main] DEBUG io.micronaut.core.reflect.ClassUtils -- Attempting to dynamically load class io.reactivex.rxjava3.core.Maybe
07:28:42.622 [main] DEBUG io.micronaut.core.reflect.ClassUtils -- Class io.reactivex.rxjava3.core.Maybe is not present
07:28:42.622 [main] DEBUG io.micronaut.core.reflect.ClassUtils -- Attempting to dynamically load class io.reactivex.Completable
07:28:42.622 [main] DEBUG io.micronaut.core.reflect.ClassUtils -- Class io.reactivex.Completable is not present
07:28:42.622 [main] DEBUG io.micronaut.core.reflect.ClassUtils -- Attempting to dynamically load class io.reactivex.rxjava3.core.Completable
07:28:42.622 [main] DEBUG io.micronaut.core.reflect.ClassUtils -- Class io.reactivex.rxjava3.core.Completable is not present
07:28:42.622 [main] DEBUG io.micronaut.core.reflect.ClassUtils -- Attempting to dynamically load class io.micronaut.core.async.subscriber.Completable
07:28:42.622 [main] DEBUG io.micronaut.core.reflect.ClassUtils -- Successfully loaded class io.micronaut.core.async.subscriber.Completable
07:28:42.623 [main] DEBUG io.micronaut.context.DefaultBeanContext -- Finding candidate beans for type: MessageBodyWriter
07:28:42.625 [main] DEBUG io.micronaut.context.DefaultBeanContext -- Finding candidate beans for type: JsonMapper
07:28:42.625 [main] DEBUG io.micronaut.context.DefaultBeanContext --   class io.micronaut.jackson.databind.JacksonDatabindMapper null Definition: io.micronaut.jackson.databind.JacksonDatabindMapper
07:28:42.626 [main] DEBUG io.micronaut.context.DefaultBeanContext -- Bean [class io.micronaut.http.netty.body.NettyTextPlainHandler] replaces existing bean of type [class io.micronaut.http.body.TextPlainHandler]
07:28:42.626 [main] DEBUG io.micronaut.context.DefaultBeanContext -- Bean [class io.micronaut.http.netty.body.NettyJsonHandler] replaces existing bean of type [class io.micronaut.json.body.JsonMessageHandler]
07:28:42.626 [main] DEBUG io.micronaut.context.DefaultBeanContext --   class io.micronaut.http.server.netty.body.SystemFileBodyWriter null Definition: io.micronaut.http.server.netty.body.SystemFileBodyWriter
07:28:42.626 [main] DEBUG io.micronaut.context.DefaultBeanContext --   class io.micronaut.http.netty.body.NettyJsonStreamHandler null Definition: io.micronaut.http.netty.body.NettyJsonStreamHandler
07:28:42.626 [main] DEBUG io.micronaut.context.DefaultBeanContext --   class io.micronaut.http.body.TextStreamBodyWriter null Definition: io.micronaut.http.body.TextStreamBodyWriter
07:28:42.626 [main] DEBUG io.micronaut.context.DefaultBeanContext --   class io.micronaut.http.server.netty.body.FileBodyWriter null Definition: io.micronaut.http.server.netty.body.FileBodyWriter
07:28:42.626 [main] DEBUG io.micronaut.context.DefaultBeanContext --   class io.micronaut.http.netty.body.NettyTextPlainHandler null Definition: io.micronaut.http.netty.body.NettyTextPlainHandler
07:28:42.626 [main] DEBUG io.micronaut.context.DefaultBeanContext --   class io.micronaut.http.server.netty.body.InputStreamBodyWriter null Definition: io.micronaut.http.server.netty.body.InputStreamBodyWriter
07:28:42.626 [main] DEBUG io.micronaut.context.DefaultBeanContext --   class io.micronaut.http.body.CharSequenceBodyWriter null Definition: io.micronaut.http.body.CharSequenceBodyWriter
07:28:42.626 [main] DEBUG io.micronaut.context.DefaultBeanContext --   class io.micronaut.http.server.netty.body.StreamFileBodyWriter null Definition: io.micronaut.http.server.netty.body.StreamFileBodyWriter
07:28:42.626 [main] DEBUG io.micronaut.context.DefaultBeanContext --   class io.micronaut.http.netty.body.NettyJsonHandler null Definition: io.micronaut.http.netty.body.NettyJsonHandler
07:28:42.627 [main] DEBUG io.micronaut.context.DefaultBeanContext -- Finding candidate beans for type: JsonMapper jsonMapper
07:28:42.627 [main] DEBUG io.micronaut.context.DefaultBeanContext --   class io.micronaut.jackson.databind.JacksonDatabindMapper null Definition: io.micronaut.jackson.databind.JacksonDatabindMapper
07:28:42.627 [main] DEBUG io.micronaut.context.DefaultBeanContext -- Found concrete candidate [Definition: io.micronaut.jackson.databind.JacksonDatabindMapper] for type: jsonMapper 
07:28:42.628 [main] DEBUG io.micronaut.context.DefaultBeanContext -- Finding candidate beans for type: ObjectMapper objectMapper
07:28:42.630 [main] DEBUG io.micronaut.context.DefaultBeanContext --   class com.fasterxml.jackson.databind.ObjectMapper @Primary and @Named('json') Definition: io.micronaut.jackson.ObjectMapperFactory
07:28:42.630 [main] DEBUG io.micronaut.context.DefaultBeanContext -- Found concrete candidate [Definition: io.micronaut.jackson.ObjectMapperFactory] for type: objectMapper 
07:28:42.630 [main] DEBUG io.micronaut.context.DefaultBeanContext -- Finding candidate beans for type: ObjectMapperFactory
07:28:42.633 [main] DEBUG io.micronaut.context.DefaultBeanContext --   class io.micronaut.jackson.ObjectMapperFactory null Definition: io.micronaut.jackson.ObjectMapperFactory
07:28:42.633 [main] DEBUG io.micronaut.context.DefaultBeanContext -- Found concrete candidate [Definition: io.micronaut.jackson.ObjectMapperFactory] for type: objectMapperFactory 
07:28:42.634 [main] DEBUG io.micronaut.context.DefaultBeanContext -- Resolving beans for type: com.fasterxml.jackson.databind.Module
07:28:42.634 [main] DEBUG io.micronaut.context.DefaultBeanContext -- Finding candidate beans for type: Module
07:28:42.635 [main] DEBUG io.micronaut.context.DefaultBeanContext --   class io.micronaut.jackson.serialize.ResourceModule null Definition: io.micronaut.jackson.serialize.ResourceModule
07:28:42.635 [main] DEBUG io.micronaut.context.DefaultBeanContext --   class io.micronaut.jackson.modules.BeanIntrospectionModule null Definition: io.micronaut.jackson.modules.BeanIntrospectionModule
07:28:42.635 [main] DEBUG io.micronaut.context.lifecycle -- Created bean [io.micronaut.jackson.serialize.ResourceModule@526893f] from definition [Definition: io.micronaut.jackson.serialize.ResourceModule] with qualifier [null]
07:28:42.635 [main] DEBUG io.micronaut.context.DefaultBeanContext -- Found a registration BeanRegistration: io.micronaut.jackson.serialize.ResourceModule@526893f for candidate: Definition: io.micronaut.jackson.serialize.ResourceModule with qualifier: null
07:28:42.636 [main] DEBUG io.micronaut.context.DefaultBeanContext -- Finding candidate beans for type: JacksonDeserializationPreInstantiateCallback preInstantiateCallback
07:28:42.637 [main] DEBUG io.micronaut.context.DefaultBeanContext -- Finding candidate beans for type: Validator
07:28:42.637 [main] DEBUG io.micronaut.context.DefaultBeanContext --   class io.micronaut.validation.validator.DefaultValidator null Definition: io.micronaut.validation.validator.DefaultValidator
07:28:42.637 [main] DEBUG io.micronaut.context.DefaultBeanContext --   class io.micronaut.jackson.validation.ValidationJacksonDeserializationPreInstantiateCallback null Definition: io.micronaut.jackson.validation.ValidationJacksonDeserializationPreInstantiateCallback
07:28:42.637 [main] DEBUG io.micronaut.context.DefaultBeanContext -- Found concrete candidate [Definition: io.micronaut.jackson.validation.ValidationJacksonDeserializationPreInstantiateCallback] for type: preInstantiateCallback 
07:28:42.637 [main] DEBUG io.micronaut.context.DefaultBeanContext -- Finding candidate beans for type: Validator validator
07:28:42.637 [main] DEBUG io.micronaut.context.DefaultBeanContext --   class io.micronaut.validation.validator.DefaultValidator null Definition: io.micronaut.validation.validator.DefaultValidator
07:28:42.637 [main] DEBUG io.micronaut.context.DefaultBeanContext -- Found concrete candidate [Definition: io.micronaut.validation.validator.DefaultValidator] for type: validator 
07:28:42.637 [main] DEBUG io.micronaut.context.lifecycle -- Created bean [io.micronaut.jackson.validation.ValidationJacksonDeserializationPreInstantiateCallback@2fdf7da2] from definition [Definition: io.micronaut.jackson.validation.ValidationJacksonDeserializationPreInstantiateCallback] with qualifier [null]
07:28:42.640 [main] DEBUG io.micronaut.context.lifecycle -- Created bean [io.micronaut.jackson.modules.BeanIntrospectionModule@70169464] from definition [Definition: io.micronaut.jackson.modules.BeanIntrospectionModule] with qualifier [null]
07:28:42.640 [main] DEBUG io.micronaut.context.DefaultBeanContext -- Found a registration BeanRegistration: io.micronaut.jackson.modules.BeanIntrospectionModule@70169464 for candidate: Definition: io.micronaut.jackson.modules.BeanIntrospectionModule with qualifier: null
07:28:42.640 [main] DEBUG io.micronaut.context.DefaultBeanContext -- Resolving beans for type: com.fasterxml.jackson.databind.JsonSerializer
07:28:42.640 [main] DEBUG io.micronaut.context.DefaultBeanContext -- Finding candidate beans for type: JsonSerializer
07:28:42.641 [main] DEBUG io.micronaut.context.DefaultBeanContext --   class io.micronaut.jackson.serialize.JsonNodeSerializer null Definition: io.micronaut.jackson.serialize.JsonNodeSerializer
07:28:42.641 [main] DEBUG io.micronaut.context.DefaultBeanContext --   class io.micronaut.jackson.serialize.OptionalValuesSerializer null Definition: io.micronaut.jackson.serialize.OptionalValuesSerializer
07:28:42.641 [main] DEBUG io.micronaut.context.DefaultBeanContext --   class io.micronaut.jackson.serialize.ConvertibleMultiValuesSerializer null Definition: io.micronaut.jackson.serialize.ConvertibleMultiValuesSerializer
07:28:42.641 [main] DEBUG io.micronaut.context.DefaultBeanContext --   class io.micronaut.jackson.serialize.ConvertibleValuesSerializer null Definition: io.micronaut.jackson.serialize.ConvertibleValuesSerializer
07:28:42.641 [main] DEBUG io.micronaut.context.lifecycle -- Created bean [io.micronaut.jackson.serialize.JsonNodeSerializer@25589735] from definition [Definition: io.micronaut.jackson.serialize.JsonNodeSerializer] with qualifier [null]
07:28:42.641 [main] DEBUG io.micronaut.context.DefaultBeanContext -- Found a registration BeanRegistration: io.micronaut.jackson.serialize.JsonNodeSerializer@25589735 for candidate: Definition: io.micronaut.jackson.serialize.JsonNodeSerializer with qualifier: null
07:28:42.641 [main] DEBUG io.micronaut.context.DefaultBeanContext -- Finding candidate beans for type: JacksonConfiguration jacksonConfiguration
07:28:42.641 [main] DEBUG io.micronaut.context.DefaultBeanContext --   class io.micronaut.jackson.JacksonConfiguration null Definition: io.micronaut.jackson.JacksonConfiguration
07:28:42.641 [main] DEBUG io.micronaut.context.DefaultBeanContext -- Found concrete candidate [Definition: io.micronaut.jackson.JacksonConfiguration] for type: jacksonConfiguration 
07:28:42.642 [main] DEBUG io.micronaut.context.lifecycle -- Created bean [io.micronaut.jackson.JacksonConfiguration@71316cd7] from definition [Definition: io.micronaut.jackson.JacksonConfiguration] with qualifier [null]
07:28:42.642 [main] DEBUG io.micronaut.context.lifecycle -- Created bean [io.micronaut.jackson.serialize.OptionalValuesSerializer@6106dfb6] from definition [Definition: io.micronaut.jackson.serialize.OptionalValuesSerializer] with qualifier [null]
07:28:42.642 [main] DEBUG io.micronaut.context.DefaultBeanContext -- Found a registration BeanRegistration: io.micronaut.jackson.serialize.OptionalValuesSerializer@6106dfb6 for candidate: Definition: io.micronaut.jackson.serialize.OptionalValuesSerializer with qualifier: null
07:28:42.642 [main] DEBUG io.micronaut.context.lifecycle -- Created bean [io.micronaut.jackson.serialize.ConvertibleMultiValuesSerializer@68df8c6] from definition [Definition: io.micronaut.jackson.serialize.ConvertibleMultiValuesSerializer] with qualifier [null]
07:28:42.642 [main] DEBUG io.micronaut.context.DefaultBeanContext -- Found a registration BeanRegistration: io.micronaut.jackson.serialize.ConvertibleMultiValuesSerializer@68df8c6 for candidate: Definition: io.micronaut.jackson.serialize.ConvertibleMultiValuesSerializer with qualifier: null
07:28:42.642 [main] DEBUG io.micronaut.context.lifecycle -- Created bean [io.micronaut.jackson.serialize.ConvertibleValuesSerializer@2b8cf049] from definition [Definition: io.micronaut.jackson.serialize.ConvertibleValuesSerializer] with qualifier [null]
07:28:42.642 [main] DEBUG io.micronaut.context.DefaultBeanContext -- Found a registration BeanRegistration: io.micronaut.jackson.serialize.ConvertibleValuesSerializer@2b8cf049 for candidate: Definition: io.micronaut.jackson.serialize.ConvertibleValuesSerializer with qualifier: null
07:28:42.642 [main] DEBUG io.micronaut.context.DefaultBeanContext -- Resolving beans for type: com.fasterxml.jackson.databind.JsonDeserializer
07:28:42.642 [main] DEBUG io.micronaut.context.DefaultBeanContext -- Finding candidate beans for type: JsonDeserializer
07:28:42.642 [main] DEBUG io.micronaut.context.DefaultBeanContext --   class io.micronaut.jackson.serialize.JsonNodeDeserializer null Definition: io.micronaut.jackson.serialize.JsonNodeDeserializer
07:28:42.642 [main] DEBUG io.micronaut.context.lifecycle -- Created bean [io.micronaut.jackson.serialize.JsonNodeDeserializer@3593e074] from definition [Definition: io.micronaut.jackson.serialize.JsonNodeDeserializer] with qualifier [null]
07:28:42.642 [main] DEBUG io.micronaut.context.DefaultBeanContext -- Found a registration BeanRegistration: io.micronaut.jackson.serialize.JsonNodeDeserializer@3593e074 for candidate: Definition: io.micronaut.jackson.serialize.JsonNodeDeserializer with qualifier: null
07:28:42.642 [main] DEBUG io.micronaut.context.DefaultBeanContext -- Resolving beans for type: com.fasterxml.jackson.databind.ser.BeanSerializerModifier
07:28:42.642 [main] DEBUG io.micronaut.context.DefaultBeanContext -- Finding candidate beans for type: BeanSerializerModifier
07:28:42.643 [main] DEBUG io.micronaut.context.DefaultBeanContext -- Finding candidate beans for type: BeanIntrospectionModule
07:28:42.643 [main] DEBUG io.micronaut.context.DefaultBeanContext --   class io.micronaut.jackson.modules.BeanIntrospectionModule null Definition: io.micronaut.jackson.modules.BeanIntrospectionModule
07:28:42.643 [main] DEBUG io.micronaut.context.condition.Condition -- Bean [Definition: io.micronaut.jackson.serialize.ResourceSerializerModifier] will not be loaded due to failing conditions:
07:28:42.643 [main] DEBUG io.micronaut.context.condition.Condition -- * Existing bean [io.micronaut.jackson.modules.BeanIntrospectionModule] of type [class io.micronaut.jackson.modules.BeanIntrospectionModule] registered in context
07:28:42.643 [main] DEBUG io.micronaut.context.DefaultBeanContext -- No bean candidates found for type: BeanSerializerModifier
07:28:42.643 [main] DEBUG io.micronaut.context.DefaultBeanContext -- Resolving beans for type: com.fasterxml.jackson.databind.deser.BeanDeserializerModifier
07:28:42.643 [main] DEBUG io.micronaut.context.DefaultBeanContext -- Finding candidate beans for type: BeanDeserializerModifier
07:28:42.643 [main] DEBUG io.micronaut.context.DefaultBeanContext -- No bean candidates found for type: BeanDeserializerModifier
07:28:42.643 [main] DEBUG io.micronaut.context.DefaultBeanContext -- Resolving beans for type: com.fasterxml.jackson.databind.KeyDeserializer
07:28:42.643 [main] DEBUG io.micronaut.context.DefaultBeanContext -- Finding candidate beans for type: KeyDeserializer
07:28:42.643 [main] DEBUG io.micronaut.context.DefaultBeanContext -- No bean candidates found for type: KeyDeserializer
07:28:42.643 [main] DEBUG io.micronaut.context.lifecycle -- Created bean [io.micronaut.jackson.ObjectMapperFactory@4b50c21] from definition [Definition: io.micronaut.jackson.ObjectMapperFactory] with qualifier [null]
07:28:42.643 [main] DEBUG io.micronaut.context.DefaultBeanContext -- Finding candidate beans for type: JsonFactory jsonFactory
07:28:42.644 [main] DEBUG io.micronaut.context.DefaultBeanContext -- Finding candidate beans for type: JacksonConfiguration
07:28:42.644 [main] DEBUG io.micronaut.context.DefaultBeanContext --   class io.micronaut.jackson.JacksonConfiguration null Definition: io.micronaut.jackson.JacksonConfiguration
07:28:42.644 [main] DEBUG io.micronaut.context.DefaultBeanContext --   class com.fasterxml.jackson.core.JsonFactory null Definition: io.micronaut.jackson.ObjectMapperFactory
07:28:42.644 [main] DEBUG io.micronaut.context.DefaultBeanContext -- Found concrete candidate [Definition: io.micronaut.jackson.ObjectMapperFactory] for type: jsonFactory 
07:28:42.646 [main] DEBUG io.micronaut.context.lifecycle -- Created bean [com.fasterxml.jackson.core.JsonFactory@5f33e6d] from definition [Definition: io.micronaut.jackson.ObjectMapperFactory] with qualifier [null]
07:28:42.650 [main] DEBUG io.micronaut.context.lifecycle -- Created bean [com.fasterxml.jackson.databind.ObjectMapper@3eedd0e3] from definition [Definition: io.micronaut.jackson.ObjectMapperFactory] with qualifier [@Primary and @Named('json')]
07:28:42.651 [main] DEBUG io.micronaut.context.lifecycle -- Created bean [io.micronaut.jackson.databind.JacksonDatabindMapper@4377ed24] from definition [Definition: io.micronaut.jackson.databind.JacksonDatabindMapper] with qualifier [null]
07:28:42.651 [main] DEBUG io.micronaut.context.lifecycle -- Created bean [io.micronaut.http.netty.body.NettyJsonHandler@1dcca426] from definition [Definition: io.micronaut.http.netty.body.NettyJsonHandler] with qualifier [null]
07:28:42.672 [main] DEBUG io.micronaut.core.beans.DefaultBeanIntrospector -- Found BeanIntrospection for type: class com.example.shopservice.entity.OrderItem,
07:28:42.680 [main] DEBUG io.micronaut.core.beans.DefaultBeanIntrospector -- Found BeanIntrospection for type: class com.example.shopservice.entity.Order,
07:28:42.682 [main] DEBUG io.micronaut.core.beans.DefaultBeanIntrospector -- Found BeanIntrospection for type: class com.example.shopservice.entity.User,
07:28:42.683 [main] DEBUG io.micronaut.core.beans.DefaultBeanIntrospector -- Found BeanIntrospection for type: class com.example.shopservice.entity.Product,
07:28:42.689 [main] DEBUG io.micronaut.core.beans.DefaultBeanIntrospector -- Found BeanIntrospection for type: class com.example.shopservice.entity.OrderItem,
07:28:42.689 [main] DEBUG io.micronaut.jackson.modules.BeanIntrospectionModule -- Updating 3 properties with BeanIntrospection data for type: class com.example.shopservice.entity.OrderItem
07:28:42.691 [main] DEBUG io.micronaut.context.DefaultBeanContext -- Finding candidate beans for type: MessageBodyReader
07:28:42.692 [main] DEBUG io.micronaut.context.DefaultBeanContext -- Bean [class io.micronaut.http.netty.body.NettyJsonHandler] replaces existing bean of type [class io.micronaut.json.body.JsonMessageHandler]
07:28:42.692 [main] DEBUG io.micronaut.context.DefaultBeanContext --   class io.micronaut.http.netty.body.NettyJsonStreamHandler null Definition: io.micronaut.http.netty.body.NettyJsonStreamHandler
07:28:42.692 [main] DEBUG io.micronaut.context.DefaultBeanContext --   class io.micronaut.http.netty.body.NettyJsonHandler null Definition: io.micronaut.http.netty.body.NettyJsonHandler
07:28:42.695 [main] DEBUG io.micronaut.core.beans.DefaultBeanIntrospector -- Found BeanIntrospection for type: class com.example.shopservice.entity.Review,
07:28:42.696 [main] DEBUG io.micronaut.core.beans.DefaultBeanIntrospector -- Found BeanIntrospection for type: class com.example.shopservice.entity.Review,
07:28:42.696 [main] DEBUG io.micronaut.jackson.modules.BeanIntrospectionModule -- Updating 5 properties with BeanIntrospection data for type: class com.example.shopservice.entity.Review
07:28:42.696 [main] DEBUG io.micronaut.context.DefaultBeanContext -- Finding candidate beans for type: MessageBodyReader
07:28:42.697 [main] DEBUG io.micronaut.context.DefaultBeanContext -- Bean [class io.micronaut.http.netty.body.NettyJsonHandler] replaces existing bean of type [class io.micronaut.json.body.JsonMessageHandler]
07:28:42.697 [main] DEBUG io.micronaut.context.DefaultBeanContext --   class io.micronaut.http.netty.body.NettyJsonStreamHandler null Definition: io.micronaut.http.netty.body.NettyJsonStreamHandler
07:28:42.697 [main] DEBUG io.micronaut.context.DefaultBeanContext --   class io.micronaut.http.netty.body.NettyJsonHandler null Definition: io.micronaut.http.netty.body.NettyJsonHandler
07:28:42.713 [main] DEBUG io.micronaut.core.beans.DefaultBeanIntrospector -- Found BeanIntrospection for type: class io.micronaut.data.model.DefaultPage,
07:28:42.719 [main] DEBUG io.micronaut.core.beans.DefaultBeanIntrospector -- Found BeanIntrospection for type: interface io.micronaut.data.model.Pageable,
07:28:42.722 [main] DEBUG io.micronaut.core.beans.DefaultBeanIntrospector -- Found BeanIntrospection for type: interface io.micronaut.data.model.Sort,
07:28:42.724 [main] DEBUG io.micronaut.core.beans.DefaultBeanIntrospector -- Found BeanIntrospection for type: class io.micronaut.data.model.Sort$Order,
07:28:42.729 [main] DEBUG io.micronaut.core.beans.DefaultBeanIntrospector -- Found BeanIntrospection for type: interface io.micronaut.data.model.Page,
07:28:42.730 [main] DEBUG io.micronaut.jackson.modules.BeanIntrospectionModule -- Updating 9 properties with BeanIntrospection data for type: interface io.micronaut.data.model.Page
07:28:42.732 [main] DEBUG io.micronaut.core.beans.DefaultBeanIntrospector -- Found BeanIntrospection for type: class com.example.shopservice.entity.User,
07:28:42.732 [main] DEBUG io.micronaut.jackson.modules.BeanIntrospectionModule -- Updating 3 properties with BeanIntrospection data for type: class com.example.shopservice.entity.User
07:28:42.732 [main] DEBUG io.micronaut.context.DefaultBeanContext -- Finding candidate beans for type: MessageBodyReader
07:28:42.732 [main] DEBUG io.micronaut.context.DefaultBeanContext -- Bean [class io.micronaut.http.netty.body.NettyJsonHandler] replaces existing bean of type [class io.micronaut.json.body.JsonMessageHandler]
07:28:42.732 [main] DEBUG io.micronaut.context.DefaultBeanContext --   class io.micronaut.http.netty.body.NettyJsonStreamHandler null Definition: io.micronaut.http.netty.body.NettyJsonStreamHandler
07:28:42.732 [main] DEBUG io.micronaut.context.DefaultBeanContext --   class io.micronaut.http.netty.body.NettyJsonHandler null Definition: io.micronaut.http.netty.body.NettyJsonHandler
07:28:42.734 [main] DEBUG io.micronaut.core.beans.DefaultBeanIntrospector -- Found BeanIntrospection for type: class io.micronaut.data.model.DefaultPage,
07:28:42.736 [main] DEBUG io.micronaut.core.beans.DefaultBeanIntrospector -- Found BeanIntrospection for type: interface io.micronaut.data.model.Page,
07:28:42.736 [main] DEBUG io.micronaut.jackson.modules.BeanIntrospectionModule -- Updating 9 properties with BeanIntrospection data for type: interface io.micronaut.data.model.Page
07:28:42.738 [main] DEBUG io.micronaut.core.beans.DefaultBeanIntrospector -- Found BeanIntrospection for type: class com.example.shopservice.entity.Order,
07:28:42.738 [main] DEBUG io.micronaut.jackson.modules.BeanIntrospectionModule -- Updating 4 properties with BeanIntrospection data for type: class com.example.shopservice.entity.Order
07:28:42.738 [main] DEBUG io.micronaut.context.DefaultBeanContext -- Finding candidate beans for type: MessageBodyReader
07:28:42.738 [main] DEBUG io.micronaut.context.DefaultBeanContext -- Bean [class io.micronaut.http.netty.body.NettyJsonHandler] replaces existing bean of type [class io.micronaut.json.body.JsonMessageHandler]
07:28:42.738 [main] DEBUG io.micronaut.context.DefaultBeanContext --   class io.micronaut.http.netty.body.NettyJsonStreamHandler null Definition: io.micronaut.http.netty.body.NettyJsonStreamHandler
07:28:42.739 [main] DEBUG io.micronaut.context.DefaultBeanContext --   class io.micronaut.http.netty.body.NettyJsonHandler null Definition: io.micronaut.http.netty.body.NettyJsonHandler
07:28:42.740 [main] DEBUG io.micronaut.core.beans.DefaultBeanIntrospector -- Found BeanIntrospection for type: class io.micronaut.data.model.DefaultPage,
07:28:42.742 [main] DEBUG io.micronaut.core.beans.DefaultBeanIntrospector -- Found BeanIntrospection for type: interface io.micronaut.data.model.Page,
07:28:42.742 [main] DEBUG io.micronaut.jackson.modules.BeanIntrospectionModule -- Updating 9 properties with BeanIntrospection data for type: interface io.micronaut.data.model.Page
07:28:42.744 [main] DEBUG io.micronaut.core.beans.DefaultBeanIntrospector -- Found BeanIntrospection for type: class com.example.shopservice.entity.Product,
07:28:42.744 [main] DEBUG io.micronaut.jackson.modules.BeanIntrospectionModule -- Updating 3 properties with BeanIntrospection data for type: class com.example.shopservice.entity.Product
07:28:42.744 [main] DEBUG io.micronaut.context.DefaultBeanContext -- Finding candidate beans for type: MessageBodyReader
07:28:42.744 [main] DEBUG io.micronaut.context.DefaultBeanContext -- Bean [class io.micronaut.http.netty.body.NettyJsonHandler] replaces existing bean of type [class io.micronaut.json.body.JsonMessageHandler]
07:28:42.744 [main] DEBUG io.micronaut.context.DefaultBeanContext --   class io.micronaut.http.netty.body.NettyJsonStreamHandler null Definition: io.micronaut.http.netty.body.NettyJsonStreamHandler
07:28:42.744 [main] DEBUG io.micronaut.context.DefaultBeanContext --   class io.micronaut.http.netty.body.NettyJsonHandler null Definition: io.micronaut.http.netty.body.NettyJsonHandler
07:28:42.746 [main] DEBUG io.micronaut.core.beans.DefaultBeanIntrospector -- Found BeanIntrospection for type: class io.micronaut.data.model.DefaultPage,
07:28:42.748 [main] DEBUG io.micronaut.core.beans.DefaultBeanIntrospector -- Found BeanIntrospection for type: interface io.micronaut.data.model.Page,
07:28:42.748 [main] DEBUG io.micronaut.jackson.modules.BeanIntrospectionModule -- Updating 9 properties with BeanIntrospection data for type: interface io.micronaut.data.model.Page
07:28:42.750 [main] DEBUG io.micronaut.context.lifecycle -- Created bean [io.micronaut.web.router.DefaultRouter@ca10069] from definition [Definition: io.micronaut.web.router.DefaultRouter] with qualifier [null]
07:28:42.750 [main] DEBUG io.micronaut.context.DefaultBeanContext -- Finding candidate beans for type: RequestArgumentSatisfier requestArgumentSatisfier
07:28:42.751 [main] DEBUG io.micronaut.context.DefaultBeanContext --   class io.micronaut.http.server.binding.RequestArgumentSatisfier null Definition: io.micronaut.http.server.binding.RequestArgumentSatisfier
07:28:42.751 [main] DEBUG io.micronaut.context.DefaultBeanContext --   class io.micronaut.http.server.netty.NettyRequestArgumentSatisfier null Definition: io.micronaut.http.server.netty.NettyRequestArgumentSatisfier
07:28:42.751 [main] DEBUG io.micronaut.context.DefaultBeanContext -- Searching for @Primary for type [requestArgumentSatisfier] from candidates: [Definition: io.micronaut.http.server.binding.RequestArgumentSatisfier, Definition: io.micronaut.http.server.netty.NettyRequestArgumentSatisfier] 
07:28:42.751 [main] DEBUG io.micronaut.context.DefaultBeanContext -- Found concrete candidate [Definition: io.micronaut.http.server.netty.NettyRequestArgumentSatisfier] for type: requestArgumentSatisfier 
07:28:42.751 [main] DEBUG io.micronaut.context.DefaultBeanContext -- Finding candidate beans for type: NettyServerRequestBinderRegistry requestBinderRegistry
07:28:42.751 [main] DEBUG io.micronaut.context.DefaultBeanContext --   class io.micronaut.http.server.netty.binders.NettyServerRequestBinderRegistry null Definition: io.micronaut.http.server.netty.binders.NettyServerRequestBinderRegistry
07:28:42.751 [main] DEBUG io.micronaut.context.DefaultBeanContext -- Found concrete candidate [Definition: io.micronaut.http.server.netty.binders.NettyServerRequestBinderRegistry] for type: requestBinderRegistry 
07:28:42.751 [main] DEBUG io.micronaut.context.DefaultBeanContext -- Resolving beans for type: io.micronaut.http.bind.binders.RequestArgumentBinder<java.lang.Object>
07:28:42.751 [main] DEBUG io.micronaut.context.DefaultBeanContext -- Found 4 existing beans for type [E]: [BeanRegistration: io.micronaut.http.server.binding.BasicAuthArgumentBinder@67f591c2, BeanRegistration: io.micronaut.http.server.binding.LocaleArgumentBinder@16e907b6, BeanRegistration: io.micronaut.data.runtime.http.PageableRequestArgumentBinder@bc8d68b, BeanRegistration: io.micronaut.http.bind.binders.DefaultBodyAnnotationBinder@e49437] 
07:28:42.751 [main] DEBUG io.micronaut.context.DefaultBeanContext -- Finding candidate beans for type: BeanProvider httpServerConfiguration
07:28:42.751 [main] DEBUG io.micronaut.context.DefaultBeanContext --   interface io.micronaut.context.BeanProvider null io.micronaut.inject.provider.BeanProviderDefinition@3525cef9
07:28:42.751 [main] DEBUG io.micronaut.context.DefaultBeanContext -- Found concrete candidate [io.micronaut.inject.provider.BeanProviderDefinition@3525cef9] for type: httpServerConfiguration 
07:28:42.751 [main] DEBUG io.micronaut.context.lifecycle -- Created bean [io.micronaut.inject.provider.BeanProviderDefinition$1@3639b04] from definition [io.micronaut.inject.provider.BeanProviderDefinition@3525cef9] with qualifier [null]
07:28:42.751 [main] DEBUG io.micronaut.context.lifecycle -- Created bean [io.micronaut.inject.provider.BeanProviderDefinition$1@5cb8580] from definition [io.micronaut.inject.provider.BeanProviderDefinition@3525cef9] with qualifier [@Named('blocking')]
07:28:42.752 [main] DEBUG io.micronaut.context.DefaultBeanContext -- Finding candidate beans for type: HttpServerConfiguration T
07:28:42.752 [main] DEBUG io.micronaut.context.DefaultBeanContext -- Bean [class io.micronaut.http.server.netty.configuration.NettyHttpServerConfiguration] replaces existing bean of type [class io.micronaut.http.server.HttpServerConfiguration]
07:28:42.752 [main] DEBUG io.micronaut.context.DefaultBeanContext --   class io.micronaut.http.server.netty.configuration.NettyHttpServerConfiguration null Definition: io.micronaut.http.server.netty.configuration.NettyHttpServerConfiguration
07:28:42.752 [main] DEBUG io.micronaut.context.DefaultBeanContext -- Found concrete candidate [Definition: io.micronaut.http.server.netty.configuration.NettyHttpServerConfiguration] for type: T 
07:28:42.755 [main] DEBUG io.micronaut.context.DefaultBeanContext -- Finding candidate beans for type: ExecutorService T
07:28:42.755 [main] DEBUG io.micronaut.context.DefaultBeanContext -- Finding candidate beans for type: EventLoopGroupConfiguration
07:28:42.756 [main] DEBUG io.micronaut.context.DefaultBeanContext --   class io.micronaut.http.server.netty.configuration.NettyHttpServerConfiguration$Parent @Named('netty-server-parent-event-loop') Definition: io.micronaut.http.server.netty.configuration.NettyHttpServerConfiguration$Parent
07:28:42.756 [main] DEBUG io.micronaut.context.DefaultBeanContext --   class io.micronaut.http.server.netty.configuration.NettyHttpServerConfiguration$Worker @Named('netty-server-worker-event-loop') Definition: io.micronaut.http.server.netty.configuration.NettyHttpServerConfiguration$Worker
07:28:42.756 [main] DEBUG io.micronaut.context.DefaultBeanContext -- Finding candidate beans for type: ExecutorConfiguration
07:28:42.758 [main] DEBUG io.micronaut.context.condition.Condition -- Bean [Definition: io.micronaut.scheduling.executor.IOExecutorServiceConfig] will not be loaded due to failing conditions:
07:28:42.758 [main] DEBUG io.micronaut.context.condition.Condition -- * Virtual threads support not available: no such method: java.util.concurrent.Executors.newThreadPerTaskExecutor(ThreadFactory)ExecutorService/invokeStatic
07:28:42.758 [main] DEBUG io.micronaut.context.condition.Condition -- * Custom condition [class io.micronaut.scheduling.LoomSupport$LoomCondition] failed evaluation
07:28:42.758 [main] DEBUG io.micronaut.context.DefaultBeanContext --   interface io.micronaut.scheduling.executor.ExecutorConfiguration @Named('io') Definition: io.micronaut.scheduling.executor.IOExecutorServiceConfig
07:28:42.758 [main] DEBUG io.micronaut.context.DefaultBeanContext --   interface io.micronaut.scheduling.executor.ExecutorConfiguration @Named('scheduled') Definition: io.micronaut.scheduling.executor.ScheduledExecutorServiceConfig
07:28:42.759 [main] DEBUG io.micronaut.context.DefaultBeanContext --   interface io.netty.channel.EventLoopGroup @Named('netty-server-worker-event-loop') Definition: io.micronaut.http.netty.channel.DefaultEventLoopGroupRegistry
07:28:42.759 [main] DEBUG io.micronaut.context.DefaultBeanContext --   interface java.util.concurrent.ExecutorService @Named('io') Definition: io.micronaut.scheduling.executor.ExecutorFactory
07:28:42.759 [main] DEBUG io.micronaut.context.DefaultBeanContext --   interface java.util.concurrent.ExecutorService @Named('blocking') Definition: io.micronaut.scheduling.executor.IOExecutorServiceConfig
07:28:42.759 [main] DEBUG io.micronaut.context.DefaultBeanContext --   interface io.netty.channel.EventLoopGroup @Named('netty-server-parent-event-loop') Definition: io.micronaut.http.netty.channel.DefaultEventLoopGroupRegistry
07:28:42.759 [main] DEBUG io.micronaut.context.DefaultBeanContext --   interface java.util.concurrent.ExecutorService @Named('scheduled') Definition: io.micronaut.scheduling.executor.ExecutorFactory
07:28:42.759 [main] DEBUG io.micronaut.context.DefaultBeanContext -- Qualifying bean [T] for qualifier: @Named('blocking') 
07:28:42.759 [main] DEBUG io.micronaut.context.DefaultBeanContext -- Found concrete candidate [Definition: io.micronaut.scheduling.executor.IOExecutorServiceConfig] for type: @Named('blocking') T 
07:28:42.759 [main] DEBUG io.micronaut.context.DefaultBeanContext -- Finding candidate beans for type: IOExecutorServiceConfig
07:28:42.759 [main] DEBUG io.micronaut.context.DefaultBeanContext --   class io.micronaut.scheduling.executor.IOExecutorServiceConfig null Definition: io.micronaut.scheduling.executor.IOExecutorServiceConfig
07:28:42.759 [main] DEBUG io.micronaut.context.DefaultBeanContext -- Found concrete candidate [Definition: io.micronaut.scheduling.executor.IOExecutorServiceConfig] for type: IOExecutorServiceConfig 
07:28:42.759 [main] DEBUG io.micronaut.context.lifecycle -- Created bean [io.micronaut.scheduling.executor.IOExecutorServiceConfig@7ebc5be6] from definition [Definition: io.micronaut.scheduling.executor.IOExecutorServiceConfig] with qualifier [null]
07:28:42.759 [main] DEBUG io.micronaut.context.lifecycle -- Created bean [io.micronaut.inject.provider.BeanProviderDefinition$1@4627dfda] from definition [io.micronaut.inject.provider.BeanProviderDefinition@3525cef9] with qualifier [@Named('io')]
07:28:42.759 [main] DEBUG io.micronaut.context.DefaultBeanContext -- Finding candidate beans for type: BeanProvider virtual
07:28:42.759 [main] DEBUG io.micronaut.context.DefaultBeanContext --   interface io.micronaut.context.BeanProvider null io.micronaut.inject.provider.BeanProviderDefinition@3525cef9
07:28:42.759 [main] DEBUG io.micronaut.context.DefaultBeanContext -- Qualifying bean [virtual] for qualifier: @Named('virtual') 
07:28:42.759 [main] DEBUG io.micronaut.context.DefaultBeanContext -- Found concrete candidate [io.micronaut.inject.provider.BeanProviderDefinition@3525cef9] for type: @Named('virtual') virtual 
07:28:42.759 [main] DEBUG io.micronaut.context.lifecycle -- Created bean [io.micronaut.inject.provider.BeanProviderDefinition$1@1f3361e9] from definition [io.micronaut.inject.provider.BeanProviderDefinition@3525cef9] with qualifier [@Named('virtual')]
07:28:42.759 [main] DEBUG io.micronaut.context.DefaultBeanContext -- Finding candidate beans for type: ExecutorService T
07:28:42.759 [main] DEBUG io.micronaut.context.DefaultBeanContext -- Finding candidate beans for type: EventLoopGroupConfiguration
07:28:42.760 [main] DEBUG io.micronaut.context.DefaultBeanContext --   class io.micronaut.http.server.netty.configuration.NettyHttpServerConfiguration$Parent @Named('netty-server-parent-event-loop') Definition: io.micronaut.http.server.netty.configuration.NettyHttpServerConfiguration$Parent
07:28:42.760 [main] DEBUG io.micronaut.context.DefaultBeanContext --   class io.micronaut.http.server.netty.configuration.NettyHttpServerConfiguration$Worker @Named('netty-server-worker-event-loop') Definition: io.micronaut.http.server.netty.configuration.NettyHttpServerConfiguration$Worker
07:28:42.760 [main] DEBUG io.micronaut.context.DefaultBeanContext -- Finding candidate beans for type: ExecutorConfiguration
07:28:42.760 [main] DEBUG io.micronaut.context.DefaultBeanContext --   interface io.micronaut.scheduling.executor.ExecutorConfiguration @Named('io') Definition: io.micronaut.scheduling.executor.IOExecutorServiceConfig
07:28:42.760 [main] DEBUG io.micronaut.context.DefaultBeanContext --   interface io.micronaut.scheduling.executor.ExecutorConfiguration @Named('scheduled') Definition: io.micronaut.scheduling.executor.ScheduledExecutorServiceConfig
07:28:42.760 [main] DEBUG io.micronaut.context.DefaultBeanContext --   interface io.netty.channel.EventLoopGroup @Named('netty-server-worker-event-loop') Definition: io.micronaut.http.netty.channel.DefaultEventLoopGroupRegistry
07:28:42.760 [main] DEBUG io.micronaut.context.DefaultBeanContext --   interface java.util.concurrent.ExecutorService @Named('io') Definition: io.micronaut.scheduling.executor.ExecutorFactory
07:28:42.760 [main] DEBUG io.micronaut.context.DefaultBeanContext --   interface java.util.concurrent.ExecutorService @Named('blocking') Definition: io.micronaut.scheduling.executor.IOExecutorServiceConfig
07:28:42.760 [main] DEBUG io.micronaut.context.DefaultBeanContext --   interface io.netty.channel.EventLoopGroup @Named('netty-server-parent-event-loop') Definition: io.micronaut.http.netty.channel.DefaultEventLoopGroupRegistry
07:28:42.760 [main] DEBUG io.micronaut.context.DefaultBeanContext --   interface java.util.concurrent.ExecutorService @Named('scheduled') Definition: io.micronaut.scheduling.executor.ExecutorFactory
07:28:42.760 [main] DEBUG io.micronaut.context.DefaultBeanContext -- Finding candidate beans for type: ExecutorService T
07:28:42.760 [main] DEBUG io.micronaut.context.DefaultBeanContext -- Finding candidate beans for type: EventLoopGroupConfiguration
07:28:42.760 [main] DEBUG io.micronaut.context.DefaultBeanContext --   class io.micronaut.http.server.netty.configuration.NettyHttpServerConfiguration$Parent @Named('netty-server-parent-event-loop') Definition: io.micronaut.http.server.netty.configuration.NettyHttpServerConfiguration$Parent
07:28:42.760 [main] DEBUG io.micronaut.context.DefaultBeanContext --   class io.micronaut.http.server.netty.configuration.NettyHttpServerConfiguration$Worker @Named('netty-server-worker-event-loop') Definition: io.micronaut.http.server.netty.configuration.NettyHttpServerConfiguration$Worker
07:28:42.760 [main] DEBUG io.micronaut.context.DefaultBeanContext -- Finding candidate beans for type: ExecutorConfiguration
07:28:42.760 [main] DEBUG io.micronaut.context.DefaultBeanContext --   interface io.micronaut.scheduling.executor.ExecutorConfiguration @Named('io') Definition: io.micronaut.scheduling.executor.IOExecutorServiceConfig
07:28:42.760 [main] DEBUG io.micronaut.context.DefaultBeanContext --   interface io.micronaut.scheduling.executor.ExecutorConfiguration @Named('scheduled') Definition: io.micronaut.scheduling.executor.ScheduledExecutorServiceConfig
07:28:42.760 [main] DEBUG io.micronaut.context.DefaultBeanContext --   interface io.netty.channel.EventLoopGroup @Named('netty-server-worker-event-loop') Definition: io.micronaut.http.netty.channel.DefaultEventLoopGroupRegistry
07:28:42.760 [main] DEBUG io.micronaut.context.DefaultBeanContext --   interface java.util.concurrent.ExecutorService @Named('io') Definition: io.micronaut.scheduling.executor.ExecutorFactory
07:28:42.760 [main] DEBUG io.micronaut.context.DefaultBeanContext --   interface java.util.concurrent.ExecutorService @Named('blocking') Definition: io.micronaut.scheduling.executor.IOExecutorServiceConfig
07:28:42.760 [main] DEBUG io.micronaut.context.DefaultBeanContext --   interface io.netty.channel.EventLoopGroup @Named('netty-server-parent-event-loop') Definition: io.micronaut.http.netty.channel.DefaultEventLoopGroupRegistry
07:28:42.760 [main] DEBUG io.micronaut.context.DefaultBeanContext --   interface java.util.concurrent.ExecutorService @Named('scheduled') Definition: io.micronaut.scheduling.executor.ExecutorFactory
07:28:42.760 [main] DEBUG io.micronaut.context.DefaultBeanContext -- Qualifying bean [T] for qualifier: @Named('io') 
07:28:42.760 [main] DEBUG io.micronaut.context.DefaultBeanContext -- Found concrete candidate [Definition: io.micronaut.scheduling.executor.ExecutorFactory] for type: @Named('io') T 
07:28:42.760 [main] DEBUG io.micronaut.context.DefaultBeanContext -- Finding candidate beans for type: ExecutorFactory
07:28:42.761 [main] DEBUG io.micronaut.context.DefaultBeanContext --   class io.micronaut.scheduling.executor.ExecutorFactory null Definition: io.micronaut.scheduling.executor.ExecutorFactory
07:28:42.761 [main] DEBUG io.micronaut.context.DefaultBeanContext -- Found concrete candidate [Definition: io.micronaut.scheduling.executor.ExecutorFactory] for type: executorFactory 
07:28:42.761 [main] DEBUG io.micronaut.context.DefaultBeanContext -- Finding candidate beans for type: ThreadFactory threadFactory
07:28:42.761 [main] DEBUG io.micronaut.context.DefaultBeanContext -- Finding candidate beans for type: ExecutorConfiguration
07:28:42.761 [main] DEBUG io.micronaut.context.DefaultBeanContext --   interface io.micronaut.scheduling.executor.ExecutorConfiguration @Named('io') Definition: io.micronaut.scheduling.executor.IOExecutorServiceConfig
07:28:42.761 [main] DEBUG io.micronaut.context.DefaultBeanContext --   interface io.micronaut.scheduling.executor.ExecutorConfiguration @Named('scheduled') Definition: io.micronaut.scheduling.executor.ScheduledExecutorServiceConfig
07:28:42.762 [main] DEBUG io.micronaut.context.DefaultBeanContext --   interface java.util.concurrent.ThreadFactory null Definition: io.micronaut.scheduling.executor.DefaultThreadFactory
07:28:42.762 [main] DEBUG io.micronaut.context.DefaultBeanContext --   interface java.util.concurrent.ThreadFactory @Named('netty') Definition: io.micronaut.http.netty.channel.NettyThreadFactory
07:28:42.762 [main] DEBUG io.micronaut.context.DefaultBeanContext --   interface java.util.concurrent.ThreadFactory @Named('scheduled') Definition: io.micronaut.scheduling.executor.ExecutorFactory
07:28:42.762 [main] DEBUG io.micronaut.context.DefaultBeanContext --   interface java.util.concurrent.ThreadFactory @Named('io') Definition: io.micronaut.scheduling.executor.ExecutorFactory
07:28:42.762 [main] DEBUG io.micronaut.context.DefaultBeanContext -- Searching for @Primary for type [threadFactory] from candidates: [Definition: io.micronaut.scheduling.executor.DefaultThreadFactory, Definition: io.micronaut.http.netty.channel.NettyThreadFactory, Definition: io.micronaut.scheduling.executor.ExecutorFactory, Definition: io.micronaut.scheduling.executor.ExecutorFactory] 
07:28:42.762 [main] DEBUG io.micronaut.context.DefaultBeanContext -- Found concrete candidate [Definition: io.micronaut.scheduling.executor.DefaultThreadFactory] for type: threadFactory 
07:28:42.762 [main] DEBUG io.micronaut.context.DefaultBeanContext -- Finding candidate beans for type: DefaultThreadFactory
07:28:42.762 [main] DEBUG io.micronaut.context.DefaultBeanContext --   class io.micronaut.scheduling.executor.DefaultThreadFactory null Definition: io.micronaut.scheduling.executor.DefaultThreadFactory
07:28:42.762 [main] DEBUG io.micronaut.context.DefaultBeanContext -- Found concrete candidate [Definition: io.micronaut.scheduling.executor.DefaultThreadFactory] for type: defaultThreadFactory 
07:28:42.762 [main] DEBUG io.micronaut.context.lifecycle -- Created bean [io.micronaut.scheduling.executor.DefaultThreadFactory@4e647f39] from definition [Definition: io.micronaut.scheduling.executor.DefaultThreadFactory] with qualifier [null]
07:28:42.762 [main] DEBUG io.micronaut.context.lifecycle -- Created bean [java.util.concurrent.Executors$DefaultThreadFactory@778197c0] from definition [Definition: io.micronaut.scheduling.executor.DefaultThreadFactory] with qualifier [null]
07:28:42.762 [main] DEBUG io.micronaut.context.lifecycle -- Created bean [io.micronaut.scheduling.executor.ExecutorFactory@1c2cdc67] from definition [Definition: io.micronaut.scheduling.executor.ExecutorFactory] with qualifier [null]
07:28:42.762 [main] DEBUG io.micronaut.context.DefaultBeanContext -- Finding candidate beans for type: ExecutorConfiguration executorConfiguration
07:28:42.762 [main] DEBUG io.micronaut.context.DefaultBeanContext --   interface io.micronaut.scheduling.executor.ExecutorConfiguration @Named('io') Definition: io.micronaut.scheduling.executor.IOExecutorServiceConfig
07:28:42.762 [main] DEBUG io.micronaut.context.DefaultBeanContext --   interface io.micronaut.scheduling.executor.ExecutorConfiguration @Named('scheduled') Definition: io.micronaut.scheduling.executor.ScheduledExecutorServiceConfig
07:28:42.762 [main] DEBUG io.micronaut.context.DefaultBeanContext -- Qualifying bean [executorConfiguration] for qualifier: @Named('io') 
07:28:42.762 [main] DEBUG io.micronaut.context.DefaultBeanContext -- Found concrete candidate [Definition: io.micronaut.scheduling.executor.IOExecutorServiceConfig] for type: @Named('io') executorConfiguration 
07:28:42.763 [main] DEBUG io.micronaut.context.lifecycle -- Created bean [io.micronaut.scheduling.executor.UserExecutorConfiguration@4cadd4d4] from definition [Definition: io.micronaut.scheduling.executor.IOExecutorServiceConfig] with qualifier [@Named('io')]
07:28:42.764 [main] DEBUG io.micronaut.context.DefaultBeanContext -- Finding candidate beans for type: ThreadFactory
07:28:42.764 [main] DEBUG io.micronaut.context.DefaultBeanContext -- Finding candidate beans for type: ExecutorConfiguration
07:28:42.764 [main] DEBUG io.micronaut.context.DefaultBeanContext --   interface io.micronaut.scheduling.executor.ExecutorConfiguration @Named('io') Definition: io.micronaut.scheduling.executor.IOExecutorServiceConfig
07:28:42.764 [main] DEBUG io.micronaut.context.DefaultBeanContext --   interface io.micronaut.scheduling.executor.ExecutorConfiguration @Named('scheduled') Definition: io.micronaut.scheduling.executor.ScheduledExecutorServiceConfig
07:28:42.764 [main] DEBUG io.micronaut.context.DefaultBeanContext --   interface java.util.concurrent.ThreadFactory null Definition: io.micronaut.scheduling.executor.DefaultThreadFactory
07:28:42.764 [main] DEBUG io.micronaut.context.DefaultBeanContext --   interface java.util.concurrent.ThreadFactory @Named('netty') Definition: io.micronaut.http.netty.channel.NettyThreadFactory
07:28:42.764 [main] DEBUG io.micronaut.context.DefaultBeanContext --   interface java.util.concurrent.ThreadFactory @Named('scheduled') Definition: io.micronaut.scheduling.executor.ExecutorFactory
07:28:42.764 [main] DEBUG io.micronaut.context.DefaultBeanContext --   interface java.util.concurrent.ThreadFactory @Named('io') Definition: io.micronaut.scheduling.executor.ExecutorFactory
07:28:42.764 [main] DEBUG io.micronaut.context.DefaultBeanContext -- Qualifying bean [threadFactory] for qualifier: @Named('io') 
07:28:42.764 [main] DEBUG io.micronaut.context.DefaultBeanContext -- Found concrete candidate [Definition: io.micronaut.scheduling.executor.ExecutorFactory] for type: @Named('io') threadFactory 
07:28:42.765 [main] DEBUG io.micronaut.context.lifecycle -- Created bean [io.micronaut.scheduling.executor.NamedThreadFactory@1feb586d] from definition [Definition: io.micronaut.scheduling.executor.ExecutorFactory] with qualifier [@Named('io')]
07:28:42.765 [main] DEBUG io.micronaut.core.reflect.ClassUtils -- Attempting to dynamically load class io.micronaut.context.annotation.Prototype
07:28:42.765 [main] DEBUG io.micronaut.core.reflect.ClassUtils -- Successfully loaded class io.micronaut.context.annotation.Prototype
07:28:42.765 [main] DEBUG io.micronaut.context.lifecycle -- Created bean [io.micronaut.context.propagation.instrument.execution.ExecutorServiceInstrumenter@611a2d82] from definition [Definition: io.micronaut.context.propagation.instrument.execution.ExecutorServiceInstrumenter] with qualifier [null]
07:28:42.765 [main] DEBUG io.micronaut.context.lifecycle -- Created bean [io.micronaut.context.propagation.instrument.execution.ExecutorServiceInstrumenter$2@75add13c] from definition [Definition: io.micronaut.scheduling.executor.ExecutorFactory] with qualifier [@Named('io')]
07:28:42.765 [main] DEBUG io.micronaut.context.lifecycle -- Created bean [io.micronaut.context.propagation.instrument.execution.ExecutorServiceInstrumenter$2@224d537d] from definition [Definition: io.micronaut.scheduling.executor.IOExecutorServiceConfig] with qualifier [@Named('blocking')]
07:28:42.767 [main] DEBUG io.micronaut.context.lifecycle -- Created bean [io.micronaut.http.server.netty.binders.NettyServerRequestBinderRegistry@153c6603] from definition [Definition: io.micronaut.http.server.netty.binders.NettyServerRequestBinderRegistry] with qualifier [null]
07:28:42.767 [main] DEBUG io.micronaut.context.lifecycle -- Created bean [io.micronaut.http.server.netty.NettyRequestArgumentSatisfier@24e2355c] from definition [Definition: io.micronaut.http.server.netty.NettyRequestArgumentSatisfier] with qualifier [null]
07:28:42.767 [main] DEBUG io.micronaut.context.DefaultBeanContext -- Finding candidate beans for type: ErrorResponseProcessor errorResponseProcessor
07:28:42.768 [main] DEBUG io.micronaut.context.DefaultBeanContext --   class io.micronaut.http.server.exceptions.response.HateoasErrorResponseProcessor @Secondary Definition: io.micronaut.http.server.exceptions.response.HateoasErrorResponseProcessor
07:28:42.768 [main] DEBUG io.micronaut.context.DefaultBeanContext -- Found concrete candidate [Definition: io.micronaut.http.server.exceptions.response.HateoasErrorResponseProcessor] for type: errorResponseProcessor 
07:28:42.768 [main] DEBUG io.micronaut.context.DefaultBeanContext -- Finding candidate beans for type: JsonConfiguration jacksonConfiguration
07:28:42.768 [main] DEBUG io.micronaut.context.DefaultBeanContext --   class io.micronaut.jackson.JacksonConfiguration null Definition: io.micronaut.jackson.JacksonConfiguration
07:28:42.768 [main] DEBUG io.micronaut.context.DefaultBeanContext -- Found concrete candidate [Definition: io.micronaut.jackson.JacksonConfiguration] for type: jacksonConfiguration 
07:28:42.768 [main] DEBUG io.micronaut.context.lifecycle -- Created bean [io.micronaut.http.server.exceptions.response.HateoasErrorResponseProcessor@6408be5] from definition [Definition: io.micronaut.http.server.exceptions.response.HateoasErrorResponseProcessor] with qualifier [@Secondary]
07:28:42.768 [main] DEBUG io.micronaut.context.DefaultBeanContext -- Finding candidate beans for type: CoroutineHelper
07:28:42.768 [main] DEBUG io.micronaut.context.DefaultBeanContext -- No bean candidates found for type: CoroutineHelper
07:28:42.768 [main] DEBUG io.micronaut.context.lifecycle -- Created bean [io.micronaut.http.server.RouteExecutor@1e57b783] from definition [Definition: io.micronaut.http.server.RouteExecutor] with qualifier [null]
07:28:42.768 [main] DEBUG io.micronaut.context.DefaultBeanContext -- Finding candidate beans for type: MediaTypeCodecRegistry mediaTypeCodecRegistry
07:28:42.768 [main] DEBUG io.micronaut.context.DefaultBeanContext --   interface io.micronaut.http.codec.MediaTypeCodecRegistry null Definition: io.micronaut.runtime.http.codec.MediaTypeCodecRegistryFactory
07:28:42.768 [main] DEBUG io.micronaut.context.DefaultBeanContext -- Found concrete candidate [Definition: io.micronaut.runtime.http.codec.MediaTypeCodecRegistryFactory] for type: mediaTypeCodecRegistry 
07:28:42.769 [main] DEBUG io.micronaut.context.DefaultBeanContext -- Finding candidate beans for type: MediaTypeCodecRegistryFactory
07:28:42.769 [main] DEBUG io.micronaut.context.DefaultBeanContext --   class io.micronaut.runtime.http.codec.MediaTypeCodecRegistryFactory null Definition: io.micronaut.runtime.http.codec.MediaTypeCodecRegistryFactory
07:28:42.769 [main] DEBUG io.micronaut.context.DefaultBeanContext -- Found concrete candidate [Definition: io.micronaut.runtime.http.codec.MediaTypeCodecRegistryFactory] for type: mediaTypeCodecRegistryFactory 
07:28:42.769 [main] DEBUG io.micronaut.context.lifecycle -- Created bean [io.micronaut.runtime.http.codec.MediaTypeCodecRegistryFactory@77d54a41] from definition [Definition: io.micronaut.runtime.http.codec.MediaTypeCodecRegistryFactory] with qualifier [null]
07:28:42.769 [main] DEBUG io.micronaut.context.DefaultBeanContext -- Resolving beans for type: io.micronaut.http.codec.MediaTypeCodec
07:28:42.769 [main] DEBUG io.micronaut.context.DefaultBeanContext -- Finding candidate beans for type: MediaTypeCodec E
07:28:42.770 [main] DEBUG io.micronaut.context.DefaultBeanContext --   class io.micronaut.json.codec.JsonMediaTypeCodec @Named('json') Definition: io.micronaut.json.codec.JsonMediaTypeCodec
07:28:42.770 [main] DEBUG io.micronaut.context.DefaultBeanContext --   class io.micronaut.json.codec.JsonStreamMediaTypeCodec null Definition: io.micronaut.json.codec.JsonStreamMediaTypeCodec
07:28:42.770 [main] DEBUG io.micronaut.context.DefaultBeanContext --   class io.micronaut.runtime.http.codec.TextPlainCodec null Definition: io.micronaut.runtime.http.codec.TextPlainCodec
07:28:42.770 [main] DEBUG io.micronaut.context.DefaultBeanContext --   class io.micronaut.http.server.codec.TextStreamCodec null Definition: io.micronaut.http.server.codec.TextStreamCodec
07:28:42.770 [main] DEBUG io.micronaut.context.DefaultBeanContext -- Finding candidate beans for type: BeanProvider jsonCodec
07:28:42.770 [main] DEBUG io.micronaut.context.DefaultBeanContext --   interface io.micronaut.context.BeanProvider null io.micronaut.inject.provider.BeanProviderDefinition@3525cef9
07:28:42.770 [main] DEBUG io.micronaut.context.DefaultBeanContext -- Found concrete candidate [io.micronaut.inject.provider.BeanProviderDefinition@3525cef9] for type: jsonCodec 
07:28:42.770 [main] DEBUG io.micronaut.context.lifecycle -- Created bean [io.micronaut.inject.provider.BeanProviderDefinition$1@2bd2430f] from definition [io.micronaut.inject.provider.BeanProviderDefinition@3525cef9] with qualifier [null]
07:28:42.770 [main] DEBUG io.micronaut.context.DefaultBeanContext -- Finding candidate beans for type: ApplicationConfiguration applicationConfiguration
07:28:42.770 [main] DEBUG io.micronaut.context.DefaultBeanContext --   class io.micronaut.runtime.ApplicationConfiguration null Definition: io.micronaut.runtime.ApplicationConfiguration
07:28:42.770 [main] DEBUG io.micronaut.context.DefaultBeanContext -- Found concrete candidate [Definition: io.micronaut.runtime.ApplicationConfiguration] for type: applicationConfiguration 
07:28:42.770 [main] DEBUG io.micronaut.context.DefaultBeanContext -- Finding candidate beans for type: CodecConfiguration codecConfiguration
07:28:42.770 [main] DEBUG io.micronaut.context.DefaultBeanContext -- No bean candidates found for type: CodecConfiguration codecConfiguration
07:28:42.770 [main] DEBUG io.micronaut.context.lifecycle -- Created bean [io.micronaut.json.codec.JsonMediaTypeCodec@2890e479] from definition [Definition: io.micronaut.json.codec.JsonMediaTypeCodec] with qualifier [@Named('json')]
07:28:42.770 [main] DEBUG io.micronaut.context.DefaultBeanContext -- Found a registration BeanRegistration: io.micronaut.json.codec.JsonMediaTypeCodec@2890e479 for candidate: Definition: io.micronaut.json.codec.JsonMediaTypeCodec with qualifier: null
07:28:42.771 [main] DEBUG io.micronaut.context.lifecycle -- Created bean [io.micronaut.inject.provider.BeanProviderDefinition$1@74e4be21] from definition [io.micronaut.inject.provider.BeanProviderDefinition@3525cef9] with qualifier [null]
07:28:42.771 [main] DEBUG io.micronaut.context.DefaultBeanContext -- Finding candidate beans for type: CodecConfiguration codecConfiguration
07:28:42.771 [main] DEBUG io.micronaut.context.DefaultBeanContext -- No bean candidates found for type: CodecConfiguration codecConfiguration
07:28:42.771 [main] DEBUG io.micronaut.context.lifecycle -- Created bean [io.micronaut.json.codec.JsonStreamMediaTypeCodec@4d174189] from definition [Definition: io.micronaut.json.codec.JsonStreamMediaTypeCodec] with qualifier [null]
07:28:42.771 [main] DEBUG io.micronaut.context.DefaultBeanContext -- Found a registration BeanRegistration: io.micronaut.json.codec.JsonStreamMediaTypeCodec@4d174189 for candidate: Definition: io.micronaut.json.codec.JsonStreamMediaTypeCodec with qualifier: null
07:28:42.773 [main] DEBUG io.micronaut.context.DefaultBeanContext -- Finding candidate beans for type: CodecConfiguration codecConfiguration
07:28:42.773 [main] DEBUG io.micronaut.context.DefaultBeanContext -- No bean candidates found for type: CodecConfiguration codecConfiguration
07:28:42.773 [main] DEBUG io.micronaut.context.lifecycle -- Created bean [io.micronaut.runtime.http.codec.TextPlainCodec@a0e33db] from definition [Definition: io.micronaut.runtime.http.codec.TextPlainCodec] with qualifier [null]
07:28:42.773 [main] DEBUG io.micronaut.context.DefaultBeanContext -- Found a registration BeanRegistration: io.micronaut.runtime.http.codec.TextPlainCodec@a0e33db for candidate: Definition: io.micronaut.runtime.http.codec.TextPlainCodec with qualifier: null
07:28:42.774 [main] DEBUG io.micronaut.context.DefaultBeanContext -- Finding candidate beans for type: ByteBufferFactory byteBufferFactory
07:28:42.774 [main] DEBUG io.micronaut.context.DefaultBeanContext --   class io.micronaut.buffer.netty.NettyByteBufferFactory null Definition: io.micronaut.buffer.netty.NettyByteBufferFactory
07:28:42.774 [main] DEBUG io.micronaut.context.DefaultBeanContext -- Found concrete candidate [Definition: io.micronaut.buffer.netty.NettyByteBufferFactory] for type: byteBufferFactory 
07:28:42.774 [main] DEBUG io.micronaut.context.DefaultBeanContext -- Finding candidate beans for type: BeanProvider codecRegistryProvider
07:28:42.774 [main] DEBUG io.micronaut.context.DefaultBeanContext --   interface io.micronaut.context.BeanProvider null io.micronaut.inject.provider.BeanProviderDefinition@3525cef9
07:28:42.774 [main] DEBUG io.micronaut.context.DefaultBeanContext -- Found concrete candidate [io.micronaut.inject.provider.BeanProviderDefinition@3525cef9] for type: codecRegistryProvider 
07:28:42.774 [main] DEBUG io.micronaut.context.lifecycle -- Created bean [io.micronaut.inject.provider.BeanProviderDefinition$1@40b54762] from definition [io.micronaut.inject.provider.BeanProviderDefinition@3525cef9] with qualifier [null]
07:28:42.774 [main] DEBUG io.micronaut.context.DefaultBeanContext -- Finding candidate beans for type: CodecConfiguration codecConfiguration
07:28:42.774 [main] DEBUG io.micronaut.context.DefaultBeanContext -- No bean candidates found for type: CodecConfiguration codecConfiguration
07:28:42.774 [main] DEBUG io.micronaut.context.lifecycle -- Created bean [io.micronaut.http.server.codec.TextStreamCodec@362cf66] from definition [Definition: io.micronaut.http.server.codec.TextStreamCodec] with qualifier [null]
07:28:42.774 [main] DEBUG io.micronaut.context.DefaultBeanContext -- Found a registration BeanRegistration: io.micronaut.http.server.codec.TextStreamCodec@362cf66 for candidate: Definition: io.micronaut.http.server.codec.TextStreamCodec with qualifier: null
07:28:42.774 [main] DEBUG io.micronaut.context.lifecycle -- Created bean [io.micronaut.http.codec.DefaultMediaTypeCodecRegistry@1ab268bd] from definition [Definition: io.micronaut.runtime.http.codec.MediaTypeCodecRegistryFactory] with qualifier [null]
07:28:42.774 [main] DEBUG io.micronaut.context.DefaultBeanContext -- Finding candidate beans for type: StaticResourceResolver staticResourceResolver
07:28:42.775 [main] DEBUG io.micronaut.context.DefaultBeanContext --   class io.micronaut.web.router.resource.StaticResourceResolver null Definition: io.micronaut.web.router.resource.StaticResourceResolverFactory
07:28:42.775 [main] DEBUG io.micronaut.context.DefaultBeanContext -- Found concrete candidate [Definition: io.micronaut.web.router.resource.StaticResourceResolverFactory] for type: staticResourceResolver 
07:28:42.775 [main] DEBUG io.micronaut.context.DefaultBeanContext -- Finding candidate beans for type: StaticResourceResolverFactory
07:28:42.775 [main] DEBUG io.micronaut.context.DefaultBeanContext --   class io.micronaut.web.router.resource.StaticResourceResolverFactory null Definition: io.micronaut.web.router.resource.StaticResourceResolverFactory
07:28:42.775 [main] DEBUG io.micronaut.context.DefaultBeanContext -- Found concrete candidate [Definition: io.micronaut.web.router.resource.StaticResourceResolverFactory] for type: staticResourceResolverFactory 
07:28:42.775 [main] DEBUG io.micronaut.context.lifecycle -- Created bean [io.micronaut.web.router.resource.StaticResourceResolverFactory@3815a7d1] from definition [Definition: io.micronaut.web.router.resource.StaticResourceResolverFactory] with qualifier [null]
07:28:42.775 [main] DEBUG io.micronaut.context.DefaultBeanContext -- Resolving beans for type: io.micronaut.web.router.resource.StaticResourceConfiguration
07:28:42.775 [main] DEBUG io.micronaut.context.DefaultBeanContext -- Finding candidate beans for type: StaticResourceConfiguration E
07:28:42.775 [main] DEBUG io.micronaut.context.DefaultBeanContext -- No bean candidates found for type: StaticResourceConfiguration E
07:28:42.776 [main] DEBUG io.micronaut.context.lifecycle -- Created bean [io.micronaut.web.router.resource.StaticResourceResolver$1@783dc0e7] from definition [Definition: io.micronaut.web.router.resource.StaticResourceResolverFactory] with qualifier [null]
07:28:42.776 [main] DEBUG io.micronaut.context.DefaultBeanContext -- Finding candidate beans for type: ThreadFactory nettyThreadFactory
07:28:42.776 [main] DEBUG io.micronaut.context.DefaultBeanContext -- Finding candidate beans for type: ExecutorConfiguration
07:28:42.776 [main] DEBUG io.micronaut.context.DefaultBeanContext --   interface io.micronaut.scheduling.executor.ExecutorConfiguration @Named('io') Definition: io.micronaut.scheduling.executor.IOExecutorServiceConfig
07:28:42.776 [main] DEBUG io.micronaut.context.DefaultBeanContext --   interface io.micronaut.scheduling.executor.ExecutorConfiguration @Named('scheduled') Definition: io.micronaut.scheduling.executor.ScheduledExecutorServiceConfig
07:28:42.776 [main] DEBUG io.micronaut.context.DefaultBeanContext --   interface java.util.concurrent.ThreadFactory null Definition: io.micronaut.scheduling.executor.DefaultThreadFactory
07:28:42.776 [main] DEBUG io.micronaut.context.DefaultBeanContext --   interface java.util.concurrent.ThreadFactory @Named('netty') Definition: io.micronaut.http.netty.channel.NettyThreadFactory
07:28:42.776 [main] DEBUG io.micronaut.context.DefaultBeanContext --   interface java.util.concurrent.ThreadFactory @Named('scheduled') Definition: io.micronaut.scheduling.executor.ExecutorFactory
07:28:42.776 [main] DEBUG io.micronaut.context.DefaultBeanContext --   interface java.util.concurrent.ThreadFactory @Named('io') Definition: io.micronaut.scheduling.executor.ExecutorFactory
07:28:42.776 [main] DEBUG io.micronaut.context.DefaultBeanContext -- Qualifying bean [nettyThreadFactory] for qualifier: @Named('netty') 
07:28:42.776 [main] DEBUG io.micronaut.context.DefaultBeanContext -- Found concrete candidate [Definition: io.micronaut.http.netty.channel.NettyThreadFactory] for type: @Named('netty') nettyThreadFactory 
07:28:42.776 [main] DEBUG io.micronaut.context.DefaultBeanContext -- Finding candidate beans for type: NettyThreadFactory
07:28:42.776 [main] DEBUG io.micronaut.context.DefaultBeanContext --   class io.micronaut.http.netty.channel.NettyThreadFactory null Definition: io.micronaut.http.netty.channel.NettyThreadFactory
07:28:42.776 [main] DEBUG io.micronaut.context.DefaultBeanContext -- Found concrete candidate [Definition: io.micronaut.http.netty.channel.NettyThreadFactory] for type: nettyThreadFactory 
07:28:42.776 [main] DEBUG io.micronaut.context.lifecycle -- Created bean [io.micronaut.http.netty.channel.NettyThreadFactory@722b3ba2] from definition [Definition: io.micronaut.http.netty.channel.NettyThreadFactory] with qualifier [null]
07:28:42.779 [main] DEBUG io.netty.util.internal.logging.InternalLoggerFactory -- Using SLF4J as the default logging framework
07:28:42.781 [main] DEBUG io.micronaut.context.lifecycle -- Created bean [io.netty.util.concurrent.DefaultThreadFactory@492fa72a] from definition [Definition: io.micronaut.http.netty.channel.NettyThreadFactory] with qualifier [@Named('netty')]
07:28:42.781 [main] DEBUG io.micronaut.context.DefaultBeanContext -- Finding candidate beans for type: HttpCompressionStrategy httpCompressionStrategy
07:28:42.781 [main] DEBUG io.micronaut.context.DefaultBeanContext --   class io.micronaut.http.server.netty.DefaultHttpCompressionStrategy null Definition: io.micronaut.http.server.netty.DefaultHttpCompressionStrategy
07:28:42.781 [main] DEBUG io.micronaut.context.DefaultBeanContext -- Found concrete candidate [Definition: io.micronaut.http.server.netty.DefaultHttpCompressionStrategy] for type: httpCompressionStrategy 
07:28:42.781 [main] DEBUG io.micronaut.context.DefaultBeanContext -- Finding candidate beans for type: NettyHttpServerConfiguration serverConfiguration
07:28:42.781 [main] DEBUG io.micronaut.context.DefaultBeanContext --   class io.micronaut.http.server.netty.configuration.NettyHttpServerConfiguration null Definition: io.micronaut.http.server.netty.configuration.NettyHttpServerConfiguration
07:28:42.781 [main] DEBUG io.micronaut.context.DefaultBeanContext -- Found concrete candidate [Definition: io.micronaut.http.server.netty.configuration.NettyHttpServerConfiguration] for type: serverConfiguration 
07:28:42.781 [main] DEBUG io.micronaut.context.lifecycle -- Created bean [io.micronaut.http.server.netty.DefaultHttpCompressionStrategy@7323dce7] from definition [Definition: io.micronaut.http.server.netty.DefaultHttpCompressionStrategy] with qualifier [null]
07:28:42.781 [main] DEBUG io.micronaut.context.DefaultBeanContext -- Finding candidate beans for type: EventLoopGroupFactory eventLoopGroupFactory
07:28:42.782 [main] DEBUG io.micronaut.context.DefaultBeanContext --   class io.micronaut.http.netty.channel.NioEventLoopGroupFactory null Definition: io.micronaut.http.netty.channel.NioEventLoopGroupFactory
07:28:42.782 [main] DEBUG io.micronaut.context.DefaultBeanContext --   class io.micronaut.http.netty.channel.DefaultEventLoopGroupFactory null Definition: io.micronaut.http.netty.channel.DefaultEventLoopGroupFactory
07:28:42.782 [main] DEBUG io.micronaut.context.DefaultBeanContext -- Searching for @Primary for type [eventLoopGroupFactory] from candidates: [Definition: io.micronaut.http.netty.channel.NioEventLoopGroupFactory, Definition: io.micronaut.http.netty.channel.DefaultEventLoopGroupFactory] 
07:28:42.782 [main] DEBUG io.micronaut.context.DefaultBeanContext -- Found concrete candidate [Definition: io.micronaut.http.netty.channel.DefaultEventLoopGroupFactory] for type: eventLoopGroupFactory 
07:28:42.782 [main] DEBUG io.micronaut.context.DefaultBeanContext -- Finding candidate beans for type: NioEventLoopGroupFactory nioEventLoopGroupFactory
07:28:42.782 [main] DEBUG io.micronaut.context.DefaultBeanContext --   class io.micronaut.http.netty.channel.NioEventLoopGroupFactory null Definition: io.micronaut.http.netty.channel.NioEventLoopGroupFactory
07:28:42.782 [main] DEBUG io.micronaut.context.DefaultBeanContext -- Found concrete candidate [Definition: io.micronaut.http.netty.channel.NioEventLoopGroupFactory] for type: nioEventLoopGroupFactory 
07:28:42.782 [main] DEBUG io.micronaut.context.lifecycle -- Created bean [io.micronaut.http.netty.channel.NioEventLoopGroupFactory@74f649a7] from definition [Definition: io.micronaut.http.netty.channel.NioEventLoopGroupFactory] with qualifier [null]
07:28:42.782 [main] DEBUG io.micronaut.context.DefaultBeanContext -- Finding candidate beans for type: EventLoopGroupFactory nativeFactory
07:28:42.782 [main] DEBUG io.micronaut.context.DefaultBeanContext --   class io.micronaut.http.netty.channel.NioEventLoopGroupFactory null Definition: io.micronaut.http.netty.channel.NioEventLoopGroupFactory
07:28:42.782 [main] DEBUG io.micronaut.context.DefaultBeanContext --   class io.micronaut.http.netty.channel.DefaultEventLoopGroupFactory null Definition: io.micronaut.http.netty.channel.DefaultEventLoopGroupFactory
07:28:42.782 [main] DEBUG io.micronaut.context.DefaultBeanContext -- Qualifying bean [nativeFactory] for qualifier: @Named('native') 
07:28:42.782 [main] DEBUG io.micronaut.context.DefaultBeanContext -- No qualifying beans of type [nativeFactory] found for qualifier: @Named('native') 
07:28:42.783 [main] DEBUG io.micronaut.context.DefaultBeanContext -- Finding candidate beans for type: NettyGlobalConfiguration nettyGlobalConfiguration
07:28:42.783 [main] DEBUG io.micronaut.context.DefaultBeanContext --   class io.micronaut.http.netty.configuration.NettyGlobalConfiguration null Definition: io.micronaut.http.netty.configuration.NettyGlobalConfiguration
07:28:42.783 [main] DEBUG io.micronaut.context.DefaultBeanContext -- Found concrete candidate [Definition: io.micronaut.http.netty.configuration.NettyGlobalConfiguration] for type: nettyGlobalConfiguration 
07:28:42.783 [main] DEBUG io.micronaut.context.lifecycle -- Created bean [io.micronaut.http.netty.configuration.NettyGlobalConfiguration@1e482ecd] from definition [Definition: io.micronaut.http.netty.configuration.NettyGlobalConfiguration] with qualifier [null]
07:28:42.784 [main] DEBUG io.netty.util.ResourceLeakDetector -- -Dio.netty.leakDetection.level: simple
07:28:42.784 [main] DEBUG io.netty.util.ResourceLeakDetector -- -Dio.netty.leakDetection.targetRecords: 4
07:28:42.786 [main] DEBUG io.micronaut.context.lifecycle -- Created bean [io.micronaut.http.netty.channel.DefaultEventLoopGroupFactory@31443680] from definition [Definition: io.micronaut.http.netty.channel.DefaultEventLoopGroupFactory] with qualifier [null]
07:28:42.786 [main] DEBUG io.micronaut.context.DefaultBeanContext -- Finding candidate beans for type: EventLoopGroupRegistry eventLoopGroupRegistry
07:28:42.786 [main] DEBUG io.micronaut.context.DefaultBeanContext --   class io.micronaut.http.netty.channel.DefaultEventLoopGroupRegistry null Definition: io.micronaut.http.netty.channel.DefaultEventLoopGroupRegistry
07:28:42.786 [main] DEBUG io.micronaut.context.DefaultBeanContext -- Found concrete candidate [Definition: io.micronaut.http.netty.channel.DefaultEventLoopGroupRegistry] for type: eventLoopGroupRegistry 
07:28:42.787 [main] DEBUG io.micronaut.context.lifecycle -- Created bean [io.micronaut.http.netty.channel.DefaultEventLoopGroupRegistry@1818390b] from definition [Definition: io.micronaut.http.netty.channel.DefaultEventLoopGroupRegistry] with qualifier [null]
07:28:42.787 [main] DEBUG io.micronaut.context.DefaultBeanContext -- Finding candidate beans for type: WebSocketUpgradeHandlerFactory webSocketUpgradeHandlerFactory
07:28:42.787 [main] DEBUG io.micronaut.context.DefaultBeanContext --   class io.micronaut.http.server.netty.websocket.WebSocketUpgradeHandlerFactory null Definition: io.micronaut.http.server.netty.websocket.WebSocketUpgradeHandlerFactory
07:28:42.787 [main] DEBUG io.micronaut.context.DefaultBeanContext -- Found concrete candidate [Definition: io.micronaut.http.server.netty.websocket.WebSocketUpgradeHandlerFactory] for type: webSocketUpgradeHandlerFactory 
07:28:42.787 [main] DEBUG io.micronaut.context.lifecycle -- Created bean [io.micronaut.http.server.netty.websocket.WebSocketUpgradeHandlerFactory@31b650e9] from definition [Definition: io.micronaut.http.server.netty.websocket.WebSocketUpgradeHandlerFactory] with qualifier [null]
07:28:42.787 [main] DEBUG io.micronaut.context.DefaultBeanContext -- Finding candidate beans for type: ChannelOptionFactory channelOptionFactory
07:28:42.787 [main] DEBUG io.micronaut.context.DefaultBeanContext -- Finding candidate beans for type: EpollChannelOptionFactory
07:28:42.787 [main] DEBUG io.micronaut.context.DefaultBeanContext -- No bean candidates found for type: EpollChannelOptionFactory
07:28:42.787 [main] DEBUG io.micronaut.context.DefaultBeanContext -- Finding candidate beans for type: KQueueChannelOptionFactory
07:28:42.787 [main] DEBUG io.micronaut.context.DefaultBeanContext -- No bean candidates found for type: KQueueChannelOptionFactory
07:28:42.787 [main] DEBUG io.micronaut.context.DefaultBeanContext --   class io.micronaut.http.netty.channel.converters.DefaultChannelOptionFactory null Definition: io.micronaut.http.netty.channel.converters.DefaultChannelOptionFactory
07:28:42.787 [main] DEBUG io.micronaut.context.DefaultBeanContext -- Found concrete candidate [Definition: io.micronaut.http.netty.channel.converters.DefaultChannelOptionFactory] for type: channelOptionFactory 
07:28:42.788 [main] DEBUG io.micronaut.context.lifecycle -- Created bean [io.micronaut.http.netty.channel.converters.DefaultChannelOptionFactory@93fb44] from definition [Definition: io.micronaut.http.netty.channel.converters.DefaultChannelOptionFactory] with qualifier [null]
07:28:42.788 [main] DEBUG io.micronaut.context.DefaultBeanContext -- Finding candidate beans for type: ServerSslBuilder serverSslBuilder
07:28:42.788 [main] DEBUG io.micronaut.context.condition.Condition -- Bean [Definition: io.micronaut.http.server.netty.ssl.SelfSignedSslBuilder] will not be loaded due to failing conditions:
07:28:42.788 [main] DEBUG io.micronaut.context.condition.Condition -- * Neither the old deprecated micronaut.ssl.build-self-signed, nor the new micronaut.server.ssl.build-self-signed were enabled.
07:28:42.788 [main] DEBUG io.micronaut.context.condition.Condition -- * Custom condition [class io.micronaut.http.server.netty.ssl.SslEnabledCondition] failed evaluation
07:28:42.788 [main] DEBUG io.micronaut.context.DefaultBeanContext -- No bean candidates found for type: ServerSslBuilder serverSslBuilder
07:28:42.788 [main] DEBUG io.micronaut.context.DefaultBeanContext -- Resolving beans for type: io.netty.channel.ChannelOutboundHandler
07:28:42.788 [main] DEBUG io.micronaut.context.DefaultBeanContext -- Finding candidate beans for type: ChannelOutboundHandler E
07:28:42.788 [main] DEBUG io.micronaut.context.DefaultBeanContext -- No bean candidates found for type: ChannelOutboundHandler E
07:28:42.788 [main] DEBUG io.micronaut.context.lifecycle -- Created bean [io.micronaut.http.server.netty.DefaultNettyEmbeddedServerFactory@1bea7b0] from definition [Definition: io.micronaut.http.server.netty.DefaultNettyEmbeddedServerFactory] with qualifier [null]
07:28:42.793 [main] DEBUG io.netty.util.concurrent.GlobalEventExecutor -- -Dio.netty.globalEventExecutor.quietPeriodSeconds: 1
07:28:42.797 [main] DEBUG io.netty.util.internal.InternalThreadLocalMap -- -Dio.netty.threadLocalMap.stringBuilder.initialSize: 1024
07:28:42.797 [main] DEBUG io.netty.util.internal.InternalThreadLocalMap -- -Dio.netty.threadLocalMap.stringBuilder.maxSize: 4096
07:28:42.808 [main] DEBUG io.netty.util.internal.PlatformDependent0 -- -Dio.netty.noUnsafe: false
07:28:42.808 [main] DEBUG io.netty.util.internal.PlatformDependent0 -- Java version: 17
07:28:42.809 [main] DEBUG io.netty.util.internal.PlatformDependent0 -- sun.misc.Unsafe.theUnsafe: available
07:28:42.809 [main] DEBUG io.netty.util.internal.PlatformDependent0 -- sun.misc.Unsafe.copyMemory: available
07:28:42.810 [main] DEBUG io.netty.util.internal.PlatformDependent0 -- sun.misc.Unsafe.storeFence: available
07:28:42.810 [main] DEBUG io.netty.util.internal.PlatformDependent0 -- java.nio.Buffer.address: available
07:28:42.810 [main] DEBUG io.netty.util.internal.PlatformDependent0 -- direct buffer constructor: unavailable: Reflective setAccessible(true) disabled
07:28:42.811 [main] DEBUG io.netty.util.internal.PlatformDependent0 -- java.nio.Bits.unaligned: available, true
07:28:42.812 [main] DEBUG io.netty.util.internal.PlatformDependent0 -- jdk.internal.misc.Unsafe.allocateUninitializedArray(int): unavailable: class io.netty.util.internal.PlatformDependent0$7 cannot access class jdk.internal.misc.Unsafe (in module java.base) because module java.base does not export jdk.internal.misc to unnamed module @563cf05e
07:28:42.812 [main] DEBUG io.netty.util.internal.PlatformDependent0 -- java.nio.DirectByteBuffer.<init>(long, {int,long}): unavailable
07:28:42.812 [main] DEBUG io.netty.util.internal.PlatformDependent -- sun.misc.Unsafe: available
07:28:42.812 [main] DEBUG io.netty.util.internal.PlatformDependent -- -Dio.netty.tmpdir: /tmp (java.io.tmpdir)
07:28:42.812 [main] DEBUG io.netty.util.internal.PlatformDependent -- -Dio.netty.bitMode: 64 (sun.arch.data.model)
07:28:42.813 [main] DEBUG io.netty.util.internal.PlatformDependent -- -Dio.netty.maxDirectMemory: -1 bytes
07:28:42.813 [main] DEBUG io.netty.util.internal.PlatformDependent -- -Dio.netty.uninitializedArrayAllocationThreshold: -1
07:28:42.813 [main] DEBUG io.netty.util.internal.CleanerJava9 -- java.nio.ByteBuffer.cleaner(): available
07:28:42.813 [main] DEBUG io.netty.util.internal.PlatformDependent -- -Dio.netty.noPreferDirect: false
07:28:42.816 [main] DEBUG io.micronaut.context.DefaultBeanContext -- Finding candidate beans for type: ApplicationEventPublisher
07:28:42.817 [main] DEBUG io.micronaut.context.DefaultBeanContext --   interface io.micronaut.context.event.ApplicationEventPublisher null io.micronaut.context.event.ApplicationEventPublisherFactory@3c389f3b
07:28:42.817 [main] DEBUG io.micronaut.context.DefaultBeanContext -- Found concrete candidate [io.micronaut.context.event.ApplicationEventPublisherFactory@3c389f3b] for type: applicationEventPublisher 
07:28:42.817 [main] DEBUG io.micronaut.context.lifecycle -- Created bean [io.micronaut.context.event.ApplicationEventPublisherFactory$2@774c5e5c] from definition [io.micronaut.context.event.ApplicationEventPublisherFactory@3c389f3b] with qualifier [null]
07:28:42.824 [main] DEBUG io.micronaut.context.lifecycle -- Created bean [io.micronaut.http.server.netty.NettyHttpServer@46d69ca4] from definition [Definition: io.micronaut.http.server.netty.DefaultNettyEmbeddedServerFactory] with qualifier [null]
07:28:42.824 [main] DEBUG io.micronaut.context.DefaultBeanContext -- Finding candidate beans for type: EventLoopGroupConfiguration
07:28:42.825 [main] DEBUG io.micronaut.context.DefaultBeanContext --   class io.micronaut.http.server.netty.configuration.NettyHttpServerConfiguration$Parent @Named('netty-server-parent-event-loop') Definition: io.micronaut.http.server.netty.configuration.NettyHttpServerConfiguration$Parent
07:28:42.825 [main] DEBUG io.micronaut.context.DefaultBeanContext --   class io.micronaut.http.server.netty.configuration.NettyHttpServerConfiguration$Worker @Named('netty-server-worker-event-loop') Definition: io.micronaut.http.server.netty.configuration.NettyHttpServerConfiguration$Worker
07:28:42.825 [main] DEBUG io.micronaut.context.DefaultBeanContext -- Qualifying bean [eventLoopGroupConfiguration] for qualifier: @Named('default') 
07:28:42.825 [main] DEBUG io.micronaut.context.DefaultBeanContext -- No qualifying beans of type [eventLoopGroupConfiguration] found for qualifier: @Named('default') 
07:28:42.825 [main] DEBUG io.micronaut.context.DefaultBeanContext -- Finding candidate beans for type: EventLoopGroup
07:28:42.826 [main] DEBUG io.micronaut.context.DefaultBeanContext -- Finding candidate beans for type: EventLoopGroupConfiguration
07:28:42.826 [main] DEBUG io.micronaut.context.DefaultBeanContext --   class io.micronaut.http.server.netty.configuration.NettyHttpServerConfiguration$Parent @Named('netty-server-parent-event-loop') Definition: io.micronaut.http.server.netty.configuration.NettyHttpServerConfiguration$Parent
07:28:42.826 [main] DEBUG io.micronaut.context.DefaultBeanContext --   class io.micronaut.http.server.netty.configuration.NettyHttpServerConfiguration$Worker @Named('netty-server-worker-event-loop') Definition: io.micronaut.http.server.netty.configuration.NettyHttpServerConfiguration$Worker
07:28:42.826 [main] DEBUG io.micronaut.context.DefaultBeanContext --   interface io.netty.channel.EventLoopGroup @Named('netty-server-worker-event-loop') Definition: io.micronaut.http.netty.channel.DefaultEventLoopGroupRegistry
07:28:42.826 [main] DEBUG io.micronaut.context.DefaultBeanContext --   interface io.netty.channel.EventLoopGroup null Definition: io.micronaut.http.netty.channel.DefaultEventLoopGroupRegistry
07:28:42.826 [main] DEBUG io.micronaut.context.DefaultBeanContext --   interface io.netty.channel.EventLoopGroup @Named('netty-server-parent-event-loop') Definition: io.micronaut.http.netty.channel.DefaultEventLoopGroupRegistry
07:28:42.826 [main] DEBUG io.micronaut.context.DefaultBeanContext -- Searching for @Primary for type [eventLoopGroup] from candidates: [Definition: io.micronaut.http.netty.channel.DefaultEventLoopGroupRegistry, Definition: io.micronaut.http.netty.channel.DefaultEventLoopGroupRegistry, Definition: io.micronaut.http.netty.channel.DefaultEventLoopGroupRegistry] 
07:28:42.826 [main] DEBUG io.micronaut.context.DefaultBeanContext -- Found concrete candidate [Definition: io.micronaut.http.netty.channel.DefaultEventLoopGroupRegistry] for type: eventLoopGroup 
07:28:42.826 [main] DEBUG io.micronaut.context.DefaultBeanContext -- Finding candidate beans for type: DefaultEventLoopGroupRegistry
07:28:42.826 [main] DEBUG io.micronaut.context.DefaultBeanContext --   class io.micronaut.http.netty.channel.DefaultEventLoopGroupRegistry null Definition: io.micronaut.http.netty.channel.DefaultEventLoopGroupRegistry
07:28:42.826 [main] DEBUG io.micronaut.context.DefaultBeanContext -- Found concrete candidate [Definition: io.micronaut.http.netty.channel.DefaultEventLoopGroupRegistry] for type: defaultEventLoopGroupRegistry 
07:28:42.828 [main] DEBUG io.netty.channel.MultithreadEventLoopGroup -- -Dio.netty.eventLoopThreads: 8
07:28:42.835 [main] DEBUG io.netty.channel.nio.NioEventLoop -- -Dio.netty.noKeySetOptimization: false
07:28:42.835 [main] DEBUG io.netty.channel.nio.NioEventLoop -- -Dio.netty.selectorAutoRebuildThreshold: 512
07:28:42.840 [main] DEBUG io.netty.util.internal.PlatformDependent -- org.jctools-core.MpscChunkedArrayQueue: available
07:28:42.844 [main] DEBUG io.micronaut.context.lifecycle -- Created bean [io.netty.channel.nio.NioEventLoopGroup@5018b56b] from definition [Definition: io.micronaut.http.netty.channel.DefaultEventLoopGroupRegistry] with qualifier [null]
07:28:42.844 [main] DEBUG io.micronaut.context.DefaultBeanContext -- Finding candidate beans for type: EventLoopGroup
07:28:42.845 [main] DEBUG io.micronaut.context.DefaultBeanContext -- Finding candidate beans for type: EventLoopGroupConfiguration
07:28:42.846 [main] DEBUG io.micronaut.context.DefaultBeanContext --   class io.micronaut.http.server.netty.configuration.NettyHttpServerConfiguration$Parent @Named('netty-server-parent-event-loop') Definition: io.micronaut.http.server.netty.configuration.NettyHttpServerConfiguration$Parent
07:28:42.846 [main] DEBUG io.micronaut.context.DefaultBeanContext --   class io.micronaut.http.server.netty.configuration.NettyHttpServerConfiguration$Worker @Named('netty-server-worker-event-loop') Definition: io.micronaut.http.server.netty.configuration.NettyHttpServerConfiguration$Worker
07:28:42.850 [main] DEBUG io.micronaut.context.DefaultBeanContext --   interface io.netty.channel.EventLoopGroup @Named('netty-server-worker-event-loop') Definition: io.micronaut.http.netty.channel.DefaultEventLoopGroupRegistry
07:28:42.850 [main] DEBUG io.micronaut.context.DefaultBeanContext --   interface io.netty.channel.EventLoopGroup null Definition: io.micronaut.http.netty.channel.DefaultEventLoopGroupRegistry
07:28:42.850 [main] DEBUG io.micronaut.context.DefaultBeanContext --   interface io.netty.channel.EventLoopGroup @Named('netty-server-parent-event-loop') Definition: io.micronaut.http.netty.channel.DefaultEventLoopGroupRegistry
07:28:42.851 [main] DEBUG io.micronaut.context.DefaultBeanContext -- Qualifying bean [eventLoopGroup] for qualifier: @Named('parent') 
07:28:42.851 [main] DEBUG io.micronaut.context.DefaultBeanContext -- No qualifying beans of type [eventLoopGroup] found for qualifier: @Named('parent') 
07:28:42.868 [main] DEBUG io.netty.channel.DefaultChannelId -- -Dio.netty.processId: 4999 (auto-detected)
07:28:42.869 [main] DEBUG io.netty.util.NetUtil -- -Djava.net.preferIPv4Stack: false
07:28:42.869 [main] DEBUG io.netty.util.NetUtil -- -Djava.net.preferIPv6Addresses: false
07:28:42.870 [main] DEBUG io.netty.util.NetUtilInitializations -- Loopback interface: lo (lo, 0:0:0:0:0:0:0:1%lo)
07:28:42.870 [main] DEBUG io.netty.util.NetUtil -- /proc/sys/net/core/somaxconn: 4096
07:28:42.871 [main] DEBUG io.netty.channel.DefaultChannelId -- -Dio.netty.machineId: 60:45:bd:ff:fe:c0:8c:df (auto-detected)
07:28:42.886 [main] DEBUG io.netty.buffer.PooledByteBufAllocator -- -Dio.netty.allocator.numHeapArenas: 8
07:28:42.886 [main] DEBUG io.netty.buffer.PooledByteBufAllocator -- -Dio.netty.allocator.numDirectArenas: 8
07:28:42.886 [main] DEBUG io.netty.buffer.PooledByteBufAllocator -- -Dio.netty.allocator.pageSize: 8192
07:28:42.886 [main] DEBUG io.netty.buffer.PooledByteBufAllocator -- -Dio.netty.allocator.maxOrder: 3
07:28:42.886 [main] DEBUG io.netty.buffer.PooledByteBufAllocator -- -Dio.netty.allocator.chunkSize: 65536
07:28:42.886 [main] DEBUG io.netty.buffer.PooledByteBufAllocator -- -Dio.netty.allocator.smallCacheSize: 256
07:28:42.886 [main] DEBUG io.netty.buffer.PooledByteBufAllocator -- -Dio.netty.allocator.normalCacheSize: 64
07:28:42.886 [main] DEBUG io.netty.buffer.PooledByteBufAllocator -- -Dio.netty.allocator.maxCachedBufferCapacity: 32768
07:28:42.886 [main] DEBUG io.netty.buffer.PooledByteBufAllocator -- -Dio.netty.allocator.cacheTrimInterval: 8192
07:28:42.886 [main] DEBUG io.netty.buffer.PooledByteBufAllocator -- -Dio.netty.allocator.cacheTrimIntervalMillis: 0
07:28:42.886 [main] DEBUG io.netty.buffer.PooledByteBufAllocator -- -Dio.netty.allocator.useCacheForAllThreads: false
07:28:42.886 [main] DEBUG io.netty.buffer.PooledByteBufAllocator -- -Dio.netty.allocator.maxCachedByteBuffersPerChunk: 1023
07:28:42.892 [main] DEBUG io.netty.buffer.ByteBufUtil -- -Dio.netty.allocator.type: pooled
07:28:42.892 [main] DEBUG io.netty.buffer.ByteBufUtil -- -Dio.netty.threadLocalDirectBufferSize: 0
07:28:42.892 [main] DEBUG io.netty.buffer.ByteBufUtil -- -Dio.netty.maxThreadLocalCharBufferSize: 16384
07:28:42.892 [main] DEBUG io.netty.bootstrap.ChannelInitializerExtensions -- -Dio.netty.bootstrap.extensions: null
07:28:42.899 [main] DEBUG io.micronaut.context.DefaultBeanContext -- Finding candidate beans for type: ApplicationEventPublisher
07:28:42.899 [main] DEBUG io.micronaut.context.DefaultBeanContext --   interface io.micronaut.context.event.ApplicationEventPublisher null io.micronaut.context.event.ApplicationEventPublisherFactory@3c389f3b
07:28:42.899 [main] DEBUG io.micronaut.context.DefaultBeanContext -- Found concrete candidate [io.micronaut.context.event.ApplicationEventPublisherFactory@3c389f3b] for type: applicationEventPublisher 
07:28:42.899 [main] DEBUG io.micronaut.context.lifecycle -- Created bean [io.micronaut.context.event.ApplicationEventPublisherFactory$2@b3004e] from definition [io.micronaut.context.event.ApplicationEventPublisherFactory@3c389f3b] with qualifier [null]
07:28:42.899 [main] DEBUG io.micronaut.context.event.ApplicationEventPublisher -- Publishing event: io.micronaut.runtime.server.event.ServerStartupEvent[source=io.micronaut.http.server.netty.NettyHttpServer@46d69ca4]
07:28:42.899 [main] DEBUG io.micronaut.context.DefaultBeanContext -- Resolving beans for type: <ServerStartupEvent> io.micronaut.context.event.ApplicationEventListener 
07:28:42.902 [main] DEBUG io.micronaut.context.DefaultBeanContext -- Resolving beans for type: @InterceptorBinding(NONE) io.micronaut.aop.Interceptor 
07:28:42.902 [main] DEBUG io.micronaut.context.DefaultBeanContext -- Finding candidate beans for type: Interceptor T
07:28:42.906 [main] DEBUG io.micronaut.context.DefaultBeanContext --   class io.micronaut.http.client.interceptor.HttpClientIntroductionAdvice null Definition: io.micronaut.http.client.interceptor.HttpClientIntroductionAdvice
07:28:42.906 [main] DEBUG io.micronaut.context.DefaultBeanContext --   class io.micronaut.data.runtime.intercept.DataIntroductionAdvice null Definition: io.micronaut.data.runtime.intercept.DataIntroductionAdvice
07:28:42.906 [main] DEBUG io.micronaut.context.DefaultBeanContext --   class io.micronaut.transaction.interceptor.TransactionalInterceptor null Definition: io.micronaut.transaction.interceptor.TransactionalInterceptor
07:28:42.906 [main] DEBUG io.micronaut.context.DefaultBeanContext --   class io.micronaut.configuration.hibernate.jpa.proxy.IntroducedHibernateProxyAdvice null Definition: io.micronaut.configuration.hibernate.jpa.proxy.IntroducedHibernateProxyAdvice
07:28:42.906 [main] DEBUG io.micronaut.context.DefaultBeanContext --   class io.micronaut.runtime.beans.MapperIntroduction null Definition: io.micronaut.runtime.beans.MapperIntroduction
07:28:42.906 [main] DEBUG io.micronaut.context.DefaultBeanContext --   class io.micronaut.data.connection.interceptor.ConnectableInterceptor null Definition: io.micronaut.data.connection.interceptor.ConnectableInterceptor
07:28:42.906 [main] DEBUG io.micronaut.context.DefaultBeanContext --   class io.micronaut.configuration.hibernate.jpa.TransactionalSessionInterceptor null Definition: io.micronaut.configuration.hibernate.jpa.TransactionalSessionInterceptor
07:28:42.906 [main] DEBUG io.micronaut.context.DefaultBeanContext --   class io.micronaut.transaction.interceptor.TransactionalEventInterceptor null Definition: io.micronaut.transaction.interceptor.TransactionalEventInterceptor
07:28:42.906 [main] DEBUG io.micronaut.context.DefaultBeanContext --   class io.micronaut.data.connection.jdbc.advice.ContextualConnectionInterceptor null Definition: io.micronaut.data.connection.jdbc.advice.ContextualConnectionInterceptor
07:28:42.906 [main] DEBUG io.micronaut.context.DefaultBeanContext --   class io.micronaut.scheduling.async.AsyncInterceptor null Definition: io.micronaut.scheduling.async.AsyncInterceptor
07:28:42.906 [main] DEBUG io.micronaut.context.DefaultBeanContext --   class io.micronaut.validation.ValidatingInterceptor null Definition: io.micronaut.validation.ValidatingInterceptor
07:28:42.906 [main] DEBUG io.micronaut.context.DefaultBeanContext --   class io.micronaut.websocket.interceptor.ClientWebSocketInterceptor null Definition: io.micronaut.websocket.interceptor.ClientWebSocketInterceptor
07:28:42.906 [main] DEBUG io.micronaut.context.DefaultBeanContext --   class io.micronaut.runtime.context.scope.refresh.RefreshInterceptor null Definition: io.micronaut.runtime.context.scope.refresh.RefreshInterceptor
07:28:42.906 [main] DEBUG io.micronaut.context.DefaultBeanContext --   class io.micronaut.runtime.context.env.ConfigurationIntroductionAdvice null Definition: io.micronaut.runtime.context.env.ConfigurationIntroductionAdvice
07:28:42.907 [main] DEBUG io.micronaut.context.DefaultBeanContext -- Finding candidate beans for type: InterceptorRegistry
07:28:42.907 [main] DEBUG io.micronaut.context.DefaultBeanContext --   interface io.micronaut.aop.InterceptorRegistry null io.micronaut.aop.internal.InterceptorRegistryBean@3dbbed3e
07:28:42.907 [main] DEBUG io.micronaut.context.DefaultBeanContext -- Found concrete candidate [io.micronaut.aop.internal.InterceptorRegistryBean@3dbbed3e] for type: interceptorRegistry 
07:28:42.908 [main] DEBUG io.micronaut.context.lifecycle -- Created bean [io.micronaut.aop.chain.DefaultInterceptorRegistry@28bc9749] from definition [io.micronaut.aop.internal.InterceptorRegistryBean@3dbbed3e] with qualifier [null]
07:28:42.908 [main] DEBUG io.micronaut.context.DefaultBeanContext -- Finding candidate beans for type: NettyServiceDiscovery
07:28:42.909 [main] DEBUG io.micronaut.context.DefaultBeanContext --   class io.micronaut.http.server.netty.discovery.NettyServiceDiscovery null Definition: io.micronaut.http.server.netty.discovery.NettyServiceDiscovery
07:28:42.909 [main] DEBUG io.micronaut.context.DefaultBeanContext -- Found concrete candidate [Definition: io.micronaut.http.server.netty.discovery.NettyServiceDiscovery] for type: nettyServiceDiscovery 
07:28:42.911 [main] DEBUG io.micronaut.context.lifecycle -- Created bean [io.micronaut.http.server.netty.discovery.NettyServiceDiscovery$ApplicationEventListener$onStart1$Intercepted@44c27b8b] from definition [Definition: io.micronaut.http.server.netty.discovery.NettyServiceDiscovery$ApplicationEventListener$onStart1$Intercepted] with qualifier [null]
07:28:42.911 [main] DEBUG io.micronaut.context.DefaultBeanContext -- Found a registration BeanRegistration: io.micronaut.http.server.netty.discovery.NettyServiceDiscovery$ApplicationEventListener$onStart1$Intercepted@44c27b8b for candidate: Definition: io.micronaut.http.server.netty.discovery.NettyServiceDiscovery$ApplicationEventListener$onStart1$Intercepted with qualifier: <ServerStartupEvent>
07:28:42.911 [main] DEBUG io.micronaut.context.DefaultBeanContext -- Finding candidate beans for type: ApplicationEventPublisher serviceReadyEventApplicationEventPublisher
07:28:42.911 [main] DEBUG io.micronaut.context.DefaultBeanContext --   interface io.micronaut.context.event.ApplicationEventPublisher null io.micronaut.context.event.ApplicationEventPublisherFactory@3c389f3b
07:28:42.911 [main] DEBUG io.micronaut.context.DefaultBeanContext -- Found concrete candidate [io.micronaut.context.event.ApplicationEventPublisherFactory@3c389f3b] for type: serviceReadyEventApplicationEventPublisher 
07:28:42.911 [main] DEBUG io.micronaut.context.lifecycle -- Created bean [io.micronaut.context.event.ApplicationEventPublisherFactory$2@460b77d6] from definition [io.micronaut.context.event.ApplicationEventPublisherFactory@3c389f3b] with qualifier [null]
07:28:42.911 [main] DEBUG io.micronaut.context.DefaultBeanContext -- Finding candidate beans for type: ApplicationEventPublisher serviceStoppedEventApplicationEventPublisher
07:28:42.911 [main] DEBUG io.micronaut.context.DefaultBeanContext --   interface io.micronaut.context.event.ApplicationEventPublisher null io.micronaut.context.event.ApplicationEventPublisherFactory@3c389f3b
07:28:42.911 [main] DEBUG io.micronaut.context.DefaultBeanContext -- Found concrete candidate [io.micronaut.context.event.ApplicationEventPublisherFactory@3c389f3b] for type: serviceStoppedEventApplicationEventPublisher 
07:28:42.911 [main] DEBUG io.micronaut.context.lifecycle -- Created bean [io.micronaut.context.event.ApplicationEventPublisherFactory$2@13f2d42c] from definition [io.micronaut.context.event.ApplicationEventPublisherFactory@3c389f3b] with qualifier [null]
07:28:42.911 [main] DEBUG io.micronaut.context.lifecycle -- Created bean [io.micronaut.http.server.netty.discovery.NettyServiceDiscovery@1071ae7c] from definition [Definition: io.micronaut.http.server.netty.discovery.NettyServiceDiscovery] with qualifier [null]
07:28:42.912 [main] DEBUG io.micronaut.context.DefaultBeanContext -- Finding candidate beans for type: RefreshScope
07:28:42.912 [main] DEBUG io.micronaut.context.DefaultBeanContext --   class io.micronaut.runtime.context.scope.refresh.RefreshScope null Definition: io.micronaut.runtime.context.scope.refresh.RefreshScope
07:28:42.912 [main] DEBUG io.micronaut.context.DefaultBeanContext -- Found concrete candidate [Definition: io.micronaut.runtime.context.scope.refresh.RefreshScope] for type: refreshScope 
07:28:42.912 [main] DEBUG io.micronaut.context.lifecycle -- Created bean [io.micronaut.runtime.context.scope.refresh.RefreshScope@57f1a1de] from definition [Definition: io.micronaut.runtime.context.scope.refresh.RefreshScope] with qualifier [null]
07:28:42.913 [main] DEBUG io.micronaut.context.DefaultBeanContext -- Finding candidate beans for type: ResourceLoader
07:28:42.913 [main] DEBUG io.micronaut.context.DefaultBeanContext --   interface io.micronaut.core.io.scan.ClassPathResourceLoader null Definition: io.micronaut.http.resource.ResourceLoaderFactory
07:28:42.913 [main] DEBUG io.micronaut.context.DefaultBeanContext --   class io.micronaut.context.env.DefaultEnvironment @Primary io.micronaut.context.DefaultRuntimeBeanDefinition@7b8b43c7
07:28:42.913 [main] DEBUG io.micronaut.context.DefaultBeanContext --   interface io.micronaut.core.io.file.FileSystemResourceLoader null Definition: io.micronaut.http.resource.ResourceLoaderFactory
07:28:42.913 [main] DEBUG io.micronaut.context.DefaultBeanContext -- Searching for @Primary for type [resourceLoader] from candidates: [Definition: io.micronaut.http.resource.ResourceLoaderFactory, io.micronaut.context.DefaultRuntimeBeanDefinition@7b8b43c7, Definition: io.micronaut.http.resource.ResourceLoaderFactory] 
07:28:42.913 [main] DEBUG io.micronaut.context.DefaultBeanContext -- Found concrete candidate [io.micronaut.context.DefaultRuntimeBeanDefinition@7b8b43c7] for type: resourceLoader 
07:28:42.919 [main] DEBUG io.micronaut.context.DefaultBeanContext -- Finding candidate beans for type: OrderAndOrderItemControllerIT
07:28:42.920 [main] DEBUG io.micronaut.context.DefaultBeanContext --   class com.example.shopservice.controller.OrderAndOrderItemControllerIT null Definition: com.example.shopservice.controller.OrderAndOrderItemControllerIT
07:28:42.924 [main] DEBUG io.micronaut.context.DefaultBeanContext -- Finding candidate beans for instance: com.example.shopservice.controller.OrderAndOrderItemControllerIT@5ebf776c
07:28:42.924 [main] DEBUG io.micronaut.context.DefaultBeanContext -- Resolved bean candidates [Definition: com.example.shopservice.controller.OrderAndOrderItemControllerIT] for instance: com.example.shopservice.controller.OrderAndOrderItemControllerIT@5ebf776c
07:28:42.924 [main] DEBUG io.micronaut.context.DefaultBeanContext -- Finding candidate beans for type: HttpClient client
07:28:42.925 [main] DEBUG io.micronaut.context.DefaultBeanContext --   class io.micronaut.http.client.netty.DefaultHttpClient null Definition: io.micronaut.http.client.netty.DefaultNettyHttpClientRegistry
07:28:42.925 [main] DEBUG io.micronaut.context.DefaultBeanContext -- Found concrete candidate [Definition: io.micronaut.http.client.netty.DefaultNettyHttpClientRegistry] for type: client 
07:28:42.926 [main] DEBUG io.micronaut.context.DefaultBeanContext -- Finding candidate beans for type: CustomScope
07:28:42.926 [main] DEBUG io.micronaut.context.DefaultBeanContext --   class io.micronaut.runtime.context.scope.ThreadLocalCustomScope null Definition: io.micronaut.runtime.context.scope.ThreadLocalCustomScope
07:28:42.926 [main] DEBUG io.micronaut.context.DefaultBeanContext --   class io.micronaut.runtime.http.scope.RequestCustomScope null Definition: io.micronaut.runtime.http.scope.RequestCustomScope
07:28:42.926 [main] DEBUG io.micronaut.context.DefaultBeanContext --   class io.micronaut.runtime.context.scope.refresh.RefreshScope null Definition: io.micronaut.runtime.context.scope.refresh.RefreshScope
07:28:42.926 [main] DEBUG io.micronaut.context.DefaultBeanContext -- Qualifying bean [customScope] for qualifier: <jakarta.inject.Singleton> 
07:28:42.926 [main] DEBUG io.micronaut.context.DefaultBeanContext -- No qualifying beans of type [customScope] found for qualifier: <jakarta.inject.Singleton> 
07:28:42.926 [main] DEBUG io.micronaut.context.DefaultBeanContext -- Finding candidate beans for type: DefaultNettyHttpClientRegistry
07:28:42.926 [main] DEBUG io.micronaut.context.DefaultBeanContext --   class io.micronaut.http.client.netty.DefaultNettyHttpClientRegistry null Definition: io.micronaut.http.client.netty.DefaultNettyHttpClientRegistry
07:28:42.926 [main] DEBUG io.micronaut.context.DefaultBeanContext -- Found concrete candidate [Definition: io.micronaut.http.client.netty.DefaultNettyHttpClientRegistry] for type: defaultNettyHttpClientRegistry 
07:28:42.927 [main] DEBUG io.micronaut.context.DefaultBeanContext -- Finding candidate beans for type: HttpClientConfiguration defaultHttpClientConfiguration
07:28:42.927 [main] DEBUG io.micronaut.context.DefaultBeanContext --   class io.micronaut.http.client.DefaultHttpClientConfiguration null Definition: io.micronaut.http.client.DefaultHttpClientConfiguration
07:28:42.927 [main] DEBUG io.micronaut.context.DefaultBeanContext -- Found concrete candidate [Definition: io.micronaut.http.client.DefaultHttpClientConfiguration] for type: defaultHttpClientConfiguration 
07:28:42.928 [main] DEBUG io.micronaut.context.DefaultBeanContext -- Finding candidate beans for type: DefaultConnectionPoolConfiguration connectionPoolConfiguration
07:28:42.928 [main] DEBUG io.micronaut.context.DefaultBeanContext --   class io.micronaut.http.client.DefaultHttpClientConfiguration$DefaultConnectionPoolConfiguration null Definition: io.micronaut.http.client.DefaultHttpClientConfiguration$DefaultConnectionPoolConfiguration
07:28:42.928 [main] DEBUG io.micronaut.context.DefaultBeanContext -- Found concrete candidate [Definition: io.micronaut.http.client.DefaultHttpClientConfiguration$DefaultConnectionPoolConfiguration] for type: connectionPoolConfiguration 
07:28:42.928 [main] DEBUG io.micronaut.context.lifecycle -- Created bean [io.micronaut.http.client.DefaultHttpClientConfiguration$DefaultConnectionPoolConfiguration@58b03029] from definition [Definition: io.micronaut.http.client.DefaultHttpClientConfiguration$DefaultConnectionPoolConfiguration] with qualifier [null]
07:28:42.928 [main] DEBUG io.micronaut.context.DefaultBeanContext -- Finding candidate beans for type: ApplicationConfiguration applicationConfiguration
07:28:42.928 [main] DEBUG io.micronaut.context.DefaultBeanContext --   class io.micronaut.runtime.ApplicationConfiguration null Definition: io.micronaut.runtime.ApplicationConfiguration
07:28:42.928 [main] DEBUG io.micronaut.context.DefaultBeanContext -- Found concrete candidate [Definition: io.micronaut.runtime.ApplicationConfiguration] for type: applicationConfiguration 
07:28:42.929 [main] DEBUG io.micronaut.context.DefaultBeanContext -- Finding candidate beans for type: ClientSslConfiguration sslConfiguration
07:28:42.929 [main] DEBUG io.micronaut.context.DefaultBeanContext --   class io.micronaut.http.ssl.ClientSslConfiguration null Definition: io.micronaut.http.ssl.ClientSslConfiguration
07:28:42.929 [main] DEBUG io.micronaut.context.DefaultBeanContext -- Found concrete candidate [Definition: io.micronaut.http.ssl.ClientSslConfiguration] for type: sslConfiguration 
07:28:42.929 [main] DEBUG io.micronaut.context.DefaultBeanContext -- Finding candidate beans for type: DefaultSslConfiguration defaultSslConfiguration
07:28:42.930 [main] DEBUG io.micronaut.context.DefaultBeanContext --   class io.micronaut.http.ssl.DefaultSslConfiguration null Definition: io.micronaut.http.ssl.DefaultSslConfiguration
07:28:42.930 [main] DEBUG io.micronaut.context.DefaultBeanContext -- Found concrete candidate [Definition: io.micronaut.http.ssl.DefaultSslConfiguration] for type: defaultSslConfiguration 
07:28:42.930 [main] DEBUG io.micronaut.context.lifecycle -- Created bean [io.micronaut.http.ssl.DefaultSslConfiguration@5ad50b02] from definition [Definition: io.micronaut.http.ssl.DefaultSslConfiguration] with qualifier [null]
07:28:42.930 [main] DEBUG io.micronaut.context.DefaultBeanContext -- Finding candidate beans for type: DefaultKeyConfiguration defaultKeyConfiguration
07:28:42.930 [main] DEBUG io.micronaut.context.DefaultBeanContext --   class io.micronaut.http.ssl.DefaultSslConfiguration$DefaultKeyConfiguration null Definition: io.micronaut.http.ssl.DefaultSslConfiguration$DefaultKeyConfiguration
07:28:42.930 [main] DEBUG io.micronaut.context.DefaultBeanContext -- Found concrete candidate [Definition: io.micronaut.http.ssl.DefaultSslConfiguration$DefaultKeyConfiguration] for type: defaultKeyConfiguration 
07:28:42.930 [main] DEBUG io.micronaut.context.lifecycle -- Created bean [io.micronaut.http.ssl.DefaultSslConfiguration$DefaultKeyConfiguration@bff764c] from definition [Definition: io.micronaut.http.ssl.DefaultSslConfiguration$DefaultKeyConfiguration] with qualifier [null]
07:28:42.930 [main] DEBUG io.micronaut.context.DefaultBeanContext -- Finding candidate beans for type: DefaultKeyStoreConfiguration defaultKeyStoreConfiguration
07:28:42.930 [main] DEBUG io.micronaut.context.DefaultBeanContext --   class io.micronaut.http.ssl.DefaultSslConfiguration$DefaultKeyStoreConfiguration null Definition: io.micronaut.http.ssl.DefaultSslConfiguration$DefaultKeyStoreConfiguration
07:28:42.930 [main] DEBUG io.micronaut.context.DefaultBeanContext -- Found concrete candidate [Definition: io.micronaut.http.ssl.DefaultSslConfiguration$DefaultKeyStoreConfiguration] for type: defaultKeyStoreConfiguration 
07:28:42.930 [main] DEBUG io.micronaut.context.lifecycle -- Created bean [io.micronaut.http.ssl.DefaultSslConfiguration$DefaultKeyStoreConfiguration@49153009] from definition [Definition: io.micronaut.http.ssl.DefaultSslConfiguration$DefaultKeyStoreConfiguration] with qualifier [null]
07:28:42.930 [main] DEBUG io.micronaut.context.DefaultBeanContext -- Finding candidate beans for type: TrustStoreConfiguration defaultTrustStoreConfiguration
07:28:42.931 [main] DEBUG io.micronaut.context.DefaultBeanContext -- Finding candidate beans for type: ServiceSslClientConfiguration
07:28:42.931 [main] DEBUG io.micronaut.context.DefaultBeanContext -- Finding candidate beans for type: ServiceHttpClientConfiguration
07:28:42.931 [main] DEBUG io.micronaut.context.DefaultBeanContext -- No bean candidates found for type: ServiceHttpClientConfiguration
07:28:42.931 [main] DEBUG io.micronaut.context.DefaultBeanContext -- No bean candidates found for type: ServiceSslClientConfiguration
07:28:42.931 [main] DEBUG io.micronaut.context.DefaultBeanContext --   class io.micronaut.http.ssl.DefaultSslConfiguration$DefaultTrustStoreConfiguration null Definition: io.micronaut.http.ssl.DefaultSslConfiguration$DefaultTrustStoreConfiguration
07:28:42.931 [main] DEBUG io.micronaut.context.DefaultBeanContext -- Found concrete candidate [Definition: io.micronaut.http.ssl.DefaultSslConfiguration$DefaultTrustStoreConfiguration] for type: defaultTrustStoreConfiguration 
07:28:42.931 [main] DEBUG io.micronaut.context.lifecycle -- Created bean [io.micronaut.http.ssl.DefaultSslConfiguration$DefaultTrustStoreConfiguration@321b7b9e] from definition [Definition: io.micronaut.http.ssl.DefaultSslConfiguration$DefaultTrustStoreConfiguration] with qualifier [null]
07:28:42.932 [main] DEBUG io.micronaut.context.DefaultBeanContext -- Finding candidate beans for type: DefaultKeyConfiguration keyConfiguration
07:28:42.932 [main] DEBUG io.micronaut.context.DefaultBeanContext -- No bean candidates found for type: DefaultKeyConfiguration keyConfiguration
07:28:42.932 [main] DEBUG io.micronaut.context.DefaultBeanContext -- Finding candidate beans for type: DefaultKeyStoreConfiguration keyStoreConfiguration
07:28:42.932 [main] DEBUG io.micronaut.context.DefaultBeanContext -- No bean candidates found for type: DefaultKeyStoreConfiguration keyStoreConfiguration
07:28:42.932 [main] DEBUG io.micronaut.context.DefaultBeanContext -- Finding candidate beans for type: DefaultTrustStoreConfiguration trustStore
07:28:42.932 [main] DEBUG io.micronaut.context.DefaultBeanContext -- No bean candidates found for type: DefaultTrustStoreConfiguration trustStore
07:28:42.932 [main] DEBUG io.micronaut.context.lifecycle -- Created bean [io.micronaut.http.ssl.ClientSslConfiguration@5c703860] from definition [Definition: io.micronaut.http.ssl.ClientSslConfiguration] with qualifier [null]
07:28:42.932 [main] DEBUG io.micronaut.context.lifecycle -- Created bean [io.micronaut.http.client.DefaultHttpClientConfiguration@6315bb4] from definition [Definition: io.micronaut.http.client.DefaultHttpClientConfiguration] with qualifier [null]
07:28:42.932 [main] DEBUG io.micronaut.context.DefaultBeanContext -- Finding candidate beans for type: HttpClientFilterResolver httpClientFilterResolver
07:28:42.933 [main] DEBUG io.micronaut.context.DefaultBeanContext --   class io.micronaut.http.client.filter.DefaultHttpClientFilterResolver null Definition: io.micronaut.http.client.filter.DefaultHttpClientFilterResolver
07:28:42.933 [main] DEBUG io.micronaut.context.DefaultBeanContext -- Found concrete candidate [Definition: io.micronaut.http.client.filter.DefaultHttpClientFilterResolver] for type: httpClientFilterResolver 
07:28:42.933 [main] DEBUG io.micronaut.context.DefaultBeanContext -- Resolving beans for type: io.micronaut.http.filter.HttpClientFilter
07:28:42.933 [main] DEBUG io.micronaut.context.DefaultBeanContext -- Finding candidate beans for type: HttpClientFilter E
07:28:42.933 [main] DEBUG io.micronaut.context.DefaultBeanContext -- No bean candidates found for type: HttpClientFilter E
07:28:42.933 [main] DEBUG io.micronaut.context.DefaultBeanContext -- Finding candidate beans for type: RequestBinderRegistry
07:28:42.933 [main] DEBUG io.micronaut.context.DefaultBeanContext --   class io.micronaut.http.server.netty.binders.NettyServerRequestBinderRegistry null Definition: io.micronaut.http.server.netty.binders.NettyServerRequestBinderRegistry
07:28:42.933 [main] DEBUG io.micronaut.context.DefaultBeanContext --   class io.micronaut.http.bind.DefaultRequestBinderRegistry null Definition: io.micronaut.http.bind.DefaultRequestBinderRegistry
07:28:42.933 [main] DEBUG io.micronaut.context.DefaultBeanContext -- Searching for @Primary for type [requestBinderRegistry] from candidates: [Definition: io.micronaut.http.server.netty.binders.NettyServerRequestBinderRegistry, Definition: io.micronaut.http.bind.DefaultRequestBinderRegistry] 
07:28:42.933 [main] DEBUG io.micronaut.context.DefaultBeanContext -- Picked bean Definition: io.micronaut.http.bind.DefaultRequestBinderRegistry with the highest precedence for type RequestBinderRegistry and qualifier null
07:28:42.933 [main] DEBUG io.micronaut.context.DefaultBeanContext -- Found concrete candidate [Definition: io.micronaut.http.bind.DefaultRequestBinderRegistry] for type: requestBinderRegistry 
07:28:42.934 [main] DEBUG io.micronaut.context.DefaultBeanContext -- Finding candidate beans for qualifier: @ClientFilter
07:28:42.934 [main] DEBUG io.micronaut.context.lifecycle -- Created bean [io.micronaut.http.client.filter.DefaultHttpClientFilterResolver@44392e64] from definition [Definition: io.micronaut.http.client.filter.DefaultHttpClientFilterResolver] with qualifier [null]
07:28:42.934 [main] DEBUG io.micronaut.context.DefaultBeanContext -- Finding candidate beans for type: LoadBalancerResolver loadBalancerResolver
07:28:42.935 [main] DEBUG io.micronaut.context.DefaultBeanContext --   class io.micronaut.http.client.DefaultLoadBalancerResolver null Definition: io.micronaut.http.client.DefaultLoadBalancerResolver
07:28:42.935 [main] DEBUG io.micronaut.context.DefaultBeanContext -- Found concrete candidate [Definition: io.micronaut.http.client.DefaultLoadBalancerResolver] for type: loadBalancerResolver 
07:28:42.935 [main] DEBUG io.micronaut.context.DefaultBeanContext -- Resolving beans for type: io.micronaut.discovery.ServiceInstanceList
07:28:42.935 [main] DEBUG io.micronaut.context.DefaultBeanContext -- Finding candidate beans for type: ServiceInstanceList E
07:28:42.935 [main] DEBUG io.micronaut.context.DefaultBeanContext -- Finding candidate beans for type: ServiceHttpClientConfiguration
07:28:42.935 [main] DEBUG io.micronaut.context.DefaultBeanContext -- No bean candidates found for type: ServiceHttpClientConfiguration
07:28:42.936 [main] DEBUG io.micronaut.context.DefaultBeanContext -- No bean candidates found for type: ServiceInstanceList E
07:28:42.936 [main] DEBUG io.micronaut.context.lifecycle -- Created bean [io.micronaut.http.client.DefaultLoadBalancerResolver@2db3675a] from definition [Definition: io.micronaut.http.client.DefaultLoadBalancerResolver] with qualifier [null]
07:28:42.936 [main] DEBUG io.micronaut.context.DefaultBeanContext -- Finding candidate beans for type: ClientSslBuilder nettyClientSslBuilder
07:28:42.936 [main] DEBUG io.micronaut.context.DefaultBeanContext --   class io.micronaut.http.client.netty.ssl.NettyClientSslBuilder @Secondary Definition: io.micronaut.http.client.netty.ssl.NettyClientSslBuilder
07:28:42.936 [main] DEBUG io.micronaut.context.DefaultBeanContext -- Found concrete candidate [Definition: io.micronaut.http.client.netty.ssl.NettyClientSslBuilder] for type: nettyClientSslBuilder 
07:28:42.937 [main] DEBUG io.micronaut.context.DefaultBeanContext -- Finding candidate beans for type: ResourceResolver resourceResolver
07:28:42.937 [main] DEBUG io.micronaut.context.DefaultBeanContext --   class io.micronaut.core.io.ResourceResolver null Definition: io.micronaut.http.resource.ResourceLoaderFactory
07:28:42.937 [main] DEBUG io.micronaut.context.DefaultBeanContext -- Found concrete candidate [Definition: io.micronaut.http.resource.ResourceLoaderFactory] for type: resourceResolver 
07:28:42.937 [main] DEBUG io.micronaut.context.DefaultBeanContext -- Finding candidate beans for type: ResourceLoaderFactory
07:28:42.938 [main] DEBUG io.micronaut.context.DefaultBeanContext --   class io.micronaut.http.resource.ResourceLoaderFactory null Definition: io.micronaut.http.resource.ResourceLoaderFactory
07:28:42.938 [main] DEBUG io.micronaut.context.DefaultBeanContext -- Found concrete candidate [Definition: io.micronaut.http.resource.ResourceLoaderFactory] for type: resourceLoaderFactory 
07:28:42.938 [main] DEBUG io.micronaut.context.DefaultBeanContext -- Finding candidate beans for type: Environment environment
07:28:42.938 [main] DEBUG io.micronaut.context.DefaultBeanContext --   class io.micronaut.context.env.DefaultEnvironment @Primary io.micronaut.context.DefaultRuntimeBeanDefinition@7b8b43c7
07:28:42.938 [main] DEBUG io.micronaut.context.DefaultBeanContext -- Found concrete candidate [io.micronaut.context.DefaultRuntimeBeanDefinition@7b8b43c7] for type: environment 
07:28:42.938 [main] DEBUG io.micronaut.context.lifecycle -- Created bean [io.micronaut.http.resource.ResourceLoaderFactory@1fcc3461] from definition [Definition: io.micronaut.http.resource.ResourceLoaderFactory] with qualifier [null]
07:28:42.938 [main] DEBUG io.micronaut.context.DefaultBeanContext -- Resolving beans for type: io.micronaut.core.io.ResourceLoader
07:28:42.938 [main] DEBUG io.micronaut.context.DefaultBeanContext -- Finding candidate beans for type: ResourceLoader E
07:28:42.938 [main] DEBUG io.micronaut.context.DefaultBeanContext --   interface io.micronaut.core.io.scan.ClassPathResourceLoader null Definition: io.micronaut.http.resource.ResourceLoaderFactory
07:28:42.938 [main] DEBUG io.micronaut.context.DefaultBeanContext --   class io.micronaut.context.env.DefaultEnvironment @Primary io.micronaut.context.DefaultRuntimeBeanDefinition@7b8b43c7
07:28:42.938 [main] DEBUG io.micronaut.context.DefaultBeanContext --   interface io.micronaut.core.io.file.FileSystemResourceLoader null Definition: io.micronaut.http.resource.ResourceLoaderFactory
07:28:42.938 [main] DEBUG io.micronaut.context.lifecycle -- Created bean [io.micronaut.core.io.scan.DefaultClassPathResourceLoader@1987807b] from definition [Definition: io.micronaut.http.resource.ResourceLoaderFactory] with qualifier [null]
07:28:42.938 [main] DEBUG io.micronaut.context.DefaultBeanContext -- Found a registration BeanRegistration: io.micronaut.core.io.scan.DefaultClassPathResourceLoader@1987807b for candidate: Definition: io.micronaut.http.resource.ResourceLoaderFactory with qualifier: null
07:28:42.938 [main] DEBUG io.micronaut.context.DefaultBeanContext -- Found a registration BeanRegistration: io.micronaut.context.DefaultApplicationContext$RuntimeConfiguredEnvironment@1f9e9475 for candidate: io.micronaut.context.DefaultRuntimeBeanDefinition@7b8b43c7 with qualifier: null
07:28:42.939 [main] DEBUG io.micronaut.context.lifecycle -- Created bean [io.micronaut.core.io.file.DefaultFileSystemResourceLoader@77f7352a] from definition [Definition: io.micronaut.http.resource.ResourceLoaderFactory] with qualifier [null]
07:28:42.939 [main] DEBUG io.micronaut.context.DefaultBeanContext -- Found a registration BeanRegistration: io.micronaut.core.io.file.DefaultFileSystemResourceLoader@77f7352a for candidate: Definition: io.micronaut.http.resource.ResourceLoaderFactory with qualifier: null
07:28:42.939 [main] DEBUG io.micronaut.context.lifecycle -- Created bean [io.micronaut.core.io.ResourceResolver@4ede8888] from definition [Definition: io.micronaut.http.resource.ResourceLoaderFactory] with qualifier [null]
07:28:42.939 [main] DEBUG io.micronaut.context.lifecycle -- Created bean [io.micronaut.http.client.netty.ssl.NettyClientSslBuilder@571db8b4] from definition [Definition: io.micronaut.http.client.netty.ssl.NettyClientSslBuilder] with qualifier [@Secondary]
07:28:42.939 [main] DEBUG io.micronaut.context.DefaultBeanContext -- Finding candidate beans for type: ThreadFactory threadFactory
07:28:42.939 [main] DEBUG io.micronaut.context.DefaultBeanContext -- Finding candidate beans for type: ExecutorConfiguration
07:28:42.939 [main] DEBUG io.micronaut.context.DefaultBeanContext --   interface io.micronaut.scheduling.executor.ExecutorConfiguration @Named('io') Definition: io.micronaut.scheduling.executor.IOExecutorServiceConfig
07:28:42.940 [main] DEBUG io.micronaut.context.DefaultBeanContext --   interface io.micronaut.scheduling.executor.ExecutorConfiguration @Named('scheduled') Definition: io.micronaut.scheduling.executor.ScheduledExecutorServiceConfig
07:28:42.940 [main] DEBUG io.micronaut.context.DefaultBeanContext --   interface java.util.concurrent.ThreadFactory null Definition: io.micronaut.scheduling.executor.DefaultThreadFactory
07:28:42.940 [main] DEBUG io.micronaut.context.DefaultBeanContext --   interface java.util.concurrent.ThreadFactory @Named('netty') Definition: io.micronaut.http.netty.channel.NettyThreadFactory
07:28:42.940 [main] DEBUG io.micronaut.context.DefaultBeanContext --   interface java.util.concurrent.ThreadFactory @Named('scheduled') Definition: io.micronaut.scheduling.executor.ExecutorFactory
07:28:42.940 [main] DEBUG io.micronaut.context.DefaultBeanContext --   interface java.util.concurrent.ThreadFactory @Named('io') Definition: io.micronaut.scheduling.executor.ExecutorFactory
07:28:42.940 [main] DEBUG io.micronaut.context.DefaultBeanContext -- Searching for @Primary for type [threadFactory] from candidates: [Definition: io.micronaut.scheduling.executor.DefaultThreadFactory, Definition: io.micronaut.http.netty.channel.NettyThreadFactory, Definition: io.micronaut.scheduling.executor.ExecutorFactory, Definition: io.micronaut.scheduling.executor.ExecutorFactory] 
07:28:42.940 [main] DEBUG io.micronaut.context.DefaultBeanContext -- Found concrete candidate [Definition: io.micronaut.scheduling.executor.DefaultThreadFactory] for type: threadFactory 
07:28:42.940 [main] DEBUG io.micronaut.context.DefaultBeanContext -- Finding candidate beans for type: MediaTypeCodecRegistry codecRegistry
07:28:42.940 [main] DEBUG io.micronaut.context.DefaultBeanContext --   interface io.micronaut.http.codec.MediaTypeCodecRegistry null Definition: io.micronaut.runtime.http.codec.MediaTypeCodecRegistryFactory
07:28:42.940 [main] DEBUG io.micronaut.context.DefaultBeanContext -- Found concrete candidate [Definition: io.micronaut.runtime.http.codec.MediaTypeCodecRegistryFactory] for type: codecRegistry 
07:28:42.940 [main] DEBUG io.micronaut.context.DefaultBeanContext -- Finding candidate beans for type: MessageBodyHandlerRegistry handlerRegistry
07:28:42.940 [main] DEBUG io.micronaut.context.DefaultBeanContext --   class io.micronaut.http.body.DefaultMessageBodyHandlerRegistry null Definition: io.micronaut.http.body.DefaultMessageBodyHandlerRegistry
07:28:42.940 [main] DEBUG io.micronaut.context.DefaultBeanContext -- Found concrete candidate [Definition: io.micronaut.http.body.DefaultMessageBodyHandlerRegistry] for type: handlerRegistry 
07:28:42.940 [main] DEBUG io.micronaut.context.DefaultBeanContext -- Finding candidate beans for type: EventLoopGroupRegistry eventLoopGroupRegistry
07:28:42.940 [main] DEBUG io.micronaut.context.DefaultBeanContext --   class io.micronaut.http.netty.channel.DefaultEventLoopGroupRegistry null Definition: io.micronaut.http.netty.channel.DefaultEventLoopGroupRegistry
07:28:42.940 [main] DEBUG io.micronaut.context.DefaultBeanContext -- Found concrete candidate [Definition: io.micronaut.http.netty.channel.DefaultEventLoopGroupRegistry] for type: eventLoopGroupRegistry 
07:28:42.940 [main] DEBUG io.micronaut.context.DefaultBeanContext -- Finding candidate beans for type: EventLoopGroupFactory eventLoopGroupFactory
07:28:42.941 [main] DEBUG io.micronaut.context.DefaultBeanContext --   class io.micronaut.http.netty.channel.NioEventLoopGroupFactory null Definition: io.micronaut.http.netty.channel.NioEventLoopGroupFactory
07:28:42.941 [main] DEBUG io.micronaut.context.DefaultBeanContext --   class io.micronaut.http.netty.channel.DefaultEventLoopGroupFactory null Definition: io.micronaut.http.netty.channel.DefaultEventLoopGroupFactory
07:28:42.941 [main] DEBUG io.micronaut.context.DefaultBeanContext -- Searching for @Primary for type [eventLoopGroupFactory] from candidates: [Definition: io.micronaut.http.netty.channel.NioEventLoopGroupFactory, Definition: io.micronaut.http.netty.channel.DefaultEventLoopGroupFactory] 
07:28:42.941 [main] DEBUG io.micronaut.context.DefaultBeanContext -- Found concrete candidate [Definition: io.micronaut.http.netty.channel.DefaultEventLoopGroupFactory] for type: eventLoopGroupFactory 
07:28:42.941 [main] DEBUG io.micronaut.context.DefaultBeanContext -- Finding candidate beans for type: JsonMapper jsonMapper
07:28:42.941 [main] DEBUG io.micronaut.context.DefaultBeanContext --   class io.micronaut.jackson.databind.JacksonDatabindMapper null Definition: io.micronaut.jackson.databind.JacksonDatabindMapper
07:28:42.941 [main] DEBUG io.micronaut.context.DefaultBeanContext -- Found concrete candidate [Definition: io.micronaut.jackson.databind.JacksonDatabindMapper] for type: jsonMapper 
07:28:42.941 [main] DEBUG io.micronaut.context.lifecycle -- Created bean [io.micronaut.http.client.netty.DefaultNettyHttpClientRegistry@652f26da] from definition [Definition: io.micronaut.http.client.netty.DefaultNettyHttpClientRegistry] with qualifier [null]
07:28:42.943 [main] DEBUG io.micronaut.context.DefaultBeanContext -- Finding candidate beans for type: HttpClient
07:28:42.943 [main] DEBUG io.micronaut.context.DefaultBeanContext --   class io.micronaut.http.client.netty.DefaultHttpClient null Definition: io.micronaut.http.client.netty.DefaultNettyHttpClientRegistry
07:28:42.943 [main] DEBUG io.micronaut.context.DefaultBeanContext -- Qualifying bean [httpClient] for qualifier: @Named('/') 
07:28:42.943 [main] DEBUG io.micronaut.context.DefaultBeanContext -- No qualifying beans of type [httpClient] found for qualifier: @Named('/') 
07:28:42.943 [main] DEBUG io.micronaut.context.DefaultBeanContext -- Finding candidate beans for type: HttpClientConfiguration
07:28:42.943 [main] DEBUG io.micronaut.context.DefaultBeanContext --   class io.micronaut.http.client.DefaultHttpClientConfiguration null Definition: io.micronaut.http.client.DefaultHttpClientConfiguration
07:28:42.944 [main] DEBUG io.micronaut.context.DefaultBeanContext -- Qualifying bean [httpClientConfiguration] for qualifier: @Named('/') 
07:28:42.944 [main] DEBUG io.micronaut.context.DefaultBeanContext -- No qualifying beans of type [httpClientConfiguration] found for qualifier: @Named('/') 
07:28:42.944 [main] DEBUG io.micronaut.context.DefaultBeanContext -- Finding candidate beans for type: EmbeddedServer
07:28:42.944 [main] DEBUG io.micronaut.context.DefaultBeanContext --   interface io.micronaut.http.server.netty.NettyEmbeddedServer null Definition: io.micronaut.http.server.netty.DefaultNettyEmbeddedServerFactory
07:28:42.944 [main] DEBUG io.micronaut.context.DefaultBeanContext -- Finding candidate beans for type: EmbeddedServer
07:28:42.944 [main] DEBUG io.micronaut.context.DefaultBeanContext --   interface io.micronaut.http.server.netty.NettyEmbeddedServer null Definition: io.micronaut.http.server.netty.DefaultNettyEmbeddedServerFactory
07:28:42.944 [main] DEBUG io.micronaut.context.DefaultBeanContext -- Found concrete candidate [Definition: io.micronaut.http.server.netty.DefaultNettyEmbeddedServerFactory] for type: embeddedServer 
07:28:42.947 [main] DEBUG io.micronaut.context.DefaultBeanContext -- Finding candidate beans for type: EventLoopGroup
07:28:42.948 [main] DEBUG io.micronaut.context.DefaultBeanContext -- Finding candidate beans for type: EventLoopGroupConfiguration
07:28:42.948 [main] DEBUG io.micronaut.context.DefaultBeanContext --   class io.micronaut.http.server.netty.configuration.NettyHttpServerConfiguration$Parent @Named('netty-server-parent-event-loop') Definition: io.micronaut.http.server.netty.configuration.NettyHttpServerConfiguration$Parent
07:28:42.948 [main] DEBUG io.micronaut.context.DefaultBeanContext --   class io.micronaut.http.server.netty.configuration.NettyHttpServerConfiguration$Worker @Named('netty-server-worker-event-loop') Definition: io.micronaut.http.server.netty.configuration.NettyHttpServerConfiguration$Worker
07:28:42.948 [main] DEBUG io.micronaut.context.DefaultBeanContext --   interface io.netty.channel.EventLoopGroup @Named('netty-server-worker-event-loop') Definition: io.micronaut.http.netty.channel.DefaultEventLoopGroupRegistry
07:28:42.948 [main] DEBUG io.micronaut.context.DefaultBeanContext --   interface io.netty.channel.EventLoopGroup null Definition: io.micronaut.http.netty.channel.DefaultEventLoopGroupRegistry
07:28:42.948 [main] DEBUG io.micronaut.context.DefaultBeanContext --   interface io.netty.channel.EventLoopGroup @Named('netty-server-parent-event-loop') Definition: io.micronaut.http.netty.channel.DefaultEventLoopGroupRegistry
07:28:42.948 [main] DEBUG io.micronaut.context.DefaultBeanContext -- Searching for @Primary for type [eventLoopGroup] from candidates: [Definition: io.micronaut.http.netty.channel.DefaultEventLoopGroupRegistry, Definition: io.micronaut.http.netty.channel.DefaultEventLoopGroupRegistry, Definition: io.micronaut.http.netty.channel.DefaultEventLoopGroupRegistry] 
07:28:42.948 [main] DEBUG io.micronaut.context.DefaultBeanContext -- Found concrete candidate [Definition: io.micronaut.http.netty.channel.DefaultEventLoopGroupRegistry] for type: eventLoopGroup 
07:28:42.948 [main] DEBUG io.micronaut.context.DefaultBeanContext -- Finding candidate beans for type: ConversionService
07:28:42.948 [main] DEBUG io.micronaut.context.DefaultBeanContext --   class io.micronaut.context.env.DefaultEnvironment @Primary io.micronaut.context.DefaultRuntimeBeanDefinition@7b8b43c7
07:28:42.948 [main] DEBUG io.micronaut.context.DefaultBeanContext -- Found concrete candidate [io.micronaut.context.DefaultRuntimeBeanDefinition@7b8b43c7] for type: conversionService 
07:28:42.959 [main] DEBUG io.micronaut.context.DefaultBeanContext -- Finding candidate beans for type: EventLoopGroupConfiguration
07:28:42.959 [main] DEBUG io.micronaut.context.DefaultBeanContext --   class io.micronaut.http.server.netty.configuration.NettyHttpServerConfiguration$Parent @Named('netty-server-parent-event-loop') Definition: io.micronaut.http.server.netty.configuration.NettyHttpServerConfiguration$Parent
07:28:42.959 [main] DEBUG io.micronaut.context.DefaultBeanContext --   class io.micronaut.http.server.netty.configuration.NettyHttpServerConfiguration$Worker @Named('netty-server-worker-event-loop') Definition: io.micronaut.http.server.netty.configuration.NettyHttpServerConfiguration$Worker
07:28:42.960 [main] DEBUG io.micronaut.context.DefaultBeanContext -- Qualifying bean [eventLoopGroupConfiguration] for qualifier: @Named('default') 
07:28:42.960 [main] DEBUG io.micronaut.context.DefaultBeanContext -- No qualifying beans of type [eventLoopGroupConfiguration] found for qualifier: @Named('default') 
07:28:42.968 [main] DEBUG io.netty.handler.ssl.OpenSsl -- netty-tcnative not in the classpath; OpenSslEngine will be unavailable.
07:28:43.094 [main] DEBUG io.netty.handler.ssl.JdkSslContext -- Default protocols (JDK): [TLSv1.3, TLSv1.2] 
07:28:43.094 [main] DEBUG io.netty.handler.ssl.JdkSslContext -- Default cipher suites (JDK): [TLS_ECDHE_ECDSA_WITH_AES_256_GCM_SHA384, TLS_ECDHE_ECDSA_WITH_AES_128_GCM_SHA256, TLS_ECDHE_RSA_WITH_AES_128_GCM_SHA256, TLS_ECDHE_RSA_WITH_AES_256_GCM_SHA384, TLS_ECDHE_RSA_WITH_AES_128_CBC_SHA, TLS_ECDHE_RSA_WITH_AES_256_CBC_SHA, TLS_RSA_WITH_AES_128_GCM_SHA256, TLS_RSA_WITH_AES_128_CBC_SHA, TLS_RSA_WITH_AES_256_CBC_SHA, TLS_AES_128_GCM_SHA256, TLS_AES_256_GCM_SHA384]
07:28:43.100 [main] DEBUG io.micronaut.context.lifecycle -- Created bean [io.micronaut.http.client.netty.DefaultHttpClient@a2fb8a5] from definition [Definition: io.micronaut.http.client.netty.DefaultNettyHttpClientRegistry] with qualifier [null]
07:28:43.100 [main] DEBUG io.micronaut.context.DefaultBeanContext -- Finding candidate beans for type: UserRepository userRepository
07:28:43.103 [main] DEBUG io.micronaut.context.DefaultBeanContext --   class com.example.shopservice.repository.UserRepository$Intercepted null Definition: com.example.shopservice.repository.UserRepository$Intercepted
07:28:43.103 [main] DEBUG io.micronaut.context.DefaultBeanContext -- Found concrete candidate [Definition: com.example.shopservice.repository.UserRepository$Intercepted] for type: userRepository 
07:28:43.104 [main] DEBUG io.micronaut.context.DefaultBeanContext -- Resolving beans for type: @InterceptorBinding(io.micronaut.data.annotation.Repository) io.micronaut.aop.Interceptor 
07:28:43.105 [main] DEBUG io.micronaut.core.reflect.ClassUtils -- Attempting to dynamically load class io.micronaut.context.annotation.Prototype
07:28:43.105 [main] DEBUG io.micronaut.core.reflect.ClassUtils -- Successfully loaded class io.micronaut.context.annotation.Prototype
07:28:43.105 [main] DEBUG io.micronaut.context.DefaultBeanContext -- Finding candidate beans for type: DataInterceptorResolver dataInterceptorResolver
07:28:43.105 [main] DEBUG io.micronaut.context.DefaultBeanContext --   class io.micronaut.data.runtime.intercept.DataInterceptorResolver null Definition: io.micronaut.data.runtime.intercept.DataInterceptorResolver
07:28:43.105 [main] DEBUG io.micronaut.context.DefaultBeanContext -- Found concrete candidate [Definition: io.micronaut.data.runtime.intercept.DataInterceptorResolver] for type: dataInterceptorResolver 
07:28:43.105 [main] DEBUG io.micronaut.context.DefaultBeanContext -- Finding candidate beans for type: RepositoryOperationsRegistry repositoryOperationsRegistry
07:28:43.106 [main] DEBUG io.micronaut.context.DefaultBeanContext --   class io.micronaut.data.runtime.operations.DefaultRepositoryOperationsRegistry null Definition: io.micronaut.data.runtime.operations.DefaultRepositoryOperationsRegistry
07:28:43.106 [main] DEBUG io.micronaut.context.DefaultBeanContext -- Found concrete candidate [Definition: io.micronaut.data.runtime.operations.DefaultRepositoryOperationsRegistry] for type: repositoryOperationsRegistry 
07:28:43.106 [main] DEBUG io.micronaut.context.lifecycle -- Created bean [io.micronaut.data.runtime.operations.DefaultRepositoryOperationsRegistry@6b71e98f] from definition [Definition: io.micronaut.data.runtime.operations.DefaultRepositoryOperationsRegistry] with qualifier [null]
07:28:43.106 [main] DEBUG io.micronaut.context.DefaultBeanContext -- Finding candidate beans for type: DataSourceTenantResolver tenantResolver
07:28:43.106 [main] DEBUG io.micronaut.context.DefaultBeanContext -- Finding candidate beans for type: TenantResolver
07:28:43.106 [main] DEBUG io.micronaut.context.DefaultBeanContext -- No bean candidates found for type: TenantResolver
07:28:43.106 [main] DEBUG io.micronaut.context.condition.Condition -- Bean [Definition: io.micronaut.data.runtime.multitenancy.internal.DefaultDataSourceTenantResolver] will not be loaded due to failing conditions:
07:28:43.107 [main] DEBUG io.micronaut.context.condition.Condition -- * No bean of type [interface io.micronaut.data.runtime.multitenancy.TenantResolver] present within context
07:28:43.107 [main] DEBUG io.micronaut.context.DefaultBeanContext -- No bean candidates found for type: DataSourceTenantResolver tenantResolver
07:28:43.107 [main] DEBUG io.micronaut.context.lifecycle -- Created bean [io.micronaut.data.runtime.intercept.DataInterceptorResolver@2c465259] from definition [Definition: io.micronaut.data.runtime.intercept.DataInterceptorResolver] with qualifier [null]
07:28:43.107 [main] DEBUG io.micronaut.context.DefaultBeanContext -- Finding candidate beans for type: DataConversionService conversionService
07:28:43.107 [main] DEBUG io.micronaut.context.DefaultBeanContext --   class io.micronaut.data.runtime.convert.DataConversionServiceImpl null Definition: io.micronaut.data.runtime.convert.DataConversionServiceFactory
07:28:43.107 [main] DEBUG io.micronaut.context.DefaultBeanContext -- Found concrete candidate [Definition: io.micronaut.data.runtime.convert.DataConversionServiceFactory] for type: conversionService 
07:28:43.107 [main] DEBUG io.micronaut.context.lifecycle -- Created bean [io.micronaut.data.runtime.intercept.DataIntroductionAdvice@52f7fa65] from definition [Definition: io.micronaut.data.runtime.intercept.DataIntroductionAdvice] with qualifier [null]
07:28:43.107 [main] DEBUG io.micronaut.context.DefaultBeanContext -- Found a registration BeanRegistration: io.micronaut.data.runtime.intercept.DataIntroductionAdvice@52f7fa65 for candidate: Definition: io.micronaut.data.runtime.intercept.DataIntroductionAdvice with qualifier: @InterceptorBinding(io.micronaut.data.annotation.Repository)
07:28:43.107 [main] DEBUG io.micronaut.context.DefaultBeanContext -- Found 1 bean registrations for type [@InterceptorBinding(io.micronaut.data.annotation.Repository) T]
07:28:43.107 [main] DEBUG io.micronaut.context.DefaultBeanContext --   Definition: io.micronaut.data.runtime.intercept.DataIntroductionAdvice null
07:28:43.107 [main] DEBUG io.micronaut.context.DefaultBeanContext -- Finding candidate beans for type: InterceptorRegistry
07:28:43.107 [main] DEBUG io.micronaut.context.DefaultBeanContext --   interface io.micronaut.aop.InterceptorRegistry null io.micronaut.aop.internal.InterceptorRegistryBean@3dbbed3e
07:28:43.107 [main] DEBUG io.micronaut.context.DefaultBeanContext -- Found concrete candidate [io.micronaut.aop.internal.InterceptorRegistryBean@3dbbed3e] for type: interceptorRegistry 
07:28:43.110 [main] DEBUG io.micronaut.context.lifecycle -- Created bean [com.example.shopservice.repository.UserRepository$Intercepted@87f6ab5] from definition [Definition: com.example.shopservice.repository.UserRepository$Intercepted] with qualifier [null]
07:28:43.110 [main] DEBUG io.micronaut.core.reflect.ClassUtils -- Bean of type [class com.example.shopservice.controller.OrderAndOrderItemControllerIT] uses reflection to inject field: 'userRepository'
07:28:43.110 [main] DEBUG io.micronaut.context.DefaultBeanContext -- Finding candidate beans for type: ProductRepository productRepository
07:28:43.113 [main] DEBUG io.micronaut.context.DefaultBeanContext --   class com.example.shopservice.repository.ProductRepository$Intercepted null Definition: com.example.shopservice.repository.ProductRepository$Intercepted
07:28:43.113 [main] DEBUG io.micronaut.context.DefaultBeanContext -- Found concrete candidate [Definition: com.example.shopservice.repository.ProductRepository$Intercepted] for type: productRepository 
07:28:43.113 [main] DEBUG io.micronaut.context.DefaultBeanContext -- Resolving beans for type: @InterceptorBinding(io.micronaut.data.annotation.Repository) io.micronaut.aop.Interceptor 
07:28:43.114 [main] DEBUG io.micronaut.core.reflect.ClassUtils -- Attempting to dynamically load class io.micronaut.context.annotation.Prototype
07:28:43.114 [main] DEBUG io.micronaut.core.reflect.ClassUtils -- Successfully loaded class io.micronaut.context.annotation.Prototype
07:28:43.114 [main] DEBUG io.micronaut.context.lifecycle -- Created bean [io.micronaut.data.runtime.intercept.DataIntroductionAdvice@3494a35e] from definition [Definition: io.micronaut.data.runtime.intercept.DataIntroductionAdvice] with qualifier [null]
07:28:43.114 [main] DEBUG io.micronaut.context.DefaultBeanContext -- Found a registration BeanRegistration: io.micronaut.data.runtime.intercept.DataIntroductionAdvice@3494a35e for candidate: Definition: io.micronaut.data.runtime.intercept.DataIntroductionAdvice with qualifier: @InterceptorBinding(io.micronaut.data.annotation.Repository)
07:28:43.114 [main] DEBUG io.micronaut.context.DefaultBeanContext -- Found 1 bean registrations for type [@InterceptorBinding(io.micronaut.data.annotation.Repository) T]
07:28:43.114 [main] DEBUG io.micronaut.context.DefaultBeanContext --   Definition: io.micronaut.data.runtime.intercept.DataIntroductionAdvice null
07:28:43.115 [main] DEBUG io.micronaut.context.lifecycle -- Created bean [com.example.shopservice.repository.ProductRepository$Intercepted@352ce817] from definition [Definition: com.example.shopservice.repository.ProductRepository$Intercepted] with qualifier [null]
07:28:43.115 [main] DEBUG io.micronaut.core.reflect.ClassUtils -- Bean of type [class com.example.shopservice.controller.OrderAndOrderItemControllerIT] uses reflection to inject field: 'productRepository'
07:28:43.116 [main] DEBUG io.micronaut.context.DefaultBeanContext -- Finding candidate beans for type: OrderRepository orderRepository
07:28:43.117 [main] DEBUG io.micronaut.context.DefaultBeanContext --   class com.example.shopservice.repository.OrderRepository$Intercepted null Definition: com.example.shopservice.repository.OrderRepository$Intercepted
07:28:43.117 [main] DEBUG io.micronaut.context.DefaultBeanContext -- Found concrete candidate [Definition: com.example.shopservice.repository.OrderRepository$Intercepted] for type: orderRepository 
07:28:43.117 [main] DEBUG io.micronaut.context.DefaultBeanContext -- Resolving beans for type: @InterceptorBinding(io.micronaut.data.annotation.Repository) io.micronaut.aop.Interceptor 
07:28:43.117 [main] DEBUG io.micronaut.core.reflect.ClassUtils -- Attempting to dynamically load class io.micronaut.context.annotation.Prototype
07:28:43.117 [main] DEBUG io.micronaut.core.reflect.ClassUtils -- Successfully loaded class io.micronaut.context.annotation.Prototype
07:28:43.117 [main] DEBUG io.micronaut.context.lifecycle -- Created bean [io.micronaut.data.runtime.intercept.DataIntroductionAdvice@48aaaed9] from definition [Definition: io.micronaut.data.runtime.intercept.DataIntroductionAdvice] with qualifier [null]
07:28:43.117 [main] DEBUG io.micronaut.context.DefaultBeanContext -- Found a registration BeanRegistration: io.micronaut.data.runtime.intercept.DataIntroductionAdvice@48aaaed9 for candidate: Definition: io.micronaut.data.runtime.intercept.DataIntroductionAdvice with qualifier: @InterceptorBinding(io.micronaut.data.annotation.Repository)
07:28:43.117 [main] DEBUG io.micronaut.context.DefaultBeanContext -- Found 1 bean registrations for type [@InterceptorBinding(io.micronaut.data.annotation.Repository) T]
07:28:43.117 [main] DEBUG io.micronaut.context.DefaultBeanContext --   Definition: io.micronaut.data.runtime.intercept.DataIntroductionAdvice null
07:28:43.119 [main] DEBUG io.micronaut.context.lifecycle -- Created bean [com.example.shopservice.repository.OrderRepository$Intercepted@116915f1] from definition [Definition: com.example.shopservice.repository.OrderRepository$Intercepted] with qualifier [null]
07:28:43.119 [main] DEBUG io.micronaut.core.reflect.ClassUtils -- Bean of type [class com.example.shopservice.controller.OrderAndOrderItemControllerIT] uses reflection to inject field: 'orderRepository'
07:28:43.120 [main] DEBUG io.micronaut.context.DefaultBeanContext -- Finding candidate beans for type: HttpClient
07:28:43.120 [main] DEBUG io.micronaut.context.DefaultBeanContext --   class io.micronaut.http.client.netty.DefaultHttpClient null Definition: io.micronaut.http.client.netty.DefaultNettyHttpClientRegistry
07:28:43.120 [main] DEBUG io.micronaut.context.DefaultBeanContext -- Found concrete candidate [Definition: io.micronaut.http.client.netty.DefaultNettyHttpClientRegistry] for type: httpClient 
07:28:43.120 [main] DEBUG io.micronaut.context.DefaultBeanContext -- Finding candidate beans for type: UserRepository
07:28:43.120 [main] DEBUG io.micronaut.context.DefaultBeanContext --   class com.example.shopservice.repository.UserRepository$Intercepted null Definition: com.example.shopservice.repository.UserRepository$Intercepted
07:28:43.120 [main] DEBUG io.micronaut.context.DefaultBeanContext -- Found concrete candidate [Definition: com.example.shopservice.repository.UserRepository$Intercepted] for type: userRepository 
07:28:43.120 [main] DEBUG io.micronaut.context.DefaultBeanContext -- Finding candidate beans for type: ProductRepository
07:28:43.121 [main] DEBUG io.micronaut.context.DefaultBeanContext --   class com.example.shopservice.repository.ProductRepository$Intercepted null Definition: com.example.shopservice.repository.ProductRepository$Intercepted
07:28:43.121 [main] DEBUG io.micronaut.context.DefaultBeanContext -- Found concrete candidate [Definition: com.example.shopservice.repository.ProductRepository$Intercepted] for type: productRepository 
07:28:43.121 [main] DEBUG io.micronaut.context.DefaultBeanContext -- Finding candidate beans for type: OrderRepository
07:28:43.121 [main] DEBUG io.micronaut.context.DefaultBeanContext --   class com.example.shopservice.repository.OrderRepository$Intercepted null Definition: com.example.shopservice.repository.OrderRepository$Intercepted
07:28:43.121 [main] DEBUG io.micronaut.context.DefaultBeanContext -- Found concrete candidate [Definition: com.example.shopservice.repository.OrderRepository$Intercepted] for type: orderRepository 
07:28:43.121 [main] DEBUG io.micronaut.context.DefaultBeanContext -- Finding candidate beans for type: ResourceLoader
07:28:43.121 [main] DEBUG io.micronaut.context.DefaultBeanContext --   interface io.micronaut.core.io.scan.ClassPathResourceLoader null Definition: io.micronaut.http.resource.ResourceLoaderFactory
07:28:43.121 [main] DEBUG io.micronaut.context.DefaultBeanContext --   class io.micronaut.context.env.DefaultEnvironment @Primary io.micronaut.context.DefaultRuntimeBeanDefinition@7b8b43c7
07:28:43.121 [main] DEBUG io.micronaut.context.DefaultBeanContext --   interface io.micronaut.core.io.file.FileSystemResourceLoader null Definition: io.micronaut.http.resource.ResourceLoaderFactory
07:28:43.121 [main] DEBUG io.micronaut.context.DefaultBeanContext -- Searching for @Primary for type [resourceLoader] from candidates: [Definition: io.micronaut.http.resource.ResourceLoaderFactory, io.micronaut.context.DefaultRuntimeBeanDefinition@7b8b43c7, Definition: io.micronaut.http.resource.ResourceLoaderFactory] 
07:28:43.121 [main] DEBUG io.micronaut.context.DefaultBeanContext -- Found concrete candidate [io.micronaut.context.DefaultRuntimeBeanDefinition@7b8b43c7] for type: resourceLoader 
07:28:43.151 [main] DEBUG org.hibernate.stat.internal.StatisticsInitiator -- Statistics initialized [enabled=false]
07:28:43.155 [main] DEBUG org.hibernate.engine.transaction.internal.TransactionImpl -- On TransactionImpl creation, JpaCompliance#isJpaTransactionComplianceEnabled == false
07:28:43.155 [main] DEBUG org.hibernate.engine.transaction.internal.TransactionImpl -- begin
07:28:43.157 [main] DEBUG io.micronaut.context.DefaultBeanContext -- Finding candidate beans for type: PrimaryRepositoryOperations
07:28:43.158 [main] DEBUG io.micronaut.context.DefaultBeanContext -- Finding candidate beans for type: DataSource
07:28:43.158 [main] DEBUG io.micronaut.context.DefaultBeanContext -- Finding candidate beans for type: DatasourceConfiguration
07:28:43.158 [main] DEBUG io.micronaut.context.DefaultBeanContext --   class io.micronaut.configuration.jdbc.hikari.DatasourceConfiguration @Named('default') Definition: io.micronaut.configuration.jdbc.hikari.DatasourceConfiguration
07:28:43.158 [main] DEBUG io.micronaut.context.DefaultBeanContext --   interface javax.sql.DataSource @Named('default') Definition: io.micronaut.configuration.jdbc.hikari.DatasourceFactory
07:28:43.158 [main] DEBUG io.micronaut.context.DefaultBeanContext --   class io.micronaut.data.hibernate.operations.HibernateJpaOperations @Named('default') Definition: io.micronaut.data.hibernate.operations.HibernateJpaOperations
07:28:43.158 [main] DEBUG io.micronaut.context.DefaultBeanContext -- Found concrete candidate [Definition: io.micronaut.data.hibernate.operations.HibernateJpaOperations] for type: primaryRepositoryOperations 
07:28:43.158 [main] DEBUG io.micronaut.context.DefaultBeanContext -- Finding candidate beans for type: TransactionOperations transactionOperations
07:28:43.158 [main] DEBUG io.micronaut.context.DefaultBeanContext -- Finding candidate beans for type: DataSource
07:28:43.158 [main] DEBUG io.micronaut.context.DefaultBeanContext -- Finding candidate beans for type: DatasourceConfiguration
07:28:43.158 [main] DEBUG io.micronaut.context.DefaultBeanContext --   class io.micronaut.configuration.jdbc.hikari.DatasourceConfiguration @Named('default') Definition: io.micronaut.configuration.jdbc.hikari.DatasourceConfiguration
07:28:43.159 [main] DEBUG io.micronaut.context.DefaultBeanContext --   interface javax.sql.DataSource @Named('default') Definition: io.micronaut.configuration.jdbc.hikari.DatasourceFactory
07:28:43.159 [main] DEBUG io.micronaut.context.DefaultBeanContext --   class io.micronaut.transaction.hibernate.HibernateTransactionManager @Named('default') Definition: io.micronaut.transaction.hibernate.HibernateTransactionManager
07:28:43.159 [main] DEBUG io.micronaut.context.DefaultBeanContext -- Qualifying bean [transactionOperations] for qualifier: @Named('default') 
07:28:43.159 [main] DEBUG io.micronaut.context.DefaultBeanContext -- Found concrete candidate [Definition: io.micronaut.transaction.hibernate.HibernateTransactionManager] for type: @Named('default') transactionOperations 
07:28:43.171 [main] DEBUG io.micronaut.context.DefaultBeanContext -- Finding candidate beans for type: RuntimeEntityRegistry runtimeEntityRegistry
07:28:43.171 [main] DEBUG io.micronaut.context.DefaultBeanContext --   class io.micronaut.data.runtime.support.DefaultRuntimeEntityRegistry null Definition: io.micronaut.data.runtime.support.DefaultRuntimeEntityRegistry
07:28:43.171 [main] DEBUG io.micronaut.context.DefaultBeanContext -- Found concrete candidate [Definition: io.micronaut.data.runtime.support.DefaultRuntimeEntityRegistry] for type: runtimeEntityRegistry 
07:28:43.171 [main] DEBUG io.micronaut.context.lifecycle -- Created bean [io.micronaut.data.hibernate.operations.HibernateJpaOperations@279ab15e] from definition [Definition: io.micronaut.data.hibernate.operations.HibernateJpaOperations] with qualifier [@Named('default')]
07:28:43.180 [main] DEBUG io.micronaut.core.beans.DefaultBeanIntrospector -- Found BeanIntrospection for type: class com.example.shopservice.entity.User,
07:28:43.181 [main] DEBUG io.micronaut.context.lifecycle -- Created bean [io.micronaut.data.runtime.event.listeners.AnnotatedMethodInvokingEntityEventListener@56554365] from definition [Definition: io.micronaut.data.runtime.event.listeners.AnnotatedMethodInvokingEntityEventListener] with qualifier [null]
07:28:43.182 [main] DEBUG io.micronaut.context.lifecycle -- Created bean [io.micronaut.data.runtime.event.listeners.UUIDGeneratingEntityEventListener@7af56b26] from definition [Definition: io.micronaut.data.runtime.event.listeners.UUIDGeneratingEntityEventListener] with qualifier [null]
07:28:43.189 [main] DEBUG io.micronaut.context.DefaultBeanContext -- Finding candidate beans for type: ConnectionOperations
07:28:43.189 [main] DEBUG io.micronaut.context.DefaultBeanContext -- Finding candidate beans for type: SessionFactory
07:28:43.189 [main] DEBUG io.micronaut.context.DefaultBeanContext -- Finding candidate beans for type: SessionFactoryBuilder
07:28:43.189 [main] DEBUG io.micronaut.context.DefaultBeanContext -- Finding candidate beans for type: Metadata
07:28:43.189 [main] DEBUG io.micronaut.context.DefaultBeanContext -- Finding candidate beans for type: MetadataSources
07:28:43.189 [main] DEBUG io.micronaut.context.DefaultBeanContext -- Finding candidate beans for type: ServiceRegistry
07:28:43.189 [main] DEBUG io.micronaut.context.DefaultBeanContext -- Finding candidate beans for type: DataSource
07:28:43.189 [main] DEBUG io.micronaut.context.DefaultBeanContext -- Finding candidate beans for type: DatasourceConfiguration
07:28:43.189 [main] DEBUG io.micronaut.context.DefaultBeanContext --   class io.micronaut.configuration.jdbc.hikari.DatasourceConfiguration @Named('default') Definition: io.micronaut.configuration.jdbc.hikari.DatasourceConfiguration
07:28:43.190 [main] DEBUG io.micronaut.context.DefaultBeanContext --   interface javax.sql.DataSource @Named('default') Definition: io.micronaut.configuration.jdbc.hikari.DatasourceFactory
07:28:43.190 [main] DEBUG io.micronaut.core.reflect.ClassUtils -- Attempting to dynamically load class org.hibernate.reactive.provider.ReactiveServiceRegistryBuilder
07:28:43.190 [main] DEBUG io.micronaut.core.reflect.ClassUtils -- Class org.hibernate.reactive.provider.ReactiveServiceRegistryBuilder is not present
07:28:43.190 [main] DEBUG io.micronaut.context.DefaultBeanContext --   interface org.hibernate.service.ServiceRegistry @Named('default') Definition: io.micronaut.configuration.hibernate.jpa.conf.SessionFactoryPerDataSourceFactory
07:28:43.190 [main] DEBUG io.micronaut.core.reflect.ClassUtils -- Attempting to dynamically load class org.hibernate.reactive.provider.ReactiveServiceRegistryBuilder
07:28:43.190 [main] DEBUG io.micronaut.core.reflect.ClassUtils -- Class org.hibernate.reactive.provider.ReactiveServiceRegistryBuilder is not present
07:28:43.190 [main] DEBUG io.micronaut.context.DefaultBeanContext --   class org.hibernate.boot.MetadataSources @Named('default') Definition: io.micronaut.configuration.hibernate.jpa.conf.SessionFactoryPerDataSourceFactory
07:28:43.190 [main] DEBUG io.micronaut.core.reflect.ClassUtils -- Attempting to dynamically load class org.hibernate.reactive.provider.ReactiveServiceRegistryBuilder
07:28:43.190 [main] DEBUG io.micronaut.core.reflect.ClassUtils -- Class org.hibernate.reactive.provider.ReactiveServiceRegistryBuilder is not present
07:28:43.190 [main] DEBUG io.micronaut.context.DefaultBeanContext --   interface org.hibernate.boot.Metadata @Named('default') Definition: io.micronaut.configuration.hibernate.jpa.conf.SessionFactoryPerDataSourceFactory
07:28:43.190 [main] DEBUG io.micronaut.core.reflect.ClassUtils -- Attempting to dynamically load class org.hibernate.reactive.provider.ReactiveServiceRegistryBuilder
07:28:43.190 [main] DEBUG io.micronaut.core.reflect.ClassUtils -- Class org.hibernate.reactive.provider.ReactiveServiceRegistryBuilder is not present
07:28:43.190 [main] DEBUG io.micronaut.context.DefaultBeanContext --   interface org.hibernate.boot.SessionFactoryBuilder @Named('default') Definition: io.micronaut.configuration.hibernate.jpa.conf.SessionFactoryPerDataSourceFactory
07:28:43.190 [main] DEBUG io.micronaut.core.reflect.ClassUtils -- Attempting to dynamically load class org.hibernate.reactive.provider.ReactiveServiceRegistryBuilder
07:28:43.190 [main] DEBUG io.micronaut.core.reflect.ClassUtils -- Class org.hibernate.reactive.provider.ReactiveServiceRegistryBuilder is not present
07:28:43.190 [main] DEBUG io.micronaut.context.DefaultBeanContext --   interface org.hibernate.SessionFactory @Named('default') Definition: io.micronaut.configuration.hibernate.jpa.conf.SessionFactoryPerDataSourceFactory
07:28:43.190 [main] DEBUG io.micronaut.context.DefaultBeanContext --   class io.micronaut.data.hibernate.connection.HibernateConnectionOperations @Named('default') Definition: io.micronaut.data.hibernate.connection.HibernateConnectionOperations
07:28:43.190 [main] DEBUG io.micronaut.context.DefaultBeanContext -- Qualifying bean [connectionOperations] for qualifier: @Named('default') 
07:28:43.190 [main] DEBUG io.micronaut.context.DefaultBeanContext -- Found concrete candidate [Definition: io.micronaut.data.hibernate.connection.HibernateConnectionOperations] for type: @Named('default') connectionOperations 
07:28:43.191 [main] DEBUG org.hibernate.orm.query.hql -- HQL : DELETE com.example.shopservice.entity.User  AS user_
07:28:43.310 [main] DEBUG org.hibernate.orm.query.sqm.ast -- SqmStatement Tree :
    -> [delete]
      [target = com.example.shopservice.entity.User(user_)]
    <- [delete]

07:28:43.336 [main] DEBUG org.hibernate.orm.sql.ast.create -- Created new SQL alias : u1_0
07:28:43.336 [main] DEBUG org.hibernate.orm.sql.ast.create -- Registration of TableGroup [StandardTableGroup(com.example.shopservice.entity.User(user_))] with identifierForTableGroup [com.example.shopservice.entity.User] for NavigablePath [com.example.shopservice.entity.User] 
07:28:43.341 [main] DEBUG org.hibernate.SQL -- delete from users
07:28:43.351 [main] DEBUG io.micronaut.core.beans.DefaultBeanIntrospector -- Found BeanIntrospection for type: class com.example.shopservice.entity.Product,
07:28:43.352 [main] DEBUG org.hibernate.orm.query.hql -- HQL : DELETE com.example.shopservice.entity.Product  AS product_
07:28:43.353 [main] DEBUG org.hibernate.orm.query.sqm.ast -- SqmStatement Tree :
    -> [delete]
      [target = com.example.shopservice.entity.Product(product_)]
    <- [delete]

07:28:43.353 [main] DEBUG org.hibernate.orm.sql.ast.create -- Created new SQL alias : p1_0
07:28:43.353 [main] DEBUG org.hibernate.orm.sql.ast.create -- Registration of TableGroup [StandardTableGroup(com.example.shopservice.entity.Product(product_))] with identifierForTableGroup [com.example.shopservice.entity.Product] for NavigablePath [com.example.shopservice.entity.Product] 
07:28:43.353 [main] DEBUG org.hibernate.SQL -- delete from products
07:28:43.353 [main] DEBUG io.micronaut.core.beans.DefaultBeanIntrospector -- Found BeanIntrospection for type: class com.example.shopservice.entity.Order,
07:28:43.354 [main] DEBUG org.hibernate.orm.query.hql -- HQL : DELETE com.example.shopservice.entity.Order  AS order_
07:28:43.355 [main] DEBUG org.hibernate.orm.query.hql.reservedWordAsIdentifier -- Encountered use of reserved word as identifier : AS
07:28:43.355 [main] DEBUG org.hibernate.orm.query.sqm.ast -- SqmStatement Tree :
    -> [delete]
      [target = com.example.shopservice.entity.Order(order_)]
    <- [delete]

07:28:43.355 [main] DEBUG org.hibernate.orm.sql.ast.create -- Created new SQL alias : o1_0
07:28:43.355 [main] DEBUG org.hibernate.orm.sql.ast.create -- Registration of TableGroup [StandardTableGroup(com.example.shopservice.entity.Order(order_))] with identifierForTableGroup [com.example.shopservice.entity.Order] for NavigablePath [com.example.shopservice.entity.Order] 
07:28:43.355 [main] DEBUG org.hibernate.SQL -- delete from orders
07:28:43.356 [main] DEBUG io.micronaut.core.reflect.ClassUtils -- Attempting to dynamically load class io.micronaut.core.async.publisher.Publishers
07:28:43.356 [main] DEBUG io.micronaut.core.reflect.ClassUtils -- Successfully loaded class io.micronaut.core.async.publisher.Publishers
07:28:43.363 [main] DEBUG org.hibernate.engine.spi.ActionQueue -- Executing identity-insert immediately
07:28:43.364 [main] DEBUG io.micronaut.core.beans.DefaultBeanIntrospector -- Found BeanIntrospection for type: class io.micronaut.validation.validator.constraints.InternalConstraintValidators,
07:28:43.365 [main] DEBUG io.micronaut.core.beans.DefaultBeanIntrospector -- Found BeanIntrospection for type: class io.micronaut.validation.validator.extractors.InternalValueExtractors,
07:28:43.365 [main] DEBUG io.micronaut.core.beans.DefaultBeanIntrospector -- Found BeanIntrospection for type: class com.example.shopservice.entity.User,
07:28:43.367 [main] DEBUG io.micronaut.core.beans.DefaultBeanIntrospector -- No BeanIntrospection found for bean type: interface jakarta.validation.groups.Default
07:28:43.369 [main] DEBUG io.micronaut.core.beans.DefaultBeanIntrospector -- Found BeanIntrospection for type: class com.example.shopservice.entity.User,
07:28:43.372 [main] DEBUG org.hibernate.SQL -- insert into users (email,username,id) values (?,?,default)
07:28:43.378 [main] DEBUG org.hibernate.id.IdentifierGeneratorHelper -- Natively generated identity (com.example.shopservice.entity.User) : 1
07:28:43.379 [main] DEBUG io.micronaut.core.beans.DefaultBeanIntrospector -- Found BeanIntrospection for type: class com.example.shopservice.entity.User,
07:28:43.380 [main] DEBUG org.hibernate.engine.spi.ActionQueue -- Executing identity-insert immediately
07:28:43.381 [main] DEBUG io.micronaut.core.beans.DefaultBeanIntrospector -- Found BeanIntrospection for type: class io.micronaut.validation.validator.constraints.InternalConstraintValidators,
07:28:43.381 [main] DEBUG io.micronaut.core.beans.DefaultBeanIntrospector -- Found BeanIntrospection for type: class io.micronaut.validation.validator.extractors.InternalValueExtractors,
07:28:43.381 [main] DEBUG io.micronaut.core.beans.DefaultBeanIntrospector -- Found BeanIntrospection for type: class com.example.shopservice.entity.Product,
07:28:43.381 [main] DEBUG io.micronaut.core.beans.DefaultBeanIntrospector -- Found BeanIntrospection for type: class com.example.shopservice.entity.Product,
07:28:43.381 [main] DEBUG org.hibernate.SQL -- insert into products (name,price,id) values (?,?,default)
07:28:43.382 [main] DEBUG org.hibernate.id.IdentifierGeneratorHelper -- Natively generated identity (com.example.shopservice.entity.Product) : 1
07:28:43.382 [main] DEBUG io.micronaut.core.beans.DefaultBeanIntrospector -- Found BeanIntrospection for type: class com.example.shopservice.entity.Product,
07:28:43.382 [main] DEBUG org.hibernate.engine.spi.ActionQueue -- Executing identity-insert immediately
07:28:43.382 [main] DEBUG io.micronaut.core.beans.DefaultBeanIntrospector -- Found BeanIntrospection for type: class io.micronaut.validation.validator.constraints.InternalConstraintValidators,
07:28:43.383 [main] DEBUG io.micronaut.core.beans.DefaultBeanIntrospector -- Found BeanIntrospection for type: class io.micronaut.validation.validator.extractors.InternalValueExtractors,
07:28:43.383 [main] DEBUG io.micronaut.core.beans.DefaultBeanIntrospector -- Found BeanIntrospection for type: class com.example.shopservice.entity.Product,
07:28:43.383 [main] DEBUG io.micronaut.core.beans.DefaultBeanIntrospector -- Found BeanIntrospection for type: class com.example.shopservice.entity.Product,
07:28:43.383 [main] DEBUG org.hibernate.SQL -- insert into products (name,price,id) values (?,?,default)
07:28:43.383 [main] DEBUG org.hibernate.id.IdentifierGeneratorHelper -- Natively generated identity (com.example.shopservice.entity.Product) : 2
07:28:43.383 [main] DEBUG io.micronaut.core.beans.DefaultBeanIntrospector -- Found BeanIntrospection for type: class com.example.shopservice.entity.Product,
07:28:43.383 [main] DEBUG io.micronaut.transaction.hibernate.HibernateTransactionManager -- Committing Hibernate transaction on Session [SessionImpl(1584119395<open>)]
07:28:43.383 [main] DEBUG org.hibernate.engine.transaction.internal.TransactionImpl -- committing
07:28:43.384 [main] DEBUG org.hibernate.event.internal.AbstractFlushingEventListener -- Processing flush-time cascades
07:28:43.384 [main] DEBUG org.hibernate.event.internal.AbstractFlushingEventListener -- Dirty checking collections
07:28:43.386 [main] DEBUG org.hibernate.event.internal.AbstractFlushingEventListener -- Flushed: 0 insertions, 0 updates, 0 deletions to 3 objects
07:28:43.386 [main] DEBUG org.hibernate.event.internal.AbstractFlushingEventListener -- Flushed: 0 (re)creations, 0 updates, 0 removals to 0 collections
07:28:43.387 [main] DEBUG org.hibernate.internal.util.EntityPrinter -- Listing entities:
07:28:43.387 [main] DEBUG org.hibernate.internal.util.EntityPrinter -- com.example.shopservice.entity.User{id=1, email=bob@example.com, username=bob}
07:28:43.387 [main] DEBUG org.hibernate.internal.util.EntityPrinter -- com.example.shopservice.entity.Product{price=10.00, name=Thing, id=1}
07:28:43.387 [main] DEBUG org.hibernate.internal.util.EntityPrinter -- com.example.shopservice.entity.Product{price=5.50, name=Gadget, id=2}
07:28:43.388 [main] DEBUG org.hibernate.resource.jdbc.internal.LogicalConnectionManagedImpl -- Initiating JDBC connection release from afterTransaction
07:28:43.388 [main] DEBUG org.hibernate.resource.jdbc.internal.LogicalConnectionManagedImpl -- Initiating JDBC connection release from afterTransaction
07:28:43.390 [main] DEBUG org.hibernate.engine.transaction.internal.TransactionImpl -- On TransactionImpl creation, JpaCompliance#isJpaTransactionComplianceEnabled == false
07:28:43.390 [main] DEBUG org.hibernate.engine.transaction.internal.TransactionImpl -- begin
07:28:43.424 [default-nioEventLoopGroup-1-2] DEBUG io.netty.buffer.AbstractByteBuf -- -Dio.netty.buffer.checkAccessible: true
07:28:43.424 [default-nioEventLoopGroup-1-2] DEBUG io.netty.buffer.AbstractByteBuf -- -Dio.netty.buffer.checkBounds: true
07:28:43.424 [default-nioEventLoopGroup-1-2] DEBUG io.netty.util.ResourceLeakDetectorFactory -- Loaded default ResourceLeakDetector: io.netty.util.ResourceLeakDetector@76618daa
07:28:43.439 [default-nioEventLoopGroup-1-2] DEBUG io.netty.util.ResourceLeakDetectorFactory -- Loaded default ResourceLeakDetector: io.netty.util.ResourceLeakDetector@7aa424db
07:28:43.446 [default-nioEventLoopGroup-1-3] DEBUG io.netty.handler.codec.compression.ZlibCodecFactory -- -Dio.netty.noJdkZlibDecoder: false
07:28:43.446 [default-nioEventLoopGroup-1-3] DEBUG io.netty.handler.codec.compression.ZlibCodecFactory -- -Dio.netty.noJdkZlibEncoder: false
07:28:43.451 [default-nioEventLoopGroup-1-2] DEBUG io.micronaut.http.client.netty.DefaultHttpClient -- Sending HTTP POST to http://localhost:45545/orders
07:28:43.455 [default-nioEventLoopGroup-1-2] DEBUG io.netty.util.Recycler -- -Dio.netty.recycler.maxCapacityPerThread: 4096
07:28:43.455 [default-nioEventLoopGroup-1-2] DEBUG io.netty.util.Recycler -- -Dio.netty.recycler.ratio: 8
07:28:43.456 [default-nioEventLoopGroup-1-2] DEBUG io.netty.util.Recycler -- -Dio.netty.recycler.chunkSize: 32
07:28:43.456 [default-nioEventLoopGroup-1-2] DEBUG io.netty.util.Recycler -- -Dio.netty.recycler.blocking: false
07:28:43.456 [default-nioEventLoopGroup-1-2] DEBUG io.netty.util.Recycler -- -Dio.netty.recycler.batchFastThreadLocalOnly: true
07:28:43.463 [default-nioEventLoopGroup-1-3] DEBUG io.netty.handler.codec.compression.Brotli -- brotli4j not in the classpath; Brotli support will be unavailable.
07:28:43.471 [default-nioEventLoopGroup-1-3] DEBUG io.micronaut.http.server.netty.NettyRequestLifecycle -- Request POST /orders
07:28:43.474 [default-nioEventLoopGroup-1-3] DEBUG io.micronaut.context.DefaultBeanContext -- Finding candidate beans for type: CorsConfiguration corsConfiguration
07:28:43.475 [default-nioEventLoopGroup-1-3] DEBUG io.micronaut.context.DefaultBeanContext --   class io.micronaut.http.server.HttpServerConfiguration$CorsConfiguration null Definition: io.micronaut.http.server.HttpServerConfiguration$CorsConfiguration
07:28:43.475 [default-nioEventLoopGroup-1-3] DEBUG io.micronaut.context.DefaultBeanContext -- Found concrete candidate [Definition: io.micronaut.http.server.HttpServerConfiguration$CorsConfiguration] for type: corsConfiguration 
07:28:43.475 [default-nioEventLoopGroup-1-3] DEBUG io.micronaut.context.lifecycle -- Created bean [io.micronaut.http.server.HttpServerConfiguration$CorsConfiguration@2e10996b] from definition [Definition: io.micronaut.http.server.HttpServerConfiguration$CorsConfiguration] with qualifier [null]
07:28:43.475 [default-nioEventLoopGroup-1-3] DEBUG io.micronaut.context.DefaultBeanContext -- Finding candidate beans for type: HttpHostResolver httpHostResolver
07:28:43.475 [default-nioEventLoopGroup-1-3] DEBUG io.micronaut.context.DefaultBeanContext --   class io.micronaut.http.server.util.DefaultHttpHostResolver null Definition: io.micronaut.http.server.util.DefaultHttpHostResolver
07:28:43.475 [default-nioEventLoopGroup-1-3] DEBUG io.micronaut.context.DefaultBeanContext -- Found concrete candidate [Definition: io.micronaut.http.server.util.DefaultHttpHostResolver] for type: httpHostResolver 
07:28:43.475 [default-nioEventLoopGroup-1-3] DEBUG io.micronaut.context.DefaultBeanContext -- Finding candidate beans for type: HttpServerConfiguration serverConfiguration
07:28:43.476 [default-nioEventLoopGroup-1-3] DEBUG io.micronaut.context.DefaultBeanContext -- Bean [class io.micronaut.http.server.netty.configuration.NettyHttpServerConfiguration] replaces existing bean of type [class io.micronaut.http.server.HttpServerConfiguration]
07:28:43.476 [default-nioEventLoopGroup-1-3] DEBUG io.micronaut.context.DefaultBeanContext --   class io.micronaut.http.server.netty.configuration.NettyHttpServerConfiguration null Definition: io.micronaut.http.server.netty.configuration.NettyHttpServerConfiguration
07:28:43.476 [default-nioEventLoopGroup-1-3] DEBUG io.micronaut.context.DefaultBeanContext -- Found concrete candidate [Definition: io.micronaut.http.server.netty.configuration.NettyHttpServerConfiguration] for type: serverConfiguration 
07:28:43.476 [default-nioEventLoopGroup-1-3] DEBUG io.micronaut.context.DefaultBeanContext -- Finding candidate beans for type: BeanProvider embeddedServer
07:28:43.476 [default-nioEventLoopGroup-1-3] DEBUG io.micronaut.context.DefaultBeanContext --   interface io.micronaut.context.BeanProvider null io.micronaut.inject.provider.BeanProviderDefinition@3525cef9
07:28:43.476 [default-nioEventLoopGroup-1-3] DEBUG io.micronaut.context.DefaultBeanContext -- Found concrete candidate [io.micronaut.inject.provider.BeanProviderDefinition@3525cef9] for type: embeddedServer 
07:28:43.476 [default-nioEventLoopGroup-1-3] DEBUG io.micronaut.context.lifecycle -- Created bean [io.micronaut.inject.provider.BeanProviderDefinition$1@2c73e26b] from definition [io.micronaut.inject.provider.BeanProviderDefinition@3525cef9] with qualifier [null]
07:28:43.476 [default-nioEventLoopGroup-1-3] DEBUG io.micronaut.context.lifecycle -- Created bean [io.micronaut.http.server.util.DefaultHttpHostResolver@555c4d38] from definition [Definition: io.micronaut.http.server.util.DefaultHttpHostResolver] with qualifier [null]
07:28:43.476 [default-nioEventLoopGroup-1-3] DEBUG io.micronaut.context.lifecycle -- Created bean [io.micronaut.http.server.cors.CorsFilter@7fad4d39] from definition [Definition: io.micronaut.http.server.cors.CorsFilter] with qualifier [null]
07:28:43.489 [default-nioEventLoopGroup-1-3] DEBUG io.micronaut.context.DefaultBeanContext -- Resolving beans for type: @InterceptorBinding(io.micronaut.data.annotation.Repository) io.micronaut.aop.Interceptor 
07:28:43.489 [default-nioEventLoopGroup-1-3] DEBUG io.micronaut.core.reflect.ClassUtils -- Attempting to dynamically load class io.micronaut.context.annotation.Prototype
07:28:43.489 [default-nioEventLoopGroup-1-3] DEBUG io.micronaut.core.reflect.ClassUtils -- Successfully loaded class io.micronaut.context.annotation.Prototype
07:28:43.489 [default-nioEventLoopGroup-1-3] DEBUG io.micronaut.context.lifecycle -- Created bean [io.micronaut.data.runtime.intercept.DataIntroductionAdvice@569068d4] from definition [Definition: io.micronaut.data.runtime.intercept.DataIntroductionAdvice] with qualifier [null]
07:28:43.489 [default-nioEventLoopGroup-1-3] DEBUG io.micronaut.context.DefaultBeanContext -- Found a registration BeanRegistration: io.micronaut.data.runtime.intercept.DataIntroductionAdvice@569068d4 for candidate: Definition: io.micronaut.data.runtime.intercept.DataIntroductionAdvice with qualifier: @InterceptorBinding(io.micronaut.data.annotation.Repository)
07:28:43.489 [default-nioEventLoopGroup-1-3] DEBUG io.micronaut.context.DefaultBeanContext -- Found 1 bean registrations for type [@InterceptorBinding(io.micronaut.data.annotation.Repository) T]
07:28:43.489 [default-nioEventLoopGroup-1-3] DEBUG io.micronaut.context.DefaultBeanContext --   Definition: io.micronaut.data.runtime.intercept.DataIntroductionAdvice null
07:28:43.490 [default-nioEventLoopGroup-1-3] DEBUG io.micronaut.context.lifecycle -- Created bean [com.example.shopservice.repository.OrderRepository$Intercepted@53a3c938] from definition [Definition: com.example.shopservice.repository.OrderRepository$Intercepted] with qualifier [null]
07:28:43.490 [default-nioEventLoopGroup-1-3] DEBUG io.micronaut.core.reflect.ClassUtils -- Bean of type [class com.example.shopservice.controller.OrderController] uses reflection to inject field: 'orderRepository'
07:28:43.490 [default-nioEventLoopGroup-1-3] DEBUG io.micronaut.context.DefaultBeanContext -- Resolving beans for type: @InterceptorBinding(io.micronaut.data.annotation.Repository) io.micronaut.aop.Interceptor 
07:28:43.491 [default-nioEventLoopGroup-1-3] DEBUG io.micronaut.core.reflect.ClassUtils -- Attempting to dynamically load class io.micronaut.context.annotation.Prototype
07:28:43.491 [default-nioEventLoopGroup-1-3] DEBUG io.micronaut.core.reflect.ClassUtils -- Successfully loaded class io.micronaut.context.annotation.Prototype
07:28:43.491 [default-nioEventLoopGroup-1-3] DEBUG io.micronaut.context.lifecycle -- Created bean [io.micronaut.data.runtime.intercept.DataIntroductionAdvice@3b9ba4c5] from definition [Definition: io.micronaut.data.runtime.intercept.DataIntroductionAdvice] with qualifier [null]
07:28:43.491 [default-nioEventLoopGroup-1-3] DEBUG io.micronaut.context.DefaultBeanContext -- Found a registration BeanRegistration: io.micronaut.data.runtime.intercept.DataIntroductionAdvice@3b9ba4c5 for candidate: Definition: io.micronaut.data.runtime.intercept.DataIntroductionAdvice with qualifier: @InterceptorBinding(io.micronaut.data.annotation.Repository)
07:28:43.491 [default-nioEventLoopGroup-1-3] DEBUG io.micronaut.context.DefaultBeanContext -- Found 1 bean registrations for type [@InterceptorBinding(io.micronaut.data.annotation.Repository) T]
07:28:43.491 [default-nioEventLoopGroup-1-3] DEBUG io.micronaut.context.DefaultBeanContext --   Definition: io.micronaut.data.runtime.intercept.DataIntroductionAdvice null
07:28:43.492 [default-nioEventLoopGroup-1-3] DEBUG io.micronaut.context.lifecycle -- Created bean [com.example.shopservice.repository.UserRepository$Intercepted@39ee83c8] from definition [Definition: com.example.shopservice.repository.UserRepository$Intercepted] with qualifier [null]
07:28:43.492 [default-nioEventLoopGroup-1-3] DEBUG io.micronaut.core.reflect.ClassUtils -- Bean of type [class com.example.shopservice.controller.OrderController] uses reflection to inject field: 'userRepository'
07:28:43.492 [default-nioEventLoopGroup-1-3] DEBUG io.micronaut.context.DefaultBeanContext -- Resolving beans for type: @InterceptorBinding(io.micronaut.data.annotation.Repository) io.micronaut.aop.Interceptor 
07:28:43.492 [default-nioEventLoopGroup-1-3] DEBUG io.micronaut.core.reflect.ClassUtils -- Attempting to dynamically load class io.micronaut.context.annotation.Prototype
07:28:43.492 [default-nioEventLoopGroup-1-3] DEBUG io.micronaut.core.reflect.ClassUtils -- Successfully loaded class io.micronaut.context.annotation.Prototype
07:28:43.492 [default-nioEventLoopGroup-1-3] DEBUG io.micronaut.context.lifecycle -- Created bean [io.micronaut.data.runtime.intercept.DataIntroductionAdvice@6c6d9ae9] from definition [Definition: io.micronaut.data.runtime.intercept.DataIntroductionAdvice] with qualifier [null]
07:28:43.492 [default-nioEventLoopGroup-1-3] DEBUG io.micronaut.context.DefaultBeanContext -- Found a registration BeanRegistration: io.micronaut.data.runtime.intercept.DataIntroductionAdvice@6c6d9ae9 for candidate: Definition: io.micronaut.data.runtime.intercept.DataIntroductionAdvice with qualifier: @InterceptorBinding(io.micronaut.data.annotation.Repository)
07:28:43.492 [default-nioEventLoopGroup-1-3] DEBUG io.micronaut.context.DefaultBeanContext -- Found 1 bean registrations for type [@InterceptorBinding(io.micronaut.data.annotation.Repository) T]
07:28:43.492 [default-nioEventLoopGroup-1-3] DEBUG io.micronaut.context.DefaultBeanContext --   Definition: io.micronaut.data.runtime.intercept.DataIntroductionAdvice null
07:28:43.493 [default-nioEventLoopGroup-1-3] DEBUG io.micronaut.context.lifecycle -- Created bean [com.example.shopservice.repository.ProductRepository$Intercepted@21ca7455] from definition [Definition: com.example.shopservice.repository.ProductRepository$Intercepted] with qualifier [null]
07:28:43.493 [default-nioEventLoopGroup-1-3] DEBUG io.micronaut.core.reflect.ClassUtils -- Bean of type [class com.example.shopservice.controller.OrderController] uses reflection to inject field: 'productRepository'
07:28:43.494 [default-nioEventLoopGroup-1-3] DEBUG io.micronaut.context.lifecycle -- Created bean [com.example.shopservice.controller.OrderController@47914125] from definition [Definition: com.example.shopservice.controller.OrderController] with qualifier [null]
07:28:43.496 [default-nioEventLoopGroup-1-3] DEBUG org.hibernate.jpa.internal.util.FlushModeTypeHelper -- Interpreting Hibernate FlushMode#MANUAL to JPA FlushModeType#COMMIT; may cause problems if relying on FlushMode#MANUAL-specific behavior
07:28:43.496 [default-nioEventLoopGroup-1-3] DEBUG io.micronaut.transaction.hibernate.HibernateTransactionManager -- Not preparing JDBC Connection of Hibernate Session [SessionImpl(197322078<open>)]
07:28:43.496 [default-nioEventLoopGroup-1-3] DEBUG org.hibernate.engine.transaction.internal.TransactionImpl -- On TransactionImpl creation, JpaCompliance#isJpaTransactionComplianceEnabled == false
07:28:43.496 [default-nioEventLoopGroup-1-3] DEBUG org.hibernate.engine.transaction.internal.TransactionImpl -- begin
07:28:43.496 [default-nioEventLoopGroup-1-3] DEBUG org.hibernate.orm.query.hql -- HQL : SELECT user_ FROM com.example.shopservice.entity.User AS user_ WHERE (user_.id = :p1)
07:28:43.592 [default-nioEventLoopGroup-1-3] DEBUG org.hibernate.orm.query.hql.reservedWordAsIdentifier -- Encountered use of reserved word as identifier : =
07:28:43.605 [default-nioEventLoopGroup-1-3] DEBUG org.hibernate.orm.query.sqm.creation -- Applying inferable type to SqmExpression [SqmNamedParameter(p1)] : null -> SqmBasicValuedSimplePath(com.example.shopservice.entity.User(user_).id)
07:28:43.608 [default-nioEventLoopGroup-1-3] DEBUG org.hibernate.orm.query.sqm.ast -- SqmStatement Tree :
    -> [select]
      -> [query-spec]
        -> [select]
          -> [selection]
            -> [root] - `com.example.shopservice.entity.User(user_)`
            <- [root] - `com.example.shopservice.entity.User(user_)`
          <- [selection]
        <- [select]
        -> [from]
          -> [root] - `com.example.shopservice.entity.User(user_)`
          <- [root] - `com.example.shopservice.entity.User(user_)`
        <- [from]
        -> [where]
          -> [grouped]
              -> [EQUAL]
                  -> [basic-path] - `com.example.shopservice.entity.User(user_).id`
                  :p1
              <- [EQUAL]
          <- [grouped]
        <- [where]
      <- [query-spec]
    <- [select]

07:28:43.617 [default-nioEventLoopGroup-1-3] DEBUG org.hibernate.orm.sql.ast.create -- Created new SQL alias : u1_0
07:28:43.618 [default-nioEventLoopGroup-1-3] DEBUG org.hibernate.orm.sql.ast.create -- Registration of TableGroup [StandardTableGroup(com.example.shopservice.entity.User(user_))] with identifierForTableGroup [com.example.shopservice.entity.User] for NavigablePath [com.example.shopservice.entity.User] 
07:28:43.624 [default-nioEventLoopGroup-1-3] DEBUG org.hibernate.query.sqm.sql.BaseSqmToSqlAstConverter -- Determining mapping-model type for SqmParameter : SqmNamedParameter(p1)
07:28:43.624 [default-nioEventLoopGroup-1-3] DEBUG org.hibernate.query.sqm.sql.BaseSqmToSqlAstConverter -- Determining mapping-model type for SqmPath : SqmBasicValuedSimplePath(com.example.shopservice.entity.User(user_).id) 
07:28:43.628 [default-nioEventLoopGroup-1-3] DEBUG org.hibernate.orm.results.graph.AST -- DomainResult Graph:
 \-EntityResultImpl [com.example.shopservice.entity.User(user_)]
 |  +-BasicFetch [com.example.shopservice.entity.User(user_).email]
 |  \-BasicFetch [com.example.shopservice.entity.User(user_).username]

07:28:43.628 [default-nioEventLoopGroup-1-3] DEBUG org.hibernate.orm.sql.ast.tree -- SQL AST Tree:
    SelectStatement {
      FromClause {
        StandardTableGroup (u1 : com.example.shopservice.entity.User(user_)) {
          primaryTableReference : users as u1_0
        }
      }
    }

07:28:43.636 [default-nioEventLoopGroup-1-3] DEBUG org.hibernate.orm.sql.exec -- Skipping reading Query result cache data: cache-enabled = false, cache-mode = NORMAL
07:28:43.645 [default-nioEventLoopGroup-1-3] DEBUG org.hibernate.orm.results -- Initializer list:
	  com.example.shopservice.entity.User(user_) -> EntityResultInitializer(com.example.shopservice.entity.User(user_))@1636298896 (SingleTableEntityPersister(com.example.shopservice.entity.User))

07:28:43.646 [default-nioEventLoopGroup-1-3] DEBUG org.hibernate.SQL -- select u1_0.id,u1_0.email,u1_0.username from users u1_0 where (u1_0.id=?) fetch first ? rows only
07:28:43.648 [default-nioEventLoopGroup-1-3] DEBUG org.hibernate.orm.results -- Extracted JDBC value [0] - [1]
07:28:43.648 [default-nioEventLoopGroup-1-3] DEBUG org.hibernate.orm.results.loading.entity -- (EntityResultInitializer) Hydrated EntityKey (com.example.shopservice.entity.User(user_)): 1
07:28:43.649 [default-nioEventLoopGroup-1-3] DEBUG org.hibernate.orm.results.loading.entity -- (EntityResultInitializer) Created new entity instance [com.example.shopservice.entity.User(user_)#1] : 1174441732
07:28:43.649 [default-nioEventLoopGroup-1-3] DEBUG org.hibernate.orm.results -- Extracted JDBC value [1] - [bob@example.com]
07:28:43.649 [default-nioEventLoopGroup-1-3] DEBUG org.hibernate.orm.results -- Extracted JDBC value [2] - [bob]
07:28:43.650 [default-nioEventLoopGroup-1-3] DEBUG org.hibernate.orm.results.loading.entity -- (EntityResultInitializer) Done materializing entityInstance : com.example.shopservice.entity.User(user_)#1
07:28:43.650 [default-nioEventLoopGroup-1-3] DEBUG org.hibernate.orm.results.loading -- Calling top-level assembler (0 / 1) : org.hibernate.sql.results.graph.entity.internal.EntityAssembler@37cd87c
07:28:43.651 [default-nioEventLoopGroup-1-3] DEBUG io.micronaut.core.beans.DefaultBeanIntrospector -- Found BeanIntrospection for type: class com.example.shopservice.entity.User,
07:28:43.652 [default-nioEventLoopGroup-1-3] DEBUG io.micronaut.transaction.hibernate.HibernateTransactionManager -- Committing Hibernate transaction on Session [SessionImpl(197322078<open>)]
07:28:43.652 [default-nioEventLoopGroup-1-3] DEBUG org.hibernate.engine.transaction.internal.TransactionImpl -- committing
07:28:43.652 [default-nioEventLoopGroup-1-3] DEBUG org.hibernate.event.internal.AbstractFlushingEventListener -- Processing flush-time cascades
07:28:43.652 [default-nioEventLoopGroup-1-3] DEBUG org.hibernate.event.internal.AbstractFlushingEventListener -- Dirty checking collections
07:28:43.652 [default-nioEventLoopGroup-1-3] DEBUG org.hibernate.event.internal.AbstractFlushingEventListener -- Flushed: 0 insertions, 0 updates, 0 deletions to 1 objects
07:28:43.652 [default-nioEventLoopGroup-1-3] DEBUG org.hibernate.event.internal.AbstractFlushingEventListener -- Flushed: 0 (re)creations, 0 updates, 0 removals to 0 collections
07:28:43.652 [default-nioEventLoopGroup-1-3] DEBUG org.hibernate.internal.util.EntityPrinter -- Listing entities:
07:28:43.653 [default-nioEventLoopGroup-1-3] DEBUG org.hibernate.internal.util.EntityPrinter -- com.example.shopservice.entity.User{id=1, email=bob@example.com, username=bob}
07:28:43.653 [default-nioEventLoopGroup-1-3] DEBUG org.hibernate.resource.jdbc.internal.LogicalConnectionManagedImpl -- Initiating JDBC connection release from afterTransaction
07:28:43.653 [default-nioEventLoopGroup-1-3] DEBUG org.hibernate.resource.jdbc.internal.LogicalConnectionManagedImpl -- Initiating JDBC connection release from afterTransaction
07:28:43.654 [default-nioEventLoopGroup-1-3] DEBUG org.hibernate.engine.transaction.internal.TransactionImpl -- On TransactionImpl creation, JpaCompliance#isJpaTransactionComplianceEnabled == false
07:28:43.654 [default-nioEventLoopGroup-1-3] DEBUG org.hibernate.engine.transaction.internal.TransactionImpl -- begin
07:28:43.655 [default-nioEventLoopGroup-1-3] DEBUG org.hibernate.engine.spi.ActionQueue -- Executing identity-insert immediately
07:28:43.655 [default-nioEventLoopGroup-1-3] DEBUG io.micronaut.core.beans.DefaultBeanIntrospector -- Found BeanIntrospection for type: class io.micronaut.validation.validator.constraints.InternalConstraintValidators,
07:28:43.655 [default-nioEventLoopGroup-1-3] DEBUG io.micronaut.core.beans.DefaultBeanIntrospector -- Found BeanIntrospection for type: class io.micronaut.validation.validator.extractors.InternalValueExtractors,
07:28:43.656 [default-nioEventLoopGroup-1-3] DEBUG io.micronaut.core.beans.DefaultBeanIntrospector -- Found BeanIntrospection for type: class com.example.shopservice.entity.Order,
07:28:43.656 [default-nioEventLoopGroup-1-3] DEBUG io.micronaut.core.beans.DefaultBeanIntrospector -- Found BeanIntrospection for type: class com.example.shopservice.entity.Order,
07:28:43.656 [default-nioEventLoopGroup-1-3] DEBUG org.hibernate.SQL -- insert into orders (order_date,user_id,id) values (?,?,default)
07:28:43.658 [default-nioEventLoopGroup-1-3] DEBUG org.hibernate.id.IdentifierGeneratorHelper -- Natively generated identity (com.example.shopservice.entity.Order) : 1
07:28:43.658 [default-nioEventLoopGroup-1-3] DEBUG io.micronaut.core.beans.DefaultBeanIntrospector -- Found BeanIntrospection for type: class com.example.shopservice.entity.Order,
07:28:43.658 [default-nioEventLoopGroup-1-3] DEBUG io.micronaut.transaction.hibernate.HibernateTransactionManager -- Committing Hibernate transaction on Session [SessionImpl(1574644282<open>)]
07:28:43.658 [default-nioEventLoopGroup-1-3] DEBUG org.hibernate.engine.transaction.internal.TransactionImpl -- committing
07:28:43.658 [default-nioEventLoopGroup-1-3] DEBUG org.hibernate.event.internal.AbstractFlushingEventListener -- Processing flush-time cascades
07:28:43.658 [default-nioEventLoopGroup-1-3] DEBUG org.hibernate.event.internal.AbstractFlushingEventListener -- Dirty checking collections
07:28:43.658 [default-nioEventLoopGroup-1-3] DEBUG org.hibernate.event.internal.AbstractFlushingEventListener -- Flushed: 0 insertions, 0 updates, 0 deletions to 1 objects
07:28:43.658 [default-nioEventLoopGroup-1-3] DEBUG org.hibernate.event.internal.AbstractFlushingEventListener -- Flushed: 0 (re)creations, 0 updates, 0 removals to 0 collections
07:28:43.658 [default-nioEventLoopGroup-1-3] DEBUG org.hibernate.internal.util.EntityPrinter -- Listing entities:
07:28:43.658 [default-nioEventLoopGroup-1-3] DEBUG org.hibernate.internal.util.EntityPrinter -- com.example.shopservice.entity.Order{id=1, orderDate=2025-07-12T07:28:43.487184864, orderItems=null, user=com.example.shopservice.entity.User#1}
07:28:43.659 [default-nioEventLoopGroup-1-3] DEBUG org.hibernate.resource.jdbc.internal.LogicalConnectionManagedImpl -- Initiating JDBC connection release from afterTransaction
07:28:43.659 [default-nioEventLoopGroup-1-3] DEBUG org.hibernate.resource.jdbc.internal.LogicalConnectionManagedImpl -- Initiating JDBC connection release from afterTransaction
07:28:43.669 [default-nioEventLoopGroup-1-3] DEBUG io.micronaut.context.DefaultBeanContext -- Resolving beans for type: <HttpRequestTerminatedEvent> io.micronaut.context.event.ApplicationEventListener 
07:28:43.670 [default-nioEventLoopGroup-1-3] DEBUG io.micronaut.context.lifecycle -- Created bean [io.micronaut.runtime.http.scope.RequestCustomScope@1dfb4304] from definition [Definition: io.micronaut.runtime.http.scope.RequestCustomScope] with qualifier [null]
07:28:43.670 [default-nioEventLoopGroup-1-3] DEBUG io.micronaut.context.DefaultBeanContext -- Found a registration BeanRegistration: io.micronaut.runtime.http.scope.RequestCustomScope@1dfb4304 for candidate: Definition: io.micronaut.runtime.http.scope.RequestCustomScope with qualifier: <HttpRequestTerminatedEvent>
07:28:43.670 [default-nioEventLoopGroup-1-3] DEBUG io.micronaut.context.event.ApplicationEventPublisher -- Publishing event: io.micronaut.http.context.event.HttpRequestTerminatedEvent[source=POST /orders]
07:28:43.670 [default-nioEventLoopGroup-1-3] DEBUG io.micronaut.http.server.netty.RoutingInBoundHandler -- Response 200 - POST /orders
07:28:43.681 [main] DEBUG io.micronaut.http.client.netty.DefaultHttpClient -- Sending HTTP POST to http://localhost:45545/orders
07:28:43.683 [default-nioEventLoopGroup-1-3] DEBUG io.micronaut.http.server.netty.NettyRequestLifecycle -- Request POST /orders
07:28:43.683 [default-nioEventLoopGroup-1-3] DEBUG org.hibernate.jpa.internal.util.FlushModeTypeHelper -- Interpreting Hibernate FlushMode#MANUAL to JPA FlushModeType#COMMIT; may cause problems if relying on FlushMode#MANUAL-specific behavior
07:28:43.683 [default-nioEventLoopGroup-1-3] DEBUG io.micronaut.transaction.hibernate.HibernateTransactionManager -- Not preparing JDBC Connection of Hibernate Session [SessionImpl(989034950<open>)]
07:28:43.683 [default-nioEventLoopGroup-1-3] DEBUG org.hibernate.engine.transaction.internal.TransactionImpl -- On TransactionImpl creation, JpaCompliance#isJpaTransactionComplianceEnabled == false
07:28:43.683 [default-nioEventLoopGroup-1-3] DEBUG org.hibernate.engine.transaction.internal.TransactionImpl -- begin
07:28:43.684 [default-nioEventLoopGroup-1-3] DEBUG org.hibernate.orm.sql.exec -- Skipping reading Query result cache data: cache-enabled = false, cache-mode = NORMAL
07:28:43.684 [default-nioEventLoopGroup-1-3] DEBUG org.hibernate.orm.results -- Initializer list:
	  com.example.shopservice.entity.User(user_) -> EntityResultInitializer(com.example.shopservice.entity.User(user_))@1301709892 (SingleTableEntityPersister(com.example.shopservice.entity.User))

07:28:43.684 [default-nioEventLoopGroup-1-3] DEBUG org.hibernate.SQL -- select u1_0.id,u1_0.email,u1_0.username from users u1_0 where (u1_0.id=?) fetch first ? rows only
07:28:43.685 [default-nioEventLoopGroup-1-3] DEBUG org.hibernate.orm.results -- Extracted JDBC value [0] - [1]
07:28:43.685 [default-nioEventLoopGroup-1-3] DEBUG org.hibernate.orm.results.loading.entity -- (EntityResultInitializer) Hydrated EntityKey (com.example.shopservice.entity.User(user_)): 1
07:28:43.685 [default-nioEventLoopGroup-1-3] DEBUG org.hibernate.orm.results.loading.entity -- (EntityResultInitializer) Created new entity instance [com.example.shopservice.entity.User(user_)#1] : 1640922893
07:28:43.685 [default-nioEventLoopGroup-1-3] DEBUG org.hibernate.orm.results -- Extracted JDBC value [1] - [bob@example.com]
07:28:43.685 [default-nioEventLoopGroup-1-3] DEBUG org.hibernate.orm.results -- Extracted JDBC value [2] - [bob]
07:28:43.685 [default-nioEventLoopGroup-1-3] DEBUG org.hibernate.orm.results.loading.entity -- (EntityResultInitializer) Done materializing entityInstance : com.example.shopservice.entity.User(user_)#1
07:28:43.685 [default-nioEventLoopGroup-1-3] DEBUG org.hibernate.orm.results.loading -- Calling top-level assembler (0 / 1) : org.hibernate.sql.results.graph.entity.internal.EntityAssembler@188373d4
07:28:43.685 [default-nioEventLoopGroup-1-3] DEBUG io.micronaut.core.beans.DefaultBeanIntrospector -- Found BeanIntrospection for type: class com.example.shopservice.entity.User,
07:28:43.685 [default-nioEventLoopGroup-1-3] DEBUG io.micronaut.transaction.hibernate.HibernateTransactionManager -- Committing Hibernate transaction on Session [SessionImpl(989034950<open>)]
07:28:43.685 [default-nioEventLoopGroup-1-3] DEBUG org.hibernate.engine.transaction.internal.TransactionImpl -- committing
07:28:43.685 [default-nioEventLoopGroup-1-3] DEBUG org.hibernate.event.internal.AbstractFlushingEventListener -- Processing flush-time cascades
07:28:43.685 [default-nioEventLoopGroup-1-3] DEBUG org.hibernate.event.internal.AbstractFlushingEventListener -- Dirty checking collections
07:28:43.685 [default-nioEventLoopGroup-1-3] DEBUG org.hibernate.event.internal.AbstractFlushingEventListener -- Flushed: 0 insertions, 0 updates, 0 deletions to 1 objects
07:28:43.685 [default-nioEventLoopGroup-1-3] DEBUG org.hibernate.event.internal.AbstractFlushingEventListener -- Flushed: 0 (re)creations, 0 updates, 0 removals to 0 collections
07:28:43.685 [default-nioEventLoopGroup-1-3] DEBUG org.hibernate.internal.util.EntityPrinter -- Listing entities:
07:28:43.685 [default-nioEventLoopGroup-1-3] DEBUG org.hibernate.internal.util.EntityPrinter -- com.example.shopservice.entity.User{id=1, email=bob@example.com, username=bob}
07:28:43.685 [default-nioEventLoopGroup-1-3] DEBUG org.hibernate.resource.jdbc.internal.LogicalConnectionManagedImpl -- Initiating JDBC connection release from afterTransaction
07:28:43.685 [default-nioEventLoopGroup-1-3] DEBUG org.hibernate.resource.jdbc.internal.LogicalConnectionManagedImpl -- Initiating JDBC connection release from afterTransaction
07:28:43.686 [default-nioEventLoopGroup-1-3] DEBUG org.hibernate.jpa.internal.util.FlushModeTypeHelper -- Interpreting Hibernate FlushMode#MANUAL to JPA FlushModeType#COMMIT; may cause problems if relying on FlushMode#MANUAL-specific behavior
07:28:43.686 [default-nioEventLoopGroup-1-3] DEBUG io.micronaut.transaction.hibernate.HibernateTransactionManager -- Not preparing JDBC Connection of Hibernate Session [SessionImpl(1533434650<open>)]
07:28:43.686 [default-nioEventLoopGroup-1-3] DEBUG org.hibernate.engine.transaction.internal.TransactionImpl -- On TransactionImpl creation, JpaCompliance#isJpaTransactionComplianceEnabled == false
07:28:43.686 [default-nioEventLoopGroup-1-3] DEBUG org.hibernate.engine.transaction.internal.TransactionImpl -- begin
07:28:43.686 [default-nioEventLoopGroup-1-3] DEBUG org.hibernate.orm.query.hql -- HQL : SELECT product_ FROM com.example.shopservice.entity.Product AS product_ WHERE (product_.id = :p1)
07:28:43.687 [default-nioEventLoopGroup-1-3] DEBUG org.hibernate.orm.query.hql.reservedWordAsIdentifier -- Encountered use of reserved word as identifier : =
07:28:43.687 [default-nioEventLoopGroup-1-3] DEBUG org.hibernate.orm.query.sqm.creation -- Applying inferable type to SqmExpression [SqmNamedParameter(p1)] : null -> SqmBasicValuedSimplePath(com.example.shopservice.entity.Product(product_).id)
07:28:43.687 [default-nioEventLoopGroup-1-3] DEBUG org.hibernate.orm.query.sqm.ast -- SqmStatement Tree :
    -> [select]
      -> [query-spec]
        -> [select]
          -> [selection]
            -> [root] - `com.example.shopservice.entity.Product(product_)`
            <- [root] - `com.example.shopservice.entity.Product(product_)`
          <- [selection]
        <- [select]
        -> [from]
          -> [root] - `com.example.shopservice.entity.Product(product_)`
          <- [root] - `com.example.shopservice.entity.Product(product_)`
        <- [from]
        -> [where]
          -> [grouped]
              -> [EQUAL]
                  -> [basic-path] - `com.example.shopservice.entity.Product(product_).id`
                  :p1
              <- [EQUAL]
          <- [grouped]
        <- [where]
      <- [query-spec]
    <- [select]

07:28:43.687 [default-nioEventLoopGroup-1-3] DEBUG org.hibernate.orm.sql.ast.create -- Created new SQL alias : p1_0
07:28:43.687 [default-nioEventLoopGroup-1-3] DEBUG org.hibernate.orm.sql.ast.create -- Registration of TableGroup [StandardTableGroup(com.example.shopservice.entity.Product(product_))] with identifierForTableGroup [com.example.shopservice.entity.Product] for NavigablePath [com.example.shopservice.entity.Product] 
07:28:43.688 [default-nioEventLoopGroup-1-3] DEBUG org.hibernate.query.sqm.sql.BaseSqmToSqlAstConverter -- Determining mapping-model type for SqmParameter : SqmNamedParameter(p1)
07:28:43.688 [default-nioEventLoopGroup-1-3] DEBUG org.hibernate.query.sqm.sql.BaseSqmToSqlAstConverter -- Determining mapping-model type for SqmPath : SqmBasicValuedSimplePath(com.example.shopservice.entity.Product(product_).id) 
07:28:43.688 [default-nioEventLoopGroup-1-3] DEBUG org.hibernate.orm.results.graph.AST -- DomainResult Graph:
 \-EntityResultImpl [com.example.shopservice.entity.Product(product_)]
 |  +-BasicFetch [com.example.shopservice.entity.Product(product_).name]
 |  \-BasicFetch [com.example.shopservice.entity.Product(product_).price]

07:28:43.688 [default-nioEventLoopGroup-1-3] DEBUG org.hibernate.orm.sql.ast.tree -- SQL AST Tree:
    SelectStatement {
      FromClause {
        StandardTableGroup (p1 : com.example.shopservice.entity.Product(product_)) {
          primaryTableReference : products as p1_0
        }
      }
    }

07:28:43.688 [default-nioEventLoopGroup-1-3] DEBUG org.hibernate.orm.sql.exec -- Skipping reading Query result cache data: cache-enabled = false, cache-mode = NORMAL
07:28:43.688 [default-nioEventLoopGroup-1-3] DEBUG org.hibernate.orm.results -- Initializer list:
	  com.example.shopservice.entity.Product(product_) -> EntityResultInitializer(com.example.shopservice.entity.Product(product_))@1406254965 (SingleTableEntityPersister(com.example.shopservice.entity.Product))

07:28:43.688 [default-nioEventLoopGroup-1-3] DEBUG org.hibernate.SQL -- select p1_0.id,p1_0.name,p1_0.price from products p1_0 where (p1_0.id=?) fetch first ? rows only
07:28:43.689 [default-nioEventLoopGroup-1-3] DEBUG org.hibernate.orm.results -- Extracted JDBC value [0] - [1]
07:28:43.689 [default-nioEventLoopGroup-1-3] DEBUG org.hibernate.orm.results.loading.entity -- (EntityResultInitializer) Hydrated EntityKey (com.example.shopservice.entity.Product(product_)): 1
07:28:43.689 [default-nioEventLoopGroup-1-3] DEBUG org.hibernate.orm.results.loading.entity -- (EntityResultInitializer) Created new entity instance [com.example.shopservice.entity.Product(product_)#1] : 2105863189
07:28:43.689 [default-nioEventLoopGroup-1-3] DEBUG org.hibernate.orm.results -- Extracted JDBC value [1] - [Thing]
07:28:43.689 [default-nioEventLoopGroup-1-3] DEBUG org.hibernate.orm.results -- Extracted JDBC value [2] - [10.00]
07:28:43.689 [default-nioEventLoopGroup-1-3] DEBUG org.hibernate.orm.results.loading.entity -- (EntityResultInitializer) Done materializing entityInstance : com.example.shopservice.entity.Product(product_)#1
07:28:43.689 [default-nioEventLoopGroup-1-3] DEBUG org.hibernate.orm.results.loading -- Calling top-level assembler (0 / 1) : org.hibernate.sql.results.graph.entity.internal.EntityAssembler@2370cec7
07:28:43.689 [default-nioEventLoopGroup-1-3] DEBUG io.micronaut.core.beans.DefaultBeanIntrospector -- Found BeanIntrospection for type: class com.example.shopservice.entity.Product,
07:28:43.689 [default-nioEventLoopGroup-1-3] DEBUG io.micronaut.transaction.hibernate.HibernateTransactionManager -- Committing Hibernate transaction on Session [SessionImpl(1533434650<open>)]
07:28:43.689 [default-nioEventLoopGroup-1-3] DEBUG org.hibernate.engine.transaction.internal.TransactionImpl -- committing
07:28:43.689 [default-nioEventLoopGroup-1-3] DEBUG org.hibernate.event.internal.AbstractFlushingEventListener -- Processing flush-time cascades
07:28:43.689 [default-nioEventLoopGroup-1-3] DEBUG org.hibernate.event.internal.AbstractFlushingEventListener -- Dirty checking collections
07:28:43.689 [default-nioEventLoopGroup-1-3] DEBUG org.hibernate.event.internal.AbstractFlushingEventListener -- Flushed: 0 insertions, 0 updates, 0 deletions to 1 objects
07:28:43.689 [default-nioEventLoopGroup-1-3] DEBUG org.hibernate.event.internal.AbstractFlushingEventListener -- Flushed: 0 (re)creations, 0 updates, 0 removals to 0 collections
07:28:43.689 [default-nioEventLoopGroup-1-3] DEBUG org.hibernate.internal.util.EntityPrinter -- Listing entities:
07:28:43.689 [default-nioEventLoopGroup-1-3] DEBUG org.hibernate.internal.util.EntityPrinter -- com.example.shopservice.entity.Product{price=10.00, name=Thing, id=1}
07:28:43.689 [default-nioEventLoopGroup-1-3] DEBUG org.hibernate.resource.jdbc.internal.LogicalConnectionManagedImpl -- Initiating JDBC connection release from afterTransaction
07:28:43.689 [default-nioEventLoopGroup-1-3] DEBUG org.hibernate.resource.jdbc.internal.LogicalConnectionManagedImpl -- Initiating JDBC connection release from afterTransaction
07:28:43.689 [default-nioEventLoopGroup-1-3] DEBUG org.hibernate.jpa.internal.util.FlushModeTypeHelper -- Interpreting Hibernate FlushMode#MANUAL to JPA FlushModeType#COMMIT; may cause problems if relying on FlushMode#MANUAL-specific behavior
07:28:43.689 [default-nioEventLoopGroup-1-3] DEBUG io.micronaut.transaction.hibernate.HibernateTransactionManager -- Not preparing JDBC Connection of Hibernate Session [SessionImpl(549570822<open>)]
07:28:43.689 [default-nioEventLoopGroup-1-3] DEBUG org.hibernate.engine.transaction.internal.TransactionImpl -- On TransactionImpl creation, JpaCompliance#isJpaTransactionComplianceEnabled == false
07:28:43.689 [default-nioEventLoopGroup-1-3] DEBUG org.hibernate.engine.transaction.internal.TransactionImpl -- begin
07:28:43.690 [default-nioEventLoopGroup-1-3] DEBUG org.hibernate.orm.sql.exec -- Skipping reading Query result cache data: cache-enabled = false, cache-mode = NORMAL
07:28:43.690 [default-nioEventLoopGroup-1-3] DEBUG org.hibernate.orm.results -- Initializer list:
	  com.example.shopservice.entity.Product(product_) -> EntityResultInitializer(com.example.shopservice.entity.Product(product_))@1017605858 (SingleTableEntityPersister(com.example.shopservice.entity.Product))

07:28:43.690 [default-nioEventLoopGroup-1-3] DEBUG org.hibernate.SQL -- select p1_0.id,p1_0.name,p1_0.price from products p1_0 where (p1_0.id=?) fetch first ? rows only
07:28:43.690 [default-nioEventLoopGroup-1-3] DEBUG org.hibernate.orm.results -- Extracted JDBC value [0] - [2]
07:28:43.690 [default-nioEventLoopGroup-1-3] DEBUG org.hibernate.orm.results.loading.entity -- (EntityResultInitializer) Hydrated EntityKey (com.example.shopservice.entity.Product(product_)): 2
07:28:43.690 [default-nioEventLoopGroup-1-3] DEBUG org.hibernate.orm.results.loading.entity -- (EntityResultInitializer) Created new entity instance [com.example.shopservice.entity.Product(product_)#2] : 1839029597
07:28:43.690 [default-nioEventLoopGroup-1-3] DEBUG org.hibernate.orm.results -- Extracted JDBC value [1] - [Gadget]
07:28:43.690 [default-nioEventLoopGroup-1-3] DEBUG org.hibernate.orm.results -- Extracted JDBC value [2] - [5.50]
07:28:43.690 [default-nioEventLoopGroup-1-3] DEBUG org.hibernate.orm.results.loading.entity -- (EntityResultInitializer) Done materializing entityInstance : com.example.shopservice.entity.Product(product_)#2
07:28:43.690 [default-nioEventLoopGroup-1-3] DEBUG org.hibernate.orm.results.loading -- Calling top-level assembler (0 / 1) : org.hibernate.sql.results.graph.entity.internal.EntityAssembler@6a4afe72
07:28:43.690 [default-nioEventLoopGroup-1-3] DEBUG io.micronaut.core.beans.DefaultBeanIntrospector -- Found BeanIntrospection for type: class com.example.shopservice.entity.Product,
07:28:43.690 [default-nioEventLoopGroup-1-3] DEBUG io.micronaut.transaction.hibernate.HibernateTransactionManager -- Committing Hibernate transaction on Session [SessionImpl(549570822<open>)]
07:28:43.690 [default-nioEventLoopGroup-1-3] DEBUG org.hibernate.engine.transaction.internal.TransactionImpl -- committing
07:28:43.690 [default-nioEventLoopGroup-1-3] DEBUG org.hibernate.event.internal.AbstractFlushingEventListener -- Processing flush-time cascades
07:28:43.690 [default-nioEventLoopGroup-1-3] DEBUG org.hibernate.event.internal.AbstractFlushingEventListener -- Dirty checking collections
07:28:43.690 [default-nioEventLoopGroup-1-3] DEBUG org.hibernate.event.internal.AbstractFlushingEventListener -- Flushed: 0 insertions, 0 updates, 0 deletions to 1 objects
07:28:43.690 [default-nioEventLoopGroup-1-3] DEBUG org.hibernate.event.internal.AbstractFlushingEventListener -- Flushed: 0 (re)creations, 0 updates, 0 removals to 0 collections
07:28:43.690 [default-nioEventLoopGroup-1-3] DEBUG org.hibernate.internal.util.EntityPrinter -- Listing entities:
07:28:43.690 [default-nioEventLoopGroup-1-3] DEBUG org.hibernate.internal.util.EntityPrinter -- com.example.shopservice.entity.Product{price=5.50, name=Gadget, id=2}
07:28:43.690 [default-nioEventLoopGroup-1-3] DEBUG org.hibernate.resource.jdbc.internal.LogicalConnectionManagedImpl -- Initiating JDBC connection release from afterTransaction
07:28:43.690 [default-nioEventLoopGroup-1-3] DEBUG org.hibernate.resource.jdbc.internal.LogicalConnectionManagedImpl -- Initiating JDBC connection release from afterTransaction
07:28:43.691 [default-nioEventLoopGroup-1-3] DEBUG org.hibernate.engine.transaction.internal.TransactionImpl -- On TransactionImpl creation, JpaCompliance#isJpaTransactionComplianceEnabled == false
07:28:43.691 [default-nioEventLoopGroup-1-3] DEBUG org.hibernate.engine.transaction.internal.TransactionImpl -- begin
07:28:43.694 [default-nioEventLoopGroup-1-3] DEBUG org.hibernate.engine.spi.ActionQueue -- Executing identity-insert immediately
07:28:43.694 [default-nioEventLoopGroup-1-3] DEBUG io.micronaut.core.beans.DefaultBeanIntrospector -- Found BeanIntrospection for type: class io.micronaut.validation.validator.constraints.InternalConstraintValidators,
07:28:43.694 [default-nioEventLoopGroup-1-3] DEBUG io.micronaut.core.beans.DefaultBeanIntrospector -- Found BeanIntrospection for type: class io.micronaut.validation.validator.extractors.InternalValueExtractors,
07:28:43.694 [default-nioEventLoopGroup-1-3] DEBUG io.micronaut.core.beans.DefaultBeanIntrospector -- Found BeanIntrospection for type: class com.example.shopservice.entity.Order,
07:28:43.695 [default-nioEventLoopGroup-1-3] DEBUG io.micronaut.core.beans.DefaultBeanIntrospector -- Found BeanIntrospection for type: class com.example.shopservice.entity.Order,
07:28:43.695 [default-nioEventLoopGroup-1-3] DEBUG org.hibernate.SQL -- insert into orders (order_date,user_id,id) values (?,?,default)
07:28:43.695 [default-nioEventLoopGroup-1-3] DEBUG org.hibernate.id.IdentifierGeneratorHelper -- Natively generated identity (com.example.shopservice.entity.Order) : 2
07:28:43.695 [default-nioEventLoopGroup-1-3] DEBUG io.micronaut.core.beans.DefaultBeanIntrospector -- Found BeanIntrospection for type: class com.example.shopservice.entity.Order,
07:28:43.697 [default-nioEventLoopGroup-1-3] DEBUG org.hibernate.engine.spi.ActionQueue -- Executing identity-insert immediately
07:28:43.697 [default-nioEventLoopGroup-1-3] DEBUG io.micronaut.core.beans.DefaultBeanIntrospector -- Found BeanIntrospection for type: class io.micronaut.validation.validator.constraints.InternalConstraintValidators,
07:28:43.697 [default-nioEventLoopGroup-1-3] DEBUG io.micronaut.core.beans.DefaultBeanIntrospector -- Found BeanIntrospection for type: class io.micronaut.validation.validator.extractors.InternalValueExtractors,
07:28:43.697 [default-nioEventLoopGroup-1-3] DEBUG io.micronaut.core.beans.DefaultBeanIntrospector -- Found BeanIntrospection for type: class com.example.shopservice.entity.OrderItem,
07:28:43.697 [default-nioEventLoopGroup-1-3] DEBUG io.micronaut.core.beans.DefaultBeanIntrospector -- Found BeanIntrospection for type: class com.example.shopservice.entity.OrderItem,
07:28:43.697 [default-nioEventLoopGroup-1-3] DEBUG io.micronaut.core.beans.DefaultBeanIntrospector -- Found BeanIntrospection for type: class com.example.shopservice.entity.OrderItem,
07:28:43.698 [default-nioEventLoopGroup-1-3] DEBUG org.hibernate.SQL -- insert into order_items (order_id,product_id,quantity,id) values (?,?,?,default)
07:28:43.698 [default-nioEventLoopGroup-1-3] DEBUG org.hibernate.id.IdentifierGeneratorHelper -- Natively generated identity (com.example.shopservice.entity.OrderItem) : 1
07:28:43.698 [default-nioEventLoopGroup-1-3] DEBUG io.micronaut.core.beans.DefaultBeanIntrospector -- Found BeanIntrospection for type: class com.example.shopservice.entity.OrderItem,
07:28:43.698 [default-nioEventLoopGroup-1-3] DEBUG org.hibernate.engine.spi.ActionQueue -- Executing identity-insert immediately
07:28:43.698 [default-nioEventLoopGroup-1-3] DEBUG io.micronaut.core.beans.DefaultBeanIntrospector -- Found BeanIntrospection for type: class io.micronaut.validation.validator.constraints.InternalConstraintValidators,
07:28:43.698 [default-nioEventLoopGroup-1-3] DEBUG io.micronaut.core.beans.DefaultBeanIntrospector -- Found BeanIntrospection for type: class io.micronaut.validation.validator.extractors.InternalValueExtractors,
07:28:43.698 [default-nioEventLoopGroup-1-3] DEBUG io.micronaut.core.beans.DefaultBeanIntrospector -- Found BeanIntrospection for type: class com.example.shopservice.entity.OrderItem,
07:28:43.699 [default-nioEventLoopGroup-1-3] DEBUG io.micronaut.core.beans.DefaultBeanIntrospector -- Found BeanIntrospection for type: class com.example.shopservice.entity.OrderItem,
07:28:43.699 [default-nioEventLoopGroup-1-3] DEBUG org.hibernate.SQL -- insert into order_items (order_id,product_id,quantity,id) values (?,?,?,default)
07:28:43.699 [default-nioEventLoopGroup-1-3] DEBUG org.hibernate.id.IdentifierGeneratorHelper -- Natively generated identity (com.example.shopservice.entity.OrderItem) : 2
07:28:43.699 [default-nioEventLoopGroup-1-3] DEBUG io.micronaut.core.beans.DefaultBeanIntrospector -- Found BeanIntrospection for type: class com.example.shopservice.entity.OrderItem,
07:28:43.699 [default-nioEventLoopGroup-1-3] DEBUG io.micronaut.transaction.hibernate.HibernateTransactionManager -- Committing Hibernate transaction on Session [SessionImpl(2063982200<open>)]
07:28:43.699 [default-nioEventLoopGroup-1-3] DEBUG org.hibernate.engine.transaction.internal.TransactionImpl -- committing
07:28:43.699 [default-nioEventLoopGroup-1-3] DEBUG org.hibernate.event.internal.AbstractFlushingEventListener -- Processing flush-time cascades
07:28:43.699 [default-nioEventLoopGroup-1-3] DEBUG org.hibernate.event.internal.AbstractFlushingEventListener -- Dirty checking collections
07:28:43.701 [default-nioEventLoopGroup-1-3] DEBUG org.hibernate.engine.internal.Collections -- Collection found: [com.example.shopservice.entity.Order.orderItems#2], was: [<unreferenced>] (initialized)
07:28:43.702 [default-nioEventLoopGroup-1-3] DEBUG org.hibernate.event.internal.AbstractFlushingEventListener -- Flushed: 0 insertions, 0 updates, 0 deletions to 3 objects
07:28:43.702 [default-nioEventLoopGroup-1-3] DEBUG org.hibernate.event.internal.AbstractFlushingEventListener -- Flushed: 1 (re)creations, 0 updates, 0 removals to 1 collections
07:28:43.702 [default-nioEventLoopGroup-1-3] DEBUG org.hibernate.internal.util.EntityPrinter -- Listing entities:
07:28:43.702 [default-nioEventLoopGroup-1-3] DEBUG org.hibernate.internal.util.EntityPrinter -- com.example.shopservice.entity.Order{id=2, orderDate=2025-07-12T07:28:43.683290333, orderItems=[com.example.shopservice.entity.OrderItem#1, com.example.shopservice.entity.OrderItem#2], user=com.example.shopservice.entity.User#1}
07:28:43.702 [default-nioEventLoopGroup-1-3] DEBUG org.hibernate.internal.util.EntityPrinter -- com.example.shopservice.entity.OrderItem{product=com.example.shopservice.entity.Product#2, quantity=1, id=2, order=com.example.shopservice.entity.Order#2}
07:28:43.702 [default-nioEventLoopGroup-1-3] DEBUG org.hibernate.internal.util.EntityPrinter -- com.example.shopservice.entity.OrderItem{product=com.example.shopservice.entity.Product#1, quantity=2, id=1, order=com.example.shopservice.entity.Order#2}
07:28:43.705 [default-nioEventLoopGroup-1-3] DEBUG org.hibernate.resource.jdbc.internal.LogicalConnectionManagedImpl -- Initiating JDBC connection release from afterTransaction
07:28:43.705 [default-nioEventLoopGroup-1-3] DEBUG org.hibernate.resource.jdbc.internal.LogicalConnectionManagedImpl -- Initiating JDBC connection release from afterTransaction
07:28:43.714 [default-nioEventLoopGroup-1-3] DEBUG io.micronaut.context.event.ApplicationEventPublisher -- Publishing event: io.micronaut.http.context.event.HttpRequestTerminatedEvent[source=POST /orders]
07:28:43.714 [default-nioEventLoopGroup-1-3] DEBUG io.micronaut.http.server.netty.RoutingInBoundHandler -- Response 200 - POST /orders
07:28:43.717 [main] DEBUG io.micronaut.http.client.netty.DefaultHttpClient -- Sending HTTP GET to http://localhost:45545/orders/2
07:28:43.718 [default-nioEventLoopGroup-1-3] DEBUG io.micronaut.http.server.netty.NettyRequestLifecycle -- Request GET /orders/2
07:28:43.720 [default-nioEventLoopGroup-1-3] DEBUG org.hibernate.jpa.internal.util.FlushModeTypeHelper -- Interpreting Hibernate FlushMode#MANUAL to JPA FlushModeType#COMMIT; may cause problems if relying on FlushMode#MANUAL-specific behavior
07:28:43.720 [default-nioEventLoopGroup-1-3] DEBUG io.micronaut.transaction.hibernate.HibernateTransactionManager -- Not preparing JDBC Connection of Hibernate Session [SessionImpl(485864975<open>)]
07:28:43.720 [default-nioEventLoopGroup-1-3] DEBUG org.hibernate.engine.transaction.internal.TransactionImpl -- On TransactionImpl creation, JpaCompliance#isJpaTransactionComplianceEnabled == false
07:28:43.720 [default-nioEventLoopGroup-1-3] DEBUG org.hibernate.engine.transaction.internal.TransactionImpl -- begin
07:28:43.720 [default-nioEventLoopGroup-1-3] DEBUG org.hibernate.orm.query.hql -- HQL : SELECT order_ FROM com.example.shopservice.entity.Order AS order_ WHERE (order_.id = :p1)
07:28:43.721 [default-nioEventLoopGroup-1-3] DEBUG org.hibernate.orm.query.hql.reservedWordAsIdentifier -- Encountered use of reserved word as identifier : AS
07:28:43.721 [default-nioEventLoopGroup-1-3] DEBUG org.hibernate.orm.query.hql.reservedWordAsIdentifier -- Encountered use of reserved word as identifier : =
07:28:43.721 [default-nioEventLoopGroup-1-3] DEBUG org.hibernate.orm.query.sqm.creation -- Applying inferable type to SqmExpression [SqmNamedParameter(p1)] : null -> SqmBasicValuedSimplePath(com.example.shopservice.entity.Order(order_).id)
07:28:43.722 [default-nioEventLoopGroup-1-3] DEBUG org.hibernate.orm.query.sqm.ast -- SqmStatement Tree :
    -> [select]
      -> [query-spec]
        -> [select]
          -> [selection]
            -> [root] - `com.example.shopservice.entity.Order(order_)`
            <- [root] - `com.example.shopservice.entity.Order(order_)`
          <- [selection]
        <- [select]
        -> [from]
          -> [root] - `com.example.shopservice.entity.Order(order_)`
          <- [root] - `com.example.shopservice.entity.Order(order_)`
        <- [from]
        -> [where]
          -> [grouped]
              -> [EQUAL]
                  -> [basic-path] - `com.example.shopservice.entity.Order(order_).id`
                  :p1
              <- [EQUAL]
          <- [grouped]
        <- [where]
      <- [query-spec]
    <- [select]

07:28:43.722 [default-nioEventLoopGroup-1-3] DEBUG org.hibernate.orm.sql.ast.create -- Created new SQL alias : o1_0
07:28:43.722 [default-nioEventLoopGroup-1-3] DEBUG org.hibernate.orm.sql.ast.create -- Registration of TableGroup [StandardTableGroup(com.example.shopservice.entity.Order(order_))] with identifierForTableGroup [com.example.shopservice.entity.Order] for NavigablePath [com.example.shopservice.entity.Order] 
07:28:43.722 [default-nioEventLoopGroup-1-3] DEBUG org.hibernate.orm.sql.ast.create -- Registration of TableGroup [org.hibernate.sql.ast.tree.from.LazyTableGroup@7204b214] with identifierForTableGroup [com.example.shopservice.entity.Order.user] for NavigablePath [com.example.shopservice.entity.Order.user] 
07:28:43.723 [default-nioEventLoopGroup-1-3] DEBUG org.hibernate.query.sqm.sql.BaseSqmToSqlAstConverter -- Determining mapping-model type for SqmParameter : SqmNamedParameter(p1)
07:28:43.723 [default-nioEventLoopGroup-1-3] DEBUG org.hibernate.query.sqm.sql.BaseSqmToSqlAstConverter -- Determining mapping-model type for SqmPath : SqmBasicValuedSimplePath(com.example.shopservice.entity.Order(order_).id) 
07:28:43.723 [default-nioEventLoopGroup-1-3] DEBUG org.hibernate.orm.results.graph.AST -- DomainResult Graph:
 \-EntityResultImpl [com.example.shopservice.entity.Order(order_)]
 |  +-BasicFetch [com.example.shopservice.entity.Order(order_).orderDate]
 |  +-DelayedCollectionFetch [com.example.shopservice.entity.Order(order_).orderItems]
 |  \-EntityFetchSelectImpl [com.example.shopservice.entity.Order(order_).user]

07:28:43.723 [default-nioEventLoopGroup-1-3] DEBUG org.hibernate.orm.sql.ast.tree -- SQL AST Tree:
    SelectStatement {
      FromClause {
        StandardTableGroup (o1 : com.example.shopservice.entity.Order(order_)) {
          primaryTableReference : orders as o1_0
          TableGroupJoins {
            left  join LazyTableGroup (u1 : com.example.shopservice.entity.Order(order_).user) {
            }
          }
        }
      }
    }

07:28:43.724 [default-nioEventLoopGroup-1-3] DEBUG org.hibernate.orm.sql.exec -- Skipping reading Query result cache data: cache-enabled = false, cache-mode = NORMAL
07:28:43.728 [default-nioEventLoopGroup-1-3] DEBUG org.hibernate.orm.results -- Initializer list:
	  com.example.shopservice.entity.Order(order_).orderItems -> DelayedCollectionInitializer(com.example.shopservice.entity.Order(order_).orderItems)@2143929548 (PluralAttribute(com.example.shopservice.entity.Order.orderItems))
	  com.example.shopservice.entity.Order(order_).user -> EntitySelectFetchInitializer(com.example.shopservice.entity.Order(order_).user)@1875307995 (ToOneAttributeMapping(NavigableRole[com.example.shopservice.entity.Order.user])@1127852667)
	  com.example.shopservice.entity.Order(order_) -> EntityResultInitializer(com.example.shopservice.entity.Order(order_))@1702548319 (SingleTableEntityPersister(com.example.shopservice.entity.Order))

07:28:43.728 [default-nioEventLoopGroup-1-3] DEBUG org.hibernate.SQL -- select o1_0.id,o1_0.order_date,o1_0.user_id from orders o1_0 where (o1_0.id=?) fetch first ? rows only
07:28:43.729 [default-nioEventLoopGroup-1-3] DEBUG org.hibernate.orm.results -- Extracted JDBC value [0] - [2]
07:28:43.729 [default-nioEventLoopGroup-1-3] DEBUG org.hibernate.orm.results.loading.entity -- (EntityResultInitializer) Hydrated EntityKey (com.example.shopservice.entity.Order(order_)): 2
07:28:43.729 [default-nioEventLoopGroup-1-3] DEBUG org.hibernate.orm.results -- Extracted JDBC value [0] - [2]
07:28:43.729 [default-nioEventLoopGroup-1-3] DEBUG org.hibernate.orm.results.loading.org.hibernate.orm.results.loading.collection -- (DelayedCollectionInitializer) Current row collection key : com.example.shopservice.entity.Order(order_).orderItems#2
07:28:43.729 [default-nioEventLoopGroup-1-3] DEBUG org.hibernate.orm.results.loading.entity -- (EntityResultInitializer) Created new entity instance [com.example.shopservice.entity.Order(order_)#2] : 1844724592
07:28:43.730 [default-nioEventLoopGroup-1-3] DEBUG org.hibernate.orm.results -- Extracted JDBC value [2] - [1]
07:28:43.730 [default-nioEventLoopGroup-1-3] DEBUG org.hibernate.orm.results.loading.entity -- (EntitySelectFetchInitializer) Invoking session#internalLoad for entity (com.example.shopservice.entity.Order(order_).user#1) : 1
07:28:43.733 [default-nioEventLoopGroup-1-3] DEBUG org.hibernate.orm.sql.exec -- Skipping reading Query result cache data: cache-enabled = false, cache-mode = IGNORE
07:28:43.733 [default-nioEventLoopGroup-1-3] DEBUG org.hibernate.orm.results -- Initializer list:
	  com.example.shopservice.entity.User -> EntityResultInitializer(com.example.shopservice.entity.User)@448833776 (SingleTableEntityPersister(com.example.shopservice.entity.User))

07:28:43.733 [default-nioEventLoopGroup-1-3] DEBUG org.hibernate.SQL -- select u1_0.id,u1_0.email,u1_0.username from users u1_0 where u1_0.id=?
07:28:43.733 [default-nioEventLoopGroup-1-3] DEBUG org.hibernate.orm.results.loading.entity -- (EntityResultInitializer) Hydrated EntityKey (com.example.shopservice.entity.User): 1
07:28:43.733 [default-nioEventLoopGroup-1-3] DEBUG org.hibernate.orm.results.loading.entity -- (EntityResultInitializer) Created new entity instance [com.example.shopservice.entity.User#1] : 522245845
07:28:43.734 [default-nioEventLoopGroup-1-3] DEBUG org.hibernate.orm.results -- Extracted JDBC value [1] - [bob@example.com]
07:28:43.734 [default-nioEventLoopGroup-1-3] DEBUG org.hibernate.orm.results -- Extracted JDBC value [2] - [bob]
07:28:43.734 [default-nioEventLoopGroup-1-3] DEBUG org.hibernate.orm.results.loading.entity -- (EntityResultInitializer) Done materializing entityInstance : com.example.shopservice.entity.User#1
07:28:43.734 [default-nioEventLoopGroup-1-3] DEBUG org.hibernate.orm.results.loading -- Calling top-level assembler (0 / 1) : org.hibernate.sql.results.graph.entity.internal.EntityAssembler@386ae9
07:28:43.734 [default-nioEventLoopGroup-1-3] DEBUG io.micronaut.core.beans.DefaultBeanIntrospector -- Found BeanIntrospection for type: class com.example.shopservice.entity.User,
07:28:43.734 [default-nioEventLoopGroup-1-3] DEBUG org.hibernate.orm.results.loading.entity -- (EntitySelectFetchInitializer) Entity [com.example.shopservice.entity.Order(order_).user#1] : 1 has being loaded by session.internalLoad.
07:28:43.734 [default-nioEventLoopGroup-1-3] DEBUG org.hibernate.orm.results -- Extracted JDBC value [1] - [2025-07-12T07:28:43.683290]
07:28:43.735 [default-nioEventLoopGroup-1-3] DEBUG org.hibernate.orm.results.loading.entity -- (EntityResultInitializer) Done materializing entityInstance : com.example.shopservice.entity.Order(order_)#2
07:28:43.735 [default-nioEventLoopGroup-1-3] DEBUG org.hibernate.orm.results.loading -- Calling top-level assembler (0 / 1) : org.hibernate.sql.results.graph.entity.internal.EntityAssembler@69164fa6
07:28:43.735 [default-nioEventLoopGroup-1-3] DEBUG io.micronaut.core.beans.DefaultBeanIntrospector -- Found BeanIntrospection for type: class com.example.shopservice.entity.Order,
07:28:43.735 [default-nioEventLoopGroup-1-3] DEBUG io.micronaut.transaction.hibernate.HibernateTransactionManager -- Committing Hibernate transaction on Session [SessionImpl(485864975<open>)]
07:28:43.735 [default-nioEventLoopGroup-1-3] DEBUG org.hibernate.engine.transaction.internal.TransactionImpl -- committing
07:28:43.735 [default-nioEventLoopGroup-1-3] DEBUG org.hibernate.event.internal.AbstractFlushingEventListener -- Processing flush-time cascades
07:28:43.735 [default-nioEventLoopGroup-1-3] DEBUG org.hibernate.event.internal.AbstractFlushingEventListener -- Dirty checking collections
07:28:43.735 [default-nioEventLoopGroup-1-3] DEBUG org.hibernate.engine.internal.Collections -- Collection found: [com.example.shopservice.entity.Order.orderItems#2], was: [com.example.shopservice.entity.Order.orderItems#2] (uninitialized)
07:28:43.735 [default-nioEventLoopGroup-1-3] DEBUG org.hibernate.event.internal.AbstractFlushingEventListener -- Flushed: 0 insertions, 0 updates, 0 deletions to 2 objects
07:28:43.735 [default-nioEventLoopGroup-1-3] DEBUG org.hibernate.event.internal.AbstractFlushingEventListener -- Flushed: 0 (re)creations, 0 updates, 0 removals to 1 collections
07:28:43.735 [default-nioEventLoopGroup-1-3] DEBUG org.hibernate.internal.util.EntityPrinter -- Listing entities:
07:28:43.735 [default-nioEventLoopGroup-1-3] DEBUG org.hibernate.internal.util.EntityPrinter -- com.example.shopservice.entity.Order{id=2, orderDate=2025-07-12T07:28:43.683290, orderItems=<uninitialized>, user=com.example.shopservice.entity.User#1}
07:28:43.735 [default-nioEventLoopGroup-1-3] DEBUG org.hibernate.internal.util.EntityPrinter -- com.example.shopservice.entity.User{id=1, email=bob@example.com, username=bob}
07:28:43.735 [default-nioEventLoopGroup-1-3] DEBUG org.hibernate.resource.jdbc.internal.LogicalConnectionManagedImpl -- Initiating JDBC connection release from afterTransaction
07:28:43.735 [default-nioEventLoopGroup-1-3] DEBUG org.hibernate.resource.jdbc.internal.LogicalConnectionManagedImpl -- Initiating JDBC connection release from afterTransaction
07:28:43.738 [default-nioEventLoopGroup-1-3] ERROR io.micronaut.http.server.RouteExecutor -- Unexpected error occurred: Error encoding object [com.example.shopservice.entity.Order@6df44370] to JSON: failed to lazily initialize a collection of role: com.example.shopservice.entity.Order.orderItems: could not initialize proxy - no Session (through reference chain: com.example.shopservice.entity.Order["orderItems"])
io.micronaut.http.codec.CodecException: Error encoding object [com.example.shopservice.entity.Order@6df44370] to JSON: failed to lazily initialize a collection of role: com.example.shopservice.entity.Order.orderItems: could not initialize proxy - no Session (through reference chain: com.example.shopservice.entity.Order["orderItems"])
	at io.micronaut.json.body.JsonMessageHandler.decorateWrite(JsonMessageHandler.java:131)
	at io.micronaut.json.body.JsonMessageHandler.writeTo(JsonMessageHandler.java:140)
	at io.micronaut.http.body.MessageBodyWriter.writeTo(MessageBodyWriter.java:138)
	at io.micronaut.http.netty.body.NettyJsonHandler.writeTo(NettyJsonHandler.java:137)
	at io.micronaut.http.server.netty.RoutingInBoundHandler$CompatNettyWriteClosure.writeTo(RoutingInBoundHandler.java:527)
	at io.micronaut.http.server.netty.RoutingInBoundHandler.writeNettyMessageBody(RoutingInBoundHandler.java:359)
	at io.micronaut.http.server.netty.RoutingInBoundHandler.encodeHttpResponse(RoutingInBoundHandler.java:338)
	at io.micronaut.http.server.netty.RoutingInBoundHandler.writeResponse(RoutingInBoundHandler.java:233)
	at io.micronaut.http.server.netty.NettyRequestLifecycle.lambda$handleNormal$0(NettyRequestLifecycle.java:87)
	at io.micronaut.core.execution.ImperativeExecutionFlowImpl.onComplete(ImperativeExecutionFlowImpl.java:132)
	at io.micronaut.http.server.netty.NettyRequestLifecycle.handleNormal(NettyRequestLifecycle.java:87)
	at io.micronaut.http.server.netty.RoutingInBoundHandler.accept(RoutingInBoundHandler.java:220)
	at io.micronaut.http.server.netty.websocket.NettyServerWebSocketUpgradeHandler.accept(NettyServerWebSocketUpgradeHandler.java:156)
	at io.micronaut.http.server.netty.handler.PipeliningServerHandler$MessageInboundHandler.read(PipeliningServerHandler.java:357)
	at io.micronaut.http.server.netty.handler.PipeliningServerHandler.channelRead(PipeliningServerHandler.java:206)
	at io.netty.channel.AbstractChannelHandlerContext.invokeChannelRead(AbstractChannelHandlerContext.java:444)
	at io.netty.channel.AbstractChannelHandlerContext.invokeChannelRead(AbstractChannelHandlerContext.java:420)
	at io.netty.channel.AbstractChannelHandlerContext.fireChannelRead(AbstractChannelHandlerContext.java:412)
	at io.netty.channel.ChannelInboundHandlerAdapter.channelRead(ChannelInboundHandlerAdapter.java:93)
	at io.netty.handler.codec.http.websocketx.extensions.WebSocketServerExtensionHandler.onHttpRequestChannelRead(WebSocketServerExtensionHandler.java:160)
	at io.netty.handler.codec.http.websocketx.extensions.WebSocketServerExtensionHandler.channelRead(WebSocketServerExtensionHandler.java:83)
	at io.netty.channel.AbstractChannelHandlerContext.invokeChannelRead(AbstractChannelHandlerContext.java:442)
	at io.netty.channel.AbstractChannelHandlerContext.invokeChannelRead(AbstractChannelHandlerContext.java:420)
	at io.netty.channel.AbstractChannelHandlerContext.fireChannelRead(AbstractChannelHandlerContext.java:412)
	at io.netty.handler.codec.MessageToMessageDecoder.channelRead(MessageToMessageDecoder.java:103)
	at io.netty.channel.AbstractChannelHandlerContext.invokeChannelRead(AbstractChannelHandlerContext.java:444)
	at io.netty.channel.AbstractChannelHandlerContext.invokeChannelRead(AbstractChannelHandlerContext.java:420)
	at io.netty.channel.AbstractChannelHandlerContext.fireChannelRead(AbstractChannelHandlerContext.java:412)
	at io.netty.handler.codec.MessageToMessageDecoder.channelRead(MessageToMessageDecoder.java:103)
	at io.netty.handler.codec.MessageToMessageCodec.channelRead(MessageToMessageCodec.java:111)
	at io.netty.channel.AbstractChannelHandlerContext.invokeChannelRead(AbstractChannelHandlerContext.java:442)
	at io.netty.channel.AbstractChannelHandlerContext.invokeChannelRead(AbstractChannelHandlerContext.java:420)
	at io.netty.channel.AbstractChannelHandlerContext.fireChannelRead(AbstractChannelHandlerContext.java:412)
	at io.netty.channel.ChannelInboundHandlerAdapter.channelRead(ChannelInboundHandlerAdapter.java:93)
	at io.netty.handler.codec.http.HttpServerKeepAliveHandler.channelRead(HttpServerKeepAliveHandler.java:64)
	at io.netty.channel.AbstractChannelHandlerContext.invokeChannelRead(AbstractChannelHandlerContext.java:442)
	at io.netty.channel.AbstractChannelHandlerContext.invokeChannelRead(AbstractChannelHandlerContext.java:420)
	at io.netty.channel.AbstractChannelHandlerContext.fireChannelRead(AbstractChannelHandlerContext.java:412)
	at io.netty.channel.CombinedChannelDuplexHandler$DelegatingChannelHandlerContext.fireChannelRead(CombinedChannelDuplexHandler.java:436)
	at io.netty.handler.codec.ByteToMessageDecoder.fireChannelRead(ByteToMessageDecoder.java:346)
	at io.netty.handler.codec.ByteToMessageDecoder.channelRead(ByteToMessageDecoder.java:318)
	at io.netty.channel.CombinedChannelDuplexHandler.channelRead(CombinedChannelDuplexHandler.java:251)
	at io.netty.channel.AbstractChannelHandlerContext.invokeChannelRead(AbstractChannelHandlerContext.java:442)
	at io.netty.channel.AbstractChannelHandlerContext.invokeChannelRead(AbstractChannelHandlerContext.java:420)
	at io.netty.channel.AbstractChannelHandlerContext.fireChannelRead(AbstractChannelHandlerContext.java:412)
	at io.netty.handler.timeout.IdleStateHandler.channelRead(IdleStateHandler.java:286)
	at io.netty.channel.AbstractChannelHandlerContext.invokeChannelRead(AbstractChannelHandlerContext.java:442)
	at io.netty.channel.AbstractChannelHandlerContext.invokeChannelRead(AbstractChannelHandlerContext.java:420)
	at io.netty.channel.AbstractChannelHandlerContext.fireChannelRead(AbstractChannelHandlerContext.java:412)
	at io.netty.channel.DefaultChannelPipeline$HeadContext.channelRead(DefaultChannelPipeline.java:1410)
	at io.netty.channel.AbstractChannelHandlerContext.invokeChannelRead(AbstractChannelHandlerContext.java:440)
	at io.netty.channel.AbstractChannelHandlerContext.invokeChannelRead(AbstractChannelHandlerContext.java:420)
	at io.netty.channel.DefaultChannelPipeline.fireChannelRead(DefaultChannelPipeline.java:919)
	at io.netty.channel.nio.AbstractNioByteChannel$NioByteUnsafe.read(AbstractNioByteChannel.java:166)
	at io.netty.channel.nio.NioEventLoop.processSelectedKey(NioEventLoop.java:788)
	at io.netty.channel.nio.NioEventLoop.processSelectedKeysOptimized(NioEventLoop.java:724)
	at io.netty.channel.nio.NioEventLoop.processSelectedKeys(NioEventLoop.java:650)
	at io.netty.channel.nio.NioEventLoop.run(NioEventLoop.java:562)
	at io.netty.util.concurrent.SingleThreadEventExecutor$4.run(SingleThreadEventExecutor.java:997)
	at io.netty.util.internal.ThreadExecutorMap$2.run(ThreadExecutorMap.java:74)
	at io.netty.util.concurrent.FastThreadLocalRunnable.run(FastThreadLocalRunnable.java:30)
	at java.base/java.lang.Thread.run(Thread.java:840)
Caused by: com.fasterxml.jackson.databind.JsonMappingException: failed to lazily initialize a collection of role: com.example.shopservice.entity.Order.orderItems: could not initialize proxy - no Session (through reference chain: com.example.shopservice.entity.Order["orderItems"])
	at com.fasterxml.jackson.databind.JsonMappingException.wrapWithPath(JsonMappingException.java:402)
	at com.fasterxml.jackson.databind.JsonMappingException.wrapWithPath(JsonMappingException.java:361)
	at com.fasterxml.jackson.databind.ser.std.StdSerializer.wrapAndThrow(StdSerializer.java:323)
	at com.fasterxml.jackson.databind.ser.std.BeanSerializerBase.serializeFields(BeanSerializerBase.java:780)
	at com.fasterxml.jackson.databind.ser.BeanSerializer.serialize(BeanSerializer.java:178)
	at com.fasterxml.jackson.databind.ser.DefaultSerializerProvider._serialize(DefaultSerializerProvider.java:479)
	at com.fasterxml.jackson.databind.ser.DefaultSerializerProvider.serializeValue(DefaultSerializerProvider.java:399)
	at com.fasterxml.jackson.databind.ObjectWriter$Prefetch.serialize(ObjectWriter.java:1568)
	at com.fasterxml.jackson.databind.ObjectWriter._writeValueAndClose(ObjectWriter.java:1273)
	at com.fasterxml.jackson.databind.ObjectWriter.writeValue(ObjectWriter.java:1098)
	at io.micronaut.jackson.databind.JacksonDatabindMapper.writeValue(JacksonDatabindMapper.java:199)
	at io.micronaut.json.body.JsonMessageHandler.writeTo(JsonMessageHandler.java:138)
	... 60 common frames omitted
Caused by: org.hibernate.LazyInitializationException: failed to lazily initialize a collection of role: com.example.shopservice.entity.Order.orderItems: could not initialize proxy - no Session
	at org.hibernate.collection.spi.AbstractPersistentCollection.throwLazyInitializationException(AbstractPersistentCollection.java:634)
	at org.hibernate.collection.spi.AbstractPersistentCollection.withTemporarySessionIfNeeded(AbstractPersistentCollection.java:217)
	at org.hibernate.collection.spi.AbstractPersistentCollection.readSize(AbstractPersistentCollection.java:148)
	at org.hibernate.collection.spi.PersistentBag.isEmpty(PersistentBag.java:360)
	at com.fasterxml.jackson.databind.ser.std.CollectionSerializer.isEmpty(CollectionSerializer.java:80)
	at com.fasterxml.jackson.databind.ser.std.CollectionSerializer.isEmpty(CollectionSerializer.java:25)
	at io.micronaut.jackson.modules.BeanIntrospectionModule$BeanIntrospectionPropertyWriter.serializeAsField(BeanIntrospectionModule.java:1015)
	at com.fasterxml.jackson.databind.ser.std.BeanSerializerBase.serializeFields(BeanSerializerBase.java:772)
	... 68 common frames omitted
07:28:43.747 [default-nioEventLoopGroup-1-3] DEBUG io.micronaut.core.beans.DefaultBeanIntrospector -- Found BeanIntrospection for type: class io.micronaut.http.hateoas.JsonError,
07:28:43.748 [default-nioEventLoopGroup-1-3] DEBUG io.micronaut.jackson.modules.BeanIntrospectionModule -- Updating 5 properties with BeanIntrospection data for type: class io.micronaut.http.hateoas.JsonError
07:28:43.751 [default-nioEventLoopGroup-1-3] DEBUG io.micronaut.core.beans.DefaultBeanIntrospector -- Found BeanIntrospection for type: class io.micronaut.http.hateoas.DefaultLink,
07:28:43.752 [default-nioEventLoopGroup-1-3] DEBUG io.micronaut.jackson.modules.BeanIntrospectionModule -- Updating 8 properties with BeanIntrospection data for type: class io.micronaut.http.hateoas.DefaultLink
07:28:43.755 [default-nioEventLoopGroup-1-3] DEBUG io.micronaut.context.event.ApplicationEventPublisher -- Publishing event: io.micronaut.http.context.event.HttpRequestTerminatedEvent[source=GET /orders/2]
07:28:43.755 [default-nioEventLoopGroup-1-3] DEBUG io.micronaut.http.server.netty.RoutingInBoundHandler -- Response 500 - GET /orders/2
07:28:43.757 [default-nioEventLoopGroup-1-2] DEBUG io.micronaut.context.DefaultBeanContext -- Finding candidate beans for type: MessageBodyReader
07:28:43.757 [default-nioEventLoopGroup-1-2] DEBUG io.micronaut.context.DefaultBeanContext -- Bean [class io.micronaut.http.netty.body.NettyJsonHandler] replaces existing bean of type [class io.micronaut.json.body.JsonMessageHandler]
07:28:43.757 [default-nioEventLoopGroup-1-2] DEBUG io.micronaut.context.DefaultBeanContext --   class io.micronaut.http.netty.body.NettyJsonStreamHandler null Definition: io.micronaut.http.netty.body.NettyJsonStreamHandler
07:28:43.757 [default-nioEventLoopGroup-1-2] DEBUG io.micronaut.context.DefaultBeanContext --   class io.micronaut.http.netty.body.NettyJsonHandler null Definition: io.micronaut.http.netty.body.NettyJsonHandler
07:28:43.758 [default-nioEventLoopGroup-1-2] DEBUG io.micronaut.core.beans.DefaultBeanIntrospector -- Found BeanIntrospection for type: class io.micronaut.http.hateoas.JsonError,
07:28:43.764 [default-nioEventLoopGroup-1-2] DEBUG io.micronaut.core.beans.DefaultBeanIntrospector -- Found BeanIntrospection for type: class io.micronaut.http.hateoas.GenericResource,
07:28:43.777 [main] DEBUG io.micronaut.transaction.hibernate.HibernateTransactionManager -- Rolling back Hibernate transaction on Session [SessionImpl(1761528378<open>)]
07:28:43.777 [main] DEBUG org.hibernate.engine.transaction.internal.TransactionImpl -- rolling back
07:28:43.777 [main] DEBUG org.hibernate.resource.jdbc.internal.LogicalConnectionManagedImpl -- Initiating JDBC connection release from afterTransaction
07:28:43.777 [main] DEBUG org.hibernate.resource.jdbc.internal.LogicalConnectionManagedImpl -- Initiating JDBC connection release from afterTransaction
]]></system-out>
    <system-err><![CDATA[io.micronaut.http.client.exceptions.HttpClientResponseException: Internal Server Error
	at io.micronaut.http.client.netty.DefaultHttpClient$FullHttpResponseHandler.makeErrorFromRequestBody(DefaultHttpClient.java:2251)
	at io.micronaut.http.client.netty.DefaultHttpClient$FullHttpResponseHandler.forwardResponseToPromise(DefaultHttpClient.java:2202)
	at io.micronaut.http.client.netty.DefaultHttpClient$FullHttpResponseHandler.channelReadInstrumented(DefaultHttpClient.java:2171)
	at io.micronaut.http.client.netty.DefaultHttpClient$FullHttpResponseHandler.channelReadInstrumented(DefaultHttpClient.java:2139)
	at io.micronaut.http.client.netty.SimpleChannelInboundHandlerInstrumented.channelRead0(SimpleChannelInboundHandlerInstrumented.java:46)
	at io.netty.channel.SimpleChannelInboundHandler.channelRead(SimpleChannelInboundHandler.java:99)
	at io.netty.channel.AbstractChannelHandlerContext.invokeChannelRead(AbstractChannelHandlerContext.java:444)
	at io.netty.channel.AbstractChannelHandlerContext.invokeChannelRead(AbstractChannelHandlerContext.java:420)
	at io.netty.channel.AbstractChannelHandlerContext.fireChannelRead(AbstractChannelHandlerContext.java:412)
	at io.netty.handler.codec.MessageToMessageDecoder.channelRead(MessageToMessageDecoder.java:103)
	at io.netty.channel.AbstractChannelHandlerContext.invokeChannelRead(AbstractChannelHandlerContext.java:444)
	at io.netty.channel.AbstractChannelHandlerContext.invokeChannelRead(AbstractChannelHandlerContext.java:420)
	at io.netty.channel.AbstractChannelHandlerContext.fireChannelRead(AbstractChannelHandlerContext.java:412)
	at io.netty.handler.codec.MessageToMessageDecoder.channelRead(MessageToMessageDecoder.java:103)
	at io.netty.channel.AbstractChannelHandlerContext.invokeChannelRead(AbstractChannelHandlerContext.java:444)
	at io.netty.channel.AbstractChannelHandlerContext.invokeChannelRead(AbstractChannelHandlerContext.java:420)
	at io.netty.channel.AbstractChannelHandlerContext.fireChannelRead(AbstractChannelHandlerContext.java:412)
	at io.netty.channel.CombinedChannelDuplexHandler$DelegatingChannelHandlerContext.fireChannelRead(CombinedChannelDuplexHandler.java:436)
	at io.netty.handler.codec.ByteToMessageDecoder.fireChannelRead(ByteToMessageDecoder.java:346)
	at io.netty.handler.codec.ByteToMessageDecoder.channelRead(ByteToMessageDecoder.java:318)
	at io.netty.channel.CombinedChannelDuplexHandler.channelRead(CombinedChannelDuplexHandler.java:251)
	at io.netty.channel.AbstractChannelHandlerContext.invokeChannelRead(AbstractChannelHandlerContext.java:442)
	at io.netty.channel.AbstractChannelHandlerContext.invokeChannelRead(AbstractChannelHandlerContext.java:420)
	at io.netty.channel.AbstractChannelHandlerContext.fireChannelRead(AbstractChannelHandlerContext.java:412)
	at io.netty.channel.ChannelInboundHandlerAdapter.channelRead(ChannelInboundHandlerAdapter.java:93)
	at io.micronaut.http.client.netty.ResettableReadTimeoutHandler$NextInterceptor.channelRead(ResettableReadTimeoutHandler.java:92)
	at io.netty.channel.AbstractChannelHandlerContext.invokeChannelRead(AbstractChannelHandlerContext.java:444)
	at io.netty.channel.AbstractChannelHandlerContext.invokeChannelRead(AbstractChannelHandlerContext.java:420)
	at io.netty.channel.AbstractChannelHandlerContext.fireChannelRead(AbstractChannelHandlerContext.java:412)
	at io.netty.handler.timeout.IdleStateHandler.channelRead(IdleStateHandler.java:286)
	at io.micronaut.http.client.netty.ResettableReadTimeoutHandler.channelRead(ResettableReadTimeoutHandler.java:64)
	at io.netty.channel.AbstractChannelHandlerContext.invokeChannelRead(AbstractChannelHandlerContext.java:442)
	at io.netty.channel.AbstractChannelHandlerContext.invokeChannelRead(AbstractChannelHandlerContext.java:420)
	at io.netty.channel.AbstractChannelHandlerContext.fireChannelRead(AbstractChannelHandlerContext.java:412)
	at io.netty.channel.DefaultChannelPipeline$HeadContext.channelRead(DefaultChannelPipeline.java:1410)
	at io.netty.channel.AbstractChannelHandlerContext.invokeChannelRead(AbstractChannelHandlerContext.java:440)
	at io.netty.channel.AbstractChannelHandlerContext.invokeChannelRead(AbstractChannelHandlerContext.java:420)
	at io.netty.channel.DefaultChannelPipeline.fireChannelRead(DefaultChannelPipeline.java:919)
	at io.netty.channel.nio.AbstractNioByteChannel$NioByteUnsafe.read(AbstractNioByteChannel.java:166)
	at io.netty.channel.nio.NioEventLoop.processSelectedKey(NioEventLoop.java:788)
	at io.netty.channel.nio.NioEventLoop.processSelectedKeysOptimized(NioEventLoop.java:724)
	at io.netty.channel.nio.NioEventLoop.processSelectedKeys(NioEventLoop.java:650)
	at io.netty.channel.nio.NioEventLoop.run(NioEventLoop.java:562)
	at io.netty.util.concurrent.SingleThreadEventExecutor$4.run(SingleThreadEventExecutor.java:997)
	at io.netty.util.internal.ThreadExecutorMap$2.run(ThreadExecutorMap.java:74)
	at io.netty.util.concurrent.FastThreadLocalRunnable.run(FastThreadLocalRunnable.java:30)
	at java.base/java.lang.Thread.run(Thread.java:840)
	Suppressed: java.lang.Exception: #block terminated with an error
		at reactor.core.publisher.BlockingSingleSubscriber.blockingGet(BlockingSingleSubscriber.java:103)
		at reactor.core.publisher.Flux.blockFirst(Flux.java:2704)
		at io.micronaut.http.client.netty.DefaultHttpClient$1.exchange(DefaultHttpClient.java:570)
		at io.micronaut.http.client.BlockingHttpClient.exchange(BlockingHttpClient.java:77)
		at io.micronaut.http.client.BlockingHttpClient.exchange(BlockingHttpClient.java:106)
		at com.example.shopservice.controller.OrderAndOrderItemControllerIT.createOrderWithItemsAndGetItems(OrderAndOrderItemControllerIT.java:99)
		at java.base/jdk.internal.reflect.NativeMethodAccessorImpl.invoke0(Native Method)
		at java.base/jdk.internal.reflect.NativeMethodAccessorImpl.invoke(NativeMethodAccessorImpl.java:77)
		at java.base/jdk.internal.reflect.DelegatingMethodAccessorImpl.invoke(DelegatingMethodAccessorImpl.java:43)
		at java.base/java.lang.reflect.Method.invoke(Method.java:569)
		at org.junit.platform.commons.util.ReflectionUtils.invokeMethod(ReflectionUtils.java:728)
		at org.junit.jupiter.engine.execution.MethodInvocation.proceed(MethodInvocation.java:60)
		at org.junit.jupiter.engine.execution.InvocationInterceptorChain$ValidatingInvocation.proceed(InvocationInterceptorChain.java:131)
		at io.micronaut.test.extensions.junit5.MicronautJunit5Extension$2.proceed(MicronautJunit5Extension.java:142)
		at io.micronaut.test.extensions.AbstractMicronautExtension.interceptEach(AbstractMicronautExtension.java:157)
		at io.micronaut.test.extensions.AbstractMicronautExtension$3.proceed(AbstractMicronautExtension.java:169)
		at io.micronaut.test.context.TestMethodInterceptor.interceptTest(TestMethodInterceptor.java:46)
		at io.micronaut.transaction.test.DefaultTestTransactionExecutionListener.lambda$interceptTest$0(DefaultTestTransactionExecutionListener.java:93)
		at io.micronaut.transaction.support.AbstractPropagatedStatusTransactionOperations.lambda$execute$2(AbstractPropagatedStatusTransactionOperations.java:68)
		at io.micronaut.transaction.TransactionCallback.apply(TransactionCallback.java:37)
		at io.micronaut.transaction.support.AbstractTransactionOperations.executeTransactional(AbstractTransactionOperations.java:333)
		at io.micronaut.transaction.support.AbstractTransactionOperations.executeWithNewTransaction(AbstractTransactionOperations.java:318)
		at io.micronaut.transaction.support.AbstractTransactionOperations.executeNew(AbstractTransactionOperations.java:235)
		at io.micronaut.transaction.support.AbstractTransactionOperations.doExecute(AbstractTransactionOperations.java:137)
		at io.micronaut.transaction.support.AbstractTransactionOperations.lambda$doExecute$0(AbstractTransactionOperations.java:122)
		at io.micronaut.data.connection.support.AbstractConnectionOperations.executeWithNewConnection(AbstractConnectionOperations.java:143)
		at io.micronaut.data.connection.support.AbstractConnectionOperations.execute(AbstractConnectionOperations.java:90)
		at io.micronaut.transaction.support.AbstractTransactionOperations.doExecute(AbstractTransactionOperations.java:120)
		at io.micronaut.transaction.support.AbstractPropagatedStatusTransactionOperations.execute(AbstractPropagatedStatusTransactionOperations.java:65)
		at io.micronaut.transaction.test.DefaultTestTransactionExecutionListener.interceptTest(DefaultTestTransactionExecutionListener.java:91)
		at io.micronaut.test.extensions.AbstractMicronautExtension.interceptEach(AbstractMicronautExtension.java:161)
		at io.micronaut.test.extensions.AbstractMicronautExtension.interceptTest(AbstractMicronautExtension.java:114)
		at io.micronaut.test.extensions.junit5.MicronautJunit5Extension.interceptTestMethod(MicronautJunit5Extension.java:129)
		at org.junit.jupiter.engine.execution.InterceptingExecutableInvoker$ReflectiveInterceptorCall.lambda$ofVoidMethod$0(InterceptingExecutableInvoker.java:103)
		at org.junit.jupiter.engine.execution.InterceptingExecutableInvoker.lambda$invoke$0(InterceptingExecutableInvoker.java:93)
		at org.junit.jupiter.engine.execution.InvocationInterceptorChain$InterceptedInvocation.proceed(InvocationInterceptorChain.java:106)
		at org.junit.jupiter.engine.extension.TimeoutExtension.intercept(TimeoutExtension.java:156)
		at org.junit.jupiter.engine.extension.TimeoutExtension.interceptTestableMethod(TimeoutExtension.java:147)
		at org.junit.jupiter.engine.extension.TimeoutExtension.interceptTestMethod(TimeoutExtension.java:86)
		at org.junit.jupiter.engine.execution.InterceptingExecutableInvoker$ReflectiveInterceptorCall.lambda$ofVoidMethod$0(InterceptingExecutableInvoker.java:103)
		at org.junit.jupiter.engine.execution.InterceptingExecutableInvoker.lambda$invoke$0(InterceptingExecutableInvoker.java:93)
		at org.junit.jupiter.engine.execution.InvocationInterceptorChain$InterceptedInvocation.proceed(InvocationInterceptorChain.java:106)
		at org.junit.jupiter.engine.execution.InvocationInterceptorChain.proceed(InvocationInterceptorChain.java:64)
		at org.junit.jupiter.engine.execution.InvocationInterceptorChain.chainAndInvoke(InvocationInterceptorChain.java:45)
		at org.junit.jupiter.engine.execution.InvocationInterceptorChain.invoke(InvocationInterceptorChain.java:37)
		at org.junit.jupiter.engine.execution.InterceptingExecutableInvoker.invoke(InterceptingExecutableInvoker.java:92)
		at org.junit.jupiter.engine.execution.InterceptingExecutableInvoker.invoke(InterceptingExecutableInvoker.java:86)
		at org.junit.jupiter.engine.descriptor.TestMethodTestDescriptor.lambda$invokeTestMethod$7(TestMethodTestDescriptor.java:218)
		at org.junit.platform.engine.support.hierarchical.ThrowableCollector.execute(ThrowableCollector.java:73)
		at org.junit.jupiter.engine.descriptor.TestMethodTestDescriptor.invokeTestMethod(TestMethodTestDescriptor.java:214)
		at org.junit.jupiter.engine.descriptor.TestMethodTestDescriptor.execute(TestMethodTestDescriptor.java:139)
		at org.junit.jupiter.engine.descriptor.TestMethodTestDescriptor.execute(TestMethodTestDescriptor.java:69)
		at org.junit.platform.engine.support.hierarchical.NodeTestTask.lambda$executeRecursively$6(NodeTestTask.java:151)
		at org.junit.platform.engine.support.hierarchical.ThrowableCollector.execute(ThrowableCollector.java:73)
		at org.junit.platform.engine.support.hierarchical.NodeTestTask.lambda$executeRecursively$8(NodeTestTask.java:141)
		at org.junit.platform.engine.support.hierarchical.Node.around(Node.java:137)
		at org.junit.platform.engine.support.hierarchical.NodeTestTask.lambda$executeRecursively$9(NodeTestTask.java:139)
		at org.junit.platform.engine.support.hierarchical.ThrowableCollector.execute(ThrowableCollector.java:73)
		at org.junit.platform.engine.support.hierarchical.NodeTestTask.executeRecursively(NodeTestTask.java:138)
		at org.junit.platform.engine.support.hierarchical.NodeTestTask.execute(NodeTestTask.java:95)
		at java.base/java.util.ArrayList.forEach(ArrayList.java:1511)
		at org.junit.platform.engine.support.hierarchical.SameThreadHierarchicalTestExecutorService.invokeAll(SameThreadHierarchicalTestExecutorService.java:41)
		at org.junit.platform.engine.support.hierarchical.NodeTestTask.lambda$executeRecursively$6(NodeTestTask.java:155)
		at org.junit.platform.engine.support.hierarchical.ThrowableCollector.execute(ThrowableCollector.java:73)
		at org.junit.platform.engine.support.hierarchical.NodeTestTask.lambda$executeRecursively$8(NodeTestTask.java:141)
		at org.junit.platform.engine.support.hierarchical.Node.around(Node.java:137)
		at org.junit.platform.engine.support.hierarchical.NodeTestTask.lambda$executeRecursively$9(NodeTestTask.java:139)
		at org.junit.platform.engine.support.hierarchical.ThrowableCollector.execute(ThrowableCollector.java:73)
		at org.junit.platform.engine.support.hierarchical.NodeTestTask.executeRecursively(NodeTestTask.java:138)
		at org.junit.platform.engine.support.hierarchical.NodeTestTask.execute(NodeTestTask.java:95)
		at java.base/java.util.ArrayList.forEach(ArrayList.java:1511)
		at org.junit.platform.engine.support.hierarchical.SameThreadHierarchicalTestExecutorService.invokeAll(SameThreadHierarchicalTestExecutorService.java:41)
		at org.junit.platform.engine.support.hierarchical.NodeTestTask.lambda$executeRecursively$6(NodeTestTask.java:155)
		at org.junit.platform.engine.support.hierarchical.ThrowableCollector.execute(ThrowableCollector.java:73)
		at org.junit.platform.engine.support.hierarchical.NodeTestTask.lambda$executeRecursively$8(NodeTestTask.java:141)
		at org.junit.platform.engine.support.hierarchical.Node.around(Node.java:137)
		at org.junit.platform.engine.support.hierarchical.NodeTestTask.lambda$executeRecursively$9(NodeTestTask.java:139)
		at org.junit.platform.engine.support.hierarchical.ThrowableCollector.execute(ThrowableCollector.java:73)
		at org.junit.platform.engine.support.hierarchical.NodeTestTask.executeRecursively(NodeTestTask.java:138)
		at org.junit.platform.engine.support.hierarchical.NodeTestTask.execute(NodeTestTask.java:95)
		at org.junit.platform.engine.support.hierarchical.SameThreadHierarchicalTestExecutorService.submit(SameThreadHierarchicalTestExecutorService.java:35)
		at org.junit.platform.engine.support.hierarchical.HierarchicalTestExecutor.execute(HierarchicalTestExecutor.java:57)
		at org.junit.platform.engine.support.hierarchical.HierarchicalTestEngine.execute(HierarchicalTestEngine.java:54)
		at org.junit.platform.launcher.core.EngineExecutionOrchestrator.execute(EngineExecutionOrchestrator.java:198)
		at org.junit.platform.launcher.core.EngineExecutionOrchestrator.execute(EngineExecutionOrchestrator.java:169)
		at org.junit.platform.launcher.core.EngineExecutionOrchestrator.execute(EngineExecutionOrchestrator.java:93)
		at org.junit.platform.launcher.core.EngineExecutionOrchestrator.lambda$execute$0(EngineExecutionOrchestrator.java:58)
		at org.junit.platform.launcher.core.EngineExecutionOrchestrator.withInterceptedStreams(EngineExecutionOrchestrator.java:141)
		at org.junit.platform.launcher.core.EngineExecutionOrchestrator.execute(EngineExecutionOrchestrator.java:57)
		at org.junit.platform.launcher.core.DefaultLauncher.execute(DefaultLauncher.java:103)
		at org.junit.platform.launcher.core.DefaultLauncher.execute(DefaultLauncher.java:85)
		at org.junit.platform.launcher.core.DelegatingLauncher.execute(DelegatingLauncher.java:47)
		at org.apache.maven.surefire.junitplatform.LazyLauncher.execute(LazyLauncher.java:56)
		at org.apache.maven.surefire.junitplatform.JUnitPlatformProvider.execute(JUnitPlatformProvider.java:184)
		at org.apache.maven.surefire.junitplatform.JUnitPlatformProvider.invokeAllTests(JUnitPlatformProvider.java:148)
		at org.apache.maven.surefire.junitplatform.JUnitPlatformProvider.invoke(JUnitPlatformProvider.java:122)
		at org.apache.maven.surefire.booter.ForkedBooter.runSuitesInProcess(ForkedBooter.java:385)
		at org.apache.maven.surefire.booter.ForkedBooter.execute(ForkedBooter.java:162)
		at org.apache.maven.surefire.booter.ForkedBooter.run(ForkedBooter.java:507)
		at org.apache.maven.surefire.booter.ForkedBooter.main(ForkedBooter.java:495)
]]></system-err>
  </testcase>
</testsuite>