<?xml version="1.0" encoding="UTF-8"?>
<testsuite xmlns:xsi="http://www.w3.org/2001/XMLSchema-instance" xsi:noNamespaceSchemaLocation="https://maven.apache.org/surefire/maven-surefire-plugin/xsd/surefire-test-report-3.0.xsd" version="3.0" name="com.example.shopservice.controller.UserControllerIT" time="0.396" tests="1" errors="0" skipped="0" failures="0">
  <properties>
    <property name="java.specification.version" value="17"/>
    <property name="sun.jnu.encoding" value="UTF-8"/>
    <property name="java.class.path" value="/home/runner/work/ojp-framework-integration/ojp-framework-integration/micronaut/shopservice/target/test-classes:/home/runner/work/ojp-framework-integration/ojp-framework-integration/micronaut/shopservice/target/classes:/home/runner/.m2/repository/io/micronaut/micronaut-http-server-netty/4.2.4/micronaut-http-server-netty-4.2.4.jar:/home/runner/.m2/repository/org/slf4j/slf4j-api/2.0.9/slf4j-api-2.0.9.jar:/home/runner/.m2/repository/io/micronaut/micronaut-http-server/4.2.4/micronaut-http-server-4.2.4.jar:/home/runner/.m2/repository/io/micronaut/micronaut-http/4.2.4/micronaut-http-4.2.4.jar:/home/runner/.m2/repository/io/micronaut/micronaut-context-propagation/4.2.4/micronaut-context-propagation-4.2.4.jar:/home/runner/.m2/repository/io/micronaut/micronaut-router/4.2.4/micronaut-router-4.2.4.jar:/home/runner/.m2/repository/io/micronaut/micronaut-core/4.2.4/micronaut-core-4.2.4.jar:/home/runner/.m2/repository/io/micronaut/micronaut-http-netty/4.2.4/micronaut-http-netty-4.2.4.jar:/home/runner/.m2/repository/io/micronaut/micronaut-buffer-netty/4.2.4/micronaut-buffer-netty-4.2.4.jar:/home/runner/.m2/repository/io/netty/netty-codec-http2/4.1.106.Final/netty-codec-http2-4.1.106.Final.jar:/home/runner/.m2/repository/io/netty/netty-handler/4.1.106.Final/netty-handler-4.1.106.Final.jar:/home/runner/.m2/repository/io/netty/netty-resolver/4.1.106.Final/netty-resolver-4.1.106.Final.jar:/home/runner/.m2/repository/io/netty/netty-transport-native-unix-common/4.1.106.Final/netty-transport-native-unix-common-4.1.106.Final.jar:/home/runner/.m2/repository/io/netty/netty-codec-http/4.1.106.Final/netty-codec-http-4.1.106.Final.jar:/home/runner/.m2/repository/io/netty/netty-common/4.1.106.Final/netty-common-4.1.106.Final.jar:/home/runner/.m2/repository/io/netty/netty-buffer/4.1.106.Final/netty-buffer-4.1.106.Final.jar:/home/runner/.m2/repository/io/netty/netty-transport/4.1.106.Final/netty-transport-4.1.106.Final.jar:/home/runner/.m2/repository/io/netty/netty-codec/4.1.106.Final/netty-codec-4.1.106.Final.jar:/home/runner/.m2/repository/io/projectreactor/reactor-core/3.5.11/reactor-core-3.5.11.jar:/home/runner/.m2/repository/org/reactivestreams/reactive-streams/1.0.4/reactive-streams-1.0.4.jar:/home/runner/.m2/repository/io/micronaut/micronaut-inject/4.2.4/micronaut-inject-4.2.4.jar:/home/runner/.m2/repository/jakarta/inject/jakarta.inject-api/2.0.1/jakarta.inject-api-2.0.1.jar:/home/runner/.m2/repository/jakarta/annotation/jakarta.annotation-api/2.1.1/jakarta.annotation-api-2.1.1.jar:/home/runner/.m2/repository/io/micronaut/micronaut-http-client/4.2.4/micronaut-http-client-4.2.4.jar:/home/runner/.m2/repository/io/micronaut/micronaut-context/4.2.4/micronaut-context-4.2.4.jar:/home/runner/.m2/repository/io/micronaut/micronaut-http-client-core/4.2.4/micronaut-http-client-core-4.2.4.jar:/home/runner/.m2/repository/io/micronaut/micronaut-json-core/4.2.4/micronaut-json-core-4.2.4.jar:/home/runner/.m2/repository/io/micronaut/micronaut-discovery-core/4.2.4/micronaut-discovery-core-4.2.4.jar:/home/runner/.m2/repository/io/micronaut/micronaut-websocket/4.2.4/micronaut-websocket-4.2.4.jar:/home/runner/.m2/repository/io/netty/netty-handler-proxy/4.1.106.Final/netty-handler-proxy-4.1.106.Final.jar:/home/runner/.m2/repository/io/netty/netty-codec-socks/4.1.106.Final/netty-codec-socks-4.1.106.Final.jar:/home/runner/.m2/repository/io/micronaut/micronaut-jackson-databind/4.2.4/micronaut-jackson-databind-4.2.4.jar:/home/runner/.m2/repository/io/micronaut/micronaut-jackson-core/4.2.4/micronaut-jackson-core-4.2.4.jar:/home/runner/.m2/repository/com/fasterxml/jackson/core/jackson-core/2.15.3/jackson-core-2.15.3.jar:/home/runner/.m2/repository/com/fasterxml/jackson/core/jackson-annotations/2.15.3/jackson-annotations-2.15.3.jar:/home/runner/.m2/repository/com/fasterxml/jackson/core/jackson-databind/2.15.3/jackson-databind-2.15.3.jar:/home/runner/.m2/repository/com/fasterxml/jackson/datatype/jackson-datatype-jdk8/2.15.3/jackson-datatype-jdk8-2.15.3.jar:/home/runner/.m2/repository/com/fasterxml/jackson/datatype/jackson-datatype-jsr310/2.15.3/jackson-datatype-jsr310-2.15.3.jar:/home/runner/.m2/repository/io/micronaut/data/micronaut-data-hibernate-jpa/4.3.0/micronaut-data-hibernate-jpa-4.3.0.jar:/home/runner/.m2/repository/io/micronaut/data/micronaut-data-runtime/4.3.0/micronaut-data-runtime-4.3.0.jar:/home/runner/.m2/repository/io/micronaut/data/micronaut-data-tx/4.3.0/micronaut-data-tx-4.3.0.jar:/home/runner/.m2/repository/io/micronaut/data/micronaut-data-connection/4.3.0/micronaut-data-connection-4.3.0.jar:/home/runner/.m2/repository/io/micronaut/data/micronaut-data-model/4.3.0/micronaut-data-model-4.3.0.jar:/home/runner/.m2/repository/io/micronaut/micronaut-core-reactive/4.2.0/micronaut-core-reactive-4.2.0.jar:/home/runner/.m2/repository/io/micronaut/data/micronaut-data-tx-hibernate/4.3.0/micronaut-data-tx-hibernate-4.3.0.jar:/home/runner/.m2/repository/io/micronaut/data/micronaut-data-tx-jdbc/4.3.0/micronaut-data-tx-jdbc-4.3.0.jar:/home/runner/.m2/repository/io/micronaut/data/micronaut-data-connection-jdbc/4.3.0/micronaut-data-connection-jdbc-4.3.0.jar:/home/runner/.m2/repository/io/micronaut/data/micronaut-data-connection-hibernate/4.3.0/micronaut-data-connection-hibernate-4.3.0.jar:/home/runner/.m2/repository/io/micronaut/data/micronaut-data-jpa/4.3.0/micronaut-data-jpa-4.3.0.jar:/home/runner/.m2/repository/io/micronaut/sql/micronaut-hibernate-jpa/5.3.0/micronaut-hibernate-jpa-5.3.0.jar:/home/runner/.m2/repository/jakarta/transaction/jakarta.transaction-api/2.0.1/jakarta.transaction-api-2.0.1.jar:/home/runner/.m2/repository/io/micronaut/validation/micronaut-validation/4.2.0/micronaut-validation-4.2.0.jar:/home/runner/.m2/repository/jakarta/validation/jakarta.validation-api/3.0.2/jakarta.validation-api-3.0.2.jar:/home/runner/.m2/repository/io/micronaut/reactor/micronaut-reactor/3.1.0/micronaut-reactor-3.1.0.jar:/home/runner/.m2/repository/io/micronaut/micronaut-aop/4.2.0/micronaut-aop-4.2.0.jar:/home/runner/.m2/repository/io/micronaut/sql/micronaut-jdbc/5.3.0/micronaut-jdbc-5.3.0.jar:/home/runner/.m2/repository/io/micronaut/sql/micronaut-jdbc-hikari/5.3.0/micronaut-jdbc-hikari-5.3.0.jar:/home/runner/.m2/repository/com/zaxxer/HikariCP/5.1.0/HikariCP-5.1.0.jar:/home/runner/.m2/repository/com/h2database/h2/2.2.224/h2-2.2.224.jar:/home/runner/.m2/repository/jakarta/persistence/jakarta.persistence-api/3.1.0/jakarta.persistence-api-3.1.0.jar:/home/runner/.m2/repository/org/hibernate/orm/hibernate-core/6.4.8.Final/hibernate-core-6.4.8.Final.jar:/home/runner/.m2/repository/org/jboss/logging/jboss-logging/3.5.0.Final/jboss-logging-3.5.0.Final.jar:/home/runner/.m2/repository/org/hibernate/common/hibernate-commons-annotations/6.0.6.Final/hibernate-commons-annotations-6.0.6.Final.jar:/home/runner/.m2/repository/io/smallrye/jandex/3.1.2/jandex-3.1.2.jar:/home/runner/.m2/repository/com/fasterxml/classmate/1.5.1/classmate-1.5.1.jar:/home/runner/.m2/repository/net/bytebuddy/byte-buddy/1.14.11/byte-buddy-1.14.11.jar:/home/runner/.m2/repository/jakarta/xml/bind/jakarta.xml.bind-api/4.0.0/jakarta.xml.bind-api-4.0.0.jar:/home/runner/.m2/repository/jakarta/activation/jakarta.activation-api/2.1.0/jakarta.activation-api-2.1.0.jar:/home/runner/.m2/repository/org/glassfish/jaxb/jaxb-runtime/4.0.2/jaxb-runtime-4.0.2.jar:/home/runner/.m2/repository/org/glassfish/jaxb/jaxb-core/4.0.2/jaxb-core-4.0.2.jar:/home/runner/.m2/repository/org/eclipse/angus/angus-activation/2.0.0/angus-activation-2.0.0.jar:/home/runner/.m2/repository/org/glassfish/jaxb/txw2/4.0.2/txw2-4.0.2.jar:/home/runner/.m2/repository/com/sun/istack/istack-commons-runtime/4.1.1/istack-commons-runtime-4.1.1.jar:/home/runner/.m2/repository/org/antlr/antlr4-runtime/4.13.0/antlr4-runtime-4.13.0.jar:/home/runner/.m2/repository/io/micronaut/test/micronaut-test-junit5/4.1.0/micronaut-test-junit5-4.1.0.jar:/home/runner/.m2/repository/io/micronaut/test/micronaut-test-core/4.1.0/micronaut-test-core-4.1.0.jar:/home/runner/.m2/repository/org/junit/jupiter/junit-jupiter-api/5.10.1/junit-jupiter-api-5.10.1.jar:/home/runner/.m2/repository/org/opentest4j/opentest4j/1.3.0/opentest4j-1.3.0.jar:/home/runner/.m2/repository/org/junit/platform/junit-platform-commons/1.10.1/junit-platform-commons-1.10.1.jar:/home/runner/.m2/repository/org/apiguardian/apiguardian-api/1.1.2/apiguardian-api-1.1.2.jar:/home/runner/.m2/repository/org/junit/jupiter/junit-jupiter-engine/5.10.1/junit-jupiter-engine-5.10.1.jar:/home/runner/.m2/repository/org/junit/platform/junit-platform-engine/1.10.1/junit-platform-engine-1.10.1.jar:/home/runner/.m2/repository/org/mockito/mockito-core/5.7.0/mockito-core-5.7.0.jar:/home/runner/.m2/repository/net/bytebuddy/byte-buddy-agent/1.14.9/byte-buddy-agent-1.14.9.jar:/home/runner/.m2/repository/org/objenesis/objenesis/3.3/objenesis-3.3.jar:/home/runner/.m2/repository/ch/qos/logback/logback-classic/1.4.14/logback-classic-1.4.14.jar:/home/runner/.m2/repository/ch/qos/logback/logback-core/1.4.14/logback-core-1.4.14.jar:"/>
    <property name="java.vm.vendor" value="Eclipse Adoptium"/>
    <property name="sun.arch.data.model" value="64"/>
    <property name="java.vendor.url" value="https://adoptium.net/"/>
    <property name="user.timezone" value="Etc/UTC"/>
    <property name="os.name" value="Linux"/>
    <property name="java.vm.specification.version" value="17"/>
    <property name="sun.java.launcher" value="SUN_STANDARD"/>
    <property name="sun.boot.library.path" value="/usr/lib/jvm/temurin-17-jdk-amd64/lib"/>
    <property name="sun.java.command" value="/home/runner/work/ojp-framework-integration/ojp-framework-integration/micronaut/shopservice/target/surefire/surefirebooter-20250712072916671_3.jar /home/runner/work/ojp-framework-integration/ojp-framework-integration/micronaut/shopservice/target/surefire 2025-07-12T07-29-16_589-jvmRun1 surefire-20250712072916671_1tmp surefire_0-20250712072916671_2tmp"/>
    <property name="jdk.debug" value="release"/>
    <property name="surefire.test.class.path" value="/home/runner/work/ojp-framework-integration/ojp-framework-integration/micronaut/shopservice/target/test-classes:/home/runner/work/ojp-framework-integration/ojp-framework-integration/micronaut/shopservice/target/classes:/home/runner/.m2/repository/io/micronaut/micronaut-http-server-netty/4.2.4/micronaut-http-server-netty-4.2.4.jar:/home/runner/.m2/repository/org/slf4j/slf4j-api/2.0.9/slf4j-api-2.0.9.jar:/home/runner/.m2/repository/io/micronaut/micronaut-http-server/4.2.4/micronaut-http-server-4.2.4.jar:/home/runner/.m2/repository/io/micronaut/micronaut-http/4.2.4/micronaut-http-4.2.4.jar:/home/runner/.m2/repository/io/micronaut/micronaut-context-propagation/4.2.4/micronaut-context-propagation-4.2.4.jar:/home/runner/.m2/repository/io/micronaut/micronaut-router/4.2.4/micronaut-router-4.2.4.jar:/home/runner/.m2/repository/io/micronaut/micronaut-core/4.2.4/micronaut-core-4.2.4.jar:/home/runner/.m2/repository/io/micronaut/micronaut-http-netty/4.2.4/micronaut-http-netty-4.2.4.jar:/home/runner/.m2/repository/io/micronaut/micronaut-buffer-netty/4.2.4/micronaut-buffer-netty-4.2.4.jar:/home/runner/.m2/repository/io/netty/netty-codec-http2/4.1.106.Final/netty-codec-http2-4.1.106.Final.jar:/home/runner/.m2/repository/io/netty/netty-handler/4.1.106.Final/netty-handler-4.1.106.Final.jar:/home/runner/.m2/repository/io/netty/netty-resolver/4.1.106.Final/netty-resolver-4.1.106.Final.jar:/home/runner/.m2/repository/io/netty/netty-transport-native-unix-common/4.1.106.Final/netty-transport-native-unix-common-4.1.106.Final.jar:/home/runner/.m2/repository/io/netty/netty-codec-http/4.1.106.Final/netty-codec-http-4.1.106.Final.jar:/home/runner/.m2/repository/io/netty/netty-common/4.1.106.Final/netty-common-4.1.106.Final.jar:/home/runner/.m2/repository/io/netty/netty-buffer/4.1.106.Final/netty-buffer-4.1.106.Final.jar:/home/runner/.m2/repository/io/netty/netty-transport/4.1.106.Final/netty-transport-4.1.106.Final.jar:/home/runner/.m2/repository/io/netty/netty-codec/4.1.106.Final/netty-codec-4.1.106.Final.jar:/home/runner/.m2/repository/io/projectreactor/reactor-core/3.5.11/reactor-core-3.5.11.jar:/home/runner/.m2/repository/org/reactivestreams/reactive-streams/1.0.4/reactive-streams-1.0.4.jar:/home/runner/.m2/repository/io/micronaut/micronaut-inject/4.2.4/micronaut-inject-4.2.4.jar:/home/runner/.m2/repository/jakarta/inject/jakarta.inject-api/2.0.1/jakarta.inject-api-2.0.1.jar:/home/runner/.m2/repository/jakarta/annotation/jakarta.annotation-api/2.1.1/jakarta.annotation-api-2.1.1.jar:/home/runner/.m2/repository/io/micronaut/micronaut-http-client/4.2.4/micronaut-http-client-4.2.4.jar:/home/runner/.m2/repository/io/micronaut/micronaut-context/4.2.4/micronaut-context-4.2.4.jar:/home/runner/.m2/repository/io/micronaut/micronaut-http-client-core/4.2.4/micronaut-http-client-core-4.2.4.jar:/home/runner/.m2/repository/io/micronaut/micronaut-json-core/4.2.4/micronaut-json-core-4.2.4.jar:/home/runner/.m2/repository/io/micronaut/micronaut-discovery-core/4.2.4/micronaut-discovery-core-4.2.4.jar:/home/runner/.m2/repository/io/micronaut/micronaut-websocket/4.2.4/micronaut-websocket-4.2.4.jar:/home/runner/.m2/repository/io/netty/netty-handler-proxy/4.1.106.Final/netty-handler-proxy-4.1.106.Final.jar:/home/runner/.m2/repository/io/netty/netty-codec-socks/4.1.106.Final/netty-codec-socks-4.1.106.Final.jar:/home/runner/.m2/repository/io/micronaut/micronaut-jackson-databind/4.2.4/micronaut-jackson-databind-4.2.4.jar:/home/runner/.m2/repository/io/micronaut/micronaut-jackson-core/4.2.4/micronaut-jackson-core-4.2.4.jar:/home/runner/.m2/repository/com/fasterxml/jackson/core/jackson-core/2.15.3/jackson-core-2.15.3.jar:/home/runner/.m2/repository/com/fasterxml/jackson/core/jackson-annotations/2.15.3/jackson-annotations-2.15.3.jar:/home/runner/.m2/repository/com/fasterxml/jackson/core/jackson-databind/2.15.3/jackson-databind-2.15.3.jar:/home/runner/.m2/repository/com/fasterxml/jackson/datatype/jackson-datatype-jdk8/2.15.3/jackson-datatype-jdk8-2.15.3.jar:/home/runner/.m2/repository/com/fasterxml/jackson/datatype/jackson-datatype-jsr310/2.15.3/jackson-datatype-jsr310-2.15.3.jar:/home/runner/.m2/repository/io/micronaut/data/micronaut-data-hibernate-jpa/4.3.0/micronaut-data-hibernate-jpa-4.3.0.jar:/home/runner/.m2/repository/io/micronaut/data/micronaut-data-runtime/4.3.0/micronaut-data-runtime-4.3.0.jar:/home/runner/.m2/repository/io/micronaut/data/micronaut-data-tx/4.3.0/micronaut-data-tx-4.3.0.jar:/home/runner/.m2/repository/io/micronaut/data/micronaut-data-connection/4.3.0/micronaut-data-connection-4.3.0.jar:/home/runner/.m2/repository/io/micronaut/data/micronaut-data-model/4.3.0/micronaut-data-model-4.3.0.jar:/home/runner/.m2/repository/io/micronaut/micronaut-core-reactive/4.2.0/micronaut-core-reactive-4.2.0.jar:/home/runner/.m2/repository/io/micronaut/data/micronaut-data-tx-hibernate/4.3.0/micronaut-data-tx-hibernate-4.3.0.jar:/home/runner/.m2/repository/io/micronaut/data/micronaut-data-tx-jdbc/4.3.0/micronaut-data-tx-jdbc-4.3.0.jar:/home/runner/.m2/repository/io/micronaut/data/micronaut-data-connection-jdbc/4.3.0/micronaut-data-connection-jdbc-4.3.0.jar:/home/runner/.m2/repository/io/micronaut/data/micronaut-data-connection-hibernate/4.3.0/micronaut-data-connection-hibernate-4.3.0.jar:/home/runner/.m2/repository/io/micronaut/data/micronaut-data-jpa/4.3.0/micronaut-data-jpa-4.3.0.jar:/home/runner/.m2/repository/io/micronaut/sql/micronaut-hibernate-jpa/5.3.0/micronaut-hibernate-jpa-5.3.0.jar:/home/runner/.m2/repository/jakarta/transaction/jakarta.transaction-api/2.0.1/jakarta.transaction-api-2.0.1.jar:/home/runner/.m2/repository/io/micronaut/validation/micronaut-validation/4.2.0/micronaut-validation-4.2.0.jar:/home/runner/.m2/repository/jakarta/validation/jakarta.validation-api/3.0.2/jakarta.validation-api-3.0.2.jar:/home/runner/.m2/repository/io/micronaut/reactor/micronaut-reactor/3.1.0/micronaut-reactor-3.1.0.jar:/home/runner/.m2/repository/io/micronaut/micronaut-aop/4.2.0/micronaut-aop-4.2.0.jar:/home/runner/.m2/repository/io/micronaut/sql/micronaut-jdbc/5.3.0/micronaut-jdbc-5.3.0.jar:/home/runner/.m2/repository/io/micronaut/sql/micronaut-jdbc-hikari/5.3.0/micronaut-jdbc-hikari-5.3.0.jar:/home/runner/.m2/repository/com/zaxxer/HikariCP/5.1.0/HikariCP-5.1.0.jar:/home/runner/.m2/repository/com/h2database/h2/2.2.224/h2-2.2.224.jar:/home/runner/.m2/repository/jakarta/persistence/jakarta.persistence-api/3.1.0/jakarta.persistence-api-3.1.0.jar:/home/runner/.m2/repository/org/hibernate/orm/hibernate-core/6.4.8.Final/hibernate-core-6.4.8.Final.jar:/home/runner/.m2/repository/org/jboss/logging/jboss-logging/3.5.0.Final/jboss-logging-3.5.0.Final.jar:/home/runner/.m2/repository/org/hibernate/common/hibernate-commons-annotations/6.0.6.Final/hibernate-commons-annotations-6.0.6.Final.jar:/home/runner/.m2/repository/io/smallrye/jandex/3.1.2/jandex-3.1.2.jar:/home/runner/.m2/repository/com/fasterxml/classmate/1.5.1/classmate-1.5.1.jar:/home/runner/.m2/repository/net/bytebuddy/byte-buddy/1.14.11/byte-buddy-1.14.11.jar:/home/runner/.m2/repository/jakarta/xml/bind/jakarta.xml.bind-api/4.0.0/jakarta.xml.bind-api-4.0.0.jar:/home/runner/.m2/repository/jakarta/activation/jakarta.activation-api/2.1.0/jakarta.activation-api-2.1.0.jar:/home/runner/.m2/repository/org/glassfish/jaxb/jaxb-runtime/4.0.2/jaxb-runtime-4.0.2.jar:/home/runner/.m2/repository/org/glassfish/jaxb/jaxb-core/4.0.2/jaxb-core-4.0.2.jar:/home/runner/.m2/repository/org/eclipse/angus/angus-activation/2.0.0/angus-activation-2.0.0.jar:/home/runner/.m2/repository/org/glassfish/jaxb/txw2/4.0.2/txw2-4.0.2.jar:/home/runner/.m2/repository/com/sun/istack/istack-commons-runtime/4.1.1/istack-commons-runtime-4.1.1.jar:/home/runner/.m2/repository/org/antlr/antlr4-runtime/4.13.0/antlr4-runtime-4.13.0.jar:/home/runner/.m2/repository/io/micronaut/test/micronaut-test-junit5/4.1.0/micronaut-test-junit5-4.1.0.jar:/home/runner/.m2/repository/io/micronaut/test/micronaut-test-core/4.1.0/micronaut-test-core-4.1.0.jar:/home/runner/.m2/repository/org/junit/jupiter/junit-jupiter-api/5.10.1/junit-jupiter-api-5.10.1.jar:/home/runner/.m2/repository/org/opentest4j/opentest4j/1.3.0/opentest4j-1.3.0.jar:/home/runner/.m2/repository/org/junit/platform/junit-platform-commons/1.10.1/junit-platform-commons-1.10.1.jar:/home/runner/.m2/repository/org/apiguardian/apiguardian-api/1.1.2/apiguardian-api-1.1.2.jar:/home/runner/.m2/repository/org/junit/jupiter/junit-jupiter-engine/5.10.1/junit-jupiter-engine-5.10.1.jar:/home/runner/.m2/repository/org/junit/platform/junit-platform-engine/1.10.1/junit-platform-engine-1.10.1.jar:/home/runner/.m2/repository/org/mockito/mockito-core/5.7.0/mockito-core-5.7.0.jar:/home/runner/.m2/repository/net/bytebuddy/byte-buddy-agent/1.14.9/byte-buddy-agent-1.14.9.jar:/home/runner/.m2/repository/org/objenesis/objenesis/3.3/objenesis-3.3.jar:/home/runner/.m2/repository/ch/qos/logback/logback-classic/1.4.14/logback-classic-1.4.14.jar:/home/runner/.m2/repository/ch/qos/logback/logback-core/1.4.14/logback-core-1.4.14.jar:"/>
    <property name="test" value="ProductControllerIT,UserControllerIT,ReviewControllerIT"/>
    <property name="sun.cpu.endian" value="little"/>
    <property name="user.home" value="/home/runner"/>
    <property name="user.language" value="en"/>
    <property name="java.specification.vendor" value="Oracle Corporation"/>
    <property name="io.netty.allocator.maxOrder" value="3"/>
    <property name="java.version.date" value="2025-04-15"/>
    <property name="java.home" value="/usr/lib/jvm/temurin-17-jdk-amd64"/>
    <property name="file.separator" value="/"/>
    <property name="basedir" value="/home/runner/work/ojp-framework-integration/ojp-framework-integration/micronaut/shopservice"/>
    <property name="java.vm.compressedOopsMode" value="Zero based"/>
    <property name="line.separator" value="&#10;"/>
    <property name="java.specification.name" value="Java Platform API Specification"/>
    <property name="java.vm.specification.vendor" value="Oracle Corporation"/>
    <property name="surefire.real.class.path" value="/home/runner/work/ojp-framework-integration/ojp-framework-integration/micronaut/shopservice/target/surefire/surefirebooter-20250712072916671_3.jar"/>
    <property name="sun.management.compiler" value="HotSpot 64-Bit Tiered Compilers"/>
    <property name="java.runtime.version" value="17.0.15+6"/>
    <property name="user.name" value="runner"/>
    <property name="path.separator" value=":"/>
    <property name="os.version" value="6.11.0-1018-azure"/>
    <property name="java.runtime.name" value="OpenJDK Runtime Environment"/>
    <property name="file.encoding" value="UTF-8"/>
    <property name="java.vm.name" value="OpenJDK 64-Bit Server VM"/>
    <property name="java.vendor.version" value="Temurin-17.0.15+6"/>
    <property name="localRepository" value="/home/runner/.m2/repository"/>
    <property name="micronaut.classloader.logging" value="true"/>
    <property name="java.vendor.url.bug" value="https://github.com/adoptium/adoptium-support/issues"/>
    <property name="java.io.tmpdir" value="/tmp"/>
    <property name="com.zaxxer.hikari.pool_number" value="3"/>
    <property name="java.version" value="17.0.15"/>
    <property name="user.dir" value="/home/runner/work/ojp-framework-integration/ojp-framework-integration/micronaut/shopservice"/>
    <property name="os.arch" value="amd64"/>
    <property name="java.vm.specification.name" value="Java Virtual Machine Specification"/>
    <property name="native.encoding" value="UTF-8"/>
    <property name="java.library.path" value="/usr/java/packages/lib:/usr/lib64:/lib64:/lib:/usr/lib"/>
    <property name="java.vm.info" value="mixed mode, sharing"/>
    <property name="java.vendor" value="Eclipse Adoptium"/>
    <property name="java.vm.version" value="17.0.15+6"/>
    <property name="java.specification.maintenance.version" value="1"/>
    <property name="sun.io.unicode.encoding" value="UnicodeLittle"/>
    <property name="java.class.version" value="61.0"/>
  </properties>
  <testcase name="testCreateAndGetUser" classname="com.example.shopservice.controller.UserControllerIT" time="0.051">
    <system-out><![CDATA[07:29:21.455 [main] DEBUG io.micronaut.context.DefaultApplicationContext$RuntimeConfiguredEnvironment -- Environment deduction is using the default of: true
07:29:21.459 [main] INFO io.micronaut.context.DefaultApplicationContext$RuntimeConfiguredEnvironment -- Established active environments: [test]
07:29:21.459 [main] DEBUG io.micronaut.context.DefaultApplicationContext$RuntimeConfiguredEnvironment -- Starting environment io.micronaut.context.DefaultApplicationContext$RuntimeConfiguredEnvironment@64d1f549 for active names [test]
07:29:21.459 [main] DEBUG io.micronaut.context.DefaultApplicationContext$RuntimeConfiguredEnvironment -- Reading property sources from loader: io.micronaut.context.env.PropertiesPropertySourceLoader@1fb61db4
07:29:21.460 [main] DEBUG io.micronaut.context.env.PropertiesPropertySourceLoader -- Found PropertySource for file name: application.properties
07:29:21.460 [main] DEBUG io.micronaut.context.env.PropertiesPropertySourceLoader -- No PropertySource found for file name: application-test.properties
07:29:21.460 [main] DEBUG io.micronaut.context.DefaultApplicationContext$RuntimeConfiguredEnvironment -- Reading property sources from loader: io.micronaut.context.env.yaml.YamlPropertySourceLoader@1d4e06bb
07:29:21.460 [main] DEBUG io.micronaut.context.DefaultApplicationContext$RuntimeConfiguredEnvironment -- Reading property sources from loader: io.micronaut.jackson.core.env.CloudFoundryVcapApplicationPropertySourceLoader@2eb9c7ad
07:29:21.460 [main] DEBUG io.micronaut.jackson.core.env.CloudFoundryVcapApplicationPropertySourceLoader -- No PropertySource found for file name: application.VCAP_APPLICATION
07:29:21.460 [main] DEBUG io.micronaut.jackson.core.env.CloudFoundryVcapApplicationPropertySourceLoader -- No PropertySource found for file name: application-test.VCAP_APPLICATION
07:29:21.460 [main] DEBUG io.micronaut.context.DefaultApplicationContext$RuntimeConfiguredEnvironment -- Reading property sources from loader: io.micronaut.jackson.core.env.JsonPropertySourceLoader@4529048e
07:29:21.460 [main] DEBUG io.micronaut.jackson.core.env.JsonPropertySourceLoader -- No PropertySource found for file name: application.json
07:29:21.460 [main] DEBUG io.micronaut.jackson.core.env.JsonPropertySourceLoader -- No PropertySource found for file name: application-test.json
07:29:21.460 [main] DEBUG io.micronaut.context.DefaultApplicationContext$RuntimeConfiguredEnvironment -- Reading property sources from loader: io.micronaut.jackson.core.env.EnvJsonPropertySourceLoader@6addfa22
07:29:21.460 [main] DEBUG io.micronaut.jackson.core.env.EnvJsonPropertySourceLoader -- No PropertySource found for file name: application.json
07:29:21.460 [main] DEBUG io.micronaut.jackson.core.env.EnvJsonPropertySourceLoader -- No PropertySource found for file name: application-test.json
07:29:21.460 [main] DEBUG io.micronaut.context.DefaultApplicationContext$RuntimeConfiguredEnvironment -- Reading property sources from loader: io.micronaut.jackson.core.env.CloudFoundryVcapServicesPropertySourceLoader@74b521c
07:29:21.460 [main] DEBUG io.micronaut.jackson.core.env.CloudFoundryVcapServicesPropertySourceLoader -- No PropertySource found for file name: application.VCAP_SERVICES
07:29:21.460 [main] DEBUG io.micronaut.jackson.core.env.CloudFoundryVcapServicesPropertySourceLoader -- No PropertySource found for file name: application-test.VCAP_SERVICES
07:29:21.461 [main] DEBUG io.micronaut.context.DefaultApplicationContext$RuntimeConfiguredEnvironment -- Processing property source: application
07:29:21.461 [main] DEBUG io.micronaut.context.DefaultApplicationContext$RuntimeConfiguredEnvironment -- Processing property source: env
07:29:21.463 [main] DEBUG io.micronaut.context.DefaultApplicationContext$RuntimeConfiguredEnvironment -- Processing property source: system
07:29:21.464 [main] DEBUG io.micronaut.context.DefaultApplicationContext$RuntimeConfiguredEnvironment -- Processing property source: test-properties
07:29:21.464 [main] DEBUG io.micronaut.context.DefaultBeanContext -- Finding candidate beans for type: DefaultEnvironment
07:29:21.464 [main] DEBUG io.micronaut.context.DefaultBeanContext -- No bean candidates found for type: DefaultEnvironment
07:29:21.464 [main] DEBUG io.micronaut.context.DefaultBeanContext -- Starting BeanContext
07:29:21.466 [main] DEBUG io.micronaut.context.DefaultBeanContext -- Finding candidate beans for type: HttpClientRegistry
07:29:21.467 [main] DEBUG io.micronaut.context.DefaultBeanContext --   class io.micronaut.http.client.netty.DefaultNettyHttpClientRegistry null Definition: io.micronaut.http.client.netty.DefaultNettyHttpClientRegistry
07:29:21.468 [main] DEBUG io.micronaut.context.DefaultBeanContext -- Finding candidate beans for type: BeanCreatedEventListener
07:29:21.468 [main] DEBUG io.micronaut.context.condition.Condition -- Bean [io.micronaut.web.router.version.$VersionAwareRouterListener$Definition] will not be loaded due to failing conditions:
07:29:21.468 [main] DEBUG io.micronaut.context.condition.Condition -- * Required property [micronaut.router.versioning.enabled] with value [true] not present
07:29:21.468 [main] DEBUG io.micronaut.context.condition.Condition -- Bean [io.micronaut.configuration.hibernate.jpa.metrics.$HibernateMetricsBinder$Definition] will not be loaded due to failing conditions:
07:29:21.468 [main] DEBUG io.micronaut.context.condition.Condition -- * Class [org.hibernate.stat.HibernateMetrics] is not present
07:29:21.468 [main] DEBUG io.micronaut.context.DefaultBeanContext --   class io.micronaut.context.propagation.instrument.execution.ExecutorServiceInstrumenter null Definition: io.micronaut.context.propagation.instrument.execution.ExecutorServiceInstrumenter
07:29:21.468 [main] DEBUG io.micronaut.context.DefaultBeanContext --   class io.micronaut.data.connection.jdbc.advice.ContextualAwareDataSource null Definition: io.micronaut.data.connection.jdbc.advice.ContextualAwareDataSource
07:29:21.468 [main] DEBUG io.micronaut.context.DefaultBeanContext --   class io.micronaut.data.hibernate.naming.PhysicalNamingStrategyConfiguration null Definition: io.micronaut.data.hibernate.naming.PhysicalNamingStrategyConfiguration
07:29:21.468 [main] DEBUG io.micronaut.context.DefaultBeanContext -- Finding candidate beans for type: BeanInitializedEventListener
07:29:21.468 [main] DEBUG io.micronaut.context.DefaultBeanContext -- No bean candidates found for type: BeanInitializedEventListener
07:29:21.468 [main] DEBUG io.micronaut.context.DefaultBeanContext -- Resolving beans for type: io.micronaut.core.convert.TypeConverter
07:29:21.468 [main] DEBUG io.micronaut.context.DefaultBeanContext -- Finding candidate beans for type: TypeConverter
07:29:21.468 [main] DEBUG io.micronaut.context.DefaultBeanContext --   class io.micronaut.http.cookie.SameSiteConverter null Definition: io.micronaut.http.cookie.SameSiteConverter
07:29:21.468 [main] DEBUG io.micronaut.context.DefaultBeanContext --   class io.micronaut.http.server.cors.CorsOriginConverter null Definition: io.micronaut.http.server.cors.CorsOriginConverter
07:29:21.468 [main] DEBUG io.micronaut.context.lifecycle -- Created bean [io.micronaut.http.cookie.SameSiteConverter@672f69f7] from definition [Definition: io.micronaut.http.cookie.SameSiteConverter] with qualifier [null]
07:29:21.468 [main] DEBUG io.micronaut.context.DefaultBeanContext -- Found a registration BeanRegistration: io.micronaut.http.cookie.SameSiteConverter@672f69f7 for candidate: Definition: io.micronaut.http.cookie.SameSiteConverter with qualifier: null
07:29:21.468 [main] DEBUG io.micronaut.context.lifecycle -- Created bean [io.micronaut.http.server.cors.CorsOriginConverter@6aaf1ce8] from definition [Definition: io.micronaut.http.server.cors.CorsOriginConverter] with qualifier [null]
07:29:21.468 [main] DEBUG io.micronaut.context.DefaultBeanContext -- Found a registration BeanRegistration: io.micronaut.http.server.cors.CorsOriginConverter@6aaf1ce8 for candidate: Definition: io.micronaut.http.server.cors.CorsOriginConverter with qualifier: null
07:29:21.469 [main] DEBUG io.micronaut.context.DefaultBeanContext -- Resolving beans for type: io.micronaut.core.convert.TypeConverterRegistrar
07:29:21.469 [main] DEBUG io.micronaut.context.DefaultBeanContext -- Finding candidate beans for type: TypeConverterRegistrar
07:29:21.469 [main] DEBUG io.micronaut.context.condition.Condition -- Bean [io.micronaut.http.netty.channel.converters.$KQueueChannelOptionFactory$Definition] will not be loaded due to failing conditions:
07:29:21.469 [main] DEBUG io.micronaut.context.condition.Condition -- * Class [io.netty.channel.kqueue.KQueue] is not present
07:29:21.469 [main] DEBUG io.micronaut.context.condition.Condition -- Bean [io.micronaut.reactor.convert.$ReactorToRxJava2ConverterRegistrar$Definition] will not be loaded due to failing conditions:
07:29:21.469 [main] DEBUG io.micronaut.context.condition.Condition -- * Class [io.reactivex.Maybe] is not present
07:29:21.469 [main] DEBUG io.micronaut.context.condition.Condition -- Bean [io.micronaut.reactor.convert.$ReactorToRxJava3ConverterRegistrar$Definition] will not be loaded due to failing conditions:
07:29:21.469 [main] DEBUG io.micronaut.context.condition.Condition -- * Class [io.reactivex.rxjava3.core.Maybe] is not present
07:29:21.469 [main] DEBUG io.micronaut.context.DefaultBeanContext --   class io.micronaut.http.server.netty.converters.NettyConverters null Definition: io.micronaut.http.server.netty.converters.NettyConverters
07:29:21.469 [main] DEBUG io.micronaut.context.DefaultBeanContext --   class io.micronaut.buffer.netty.NettyByteBufferFactory null Definition: io.micronaut.buffer.netty.NettyByteBufferFactory
07:29:21.469 [main] DEBUG io.micronaut.context.DefaultBeanContext --   class io.micronaut.jackson.databind.convert.JacksonConverterRegistrar null Definition: io.micronaut.jackson.databind.convert.JacksonConverterRegistrar
07:29:21.469 [main] DEBUG io.micronaut.context.DefaultBeanContext --   class io.micronaut.json.convert.JsonConverterRegistrar null Definition: io.micronaut.json.convert.JsonConverterRegistrar
07:29:21.469 [main] DEBUG io.micronaut.context.DefaultBeanContext --   class io.micronaut.http.converters.HttpConverterRegistrar null Definition: io.micronaut.http.converters.HttpConverterRegistrar
07:29:21.469 [main] DEBUG io.micronaut.core.reflect.ClassUtils -- Attempting to dynamically load class io.micronaut.context.annotation.Prototype
07:29:21.469 [main] DEBUG io.micronaut.core.reflect.ClassUtils -- Successfully loaded class io.micronaut.context.annotation.Prototype
07:29:21.469 [main] DEBUG io.micronaut.context.DefaultBeanContext -- Finding candidate beans for type: BeanProvider decoderRegistryProvider
07:29:21.469 [main] DEBUG io.micronaut.context.DefaultBeanContext --   interface io.micronaut.context.BeanProvider null io.micronaut.inject.provider.BeanProviderDefinition@3cd344c0
07:29:21.469 [main] DEBUG io.micronaut.context.DefaultBeanContext -- Found concrete candidate [io.micronaut.inject.provider.BeanProviderDefinition@3cd344c0] for type: decoderRegistryProvider 
07:29:21.469 [main] DEBUG io.micronaut.context.lifecycle -- Created bean [io.micronaut.inject.provider.BeanProviderDefinition$1@6f26e775] from definition [io.micronaut.inject.provider.BeanProviderDefinition@3cd344c0] with qualifier [null]
07:29:21.469 [main] DEBUG io.micronaut.context.DefaultBeanContext -- Finding candidate beans for type: BeanProvider channelOptionFactory
07:29:21.469 [main] DEBUG io.micronaut.context.DefaultBeanContext --   interface io.micronaut.context.BeanProvider null io.micronaut.inject.provider.BeanProviderDefinition@3cd344c0
07:29:21.469 [main] DEBUG io.micronaut.context.DefaultBeanContext -- Found concrete candidate [io.micronaut.inject.provider.BeanProviderDefinition@3cd344c0] for type: channelOptionFactory 
07:29:21.469 [main] DEBUG io.micronaut.context.lifecycle -- Created bean [io.micronaut.inject.provider.BeanProviderDefinition$1@3220833f] from definition [io.micronaut.inject.provider.BeanProviderDefinition@3cd344c0] with qualifier [null]
07:29:21.469 [main] DEBUG io.micronaut.context.lifecycle -- Created bean [io.micronaut.http.server.netty.converters.NettyConverters@2e5c245d] from definition [Definition: io.micronaut.http.server.netty.converters.NettyConverters] with qualifier [null]
07:29:21.469 [main] DEBUG io.micronaut.context.DefaultBeanContext -- Found a registration BeanRegistration: io.micronaut.http.server.netty.converters.NettyConverters@2e5c245d for candidate: Definition: io.micronaut.http.server.netty.converters.NettyConverters with qualifier: null
07:29:21.469 [main] DEBUG io.micronaut.context.lifecycle -- Created bean [io.micronaut.buffer.netty.NettyByteBufferFactory@3c862522] from definition [Definition: io.micronaut.buffer.netty.NettyByteBufferFactory] with qualifier [null]
07:29:21.469 [main] DEBUG io.micronaut.context.DefaultBeanContext -- Found a registration BeanRegistration: io.micronaut.buffer.netty.NettyByteBufferFactory@3c862522 for candidate: Definition: io.micronaut.buffer.netty.NettyByteBufferFactory with qualifier: null
07:29:21.469 [main] DEBUG io.micronaut.core.reflect.ClassUtils -- Attempting to dynamically load class io.micronaut.context.annotation.Prototype
07:29:21.469 [main] DEBUG io.micronaut.core.reflect.ClassUtils -- Successfully loaded class io.micronaut.context.annotation.Prototype
07:29:21.469 [main] DEBUG io.micronaut.context.DefaultBeanContext -- Finding candidate beans for type: BeanProvider objectMapper
07:29:21.469 [main] DEBUG io.micronaut.context.DefaultBeanContext --   interface io.micronaut.context.BeanProvider null io.micronaut.inject.provider.BeanProviderDefinition@3cd344c0
07:29:21.469 [main] DEBUG io.micronaut.context.DefaultBeanContext -- Found concrete candidate [io.micronaut.inject.provider.BeanProviderDefinition@3cd344c0] for type: objectMapper 
07:29:21.469 [main] DEBUG io.micronaut.context.lifecycle -- Created bean [io.micronaut.inject.provider.BeanProviderDefinition$1@64c37088] from definition [io.micronaut.inject.provider.BeanProviderDefinition@3cd344c0] with qualifier [null]
07:29:21.469 [main] DEBUG io.micronaut.context.lifecycle -- Created bean [io.micronaut.jackson.databind.convert.JacksonConverterRegistrar@524c3e54] from definition [Definition: io.micronaut.jackson.databind.convert.JacksonConverterRegistrar] with qualifier [null]
07:29:21.469 [main] DEBUG io.micronaut.context.DefaultBeanContext -- Found a registration BeanRegistration: io.micronaut.jackson.databind.convert.JacksonConverterRegistrar@524c3e54 for candidate: Definition: io.micronaut.jackson.databind.convert.JacksonConverterRegistrar with qualifier: null
07:29:21.469 [main] DEBUG io.micronaut.core.reflect.ClassUtils -- Attempting to dynamically load class io.micronaut.context.annotation.Prototype
07:29:21.469 [main] DEBUG io.micronaut.core.reflect.ClassUtils -- Successfully loaded class io.micronaut.context.annotation.Prototype
07:29:21.469 [main] DEBUG io.micronaut.context.DefaultBeanContext -- Finding candidate beans for type: BeanProvider objectCodec
07:29:21.469 [main] DEBUG io.micronaut.context.DefaultBeanContext --   interface io.micronaut.context.BeanProvider null io.micronaut.inject.provider.BeanProviderDefinition@3cd344c0
07:29:21.469 [main] DEBUG io.micronaut.context.DefaultBeanContext -- Found concrete candidate [io.micronaut.inject.provider.BeanProviderDefinition@3cd344c0] for type: objectCodec 
07:29:21.469 [main] DEBUG io.micronaut.context.lifecycle -- Created bean [io.micronaut.inject.provider.BeanProviderDefinition$1@1d7d968c] from definition [io.micronaut.inject.provider.BeanProviderDefinition@3cd344c0] with qualifier [null]
07:29:21.469 [main] DEBUG io.micronaut.context.DefaultBeanContext -- Finding candidate beans for type: BeanProvider beanPropertyBinder
07:29:21.469 [main] DEBUG io.micronaut.context.DefaultBeanContext --   interface io.micronaut.context.BeanProvider null io.micronaut.inject.provider.BeanProviderDefinition@3cd344c0
07:29:21.469 [main] DEBUG io.micronaut.context.DefaultBeanContext -- Found concrete candidate [io.micronaut.inject.provider.BeanProviderDefinition@3cd344c0] for type: beanPropertyBinder 
07:29:21.469 [main] DEBUG io.micronaut.context.lifecycle -- Created bean [io.micronaut.inject.provider.BeanProviderDefinition$1@10df1f34] from definition [io.micronaut.inject.provider.BeanProviderDefinition@3cd344c0] with qualifier [null]
07:29:21.469 [main] DEBUG io.micronaut.context.lifecycle -- Created bean [io.micronaut.json.convert.JsonConverterRegistrar@6fe77a97] from definition [Definition: io.micronaut.json.convert.JsonConverterRegistrar] with qualifier [null]
07:29:21.469 [main] DEBUG io.micronaut.context.DefaultBeanContext -- Found a registration BeanRegistration: io.micronaut.json.convert.JsonConverterRegistrar@6fe77a97 for candidate: Definition: io.micronaut.json.convert.JsonConverterRegistrar with qualifier: null
07:29:21.469 [main] DEBUG io.micronaut.core.reflect.ClassUtils -- Attempting to dynamically load class io.micronaut.context.annotation.Prototype
07:29:21.469 [main] DEBUG io.micronaut.core.reflect.ClassUtils -- Successfully loaded class io.micronaut.context.annotation.Prototype
07:29:21.469 [main] DEBUG io.micronaut.context.DefaultBeanContext -- Finding candidate beans for type: BeanProvider resourceResolver
07:29:21.469 [main] DEBUG io.micronaut.context.DefaultBeanContext --   interface io.micronaut.context.BeanProvider null io.micronaut.inject.provider.BeanProviderDefinition@3cd344c0
07:29:21.469 [main] DEBUG io.micronaut.context.DefaultBeanContext -- Found concrete candidate [io.micronaut.inject.provider.BeanProviderDefinition@3cd344c0] for type: resourceResolver 
07:29:21.469 [main] DEBUG io.micronaut.context.lifecycle -- Created bean [io.micronaut.inject.provider.BeanProviderDefinition$1@5cea47a1] from definition [io.micronaut.inject.provider.BeanProviderDefinition@3cd344c0] with qualifier [null]
07:29:21.469 [main] DEBUG io.micronaut.context.lifecycle -- Created bean [io.micronaut.http.converters.HttpConverterRegistrar@2d527346] from definition [Definition: io.micronaut.http.converters.HttpConverterRegistrar] with qualifier [null]
07:29:21.469 [main] DEBUG io.micronaut.context.DefaultBeanContext -- Found a registration BeanRegistration: io.micronaut.http.converters.HttpConverterRegistrar@2d527346 for candidate: Definition: io.micronaut.http.converters.HttpConverterRegistrar with qualifier: null
07:29:21.469 [main] DEBUG io.micronaut.context.DefaultBeanContext -- Found 5 bean registrations for type [typeConverterRegistrar]
07:29:21.469 [main] DEBUG io.micronaut.context.DefaultBeanContext --   Definition: io.micronaut.jackson.databind.convert.JacksonConverterRegistrar null
07:29:21.469 [main] DEBUG io.micronaut.context.DefaultBeanContext --   Definition: io.micronaut.json.convert.JsonConverterRegistrar null
07:29:21.469 [main] DEBUG io.micronaut.context.DefaultBeanContext --   Definition: io.micronaut.http.converters.HttpConverterRegistrar null
07:29:21.469 [main] DEBUG io.micronaut.context.DefaultBeanContext --   Definition: io.micronaut.buffer.netty.NettyByteBufferFactory null
07:29:21.469 [main] DEBUG io.micronaut.context.DefaultBeanContext --   Definition: io.micronaut.http.server.netty.converters.NettyConverters null
07:29:21.469 [main] DEBUG io.micronaut.context.condition.Condition -- Bean [io.micronaut.buffer.netty.$DefaultByteBufAllocatorConfiguration$Definition] will not be loaded due to failing conditions:
07:29:21.469 [main] DEBUG io.micronaut.context.condition.Condition -- * Required property [netty.default.allocator] with value [null] not present
07:29:21.469 [main] DEBUG io.micronaut.context.condition.Condition -- Bean [io.micronaut.logging.$PropertiesLoggingLevelsConfigurer$Definition] will not be loaded due to failing conditions:
07:29:21.469 [main] DEBUG io.micronaut.context.condition.Condition -- * Required property [logger] with value [null] not present
07:29:21.470 [main] DEBUG io.micronaut.context.DefaultBeanContext -- Finding candidate beans for type: SessionFactoryPerDataSourceFactory
07:29:21.470 [main] DEBUG io.micronaut.core.reflect.ClassUtils -- Attempting to dynamically load class org.hibernate.reactive.provider.ReactiveServiceRegistryBuilder
07:29:21.470 [main] DEBUG io.micronaut.core.reflect.ClassUtils -- Class org.hibernate.reactive.provider.ReactiveServiceRegistryBuilder is not present
07:29:21.470 [main] DEBUG io.micronaut.core.reflect.ClassUtils -- Attempting to dynamically load class org.hibernate.reactive.provider.ReactiveServiceRegistryBuilder
07:29:21.470 [main] DEBUG io.micronaut.core.reflect.ClassUtils -- Class org.hibernate.reactive.provider.ReactiveServiceRegistryBuilder is not present
07:29:21.470 [main] DEBUG io.micronaut.context.DefaultBeanContext --   class io.micronaut.configuration.hibernate.jpa.conf.SessionFactoryPerDataSourceFactory null Definition: io.micronaut.configuration.hibernate.jpa.conf.SessionFactoryPerDataSourceFactory
07:29:21.470 [main] DEBUG io.micronaut.context.condition.Condition -- Bean [Definition: io.micronaut.configuration.hibernate.jpa.conf.SessionFactoryPerJpaConfigurationFactory] will not be loaded due to failing conditions:
07:29:21.470 [main] DEBUG io.micronaut.context.condition.Condition -- * Existing bean [io.micronaut.configuration.hibernate.jpa.conf.SessionFactoryPerDataSourceFactory] of type [class io.micronaut.configuration.hibernate.jpa.conf.SessionFactoryPerDataSourceFactory] registered in context
07:29:21.470 [main] DEBUG io.micronaut.core.reflect.ClassUtils -- Attempting to dynamically load class org.hibernate.reactive.provider.ReactiveServiceRegistryBuilder
07:29:21.470 [main] DEBUG io.micronaut.core.reflect.ClassUtils -- Class org.hibernate.reactive.provider.ReactiveServiceRegistryBuilder is not present
07:29:21.470 [main] DEBUG io.micronaut.core.reflect.ClassUtils -- Attempting to dynamically load class org.hibernate.reactive.provider.ReactiveServiceRegistryBuilder
07:29:21.470 [main] DEBUG io.micronaut.core.reflect.ClassUtils -- Class org.hibernate.reactive.provider.ReactiveServiceRegistryBuilder is not present
07:29:21.470 [main] DEBUG io.micronaut.context.condition.Condition -- Bean [io.micronaut.reactor.instrument.$ReactorAutomaticContextPropagation$Definition] will not be loaded due to failing conditions:
07:29:21.470 [main] DEBUG io.micronaut.context.condition.Condition -- * Class [io.micrometer.context.ContextRegistry] is not present
07:29:21.470 [main] DEBUG io.micronaut.context.DefaultBeanContext -- Finding candidate beans for type: SessionFactoryBuilder
07:29:21.470 [main] DEBUG io.micronaut.core.reflect.ClassUtils -- Attempting to dynamically load class org.hibernate.reactive.provider.ReactiveServiceRegistryBuilder
07:29:21.470 [main] DEBUG io.micronaut.core.reflect.ClassUtils -- Class org.hibernate.reactive.provider.ReactiveServiceRegistryBuilder is not present
07:29:21.470 [main] DEBUG io.micronaut.core.reflect.ClassUtils -- Attempting to dynamically load class org.hibernate.reactive.provider.ReactiveServiceRegistryBuilder
07:29:21.470 [main] DEBUG io.micronaut.core.reflect.ClassUtils -- Class org.hibernate.reactive.provider.ReactiveServiceRegistryBuilder is not present
07:29:21.470 [main] DEBUG io.micronaut.context.DefaultBeanContext -- Finding candidate beans for type: Metadata
07:29:21.470 [main] DEBUG io.micronaut.context.DefaultBeanContext -- Finding candidate beans for type: SessionFactoryPerDataSourceFactory
07:29:21.471 [main] DEBUG io.micronaut.context.DefaultBeanContext --   class io.micronaut.configuration.hibernate.jpa.conf.SessionFactoryPerDataSourceFactory null Definition: io.micronaut.configuration.hibernate.jpa.conf.SessionFactoryPerDataSourceFactory
07:29:21.471 [main] DEBUG io.micronaut.context.condition.Condition -- Bean [Definition: io.micronaut.configuration.hibernate.jpa.conf.SessionFactoryPerJpaConfigurationFactory] will not be loaded due to failing conditions:
07:29:21.471 [main] DEBUG io.micronaut.context.condition.Condition -- * Existing bean [io.micronaut.configuration.hibernate.jpa.conf.SessionFactoryPerDataSourceFactory] of type [class io.micronaut.configuration.hibernate.jpa.conf.SessionFactoryPerDataSourceFactory] registered in context
07:29:21.471 [main] DEBUG io.micronaut.core.reflect.ClassUtils -- Attempting to dynamically load class org.hibernate.reactive.provider.ReactiveServiceRegistryBuilder
07:29:21.471 [main] DEBUG io.micronaut.core.reflect.ClassUtils -- Class org.hibernate.reactive.provider.ReactiveServiceRegistryBuilder is not present
07:29:21.471 [main] DEBUG io.micronaut.core.reflect.ClassUtils -- Attempting to dynamically load class org.hibernate.reactive.provider.ReactiveServiceRegistryBuilder
07:29:21.471 [main] DEBUG io.micronaut.core.reflect.ClassUtils -- Class org.hibernate.reactive.provider.ReactiveServiceRegistryBuilder is not present
07:29:21.471 [main] DEBUG io.micronaut.context.DefaultBeanContext -- Finding candidate beans for type: MetadataSources
07:29:21.471 [main] DEBUG io.micronaut.core.reflect.ClassUtils -- Attempting to dynamically load class org.hibernate.reactive.provider.ReactiveServiceRegistryBuilder
07:29:21.471 [main] DEBUG io.micronaut.core.reflect.ClassUtils -- Class org.hibernate.reactive.provider.ReactiveServiceRegistryBuilder is not present
07:29:21.471 [main] DEBUG io.micronaut.core.reflect.ClassUtils -- Attempting to dynamically load class org.hibernate.reactive.provider.ReactiveServiceRegistryBuilder
07:29:21.471 [main] DEBUG io.micronaut.core.reflect.ClassUtils -- Class org.hibernate.reactive.provider.ReactiveServiceRegistryBuilder is not present
07:29:21.471 [main] DEBUG io.micronaut.context.DefaultBeanContext -- Finding candidate beans for type: ServiceRegistry
07:29:21.471 [main] DEBUG io.micronaut.context.DefaultBeanContext -- Finding candidate beans for type: SessionFactoryPerDataSourceFactory
07:29:21.471 [main] DEBUG io.micronaut.context.DefaultBeanContext --   class io.micronaut.configuration.hibernate.jpa.conf.SessionFactoryPerDataSourceFactory null Definition: io.micronaut.configuration.hibernate.jpa.conf.SessionFactoryPerDataSourceFactory
07:29:21.471 [main] DEBUG io.micronaut.context.condition.Condition -- Bean [Definition: io.micronaut.configuration.hibernate.jpa.conf.SessionFactoryPerJpaConfigurationFactory] will not be loaded due to failing conditions:
07:29:21.471 [main] DEBUG io.micronaut.context.condition.Condition -- * Existing bean [io.micronaut.configuration.hibernate.jpa.conf.SessionFactoryPerDataSourceFactory] of type [class io.micronaut.configuration.hibernate.jpa.conf.SessionFactoryPerDataSourceFactory] registered in context
07:29:21.471 [main] DEBUG io.micronaut.core.reflect.ClassUtils -- Attempting to dynamically load class org.hibernate.reactive.provider.ReactiveServiceRegistryBuilder
07:29:21.471 [main] DEBUG io.micronaut.core.reflect.ClassUtils -- Class org.hibernate.reactive.provider.ReactiveServiceRegistryBuilder is not present
07:29:21.471 [main] DEBUG io.micronaut.core.reflect.ClassUtils -- Attempting to dynamically load class org.hibernate.reactive.provider.ReactiveServiceRegistryBuilder
07:29:21.471 [main] DEBUG io.micronaut.core.reflect.ClassUtils -- Class org.hibernate.reactive.provider.ReactiveServiceRegistryBuilder is not present
07:29:21.471 [main] DEBUG io.micronaut.context.DefaultBeanContext -- Finding candidate beans for type: DataSource
07:29:21.472 [main] DEBUG io.micronaut.context.DefaultBeanContext -- Finding candidate beans for type: DatasourceConfiguration
07:29:21.472 [main] DEBUG io.micronaut.context.DefaultBeanContext --   class io.micronaut.configuration.jdbc.hikari.DatasourceConfiguration @Named('default') Definition: io.micronaut.configuration.jdbc.hikari.DatasourceConfiguration
07:29:21.472 [main] DEBUG io.micronaut.context.DefaultBeanContext --   interface javax.sql.DataSource @Named('default') Definition: io.micronaut.configuration.jdbc.hikari.DatasourceFactory
07:29:21.472 [main] DEBUG io.micronaut.core.reflect.ClassUtils -- Attempting to dynamically load class org.hibernate.reactive.provider.ReactiveServiceRegistryBuilder
07:29:21.472 [main] DEBUG io.micronaut.core.reflect.ClassUtils -- Class org.hibernate.reactive.provider.ReactiveServiceRegistryBuilder is not present
07:29:21.472 [main] DEBUG io.micronaut.context.DefaultBeanContext --   interface org.hibernate.service.ServiceRegistry @Named('default') Definition: io.micronaut.configuration.hibernate.jpa.conf.SessionFactoryPerDataSourceFactory
07:29:21.472 [main] DEBUG io.micronaut.core.reflect.ClassUtils -- Attempting to dynamically load class org.hibernate.reactive.provider.ReactiveServiceRegistryBuilder
07:29:21.472 [main] DEBUG io.micronaut.core.reflect.ClassUtils -- Class org.hibernate.reactive.provider.ReactiveServiceRegistryBuilder is not present
07:29:21.472 [main] DEBUG io.micronaut.context.DefaultBeanContext -- Finding candidate beans for type: SessionFactoryPerDataSourceFactory
07:29:21.472 [main] DEBUG io.micronaut.context.DefaultBeanContext --   class io.micronaut.configuration.hibernate.jpa.conf.SessionFactoryPerDataSourceFactory null Definition: io.micronaut.configuration.hibernate.jpa.conf.SessionFactoryPerDataSourceFactory
07:29:21.472 [main] DEBUG io.micronaut.context.condition.Condition -- Bean [Definition: io.micronaut.configuration.hibernate.jpa.conf.SessionFactoryPerJpaConfigurationFactory] will not be loaded due to failing conditions:
07:29:21.472 [main] DEBUG io.micronaut.context.condition.Condition -- * Existing bean [io.micronaut.configuration.hibernate.jpa.conf.SessionFactoryPerDataSourceFactory] of type [class io.micronaut.configuration.hibernate.jpa.conf.SessionFactoryPerDataSourceFactory] registered in context
07:29:21.472 [main] DEBUG io.micronaut.context.DefaultBeanContext --   class org.hibernate.boot.MetadataSources @Named('default') Definition: io.micronaut.configuration.hibernate.jpa.conf.SessionFactoryPerDataSourceFactory
07:29:21.472 [main] DEBUG io.micronaut.core.reflect.ClassUtils -- Attempting to dynamically load class org.hibernate.reactive.provider.ReactiveServiceRegistryBuilder
07:29:21.472 [main] DEBUG io.micronaut.core.reflect.ClassUtils -- Class org.hibernate.reactive.provider.ReactiveServiceRegistryBuilder is not present
07:29:21.472 [main] DEBUG io.micronaut.context.DefaultBeanContext --   interface org.hibernate.boot.Metadata @Named('default') Definition: io.micronaut.configuration.hibernate.jpa.conf.SessionFactoryPerDataSourceFactory
07:29:21.473 [main] DEBUG io.micronaut.core.reflect.ClassUtils -- Attempting to dynamically load class org.hibernate.reactive.provider.ReactiveServiceRegistryBuilder
07:29:21.473 [main] DEBUG io.micronaut.core.reflect.ClassUtils -- Class org.hibernate.reactive.provider.ReactiveServiceRegistryBuilder is not present
07:29:21.473 [main] DEBUG io.micronaut.context.DefaultBeanContext -- Finding candidate beans for type: SessionFactoryPerDataSourceFactory
07:29:21.473 [main] DEBUG io.micronaut.context.DefaultBeanContext --   class io.micronaut.configuration.hibernate.jpa.conf.SessionFactoryPerDataSourceFactory null Definition: io.micronaut.configuration.hibernate.jpa.conf.SessionFactoryPerDataSourceFactory
07:29:21.473 [main] DEBUG io.micronaut.context.condition.Condition -- Bean [Definition: io.micronaut.configuration.hibernate.jpa.conf.SessionFactoryPerJpaConfigurationFactory] will not be loaded due to failing conditions:
07:29:21.473 [main] DEBUG io.micronaut.context.condition.Condition -- * Existing bean [io.micronaut.configuration.hibernate.jpa.conf.SessionFactoryPerDataSourceFactory] of type [class io.micronaut.configuration.hibernate.jpa.conf.SessionFactoryPerDataSourceFactory] registered in context
07:29:21.473 [main] DEBUG io.micronaut.context.DefaultBeanContext --   interface org.hibernate.boot.SessionFactoryBuilder @Named('default') Definition: io.micronaut.configuration.hibernate.jpa.conf.SessionFactoryPerDataSourceFactory
07:29:21.473 [main] DEBUG io.micronaut.core.reflect.ClassUtils -- Attempting to dynamically load class org.hibernate.reactive.provider.ReactiveServiceRegistryBuilder
07:29:21.473 [main] DEBUG io.micronaut.core.reflect.ClassUtils -- Class org.hibernate.reactive.provider.ReactiveServiceRegistryBuilder is not present
07:29:21.473 [main] DEBUG io.micronaut.context.DefaultBeanContext -- Finding candidate beans for type: SessionFactoryPerDataSourceFactory
07:29:21.473 [main] DEBUG io.micronaut.context.DefaultBeanContext --   class io.micronaut.configuration.hibernate.jpa.conf.SessionFactoryPerDataSourceFactory null Definition: io.micronaut.configuration.hibernate.jpa.conf.SessionFactoryPerDataSourceFactory
07:29:21.473 [main] DEBUG io.micronaut.context.DefaultBeanContext -- Found concrete candidate [Definition: io.micronaut.configuration.hibernate.jpa.conf.SessionFactoryPerDataSourceFactory] for type: sessionFactoryPerDataSourceFactory 
07:29:21.473 [main] DEBUG io.micronaut.context.DefaultBeanContext -- Finding candidate beans for type: Environment environment
07:29:21.473 [main] DEBUG io.micronaut.context.DefaultBeanContext --   class io.micronaut.context.env.DefaultEnvironment @Primary io.micronaut.context.DefaultRuntimeBeanDefinition@451cef67
07:29:21.473 [main] DEBUG io.micronaut.context.DefaultBeanContext -- Found concrete candidate [io.micronaut.context.DefaultRuntimeBeanDefinition@451cef67] for type: environment 
07:29:21.473 [main] DEBUG io.micronaut.context.lifecycle -- Created bean [io.micronaut.context.DefaultApplicationContext$RuntimeConfiguredEnvironment@64d1f549] from definition [io.micronaut.context.DefaultRuntimeBeanDefinition@451cef67] with qualifier [@Primary]
07:29:21.473 [main] DEBUG io.micronaut.context.DefaultBeanContext -- Resolving beans for type: io.micronaut.configuration.hibernate.jpa.conf.sessionfactory.configure.SessionFactoryBuilderConfigurer
07:29:21.473 [main] DEBUG io.micronaut.context.DefaultBeanContext -- Finding candidate beans for type: SessionFactoryBuilderConfigurer E
07:29:21.473 [main] DEBUG io.micronaut.context.DefaultBeanContext -- Finding candidate beans for type: ValidatorFactory
07:29:21.474 [main] DEBUG io.micronaut.context.DefaultBeanContext -- Finding candidate beans for type: ValidatorFactory
07:29:21.474 [main] DEBUG io.micronaut.context.DefaultBeanContext -- No bean candidates found for type: ValidatorFactory
07:29:21.474 [main] DEBUG io.micronaut.context.DefaultBeanContext --   class io.micronaut.validation.validator.DefaultValidatorFactory null Definition: io.micronaut.validation.validator.DefaultValidatorFactory
07:29:21.474 [main] DEBUG io.micronaut.context.DefaultBeanContext --   class io.micronaut.configuration.hibernate.jpa.conf.sessionfactory.configure.internal.ValidatorFactoryConfigurer null Definition: io.micronaut.configuration.hibernate.jpa.conf.sessionfactory.configure.internal.ValidatorFactoryConfigurer
07:29:21.474 [main] DEBUG io.micronaut.core.reflect.ClassUtils -- Attempting to dynamically load class io.micronaut.context.annotation.Prototype
07:29:21.474 [main] DEBUG io.micronaut.core.reflect.ClassUtils -- Successfully loaded class io.micronaut.context.annotation.Prototype
07:29:21.474 [main] DEBUG io.micronaut.context.DefaultBeanContext -- Finding candidate beans for type: ValidatorFactory validatorFactory
07:29:21.474 [main] DEBUG io.micronaut.context.DefaultBeanContext --   class io.micronaut.validation.validator.DefaultValidatorFactory null Definition: io.micronaut.validation.validator.DefaultValidatorFactory
07:29:21.476 [main] DEBUG io.micronaut.context.DefaultBeanContext -- Found concrete candidate [Definition: io.micronaut.validation.validator.DefaultValidatorFactory] for type: validatorFactory 
07:29:21.476 [main] DEBUG io.micronaut.context.DefaultBeanContext -- Finding candidate beans for type: Validator validator
07:29:21.476 [main] DEBUG io.micronaut.context.DefaultBeanContext --   class io.micronaut.validation.validator.DefaultValidator null Definition: io.micronaut.validation.validator.DefaultValidator
07:29:21.476 [main] DEBUG io.micronaut.context.DefaultBeanContext -- Found concrete candidate [Definition: io.micronaut.validation.validator.DefaultValidator] for type: validator 
07:29:21.476 [main] DEBUG io.micronaut.context.DefaultBeanContext -- Finding candidate beans for type: ValidatorConfiguration configuration
07:29:21.476 [main] DEBUG io.micronaut.context.DefaultBeanContext --   class io.micronaut.validation.validator.DefaultValidatorConfiguration null Definition: io.micronaut.validation.validator.DefaultValidatorConfiguration
07:29:21.476 [main] DEBUG io.micronaut.context.DefaultBeanContext -- Found concrete candidate [Definition: io.micronaut.validation.validator.DefaultValidatorConfiguration] for type: configuration 
07:29:21.477 [main] DEBUG io.micronaut.context.DefaultBeanContext -- Finding candidate beans for type: ConstraintValidatorRegistry constraintValidatorRegistry
07:29:21.478 [main] DEBUG io.micronaut.context.DefaultBeanContext --   class io.micronaut.validation.validator.constraints.DefaultConstraintValidators null Definition: io.micronaut.validation.validator.constraints.DefaultConstraintValidators
07:29:21.478 [main] DEBUG io.micronaut.context.DefaultBeanContext -- Found concrete candidate [Definition: io.micronaut.validation.validator.constraints.DefaultConstraintValidators] for type: constraintValidatorRegistry 
07:29:21.478 [main] DEBUG io.micronaut.core.beans.DefaultBeanIntrospector -- Found BeanIntrospection for type: class io.micronaut.validation.validator.constraints.InternalConstraintValidators,
07:29:21.478 [main] DEBUG io.micronaut.context.lifecycle -- Created bean [io.micronaut.validation.validator.constraints.DefaultConstraintValidators@11fb1691] from definition [Definition: io.micronaut.validation.validator.constraints.DefaultConstraintValidators] with qualifier [null]
07:29:21.478 [main] DEBUG io.micronaut.context.DefaultBeanContext -- Finding candidate beans for type: ValueExtractorRegistry valueExtractorRegistry
07:29:21.478 [main] DEBUG io.micronaut.context.DefaultBeanContext --   class io.micronaut.validation.validator.extractors.DefaultValueExtractors null Definition: io.micronaut.validation.validator.extractors.DefaultValueExtractors
07:29:21.478 [main] DEBUG io.micronaut.context.DefaultBeanContext -- Found concrete candidate [Definition: io.micronaut.validation.validator.extractors.DefaultValueExtractors] for type: valueExtractorRegistry 
07:29:21.478 [main] DEBUG io.micronaut.core.beans.DefaultBeanIntrospector -- Found BeanIntrospection for type: class io.micronaut.validation.validator.extractors.InternalValueExtractors,
07:29:21.478 [main] DEBUG io.micronaut.context.DefaultBeanContext -- Finding candidate beans for type: ValueExtractor
07:29:21.478 [main] DEBUG io.micronaut.context.DefaultBeanContext -- No bean candidates found for type: ValueExtractor
07:29:21.479 [main] DEBUG io.micronaut.context.lifecycle -- Created bean [io.micronaut.validation.validator.extractors.DefaultValueExtractors@1f229c40] from definition [Definition: io.micronaut.validation.validator.extractors.DefaultValueExtractors] with qualifier [null]
07:29:21.479 [main] DEBUG io.micronaut.context.DefaultBeanContext -- Finding candidate beans for type: ClockProvider clockProvider
07:29:21.479 [main] DEBUG io.micronaut.context.DefaultBeanContext --   class io.micronaut.validation.validator.DefaultClockProvider null Definition: io.micronaut.validation.validator.DefaultClockProvider
07:29:21.479 [main] DEBUG io.micronaut.context.DefaultBeanContext -- Found concrete candidate [Definition: io.micronaut.validation.validator.DefaultClockProvider] for type: clockProvider 
07:29:21.479 [main] DEBUG io.micronaut.context.lifecycle -- Created bean [io.micronaut.validation.validator.DefaultClockProvider@215404a1] from definition [Definition: io.micronaut.validation.validator.DefaultClockProvider] with qualifier [null]
07:29:21.479 [main] DEBUG io.micronaut.context.DefaultBeanContext -- Finding candidate beans for type: TraversableResolver traversableResolver
07:29:21.479 [main] DEBUG io.micronaut.context.DefaultBeanContext --   class io.micronaut.validation.validator.resolver.CompositeTraversableResolver null Definition: io.micronaut.validation.validator.resolver.CompositeTraversableResolver
07:29:21.479 [main] DEBUG io.micronaut.context.DefaultBeanContext --   class io.micronaut.configuration.hibernate.jpa.validation.JPATraversableResolver null Definition: io.micronaut.configuration.hibernate.jpa.validation.JPATraversableResolver
07:29:21.479 [main] DEBUG io.micronaut.context.DefaultBeanContext -- Searching for @Primary for type [traversableResolver] from candidates: [Definition: io.micronaut.validation.validator.resolver.CompositeTraversableResolver, Definition: io.micronaut.configuration.hibernate.jpa.validation.JPATraversableResolver] 
07:29:21.479 [main] DEBUG io.micronaut.context.DefaultBeanContext -- Found concrete candidate [Definition: io.micronaut.validation.validator.resolver.CompositeTraversableResolver] for type: traversableResolver 
07:29:21.479 [main] DEBUG io.micronaut.context.DefaultBeanContext -- Resolving beans for type: jakarta.validation.TraversableResolver
07:29:21.479 [main] DEBUG io.micronaut.context.DefaultBeanContext -- Finding candidate beans for type: TraversableResolver E
07:29:21.479 [main] DEBUG io.micronaut.context.DefaultBeanContext --   class io.micronaut.validation.validator.resolver.CompositeTraversableResolver null Definition: io.micronaut.validation.validator.resolver.CompositeTraversableResolver
07:29:21.479 [main] DEBUG io.micronaut.context.DefaultBeanContext --   class io.micronaut.configuration.hibernate.jpa.validation.JPATraversableResolver null Definition: io.micronaut.configuration.hibernate.jpa.validation.JPATraversableResolver
07:29:21.479 [main] DEBUG io.micronaut.context.lifecycle -- Created bean [io.micronaut.configuration.hibernate.jpa.validation.JPATraversableResolver@391b03b] from definition [Definition: io.micronaut.configuration.hibernate.jpa.validation.JPATraversableResolver] with qualifier [null]
07:29:21.479 [main] DEBUG io.micronaut.context.DefaultBeanContext -- Found a registration BeanRegistration: io.micronaut.configuration.hibernate.jpa.validation.JPATraversableResolver@391b03b for candidate: Definition: io.micronaut.configuration.hibernate.jpa.validation.JPATraversableResolver with qualifier: null
07:29:21.479 [main] DEBUG io.micronaut.context.lifecycle -- Created bean [io.micronaut.validation.validator.resolver.CompositeTraversableResolver@4a977146] from definition [Definition: io.micronaut.validation.validator.resolver.CompositeTraversableResolver] with qualifier [null]
07:29:21.479 [main] DEBUG io.micronaut.context.DefaultBeanContext -- Finding candidate beans for type: MessageInterpolator messageInterpolator
07:29:21.479 [main] DEBUG io.micronaut.context.DefaultBeanContext --   class io.micronaut.validation.validator.messages.DefaultMessageInterpolator null Definition: io.micronaut.validation.validator.messages.DefaultMessageInterpolator
07:29:21.479 [main] DEBUG io.micronaut.context.DefaultBeanContext -- Found concrete candidate [Definition: io.micronaut.validation.validator.messages.DefaultMessageInterpolator] for type: messageInterpolator 
07:29:21.479 [main] DEBUG io.micronaut.context.DefaultBeanContext -- Finding candidate beans for type: MessageSource messageSource
07:29:21.479 [main] DEBUG io.micronaut.context.DefaultBeanContext --   class io.micronaut.runtime.context.CompositeMessageSource null Definition: io.micronaut.runtime.context.CompositeMessageSource
07:29:21.479 [main] DEBUG io.micronaut.context.DefaultBeanContext --   class io.micronaut.validation.validator.messages.DefaultMessages null Definition: io.micronaut.validation.validator.messages.DefaultMessages
07:29:21.479 [main] DEBUG io.micronaut.context.DefaultBeanContext -- Searching for @Primary for type [messageSource] from candidates: [Definition: io.micronaut.runtime.context.CompositeMessageSource, Definition: io.micronaut.validation.validator.messages.DefaultMessages] 
07:29:21.479 [main] DEBUG io.micronaut.context.DefaultBeanContext -- Found concrete candidate [Definition: io.micronaut.runtime.context.CompositeMessageSource] for type: messageSource 
07:29:21.479 [main] DEBUG io.micronaut.context.DefaultBeanContext -- Resolving beans for type: io.micronaut.context.MessageSource
07:29:21.479 [main] DEBUG io.micronaut.context.DefaultBeanContext -- Finding candidate beans for type: MessageSource E
07:29:21.479 [main] DEBUG io.micronaut.context.DefaultBeanContext --   class io.micronaut.runtime.context.CompositeMessageSource null Definition: io.micronaut.runtime.context.CompositeMessageSource
07:29:21.479 [main] DEBUG io.micronaut.context.DefaultBeanContext --   class io.micronaut.validation.validator.messages.DefaultMessages null Definition: io.micronaut.validation.validator.messages.DefaultMessages
07:29:21.479 [main] DEBUG io.micronaut.core.reflect.ClassUtils -- Attempting to dynamically load class io.micronaut.context.annotation.Prototype
07:29:21.479 [main] DEBUG io.micronaut.core.reflect.ClassUtils -- Successfully loaded class io.micronaut.context.annotation.Prototype
07:29:21.480 [main] DEBUG io.micronaut.context.lifecycle -- Created bean [io.micronaut.validation.validator.messages.DefaultMessages@41dc34c8] from definition [Definition: io.micronaut.validation.validator.messages.DefaultMessages] with qualifier [null]
07:29:21.480 [main] DEBUG io.micronaut.context.DefaultBeanContext -- Found a registration BeanRegistration: io.micronaut.validation.validator.messages.DefaultMessages@41dc34c8 for candidate: Definition: io.micronaut.validation.validator.messages.DefaultMessages with qualifier: null
07:29:21.480 [main] DEBUG io.micronaut.context.DefaultBeanContext -- Found 1 bean registrations for type [E]
07:29:21.480 [main] DEBUG io.micronaut.context.DefaultBeanContext --   Definition: io.micronaut.validation.validator.messages.DefaultMessages null
07:29:21.481 [main] DEBUG io.micronaut.context.lifecycle -- Created bean [io.micronaut.runtime.context.CompositeMessageSource@402c415e] from definition [Definition: io.micronaut.runtime.context.CompositeMessageSource] with qualifier [null]
07:29:21.481 [main] DEBUG io.micronaut.context.lifecycle -- Created bean [io.micronaut.validation.validator.messages.DefaultMessageInterpolator@4e322108] from definition [Definition: io.micronaut.validation.validator.messages.DefaultMessageInterpolator] with qualifier [null]
07:29:21.481 [main] DEBUG io.micronaut.context.lifecycle -- Created bean [io.micronaut.validation.validator.DefaultValidatorConfiguration@3f5e64c9] from definition [Definition: io.micronaut.validation.validator.DefaultValidatorConfiguration] with qualifier [null]
07:29:21.481 [main] DEBUG io.micronaut.context.lifecycle -- Created bean [io.micronaut.validation.validator.DefaultValidator@1f847d9e] from definition [Definition: io.micronaut.validation.validator.DefaultValidator] with qualifier [null]
07:29:21.481 [main] DEBUG io.micronaut.context.lifecycle -- Created bean [io.micronaut.validation.validator.DefaultValidatorFactory@3d00e981] from definition [Definition: io.micronaut.validation.validator.DefaultValidatorFactory] with qualifier [null]
07:29:21.481 [main] DEBUG io.micronaut.context.lifecycle -- Created bean [io.micronaut.configuration.hibernate.jpa.conf.sessionfactory.configure.internal.ValidatorFactoryConfigurer@6265a548] from definition [Definition: io.micronaut.configuration.hibernate.jpa.conf.sessionfactory.configure.internal.ValidatorFactoryConfigurer] with qualifier [null]
07:29:21.481 [main] DEBUG io.micronaut.context.DefaultBeanContext -- Found a registration BeanRegistration: io.micronaut.configuration.hibernate.jpa.conf.sessionfactory.configure.internal.ValidatorFactoryConfigurer@6265a548 for candidate: Definition: io.micronaut.configuration.hibernate.jpa.conf.sessionfactory.configure.internal.ValidatorFactoryConfigurer with qualifier: null
07:29:21.481 [main] DEBUG io.micronaut.context.DefaultBeanContext -- Found 1 bean registrations for type [E]
07:29:21.481 [main] DEBUG io.micronaut.context.DefaultBeanContext --   Definition: io.micronaut.configuration.hibernate.jpa.conf.sessionfactory.configure.internal.ValidatorFactoryConfigurer null
07:29:21.481 [main] DEBUG io.micronaut.context.DefaultBeanContext -- Finding candidate beans for type: StandardServiceRegistryBuilderCreator serviceRegistryBuilderSupplier
07:29:21.481 [main] DEBUG io.micronaut.context.DefaultBeanContext -- Finding candidate beans for type: StandardServiceRegistryBuilderCreator
07:29:21.481 [main] DEBUG io.micronaut.context.DefaultBeanContext -- No bean candidates found for type: StandardServiceRegistryBuilderCreator
07:29:21.481 [main] DEBUG io.micronaut.context.DefaultBeanContext --   class io.micronaut.configuration.hibernate.jpa.conf.serviceregistry.builder.supplier.internal.DefaultStandardServiceRegistryBuilderCreatorCreator null Definition: io.micronaut.configuration.hibernate.jpa.conf.serviceregistry.builder.supplier.internal.DefaultStandardServiceRegistryBuilderCreatorCreator
07:29:21.481 [main] DEBUG io.micronaut.context.DefaultBeanContext -- Found concrete candidate [Definition: io.micronaut.configuration.hibernate.jpa.conf.serviceregistry.builder.supplier.internal.DefaultStandardServiceRegistryBuilderCreatorCreator] for type: serviceRegistryBuilderSupplier 
07:29:21.481 [main] DEBUG io.micronaut.core.reflect.ClassUtils -- Attempting to dynamically load class io.micronaut.context.annotation.Prototype
07:29:21.481 [main] DEBUG io.micronaut.core.reflect.ClassUtils -- Successfully loaded class io.micronaut.context.annotation.Prototype
07:29:21.481 [main] DEBUG io.micronaut.context.DefaultBeanContext -- Finding candidate beans for type: Integrator integrator
07:29:21.482 [main] DEBUG io.micronaut.context.DefaultBeanContext --   class io.micronaut.data.hibernate.event.EventIntegrator null Definition: io.micronaut.data.hibernate.event.EventIntegrator
07:29:21.482 [main] DEBUG io.micronaut.context.DefaultBeanContext -- Found concrete candidate [Definition: io.micronaut.data.hibernate.event.EventIntegrator] for type: integrator 
07:29:21.482 [main] DEBUG io.micronaut.context.DefaultBeanContext -- Finding candidate beans for type: RuntimeEntityRegistry entityRegistry
07:29:21.482 [main] DEBUG io.micronaut.context.DefaultBeanContext --   class io.micronaut.data.runtime.support.DefaultRuntimeEntityRegistry null Definition: io.micronaut.data.runtime.support.DefaultRuntimeEntityRegistry
07:29:21.482 [main] DEBUG io.micronaut.context.DefaultBeanContext -- Found concrete candidate [Definition: io.micronaut.data.runtime.support.DefaultRuntimeEntityRegistry] for type: entityRegistry 
07:29:21.482 [main] DEBUG io.micronaut.context.DefaultBeanContext -- Finding candidate beans for type: EntityEventRegistry eventRegistry
07:29:21.482 [main] DEBUG io.micronaut.context.DefaultBeanContext --   class io.micronaut.data.runtime.event.EntityEventRegistry null Definition: io.micronaut.data.runtime.event.EntityEventRegistry
07:29:21.482 [main] DEBUG io.micronaut.context.DefaultBeanContext -- Found concrete candidate [Definition: io.micronaut.data.runtime.event.EntityEventRegistry] for type: eventRegistry 
07:29:21.482 [main] DEBUG io.micronaut.context.DefaultBeanContext -- Finding candidate beans for type: EntityEventListener
07:29:21.482 [main] DEBUG io.micronaut.context.DefaultBeanContext --   class io.micronaut.data.runtime.event.listeners.AnnotatedMethodInvokingEntityEventListener null Definition: io.micronaut.data.runtime.event.listeners.AnnotatedMethodInvokingEntityEventListener
07:29:21.482 [main] DEBUG io.micronaut.context.DefaultBeanContext --   class io.micronaut.data.runtime.event.listeners.AutoTimestampEntityEventListener null Definition: io.micronaut.data.runtime.event.listeners.AutoTimestampEntityEventListener
07:29:21.482 [main] DEBUG io.micronaut.context.DefaultBeanContext --   class io.micronaut.data.runtime.event.listeners.VersionGeneratingEntityEventListener null Definition: io.micronaut.data.runtime.event.listeners.VersionGeneratingEntityEventListener
07:29:21.482 [main] DEBUG io.micronaut.context.DefaultBeanContext --   class io.micronaut.data.runtime.event.EntityEventRegistry null Definition: io.micronaut.data.runtime.event.EntityEventRegistry
07:29:21.482 [main] DEBUG io.micronaut.context.DefaultBeanContext --   class io.micronaut.data.runtime.event.listeners.UUIDGeneratingEntityEventListener null Definition: io.micronaut.data.runtime.event.listeners.UUIDGeneratingEntityEventListener
07:29:21.482 [main] DEBUG io.micronaut.context.DefaultBeanContext -- Finding candidate beans for qualifier: @EntityEventMapping
07:29:21.482 [main] DEBUG io.micronaut.context.condition.Condition -- Bean [io.micronaut.http.server.netty.jackson.$JsonViewServerFilter$Definition] will not be loaded due to failing conditions:
07:29:21.482 [main] DEBUG io.micronaut.context.condition.Condition -- * Required property [jackson.json-view.enabled] with value [null] not present
07:29:21.482 [main] DEBUG io.micronaut.context.condition.Condition -- Bean [io.micronaut.http.server.netty.jackson.$JsonViewMediaTypeCodecFactory$Definition] will not be loaded due to failing conditions:
07:29:21.482 [main] DEBUG io.micronaut.context.condition.Condition -- * Required property [jackson.json-view.enabled] with value [null] not present
07:29:21.482 [main] DEBUG io.micronaut.context.condition.Condition -- Bean [io.micronaut.http.server.util.locale.$HttpFixedLocaleResolver$Definition] will not be loaded due to failing conditions:
07:29:21.482 [main] DEBUG io.micronaut.context.condition.Condition -- * Required property [micronaut.server.locale-resolution.fixed] with value [null] not present
07:29:21.482 [main] DEBUG io.micronaut.context.condition.Condition -- Bean [io.micronaut.http.server.$CoroutineHelper$Definition] will not be loaded due to failing conditions:
07:29:21.482 [main] DEBUG io.micronaut.context.condition.Condition -- * Class [kotlin.coroutines.CoroutineContext] is not present
07:29:21.483 [main] DEBUG io.micronaut.context.condition.Condition -- Bean [io.micronaut.http.server.$OptionsFilter$Definition] will not be loaded due to failing conditions:
07:29:21.483 [main] DEBUG io.micronaut.context.condition.Condition -- * Property [micronaut.server.dispatch-options-requests] with value [false] does not equal required value: true
07:29:21.483 [main] DEBUG io.micronaut.context.condition.Condition -- Bean [io.micronaut.http.server.util.locale.$CookieLocaleResolver$Definition] will not be loaded due to failing conditions:
07:29:21.483 [main] DEBUG io.micronaut.context.condition.Condition -- * Required property [micronaut.server.locale-resolution.cookie-name] with value [null] not present
07:29:21.483 [main] DEBUG io.micronaut.context.condition.Condition -- Bean [io.micronaut.http.ssl.$ServerSslConfiguration$DefaultKeyStoreConfiguration$Definition] will not be loaded due to failing conditions:
07:29:21.483 [main] DEBUG io.micronaut.context.condition.Condition -- * Required property [micronaut.server.ssl.key-store] with value [null] not present
07:29:21.483 [main] DEBUG io.micronaut.context.condition.Condition -- Bean [io.micronaut.http.body.$ConversionTextPlainHandler$Definition] will not be loaded due to failing conditions:
07:29:21.483 [main] DEBUG io.micronaut.context.condition.Condition -- * Required property [micronaut.http.legacy-text-conversion] with value [true] not present
07:29:21.483 [main] DEBUG io.micronaut.context.condition.Condition -- Bean [io.micronaut.http.ssl.$ServerSslConfiguration$DefaultKeyConfiguration$Definition] will not be loaded due to failing conditions:
07:29:21.483 [main] DEBUG io.micronaut.context.condition.Condition -- * Required property [micronaut.server.ssl.key] with value [null] not present
07:29:21.483 [main] DEBUG io.micronaut.context.condition.Condition -- Bean [io.micronaut.http.ssl.$ClientSslConfiguration$DefaultTrustStoreConfiguration$Definition] will not be loaded due to failing conditions:
07:29:21.483 [main] DEBUG io.micronaut.context.condition.Condition -- * Required property [micronaut.http.client.ssl.trust-store] with value [null] not present
07:29:21.483 [main] DEBUG io.micronaut.context.condition.Condition -- Bean [io.micronaut.http.ssl.$ServerSslConfiguration$DefaultTrustStoreConfiguration$Definition] will not be loaded due to failing conditions:
07:29:21.483 [main] DEBUG io.micronaut.context.condition.Condition -- * Required property [micronaut.server.ssl.trust-store] with value [null] not present
07:29:21.483 [main] DEBUG io.micronaut.context.condition.Condition -- Bean [io.micronaut.http.ssl.$ClientSslConfiguration$DefaultKeyConfiguration$Definition] will not be loaded due to failing conditions:
07:29:21.483 [main] DEBUG io.micronaut.context.condition.Condition -- * Required property [micronaut.http.client.ssl.key] with value [null] not present
07:29:21.483 [main] DEBUG io.micronaut.context.condition.Condition -- Bean [io.micronaut.http.ssl.$ClientSslConfiguration$DefaultKeyStoreConfiguration$Definition] will not be loaded due to failing conditions:
07:29:21.483 [main] DEBUG io.micronaut.context.condition.Condition -- * Required property [micronaut.http.client.ssl.key-store] with value [null] not present
07:29:21.483 [main] DEBUG io.micronaut.context.condition.Condition -- Bean [io.micronaut.web.router.version.$ConfigurationDefaultVersionProvider$Definition] will not be loaded due to failing conditions:
07:29:21.483 [main] DEBUG io.micronaut.context.condition.Condition -- * Required property [micronaut.router.versioning.default-version] with value [null] not present
07:29:21.483 [main] DEBUG io.micronaut.context.condition.Condition -- Bean [io.micronaut.web.router.version.resolution.$HeaderVersionResolverConfiguration$Definition] will not be loaded due to failing conditions:
07:29:21.483 [main] DEBUG io.micronaut.context.condition.Condition -- * Required property [micronaut.router.versioning.header.enabled] with value [true] not present
07:29:21.483 [main] DEBUG io.micronaut.context.condition.Condition -- Bean [io.micronaut.web.router.version.$RoutesVersioningConfiguration$Definition] will not be loaded due to failing conditions:
07:29:21.483 [main] DEBUG io.micronaut.context.condition.Condition -- * Required property [micronaut.router.versioning.enabled] with value [true] not present
07:29:21.483 [main] DEBUG io.micronaut.context.condition.Condition -- Bean [io.micronaut.web.router.naming.$ConfigurableUriNamingStrategy$Definition] will not be loaded due to failing conditions:
07:29:21.483 [main] DEBUG io.micronaut.context.condition.Condition -- * Required property [micronaut.server.context-path] with value [null] not present
07:29:21.483 [main] DEBUG io.micronaut.context.condition.Condition -- Bean [io.micronaut.web.router.version.resolution.$ParameterVersionResolverConfiguration$Definition] will not be loaded due to failing conditions:
07:29:21.483 [main] DEBUG io.micronaut.context.condition.Condition -- * Required property [micronaut.router.versioning.parameter.enabled] with value [true] not present
07:29:21.483 [main] DEBUG io.micronaut.context.condition.Condition -- Bean [io.micronaut.http.netty.channel.converters.$EpollChannelOptionFactory$Definition] will not be loaded due to failing conditions:
07:29:21.483 [main] DEBUG io.micronaut.context.condition.Condition -- * Class [io.netty.channel.epoll.Epoll] is not present
07:29:21.483 [main] DEBUG io.micronaut.context.condition.Condition -- Bean [io.micronaut.http.netty.channel.$KQueueEventLoopGroupFactory$Definition] will not be loaded due to failing conditions:
07:29:21.483 [main] DEBUG io.micronaut.context.condition.Condition -- * Class [io.netty.channel.kqueue.KQueue] is not present
07:29:21.483 [main] DEBUG io.micronaut.context.condition.Condition -- Bean [io.micronaut.http.netty.channel.$IoUringEventLoopGroupFactory$Definition] will not be loaded due to failing conditions:
07:29:21.483 [main] DEBUG io.micronaut.context.condition.Condition -- * Class [io.netty.incubator.channel.uring.IOUring] is not present
07:29:21.483 [main] DEBUG io.micronaut.context.condition.Condition -- Bean [io.micronaut.http.netty.channel.$EpollEventLoopGroupFactory$Definition] will not be loaded due to failing conditions:
07:29:21.483 [main] DEBUG io.micronaut.context.condition.Condition -- * Class [io.netty.channel.epoll.Epoll] is not present
07:29:21.483 [main] DEBUG io.micronaut.core.reflect.ClassUtils -- Attempting to dynamically load class io.methvin.watchservice.MacOSXListeningWatchService
07:29:21.485 [main] DEBUG io.micronaut.core.reflect.ClassUtils -- Class io.methvin.watchservice.MacOSXListeningWatchService is not present
07:29:21.485 [main] DEBUG io.micronaut.context.condition.Condition -- Bean [io.micronaut.runtime.server.watch.event.$FileWatchRestartListener$Definition] will not be loaded due to failing conditions:
07:29:21.485 [main] DEBUG io.micronaut.context.condition.Condition -- * Property [micronaut.io.watch.restart] with value [false] does not equal required value: true
07:29:21.485 [main] DEBUG io.micronaut.core.reflect.ClassUtils -- Attempting to dynamically load class io.methvin.watchservice.MacOSXListeningWatchService
07:29:21.485 [main] DEBUG io.micronaut.core.reflect.ClassUtils -- Class io.methvin.watchservice.MacOSXListeningWatchService is not present
07:29:21.485 [main] DEBUG io.micronaut.context.condition.Condition -- Bean [io.micronaut.scheduling.io.watch.$WatchServiceFactory$WatchService0$Definition] will not be loaded due to failing conditions:
07:29:21.486 [main] DEBUG io.micronaut.context.condition.Condition -- * Required property [micronaut.io.watch.paths] with value [null] not present
07:29:21.486 [main] DEBUG io.micronaut.context.condition.Condition -- Bean [io.micronaut.scheduling.io.watch.$DefaultWatchThread$Definition] will not be loaded due to failing conditions:
07:29:21.486 [main] DEBUG io.micronaut.context.condition.Condition -- * Required property [micronaut.io.watch.paths] with value [null] not present
07:29:21.486 [main] DEBUG io.micronaut.context.condition.Condition -- Bean [io.micronaut.scheduling.io.watch.$FileWatchConfiguration$Definition] will not be loaded due to failing conditions:
07:29:21.486 [main] DEBUG io.micronaut.context.condition.Condition -- * Required property [micronaut.io.watch.paths] with value [null] not present
07:29:21.489 [main] DEBUG io.micronaut.context.condition.Condition -- Bean [io.micronaut.logging.impl.$Log4jLoggingSystem$Definition] will not be loaded due to failing conditions:
07:29:21.489 [main] DEBUG io.micronaut.context.condition.Condition -- * Class [org.apache.logging.log4j.core.config.Configurator] is not present
07:29:21.489 [main] DEBUG io.micronaut.context.condition.Condition -- Bean [io.micronaut.health.$HeartbeatTask$Definition] will not be loaded due to failing conditions:
07:29:21.489 [main] DEBUG io.micronaut.context.condition.Condition -- * Required property [micronaut.application.name] with value [null] not present
07:29:21.489 [main] DEBUG io.micronaut.context.condition.Condition -- Bean [io.micronaut.discovery.cloud.digitalocean.$DigitalOceanMetadataResolver$Definition] will not be loaded due to failing conditions:
07:29:21.489 [main] DEBUG io.micronaut.context.condition.Condition -- * None of the required environments [digitalocean] are active: [test]
07:29:21.489 [main] DEBUG io.micronaut.context.condition.Condition -- Bean [io.micronaut.discovery.cloud.digitalocean.$DigitalOceanMetadataConfiguration$Definition] will not be loaded due to failing conditions:
07:29:21.489 [main] DEBUG io.micronaut.context.condition.Condition -- * None of the required environments [digitalocean] are active: [test]
07:29:21.489 [main] DEBUG io.micronaut.context.condition.Condition -- Bean [io.micronaut.data.runtime.support.convert.convert.jpa.$JxAttributeConverterProvider$Definition] will not be loaded due to failing conditions:
07:29:21.489 [main] DEBUG io.micronaut.context.condition.Condition -- * Class [javax.persistence.AttributeConverter] is not present
07:29:21.489 [main] DEBUG io.micronaut.context.condition.Condition -- Bean [io.micronaut.data.runtime.multitenancy.internal.$DefaultTenantResolver$Definition] will not be loaded due to failing conditions:
07:29:21.489 [main] DEBUG io.micronaut.context.condition.Condition -- * Class [io.micronaut.multitenancy.tenantresolver.TenantResolver] is not present
07:29:21.489 [main] DEBUG io.micronaut.context.condition.Condition -- Bean [io.micronaut.transaction.kotlin.$DefaultCoroutineTransactionOperations$Definition] will not be loaded due to failing conditions:
07:29:21.489 [main] DEBUG io.micronaut.context.condition.Condition -- * Class [kotlinx.coroutines.reactor.ReactorContext] is not present
07:29:21.489 [main] DEBUG io.micronaut.context.condition.Condition -- Bean [io.micronaut.data.connection.kotlin.$DefaultCoroutineConnectionOperations$Definition] will not be loaded due to failing conditions:
07:29:21.489 [main] DEBUG io.micronaut.context.condition.Condition -- * Class [kotlinx.coroutines.reactor.ReactorContext] is not present
07:29:21.490 [main] DEBUG io.micronaut.context.condition.Condition -- Bean [io.micronaut.configuration.hibernate.jpa.conf.settings.internal.$JCacheManagerSettingSupplier$Definition] will not be loaded due to failing conditions:
07:29:21.490 [main] DEBUG io.micronaut.context.condition.Condition -- * Class [org.hibernate.cache.jcache.ConfigSettings] is not present
07:29:21.490 [main] DEBUG io.micronaut.context.condition.Condition -- Bean [io.micronaut.test.support.server.$TestEmbeddedServer$Definition] will not be loaded due to failing conditions:
07:29:21.490 [main] DEBUG io.micronaut.context.condition.Condition -- * Required property [micronaut.test.server.url] with value [null] not present
07:29:21.490 [main] DEBUG io.micronaut.context.condition.Condition -- Bean [io.micronaut.test.support.sql.$ConnectionFactoryHandler$Definition] will not be loaded due to failing conditions:
07:29:21.490 [main] DEBUG io.micronaut.context.condition.Condition -- * Class [io.r2dbc.spi.ConnectionFactory] is not present
07:29:21.490 [main] DEBUG io.micronaut.context.condition.Condition -- Bean [io.micronaut.test.support.server.$TestExecutableEmbeddedServer$Definition] will not be loaded due to failing conditions:
07:29:21.490 [main] DEBUG io.micronaut.context.condition.Condition -- * Required property [micronaut.test.server.executable] with value [null] not present
07:29:21.490 [main] DEBUG io.micronaut.context.lifecycle -- Created bean [io.micronaut.data.runtime.event.EntityEventRegistry@2e51ede1] from definition [Definition: io.micronaut.data.runtime.event.EntityEventRegistry] with qualifier [null]
07:29:21.490 [main] DEBUG io.micronaut.context.DefaultBeanContext -- Resolving beans for type: io.micronaut.data.model.runtime.PropertyAutoPopulator<java.lang.annotation.Annotation>
07:29:21.490 [main] DEBUG io.micronaut.context.DefaultBeanContext -- Finding candidate beans for type: PropertyAutoPopulator T
07:29:21.490 [main] DEBUG io.micronaut.context.DefaultBeanContext --   class io.micronaut.data.runtime.event.listeners.AutoTimestampEntityEventListener null Definition: io.micronaut.data.runtime.event.listeners.AutoTimestampEntityEventListener
07:29:21.490 [main] DEBUG io.micronaut.context.DefaultBeanContext --   class io.micronaut.data.runtime.event.listeners.VersionGeneratingEntityEventListener null Definition: io.micronaut.data.runtime.event.listeners.VersionGeneratingEntityEventListener
07:29:21.490 [main] DEBUG io.micronaut.context.DefaultBeanContext -- Finding candidate beans for type: DateTimeProvider dateTimeProvider
07:29:21.490 [main] DEBUG io.micronaut.context.DefaultBeanContext --   class io.micronaut.data.runtime.date.CurrentDateTimeProvider null Definition: io.micronaut.data.runtime.date.CurrentDateTimeProvider
07:29:21.490 [main] DEBUG io.micronaut.context.DefaultBeanContext -- Found concrete candidate [Definition: io.micronaut.data.runtime.date.CurrentDateTimeProvider] for type: dateTimeProvider 
07:29:21.490 [main] DEBUG io.micronaut.context.lifecycle -- Created bean [io.micronaut.data.runtime.date.CurrentDateTimeProvider@12051d38] from definition [Definition: io.micronaut.data.runtime.date.CurrentDateTimeProvider] with qualifier [null]
07:29:21.490 [main] DEBUG io.micronaut.context.DefaultBeanContext -- Finding candidate beans for type: DataConversionService conversionService
07:29:21.490 [main] DEBUG io.micronaut.context.DefaultBeanContext --   class io.micronaut.data.runtime.convert.DataConversionServiceImpl null Definition: io.micronaut.data.runtime.convert.DataConversionServiceFactory
07:29:21.490 [main] DEBUG io.micronaut.context.DefaultBeanContext -- Found concrete candidate [Definition: io.micronaut.data.runtime.convert.DataConversionServiceFactory] for type: conversionService 
07:29:21.490 [main] DEBUG io.micronaut.context.DefaultBeanContext -- Finding candidate beans for type: DataConversionServiceFactory
07:29:21.490 [main] DEBUG io.micronaut.context.DefaultBeanContext --   class io.micronaut.data.runtime.convert.DataConversionServiceFactory null Definition: io.micronaut.data.runtime.convert.DataConversionServiceFactory
07:29:21.490 [main] DEBUG io.micronaut.context.DefaultBeanContext -- Found concrete candidate [Definition: io.micronaut.data.runtime.convert.DataConversionServiceFactory] for type: dataConversionServiceFactory 
07:29:21.490 [main] DEBUG io.micronaut.context.lifecycle -- Created bean [io.micronaut.data.runtime.convert.DataConversionServiceFactory@28f3a218] from definition [Definition: io.micronaut.data.runtime.convert.DataConversionServiceFactory] with qualifier [null]
07:29:21.495 [main] DEBUG io.micronaut.context.DefaultBeanContext -- Resolving beans for type: io.micronaut.data.runtime.convert.DataTypeConverter
07:29:21.495 [main] DEBUG io.micronaut.context.DefaultBeanContext -- Finding candidate beans for type: DataTypeConverter
07:29:21.495 [main] DEBUG io.micronaut.context.DefaultBeanContext -- No bean candidates found for type: DataTypeConverter
07:29:21.495 [main] DEBUG io.micronaut.context.DefaultBeanContext -- Resolving beans for type: io.micronaut.core.convert.TypeConverterRegistrar
07:29:21.495 [main] DEBUG io.micronaut.core.reflect.ClassUtils -- Attempting to dynamically load class io.micronaut.context.annotation.Prototype
07:29:21.495 [main] DEBUG io.micronaut.core.reflect.ClassUtils -- Successfully loaded class io.micronaut.context.annotation.Prototype
07:29:21.495 [main] DEBUG io.micronaut.context.lifecycle -- Created bean [io.micronaut.inject.provider.BeanProviderDefinition$1@682d8dad] from definition [io.micronaut.inject.provider.BeanProviderDefinition@3cd344c0] with qualifier [null]
07:29:21.495 [main] DEBUG io.micronaut.context.lifecycle -- Created bean [io.micronaut.inject.provider.BeanProviderDefinition$1@1aebe759] from definition [io.micronaut.inject.provider.BeanProviderDefinition@3cd344c0] with qualifier [null]
07:29:21.495 [main] DEBUG io.micronaut.context.lifecycle -- Created bean [io.micronaut.http.server.netty.converters.NettyConverters@6fd37997] from definition [Definition: io.micronaut.http.server.netty.converters.NettyConverters] with qualifier [null]
07:29:21.495 [main] DEBUG io.micronaut.context.DefaultBeanContext -- Found a registration BeanRegistration: io.micronaut.http.server.netty.converters.NettyConverters@6fd37997 for candidate: Definition: io.micronaut.http.server.netty.converters.NettyConverters with qualifier: null
07:29:21.495 [main] DEBUG io.micronaut.context.DefaultBeanContext -- Found a registration BeanRegistration: io.micronaut.buffer.netty.NettyByteBufferFactory@3c862522 for candidate: Definition: io.micronaut.buffer.netty.NettyByteBufferFactory with qualifier: null
07:29:21.495 [main] DEBUG io.micronaut.core.reflect.ClassUtils -- Attempting to dynamically load class io.micronaut.context.annotation.Prototype
07:29:21.495 [main] DEBUG io.micronaut.core.reflect.ClassUtils -- Successfully loaded class io.micronaut.context.annotation.Prototype
07:29:21.495 [main] DEBUG io.micronaut.context.lifecycle -- Created bean [io.micronaut.inject.provider.BeanProviderDefinition$1@5dc7881d] from definition [io.micronaut.inject.provider.BeanProviderDefinition@3cd344c0] with qualifier [null]
07:29:21.495 [main] DEBUG io.micronaut.context.lifecycle -- Created bean [io.micronaut.jackson.databind.convert.JacksonConverterRegistrar@590336ed] from definition [Definition: io.micronaut.jackson.databind.convert.JacksonConverterRegistrar] with qualifier [null]
07:29:21.495 [main] DEBUG io.micronaut.context.DefaultBeanContext -- Found a registration BeanRegistration: io.micronaut.jackson.databind.convert.JacksonConverterRegistrar@590336ed for candidate: Definition: io.micronaut.jackson.databind.convert.JacksonConverterRegistrar with qualifier: null
07:29:21.495 [main] DEBUG io.micronaut.core.reflect.ClassUtils -- Attempting to dynamically load class io.micronaut.context.annotation.Prototype
07:29:21.495 [main] DEBUG io.micronaut.core.reflect.ClassUtils -- Successfully loaded class io.micronaut.context.annotation.Prototype
07:29:21.495 [main] DEBUG io.micronaut.context.lifecycle -- Created bean [io.micronaut.inject.provider.BeanProviderDefinition$1@1c97c3bb] from definition [io.micronaut.inject.provider.BeanProviderDefinition@3cd344c0] with qualifier [null]
07:29:21.495 [main] DEBUG io.micronaut.context.lifecycle -- Created bean [io.micronaut.inject.provider.BeanProviderDefinition$1@68fc1e7f] from definition [io.micronaut.inject.provider.BeanProviderDefinition@3cd344c0] with qualifier [null]
07:29:21.495 [main] DEBUG io.micronaut.context.lifecycle -- Created bean [io.micronaut.json.convert.JsonConverterRegistrar@99af41d] from definition [Definition: io.micronaut.json.convert.JsonConverterRegistrar] with qualifier [null]
07:29:21.495 [main] DEBUG io.micronaut.context.DefaultBeanContext -- Found a registration BeanRegistration: io.micronaut.json.convert.JsonConverterRegistrar@99af41d for candidate: Definition: io.micronaut.json.convert.JsonConverterRegistrar with qualifier: null
07:29:21.495 [main] DEBUG io.micronaut.core.reflect.ClassUtils -- Attempting to dynamically load class io.micronaut.context.annotation.Prototype
07:29:21.495 [main] DEBUG io.micronaut.core.reflect.ClassUtils -- Successfully loaded class io.micronaut.context.annotation.Prototype
07:29:21.495 [main] DEBUG io.micronaut.context.lifecycle -- Created bean [io.micronaut.inject.provider.BeanProviderDefinition$1@496e0f9d] from definition [io.micronaut.inject.provider.BeanProviderDefinition@3cd344c0] with qualifier [null]
07:29:21.495 [main] DEBUG io.micronaut.context.lifecycle -- Created bean [io.micronaut.http.converters.HttpConverterRegistrar@6b468710] from definition [Definition: io.micronaut.http.converters.HttpConverterRegistrar] with qualifier [null]
07:29:21.495 [main] DEBUG io.micronaut.context.DefaultBeanContext -- Found a registration BeanRegistration: io.micronaut.http.converters.HttpConverterRegistrar@6b468710 for candidate: Definition: io.micronaut.http.converters.HttpConverterRegistrar with qualifier: null
07:29:21.495 [main] DEBUG io.micronaut.context.DefaultBeanContext -- Found 5 bean registrations for type [typeConverterRegistrar]
07:29:21.495 [main] DEBUG io.micronaut.context.DefaultBeanContext --   Definition: io.micronaut.jackson.databind.convert.JacksonConverterRegistrar null
07:29:21.495 [main] DEBUG io.micronaut.context.DefaultBeanContext --   Definition: io.micronaut.json.convert.JsonConverterRegistrar null
07:29:21.495 [main] DEBUG io.micronaut.context.DefaultBeanContext --   Definition: io.micronaut.http.converters.HttpConverterRegistrar null
07:29:21.495 [main] DEBUG io.micronaut.context.DefaultBeanContext --   Definition: io.micronaut.buffer.netty.NettyByteBufferFactory null
07:29:21.495 [main] DEBUG io.micronaut.context.DefaultBeanContext --   Definition: io.micronaut.http.server.netty.converters.NettyConverters null
07:29:21.496 [main] DEBUG io.micronaut.context.lifecycle -- Created bean [io.micronaut.data.runtime.convert.DataConversionServiceImpl@63c163e1] from definition [Definition: io.micronaut.data.runtime.convert.DataConversionServiceFactory] with qualifier [null]
07:29:21.496 [main] DEBUG io.micronaut.context.lifecycle -- Created bean [io.micronaut.data.runtime.event.listeners.AutoTimestampEntityEventListener@3da55998] from definition [Definition: io.micronaut.data.runtime.event.listeners.AutoTimestampEntityEventListener] with qualifier [null]
07:29:21.496 [main] DEBUG io.micronaut.context.DefaultBeanContext -- Found a registration BeanRegistration: io.micronaut.data.runtime.event.listeners.AutoTimestampEntityEventListener@3da55998 for candidate: Definition: io.micronaut.data.runtime.event.listeners.AutoTimestampEntityEventListener with qualifier: null
07:29:21.496 [main] DEBUG io.micronaut.context.lifecycle -- Created bean [io.micronaut.data.runtime.event.listeners.VersionGeneratingEntityEventListener@40ebb56] from definition [Definition: io.micronaut.data.runtime.event.listeners.VersionGeneratingEntityEventListener] with qualifier [null]
07:29:21.496 [main] DEBUG io.micronaut.context.DefaultBeanContext -- Found a registration BeanRegistration: io.micronaut.data.runtime.event.listeners.VersionGeneratingEntityEventListener@40ebb56 for candidate: Definition: io.micronaut.data.runtime.event.listeners.VersionGeneratingEntityEventListener with qualifier: null
07:29:21.496 [main] DEBUG io.micronaut.context.DefaultBeanContext -- Finding candidate beans for type: AttributeConverterRegistry attributeConverterRegistry
07:29:21.496 [main] DEBUG io.micronaut.context.DefaultBeanContext --   class io.micronaut.data.runtime.support.convert.DefaultAttributeConverterRegistry null Definition: io.micronaut.data.runtime.support.convert.DefaultAttributeConverterRegistry
07:29:21.496 [main] DEBUG io.micronaut.context.DefaultBeanContext -- Found concrete candidate [Definition: io.micronaut.data.runtime.support.convert.DefaultAttributeConverterRegistry] for type: attributeConverterRegistry 
07:29:21.496 [main] DEBUG io.micronaut.context.DefaultBeanContext -- Resolving beans for type: io.micronaut.data.runtime.support.convert.AttributeConverterProvider
07:29:21.496 [main] DEBUG io.micronaut.context.DefaultBeanContext -- Finding candidate beans for type: AttributeConverterProvider E
07:29:21.496 [main] DEBUG io.micronaut.context.DefaultBeanContext --   class io.micronaut.data.runtime.support.convert.convert.jpa.JakartaAttributeConverterProvider null Definition: io.micronaut.data.runtime.support.convert.convert.jpa.JakartaAttributeConverterProvider
07:29:21.496 [main] DEBUG io.micronaut.context.lifecycle -- Created bean [io.micronaut.data.runtime.support.convert.convert.jpa.JakartaAttributeConverterProvider@5b2fc2c0] from definition [Definition: io.micronaut.data.runtime.support.convert.convert.jpa.JakartaAttributeConverterProvider] with qualifier [null]
07:29:21.496 [main] DEBUG io.micronaut.context.DefaultBeanContext -- Found a registration BeanRegistration: io.micronaut.data.runtime.support.convert.convert.jpa.JakartaAttributeConverterProvider@5b2fc2c0 for candidate: Definition: io.micronaut.data.runtime.support.convert.convert.jpa.JakartaAttributeConverterProvider with qualifier: null
07:29:21.496 [main] DEBUG io.micronaut.context.lifecycle -- Created bean [io.micronaut.data.runtime.support.convert.DefaultAttributeConverterRegistry@33197c2f] from definition [Definition: io.micronaut.data.runtime.support.convert.DefaultAttributeConverterRegistry] with qualifier [null]
07:29:21.496 [main] DEBUG io.micronaut.context.lifecycle -- Created bean [io.micronaut.data.runtime.support.DefaultRuntimeEntityRegistry@24e79a4d] from definition [Definition: io.micronaut.data.runtime.support.DefaultRuntimeEntityRegistry] with qualifier [null]
07:29:21.496 [main] DEBUG io.micronaut.context.lifecycle -- Created bean [io.micronaut.data.hibernate.event.EventIntegrator@5542418c] from definition [Definition: io.micronaut.data.hibernate.event.EventIntegrator] with qualifier [null]
07:29:21.496 [main] DEBUG org.hibernate.integrator.internal.IntegratorServiceImpl -- Adding Integrator [org.hibernate.boot.beanvalidation.BeanValidationIntegrator].
07:29:21.496 [main] DEBUG org.hibernate.integrator.internal.IntegratorServiceImpl -- Adding Integrator [org.hibernate.cache.internal.CollectionCacheInvalidator].
07:29:21.499 [main] DEBUG org.hibernate.integrator.internal.IntegratorServiceImpl -- Adding Integrator [io.micronaut.data.hibernate.event.EventIntegrator].
07:29:21.500 [main] DEBUG io.micronaut.context.lifecycle -- Created bean [io.micronaut.configuration.hibernate.jpa.conf.serviceregistry.builder.supplier.internal.DefaultStandardServiceRegistryBuilderCreatorCreator@57fae911] from definition [Definition: io.micronaut.configuration.hibernate.jpa.conf.serviceregistry.builder.supplier.internal.DefaultStandardServiceRegistryBuilderCreatorCreator] with qualifier [null]
07:29:21.500 [main] DEBUG io.micronaut.context.DefaultBeanContext -- Resolving beans for type: io.micronaut.configuration.hibernate.jpa.conf.serviceregistry.builder.configures.StandardServiceRegistryBuilderConfigurer
07:29:21.500 [main] DEBUG io.micronaut.context.DefaultBeanContext -- Finding candidate beans for type: StandardServiceRegistryBuilderConfigurer E
07:29:21.500 [main] DEBUG io.micronaut.context.DefaultBeanContext --   class io.micronaut.configuration.hibernate.jpa.conf.serviceregistry.builder.configures.internal.CompileProxyConfigurer null Definition: io.micronaut.configuration.hibernate.jpa.conf.serviceregistry.builder.configures.internal.CompileProxyConfigurer
07:29:21.500 [main] DEBUG io.micronaut.context.DefaultBeanContext --   class io.micronaut.transaction.hibernate.BeanContextServiceConfigurer null Definition: io.micronaut.transaction.hibernate.BeanContextServiceConfigurer
07:29:21.500 [main] DEBUG io.micronaut.context.DefaultBeanContext --   class io.micronaut.configuration.hibernate.jpa.conf.serviceregistry.builder.configures.internal.SettingsConfigurer null Definition: io.micronaut.configuration.hibernate.jpa.conf.serviceregistry.builder.configures.internal.SettingsConfigurer
07:29:21.500 [main] DEBUG io.micronaut.core.reflect.ClassUtils -- Attempting to dynamically load class io.micronaut.context.annotation.Prototype
07:29:21.500 [main] DEBUG io.micronaut.core.reflect.ClassUtils -- Successfully loaded class io.micronaut.context.annotation.Prototype
07:29:21.500 [main] DEBUG io.micronaut.context.DefaultBeanContext -- Finding candidate beans for type: BeanProvider bytecodeProviderBeanProvider
07:29:21.500 [main] DEBUG io.micronaut.context.DefaultBeanContext --   interface io.micronaut.context.BeanProvider null io.micronaut.inject.provider.BeanProviderDefinition@3cd344c0
07:29:21.500 [main] DEBUG io.micronaut.context.DefaultBeanContext -- Found concrete candidate [io.micronaut.inject.provider.BeanProviderDefinition@3cd344c0] for type: bytecodeProviderBeanProvider 
07:29:21.500 [main] DEBUG io.micronaut.context.lifecycle -- Created bean [io.micronaut.inject.provider.BeanProviderDefinition$1@52a0bc48] from definition [io.micronaut.inject.provider.BeanProviderDefinition@3cd344c0] with qualifier [null]
07:29:21.500 [main] DEBUG io.micronaut.context.lifecycle -- Created bean [io.micronaut.configuration.hibernate.jpa.conf.serviceregistry.builder.configures.internal.CompileProxyConfigurer@28941a68] from definition [Definition: io.micronaut.configuration.hibernate.jpa.conf.serviceregistry.builder.configures.internal.CompileProxyConfigurer] with qualifier [null]
07:29:21.500 [main] DEBUG io.micronaut.context.DefaultBeanContext -- Found a registration BeanRegistration: io.micronaut.configuration.hibernate.jpa.conf.serviceregistry.builder.configures.internal.CompileProxyConfigurer@28941a68 for candidate: Definition: io.micronaut.configuration.hibernate.jpa.conf.serviceregistry.builder.configures.internal.CompileProxyConfigurer with qualifier: null
07:29:21.500 [main] DEBUG io.micronaut.core.reflect.ClassUtils -- Attempting to dynamically load class io.micronaut.context.annotation.Prototype
07:29:21.500 [main] DEBUG io.micronaut.core.reflect.ClassUtils -- Successfully loaded class io.micronaut.context.annotation.Prototype
07:29:21.500 [main] DEBUG io.micronaut.context.lifecycle -- Created bean [io.micronaut.transaction.hibernate.BeanContextServiceConfigurer@24ce5d4c] from definition [Definition: io.micronaut.transaction.hibernate.BeanContextServiceConfigurer] with qualifier [null]
07:29:21.500 [main] DEBUG io.micronaut.context.DefaultBeanContext -- Found a registration BeanRegistration: io.micronaut.transaction.hibernate.BeanContextServiceConfigurer@24ce5d4c for candidate: Definition: io.micronaut.transaction.hibernate.BeanContextServiceConfigurer with qualifier: null
07:29:21.500 [main] DEBUG io.micronaut.core.reflect.ClassUtils -- Attempting to dynamically load class io.micronaut.context.annotation.Prototype
07:29:21.500 [main] DEBUG io.micronaut.core.reflect.ClassUtils -- Successfully loaded class io.micronaut.context.annotation.Prototype
07:29:21.500 [main] DEBUG io.micronaut.context.DefaultBeanContext -- Resolving beans for type: io.micronaut.configuration.hibernate.jpa.conf.settings.SettingsSupplier
07:29:21.500 [main] DEBUG io.micronaut.context.DefaultBeanContext -- Finding candidate beans for type: SettingsSupplier E
07:29:21.500 [main] DEBUG io.micronaut.context.DefaultBeanContext --   class io.micronaut.configuration.hibernate.jpa.conf.settings.internal.MicronautContainerSettingsSupplier null Definition: io.micronaut.configuration.hibernate.jpa.conf.settings.internal.MicronautContainerSettingsSupplier
07:29:21.500 [main] DEBUG io.micronaut.context.DefaultBeanContext --   class io.micronaut.configuration.hibernate.jpa.conf.settings.internal.CurrentSessionContextClassSettingSupplier null Definition: io.micronaut.configuration.hibernate.jpa.conf.settings.internal.CurrentSessionContextClassSettingSupplier
07:29:21.500 [main] DEBUG io.micronaut.context.DefaultBeanContext --   class io.micronaut.configuration.hibernate.jpa.conf.settings.internal.DataSourceSettingSupplier null Definition: io.micronaut.configuration.hibernate.jpa.conf.settings.internal.DataSourceSettingSupplier
07:29:21.500 [main] DEBUG io.micronaut.context.DefaultBeanContext --   class io.micronaut.configuration.hibernate.jpa.conf.settings.internal.ValidatorFactorySettingSupplier null Definition: io.micronaut.configuration.hibernate.jpa.conf.settings.internal.ValidatorFactorySettingSupplier
07:29:21.500 [main] DEBUG io.micronaut.core.reflect.ClassUtils -- Attempting to dynamically load class io.micronaut.context.annotation.Prototype
07:29:21.500 [main] DEBUG io.micronaut.core.reflect.ClassUtils -- Successfully loaded class io.micronaut.context.annotation.Prototype
07:29:21.500 [main] DEBUG io.micronaut.context.lifecycle -- Created bean [io.micronaut.configuration.hibernate.jpa.conf.settings.internal.MicronautContainerSettingsSupplier@24fc9aa5] from definition [Definition: io.micronaut.configuration.hibernate.jpa.conf.settings.internal.MicronautContainerSettingsSupplier] with qualifier [null]
07:29:21.500 [main] DEBUG io.micronaut.context.DefaultBeanContext -- Found a registration BeanRegistration: io.micronaut.configuration.hibernate.jpa.conf.settings.internal.MicronautContainerSettingsSupplier@24fc9aa5 for candidate: Definition: io.micronaut.configuration.hibernate.jpa.conf.settings.internal.MicronautContainerSettingsSupplier with qualifier: null
07:29:21.500 [main] DEBUG io.micronaut.core.reflect.ClassUtils -- Attempting to dynamically load class io.micronaut.context.annotation.Prototype
07:29:21.500 [main] DEBUG io.micronaut.core.reflect.ClassUtils -- Successfully loaded class io.micronaut.context.annotation.Prototype
07:29:21.500 [main] DEBUG io.micronaut.context.DefaultBeanContext -- Finding candidate beans for type: BeanProvider provider
07:29:21.500 [main] DEBUG io.micronaut.context.DefaultBeanContext --   interface io.micronaut.context.BeanProvider null io.micronaut.inject.provider.BeanProviderDefinition@3cd344c0
07:29:21.500 [main] DEBUG io.micronaut.context.DefaultBeanContext -- Found concrete candidate [io.micronaut.inject.provider.BeanProviderDefinition@3cd344c0] for type: provider 
07:29:21.501 [main] DEBUG io.micronaut.context.lifecycle -- Created bean [io.micronaut.inject.provider.BeanProviderDefinition$1@7369208e] from definition [io.micronaut.inject.provider.BeanProviderDefinition@3cd344c0] with qualifier [null]
07:29:21.501 [main] DEBUG io.micronaut.context.lifecycle -- Created bean [io.micronaut.configuration.hibernate.jpa.conf.settings.internal.CurrentSessionContextClassSettingSupplier@7ba623d1] from definition [Definition: io.micronaut.configuration.hibernate.jpa.conf.settings.internal.CurrentSessionContextClassSettingSupplier] with qualifier [null]
07:29:21.501 [main] DEBUG io.micronaut.context.DefaultBeanContext -- Found a registration BeanRegistration: io.micronaut.configuration.hibernate.jpa.conf.settings.internal.CurrentSessionContextClassSettingSupplier@7ba623d1 for candidate: Definition: io.micronaut.configuration.hibernate.jpa.conf.settings.internal.CurrentSessionContextClassSettingSupplier with qualifier: null
07:29:21.501 [main] DEBUG io.micronaut.core.reflect.ClassUtils -- Attempting to dynamically load class io.micronaut.context.annotation.Prototype
07:29:21.501 [main] DEBUG io.micronaut.core.reflect.ClassUtils -- Successfully loaded class io.micronaut.context.annotation.Prototype
07:29:21.501 [main] DEBUG io.micronaut.context.DefaultBeanContext -- Finding candidate beans for type: BeanProvider dataSourceBeanProvider
07:29:21.501 [main] DEBUG io.micronaut.context.DefaultBeanContext --   interface io.micronaut.context.BeanProvider null io.micronaut.inject.provider.BeanProviderDefinition@3cd344c0
07:29:21.501 [main] DEBUG io.micronaut.context.DefaultBeanContext -- Found concrete candidate [io.micronaut.inject.provider.BeanProviderDefinition@3cd344c0] for type: dataSourceBeanProvider 
07:29:21.501 [main] DEBUG io.micronaut.context.lifecycle -- Created bean [io.micronaut.inject.provider.BeanProviderDefinition$1@2d5435d4] from definition [io.micronaut.inject.provider.BeanProviderDefinition@3cd344c0] with qualifier [null]
07:29:21.501 [main] DEBUG io.micronaut.context.DefaultBeanContext -- Finding candidate beans for type: DataSourceResolver dataSourceResolver
07:29:21.501 [main] DEBUG io.micronaut.context.DefaultBeanContext --   class io.micronaut.data.connection.jdbc.DelegatingDataSourceResolver null Definition: io.micronaut.data.connection.jdbc.DelegatingDataSourceResolver
07:29:21.501 [main] DEBUG io.micronaut.context.DefaultBeanContext -- Found concrete candidate [Definition: io.micronaut.data.connection.jdbc.DelegatingDataSourceResolver] for type: dataSourceResolver 
07:29:21.501 [main] DEBUG io.micronaut.context.lifecycle -- Created bean [io.micronaut.data.connection.jdbc.DelegatingDataSourceResolver@6dbdbb69] from definition [Definition: io.micronaut.data.connection.jdbc.DelegatingDataSourceResolver] with qualifier [null]
07:29:21.501 [main] DEBUG io.micronaut.context.lifecycle -- Created bean [io.micronaut.configuration.hibernate.jpa.conf.settings.internal.DataSourceSettingSupplier@576a8b00] from definition [Definition: io.micronaut.configuration.hibernate.jpa.conf.settings.internal.DataSourceSettingSupplier] with qualifier [null]
07:29:21.501 [main] DEBUG io.micronaut.context.DefaultBeanContext -- Found a registration BeanRegistration: io.micronaut.configuration.hibernate.jpa.conf.settings.internal.DataSourceSettingSupplier@576a8b00 for candidate: Definition: io.micronaut.configuration.hibernate.jpa.conf.settings.internal.DataSourceSettingSupplier with qualifier: null
07:29:21.501 [main] DEBUG io.micronaut.core.reflect.ClassUtils -- Attempting to dynamically load class io.micronaut.context.annotation.Prototype
07:29:21.501 [main] DEBUG io.micronaut.core.reflect.ClassUtils -- Successfully loaded class io.micronaut.context.annotation.Prototype
07:29:21.501 [main] DEBUG io.micronaut.context.lifecycle -- Created bean [io.micronaut.configuration.hibernate.jpa.conf.settings.internal.ValidatorFactorySettingSupplier@1d988297] from definition [Definition: io.micronaut.configuration.hibernate.jpa.conf.settings.internal.ValidatorFactorySettingSupplier] with qualifier [null]
07:29:21.501 [main] DEBUG io.micronaut.context.DefaultBeanContext -- Found a registration BeanRegistration: io.micronaut.configuration.hibernate.jpa.conf.settings.internal.ValidatorFactorySettingSupplier@1d988297 for candidate: Definition: io.micronaut.configuration.hibernate.jpa.conf.settings.internal.ValidatorFactorySettingSupplier with qualifier: null
07:29:21.501 [main] DEBUG io.micronaut.context.DefaultBeanContext -- Found 4 bean registrations for type [E]
07:29:21.501 [main] DEBUG io.micronaut.context.DefaultBeanContext --   Definition: io.micronaut.configuration.hibernate.jpa.conf.settings.internal.ValidatorFactorySettingSupplier null
07:29:21.501 [main] DEBUG io.micronaut.context.DefaultBeanContext --   Definition: io.micronaut.configuration.hibernate.jpa.conf.settings.internal.CurrentSessionContextClassSettingSupplier null
07:29:21.501 [main] DEBUG io.micronaut.context.DefaultBeanContext --   Definition: io.micronaut.configuration.hibernate.jpa.conf.settings.internal.MicronautContainerSettingsSupplier null
07:29:21.501 [main] DEBUG io.micronaut.context.DefaultBeanContext --   Definition: io.micronaut.configuration.hibernate.jpa.conf.settings.internal.DataSourceSettingSupplier null
07:29:21.501 [main] DEBUG io.micronaut.context.lifecycle -- Created bean [io.micronaut.configuration.hibernate.jpa.conf.serviceregistry.builder.configures.internal.SettingsConfigurer@116efe65] from definition [Definition: io.micronaut.configuration.hibernate.jpa.conf.serviceregistry.builder.configures.internal.SettingsConfigurer] with qualifier [null]
07:29:21.501 [main] DEBUG io.micronaut.context.DefaultBeanContext -- Found a registration BeanRegistration: io.micronaut.configuration.hibernate.jpa.conf.serviceregistry.builder.configures.internal.SettingsConfigurer@116efe65 for candidate: Definition: io.micronaut.configuration.hibernate.jpa.conf.serviceregistry.builder.configures.internal.SettingsConfigurer with qualifier: null
07:29:21.501 [main] DEBUG io.micronaut.context.DefaultBeanContext -- Found 3 bean registrations for type [E]
07:29:21.501 [main] DEBUG io.micronaut.context.DefaultBeanContext --   Definition: io.micronaut.configuration.hibernate.jpa.conf.serviceregistry.builder.configures.internal.CompileProxyConfigurer null
07:29:21.501 [main] DEBUG io.micronaut.context.DefaultBeanContext --   Definition: io.micronaut.transaction.hibernate.BeanContextServiceConfigurer null
07:29:21.501 [main] DEBUG io.micronaut.context.DefaultBeanContext --   Definition: io.micronaut.configuration.hibernate.jpa.conf.serviceregistry.builder.configures.internal.SettingsConfigurer null
07:29:21.501 [main] DEBUG io.micronaut.context.DefaultBeanContext -- Finding candidate beans for type: JpaConfiguration jpaConfiguration
07:29:21.501 [main] DEBUG io.micronaut.context.DefaultBeanContext --   class io.micronaut.configuration.hibernate.jpa.JpaConfiguration @Named('default') Definition: io.micronaut.configuration.hibernate.jpa.JpaConfiguration
07:29:21.501 [main] DEBUG io.micronaut.context.DefaultBeanContext -- Found concrete candidate [Definition: io.micronaut.configuration.hibernate.jpa.JpaConfiguration] for type: jpaConfiguration 
07:29:21.501 [main] DEBUG io.micronaut.context.DefaultBeanContext -- Finding candidate beans for type: EntityScanConfiguration entityScanConfiguration
07:29:21.507 [main] DEBUG io.micronaut.context.DefaultBeanContext -- No bean candidates found for type: EntityScanConfiguration entityScanConfiguration
07:29:21.507 [main] DEBUG io.micronaut.context.DefaultBeanContext -- Finding candidate beans for type: PhysicalNamingStrategy physicalNamingStrategy
07:29:21.507 [main] DEBUG io.micronaut.context.DefaultBeanContext --   class io.micronaut.data.hibernate.naming.DefaultPhysicalNamingStrategy null Definition: io.micronaut.data.hibernate.naming.DefaultPhysicalNamingStrategy
07:29:21.507 [main] DEBUG io.micronaut.context.DefaultBeanContext -- Found concrete candidate [Definition: io.micronaut.data.hibernate.naming.DefaultPhysicalNamingStrategy] for type: physicalNamingStrategy 
07:29:21.507 [main] DEBUG io.micronaut.context.lifecycle -- Created bean [io.micronaut.data.hibernate.naming.DefaultPhysicalNamingStrategy@118879d2] from definition [Definition: io.micronaut.data.hibernate.naming.DefaultPhysicalNamingStrategy] with qualifier [null]
07:29:21.507 [main] DEBUG io.micronaut.context.lifecycle -- Created bean [io.micronaut.data.hibernate.naming.PhysicalNamingStrategyConfiguration@1239c268] from definition [Definition: io.micronaut.data.hibernate.naming.PhysicalNamingStrategyConfiguration] with qualifier [null]
07:29:21.507 [main] DEBUG io.micronaut.context.lifecycle -- Created bean [io.micronaut.configuration.hibernate.jpa.JpaConfiguration@4bec6682] from definition [Definition: io.micronaut.configuration.hibernate.jpa.JpaConfiguration] with qualifier [@Named('default')]
07:29:21.507 [main] DEBUG io.micronaut.context.lifecycle -- Created bean [io.micronaut.configuration.hibernate.jpa.conf.SessionFactoryPerDataSourceFactory@2d97344c] from definition [Definition: io.micronaut.configuration.hibernate.jpa.conf.SessionFactoryPerDataSourceFactory] with qualifier [null]
07:29:21.507 [main] DEBUG io.micronaut.context.DefaultBeanContext -- Finding candidate beans for type: SessionFactoryBuilder sessionFactoryBuilder
07:29:21.508 [main] DEBUG io.micronaut.context.DefaultBeanContext -- Finding candidate beans for type: Metadata
07:29:21.508 [main] DEBUG io.micronaut.context.DefaultBeanContext -- Finding candidate beans for type: MetadataSources
07:29:21.508 [main] DEBUG io.micronaut.context.DefaultBeanContext -- Finding candidate beans for type: ServiceRegistry
07:29:21.508 [main] DEBUG io.micronaut.context.DefaultBeanContext -- Finding candidate beans for type: DataSource
07:29:21.508 [main] DEBUG io.micronaut.context.DefaultBeanContext -- Finding candidate beans for type: DatasourceConfiguration
07:29:21.508 [main] DEBUG io.micronaut.context.DefaultBeanContext --   class io.micronaut.configuration.jdbc.hikari.DatasourceConfiguration @Named('default') Definition: io.micronaut.configuration.jdbc.hikari.DatasourceConfiguration
07:29:21.508 [main] DEBUG io.micronaut.context.DefaultBeanContext --   interface javax.sql.DataSource @Named('default') Definition: io.micronaut.configuration.jdbc.hikari.DatasourceFactory
07:29:21.508 [main] DEBUG io.micronaut.core.reflect.ClassUtils -- Attempting to dynamically load class org.hibernate.reactive.provider.ReactiveServiceRegistryBuilder
07:29:21.508 [main] DEBUG io.micronaut.core.reflect.ClassUtils -- Class org.hibernate.reactive.provider.ReactiveServiceRegistryBuilder is not present
07:29:21.508 [main] DEBUG io.micronaut.context.DefaultBeanContext --   interface org.hibernate.service.ServiceRegistry @Named('default') Definition: io.micronaut.configuration.hibernate.jpa.conf.SessionFactoryPerDataSourceFactory
07:29:21.508 [main] DEBUG io.micronaut.core.reflect.ClassUtils -- Attempting to dynamically load class org.hibernate.reactive.provider.ReactiveServiceRegistryBuilder
07:29:21.509 [main] DEBUG io.micronaut.core.reflect.ClassUtils -- Class org.hibernate.reactive.provider.ReactiveServiceRegistryBuilder is not present
07:29:21.509 [main] DEBUG io.micronaut.context.DefaultBeanContext --   class org.hibernate.boot.MetadataSources @Named('default') Definition: io.micronaut.configuration.hibernate.jpa.conf.SessionFactoryPerDataSourceFactory
07:29:21.509 [main] DEBUG io.micronaut.core.reflect.ClassUtils -- Attempting to dynamically load class org.hibernate.reactive.provider.ReactiveServiceRegistryBuilder
07:29:21.509 [main] DEBUG io.micronaut.core.reflect.ClassUtils -- Class org.hibernate.reactive.provider.ReactiveServiceRegistryBuilder is not present
07:29:21.509 [main] DEBUG io.micronaut.context.DefaultBeanContext --   interface org.hibernate.boot.Metadata @Named('default') Definition: io.micronaut.configuration.hibernate.jpa.conf.SessionFactoryPerDataSourceFactory
07:29:21.509 [main] DEBUG io.micronaut.core.reflect.ClassUtils -- Attempting to dynamically load class org.hibernate.reactive.provider.ReactiveServiceRegistryBuilder
07:29:21.509 [main] DEBUG io.micronaut.core.reflect.ClassUtils -- Class org.hibernate.reactive.provider.ReactiveServiceRegistryBuilder is not present
07:29:21.509 [main] DEBUG io.micronaut.context.DefaultBeanContext --   interface org.hibernate.boot.SessionFactoryBuilder @Named('default') Definition: io.micronaut.configuration.hibernate.jpa.conf.SessionFactoryPerDataSourceFactory
07:29:21.509 [main] DEBUG io.micronaut.context.DefaultBeanContext -- Qualifying bean [sessionFactoryBuilder] for qualifier: @Named('default') 
07:29:21.509 [main] DEBUG io.micronaut.context.DefaultBeanContext -- Found concrete candidate [Definition: io.micronaut.configuration.hibernate.jpa.conf.SessionFactoryPerDataSourceFactory] for type: @Named('default') sessionFactoryBuilder 
07:29:21.509 [main] DEBUG io.micronaut.context.DefaultBeanContext -- Finding candidate beans for type: SessionFactoryPerDataSourceFactory
07:29:21.509 [main] DEBUG io.micronaut.context.DefaultBeanContext --   class io.micronaut.configuration.hibernate.jpa.conf.SessionFactoryPerDataSourceFactory null Definition: io.micronaut.configuration.hibernate.jpa.conf.SessionFactoryPerDataSourceFactory
07:29:21.509 [main] DEBUG io.micronaut.context.DefaultBeanContext -- Found concrete candidate [Definition: io.micronaut.configuration.hibernate.jpa.conf.SessionFactoryPerDataSourceFactory] for type: sessionFactoryPerDataSourceFactory 
07:29:21.509 [main] DEBUG io.micronaut.context.DefaultBeanContext -- Finding candidate beans for type: Metadata metadata
07:29:21.509 [main] DEBUG io.micronaut.context.DefaultBeanContext -- Finding candidate beans for type: MetadataSources
07:29:21.509 [main] DEBUG io.micronaut.context.DefaultBeanContext -- Finding candidate beans for type: ServiceRegistry
07:29:21.509 [main] DEBUG io.micronaut.context.DefaultBeanContext -- Finding candidate beans for type: DataSource
07:29:21.509 [main] DEBUG io.micronaut.context.DefaultBeanContext -- Finding candidate beans for type: DatasourceConfiguration
07:29:21.509 [main] DEBUG io.micronaut.context.DefaultBeanContext --   class io.micronaut.configuration.jdbc.hikari.DatasourceConfiguration @Named('default') Definition: io.micronaut.configuration.jdbc.hikari.DatasourceConfiguration
07:29:21.509 [main] DEBUG io.micronaut.context.DefaultBeanContext --   interface javax.sql.DataSource @Named('default') Definition: io.micronaut.configuration.jdbc.hikari.DatasourceFactory
07:29:21.510 [main] DEBUG io.micronaut.core.reflect.ClassUtils -- Attempting to dynamically load class org.hibernate.reactive.provider.ReactiveServiceRegistryBuilder
07:29:21.510 [main] DEBUG io.micronaut.core.reflect.ClassUtils -- Class org.hibernate.reactive.provider.ReactiveServiceRegistryBuilder is not present
07:29:21.513 [main] DEBUG io.micronaut.context.DefaultBeanContext --   interface org.hibernate.service.ServiceRegistry @Named('default') Definition: io.micronaut.configuration.hibernate.jpa.conf.SessionFactoryPerDataSourceFactory
07:29:21.513 [main] DEBUG io.micronaut.core.reflect.ClassUtils -- Attempting to dynamically load class org.hibernate.reactive.provider.ReactiveServiceRegistryBuilder
07:29:21.513 [main] DEBUG io.micronaut.core.reflect.ClassUtils -- Class org.hibernate.reactive.provider.ReactiveServiceRegistryBuilder is not present
07:29:21.513 [main] DEBUG io.micronaut.context.DefaultBeanContext --   class org.hibernate.boot.MetadataSources @Named('default') Definition: io.micronaut.configuration.hibernate.jpa.conf.SessionFactoryPerDataSourceFactory
07:29:21.513 [main] DEBUG io.micronaut.core.reflect.ClassUtils -- Attempting to dynamically load class org.hibernate.reactive.provider.ReactiveServiceRegistryBuilder
07:29:21.513 [main] DEBUG io.micronaut.core.reflect.ClassUtils -- Class org.hibernate.reactive.provider.ReactiveServiceRegistryBuilder is not present
07:29:21.513 [main] DEBUG io.micronaut.context.DefaultBeanContext --   interface org.hibernate.boot.Metadata @Named('default') Definition: io.micronaut.configuration.hibernate.jpa.conf.SessionFactoryPerDataSourceFactory
07:29:21.513 [main] DEBUG io.micronaut.context.DefaultBeanContext -- Qualifying bean [metadata] for qualifier: @Named('default') 
07:29:21.513 [main] DEBUG io.micronaut.context.DefaultBeanContext -- Found concrete candidate [Definition: io.micronaut.configuration.hibernate.jpa.conf.SessionFactoryPerDataSourceFactory] for type: @Named('default') metadata 
07:29:21.513 [main] DEBUG io.micronaut.context.DefaultBeanContext -- Finding candidate beans for type: MetadataSources metadataSources
07:29:21.513 [main] DEBUG io.micronaut.context.DefaultBeanContext -- Finding candidate beans for type: ServiceRegistry
07:29:21.513 [main] DEBUG io.micronaut.context.DefaultBeanContext -- Finding candidate beans for type: DataSource
07:29:21.513 [main] DEBUG io.micronaut.context.DefaultBeanContext -- Finding candidate beans for type: DatasourceConfiguration
07:29:21.514 [main] DEBUG io.micronaut.context.DefaultBeanContext --   class io.micronaut.configuration.jdbc.hikari.DatasourceConfiguration @Named('default') Definition: io.micronaut.configuration.jdbc.hikari.DatasourceConfiguration
07:29:21.514 [main] DEBUG io.micronaut.context.DefaultBeanContext --   interface javax.sql.DataSource @Named('default') Definition: io.micronaut.configuration.jdbc.hikari.DatasourceFactory
07:29:21.514 [main] DEBUG io.micronaut.core.reflect.ClassUtils -- Attempting to dynamically load class org.hibernate.reactive.provider.ReactiveServiceRegistryBuilder
07:29:21.514 [main] DEBUG io.micronaut.core.reflect.ClassUtils -- Class org.hibernate.reactive.provider.ReactiveServiceRegistryBuilder is not present
07:29:21.514 [main] DEBUG io.micronaut.context.DefaultBeanContext --   interface org.hibernate.service.ServiceRegistry @Named('default') Definition: io.micronaut.configuration.hibernate.jpa.conf.SessionFactoryPerDataSourceFactory
07:29:21.514 [main] DEBUG io.micronaut.core.reflect.ClassUtils -- Attempting to dynamically load class org.hibernate.reactive.provider.ReactiveServiceRegistryBuilder
07:29:21.514 [main] DEBUG io.micronaut.core.reflect.ClassUtils -- Class org.hibernate.reactive.provider.ReactiveServiceRegistryBuilder is not present
07:29:21.514 [main] DEBUG io.micronaut.context.DefaultBeanContext --   class org.hibernate.boot.MetadataSources @Named('default') Definition: io.micronaut.configuration.hibernate.jpa.conf.SessionFactoryPerDataSourceFactory
07:29:21.514 [main] DEBUG io.micronaut.context.DefaultBeanContext -- Qualifying bean [metadataSources] for qualifier: @Named('default') 
07:29:21.514 [main] DEBUG io.micronaut.context.DefaultBeanContext -- Found concrete candidate [Definition: io.micronaut.configuration.hibernate.jpa.conf.SessionFactoryPerDataSourceFactory] for type: @Named('default') metadataSources 
07:29:21.514 [main] DEBUG io.micronaut.context.DefaultBeanContext -- Finding candidate beans for type: ServiceRegistry serviceRegistry
07:29:21.514 [main] DEBUG io.micronaut.context.DefaultBeanContext -- Finding candidate beans for type: DataSource
07:29:21.514 [main] DEBUG io.micronaut.context.DefaultBeanContext -- Finding candidate beans for type: DatasourceConfiguration
07:29:21.514 [main] DEBUG io.micronaut.context.DefaultBeanContext --   class io.micronaut.configuration.jdbc.hikari.DatasourceConfiguration @Named('default') Definition: io.micronaut.configuration.jdbc.hikari.DatasourceConfiguration
07:29:21.514 [main] DEBUG io.micronaut.context.DefaultBeanContext --   interface javax.sql.DataSource @Named('default') Definition: io.micronaut.configuration.jdbc.hikari.DatasourceFactory
07:29:21.514 [main] DEBUG io.micronaut.core.reflect.ClassUtils -- Attempting to dynamically load class org.hibernate.reactive.provider.ReactiveServiceRegistryBuilder
07:29:21.514 [main] DEBUG io.micronaut.core.reflect.ClassUtils -- Class org.hibernate.reactive.provider.ReactiveServiceRegistryBuilder is not present
07:29:21.514 [main] DEBUG io.micronaut.context.DefaultBeanContext --   interface org.hibernate.service.ServiceRegistry @Named('default') Definition: io.micronaut.configuration.hibernate.jpa.conf.SessionFactoryPerDataSourceFactory
07:29:21.514 [main] DEBUG io.micronaut.context.DefaultBeanContext -- Qualifying bean [serviceRegistry] for qualifier: @Named('default') 
07:29:21.514 [main] DEBUG io.micronaut.context.DefaultBeanContext -- Found concrete candidate [Definition: io.micronaut.configuration.hibernate.jpa.conf.SessionFactoryPerDataSourceFactory] for type: @Named('default') serviceRegistry 
07:29:21.514 [main] DEBUG io.micronaut.context.DefaultBeanContext -- Finding candidate beans for type: BeanProvider
07:29:21.514 [main] DEBUG io.micronaut.context.DefaultBeanContext --   interface io.micronaut.context.BeanProvider null io.micronaut.inject.provider.BeanProviderDefinition@3cd344c0
07:29:21.515 [main] DEBUG io.micronaut.context.DefaultBeanContext -- Qualifying bean [beanProvider] for qualifier: @Named('default') 
07:29:21.515 [main] DEBUG io.micronaut.context.DefaultBeanContext -- Found concrete candidate [io.micronaut.inject.provider.BeanProviderDefinition@3cd344c0] for type: @Named('default') beanProvider 
07:29:21.515 [main] DEBUG io.micronaut.context.lifecycle -- Created bean [io.micronaut.inject.provider.BeanProviderDefinition$1@7f839ec5] from definition [io.micronaut.inject.provider.BeanProviderDefinition@3cd344c0] with qualifier [@Named('default')]
07:29:21.515 [main] DEBUG io.micronaut.context.DefaultBeanContext -- Finding candidate beans for type: HibernateCurrentSessionContextClassProvider T
07:29:21.515 [main] DEBUG io.micronaut.context.DefaultBeanContext -- No bean candidates found for type: HibernateCurrentSessionContextClassProvider T
07:29:21.515 [main] DEBUG io.micronaut.context.DefaultBeanContext -- Finding candidate beans for type: DataSource T
07:29:21.515 [main] DEBUG io.micronaut.context.DefaultBeanContext -- Finding candidate beans for type: DatasourceConfiguration
07:29:21.515 [main] DEBUG io.micronaut.context.DefaultBeanContext --   class io.micronaut.configuration.jdbc.hikari.DatasourceConfiguration @Named('default') Definition: io.micronaut.configuration.jdbc.hikari.DatasourceConfiguration
07:29:21.515 [main] DEBUG io.micronaut.context.DefaultBeanContext --   interface javax.sql.DataSource @Named('default') Definition: io.micronaut.configuration.jdbc.hikari.DatasourceFactory
07:29:21.515 [main] DEBUG io.micronaut.context.DefaultBeanContext -- Qualifying bean [T] for qualifier: @Named('default') 
07:29:21.515 [main] DEBUG io.micronaut.context.DefaultBeanContext -- Found concrete candidate [Definition: io.micronaut.configuration.jdbc.hikari.DatasourceFactory] for type: @Named('default') T 
07:29:21.515 [main] DEBUG io.micronaut.context.DefaultBeanContext -- Finding candidate beans for type: DatasourceFactory
07:29:21.515 [main] DEBUG io.micronaut.context.DefaultBeanContext --   class io.micronaut.configuration.jdbc.hikari.DatasourceFactory null Definition: io.micronaut.configuration.jdbc.hikari.DatasourceFactory
07:29:21.515 [main] DEBUG io.micronaut.context.DefaultBeanContext -- Found concrete candidate [Definition: io.micronaut.configuration.jdbc.hikari.DatasourceFactory] for type: datasourceFactory 
07:29:21.515 [main] DEBUG io.micronaut.context.lifecycle -- Created bean [io.micronaut.configuration.jdbc.hikari.DatasourceFactory@23f539df] from definition [Definition: io.micronaut.configuration.jdbc.hikari.DatasourceFactory] with qualifier [null]
07:29:21.515 [main] DEBUG io.micronaut.context.DefaultBeanContext -- Finding candidate beans for type: DatasourceConfiguration datasourceConfiguration
07:29:21.515 [main] DEBUG io.micronaut.context.DefaultBeanContext --   class io.micronaut.configuration.jdbc.hikari.DatasourceConfiguration @Named('default') Definition: io.micronaut.configuration.jdbc.hikari.DatasourceConfiguration
07:29:21.515 [main] DEBUG io.micronaut.context.DefaultBeanContext -- Qualifying bean [datasourceConfiguration] for qualifier: @Named('default') 
07:29:21.515 [main] DEBUG io.micronaut.context.DefaultBeanContext -- Found concrete candidate [Definition: io.micronaut.configuration.jdbc.hikari.DatasourceConfiguration] for type: @Named('default') datasourceConfiguration 
07:29:21.515 [main] DEBUG io.micronaut.core.reflect.ClassUtils -- Attempting to dynamically load class org.h2.Driver
07:29:21.515 [main] DEBUG io.micronaut.core.reflect.ClassUtils -- Successfully loaded class org.h2.Driver
07:29:21.521 [main] DEBUG com.zaxxer.hikari.HikariConfig -- Driver class org.h2.Driver found in Thread context class loader jdk.internal.loader.ClassLoaders$AppClassLoader@30946e09
07:29:21.521 [main] DEBUG io.micronaut.context.lifecycle -- Created bean [io.micronaut.configuration.jdbc.hikari.DatasourceConfiguration@b859355] from definition [Definition: io.micronaut.configuration.jdbc.hikari.DatasourceConfiguration] with qualifier [@Named('default')]
07:29:21.521 [main] DEBUG com.zaxxer.hikari.HikariConfig -- HikariPool-3 - configuration:
07:29:21.522 [main] DEBUG com.zaxxer.hikari.HikariConfig -- allowPoolSuspension.............false
07:29:21.522 [main] DEBUG com.zaxxer.hikari.HikariConfig -- autoCommit......................true
07:29:21.522 [main] DEBUG com.zaxxer.hikari.HikariConfig -- catalog.........................none
07:29:21.522 [main] DEBUG com.zaxxer.hikari.HikariConfig -- connectionInitSql...............none
07:29:21.522 [main] DEBUG com.zaxxer.hikari.HikariConfig -- connectionTestQuery............."SELECT 1"
07:29:21.522 [main] DEBUG com.zaxxer.hikari.HikariConfig -- connectionTimeout...............30000
07:29:21.522 [main] DEBUG com.zaxxer.hikari.HikariConfig -- dataSource......................none
07:29:21.522 [main] DEBUG com.zaxxer.hikari.HikariConfig -- dataSourceClassName.............none
07:29:21.522 [main] DEBUG com.zaxxer.hikari.HikariConfig -- dataSourceJNDI..................none
07:29:21.522 [main] DEBUG com.zaxxer.hikari.HikariConfig -- dataSourceProperties............{password=<masked>}
07:29:21.522 [main] DEBUG io.micronaut.core.reflect.ClassUtils -- Attempting to dynamically load class org.h2.Driver
07:29:21.522 [main] DEBUG io.micronaut.core.reflect.ClassUtils -- Successfully loaded class org.h2.Driver
07:29:21.522 [main] DEBUG com.zaxxer.hikari.HikariConfig -- driverClassName................."org.h2.Driver"
07:29:21.522 [main] DEBUG com.zaxxer.hikari.HikariConfig -- exceptionOverrideClassName......none
07:29:21.522 [main] DEBUG com.zaxxer.hikari.HikariConfig -- healthCheckProperties...........{}
07:29:21.522 [main] DEBUG com.zaxxer.hikari.HikariConfig -- healthCheckRegistry.............none
07:29:21.522 [main] DEBUG com.zaxxer.hikari.HikariConfig -- idleTimeout.....................600000
07:29:21.522 [main] DEBUG com.zaxxer.hikari.HikariConfig -- initializationFailTimeout.......1
07:29:21.522 [main] DEBUG com.zaxxer.hikari.HikariConfig -- isolateInternalQueries..........false
07:29:21.522 [main] DEBUG com.zaxxer.hikari.HikariConfig -- jdbcUrl.........................jdbc:h2:mem:testDb;DB_CLOSE_DELAY=-1;DB_CLOSE_ON_EXIT=FALSE
07:29:21.522 [main] DEBUG com.zaxxer.hikari.HikariConfig -- keepaliveTime...................0
07:29:21.522 [main] DEBUG com.zaxxer.hikari.HikariConfig -- leakDetectionThreshold..........0
07:29:21.522 [main] DEBUG com.zaxxer.hikari.HikariConfig -- maxLifetime.....................1800000
07:29:21.522 [main] DEBUG com.zaxxer.hikari.HikariConfig -- maximumPoolSize.................10
07:29:21.522 [main] DEBUG com.zaxxer.hikari.HikariConfig -- metricRegistry..................none
07:29:21.522 [main] DEBUG com.zaxxer.hikari.HikariConfig -- metricsTrackerFactory...........none
07:29:21.522 [main] DEBUG com.zaxxer.hikari.HikariConfig -- minimumIdle.....................10
07:29:21.522 [main] DEBUG io.micronaut.core.reflect.ClassUtils -- Attempting to dynamically load class org.h2.Driver
07:29:21.522 [main] DEBUG io.micronaut.core.reflect.ClassUtils -- Successfully loaded class org.h2.Driver
07:29:21.523 [main] DEBUG com.zaxxer.hikari.HikariConfig -- password........................<masked>
07:29:21.523 [main] DEBUG com.zaxxer.hikari.HikariConfig -- poolName........................"HikariPool-3"
07:29:21.523 [main] DEBUG com.zaxxer.hikari.HikariConfig -- readOnly........................false
07:29:21.523 [main] DEBUG com.zaxxer.hikari.HikariConfig -- registerMbeans..................false
07:29:21.523 [main] DEBUG com.zaxxer.hikari.HikariConfig -- scheduledExecutor...............none
07:29:21.523 [main] DEBUG com.zaxxer.hikari.HikariConfig -- schema..........................none
07:29:21.523 [main] DEBUG com.zaxxer.hikari.HikariConfig -- threadFactory...................internal
07:29:21.523 [main] DEBUG com.zaxxer.hikari.HikariConfig -- transactionIsolation............default
07:29:21.523 [main] DEBUG com.zaxxer.hikari.HikariConfig -- username........................"sa"
07:29:21.523 [main] DEBUG com.zaxxer.hikari.HikariConfig -- validationTimeout...............5000
07:29:21.524 [main] INFO com.zaxxer.hikari.HikariDataSource -- HikariPool-3 - Starting...
07:29:21.531 [main] INFO com.zaxxer.hikari.pool.HikariPool -- HikariPool-3 - Added connection conn20: url=jdbc:h2:mem:testDb user=SA
07:29:21.531 [main] INFO com.zaxxer.hikari.HikariDataSource -- HikariPool-3 - Start completed.
07:29:21.531 [main] DEBUG io.micronaut.configuration.jdbc.hikari.DatasourceFactory -- Could not wire metrics to HikariCP as there is no class of type MeterRegistry on the classpath, io.micronaut.micrometer:micrometer-core library missing.
07:29:21.531 [main] DEBUG io.micronaut.context.lifecycle -- Created bean [io.micronaut.data.connection.jdbc.advice.ContextualAwareDataSource@513bec8c] from definition [Definition: io.micronaut.data.connection.jdbc.advice.ContextualAwareDataSource] with qualifier [null]
07:29:21.531 [main] DEBUG io.micronaut.context.lifecycle -- Created bean [io.micronaut.data.connection.jdbc.advice.ContextualAwareDataSource$DataSourceProxy@693ed09d] from definition [Definition: io.micronaut.configuration.jdbc.hikari.DatasourceFactory] with qualifier [@Named('default')]
07:29:21.532 [main] DEBUG org.hibernate.service.spi.ServiceBinding -- Overriding existing service binding [io.micronaut.transaction.hibernate.ConnectionOperationsProviderService]
07:29:21.532 [main] DEBUG io.micronaut.context.lifecycle -- Created bean [org.hibernate.boot.registry.internal.StandardServiceRegistryImpl@4fc8163] from definition [Definition: io.micronaut.configuration.hibernate.jpa.conf.SessionFactoryPerDataSourceFactory] with qualifier [@Named('default')]
07:29:21.532 [main] DEBUG io.micronaut.context.lifecycle -- Created bean [org.hibernate.boot.MetadataSources@6c26e588] from definition [Definition: io.micronaut.configuration.hibernate.jpa.conf.SessionFactoryPerDataSourceFactory] with qualifier [@Named('default')]
07:29:21.532 [main] DEBUG org.hibernate.orm.idgen.factory -- Ignoring CDI for resolving IdentifierGenerator instances as extended or delayed CDI support was enabled
07:29:21.533 [main] DEBUG org.hibernate.orm.idgen.factory -- Registering IdentifierGenerator strategy [uuid2] -> [org.hibernate.id.UUIDGenerator]
07:29:21.533 [main] DEBUG org.hibernate.orm.idgen.factory -- Registering IdentifierGenerator strategy [guid] -> [org.hibernate.id.GUIDGenerator]
07:29:21.533 [main] DEBUG org.hibernate.orm.idgen.factory -- Registering IdentifierGenerator strategy [uuid] -> [org.hibernate.id.UUIDHexGenerator]
07:29:21.533 [main] DEBUG org.hibernate.orm.idgen.factory -- Registering IdentifierGenerator strategy [uuid.hex] -> [org.hibernate.id.UUIDHexGenerator]
07:29:21.533 [main] DEBUG org.hibernate.orm.idgen.factory -- Registering IdentifierGenerator strategy [assigned] -> [org.hibernate.id.Assigned]
07:29:21.533 [main] DEBUG org.hibernate.orm.idgen.factory -- Registering IdentifierGenerator strategy [identity] -> [org.hibernate.id.IdentityGenerator]
07:29:21.533 [main] DEBUG org.hibernate.orm.idgen.factory -- Registering IdentifierGenerator strategy [select] -> [org.hibernate.id.SelectGenerator]
07:29:21.533 [main] DEBUG org.hibernate.orm.idgen.factory -- Registering IdentifierGenerator strategy [sequence] -> [org.hibernate.id.enhanced.SequenceStyleGenerator]
07:29:21.533 [main] DEBUG org.hibernate.orm.idgen.factory -- Registering IdentifierGenerator strategy [increment] -> [org.hibernate.id.IncrementGenerator]
07:29:21.533 [main] DEBUG org.hibernate.orm.idgen.factory -- Registering IdentifierGenerator strategy [foreign] -> [org.hibernate.id.ForeignGenerator]
07:29:21.533 [main] DEBUG org.hibernate.orm.idgen.factory -- Registering IdentifierGenerator strategy [enhanced-sequence] -> [org.hibernate.id.enhanced.SequenceStyleGenerator]
07:29:21.533 [main] DEBUG org.hibernate.orm.idgen.factory -- Registering IdentifierGenerator strategy [enhanced-table] -> [org.hibernate.id.enhanced.TableGenerator]
07:29:21.533 [main] DEBUG org.hibernate.cache.internal.RegionFactoryInitiator -- Cannot default RegionFactory based on registered strategies as `[]` RegionFactory strategies were registered
07:29:21.533 [main] INFO org.hibernate.cache.internal.RegionFactoryInitiator -- HHH000026: Second-level cache disabled
07:29:21.533 [main] DEBUG org.hibernate.type.BasicTypeRegistry -- Adding type registration boolean -> org.hibernate.type.BasicTypeReference@878537d
07:29:21.533 [main] DEBUG org.hibernate.type.BasicTypeRegistry -- Adding type registration boolean -> org.hibernate.type.BasicTypeReference@878537d
07:29:21.533 [main] DEBUG org.hibernate.type.BasicTypeRegistry -- Adding type registration java.lang.Boolean -> org.hibernate.type.BasicTypeReference@878537d
07:29:21.533 [main] DEBUG org.hibernate.type.BasicTypeRegistry -- Adding type registration numeric_boolean -> org.hibernate.type.BasicTypeReference@4455f57d
07:29:21.533 [main] DEBUG org.hibernate.type.BasicTypeRegistry -- Adding type registration org.hibernate.type.NumericBooleanConverter -> org.hibernate.type.BasicTypeReference@4455f57d
07:29:21.533 [main] DEBUG org.hibernate.type.BasicTypeRegistry -- Adding type registration true_false -> org.hibernate.type.BasicTypeReference@29fc1a2b
07:29:21.533 [main] DEBUG org.hibernate.type.BasicTypeRegistry -- Adding type registration org.hibernate.type.TrueFalseConverter -> org.hibernate.type.BasicTypeReference@29fc1a2b
07:29:21.533 [main] DEBUG org.hibernate.type.BasicTypeRegistry -- Adding type registration yes_no -> org.hibernate.type.BasicTypeReference@4d0b0fd4
07:29:21.533 [main] DEBUG org.hibernate.type.BasicTypeRegistry -- Adding type registration org.hibernate.type.YesNoConverter -> org.hibernate.type.BasicTypeReference@4d0b0fd4
07:29:21.533 [main] DEBUG org.hibernate.type.BasicTypeRegistry -- Adding type registration byte -> org.hibernate.type.BasicTypeReference@7a24eb3
07:29:21.533 [main] DEBUG org.hibernate.type.BasicTypeRegistry -- Adding type registration byte -> org.hibernate.type.BasicTypeReference@7a24eb3
07:29:21.533 [main] DEBUG org.hibernate.type.BasicTypeRegistry -- Adding type registration java.lang.Byte -> org.hibernate.type.BasicTypeReference@7a24eb3
07:29:21.533 [main] DEBUG org.hibernate.type.BasicTypeRegistry -- Adding type registration binary -> org.hibernate.type.BasicTypeReference@6c37bd27
07:29:21.533 [main] DEBUG org.hibernate.type.BasicTypeRegistry -- Adding type registration byte[] -> org.hibernate.type.BasicTypeReference@6c37bd27
07:29:21.533 [main] DEBUG org.hibernate.type.BasicTypeRegistry -- Adding type registration [B -> org.hibernate.type.BasicTypeReference@6c37bd27
07:29:21.533 [main] DEBUG org.hibernate.type.BasicTypeRegistry -- Adding type registration binary_wrapper -> org.hibernate.type.BasicTypeReference@25d3cfc8
07:29:21.533 [main] DEBUG org.hibernate.type.BasicTypeRegistry -- Adding type registration wrapper-binary -> org.hibernate.type.BasicTypeReference@25d3cfc8
07:29:21.533 [main] DEBUG org.hibernate.type.BasicTypeRegistry -- Adding type registration image -> org.hibernate.type.BasicTypeReference@30331109
07:29:21.533 [main] DEBUG org.hibernate.type.BasicTypeRegistry -- Adding type registration blob -> org.hibernate.type.BasicTypeReference@2571066a
07:29:21.533 [main] DEBUG org.hibernate.type.BasicTypeRegistry -- Adding type registration java.sql.Blob -> org.hibernate.type.BasicTypeReference@2571066a
07:29:21.533 [main] DEBUG org.hibernate.type.BasicTypeRegistry -- Adding type registration materialized_blob -> org.hibernate.type.BasicTypeReference@74fe5966
07:29:21.533 [main] DEBUG org.hibernate.type.BasicTypeRegistry -- Adding type registration materialized_blob_wrapper -> org.hibernate.type.BasicTypeReference@4fe875be
07:29:21.533 [main] DEBUG org.hibernate.type.BasicTypeRegistry -- Adding type registration short -> org.hibernate.type.BasicTypeReference@677b8e13
07:29:21.533 [main] DEBUG org.hibernate.type.BasicTypeRegistry -- Adding type registration short -> org.hibernate.type.BasicTypeReference@677b8e13
07:29:21.533 [main] DEBUG org.hibernate.type.BasicTypeRegistry -- Adding type registration java.lang.Short -> org.hibernate.type.BasicTypeReference@677b8e13
07:29:21.533 [main] DEBUG org.hibernate.type.BasicTypeRegistry -- Adding type registration integer -> org.hibernate.type.BasicTypeReference@4a9486c0
07:29:21.533 [main] DEBUG org.hibernate.type.BasicTypeRegistry -- Adding type registration int -> org.hibernate.type.BasicTypeReference@4a9486c0
07:29:21.533 [main] DEBUG org.hibernate.type.BasicTypeRegistry -- Adding type registration java.lang.Integer -> org.hibernate.type.BasicTypeReference@4a9486c0
07:29:21.533 [main] DEBUG org.hibernate.type.BasicTypeRegistry -- Adding type registration long -> org.hibernate.type.BasicTypeReference@4c27d39d
07:29:21.533 [main] DEBUG org.hibernate.type.BasicTypeRegistry -- Adding type registration long -> org.hibernate.type.BasicTypeReference@4c27d39d
07:29:21.533 [main] DEBUG org.hibernate.type.BasicTypeRegistry -- Adding type registration java.lang.Long -> org.hibernate.type.BasicTypeReference@4c27d39d
07:29:21.533 [main] DEBUG org.hibernate.type.BasicTypeRegistry -- Adding type registration float -> org.hibernate.type.BasicTypeReference@40ee0a22
07:29:21.533 [main] DEBUG org.hibernate.type.BasicTypeRegistry -- Adding type registration float -> org.hibernate.type.BasicTypeReference@40ee0a22
07:29:21.533 [main] DEBUG org.hibernate.type.BasicTypeRegistry -- Adding type registration java.lang.Float -> org.hibernate.type.BasicTypeReference@40ee0a22
07:29:21.533 [main] DEBUG org.hibernate.type.BasicTypeRegistry -- Adding type registration double -> org.hibernate.type.BasicTypeReference@7bde1f3a
07:29:21.533 [main] DEBUG org.hibernate.type.BasicTypeRegistry -- Adding type registration double -> org.hibernate.type.BasicTypeReference@7bde1f3a
07:29:21.533 [main] DEBUG org.hibernate.type.BasicTypeRegistry -- Adding type registration java.lang.Double -> org.hibernate.type.BasicTypeReference@7bde1f3a
07:29:21.533 [main] DEBUG org.hibernate.type.BasicTypeRegistry -- Adding type registration big_integer -> org.hibernate.type.BasicTypeReference@15923407
07:29:21.533 [main] DEBUG org.hibernate.type.BasicTypeRegistry -- Adding type registration java.math.BigInteger -> org.hibernate.type.BasicTypeReference@15923407
07:29:21.533 [main] DEBUG org.hibernate.type.BasicTypeRegistry -- Adding type registration big_decimal -> org.hibernate.type.BasicTypeReference@67dba613
07:29:21.533 [main] DEBUG org.hibernate.type.BasicTypeRegistry -- Adding type registration java.math.BigDecimal -> org.hibernate.type.BasicTypeReference@67dba613
07:29:21.533 [main] DEBUG org.hibernate.type.BasicTypeRegistry -- Adding type registration character -> org.hibernate.type.BasicTypeReference@57540fd0
07:29:21.533 [main] DEBUG org.hibernate.type.BasicTypeRegistry -- Adding type registration char -> org.hibernate.type.BasicTypeReference@57540fd0
07:29:21.534 [main] DEBUG org.hibernate.type.BasicTypeRegistry -- Adding type registration java.lang.Character -> org.hibernate.type.BasicTypeReference@57540fd0
07:29:21.534 [main] DEBUG org.hibernate.type.BasicTypeRegistry -- Adding type registration character_nchar -> org.hibernate.type.BasicTypeReference@5cf8edcf
07:29:21.534 [main] DEBUG org.hibernate.type.BasicTypeRegistry -- Adding type registration string -> org.hibernate.type.BasicTypeReference@58cec85b
07:29:21.534 [main] DEBUG org.hibernate.type.BasicTypeRegistry -- Adding type registration java.lang.String -> org.hibernate.type.BasicTypeReference@58cec85b
07:29:21.534 [main] DEBUG org.hibernate.type.BasicTypeRegistry -- Adding type registration nstring -> org.hibernate.type.BasicTypeReference@629f066f
07:29:21.534 [main] DEBUG org.hibernate.type.BasicTypeRegistry -- Adding type registration characters -> org.hibernate.type.BasicTypeReference@1542af63
07:29:21.534 [main] DEBUG org.hibernate.type.BasicTypeRegistry -- Adding type registration char[] -> org.hibernate.type.BasicTypeReference@1542af63
07:29:21.534 [main] DEBUG org.hibernate.type.BasicTypeRegistry -- Adding type registration [C -> org.hibernate.type.BasicTypeReference@1542af63
07:29:21.534 [main] DEBUG org.hibernate.type.BasicTypeRegistry -- Adding type registration wrapper-characters -> org.hibernate.type.BasicTypeReference@ecfbe91
07:29:21.534 [main] DEBUG org.hibernate.type.BasicTypeRegistry -- Adding type registration text -> org.hibernate.type.BasicTypeReference@20ed3303
07:29:21.537 [main] DEBUG org.hibernate.type.BasicTypeRegistry -- Adding type registration ntext -> org.hibernate.type.BasicTypeReference@3adbe50f
07:29:21.537 [main] DEBUG org.hibernate.type.BasicTypeRegistry -- Adding type registration clob -> org.hibernate.type.BasicTypeReference@3a627c80
07:29:21.537 [main] DEBUG org.hibernate.type.BasicTypeRegistry -- Adding type registration java.sql.Clob -> org.hibernate.type.BasicTypeReference@3a627c80
07:29:21.537 [main] DEBUG org.hibernate.type.BasicTypeRegistry -- Adding type registration nclob -> org.hibernate.type.BasicTypeReference@49aa766b
07:29:21.537 [main] DEBUG org.hibernate.type.BasicTypeRegistry -- Adding type registration java.sql.NClob -> org.hibernate.type.BasicTypeReference@49aa766b
07:29:21.537 [main] DEBUG org.hibernate.type.BasicTypeRegistry -- Adding type registration materialized_clob -> org.hibernate.type.BasicTypeReference@963176
07:29:21.537 [main] DEBUG org.hibernate.type.BasicTypeRegistry -- Adding type registration materialized_clob_char_array -> org.hibernate.type.BasicTypeReference@65004ff6
07:29:21.537 [main] DEBUG org.hibernate.type.BasicTypeRegistry -- Adding type registration materialized_clob_character_array -> org.hibernate.type.BasicTypeReference@4cafa9aa
07:29:21.537 [main] DEBUG org.hibernate.type.BasicTypeRegistry -- Adding type registration materialized_nclob -> org.hibernate.type.BasicTypeReference@562c877a
07:29:21.537 [main] DEBUG org.hibernate.type.BasicTypeRegistry -- Adding type registration materialized_nclob_character_array -> org.hibernate.type.BasicTypeReference@67001148
07:29:21.537 [main] DEBUG org.hibernate.type.BasicTypeRegistry -- Adding type registration materialized_nclob_char_array -> org.hibernate.type.BasicTypeReference@989da1
07:29:21.537 [main] DEBUG org.hibernate.type.BasicTypeRegistry -- Adding type registration Duration -> org.hibernate.type.BasicTypeReference@31cb96e1
07:29:21.537 [main] DEBUG org.hibernate.type.BasicTypeRegistry -- Adding type registration java.time.Duration -> org.hibernate.type.BasicTypeReference@31cb96e1
07:29:21.537 [main] DEBUG org.hibernate.type.BasicTypeRegistry -- Adding type registration LocalDateTime -> org.hibernate.type.BasicTypeReference@3eed0f5
07:29:21.537 [main] DEBUG org.hibernate.type.BasicTypeRegistry -- Adding type registration java.time.LocalDateTime -> org.hibernate.type.BasicTypeReference@3eed0f5
07:29:21.537 [main] DEBUG org.hibernate.type.BasicTypeRegistry -- Adding type registration LocalDate -> org.hibernate.type.BasicTypeReference@64030b91
07:29:21.537 [main] DEBUG org.hibernate.type.BasicTypeRegistry -- Adding type registration java.time.LocalDate -> org.hibernate.type.BasicTypeReference@64030b91
07:29:21.537 [main] DEBUG org.hibernate.type.BasicTypeRegistry -- Adding type registration LocalTime -> org.hibernate.type.BasicTypeReference@2032e725
07:29:21.537 [main] DEBUG org.hibernate.type.BasicTypeRegistry -- Adding type registration java.time.LocalTime -> org.hibernate.type.BasicTypeReference@2032e725
07:29:21.537 [main] DEBUG org.hibernate.type.BasicTypeRegistry -- Adding type registration OffsetDateTime -> org.hibernate.type.BasicTypeReference@4d23015c
07:29:21.537 [main] DEBUG org.hibernate.type.BasicTypeRegistry -- Adding type registration java.time.OffsetDateTime -> org.hibernate.type.BasicTypeReference@4d23015c
07:29:21.537 [main] DEBUG org.hibernate.type.BasicTypeRegistry -- Adding type registration OffsetDateTimeWithTimezone -> org.hibernate.type.BasicTypeReference@383f1975
07:29:21.537 [main] DEBUG org.hibernate.type.BasicTypeRegistry -- Adding type registration OffsetDateTimeWithoutTimezone -> org.hibernate.type.BasicTypeReference@441cc260
07:29:21.537 [main] DEBUG org.hibernate.type.BasicTypeRegistry -- Adding type registration OffsetTime -> org.hibernate.type.BasicTypeReference@73a00e09
07:29:21.537 [main] DEBUG org.hibernate.type.BasicTypeRegistry -- Adding type registration java.time.OffsetTime -> org.hibernate.type.BasicTypeReference@73a00e09
07:29:21.537 [main] DEBUG org.hibernate.type.BasicTypeRegistry -- Adding type registration OffsetTimeUtc -> org.hibernate.type.BasicTypeReference@26dcd8c0
07:29:21.537 [main] DEBUG org.hibernate.type.BasicTypeRegistry -- Adding type registration OffsetTimeWithTimezone -> org.hibernate.type.BasicTypeReference@66e889df
07:29:21.537 [main] DEBUG org.hibernate.type.BasicTypeRegistry -- Adding type registration OffsetTimeWithoutTimezone -> org.hibernate.type.BasicTypeReference@444548a0
07:29:21.537 [main] DEBUG org.hibernate.type.BasicTypeRegistry -- Adding type registration ZonedDateTime -> org.hibernate.type.BasicTypeReference@3766c667
07:29:21.537 [main] DEBUG org.hibernate.type.BasicTypeRegistry -- Adding type registration java.time.ZonedDateTime -> org.hibernate.type.BasicTypeReference@3766c667
07:29:21.537 [main] DEBUG org.hibernate.type.BasicTypeRegistry -- Adding type registration ZonedDateTimeWithTimezone -> org.hibernate.type.BasicTypeReference@773c0293
07:29:21.537 [main] DEBUG org.hibernate.type.BasicTypeRegistry -- Adding type registration ZonedDateTimeWithoutTimezone -> org.hibernate.type.BasicTypeReference@55b8dbda
07:29:21.537 [main] DEBUG org.hibernate.type.BasicTypeRegistry -- Adding type registration date -> org.hibernate.type.BasicTypeReference@3b569985
07:29:21.537 [main] DEBUG org.hibernate.type.BasicTypeRegistry -- Adding type registration java.sql.Date -> org.hibernate.type.BasicTypeReference@3b569985
07:29:21.537 [main] DEBUG org.hibernate.type.BasicTypeRegistry -- Adding type registration time -> org.hibernate.type.BasicTypeReference@3a022576
07:29:21.537 [main] DEBUG org.hibernate.type.BasicTypeRegistry -- Adding type registration java.sql.Time -> org.hibernate.type.BasicTypeReference@3a022576
07:29:21.537 [main] DEBUG org.hibernate.type.BasicTypeRegistry -- Adding type registration timestamp -> org.hibernate.type.BasicTypeReference@2dbd803f
07:29:21.537 [main] DEBUG org.hibernate.type.BasicTypeRegistry -- Adding type registration java.sql.Timestamp -> org.hibernate.type.BasicTypeReference@2dbd803f
07:29:21.537 [main] DEBUG org.hibernate.type.BasicTypeRegistry -- Adding type registration java.util.Date -> org.hibernate.type.BasicTypeReference@2dbd803f
07:29:21.537 [main] DEBUG org.hibernate.type.BasicTypeRegistry -- Adding type registration calendar -> org.hibernate.type.BasicTypeReference@3e48e859
07:29:21.537 [main] DEBUG org.hibernate.type.BasicTypeRegistry -- Adding type registration java.util.Calendar -> org.hibernate.type.BasicTypeReference@3e48e859
07:29:21.537 [main] DEBUG org.hibernate.type.BasicTypeRegistry -- Adding type registration java.util.GregorianCalendar -> org.hibernate.type.BasicTypeReference@3e48e859
07:29:21.537 [main] DEBUG org.hibernate.type.BasicTypeRegistry -- Adding type registration calendar_date -> org.hibernate.type.BasicTypeReference@31ddd4a4
07:29:21.537 [main] DEBUG org.hibernate.type.BasicTypeRegistry -- Adding type registration calendar_time -> org.hibernate.type.BasicTypeReference@1a5f7e7c
07:29:21.537 [main] DEBUG org.hibernate.type.BasicTypeRegistry -- Adding type registration instant -> org.hibernate.type.BasicTypeReference@5b22b970
07:29:21.537 [main] DEBUG org.hibernate.type.BasicTypeRegistry -- Adding type registration java.time.Instant -> org.hibernate.type.BasicTypeReference@5b22b970
07:29:21.537 [main] DEBUG org.hibernate.type.BasicTypeRegistry -- Adding type registration uuid -> org.hibernate.type.BasicTypeReference@22d1886d
07:29:21.537 [main] DEBUG org.hibernate.type.BasicTypeRegistry -- Adding type registration java.util.UUID -> org.hibernate.type.BasicTypeReference@22d1886d
07:29:21.537 [main] DEBUG org.hibernate.type.BasicTypeRegistry -- Adding type registration pg-uuid -> org.hibernate.type.BasicTypeReference@22d1886d
07:29:21.537 [main] DEBUG org.hibernate.type.BasicTypeRegistry -- Adding type registration uuid-binary -> org.hibernate.type.BasicTypeReference@7df60067
07:29:21.537 [main] DEBUG org.hibernate.type.BasicTypeRegistry -- Adding type registration uuid-char -> org.hibernate.type.BasicTypeReference@1cbb3d3b
07:29:21.537 [main] DEBUG org.hibernate.type.BasicTypeRegistry -- Adding type registration class -> org.hibernate.type.BasicTypeReference@529cfee5
07:29:21.537 [main] DEBUG org.hibernate.type.BasicTypeRegistry -- Adding type registration java.lang.Class -> org.hibernate.type.BasicTypeReference@529cfee5
07:29:21.538 [main] DEBUG org.hibernate.type.BasicTypeRegistry -- Adding type registration currency -> org.hibernate.type.BasicTypeReference@7ca0863b
07:29:21.538 [main] DEBUG org.hibernate.type.BasicTypeRegistry -- Adding type registration Currency -> org.hibernate.type.BasicTypeReference@7ca0863b
07:29:21.538 [main] DEBUG org.hibernate.type.BasicTypeRegistry -- Adding type registration java.util.Currency -> org.hibernate.type.BasicTypeReference@7ca0863b
07:29:21.538 [main] DEBUG org.hibernate.type.BasicTypeRegistry -- Adding type registration locale -> org.hibernate.type.BasicTypeReference@319854f0
07:29:21.538 [main] DEBUG org.hibernate.type.BasicTypeRegistry -- Adding type registration java.util.Locale -> org.hibernate.type.BasicTypeReference@319854f0
07:29:21.538 [main] DEBUG org.hibernate.type.BasicTypeRegistry -- Adding type registration serializable -> org.hibernate.type.BasicTypeReference@748fe51d
07:29:21.538 [main] DEBUG org.hibernate.type.BasicTypeRegistry -- Adding type registration java.io.Serializable -> org.hibernate.type.BasicTypeReference@748fe51d
07:29:21.538 [main] DEBUG org.hibernate.type.BasicTypeRegistry -- Adding type registration timezone -> org.hibernate.type.BasicTypeReference@415156bf
07:29:21.538 [main] DEBUG org.hibernate.type.BasicTypeRegistry -- Adding type registration java.util.TimeZone -> org.hibernate.type.BasicTypeReference@415156bf
07:29:21.538 [main] DEBUG org.hibernate.type.BasicTypeRegistry -- Adding type registration ZoneOffset -> org.hibernate.type.BasicTypeReference@393881f0
07:29:21.538 [main] DEBUG org.hibernate.type.BasicTypeRegistry -- Adding type registration java.time.ZoneOffset -> org.hibernate.type.BasicTypeReference@393881f0
07:29:21.538 [main] DEBUG org.hibernate.type.BasicTypeRegistry -- Adding type registration url -> org.hibernate.type.BasicTypeReference@4af46df3
07:29:21.538 [main] DEBUG org.hibernate.type.BasicTypeRegistry -- Adding type registration java.net.URL -> org.hibernate.type.BasicTypeReference@4af46df3
07:29:21.538 [main] DEBUG org.hibernate.type.BasicTypeRegistry -- Adding type registration vector -> org.hibernate.type.BasicTypeReference@4158debd
07:29:21.538 [main] DEBUG org.hibernate.type.BasicTypeRegistry -- Adding type registration row_version -> org.hibernate.type.BasicTypeReference@af78c87
07:29:21.538 [main] DEBUG org.hibernate.type.BasicTypeRegistry -- Adding type registration object -> org.hibernate.type.JavaObjectType@4d74c3ba
07:29:21.538 [main] DEBUG org.hibernate.type.BasicTypeRegistry -- Adding type registration java.lang.Object -> org.hibernate.type.JavaObjectType@4d74c3ba
07:29:21.538 [main] DEBUG org.hibernate.type.BasicTypeRegistry -- Adding type registration null -> org.hibernate.type.NullType@281f23f2
07:29:21.538 [main] DEBUG org.hibernate.type.BasicTypeRegistry -- Adding type registration imm_date -> org.hibernate.type.BasicTypeReference@62f73b0c
07:29:21.538 [main] DEBUG org.hibernate.type.BasicTypeRegistry -- Adding type registration imm_time -> org.hibernate.type.BasicTypeReference@7dd2a5f7
07:29:21.538 [main] DEBUG org.hibernate.type.BasicTypeRegistry -- Adding type registration imm_timestamp -> org.hibernate.type.BasicTypeReference@1d45c4b7
07:29:21.538 [main] DEBUG org.hibernate.type.BasicTypeRegistry -- Adding type registration imm_calendar -> org.hibernate.type.BasicTypeReference@46146832
07:29:21.538 [main] DEBUG org.hibernate.type.BasicTypeRegistry -- Adding type registration imm_calendar_date -> org.hibernate.type.BasicTypeReference@1d6014a7
07:29:21.538 [main] DEBUG org.hibernate.type.BasicTypeRegistry -- Adding type registration imm_calendar_time -> org.hibernate.type.BasicTypeReference@7575f7e1
07:29:21.538 [main] DEBUG org.hibernate.type.BasicTypeRegistry -- Adding type registration imm_binary -> org.hibernate.type.BasicTypeReference@4626f584
07:29:21.538 [main] DEBUG org.hibernate.type.BasicTypeRegistry -- Adding type registration imm_serializable -> org.hibernate.type.BasicTypeReference@2396408a
07:29:21.539 [main] DEBUG org.hibernate.engine.jdbc.env.internal.JdbcEnvironmentInitiator -- Database ->
       name : H2
    version : 2.2.224 (2023-09-17)
      major : 2
      minor : 2
07:29:21.539 [main] DEBUG org.hibernate.engine.jdbc.env.internal.JdbcEnvironmentInitiator -- Driver ->
       name : H2 JDBC Driver
    version : 2.2.224 (2023-09-17)
      major : 2
      minor : 2
07:29:21.539 [main] DEBUG org.hibernate.engine.jdbc.env.internal.JdbcEnvironmentInitiator -- JDBC version : 4.2
07:29:21.543 [main] DEBUG org.hibernate.orm.dialect -- HHH035001: Using dialect: org.hibernate.dialect.H2Dialect, version: 2.2.224
07:29:21.543 [main] DEBUG org.hibernate.engine.jdbc.env.spi.IdentifierHelperBuilder -- JDBC driver metadata reported database stores quoted identifiers in neither upper, lower nor mixed case
07:29:21.543 [main] DEBUG org.hibernate.type.descriptor.jdbc.spi.JdbcTypeRegistry -- addDescriptor(NCharTypeDescriptor) replaced previous registration(CharTypeDescriptor)
07:29:21.543 [main] DEBUG org.hibernate.type.descriptor.jdbc.spi.JdbcTypeRegistry -- addDescriptor(NVarcharTypeDescriptor) replaced previous registration(VarcharTypeDescriptor)
07:29:21.543 [main] DEBUG org.hibernate.type.descriptor.jdbc.spi.JdbcTypeRegistry -- addDescriptor(LongNVarcharTypeDescriptor) replaced previous registration(LongVarcharTypeDescriptor)
07:29:21.543 [main] DEBUG org.hibernate.type.descriptor.jdbc.spi.JdbcTypeRegistry -- addDescriptor(NClobTypeDescriptor(DEFAULT)) replaced previous registration(ClobTypeDescriptor(DEFAULT))
07:29:21.546 [main] DEBUG org.hibernate.type.descriptor.jdbc.spi.JdbcTypeRegistry -- addDescriptor(2005, ClobTypeDescriptor(STREAM_BINDING)) replaced previous registration(ClobTypeDescriptor(DEFAULT))
07:29:21.546 [main] DEBUG org.hibernate.type.descriptor.jdbc.spi.JdbcTypeRegistry -- addDescriptor(TimestampUtcDescriptor) replaced previous registration(TimestampUtcDescriptor)
07:29:21.546 [main] DEBUG org.hibernate.type.BasicTypeRegistry -- Adding type registration org.hibernate.type.DurationType -> basicType@43(java.time.Duration,3015)
07:29:21.546 [main] DEBUG org.hibernate.type.BasicTypeRegistry -- Adding type registration Duration -> basicType@43(java.time.Duration,3015)
07:29:21.546 [main] DEBUG org.hibernate.type.BasicTypeRegistry -- Adding type registration java.time.Duration -> basicType@43(java.time.Duration,3015)
07:29:21.546 [main] DEBUG org.hibernate.type.spi.TypeConfiguration$Scope -- Scoping TypeConfiguration [org.hibernate.type.spi.TypeConfiguration@3e4ead73] to MetadataBuildingContext [org.hibernate.boot.internal.MetadataBuildingContextRootImpl@64de9fa4]
07:29:21.546 [main] DEBUG org.hibernate.boot.model.relational.Namespace -- Created database namespace [logicalName=Name{catalog=null, schema=null}, physicalName=Name{catalog=null, schema=null}]
07:29:21.547 [main] DEBUG org.hibernate.boot.model.internal.EntityBinder -- Binding entity from annotated class: com.example.shopservice.entity.Product
07:29:21.547 [main] DEBUG org.hibernate.boot.model.internal.EntityBinder -- Import with entity name Product
07:29:21.547 [main] DEBUG org.hibernate.boot.model.internal.EntityBinder -- Bind entity com.example.shopservice.entity.Product on table products
07:29:21.547 [main] DEBUG org.hibernate.boot.model.internal.AnnotatedColumn -- Binding column: AnnotatedDiscriminatorColumn(column='DTYPE')
07:29:21.548 [main] DEBUG org.hibernate.boot.model.internal.AnnotatedColumn -- Binding column: AnnotatedColumn()
07:29:21.548 [main] DEBUG org.hibernate.boot.internal.ClassLoaderAccessImpl -- Not known whether passed class name [com.example.shopservice.entity.Product] is safe
07:29:21.548 [main] DEBUG org.hibernate.boot.internal.ClassLoaderAccessImpl -- No temp ClassLoader provided; using live ClassLoader for loading potentially unsafe class : com.example.shopservice.entity.Product
07:29:21.550 [main] DEBUG org.hibernate.boot.model.internal.PropertyBinder -- MetadataSourceProcessor property id with lazy=false
07:29:21.550 [main] DEBUG org.hibernate.boot.model.internal.AbstractPropertyHolder -- Attempting to locate auto-apply AttributeConverter for property [com.example.shopservice.entity.Product:id]
07:29:21.550 [main] DEBUG org.hibernate.boot.model.internal.BasicValueBinder -- building BasicValue for id
07:29:21.550 [main] DEBUG org.hibernate.mapping.BasicValue -- Skipping column re-registration: products.id
07:29:21.550 [main] DEBUG org.hibernate.boot.model.internal.PropertyBinder -- Building property id
07:29:21.550 [main] DEBUG org.hibernate.boot.model.internal.BinderHelper -- #makeIdGenerator(BasicValue([Column(id)]), id, identity, , ...)
07:29:21.550 [main] DEBUG org.hibernate.boot.model.internal.AnnotatedColumn -- Binding column: AnnotatedColumn()
07:29:21.550 [main] DEBUG org.hibernate.boot.model.internal.PropertyBinder -- MetadataSourceProcessor property name with lazy=false
07:29:21.550 [main] DEBUG org.hibernate.boot.model.internal.AbstractPropertyHolder -- Attempting to locate auto-apply AttributeConverter for property [com.example.shopservice.entity.Product:name]
07:29:21.550 [main] DEBUG org.hibernate.boot.model.internal.BasicValueBinder -- building BasicValue for name
07:29:21.550 [main] DEBUG org.hibernate.mapping.BasicValue -- Skipping column re-registration: products.name
07:29:21.550 [main] DEBUG org.hibernate.boot.model.internal.PropertyBinder -- Building property name
07:29:21.551 [main] DEBUG org.hibernate.boot.model.internal.AnnotatedColumn -- Binding column: AnnotatedColumn()
07:29:21.551 [main] DEBUG org.hibernate.boot.model.internal.PropertyBinder -- MetadataSourceProcessor property price with lazy=false
07:29:21.551 [main] DEBUG org.hibernate.boot.model.internal.AbstractPropertyHolder -- Attempting to locate auto-apply AttributeConverter for property [com.example.shopservice.entity.Product:price]
07:29:21.551 [main] DEBUG org.hibernate.boot.model.internal.BasicValueBinder -- building BasicValue for price
07:29:21.551 [main] DEBUG org.hibernate.mapping.BasicValue -- Skipping column re-registration: products.price
07:29:21.551 [main] DEBUG org.hibernate.boot.model.internal.PropertyBinder -- Building property price
07:29:21.551 [main] DEBUG org.hibernate.boot.registry.classloading.internal.ClassLoaderServiceImpl -- HHH000194: Package not found or wo package-info.java: com.example.shopservice.entity
07:29:21.551 [main] DEBUG org.hibernate.boot.model.internal.EntityBinder -- Binding entity from annotated class: com.example.shopservice.entity.Order
07:29:21.552 [main] DEBUG org.hibernate.boot.model.internal.EntityBinder -- Import with entity name Order
07:29:21.552 [main] DEBUG org.hibernate.boot.model.internal.EntityBinder -- Bind entity com.example.shopservice.entity.Order on table orders
07:29:21.552 [main] DEBUG org.hibernate.boot.model.internal.AnnotatedColumn -- Binding column: AnnotatedDiscriminatorColumn(column='DTYPE')
07:29:21.552 [main] DEBUG org.hibernate.boot.model.internal.AnnotatedColumn -- Binding column: AnnotatedColumn()
07:29:21.552 [main] DEBUG org.hibernate.boot.internal.ClassLoaderAccessImpl -- Not known whether passed class name [com.example.shopservice.entity.Order] is safe
07:29:21.552 [main] DEBUG org.hibernate.boot.internal.ClassLoaderAccessImpl -- No temp ClassLoader provided; using live ClassLoader for loading potentially unsafe class : com.example.shopservice.entity.Order
07:29:21.553 [main] DEBUG org.hibernate.boot.model.internal.PropertyBinder -- MetadataSourceProcessor property id with lazy=false
07:29:21.553 [main] DEBUG org.hibernate.boot.model.internal.AbstractPropertyHolder -- Attempting to locate auto-apply AttributeConverter for property [com.example.shopservice.entity.Order:id]
07:29:21.556 [main] DEBUG org.hibernate.boot.model.internal.BasicValueBinder -- building BasicValue for id
07:29:21.556 [main] DEBUG org.hibernate.mapping.BasicValue -- Skipping column re-registration: orders.id
07:29:21.556 [main] DEBUG org.hibernate.boot.model.internal.PropertyBinder -- Building property id
07:29:21.556 [main] DEBUG org.hibernate.boot.model.internal.BinderHelper -- #makeIdGenerator(BasicValue([Column(id)]), id, identity, , ...)
07:29:21.556 [main] DEBUG org.hibernate.boot.model.internal.AnnotatedColumn -- Binding column: AnnotatedColumn()
07:29:21.556 [main] DEBUG org.hibernate.boot.model.internal.PropertyBinder -- MetadataSourceProcessor property orderDate with lazy=false
07:29:21.556 [main] DEBUG org.hibernate.boot.model.internal.AbstractPropertyHolder -- Attempting to locate auto-apply AttributeConverter for property [com.example.shopservice.entity.Order:orderDate]
07:29:21.557 [main] DEBUG org.hibernate.boot.model.internal.BasicValueBinder -- building BasicValue for orderDate
07:29:21.557 [main] DEBUG org.hibernate.mapping.BasicValue -- Skipping column re-registration: orders.order_date
07:29:21.557 [main] DEBUG org.hibernate.boot.model.internal.PropertyBinder -- Building property orderDate
07:29:21.557 [main] DEBUG org.hibernate.boot.model.internal.AnnotatedColumn -- Binding column: AnnotatedJoinColumn()
07:29:21.557 [main] DEBUG org.hibernate.boot.model.internal.AnnotatedColumn -- Binding column: AnnotatedColumn()
07:29:21.557 [main] DEBUG org.hibernate.boot.model.internal.AnnotatedColumn -- Binding column: IndexColumn(column='orderItems_ORDER')
07:29:21.557 [main] DEBUG org.hibernate.boot.model.internal.AnnotatedColumn -- Binding column: AnnotatedColumn()
07:29:21.559 [main] DEBUG org.hibernate.boot.model.internal.AnnotatedColumn -- Binding column: AnnotatedColumn(column='orderItems_KEY')
07:29:21.559 [main] DEBUG org.hibernate.boot.model.internal.AnnotatedColumn -- Binding column: AnnotatedJoinColumn(column='orderItems_KEY')
07:29:21.559 [main] DEBUG org.hibernate.boot.model.internal.AnnotatedColumn -- Binding column: AnnotatedJoinColumn()
07:29:21.559 [main] DEBUG org.hibernate.boot.model.internal.AnnotatedColumn -- Binding column: AnnotatedJoinColumn()
07:29:21.559 [main] DEBUG org.hibernate.boot.model.internal.CollectionBinder -- Collection role: com.example.shopservice.entity.Order.orderItems
07:29:21.559 [main] DEBUG org.hibernate.boot.model.internal.PropertyBinder -- Building property orderItems
07:29:21.559 [main] DEBUG org.hibernate.boot.model.internal.AnnotatedColumn -- Binding column: AnnotatedJoinColumn(column='user_id')
07:29:21.560 [main] DEBUG org.hibernate.boot.model.internal.AnnotatedColumn -- Binding column: AnnotatedColumn()
07:29:21.560 [main] DEBUG org.hibernate.boot.model.internal.PropertyBinder -- Building property user
07:29:21.560 [main] DEBUG org.hibernate.boot.registry.classloading.internal.ClassLoaderServiceImpl -- HHH000194: Package not found or wo package-info.java: com.example.shopservice.entity
07:29:21.561 [main] DEBUG org.hibernate.boot.model.internal.EntityBinder -- Binding entity from annotated class: com.example.shopservice.entity.OrderItem
07:29:21.562 [main] DEBUG org.hibernate.boot.model.internal.EntityBinder -- Import with entity name OrderItem
07:29:21.562 [main] DEBUG org.hibernate.boot.model.internal.EntityBinder -- Bind entity com.example.shopservice.entity.OrderItem on table order_items
07:29:21.562 [main] DEBUG org.hibernate.boot.model.internal.AnnotatedColumn -- Binding column: AnnotatedDiscriminatorColumn(column='DTYPE')
07:29:21.565 [main] DEBUG org.hibernate.boot.model.internal.AnnotatedColumn -- Binding column: AnnotatedColumn()
07:29:21.565 [main] DEBUG org.hibernate.boot.internal.ClassLoaderAccessImpl -- Not known whether passed class name [com.example.shopservice.entity.OrderItem] is safe
07:29:21.565 [main] DEBUG org.hibernate.boot.internal.ClassLoaderAccessImpl -- No temp ClassLoader provided; using live ClassLoader for loading potentially unsafe class : com.example.shopservice.entity.OrderItem
07:29:21.565 [main] DEBUG org.hibernate.boot.model.internal.PropertyBinder -- MetadataSourceProcessor property id with lazy=false
07:29:21.565 [main] DEBUG org.hibernate.boot.model.internal.AbstractPropertyHolder -- Attempting to locate auto-apply AttributeConverter for property [com.example.shopservice.entity.OrderItem:id]
07:29:21.565 [main] DEBUG org.hibernate.boot.model.internal.BasicValueBinder -- building BasicValue for id
07:29:21.565 [main] DEBUG org.hibernate.mapping.BasicValue -- Skipping column re-registration: order_items.id
07:29:21.565 [main] DEBUG org.hibernate.boot.model.internal.PropertyBinder -- Building property id
07:29:21.565 [main] DEBUG org.hibernate.boot.model.internal.BinderHelper -- #makeIdGenerator(BasicValue([Column(id)]), id, identity, , ...)
07:29:21.565 [main] DEBUG org.hibernate.boot.model.internal.AnnotatedColumn -- Binding column: AnnotatedJoinColumn(column='order_id')
07:29:21.565 [main] DEBUG org.hibernate.boot.model.internal.AnnotatedColumn -- Binding column: AnnotatedColumn()
07:29:21.566 [main] DEBUG org.hibernate.boot.model.internal.PropertyBinder -- Building property order
07:29:21.566 [main] DEBUG org.hibernate.boot.model.internal.AnnotatedColumn -- Binding column: AnnotatedJoinColumn(column='product_id')
07:29:21.566 [main] DEBUG org.hibernate.boot.model.internal.AnnotatedColumn -- Binding column: AnnotatedColumn()
07:29:21.566 [main] DEBUG org.hibernate.boot.model.internal.PropertyBinder -- Building property product
07:29:21.566 [main] DEBUG org.hibernate.boot.model.internal.AnnotatedColumn -- Binding column: AnnotatedColumn()
07:29:21.566 [main] DEBUG org.hibernate.boot.model.internal.PropertyBinder -- MetadataSourceProcessor property quantity with lazy=false
07:29:21.566 [main] DEBUG org.hibernate.boot.model.internal.AbstractPropertyHolder -- Attempting to locate auto-apply AttributeConverter for property [com.example.shopservice.entity.OrderItem:quantity]
07:29:21.566 [main] DEBUG org.hibernate.boot.model.internal.BasicValueBinder -- building BasicValue for quantity
07:29:21.566 [main] DEBUG org.hibernate.mapping.BasicValue -- Skipping column re-registration: order_items.quantity
07:29:21.566 [main] DEBUG org.hibernate.boot.model.internal.PropertyBinder -- Building property quantity
07:29:21.566 [main] DEBUG org.hibernate.boot.registry.classloading.internal.ClassLoaderServiceImpl -- HHH000194: Package not found or wo package-info.java: com.example.shopservice.entity
07:29:21.570 [main] DEBUG org.hibernate.boot.model.internal.EntityBinder -- Binding entity from annotated class: com.example.shopservice.entity.User
07:29:21.570 [main] DEBUG org.hibernate.boot.model.internal.EntityBinder -- Import with entity name User
07:29:21.570 [main] DEBUG org.hibernate.boot.model.internal.EntityBinder -- Bind entity com.example.shopservice.entity.User on table users
07:29:21.570 [main] DEBUG org.hibernate.boot.model.internal.AnnotatedColumn -- Binding column: AnnotatedDiscriminatorColumn(column='DTYPE')
07:29:21.571 [main] DEBUG org.hibernate.boot.model.internal.AnnotatedColumn -- Binding column: AnnotatedColumn()
07:29:21.571 [main] DEBUG org.hibernate.boot.internal.ClassLoaderAccessImpl -- Not known whether passed class name [com.example.shopservice.entity.User] is safe
07:29:21.571 [main] DEBUG org.hibernate.boot.internal.ClassLoaderAccessImpl -- No temp ClassLoader provided; using live ClassLoader for loading potentially unsafe class : com.example.shopservice.entity.User
07:29:21.571 [main] DEBUG org.hibernate.boot.model.internal.PropertyBinder -- MetadataSourceProcessor property id with lazy=false
07:29:21.571 [main] DEBUG org.hibernate.boot.model.internal.AbstractPropertyHolder -- Attempting to locate auto-apply AttributeConverter for property [com.example.shopservice.entity.User:id]
07:29:21.571 [main] DEBUG org.hibernate.boot.model.internal.BasicValueBinder -- building BasicValue for id
07:29:21.571 [main] DEBUG org.hibernate.mapping.BasicValue -- Skipping column re-registration: users.id
07:29:21.571 [main] DEBUG org.hibernate.boot.model.internal.PropertyBinder -- Building property id
07:29:21.571 [main] DEBUG org.hibernate.boot.model.internal.BinderHelper -- #makeIdGenerator(BasicValue([Column(id)]), id, identity, , ...)
07:29:21.571 [main] DEBUG org.hibernate.boot.model.internal.AnnotatedColumn -- Binding column: AnnotatedColumn()
07:29:21.571 [main] DEBUG org.hibernate.boot.model.internal.PropertyBinder -- MetadataSourceProcessor property email with lazy=false
07:29:21.571 [main] DEBUG org.hibernate.boot.model.internal.AbstractPropertyHolder -- Attempting to locate auto-apply AttributeConverter for property [com.example.shopservice.entity.User:email]
07:29:21.571 [main] DEBUG org.hibernate.boot.model.internal.BasicValueBinder -- building BasicValue for email
07:29:21.571 [main] DEBUG org.hibernate.mapping.BasicValue -- Skipping column re-registration: users.email
07:29:21.571 [main] DEBUG org.hibernate.boot.model.internal.PropertyBinder -- Building property email
07:29:21.571 [main] DEBUG org.hibernate.boot.model.internal.AnnotatedColumn -- Binding column: AnnotatedColumn()
07:29:21.571 [main] DEBUG org.hibernate.boot.model.internal.PropertyBinder -- MetadataSourceProcessor property username with lazy=false
07:29:21.571 [main] DEBUG org.hibernate.boot.model.internal.AbstractPropertyHolder -- Attempting to locate auto-apply AttributeConverter for property [com.example.shopservice.entity.User:username]
07:29:21.571 [main] DEBUG org.hibernate.boot.model.internal.BasicValueBinder -- building BasicValue for username
07:29:21.571 [main] DEBUG org.hibernate.mapping.BasicValue -- Skipping column re-registration: users.username
07:29:21.571 [main] DEBUG org.hibernate.boot.model.internal.PropertyBinder -- Building property username
07:29:21.572 [main] DEBUG org.hibernate.boot.registry.classloading.internal.ClassLoaderServiceImpl -- HHH000194: Package not found or wo package-info.java: com.example.shopservice.entity
07:29:21.575 [main] DEBUG org.hibernate.boot.model.internal.EntityBinder -- Binding entity from annotated class: com.example.shopservice.entity.Review
07:29:21.575 [main] DEBUG org.hibernate.boot.model.internal.EntityBinder -- Import with entity name Review
07:29:21.575 [main] DEBUG org.hibernate.boot.model.internal.EntityBinder -- Bind entity com.example.shopservice.entity.Review on table reviews
07:29:21.575 [main] DEBUG org.hibernate.boot.model.internal.AnnotatedColumn -- Binding column: AnnotatedDiscriminatorColumn(column='DTYPE')
07:29:21.576 [main] DEBUG org.hibernate.boot.model.internal.AnnotatedColumn -- Binding column: AnnotatedColumn()
07:29:21.576 [main] DEBUG org.hibernate.boot.internal.ClassLoaderAccessImpl -- Not known whether passed class name [com.example.shopservice.entity.Review] is safe
07:29:21.576 [main] DEBUG org.hibernate.boot.internal.ClassLoaderAccessImpl -- No temp ClassLoader provided; using live ClassLoader for loading potentially unsafe class : com.example.shopservice.entity.Review
07:29:21.576 [main] DEBUG org.hibernate.boot.model.internal.PropertyBinder -- MetadataSourceProcessor property id with lazy=false
07:29:21.576 [main] DEBUG org.hibernate.boot.model.internal.AbstractPropertyHolder -- Attempting to locate auto-apply AttributeConverter for property [com.example.shopservice.entity.Review:id]
07:29:21.576 [main] DEBUG org.hibernate.boot.model.internal.BasicValueBinder -- building BasicValue for id
07:29:21.577 [main] DEBUG org.hibernate.mapping.BasicValue -- Skipping column re-registration: reviews.id
07:29:21.577 [main] DEBUG org.hibernate.boot.model.internal.PropertyBinder -- Building property id
07:29:21.577 [main] DEBUG org.hibernate.boot.model.internal.BinderHelper -- #makeIdGenerator(BasicValue([Column(id)]), id, identity, , ...)
07:29:21.577 [main] DEBUG org.hibernate.boot.model.internal.AnnotatedColumn -- Binding column: AnnotatedColumn()
07:29:21.577 [main] DEBUG org.hibernate.boot.model.internal.PropertyBinder -- MetadataSourceProcessor property comment with lazy=false
07:29:21.577 [main] DEBUG org.hibernate.boot.model.internal.AbstractPropertyHolder -- Attempting to locate auto-apply AttributeConverter for property [com.example.shopservice.entity.Review:comment]
07:29:21.577 [main] DEBUG org.hibernate.boot.model.internal.BasicValueBinder -- building BasicValue for comment
07:29:21.577 [main] DEBUG org.hibernate.mapping.BasicValue -- Skipping column re-registration: reviews.comment
07:29:21.577 [main] DEBUG org.hibernate.boot.model.internal.PropertyBinder -- Building property comment
07:29:21.577 [main] DEBUG org.hibernate.boot.model.internal.AnnotatedColumn -- Binding column: AnnotatedJoinColumn(column='product_id')
07:29:21.577 [main] DEBUG org.hibernate.boot.model.internal.AnnotatedColumn -- Binding column: AnnotatedColumn()
07:29:21.577 [main] DEBUG org.hibernate.boot.model.internal.PropertyBinder -- Building property product
07:29:21.577 [main] DEBUG org.hibernate.boot.model.internal.AnnotatedColumn -- Binding column: AnnotatedColumn()
07:29:21.577 [main] DEBUG org.hibernate.boot.model.internal.PropertyBinder -- MetadataSourceProcessor property rating with lazy=false
07:29:21.577 [main] DEBUG org.hibernate.boot.model.internal.AbstractPropertyHolder -- Attempting to locate auto-apply AttributeConverter for property [com.example.shopservice.entity.Review:rating]
07:29:21.577 [main] DEBUG org.hibernate.boot.model.internal.BasicValueBinder -- building BasicValue for rating
07:29:21.577 [main] DEBUG org.hibernate.mapping.BasicValue -- Skipping column re-registration: reviews.rating
07:29:21.577 [main] DEBUG org.hibernate.boot.model.internal.PropertyBinder -- Building property rating
07:29:21.578 [main] DEBUG org.hibernate.boot.model.internal.AnnotatedColumn -- Binding column: AnnotatedJoinColumn(column='user_id')
07:29:21.578 [main] DEBUG org.hibernate.boot.model.internal.AnnotatedColumn -- Binding column: AnnotatedColumn()
07:29:21.578 [main] DEBUG org.hibernate.boot.model.internal.PropertyBinder -- Building property user
07:29:21.578 [main] DEBUG org.hibernate.boot.registry.classloading.internal.ClassLoaderServiceImpl -- HHH000194: Package not found or wo package-info.java: com.example.shopservice.entity
07:29:21.582 [main] DEBUG org.hibernate.boot.model.internal.BasicValueBinder -- Starting `BasicValueBinder#fillSimpleValue` for id
07:29:21.582 [main] DEBUG org.hibernate.boot.model.internal.BasicValueBinder -- Starting `BasicValueBinder#fillSimpleValue` for name
07:29:21.582 [main] DEBUG org.hibernate.boot.model.internal.BasicValueBinder -- Starting `BasicValueBinder#fillSimpleValue` for price
07:29:21.582 [main] DEBUG org.hibernate.boot.model.internal.BasicValueBinder -- Starting `BasicValueBinder#fillSimpleValue` for id
07:29:21.582 [main] DEBUG org.hibernate.boot.model.internal.BasicValueBinder -- Starting `BasicValueBinder#fillSimpleValue` for orderDate
07:29:21.582 [main] DEBUG org.hibernate.boot.model.internal.BasicValueBinder -- Starting `BasicValueBinder#fillSimpleValue` for id
07:29:21.582 [main] DEBUG org.hibernate.boot.model.internal.BasicValueBinder -- Starting `BasicValueBinder#fillSimpleValue` for quantity
07:29:21.582 [main] DEBUG org.hibernate.boot.model.internal.BasicValueBinder -- Starting `BasicValueBinder#fillSimpleValue` for id
07:29:21.582 [main] DEBUG org.hibernate.boot.model.internal.BasicValueBinder -- Starting `BasicValueBinder#fillSimpleValue` for email
07:29:21.582 [main] DEBUG org.hibernate.boot.model.internal.BasicValueBinder -- Starting `BasicValueBinder#fillSimpleValue` for username
07:29:21.582 [main] DEBUG org.hibernate.boot.model.internal.BasicValueBinder -- Starting `BasicValueBinder#fillSimpleValue` for id
07:29:21.582 [main] DEBUG org.hibernate.boot.model.internal.BasicValueBinder -- Starting `BasicValueBinder#fillSimpleValue` for comment
07:29:21.582 [main] DEBUG org.hibernate.boot.model.internal.BasicValueBinder -- Starting `BasicValueBinder#fillSimpleValue` for rating
07:29:21.583 [main] DEBUG org.hibernate.mapping.PrimaryKey -- Forcing column [id] to be non-null as it is part of the primary key for table [products]
07:29:21.583 [main] DEBUG org.hibernate.mapping.PrimaryKey -- Forcing column [id] to be non-null as it is part of the primary key for table [orders]
07:29:21.583 [main] DEBUG org.hibernate.mapping.PrimaryKey -- Forcing column [id] to be non-null as it is part of the primary key for table [order_items]
07:29:21.583 [main] DEBUG org.hibernate.mapping.PrimaryKey -- Forcing column [id] to be non-null as it is part of the primary key for table [users]
07:29:21.583 [main] DEBUG org.hibernate.mapping.PrimaryKey -- Forcing column [id] to be non-null as it is part of the primary key for table [reviews]
07:29:21.583 [main] DEBUG org.hibernate.boot.model.internal.CollectionSecondPass -- Second pass for collection: com.example.shopservice.entity.Order.orderItems
07:29:21.583 [main] DEBUG org.hibernate.boot.model.internal.CollectionBinder -- Binding a OneToMany: com.example.shopservice.entity.Order.orderItems through a foreign key
07:29:21.583 [main] DEBUG org.hibernate.boot.model.internal.CollectionBinder -- Mapping collection: com.example.shopservice.entity.Order.orderItems -> order_items
07:29:21.583 [main] DEBUG org.hibernate.boot.model.internal.TableBinder -- Retrieving property com.example.shopservice.entity.OrderItem.order
07:29:21.584 [main] DEBUG org.hibernate.boot.model.internal.CollectionSecondPass -- Mapped collection key: order_id, one-to-many: com.example.shopservice.entity.OrderItem
07:29:21.587 [main] DEBUG org.hibernate.boot.internal.InFlightMetadataCollectorImpl -- Resolving reference to class: com.example.shopservice.entity.Order
07:29:21.587 [main] DEBUG org.hibernate.boot.internal.InFlightMetadataCollectorImpl -- Resolving reference to class: com.example.shopservice.entity.Product
07:29:21.587 [main] DEBUG org.hibernate.boot.internal.InFlightMetadataCollectorImpl -- Resolving reference to class: com.example.shopservice.entity.User
07:29:21.587 [main] DEBUG org.hibernate.boot.internal.InFlightMetadataCollectorImpl -- Resolving reference to class: com.example.shopservice.entity.Product
07:29:21.587 [main] DEBUG org.hibernate.boot.internal.InFlightMetadataCollectorImpl -- Resolving reference to class: com.example.shopservice.entity.User
07:29:21.590 [main] DEBUG org.hibernate.boot.internal.InFlightMetadataCollectorImpl -- Resolving reference to class: com.example.shopservice.entity.Order
07:29:21.590 [main] DEBUG org.hibernate.boot.internal.InFlightMetadataCollectorImpl -- Resolving reference to class: com.example.shopservice.entity.Product
07:29:21.592 [main] DEBUG org.hibernate.boot.internal.InFlightMetadataCollectorImpl -- Resolving reference to class: com.example.shopservice.entity.User
07:29:21.592 [main] DEBUG org.hibernate.boot.internal.InFlightMetadataCollectorImpl -- Resolving reference to class: com.example.shopservice.entity.Product
07:29:21.592 [main] DEBUG org.hibernate.boot.internal.InFlightMetadataCollectorImpl -- Resolving reference to class: com.example.shopservice.entity.User
07:29:21.592 [main] DEBUG io.micronaut.context.lifecycle -- Created bean [org.hibernate.boot.internal.MetadataImpl@5274acd1] from definition [Definition: io.micronaut.configuration.hibernate.jpa.conf.SessionFactoryPerDataSourceFactory] with qualifier [@Named('default')]
07:29:21.598 [main] DEBUG io.micronaut.context.lifecycle -- Created bean [org.hibernate.boot.internal.SessionFactoryBuilderImpl@164db8f0] from definition [Definition: io.micronaut.configuration.hibernate.jpa.conf.SessionFactoryPerDataSourceFactory] with qualifier [@Named('default')]
07:29:21.598 [main] DEBUG org.hibernate.internal.SessionFactoryImpl -- Building session factory
07:29:21.600 [main] DEBUG org.hibernate.service.internal.SessionFactoryServiceRegistryImpl -- EventListenerRegistry access via ServiceRegistry is deprecated.  Use `sessionFactory.getEventEngine().getListenerRegistry()` instead
07:29:21.600 [main] DEBUG org.hibernate.internal.SessionFactoryImpl -- Instantiating SessionFactory with settings: {java.specification.version=17, hibernate.resource.beans.container=io.micronaut.configuration.hibernate.jpa.conf.settings.internal.MicronautContainerSettingsSupplier$1@21f0cc97, sun.jnu.encoding=UTF-8, java.class.path=/home/runner/work/ojp-framework-integration/ojp-framework-integration/micronaut/shopservice/target/test-classes:/home/runner/work/ojp-framework-integration/ojp-framework-integration/micronaut/shopservice/target/classes:/home/runner/.m2/repository/io/micronaut/micronaut-http-server-netty/4.2.4/micronaut-http-server-netty-4.2.4.jar:/home/runner/.m2/repository/org/slf4j/slf4j-api/2.0.9/slf4j-api-2.0.9.jar:/home/runner/.m2/repository/io/micronaut/micronaut-http-server/4.2.4/micronaut-http-server-4.2.4.jar:/home/runner/.m2/repository/io/micronaut/micronaut-http/4.2.4/micronaut-http-4.2.4.jar:/home/runner/.m2/repository/io/micronaut/micronaut-context-propagation/4.2.4/micronaut-context-propagation-4.2.4.jar:/home/runner/.m2/repository/io/micronaut/micronaut-router/4.2.4/micronaut-router-4.2.4.jar:/home/runner/.m2/repository/io/micronaut/micronaut-core/4.2.4/micronaut-core-4.2.4.jar:/home/runner/.m2/repository/io/micronaut/micronaut-http-netty/4.2.4/micronaut-http-netty-4.2.4.jar:/home/runner/.m2/repository/io/micronaut/micronaut-buffer-netty/4.2.4/micronaut-buffer-netty-4.2.4.jar:/home/runner/.m2/repository/io/netty/netty-codec-http2/4.1.106.Final/netty-codec-http2-4.1.106.Final.jar:/home/runner/.m2/repository/io/netty/netty-handler/4.1.106.Final/netty-handler-4.1.106.Final.jar:/home/runner/.m2/repository/io/netty/netty-resolver/4.1.106.Final/netty-resolver-4.1.106.Final.jar:/home/runner/.m2/repository/io/netty/netty-transport-native-unix-common/4.1.106.Final/netty-transport-native-unix-common-4.1.106.Final.jar:/home/runner/.m2/repository/io/netty/netty-codec-http/4.1.106.Final/netty-codec-http-4.1.106.Final.jar:/home/runner/.m2/repository/io/netty/netty-common/4.1.106.Final/netty-common-4.1.106.Final.jar:/home/runner/.m2/repository/io/netty/netty-buffer/4.1.106.Final/netty-buffer-4.1.106.Final.jar:/home/runner/.m2/repository/io/netty/netty-transport/4.1.106.Final/netty-transport-4.1.106.Final.jar:/home/runner/.m2/repository/io/netty/netty-codec/4.1.106.Final/netty-codec-4.1.106.Final.jar:/home/runner/.m2/repository/io/projectreactor/reactor-core/3.5.11/reactor-core-3.5.11.jar:/home/runner/.m2/repository/org/reactivestreams/reactive-streams/1.0.4/reactive-streams-1.0.4.jar:/home/runner/.m2/repository/io/micronaut/micronaut-inject/4.2.4/micronaut-inject-4.2.4.jar:/home/runner/.m2/repository/jakarta/inject/jakarta.inject-api/2.0.1/jakarta.inject-api-2.0.1.jar:/home/runner/.m2/repository/jakarta/annotation/jakarta.annotation-api/2.1.1/jakarta.annotation-api-2.1.1.jar:/home/runner/.m2/repository/io/micronaut/micronaut-http-client/4.2.4/micronaut-http-client-4.2.4.jar:/home/runner/.m2/repository/io/micronaut/micronaut-context/4.2.4/micronaut-context-4.2.4.jar:/home/runner/.m2/repository/io/micronaut/micronaut-http-client-core/4.2.4/micronaut-http-client-core-4.2.4.jar:/home/runner/.m2/repository/io/micronaut/micronaut-json-core/4.2.4/micronaut-json-core-4.2.4.jar:/home/runner/.m2/repository/io/micronaut/micronaut-discovery-core/4.2.4/micronaut-discovery-core-4.2.4.jar:/home/runner/.m2/repository/io/micronaut/micronaut-websocket/4.2.4/micronaut-websocket-4.2.4.jar:/home/runner/.m2/repository/io/netty/netty-handler-proxy/4.1.106.Final/netty-handler-proxy-4.1.106.Final.jar:/home/runner/.m2/repository/io/netty/netty-codec-socks/4.1.106.Final/netty-codec-socks-4.1.106.Final.jar:/home/runner/.m2/repository/io/micronaut/micronaut-jackson-databind/4.2.4/micronaut-jackson-databind-4.2.4.jar:/home/runner/.m2/repository/io/micronaut/micronaut-jackson-core/4.2.4/micronaut-jackson-core-4.2.4.jar:/home/runner/.m2/repository/com/fasterxml/jackson/core/jackson-core/2.15.3/jackson-core-2.15.3.jar:/home/runner/.m2/repository/com/fasterxml/jackson/core/jackson-annotations/2.15.3/jackson-annotations-2.15.3.jar:/home/runner/.m2/repository/com/fasterxml/jackson/core/jackson-databind/2.15.3/jackson-databind-2.15.3.jar:/home/runner/.m2/repository/com/fasterxml/jackson/datatype/jackson-datatype-jdk8/2.15.3/jackson-datatype-jdk8-2.15.3.jar:/home/runner/.m2/repository/com/fasterxml/jackson/datatype/jackson-datatype-jsr310/2.15.3/jackson-datatype-jsr310-2.15.3.jar:/home/runner/.m2/repository/io/micronaut/data/micronaut-data-hibernate-jpa/4.3.0/micronaut-data-hibernate-jpa-4.3.0.jar:/home/runner/.m2/repository/io/micronaut/data/micronaut-data-runtime/4.3.0/micronaut-data-runtime-4.3.0.jar:/home/runner/.m2/repository/io/micronaut/data/micronaut-data-tx/4.3.0/micronaut-data-tx-4.3.0.jar:/home/runner/.m2/repository/io/micronaut/data/micronaut-data-connection/4.3.0/micronaut-data-connection-4.3.0.jar:/home/runner/.m2/repository/io/micronaut/data/micronaut-data-model/4.3.0/micronaut-data-model-4.3.0.jar:/home/runner/.m2/repository/io/micronaut/micronaut-core-reactive/4.2.0/micronaut-core-reactive-4.2.0.jar:/home/runner/.m2/repository/io/micronaut/data/micronaut-data-tx-hibernate/4.3.0/micronaut-data-tx-hibernate-4.3.0.jar:/home/runner/.m2/repository/io/micronaut/data/micronaut-data-tx-jdbc/4.3.0/micronaut-data-tx-jdbc-4.3.0.jar:/home/runner/.m2/repository/io/micronaut/data/micronaut-data-connection-jdbc/4.3.0/micronaut-data-connection-jdbc-4.3.0.jar:/home/runner/.m2/repository/io/micronaut/data/micronaut-data-connection-hibernate/4.3.0/micronaut-data-connection-hibernate-4.3.0.jar:/home/runner/.m2/repository/io/micronaut/data/micronaut-data-jpa/4.3.0/micronaut-data-jpa-4.3.0.jar:/home/runner/.m2/repository/io/micronaut/sql/micronaut-hibernate-jpa/5.3.0/micronaut-hibernate-jpa-5.3.0.jar:/home/runner/.m2/repository/jakarta/transaction/jakarta.transaction-api/2.0.1/jakarta.transaction-api-2.0.1.jar:/home/runner/.m2/repository/io/micronaut/validation/micronaut-validation/4.2.0/micronaut-validation-4.2.0.jar:/home/runner/.m2/repository/jakarta/validation/jakarta.validation-api/3.0.2/jakarta.validation-api-3.0.2.jar:/home/runner/.m2/repository/io/micronaut/reactor/micronaut-reactor/3.1.0/micronaut-reactor-3.1.0.jar:/home/runner/.m2/repository/io/micronaut/micronaut-aop/4.2.0/micronaut-aop-4.2.0.jar:/home/runner/.m2/repository/io/micronaut/sql/micronaut-jdbc/5.3.0/micronaut-jdbc-5.3.0.jar:/home/runner/.m2/repository/io/micronaut/sql/micronaut-jdbc-hikari/5.3.0/micronaut-jdbc-hikari-5.3.0.jar:/home/runner/.m2/repository/com/zaxxer/HikariCP/5.1.0/HikariCP-5.1.0.jar:/home/runner/.m2/repository/com/h2database/h2/2.2.224/h2-2.2.224.jar:/home/runner/.m2/repository/jakarta/persistence/jakarta.persistence-api/3.1.0/jakarta.persistence-api-3.1.0.jar:/home/runner/.m2/repository/org/hibernate/orm/hibernate-core/6.4.8.Final/hibernate-core-6.4.8.Final.jar:/home/runner/.m2/repository/org/jboss/logging/jboss-logging/3.5.0.Final/jboss-logging-3.5.0.Final.jar:/home/runner/.m2/repository/org/hibernate/common/hibernate-commons-annotations/6.0.6.Final/hibernate-commons-annotations-6.0.6.Final.jar:/home/runner/.m2/repository/io/smallrye/jandex/3.1.2/jandex-3.1.2.jar:/home/runner/.m2/repository/com/fasterxml/classmate/1.5.1/classmate-1.5.1.jar:/home/runner/.m2/repository/net/bytebuddy/byte-buddy/1.14.11/byte-buddy-1.14.11.jar:/home/runner/.m2/repository/jakarta/xml/bind/jakarta.xml.bind-api/4.0.0/jakarta.xml.bind-api-4.0.0.jar:/home/runner/.m2/repository/jakarta/activation/jakarta.activation-api/2.1.0/jakarta.activation-api-2.1.0.jar:/home/runner/.m2/repository/org/glassfish/jaxb/jaxb-runtime/4.0.2/jaxb-runtime-4.0.2.jar:/home/runner/.m2/repository/org/glassfish/jaxb/jaxb-core/4.0.2/jaxb-core-4.0.2.jar:/home/runner/.m2/repository/org/eclipse/angus/angus-activation/2.0.0/angus-activation-2.0.0.jar:/home/runner/.m2/repository/org/glassfish/jaxb/txw2/4.0.2/txw2-4.0.2.jar:/home/runner/.m2/repository/com/sun/istack/istack-commons-runtime/4.1.1/istack-commons-runtime-4.1.1.jar:/home/runner/.m2/repository/org/antlr/antlr4-runtime/4.13.0/antlr4-runtime-4.13.0.jar:/home/runner/.m2/repository/io/micronaut/test/micronaut-test-junit5/4.1.0/micronaut-test-junit5-4.1.0.jar:/home/runner/.m2/repository/io/micronaut/test/micronaut-test-core/4.1.0/micronaut-test-core-4.1.0.jar:/home/runner/.m2/repository/org/junit/jupiter/junit-jupiter-api/5.10.1/junit-jupiter-api-5.10.1.jar:/home/runner/.m2/repository/org/opentest4j/opentest4j/1.3.0/opentest4j-1.3.0.jar:/home/runner/.m2/repository/org/junit/platform/junit-platform-commons/1.10.1/junit-platform-commons-1.10.1.jar:/home/runner/.m2/repository/org/apiguardian/apiguardian-api/1.1.2/apiguardian-api-1.1.2.jar:/home/runner/.m2/repository/org/junit/jupiter/junit-jupiter-engine/5.10.1/junit-jupiter-engine-5.10.1.jar:/home/runner/.m2/repository/org/junit/platform/junit-platform-engine/1.10.1/junit-platform-engine-1.10.1.jar:/home/runner/.m2/repository/org/mockito/mockito-core/5.7.0/mockito-core-5.7.0.jar:/home/runner/.m2/repository/net/bytebuddy/byte-buddy-agent/1.14.9/byte-buddy-agent-1.14.9.jar:/home/runner/.m2/repository/org/objenesis/objenesis/3.3/objenesis-3.3.jar:/home/runner/.m2/repository/ch/qos/logback/logback-classic/1.4.14/logback-classic-1.4.14.jar:/home/runner/.m2/repository/ch/qos/logback/logback-core/1.4.14/logback-core-1.4.14.jar:, java.vm.vendor=Eclipse Adoptium, sun.arch.data.model=64, java.vendor.url=https://adoptium.net/, user.timezone=Etc/UTC, hibernate.session_factory_name=default, java.vm.specification.version=17, os.name=Linux, sun.java.launcher=SUN_STANDARD, sun.boot.library.path=/usr/lib/jvm/temurin-17-jdk-amd64/lib, sun.java.command=/home/runner/work/ojp-framework-integration/ojp-framework-integration/micronaut/shopservice/target/surefire/surefirebooter-20250712072916671_3.jar /home/runner/work/ojp-framework-integration/ojp-framework-integration/micronaut/shopservice/target/surefire 2025-07-12T07-29-16_589-jvmRun1 surefire-20250712072916671_1tmp surefire_0-20250712072916671_2tmp, jdk.debug=release, test=ProductControllerIT,UserControllerIT,ReviewControllerIT, surefire.test.class.path=/home/runner/work/ojp-framework-integration/ojp-framework-integration/micronaut/shopservice/target/test-classes:/home/runner/work/ojp-framework-integration/ojp-framework-integration/micronaut/shopservice/target/classes:/home/runner/.m2/repository/io/micronaut/micronaut-http-server-netty/4.2.4/micronaut-http-server-netty-4.2.4.jar:/home/runner/.m2/repository/org/slf4j/slf4j-api/2.0.9/slf4j-api-2.0.9.jar:/home/runner/.m2/repository/io/micronaut/micronaut-http-server/4.2.4/micronaut-http-server-4.2.4.jar:/home/runner/.m2/repository/io/micronaut/micronaut-http/4.2.4/micronaut-http-4.2.4.jar:/home/runner/.m2/repository/io/micronaut/micronaut-context-propagation/4.2.4/micronaut-context-propagation-4.2.4.jar:/home/runner/.m2/repository/io/micronaut/micronaut-router/4.2.4/micronaut-router-4.2.4.jar:/home/runner/.m2/repository/io/micronaut/micronaut-core/4.2.4/micronaut-core-4.2.4.jar:/home/runner/.m2/repository/io/micronaut/micronaut-http-netty/4.2.4/micronaut-http-netty-4.2.4.jar:/home/runner/.m2/repository/io/micronaut/micronaut-buffer-netty/4.2.4/micronaut-buffer-netty-4.2.4.jar:/home/runner/.m2/repository/io/netty/netty-codec-http2/4.1.106.Final/netty-codec-http2-4.1.106.Final.jar:/home/runner/.m2/repository/io/netty/netty-handler/4.1.106.Final/netty-handler-4.1.106.Final.jar:/home/runner/.m2/repository/io/netty/netty-resolver/4.1.106.Final/netty-resolver-4.1.106.Final.jar:/home/runner/.m2/repository/io/netty/netty-transport-native-unix-common/4.1.106.Final/netty-transport-native-unix-common-4.1.106.Final.jar:/home/runner/.m2/repository/io/netty/netty-codec-http/4.1.106.Final/netty-codec-http-4.1.106.Final.jar:/home/runner/.m2/repository/io/netty/netty-common/4.1.106.Final/netty-common-4.1.106.Final.jar:/home/runner/.m2/repository/io/netty/netty-buffer/4.1.106.Final/netty-buffer-4.1.106.Final.jar:/home/runner/.m2/repository/io/netty/netty-transport/4.1.106.Final/netty-transport-4.1.106.Final.jar:/home/runner/.m2/repository/io/netty/netty-codec/4.1.106.Final/netty-codec-4.1.106.Final.jar:/home/runner/.m2/repository/io/projectreactor/reactor-core/3.5.11/reactor-core-3.5.11.jar:/home/runner/.m2/repository/org/reactivestreams/reactive-streams/1.0.4/reactive-streams-1.0.4.jar:/home/runner/.m2/repository/io/micronaut/micronaut-inject/4.2.4/micronaut-inject-4.2.4.jar:/home/runner/.m2/repository/jakarta/inject/jakarta.inject-api/2.0.1/jakarta.inject-api-2.0.1.jar:/home/runner/.m2/repository/jakarta/annotation/jakarta.annotation-api/2.1.1/jakarta.annotation-api-2.1.1.jar:/home/runner/.m2/repository/io/micronaut/micronaut-http-client/4.2.4/micronaut-http-client-4.2.4.jar:/home/runner/.m2/repository/io/micronaut/micronaut-context/4.2.4/micronaut-context-4.2.4.jar:/home/runner/.m2/repository/io/micronaut/micronaut-http-client-core/4.2.4/micronaut-http-client-core-4.2.4.jar:/home/runner/.m2/repository/io/micronaut/micronaut-json-core/4.2.4/micronaut-json-core-4.2.4.jar:/home/runner/.m2/repository/io/micronaut/micronaut-discovery-core/4.2.4/micronaut-discovery-core-4.2.4.jar:/home/runner/.m2/repository/io/micronaut/micronaut-websocket/4.2.4/micronaut-websocket-4.2.4.jar:/home/runner/.m2/repository/io/netty/netty-handler-proxy/4.1.106.Final/netty-handler-proxy-4.1.106.Final.jar:/home/runner/.m2/repository/io/netty/netty-codec-socks/4.1.106.Final/netty-codec-socks-4.1.106.Final.jar:/home/runner/.m2/repository/io/micronaut/micronaut-jackson-databind/4.2.4/micronaut-jackson-databind-4.2.4.jar:/home/runner/.m2/repository/io/micronaut/micronaut-jackson-core/4.2.4/micronaut-jackson-core-4.2.4.jar:/home/runner/.m2/repository/com/fasterxml/jackson/core/jackson-core/2.15.3/jackson-core-2.15.3.jar:/home/runner/.m2/repository/com/fasterxml/jackson/core/jackson-annotations/2.15.3/jackson-annotations-2.15.3.jar:/home/runner/.m2/repository/com/fasterxml/jackson/core/jackson-databind/2.15.3/jackson-databind-2.15.3.jar:/home/runner/.m2/repository/com/fasterxml/jackson/datatype/jackson-datatype-jdk8/2.15.3/jackson-datatype-jdk8-2.15.3.jar:/home/runner/.m2/repository/com/fasterxml/jackson/datatype/jackson-datatype-jsr310/2.15.3/jackson-datatype-jsr310-2.15.3.jar:/home/runner/.m2/repository/io/micronaut/data/micronaut-data-hibernate-jpa/4.3.0/micronaut-data-hibernate-jpa-4.3.0.jar:/home/runner/.m2/repository/io/micronaut/data/micronaut-data-runtime/4.3.0/micronaut-data-runtime-4.3.0.jar:/home/runner/.m2/repository/io/micronaut/data/micronaut-data-tx/4.3.0/micronaut-data-tx-4.3.0.jar:/home/runner/.m2/repository/io/micronaut/data/micronaut-data-connection/4.3.0/micronaut-data-connection-4.3.0.jar:/home/runner/.m2/repository/io/micronaut/data/micronaut-data-model/4.3.0/micronaut-data-model-4.3.0.jar:/home/runner/.m2/repository/io/micronaut/micronaut-core-reactive/4.2.0/micronaut-core-reactive-4.2.0.jar:/home/runner/.m2/repository/io/micronaut/data/micronaut-data-tx-hibernate/4.3.0/micronaut-data-tx-hibernate-4.3.0.jar:/home/runner/.m2/repository/io/micronaut/data/micronaut-data-tx-jdbc/4.3.0/micronaut-data-tx-jdbc-4.3.0.jar:/home/runner/.m2/repository/io/micronaut/data/micronaut-data-connection-jdbc/4.3.0/micronaut-data-connection-jdbc-4.3.0.jar:/home/runner/.m2/repository/io/micronaut/data/micronaut-data-connection-hibernate/4.3.0/micronaut-data-connection-hibernate-4.3.0.jar:/home/runner/.m2/repository/io/micronaut/data/micronaut-data-jpa/4.3.0/micronaut-data-jpa-4.3.0.jar:/home/runner/.m2/repository/io/micronaut/sql/micronaut-hibernate-jpa/5.3.0/micronaut-hibernate-jpa-5.3.0.jar:/home/runner/.m2/repository/jakarta/transaction/jakarta.transaction-api/2.0.1/jakarta.transaction-api-2.0.1.jar:/home/runner/.m2/repository/io/micronaut/validation/micronaut-validation/4.2.0/micronaut-validation-4.2.0.jar:/home/runner/.m2/repository/jakarta/validation/jakarta.validation-api/3.0.2/jakarta.validation-api-3.0.2.jar:/home/runner/.m2/repository/io/micronaut/reactor/micronaut-reactor/3.1.0/micronaut-reactor-3.1.0.jar:/home/runner/.m2/repository/io/micronaut/micronaut-aop/4.2.0/micronaut-aop-4.2.0.jar:/home/runner/.m2/repository/io/micronaut/sql/micronaut-jdbc/5.3.0/micronaut-jdbc-5.3.0.jar:/home/runner/.m2/repository/io/micronaut/sql/micronaut-jdbc-hikari/5.3.0/micronaut-jdbc-hikari-5.3.0.jar:/home/runner/.m2/repository/com/zaxxer/HikariCP/5.1.0/HikariCP-5.1.0.jar:/home/runner/.m2/repository/com/h2database/h2/2.2.224/h2-2.2.224.jar:/home/runner/.m2/repository/jakarta/persistence/jakarta.persistence-api/3.1.0/jakarta.persistence-api-3.1.0.jar:/home/runner/.m2/repository/org/hibernate/orm/hibernate-core/6.4.8.Final/hibernate-core-6.4.8.Final.jar:/home/runner/.m2/repository/org/jboss/logging/jboss-logging/3.5.0.Final/jboss-logging-3.5.0.Final.jar:/home/runner/.m2/repository/org/hibernate/common/hibernate-commons-annotations/6.0.6.Final/hibernate-commons-annotations-6.0.6.Final.jar:/home/runner/.m2/repository/io/smallrye/jandex/3.1.2/jandex-3.1.2.jar:/home/runner/.m2/repository/com/fasterxml/classmate/1.5.1/classmate-1.5.1.jar:/home/runner/.m2/repository/net/bytebuddy/byte-buddy/1.14.11/byte-buddy-1.14.11.jar:/home/runner/.m2/repository/jakarta/xml/bind/jakarta.xml.bind-api/4.0.0/jakarta.xml.bind-api-4.0.0.jar:/home/runner/.m2/repository/jakarta/activation/jakarta.activation-api/2.1.0/jakarta.activation-api-2.1.0.jar:/home/runner/.m2/repository/org/glassfish/jaxb/jaxb-runtime/4.0.2/jaxb-runtime-4.0.2.jar:/home/runner/.m2/repository/org/glassfish/jaxb/jaxb-core/4.0.2/jaxb-core-4.0.2.jar:/home/runner/.m2/repository/org/eclipse/angus/angus-activation/2.0.0/angus-activation-2.0.0.jar:/home/runner/.m2/repository/org/glassfish/jaxb/txw2/4.0.2/txw2-4.0.2.jar:/home/runner/.m2/repository/com/sun/istack/istack-commons-runtime/4.1.1/istack-commons-runtime-4.1.1.jar:/home/runner/.m2/repository/org/antlr/antlr4-runtime/4.13.0/antlr4-runtime-4.13.0.jar:/home/runner/.m2/repository/io/micronaut/test/micronaut-test-junit5/4.1.0/micronaut-test-junit5-4.1.0.jar:/home/runner/.m2/repository/io/micronaut/test/micronaut-test-core/4.1.0/micronaut-test-core-4.1.0.jar:/home/runner/.m2/repository/org/junit/jupiter/junit-jupiter-api/5.10.1/junit-jupiter-api-5.10.1.jar:/home/runner/.m2/repository/org/opentest4j/opentest4j/1.3.0/opentest4j-1.3.0.jar:/home/runner/.m2/repository/org/junit/platform/junit-platform-commons/1.10.1/junit-platform-commons-1.10.1.jar:/home/runner/.m2/repository/org/apiguardian/apiguardian-api/1.1.2/apiguardian-api-1.1.2.jar:/home/runner/.m2/repository/org/junit/jupiter/junit-jupiter-engine/5.10.1/junit-jupiter-engine-5.10.1.jar:/home/runner/.m2/repository/org/junit/platform/junit-platform-engine/1.10.1/junit-platform-engine-1.10.1.jar:/home/runner/.m2/repository/org/mockito/mockito-core/5.7.0/mockito-core-5.7.0.jar:/home/runner/.m2/repository/net/bytebuddy/byte-buddy-agent/1.14.9/byte-buddy-agent-1.14.9.jar:/home/runner/.m2/repository/org/objenesis/objenesis/3.3/objenesis-3.3.jar:/home/runner/.m2/repository/ch/qos/logback/logback-classic/1.4.14/logback-classic-1.4.14.jar:/home/runner/.m2/repository/ch/qos/logback/logback-core/1.4.14/logback-core-1.4.14.jar:, sun.cpu.endian=little, user.home=/home/runner, hibernate.id.db_structure_naming_strategy=legacy, user.language=en, javax.persistence.validation.factory=io.micronaut.validation.validator.DefaultValidatorFactory@3d00e981, java.specification.vendor=Oracle Corporation, java.version.date=2025-04-15, java.home=/usr/lib/jvm/temurin-17-jdk-amd64, file.separator=/, basedir=/home/runner/work/ojp-framework-integration/ojp-framework-integration/micronaut/shopservice, java.vm.compressedOopsMode=Zero based, line.separator=
, java.specification.name=Java Platform API Specification, java.vm.specification.vendor=Oracle Corporation, surefire.real.class.path=/home/runner/work/ojp-framework-integration/ojp-framework-integration/micronaut/shopservice/target/surefire/surefirebooter-20250712072916671_3.jar, hibernate.session_factory_name_is_jndi=false, hibernate.hbm2ddl.auto=create-drop, sun.management.compiler=HotSpot 64-Bit Tiered Compilers, java.runtime.version=17.0.15+6, user.name=runner, path.separator=:, os.version=6.11.0-1018-azure, java.runtime.name=OpenJDK Runtime Environment, file.encoding=UTF-8, java.vm.name=OpenJDK 64-Bit Server VM, hibernate.show_sql=false, java.vendor.version=Temurin-17.0.15+6, hibernate.current_session_context_class=io.micronaut.transaction.hibernate.MicronautSessionContext, localRepository=/home/runner/.m2/repository, micronaut.classloader.logging=true, java.vendor.url.bug=https://github.com/adoptium/adoptium-support/issues, java.io.tmpdir=/tmp, java.version=17.0.15, hibernate.physical_naming_strategy=io.micronaut.data.hibernate.naming.DefaultPhysicalNamingStrategy@118879d2, user.dir=/home/runner/work/ojp-framework-integration/ojp-framework-integration/micronaut/shopservice, os.arch=amd64, java.vm.specification.name=Java Virtual Machine Specification, hibernate.boot.CfgXmlAccessService.key=org.hibernate.boot.cfgxml.spi.LoadedConfig@1f6d3a81, native.encoding=UTF-8, java.library.path=/usr/java/packages/lib:/usr/lib64:/lib64:/lib:/usr/lib, java.vendor=Eclipse Adoptium, java.vm.info=mixed mode, sharing, java.vm.version=17.0.15+6, java.specification.maintenance.version=1, sun.io.unicode.encoding=UnicodeLittle, hibernate.connection.datasource=HikariDataSource (HikariPool-3), java.class.version=61.0}
07:29:21.600 [main] DEBUG org.hibernate.internal.SessionFactoryImpl -- Session factory constructed with filter configurations : {}
07:29:21.600 [main] DEBUG org.hibernate.boot.internal.ClassLoaderAccessImpl -- Not known whether passed class name [com.example.shopservice.entity.Product] is safe
07:29:21.600 [main] DEBUG org.hibernate.boot.internal.ClassLoaderAccessImpl -- No temp ClassLoader provided; using live ClassLoader for loading potentially unsafe class : com.example.shopservice.entity.Product
07:29:21.600 [main] DEBUG io.micronaut.core.beans.DefaultBeanIntrospector -- Found BeanIntrospection for type: class com.example.shopservice.entity.Product,
07:29:21.601 [main] DEBUG org.hibernate.boot.internal.ClassLoaderAccessImpl -- Not known whether passed class name [com.example.shopservice.entity.Order] is safe
07:29:21.601 [main] DEBUG org.hibernate.boot.internal.ClassLoaderAccessImpl -- No temp ClassLoader provided; using live ClassLoader for loading potentially unsafe class : com.example.shopservice.entity.Order
07:29:21.601 [main] DEBUG io.micronaut.core.beans.DefaultBeanIntrospector -- Found BeanIntrospection for type: class com.example.shopservice.entity.Order,
07:29:21.601 [main] DEBUG org.hibernate.boot.internal.ClassLoaderAccessImpl -- Not known whether passed class name [com.example.shopservice.entity.User] is safe
07:29:21.601 [main] DEBUG org.hibernate.boot.internal.ClassLoaderAccessImpl -- No temp ClassLoader provided; using live ClassLoader for loading potentially unsafe class : com.example.shopservice.entity.User
07:29:21.601 [main] DEBUG io.micronaut.core.beans.DefaultBeanIntrospector -- Found BeanIntrospection for type: class com.example.shopservice.entity.User,
07:29:21.601 [main] DEBUG org.hibernate.boot.internal.ClassLoaderAccessImpl -- Not known whether passed class name [com.example.shopservice.entity.OrderItem] is safe
07:29:21.601 [main] DEBUG org.hibernate.boot.internal.ClassLoaderAccessImpl -- No temp ClassLoader provided; using live ClassLoader for loading potentially unsafe class : com.example.shopservice.entity.OrderItem
07:29:21.601 [main] DEBUG io.micronaut.core.beans.DefaultBeanIntrospector -- Found BeanIntrospection for type: class com.example.shopservice.entity.OrderItem,
07:29:21.601 [main] DEBUG org.hibernate.boot.internal.ClassLoaderAccessImpl -- Not known whether passed class name [com.example.shopservice.entity.Review] is safe
07:29:21.601 [main] DEBUG org.hibernate.boot.internal.ClassLoaderAccessImpl -- No temp ClassLoader provided; using live ClassLoader for loading potentially unsafe class : com.example.shopservice.entity.Review
07:29:21.601 [main] DEBUG io.micronaut.core.beans.DefaultBeanIntrospector -- Found BeanIntrospection for type: class com.example.shopservice.entity.Review,
07:29:21.601 [main] DEBUG org.hibernate.service.internal.SessionFactoryServiceRegistryImpl -- EventListenerRegistry access via ServiceRegistry is deprecated.  Use `sessionFactory.getEventEngine().getListenerRegistry()` instead
07:29:21.601 [main] DEBUG org.hibernate.service.internal.SessionFactoryServiceRegistryImpl -- EventListenerRegistry access via ServiceRegistry is deprecated.  Use `sessionFactory.getEventEngine().getListenerRegistry()` instead
07:29:21.601 [main] DEBUG org.hibernate.event.service.internal.EventListenerGroupImpl -- Checking incoming listener [`io.micronaut.data.hibernate.event.EventIntegrator$$Lambda$899/0x00007f5bd0867c58@f2b4303`] for match against existing listener [`org.hibernate.boot.beanvalidation.BeanValidationEventListener@23dda7a3`]
07:29:21.601 [main] DEBUG org.hibernate.event.service.internal.EventListenerGroupImpl -- Checking incoming listener [`io.micronaut.data.hibernate.event.EventIntegrator$$Lambda$899/0x00007f5bd0867c58@f2b4303`] for match against existing listener [`org.hibernate.boot.beanvalidation.BeanValidationEventListener@23dda7a3`]
07:29:21.601 [main] DEBUG org.hibernate.event.service.internal.EventListenerGroupImpl -- Checking incoming listener [`io.micronaut.data.hibernate.event.EventIntegrator$1@2d399e88`] for match against existing listener [`org.hibernate.event.internal.PostInsertEventListenerStandardImpl@18139a43`]
07:29:21.601 [main] DEBUG org.hibernate.event.service.internal.EventListenerGroupImpl -- Checking incoming listener [`io.micronaut.data.hibernate.event.EventIntegrator$1@2d399e88`] for match against existing listener [`org.hibernate.event.internal.PostInsertEventListenerStandardImpl@18139a43`]
07:29:21.601 [main] DEBUG org.hibernate.event.service.internal.EventListenerGroupImpl -- Checking incoming listener [`io.micronaut.data.hibernate.event.EventIntegrator$$Lambda$900/0x00007f5bd08693c0@4df5f119`] for match against existing listener [`org.hibernate.boot.beanvalidation.BeanValidationEventListener@23dda7a3`]
07:29:21.601 [main] DEBUG org.hibernate.event.service.internal.EventListenerGroupImpl -- Checking incoming listener [`io.micronaut.data.hibernate.event.EventIntegrator$$Lambda$900/0x00007f5bd08693c0@4df5f119`] for match against existing listener [`org.hibernate.boot.beanvalidation.BeanValidationEventListener@23dda7a3`]
07:29:21.601 [main] DEBUG org.hibernate.event.service.internal.EventListenerGroupImpl -- Checking incoming listener [`io.micronaut.data.hibernate.event.EventIntegrator$2@3dbb7bb`] for match against existing listener [`org.hibernate.event.internal.PostDeleteEventListenerStandardImpl@6277a496`]
07:29:21.601 [main] DEBUG org.hibernate.event.service.internal.EventListenerGroupImpl -- Checking incoming listener [`io.micronaut.data.hibernate.event.EventIntegrator$2@3dbb7bb`] for match against existing listener [`org.hibernate.event.internal.PostDeleteEventListenerStandardImpl@6277a496`]
07:29:21.601 [main] DEBUG org.hibernate.event.service.internal.EventListenerGroupImpl -- Checking incoming listener [`io.micronaut.data.hibernate.event.EventIntegrator$$Lambda$901/0x00007f5bd0869838@6632eb19`] for match against existing listener [`org.hibernate.boot.beanvalidation.BeanValidationEventListener@23dda7a3`]
07:29:21.601 [main] DEBUG org.hibernate.event.service.internal.EventListenerGroupImpl -- Checking incoming listener [`io.micronaut.data.hibernate.event.EventIntegrator$$Lambda$901/0x00007f5bd0869838@6632eb19`] for match against existing listener [`org.hibernate.boot.beanvalidation.BeanValidationEventListener@23dda7a3`]
07:29:21.601 [main] DEBUG org.hibernate.event.service.internal.EventListenerGroupImpl -- Checking incoming listener [`io.micronaut.data.hibernate.event.EventIntegrator$3@42db3ff`] for match against existing listener [`org.hibernate.event.internal.PostUpdateEventListenerStandardImpl@5a95aaae`]
07:29:21.601 [main] DEBUG org.hibernate.event.service.internal.EventListenerGroupImpl -- Checking incoming listener [`io.micronaut.data.hibernate.event.EventIntegrator$3@42db3ff`] for match against existing listener [`org.hibernate.event.internal.PostUpdateEventListenerStandardImpl@5a95aaae`]
07:29:21.601 [main] DEBUG org.hibernate.event.service.internal.EventListenerGroupImpl -- Checking incoming listener [`io.micronaut.data.hibernate.event.EventIntegrator$$Lambda$902/0x00007f5bd0869ef8@519e67e`] for match against existing listener [`org.hibernate.event.internal.DefaultPostLoadEventListener@7402bfe7`]
07:29:21.601 [main] DEBUG org.hibernate.event.service.internal.EventListenerGroupImpl -- Checking incoming listener [`io.micronaut.data.hibernate.event.EventIntegrator$$Lambda$902/0x00007f5bd0869ef8@519e67e`] for match against existing listener [`org.hibernate.event.internal.DefaultPostLoadEventListener@7402bfe7`]
07:29:21.602 [main] DEBUG org.hibernate.query.sqm.function.SqmFunctionRegistry -- Registered SqmFunctionTemplate [NamedSqmFunctionTemplate(max)] under max; prior registration was null
07:29:21.602 [main] DEBUG org.hibernate.query.sqm.function.SqmFunctionRegistry -- Registered SqmFunctionTemplate [NamedSqmFunctionTemplate(min)] under min; prior registration was null
07:29:21.602 [main] DEBUG org.hibernate.query.sqm.function.SqmFunctionRegistry -- Registered SqmFunctionTemplate [NamedSqmFunctionTemplate(sum)] under sum; prior registration was null
07:29:21.602 [main] DEBUG org.hibernate.query.sqm.function.SqmFunctionRegistry -- Registered SqmFunctionTemplate [NamedSqmFunctionTemplate(avg)] under avg; prior registration was null
07:29:21.602 [main] DEBUG org.hibernate.query.sqm.function.SqmFunctionRegistry -- Registered SqmFunctionTemplate [org.hibernate.dialect.function.CountFunction@1d5958d3] under count; prior registration was null
07:29:21.602 [main] DEBUG org.hibernate.query.sqm.function.SqmFunctionRegistry -- Registered SqmFunctionTemplate [org.hibernate.dialect.function.EveryAnyEmulation@6a6e410c] under every; prior registration was null
07:29:21.602 [main] DEBUG org.hibernate.query.sqm.function.SqmFunctionRegistry -- Registered SqmFunctionTemplate [org.hibernate.dialect.function.EveryAnyEmulation@200e6029] under any; prior registration was null
07:29:21.602 [main] DEBUG org.hibernate.query.sqm.function.SqmFunctionRegistry -- Registered SqmFunctionTemplate [NamedSqmFunctionTemplate(floor)] under floor; prior registration was null
07:29:21.602 [main] DEBUG org.hibernate.query.sqm.function.SqmFunctionRegistry -- Registered SqmFunctionTemplate [NamedSqmFunctionTemplate(ceiling)] under ceiling; prior registration was null
07:29:21.602 [main] DEBUG org.hibernate.query.sqm.function.SqmFunctionRegistry -- Registered SqmFunctionTemplate [NamedSqmFunctionTemplate(mod)] under mod; prior registration was null
07:29:21.602 [main] DEBUG org.hibernate.query.sqm.function.SqmFunctionRegistry -- Registered SqmFunctionTemplate [NamedSqmFunctionTemplate(abs)] under abs; prior registration was null
07:29:21.602 [main] DEBUG org.hibernate.query.sqm.function.SqmFunctionRegistry -- Registered SqmFunctionTemplate [NamedSqmFunctionTemplate(sign)] under sign; prior registration was null
07:29:21.602 [main] DEBUG org.hibernate.query.sqm.function.SqmFunctionRegistry -- Registered SqmFunctionTemplate [NamedSqmFunctionTemplate(sqrt)] under sqrt; prior registration was null
07:29:21.602 [main] DEBUG org.hibernate.query.sqm.function.SqmFunctionRegistry -- Registered SqmFunctionTemplate [NamedSqmFunctionTemplate(ln)] under ln; prior registration was null
07:29:21.602 [main] DEBUG org.hibernate.query.sqm.function.SqmFunctionRegistry -- Registered SqmFunctionTemplate [NamedSqmFunctionTemplate(exp)] under exp; prior registration was null
07:29:21.602 [main] DEBUG org.hibernate.query.sqm.function.SqmFunctionRegistry -- Registered SqmFunctionTemplate [NamedSqmFunctionTemplate(power)] under power; prior registration was null
07:29:21.602 [main] DEBUG org.hibernate.query.sqm.function.SqmFunctionRegistry -- Registered SqmFunctionTemplate [NamedSqmFunctionTemplate(round)] under round; prior registration was null
07:29:21.602 [main] DEBUG org.hibernate.query.sqm.function.SqmFunctionRegistry -- Registered SqmFunctionTemplate [NamedSqmFunctionTemplate(sin)] under sin; prior registration was null
07:29:21.602 [main] DEBUG org.hibernate.query.sqm.function.SqmFunctionRegistry -- Registered SqmFunctionTemplate [NamedSqmFunctionTemplate(cos)] under cos; prior registration was null
07:29:21.603 [main] DEBUG org.hibernate.query.sqm.function.SqmFunctionRegistry -- Registered SqmFunctionTemplate [NamedSqmFunctionTemplate(tan)] under tan; prior registration was null
07:29:21.603 [main] DEBUG org.hibernate.query.sqm.function.SqmFunctionRegistry -- Registered SqmFunctionTemplate [NamedSqmFunctionTemplate(asin)] under asin; prior registration was null
07:29:21.603 [main] DEBUG org.hibernate.query.sqm.function.SqmFunctionRegistry -- Registered SqmFunctionTemplate [NamedSqmFunctionTemplate(acos)] under acos; prior registration was null
07:29:21.603 [main] DEBUG org.hibernate.query.sqm.function.SqmFunctionRegistry -- Registered SqmFunctionTemplate [NamedSqmFunctionTemplate(atan)] under atan; prior registration was null
07:29:21.603 [main] DEBUG org.hibernate.query.sqm.function.SqmFunctionRegistry -- Registered SqmFunctionTemplate [NamedSqmFunctionTemplate(atan2)] under atan2; prior registration was null
07:29:21.603 [main] DEBUG org.hibernate.query.sqm.function.SqmFunctionRegistry -- Registered SqmFunctionTemplate [org.hibernate.query.sqm.function.PatternBasedSqmFunctionDescriptor@41120e48] under sinh; prior registration was null
07:29:21.603 [main] DEBUG org.hibernate.query.sqm.function.SqmFunctionRegistry -- Registered SqmFunctionTemplate [org.hibernate.query.sqm.function.PatternBasedSqmFunctionDescriptor@165a5979] under cosh; prior registration was null
07:29:21.603 [main] DEBUG org.hibernate.query.sqm.function.SqmFunctionRegistry -- Registered SqmFunctionTemplate [org.hibernate.query.sqm.function.PatternBasedSqmFunctionDescriptor@ea40c9f] under tanh; prior registration was null
07:29:21.603 [main] DEBUG org.hibernate.query.sqm.function.SqmFunctionRegistry -- Registered SqmFunctionTemplate [org.hibernate.query.sqm.function.PatternBasedSqmFunctionDescriptor@5d782a4a] under pi; prior registration was null
07:29:21.603 [main] DEBUG org.hibernate.query.sqm.function.SqmFunctionRegistry -- Registered SqmFunctionTemplate [org.hibernate.query.sqm.function.PatternBasedSqmFunctionDescriptor@cc91fe3] under log; prior registration was null
07:29:21.603 [main] DEBUG org.hibernate.query.sqm.function.SqmFunctionRegistry -- Registered SqmFunctionTemplate [NamedSqmFunctionTemplate(coalesce)] under coalesce; prior registration was null
07:29:21.603 [main] DEBUG org.hibernate.query.sqm.function.SqmFunctionRegistry -- Registered SqmFunctionTemplate [NamedSqmFunctionTemplate(nullif)] under nullif; prior registration was null
07:29:21.603 [main] DEBUG org.hibernate.query.sqm.function.SqmFunctionRegistry -- Registered SqmFunctionTemplate [NamedSqmFunctionTemplate(left)] under left; prior registration was null
07:29:21.603 [main] DEBUG org.hibernate.query.sqm.function.SqmFunctionRegistry -- Registered SqmFunctionTemplate [NamedSqmFunctionTemplate(right)] under right; prior registration was null
07:29:21.603 [main] DEBUG org.hibernate.query.sqm.function.SqmFunctionRegistry -- Registered SqmFunctionTemplate [NamedSqmFunctionTemplate(replace)] under replace; prior registration was null
07:29:21.603 [main] DEBUG org.hibernate.query.sqm.function.SqmFunctionRegistry -- Registered SqmFunctionTemplate [NamedSqmFunctionTemplate(concat)] under concat; prior registration was null
07:29:21.603 [main] DEBUG org.hibernate.query.sqm.function.SqmFunctionRegistry -- Registered SqmFunctionTemplate [NamedSqmFunctionTemplate(lower)] under lower; prior registration was null
07:29:21.603 [main] DEBUG org.hibernate.query.sqm.function.SqmFunctionRegistry -- Registered SqmFunctionTemplate [NamedSqmFunctionTemplate(upper)] under upper; prior registration was null
07:29:21.603 [main] DEBUG org.hibernate.query.sqm.function.SqmFunctionRegistry -- Registered SqmFunctionTemplate [NamedSqmFunctionTemplate(substring)] under substring; prior registration was null
07:29:21.603 [main] DEBUG org.hibernate.query.sqm.function.SqmFunctionRegistry -- Registered SqmFunctionTemplate [NamedSqmFunctionTemplate(locate)] under locate; prior registration was null
07:29:21.603 [main] DEBUG org.hibernate.query.sqm.function.SqmFunctionRegistry -- Registered SqmFunctionTemplate [NamedSqmFunctionTemplate(character_length)] under character_length; prior registration was null
07:29:21.603 [main] DEBUG org.hibernate.query.sqm.function.SqmFunctionRegistry -- Registering alternate key : length -> character_length
07:29:21.603 [main] DEBUG org.hibernate.query.sqm.function.SqmFunctionRegistry -- Registered SqmFunctionTemplate [org.hibernate.dialect.function.LocatePositionEmulation@481c1e92] under position; prior registration was null
07:29:21.603 [main] DEBUG org.hibernate.query.sqm.function.SqmFunctionRegistry -- Registered SqmFunctionTemplate [org.hibernate.dialect.function.InsertSubstringOverlayEmulation@66f223fa] under overlay; prior registration was null
07:29:21.603 [main] DEBUG org.hibernate.query.sqm.function.SqmFunctionRegistry -- Registered SqmFunctionTemplate [org.hibernate.dialect.function.TrimFunction@7ac47f14] under trim; prior registration was null
07:29:21.603 [main] DEBUG org.hibernate.query.sqm.function.SqmFunctionRegistry -- Registered SqmFunctionTemplate [org.hibernate.dialect.function.CastFunction@3eb641a8] under cast; prior registration was null
07:29:21.603 [main] DEBUG org.hibernate.query.sqm.function.SqmFunctionRegistry -- Registered SqmFunctionTemplate [org.hibernate.query.sqm.function.PatternBasedSqmFunctionDescriptor@16f62062] under collate; prior registration was null
07:29:21.603 [main] DEBUG org.hibernate.query.sqm.function.SqmFunctionRegistry -- Registered SqmFunctionTemplate [org.hibernate.dialect.function.ExtractFunction@61ec2cb5] under extract; prior registration was null
07:29:21.603 [main] DEBUG org.hibernate.query.sqm.function.SqmFunctionRegistry -- Registered SqmFunctionTemplate [NamedSqmFunctionTemplate(least)] under least; prior registration was null
07:29:21.603 [main] DEBUG org.hibernate.query.sqm.function.SqmFunctionRegistry -- Registered SqmFunctionTemplate [NamedSqmFunctionTemplate(greatest)] under greatest; prior registration was null
07:29:21.603 [main] DEBUG org.hibernate.query.sqm.function.SqmFunctionRegistry -- Registered SqmFunctionTemplate [org.hibernate.dialect.function.CoalesceIfnullEmulation@3889c343] under ifnull; prior registration was null
07:29:21.603 [main] DEBUG org.hibernate.query.sqm.function.SqmFunctionRegistry -- Registered SqmFunctionTemplate [NamedSqmFunctionTemplate(lpad)] under lpad; prior registration was null
07:29:21.603 [main] DEBUG org.hibernate.query.sqm.function.SqmFunctionRegistry -- Registered SqmFunctionTemplate [NamedSqmFunctionTemplate(rpad)] under rpad; prior registration was null
07:29:21.603 [main] DEBUG org.hibernate.query.sqm.function.SqmFunctionRegistry -- Registered SqmFunctionTemplate [org.hibernate.dialect.function.LpadRpadPadEmulation@34be7efb] under pad; prior registration was null
07:29:21.603 [main] DEBUG org.hibernate.query.sqm.function.SqmFunctionRegistry -- Registered SqmFunctionTemplate [org.hibernate.dialect.function.CastStrEmulation@136cad3e] under str; prior registration was null
07:29:21.603 [main] DEBUG org.hibernate.query.sqm.function.SqmFunctionRegistry -- Registered SqmFunctionTemplate [org.hibernate.dialect.function.FormatFunction@13e5b262] under format; prior registration was null
07:29:21.603 [main] DEBUG org.hibernate.query.sqm.function.SqmFunctionRegistry -- Registered SqmFunctionTemplate [org.hibernate.dialect.function.TimestampaddFunction@6500e886] under timestampadd; prior registration was null
07:29:21.603 [main] DEBUG org.hibernate.query.sqm.function.SqmFunctionRegistry -- Registered SqmFunctionTemplate [org.hibernate.dialect.function.TimestampdiffFunction@220e1b7b] under timestampdiff; prior registration was null
07:29:21.603 [main] DEBUG org.hibernate.query.sqm.function.SqmFunctionRegistry -- Registering alternate key : dateadd -> timestampadd
07:29:21.603 [main] DEBUG org.hibernate.query.sqm.function.SqmFunctionRegistry -- Registering alternate key : datediff -> timestampdiff
07:29:21.603 [main] DEBUG org.hibernate.query.sqm.function.SqmFunctionRegistry -- Registered SqmFunctionTemplate [org.hibernate.dialect.function.CurrentFunction@54fd5759] under current_date; prior registration was null
07:29:21.603 [main] DEBUG org.hibernate.query.sqm.function.SqmFunctionRegistry -- Registered SqmFunctionTemplate [org.hibernate.dialect.function.CurrentFunction@6a358906] under current_time; prior registration was null
07:29:21.603 [main] DEBUG org.hibernate.query.sqm.function.SqmFunctionRegistry -- Registered SqmFunctionTemplate [org.hibernate.dialect.function.CurrentFunction@893081e] under current_timestamp; prior registration was null
07:29:21.603 [main] DEBUG org.hibernate.query.sqm.function.SqmFunctionRegistry -- Registering alternate key : current date -> current_date
07:29:21.603 [main] DEBUG org.hibernate.query.sqm.function.SqmFunctionRegistry -- Registering alternate key : current time -> current_time
07:29:21.603 [main] DEBUG org.hibernate.query.sqm.function.SqmFunctionRegistry -- Registering alternate key : current timestamp -> current_timestamp
07:29:21.603 [main] DEBUG org.hibernate.query.sqm.function.SqmFunctionRegistry -- Registered SqmFunctionTemplate [org.hibernate.dialect.function.CurrentFunction@5a941fb4] under local_date; prior registration was null
07:29:21.603 [main] DEBUG org.hibernate.query.sqm.function.SqmFunctionRegistry -- Registered SqmFunctionTemplate [org.hibernate.dialect.function.CurrentFunction@646ddc20] under local_time; prior registration was null
07:29:21.603 [main] DEBUG org.hibernate.query.sqm.function.SqmFunctionRegistry -- Registered SqmFunctionTemplate [org.hibernate.dialect.function.CurrentFunction@22561412] under local_datetime; prior registration was null
07:29:21.603 [main] DEBUG org.hibernate.query.sqm.function.SqmFunctionRegistry -- Registered SqmFunctionTemplate [org.hibernate.dialect.function.CurrentFunction@32153bbe] under offset_datetime; prior registration was null
07:29:21.603 [main] DEBUG org.hibernate.query.sqm.function.SqmFunctionRegistry -- Registering alternate key : local date -> local_date
07:29:21.603 [main] DEBUG org.hibernate.query.sqm.function.SqmFunctionRegistry -- Registering alternate key : local time -> local_time
07:29:21.603 [main] DEBUG org.hibernate.query.sqm.function.SqmFunctionRegistry -- Registering alternate key : local datetime -> local_datetime
07:29:21.603 [main] DEBUG org.hibernate.query.sqm.function.SqmFunctionRegistry -- Registering alternate key : offset datetime -> offset_datetime
07:29:21.603 [main] DEBUG org.hibernate.query.sqm.function.SqmFunctionRegistry -- Registered SqmFunctionTemplate [org.hibernate.dialect.function.CurrentFunction@4806fbf7] under instant; prior registration was null
07:29:21.603 [main] DEBUG org.hibernate.query.sqm.function.SqmFunctionRegistry -- Registering alternate key : current_instant -> instant
07:29:21.603 [main] DEBUG org.hibernate.query.sqm.function.SqmFunctionRegistry -- Registered SqmFunctionTemplate [org.hibernate.dialect.function.SqlFunction@4280b20b] under sql; prior registration was null
07:29:21.603 [main] DEBUG org.hibernate.query.sqm.function.SqmFunctionRegistry -- Registered SqmFunctionTemplate [NamedSqmFunctionTemplate(max)] under max; prior registration was NamedSqmFunctionTemplate(max)
07:29:21.603 [main] DEBUG org.hibernate.query.sqm.function.SqmFunctionRegistry -- Registered SqmFunctionTemplate [NamedSqmFunctionTemplate(min)] under min; prior registration was NamedSqmFunctionTemplate(min)
07:29:21.603 [main] DEBUG org.hibernate.query.sqm.function.SqmFunctionRegistry -- Registered SqmFunctionTemplate [NamedSqmFunctionTemplate(sum)] under sum; prior registration was NamedSqmFunctionTemplate(sum)
07:29:21.603 [main] DEBUG org.hibernate.query.sqm.function.SqmFunctionRegistry -- Registered SqmFunctionTemplate [NamedSqmFunctionTemplate(avg)] under avg; prior registration was NamedSqmFunctionTemplate(avg)
07:29:21.603 [main] DEBUG org.hibernate.query.sqm.function.SqmFunctionRegistry -- Registered SqmFunctionTemplate [org.hibernate.dialect.function.CountFunction@50e4d8cd] under count; prior registration was org.hibernate.dialect.function.CountFunction@1d5958d3
07:29:21.603 [main] DEBUG org.hibernate.query.sqm.function.SqmFunctionRegistry -- Registered SqmFunctionTemplate [org.hibernate.dialect.function.AvgFunction@4b37d1a4] under avg; prior registration was NamedSqmFunctionTemplate(avg)
07:29:21.603 [main] DEBUG org.hibernate.query.sqm.function.SqmFunctionRegistry -- Registered SqmFunctionTemplate [NamedSqmFunctionTemplate(pi)] under pi; prior registration was org.hibernate.query.sqm.function.PatternBasedSqmFunctionDescriptor@5d782a4a
07:29:21.603 [main] DEBUG org.hibernate.query.sqm.function.SqmFunctionRegistry -- Registered SqmFunctionTemplate [NamedSqmFunctionTemplate(cot)] under cot; prior registration was null
07:29:21.603 [main] DEBUG org.hibernate.query.sqm.function.SqmFunctionRegistry -- Registered SqmFunctionTemplate [NamedSqmFunctionTemplate(radians)] under radians; prior registration was null
07:29:21.603 [main] DEBUG org.hibernate.query.sqm.function.SqmFunctionRegistry -- Registered SqmFunctionTemplate [NamedSqmFunctionTemplate(degrees)] under degrees; prior registration was null
07:29:21.603 [main] DEBUG org.hibernate.query.sqm.function.SqmFunctionRegistry -- Registered SqmFunctionTemplate [NamedSqmFunctionTemplate(log10)] under log10; prior registration was null
07:29:21.604 [main] DEBUG org.hibernate.query.sqm.function.SqmFunctionRegistry -- Registered SqmFunctionTemplate [org.hibernate.query.sqm.function.PatternBasedSqmFunctionDescriptor@34114276] under mod; prior registration was NamedSqmFunctionTemplate(mod)
07:29:21.604 [main] DEBUG org.hibernate.query.sqm.function.SqmFunctionRegistry -- Registered SqmFunctionTemplate [NamedSqmFunctionTemplate(rand)] under rand; prior registration was null
07:29:21.604 [main] DEBUG org.hibernate.query.sqm.function.SqmFunctionRegistry -- Registered SqmFunctionTemplate [NamedSqmFunctionTemplate(soundex)] under soundex; prior registration was null
07:29:21.604 [main] DEBUG org.hibernate.query.sqm.function.SqmFunctionRegistry -- Registered SqmFunctionTemplate [NamedSqmFunctionTemplate(translate)] under translate; prior registration was null
07:29:21.604 [main] DEBUG org.hibernate.query.sqm.function.SqmFunctionRegistry -- Registered SqmFunctionTemplate [NamedSqmFunctionTemplate(bitand)] under bitand; prior registration was null
07:29:21.604 [main] DEBUG org.hibernate.query.sqm.function.SqmFunctionRegistry -- Registered SqmFunctionTemplate [NamedSqmFunctionTemplate(bitor)] under bitor; prior registration was null
07:29:21.604 [main] DEBUG org.hibernate.query.sqm.function.SqmFunctionRegistry -- Registered SqmFunctionTemplate [NamedSqmFunctionTemplate(bitxor)] under bitxor; prior registration was null
07:29:21.604 [main] DEBUG org.hibernate.query.sqm.function.SqmFunctionRegistry -- Registered SqmFunctionTemplate [NamedSqmFunctionTemplate(bit_and)] under bit_and; prior registration was null
07:29:21.604 [main] DEBUG org.hibernate.query.sqm.function.SqmFunctionRegistry -- Registered SqmFunctionTemplate [NamedSqmFunctionTemplate(bit_or)] under bit_or; prior registration was null
07:29:21.604 [main] DEBUG org.hibernate.query.sqm.function.SqmFunctionRegistry -- Registered SqmFunctionTemplate [NamedSqmFunctionTemplate(day)] under day; prior registration was null
07:29:21.604 [main] DEBUG org.hibernate.query.sqm.function.SqmFunctionRegistry -- Registered SqmFunctionTemplate [NamedSqmFunctionTemplate(month)] under month; prior registration was null
07:29:21.604 [main] DEBUG org.hibernate.query.sqm.function.SqmFunctionRegistry -- Registered SqmFunctionTemplate [NamedSqmFunctionTemplate(year)] under year; prior registration was null
07:29:21.604 [main] DEBUG org.hibernate.query.sqm.function.SqmFunctionRegistry -- Registered SqmFunctionTemplate [NamedSqmFunctionTemplate(hour)] under hour; prior registration was null
07:29:21.604 [main] DEBUG org.hibernate.query.sqm.function.SqmFunctionRegistry -- Registered SqmFunctionTemplate [NamedSqmFunctionTemplate(minute)] under minute; prior registration was null
07:29:21.604 [main] DEBUG org.hibernate.query.sqm.function.SqmFunctionRegistry -- Registered SqmFunctionTemplate [NamedSqmFunctionTemplate(second)] under second; prior registration was null
07:29:21.604 [main] DEBUG org.hibernate.query.sqm.function.SqmFunctionRegistry -- Registered SqmFunctionTemplate [NamedSqmFunctionTemplate(microsecond)] under microsecond; prior registration was null
07:29:21.604 [main] DEBUG org.hibernate.query.sqm.function.SqmFunctionRegistry -- Registered SqmFunctionTemplate [NamedSqmFunctionTemplate(day_of_week)] under day_of_week; prior registration was null
07:29:21.604 [main] DEBUG org.hibernate.query.sqm.function.SqmFunctionRegistry -- Registered SqmFunctionTemplate [NamedSqmFunctionTemplate(day_of_month)] under day_of_month; prior registration was null
07:29:21.604 [main] DEBUG org.hibernate.query.sqm.function.SqmFunctionRegistry -- Registering alternate key : day -> day_of_month
07:29:21.604 [main] DEBUG org.hibernate.query.sqm.function.SqmFunctionRegistry -- Registered SqmFunctionTemplate [NamedSqmFunctionTemplate(day_of_year)] under day_of_year; prior registration was null
07:29:21.604 [main] DEBUG org.hibernate.query.sqm.function.SqmFunctionRegistry -- Registered SqmFunctionTemplate [NamedSqmFunctionTemplate(week)] under week; prior registration was null
07:29:21.604 [main] DEBUG org.hibernate.query.sqm.function.SqmFunctionRegistry -- Registered SqmFunctionTemplate [NamedSqmFunctionTemplate(quarter)] under quarter; prior registration was null
07:29:21.604 [main] DEBUG org.hibernate.query.sqm.function.SqmFunctionRegistry -- Registered SqmFunctionTemplate [NamedSqmFunctionTemplate(monthname)] under monthname; prior registration was null
07:29:21.604 [main] DEBUG org.hibernate.query.sqm.function.SqmFunctionRegistry -- Registered SqmFunctionTemplate [NamedSqmFunctionTemplate(dayname)] under dayname; prior registration was null
07:29:21.604 [main] DEBUG org.hibernate.query.sqm.function.SqmFunctionRegistry -- Registered SqmFunctionTemplate [NamedSqmFunctionTemplate(localtime)] under localtime; prior registration was null
07:29:21.604 [main] DEBUG org.hibernate.query.sqm.function.SqmFunctionRegistry -- Registered SqmFunctionTemplate [NamedSqmFunctionTemplate(localtimestamp)] under localtimestamp; prior registration was null
07:29:21.604 [main] DEBUG org.hibernate.query.sqm.function.SqmFunctionRegistry -- Registered SqmFunctionTemplate [NamedSqmFunctionTemplate(localtime)] under local_time; prior registration was org.hibernate.dialect.function.CurrentFunction@646ddc20
07:29:21.604 [main] DEBUG org.hibernate.query.sqm.function.SqmFunctionRegistry -- Registered SqmFunctionTemplate [NamedSqmFunctionTemplate(localtimestamp)] under local_datetime; prior registration was org.hibernate.dialect.function.CurrentFunction@22561412
07:29:21.604 [main] DEBUG org.hibernate.query.sqm.function.SqmFunctionRegistry -- Registered SqmFunctionTemplate [org.hibernate.dialect.function.TruncFunction@73c6ae15] under trunc; prior registration was null
07:29:21.604 [main] DEBUG org.hibernate.query.sqm.function.SqmFunctionRegistry -- Registering alternate key : truncate -> trunc
07:29:21.604 [main] DEBUG org.hibernate.query.sqm.function.SqmFunctionRegistry -- Registered SqmFunctionTemplate [org.hibernate.query.sqm.function.PatternBasedSqmFunctionDescriptor@5923210] under date_trunc; prior registration was null
07:29:21.604 [main] DEBUG org.hibernate.query.sqm.function.SqmFunctionRegistry -- Registered SqmFunctionTemplate [NamedSqmFunctionTemplate(bit_length)] under bit_length; prior registration was null
07:29:21.604 [main] DEBUG org.hibernate.query.sqm.function.SqmFunctionRegistry -- Registered SqmFunctionTemplate [NamedSqmFunctionTemplate(octet_length)] under octet_length; prior registration was null
07:29:21.604 [main] DEBUG org.hibernate.query.sqm.function.SqmFunctionRegistry -- Registered SqmFunctionTemplate [NamedSqmFunctionTemplate(ascii)] under ascii; prior registration was null
07:29:21.604 [main] DEBUG org.hibernate.query.sqm.function.SqmFunctionRegistry -- Registered SqmFunctionTemplate [NamedSqmFunctionTemplate(octet_length)] under octet_length; prior registration was NamedSqmFunctionTemplate(octet_length)
07:29:21.604 [main] DEBUG org.hibernate.query.sqm.function.SqmFunctionRegistry -- Registered SqmFunctionTemplate [NamedSqmFunctionTemplate(space)] under space; prior registration was null
07:29:21.604 [main] DEBUG org.hibernate.query.sqm.function.SqmFunctionRegistry -- Registered SqmFunctionTemplate [NamedSqmFunctionTemplate(repeat)] under repeat; prior registration was null
07:29:21.604 [main] DEBUG org.hibernate.query.sqm.function.SqmFunctionRegistry -- Registered SqmFunctionTemplate [NamedSqmFunctionTemplate(char)] under char; prior registration was null
07:29:21.604 [main] DEBUG org.hibernate.query.sqm.function.SqmFunctionRegistry -- Registering alternate key : chr -> char
07:29:21.604 [main] DEBUG org.hibernate.query.sqm.function.SqmFunctionRegistry -- Registered SqmFunctionTemplate [NamedSqmFunctionTemplate(instr)] under instr; prior registration was null
07:29:21.604 [main] DEBUG org.hibernate.query.sqm.function.SqmFunctionRegistry -- Registered SqmFunctionTemplate [NamedSqmFunctionTemplate(substr)] under substr; prior registration was null
07:29:21.604 [main] DEBUG org.hibernate.query.sqm.function.SqmFunctionRegistry -- Registered SqmFunctionTemplate [org.hibernate.query.sqm.function.PatternBasedSqmFunctionDescriptor@70dd79f7] under position; prior registration was org.hibernate.dialect.function.LocatePositionEmulation@481c1e92
07:29:21.604 [main] DEBUG org.hibernate.query.sqm.function.SqmFunctionRegistry -- Registered SqmFunctionTemplate [NamedSqmFunctionTemplate(ltrim)] under ltrim; prior registration was null
07:29:21.604 [main] DEBUG org.hibernate.query.sqm.function.SqmFunctionRegistry -- Registered SqmFunctionTemplate [NamedSqmFunctionTemplate(rtrim)] under rtrim; prior registration was null
07:29:21.604 [main] DEBUG org.hibernate.query.sqm.function.SqmFunctionRegistry -- Registered SqmFunctionTemplate [org.hibernate.query.sqm.function.PatternBasedSqmFunctionDescriptor@4ee19768] under concat; prior registration was NamedSqmFunctionTemplate(concat)
07:29:21.604 [main] DEBUG org.hibernate.query.sqm.function.SqmFunctionRegistry -- Registered SqmFunctionTemplate [NamedSqmFunctionTemplate(curtime)] under curtime; prior registration was null
07:29:21.604 [main] DEBUG org.hibernate.query.sqm.function.SqmFunctionRegistry -- Registered SqmFunctionTemplate [NamedSqmFunctionTemplate(curdate)] under curdate; prior registration was null
07:29:21.604 [main] DEBUG org.hibernate.query.sqm.function.SqmFunctionRegistry -- Registered SqmFunctionTemplate [NamedSqmFunctionTemplate(now)] under now; prior registration was null
07:29:21.604 [main] DEBUG org.hibernate.query.sqm.function.SqmFunctionRegistry -- Registered SqmFunctionTemplate [NamedSqmFunctionTemplate(sysdate)] under sysdate; prior registration was null
07:29:21.604 [main] DEBUG org.hibernate.query.sqm.function.SqmFunctionRegistry -- Registered SqmFunctionTemplate [NamedSqmFunctionTemplate(insert)] under insert; prior registration was null
07:29:21.604 [main] DEBUG org.hibernate.query.sqm.function.SqmFunctionRegistry -- Registered SqmFunctionTemplate [NamedSqmFunctionTemplate(bool_and)] under bool_and; prior registration was null
07:29:21.604 [main] DEBUG org.hibernate.query.sqm.function.SqmFunctionRegistry -- Registering alternate key : every -> bool_and
07:29:21.604 [main] DEBUG org.hibernate.query.sqm.function.SqmFunctionRegistry -- Registered SqmFunctionTemplate [NamedSqmFunctionTemplate(bool_or)] under bool_or; prior registration was null
07:29:21.604 [main] DEBUG org.hibernate.query.sqm.function.SqmFunctionRegistry -- Registering alternate key : any -> bool_or
07:29:21.604 [main] DEBUG org.hibernate.query.sqm.function.SqmFunctionRegistry -- Registered SqmFunctionTemplate [NamedSqmFunctionTemplate(median)] under median; prior registration was null
07:29:21.604 [main] DEBUG org.hibernate.query.sqm.function.SqmFunctionRegistry -- Registered SqmFunctionTemplate [NamedSqmFunctionTemplate(stddev_pop)] under stddev_pop; prior registration was null
07:29:21.604 [main] DEBUG org.hibernate.query.sqm.function.SqmFunctionRegistry -- Registered SqmFunctionTemplate [NamedSqmFunctionTemplate(stddev_samp)] under stddev_samp; prior registration was null
07:29:21.604 [main] DEBUG org.hibernate.query.sqm.function.SqmFunctionRegistry -- Registered SqmFunctionTemplate [NamedSqmFunctionTemplate(var_pop)] under var_pop; prior registration was null
07:29:21.604 [main] DEBUG org.hibernate.query.sqm.function.SqmFunctionRegistry -- Registered SqmFunctionTemplate [NamedSqmFunctionTemplate(var_samp)] under var_samp; prior registration was null
07:29:21.604 [main] DEBUG org.hibernate.query.sqm.function.SqmFunctionRegistry -- Registered SqmFunctionTemplate [org.hibernate.dialect.function.FormatFunction@8113ea7] under format; prior registration was org.hibernate.dialect.function.FormatFunction@13e5b262
07:29:21.604 [main] DEBUG org.hibernate.query.sqm.function.SqmFunctionRegistry -- Registered SqmFunctionTemplate [NamedSqmFunctionTemplate(rownum)] under rownum; prior registration was null
07:29:21.604 [main] DEBUG org.hibernate.query.sqm.function.SqmFunctionRegistry -- Registered SqmFunctionTemplate [NamedSqmFunctionTemplate(row_number)] under row_number; prior registration was null
07:29:21.604 [main] DEBUG org.hibernate.query.sqm.function.SqmFunctionRegistry -- Registered SqmFunctionTemplate [NamedSqmFunctionTemplate(lag)] under lag; prior registration was null
07:29:21.605 [main] DEBUG org.hibernate.query.sqm.function.SqmFunctionRegistry -- Registered SqmFunctionTemplate [NamedSqmFunctionTemplate(lead)] under lead; prior registration was null
07:29:21.605 [main] DEBUG org.hibernate.query.sqm.function.SqmFunctionRegistry -- Registered SqmFunctionTemplate [NamedSqmFunctionTemplate(first_value)] under first_value; prior registration was null
07:29:21.605 [main] DEBUG org.hibernate.query.sqm.function.SqmFunctionRegistry -- Registered SqmFunctionTemplate [NamedSqmFunctionTemplate(last_value)] under last_value; prior registration was null
07:29:21.605 [main] DEBUG org.hibernate.query.sqm.function.SqmFunctionRegistry -- Registered SqmFunctionTemplate [NamedSqmFunctionTemplate(nth_value)] under nth_value; prior registration was null
07:29:21.605 [main] DEBUG org.hibernate.query.sqm.function.SqmFunctionRegistry -- Registered SqmFunctionTemplate [org.hibernate.dialect.function.ListaggFunction@1c879f07] under listagg; prior registration was null
07:29:21.605 [main] DEBUG org.hibernate.query.sqm.function.SqmFunctionRegistry -- Registered SqmFunctionTemplate [org.hibernate.dialect.function.InverseDistributionFunction@78e4fa1] under mode; prior registration was null
07:29:21.605 [main] DEBUG org.hibernate.query.sqm.function.SqmFunctionRegistry -- Registered SqmFunctionTemplate [org.hibernate.dialect.function.InverseDistributionFunction@4516c2ef] under percentile_cont; prior registration was null
07:29:21.605 [main] DEBUG org.hibernate.query.sqm.function.SqmFunctionRegistry -- Registered SqmFunctionTemplate [org.hibernate.dialect.function.InverseDistributionFunction@44f338ec] under percentile_disc; prior registration was null
07:29:21.605 [main] DEBUG org.hibernate.query.sqm.function.SqmFunctionRegistry -- Registered SqmFunctionTemplate [org.hibernate.dialect.function.HypotheticalSetFunction@64acf8d2] under rank; prior registration was null
07:29:21.605 [main] DEBUG org.hibernate.query.sqm.function.SqmFunctionRegistry -- Registered SqmFunctionTemplate [org.hibernate.dialect.function.HypotheticalSetFunction@112a50a1] under dense_rank; prior registration was null
07:29:21.605 [main] DEBUG org.hibernate.query.sqm.function.SqmFunctionRegistry -- Registered SqmFunctionTemplate [org.hibernate.dialect.function.HypotheticalSetFunction@6258f9d1] under percent_rank; prior registration was null
07:29:21.605 [main] DEBUG org.hibernate.query.sqm.function.SqmFunctionRegistry -- Registered SqmFunctionTemplate [org.hibernate.dialect.function.HypotheticalSetFunction@3f31892e] under cume_dist; prior registration was null
07:29:21.605 [main] DEBUG org.hibernate.query.sqm.function.SqmFunctionRegistry -- Registered SqmFunctionTemplate [org.hibernate.dialect.function.array.ArrayConstructorFunction@3cd89c72] under array; prior registration was null
07:29:21.605 [main] DEBUG org.hibernate.query.sqm.function.SqmFunctionRegistry -- Registered SqmFunctionTemplate [org.hibernate.dialect.function.array.ArrayConstructorFunction@7fb46c10] under array_list; prior registration was null
07:29:21.605 [main] DEBUG org.hibernate.query.sqm.function.SqmFunctionRegistry -- Registered SqmFunctionTemplate [org.hibernate.dialect.function.array.ArrayAggFunction@5a079446] under array_agg; prior registration was null
07:29:21.605 [main] DEBUG org.hibernate.query.sqm.function.SqmFunctionRegistry -- Registered SqmFunctionTemplate [org.hibernate.dialect.function.array.H2ArrayPositionFunction@694c0ed1] under array_position; prior registration was null
07:29:21.605 [main] DEBUG org.hibernate.query.sqm.function.SqmFunctionRegistry -- Registered SqmFunctionTemplate [org.hibernate.dialect.function.array.H2ArrayPositionsFunction@4d071e4b] under array_positions; prior registration was null
07:29:21.605 [main] DEBUG org.hibernate.query.sqm.function.SqmFunctionRegistry -- Registered SqmFunctionTemplate [org.hibernate.dialect.function.array.H2ArrayPositionsFunction@22f7bf36] under array_positions_list; prior registration was null
07:29:21.605 [main] DEBUG org.hibernate.query.sqm.function.SqmFunctionRegistry -- Registered SqmFunctionTemplate [org.hibernate.query.sqm.function.PatternBasedSqmFunctionDescriptor@4a3404fa] under array_length; prior registration was null
07:29:21.605 [main] DEBUG org.hibernate.query.sqm.function.SqmFunctionRegistry -- Registered SqmFunctionTemplate [org.hibernate.dialect.function.array.ArrayConcatFunction@3fb4beb1] under array_concat; prior registration was null
07:29:21.605 [main] DEBUG org.hibernate.query.sqm.function.SqmFunctionRegistry -- Registered SqmFunctionTemplate [org.hibernate.dialect.function.array.ArrayConcatElementFunction@34cb1310] under array_prepend; prior registration was null
07:29:21.605 [main] DEBUG org.hibernate.query.sqm.function.SqmFunctionRegistry -- Registered SqmFunctionTemplate [org.hibernate.dialect.function.array.ArrayConcatElementFunction@2b5a04b0] under array_append; prior registration was null
07:29:21.605 [main] DEBUG org.hibernate.query.sqm.function.SqmFunctionRegistry -- Registered SqmFunctionTemplate [org.hibernate.dialect.function.array.H2ArrayContainsFunction@41a3c6f5] under array_contains; prior registration was null
07:29:21.605 [main] DEBUG org.hibernate.query.sqm.function.SqmFunctionRegistry -- Registered SqmFunctionTemplate [org.hibernate.dialect.function.array.H2ArrayContainsFunction@5b78a946] under array_contains_nullable; prior registration was null
07:29:21.605 [main] DEBUG org.hibernate.query.sqm.function.SqmFunctionRegistry -- Registered SqmFunctionTemplate [org.hibernate.dialect.function.array.H2ArrayOverlapsFunction@37c762aa] under array_overlaps; prior registration was null
07:29:21.605 [main] DEBUG org.hibernate.query.sqm.function.SqmFunctionRegistry -- Registered SqmFunctionTemplate [org.hibernate.dialect.function.array.H2ArrayOverlapsFunction@4c438f66] under array_overlaps_nullable; prior registration was null
07:29:21.605 [main] DEBUG org.hibernate.query.sqm.function.SqmFunctionRegistry -- Registered SqmFunctionTemplate [org.hibernate.query.sqm.function.PatternBasedSqmFunctionDescriptor@13087c75] under array_get; prior registration was null
07:29:21.605 [main] DEBUG org.hibernate.query.sqm.function.SqmFunctionRegistry -- Registered SqmFunctionTemplate [org.hibernate.dialect.function.array.H2ArraySetFunction@da4c5cb] under array_set; prior registration was null
07:29:21.605 [main] DEBUG org.hibernate.query.sqm.function.SqmFunctionRegistry -- Registered SqmFunctionTemplate [org.hibernate.dialect.function.array.H2ArrayRemoveFunction@1fa24e7] under array_remove; prior registration was null
07:29:21.605 [main] DEBUG org.hibernate.query.sqm.function.SqmFunctionRegistry -- Registered SqmFunctionTemplate [org.hibernate.dialect.function.array.H2ArrayRemoveIndexFunction@5192b301] under array_remove_index; prior registration was null
07:29:21.605 [main] DEBUG org.hibernate.query.sqm.function.SqmFunctionRegistry -- Registered SqmFunctionTemplate [org.hibernate.query.sqm.function.PatternBasedSqmFunctionDescriptor@1a99692] under array_slice; prior registration was null
07:29:21.605 [main] DEBUG org.hibernate.query.sqm.function.SqmFunctionRegistry -- Registered SqmFunctionTemplate [org.hibernate.dialect.function.array.H2ArrayReplaceFunction@2a0881f1] under array_replace; prior registration was null
07:29:21.605 [main] DEBUG org.hibernate.query.sqm.function.SqmFunctionRegistry -- Registered SqmFunctionTemplate [org.hibernate.query.sqm.function.PatternBasedSqmFunctionDescriptor@7a85454b] under array_trim; prior registration was null
07:29:21.605 [main] DEBUG org.hibernate.query.sqm.function.SqmFunctionRegistry -- Registered SqmFunctionTemplate [org.hibernate.dialect.function.array.H2ArrayFillFunction@3ecbfba1] under array_fill; prior registration was null
07:29:21.605 [main] DEBUG org.hibernate.query.sqm.function.SqmFunctionRegistry -- Registered SqmFunctionTemplate [org.hibernate.dialect.function.array.H2ArrayFillFunction@739be7ec] under array_fill_list; prior registration was null
07:29:21.605 [main] DEBUG org.hibernate.query.sqm.function.SqmFunctionRegistry -- Registered SqmFunctionTemplate [org.hibernate.dialect.function.array.H2ArrayToStringFunction@1df2e767] under array_to_string; prior registration was null
07:29:21.606 [main] DEBUG org.hibernate.HQL_FUNCTIONS -- abs(NUMERIC arg)
07:29:21.606 [main] DEBUG org.hibernate.HQL_FUNCTIONS -- Double acos(NUMERIC arg)
07:29:21.606 [main] DEBUG org.hibernate.HQL_FUNCTIONS -- Boolean any(BOOLEAN predicate)
07:29:21.606 [main] DEBUG org.hibernate.HQL_FUNCTIONS -- array( ... )
07:29:21.606 [main] DEBUG org.hibernate.HQL_FUNCTIONS -- array_agg(arg)
07:29:21.606 [main] DEBUG org.hibernate.HQL_FUNCTIONS -- array_append( ... )
07:29:21.606 [main] DEBUG org.hibernate.HQL_FUNCTIONS -- array_concat( ... )
07:29:21.606 [main] DEBUG org.hibernate.HQL_FUNCTIONS -- Boolean array_contains(ARRAY haystackArray, OBJECT needleElementOrArray)
07:29:21.606 [main] DEBUG org.hibernate.HQL_FUNCTIONS -- Boolean array_contains_nullable(ARRAY haystackArray, OBJECT needleElementOrArray)
07:29:21.606 [main] DEBUG org.hibernate.HQL_FUNCTIONS -- array_fill(OBJECT element, INTEGER elementCount)
07:29:21.606 [main] DEBUG org.hibernate.HQL_FUNCTIONS -- array_fill_list(OBJECT element, INTEGER elementCount)
07:29:21.606 [main] DEBUG org.hibernate.HQL_FUNCTIONS -- array_get(ARRAY array, INTEGER index)
07:29:21.606 [main] DEBUG org.hibernate.HQL_FUNCTIONS -- Integer array_length(ARRAY array)
07:29:21.606 [main] DEBUG org.hibernate.HQL_FUNCTIONS -- array_list( ... )
07:29:21.606 [main] DEBUG org.hibernate.HQL_FUNCTIONS -- Boolean array_overlaps(ARRAY array0, OBJECT array1)
07:29:21.606 [main] DEBUG org.hibernate.HQL_FUNCTIONS -- Boolean array_overlaps_nullable(ARRAY array0, OBJECT array1)
07:29:21.606 [main] DEBUG org.hibernate.HQL_FUNCTIONS -- Integer array_position(ARRAY array, OBJECT element[, INTEGER startPosition])
07:29:21.606 [main] DEBUG org.hibernate.HQL_FUNCTIONS -- int[] array_positions(ARRAY array, OBJECT element)
07:29:21.606 [main] DEBUG org.hibernate.HQL_FUNCTIONS -- List array_positions_list(ARRAY array, OBJECT element)
07:29:21.606 [main] DEBUG org.hibernate.HQL_FUNCTIONS -- array_prepend( ... )
07:29:21.606 [main] DEBUG org.hibernate.HQL_FUNCTIONS -- array_remove( ... )
07:29:21.606 [main] DEBUG org.hibernate.HQL_FUNCTIONS -- array_remove_index( ... )
07:29:21.606 [main] DEBUG org.hibernate.HQL_FUNCTIONS -- array_replace( ... )
07:29:21.606 [main] DEBUG org.hibernate.HQL_FUNCTIONS -- array_set( ... )
07:29:21.606 [main] DEBUG org.hibernate.HQL_FUNCTIONS -- array_slice(ARRAY array, INTEGER start, INTEGER end)
07:29:21.606 [main] DEBUG org.hibernate.HQL_FUNCTIONS -- String array_to_string( ... )
07:29:21.606 [main] DEBUG org.hibernate.HQL_FUNCTIONS -- array_trim(ARRAY array, INTEGER elementsToRemove)
07:29:21.606 [main] DEBUG org.hibernate.HQL_FUNCTIONS -- Integer ascii(STRING arg)
07:29:21.606 [main] DEBUG org.hibernate.HQL_FUNCTIONS -- Double asin(NUMERIC arg)
07:29:21.606 [main] DEBUG org.hibernate.HQL_FUNCTIONS -- Double atan(NUMERIC arg)
07:29:21.606 [main] DEBUG org.hibernate.HQL_FUNCTIONS -- Double atan2(NUMERIC arg0, NUMERIC arg1)
07:29:21.606 [main] DEBUG org.hibernate.HQL_FUNCTIONS -- avg(NUMERIC arg)
07:29:21.606 [main] DEBUG org.hibernate.HQL_FUNCTIONS -- bit_and(arg)
07:29:21.606 [main] DEBUG org.hibernate.HQL_FUNCTIONS -- Integer bit_length(STRING_OR_CLOB arg)
07:29:21.606 [main] DEBUG org.hibernate.HQL_FUNCTIONS -- bit_or(arg)
07:29:21.606 [main] DEBUG org.hibernate.HQL_FUNCTIONS -- bitand(arg0, arg1)
07:29:21.606 [main] DEBUG org.hibernate.HQL_FUNCTIONS -- bitor(arg0, arg1)
07:29:21.606 [main] DEBUG org.hibernate.HQL_FUNCTIONS -- bitxor(arg0, arg1)
07:29:21.606 [main] DEBUG org.hibernate.HQL_FUNCTIONS -- Boolean bool_and(BOOLEAN predicate)
07:29:21.606 [main] DEBUG org.hibernate.HQL_FUNCTIONS -- Boolean bool_or(BOOLEAN predicate)
07:29:21.606 [main] DEBUG org.hibernate.HQL_FUNCTIONS -- cast(arg as Type)
07:29:21.606 [main] DEBUG org.hibernate.HQL_FUNCTIONS -- ceiling(NUMERIC arg)
07:29:21.606 [main] DEBUG org.hibernate.HQL_FUNCTIONS -- Character char(INTEGER arg)
07:29:21.606 [main] DEBUG org.hibernate.HQL_FUNCTIONS -- Integer character_length(STRING_OR_CLOB arg)
07:29:21.606 [main] DEBUG org.hibernate.HQL_FUNCTIONS -- Character chr(INTEGER arg)
07:29:21.606 [main] DEBUG org.hibernate.HQL_FUNCTIONS -- coalesce(arg0[, arg1[, ...]])
07:29:21.606 [main] DEBUG org.hibernate.HQL_FUNCTIONS -- String collate(STRING string as COLLATION collation)
07:29:21.606 [main] DEBUG org.hibernate.HQL_FUNCTIONS -- String concat(STRING string0[, STRING string1[, ...]])
07:29:21.606 [main] DEBUG org.hibernate.HQL_FUNCTIONS -- Double cos(NUMERIC arg)
07:29:21.606 [main] DEBUG org.hibernate.HQL_FUNCTIONS -- Double cosh(NUMERIC arg)
07:29:21.606 [main] DEBUG org.hibernate.HQL_FUNCTIONS -- Double cot(NUMERIC arg)
07:29:21.606 [main] DEBUG org.hibernate.HQL_FUNCTIONS -- Long count([distinct ]{arg|*})
07:29:21.606 [main] DEBUG org.hibernate.HQL_FUNCTIONS -- Double cume_dist([arg0[, ...]])
07:29:21.606 [main] DEBUG org.hibernate.HQL_FUNCTIONS -- Date curdate()
07:29:21.606 [main] DEBUG org.hibernate.HQL_FUNCTIONS -- Date current date
07:29:21.606 [main] DEBUG org.hibernate.HQL_FUNCTIONS -- Time current time
07:29:21.606 [main] DEBUG org.hibernate.HQL_FUNCTIONS -- Timestamp current timestamp
07:29:21.606 [main] DEBUG org.hibernate.HQL_FUNCTIONS -- Date current_date
07:29:21.606 [main] DEBUG org.hibernate.HQL_FUNCTIONS -- Instant current_instant
07:29:21.606 [main] DEBUG org.hibernate.HQL_FUNCTIONS -- Time current_time
07:29:21.606 [main] DEBUG org.hibernate.HQL_FUNCTIONS -- Timestamp current_timestamp
07:29:21.606 [main] DEBUG org.hibernate.HQL_FUNCTIONS -- Time curtime()
07:29:21.606 [main] DEBUG org.hibernate.HQL_FUNCTIONS -- date_trunc(STRING field, TEMPORAL datetime)
07:29:21.606 [main] DEBUG org.hibernate.HQL_FUNCTIONS -- dateadd(TEMPORAL_UNIT field, INTEGER magnitude, TEMPORAL datetime)
07:29:21.606 [main] DEBUG org.hibernate.HQL_FUNCTIONS -- basicType@44(java.lang.Long,-5)|basicType@58(java.lang.Double,8) datediff(TEMPORAL_UNIT field, TEMPORAL start, TEMPORAL end)
07:29:21.606 [main] DEBUG org.hibernate.HQL_FUNCTIONS -- Integer day(DATE arg)
07:29:21.606 [main] DEBUG org.hibernate.HQL_FUNCTIONS -- Integer day_of_month(DATE arg)
07:29:21.606 [main] DEBUG org.hibernate.HQL_FUNCTIONS -- Integer day_of_week(DATE arg)
07:29:21.606 [main] DEBUG org.hibernate.HQL_FUNCTIONS -- Integer day_of_year(DATE arg)
07:29:21.606 [main] DEBUG org.hibernate.HQL_FUNCTIONS -- String dayname(DATE arg)
07:29:21.606 [main] DEBUG org.hibernate.HQL_FUNCTIONS -- Double degrees(NUMERIC arg)
07:29:21.606 [main] DEBUG org.hibernate.HQL_FUNCTIONS -- Long dense_rank([arg0[, ...]])
07:29:21.606 [main] DEBUG org.hibernate.HQL_FUNCTIONS -- Boolean every(BOOLEAN predicate)
07:29:21.606 [main] DEBUG org.hibernate.HQL_FUNCTIONS -- Double exp(NUMERIC arg)
07:29:21.606 [main] DEBUG org.hibernate.HQL_FUNCTIONS -- extract(TEMPORAL_UNIT field from TEMPORAL arg)
07:29:21.606 [main] DEBUG org.hibernate.HQL_FUNCTIONS -- first_valueANY value
07:29:21.606 [main] DEBUG org.hibernate.HQL_FUNCTIONS -- floor(NUMERIC arg)
07:29:21.606 [main] DEBUG org.hibernate.HQL_FUNCTIONS -- String format(TEMPORAL datetime as STRING pattern)
07:29:21.606 [main] DEBUG org.hibernate.HQL_FUNCTIONS -- greatest(COMPARABLE arg0, COMPARABLE arg1[, arg2[, ...]])
07:29:21.606 [main] DEBUG org.hibernate.HQL_FUNCTIONS -- Integer hour(TIME arg)
07:29:21.606 [main] DEBUG org.hibernate.HQL_FUNCTIONS -- ifnull(arg0, arg1)
07:29:21.606 [main] DEBUG org.hibernate.HQL_FUNCTIONS -- String insert(STRING string, INTEGER start, INTEGER length, STRING replacement)
07:29:21.606 [main] DEBUG org.hibernate.HQL_FUNCTIONS -- Instant instant
07:29:21.606 [main] DEBUG org.hibernate.HQL_FUNCTIONS -- Integer instr(STRING string, STRING pattern[, INTEGER start[, INTEGER occurrence]])
07:29:21.606 [main] DEBUG org.hibernate.HQL_FUNCTIONS -- lagANY value[, INTEGER offset[, ANY default]]
07:29:21.607 [main] DEBUG org.hibernate.HQL_FUNCTIONS -- last_valueANY value
07:29:21.607 [main] DEBUG org.hibernate.HQL_FUNCTIONS -- leadANY value[, INTEGER offset[, ANY default]]
07:29:21.607 [main] DEBUG org.hibernate.HQL_FUNCTIONS -- least(COMPARABLE arg0, COMPARABLE arg1[, arg2[, ...]])
07:29:21.607 [main] DEBUG org.hibernate.HQL_FUNCTIONS -- String left(STRING string, INTEGER length)
07:29:21.607 [main] DEBUG org.hibernate.HQL_FUNCTIONS -- Integer length(STRING_OR_CLOB arg)
07:29:21.607 [main] DEBUG org.hibernate.HQL_FUNCTIONS -- String listagg(STRING arg0, STRING arg1)
07:29:21.607 [main] DEBUG org.hibernate.HQL_FUNCTIONS -- Double ln(NUMERIC arg)
07:29:21.607 [main] DEBUG org.hibernate.HQL_FUNCTIONS -- LocalDate local date
07:29:21.607 [main] DEBUG org.hibernate.HQL_FUNCTIONS -- LocalDateTime local datetime
07:29:21.607 [main] DEBUG org.hibernate.HQL_FUNCTIONS -- LocalTime local time
07:29:21.607 [main] DEBUG org.hibernate.HQL_FUNCTIONS -- LocalDate local_date
07:29:21.607 [main] DEBUG org.hibernate.HQL_FUNCTIONS -- LocalDateTime local_datetime
07:29:21.607 [main] DEBUG org.hibernate.HQL_FUNCTIONS -- LocalTime local_time
07:29:21.607 [main] DEBUG org.hibernate.HQL_FUNCTIONS -- Time localtime
07:29:21.607 [main] DEBUG org.hibernate.HQL_FUNCTIONS -- Timestamp localtimestamp
07:29:21.607 [main] DEBUG org.hibernate.HQL_FUNCTIONS -- Integer locate(STRING pattern, STRING string[, INTEGER start])
07:29:21.607 [main] DEBUG org.hibernate.HQL_FUNCTIONS -- Double log(NUMERIC base, NUMERIC arg)
07:29:21.607 [main] DEBUG org.hibernate.HQL_FUNCTIONS -- Double log10(NUMERIC arg)
07:29:21.607 [main] DEBUG org.hibernate.HQL_FUNCTIONS -- String lower(STRING string)
07:29:21.607 [main] DEBUG org.hibernate.HQL_FUNCTIONS -- String lpad(STRING string, INTEGER length[, STRING padding])
07:29:21.607 [main] DEBUG org.hibernate.HQL_FUNCTIONS -- String ltrim(STRING string)
07:29:21.607 [main] DEBUG org.hibernate.HQL_FUNCTIONS -- max(COMPARABLE arg)
07:29:21.607 [main] DEBUG org.hibernate.HQL_FUNCTIONS -- Double median(NUMERIC arg)
07:29:21.607 [main] DEBUG org.hibernate.HQL_FUNCTIONS -- Integer microsecond(TIME arg)
07:29:21.607 [main] DEBUG org.hibernate.HQL_FUNCTIONS -- min(COMPARABLE arg)
07:29:21.607 [main] DEBUG org.hibernate.HQL_FUNCTIONS -- Integer minute(TIME arg)
07:29:21.607 [main] DEBUG org.hibernate.HQL_FUNCTIONS -- Integer mod(INTEGER arg0, INTEGER arg1)
07:29:21.607 [main] DEBUG org.hibernate.HQL_FUNCTIONS -- mode()
07:29:21.607 [main] DEBUG org.hibernate.HQL_FUNCTIONS -- Integer month(DATE arg)
07:29:21.607 [main] DEBUG org.hibernate.HQL_FUNCTIONS -- String monthname(DATE arg)
07:29:21.607 [main] DEBUG org.hibernate.HQL_FUNCTIONS -- Timestamp now()
07:29:21.607 [main] DEBUG org.hibernate.HQL_FUNCTIONS -- nth_valueANY value, INTEGER nth
07:29:21.607 [main] DEBUG org.hibernate.HQL_FUNCTIONS -- nullif(arg0, arg1)
07:29:21.607 [main] DEBUG org.hibernate.HQL_FUNCTIONS -- Integer octet_length(STRING_OR_CLOB arg)
07:29:21.607 [main] DEBUG org.hibernate.HQL_FUNCTIONS -- OffsetDateTime offset datetime
07:29:21.607 [main] DEBUG org.hibernate.HQL_FUNCTIONS -- OffsetDateTime offset_datetime
07:29:21.607 [main] DEBUG org.hibernate.HQL_FUNCTIONS -- String overlay(STRING string placing STRING replacement from INTEGER start[ for INTEGER length])
07:29:21.607 [main] DEBUG org.hibernate.HQL_FUNCTIONS -- String pad(STRING string with INTEGER length {leading|trailing}[ STRING character])
07:29:21.607 [main] DEBUG org.hibernate.HQL_FUNCTIONS -- Double percent_rank([arg0[, ...]])
07:29:21.607 [main] DEBUG org.hibernate.HQL_FUNCTIONS -- percentile_cont(NUMERIC arg)
07:29:21.607 [main] DEBUG org.hibernate.HQL_FUNCTIONS -- percentile_disc(NUMERIC arg)
07:29:21.607 [main] DEBUG org.hibernate.HQL_FUNCTIONS -- Double pi
07:29:21.607 [main] DEBUG org.hibernate.HQL_FUNCTIONS -- Integer position(STRING pattern in STRING string)
07:29:21.607 [main] DEBUG org.hibernate.HQL_FUNCTIONS -- Double power(NUMERIC arg0, NUMERIC arg1)
07:29:21.607 [main] DEBUG org.hibernate.HQL_FUNCTIONS -- Integer quarter(DATE arg)
07:29:21.607 [main] DEBUG org.hibernate.HQL_FUNCTIONS -- Double radians(NUMERIC arg)
07:29:21.607 [main] DEBUG org.hibernate.HQL_FUNCTIONS -- Double rand([INTEGER seed])
07:29:21.607 [main] DEBUG org.hibernate.HQL_FUNCTIONS -- Long rank([arg0[, ...]])
07:29:21.607 [main] DEBUG org.hibernate.HQL_FUNCTIONS -- String repeat(STRING string, INTEGER times)
07:29:21.607 [main] DEBUG org.hibernate.HQL_FUNCTIONS -- String replace(STRING string, STRING pattern, STRING replacement)
07:29:21.607 [main] DEBUG org.hibernate.HQL_FUNCTIONS -- String right(STRING string, INTEGER length)
07:29:21.607 [main] DEBUG org.hibernate.HQL_FUNCTIONS -- round(NUMERIC number[, INTEGER places])
07:29:21.607 [main] DEBUG org.hibernate.HQL_FUNCTIONS -- Long row_number()
07:29:21.607 [main] DEBUG org.hibernate.HQL_FUNCTIONS -- Long rownum()
07:29:21.607 [main] DEBUG org.hibernate.HQL_FUNCTIONS -- String rpad(STRING string, INTEGER length[, STRING padding])
07:29:21.607 [main] DEBUG org.hibernate.HQL_FUNCTIONS -- String rtrim(STRING string)
07:29:21.607 [main] DEBUG org.hibernate.HQL_FUNCTIONS -- Integer second(TIME arg)
07:29:21.607 [main] DEBUG org.hibernate.HQL_FUNCTIONS -- Integer sign(NUMERIC arg)
07:29:21.607 [main] DEBUG org.hibernate.HQL_FUNCTIONS -- Double sin(NUMERIC arg)
07:29:21.607 [main] DEBUG org.hibernate.HQL_FUNCTIONS -- Double sinh(NUMERIC arg)
07:29:21.607 [main] DEBUG org.hibernate.HQL_FUNCTIONS -- String soundex(arg)
07:29:21.607 [main] DEBUG org.hibernate.HQL_FUNCTIONS -- String space(INTEGER arg)
07:29:21.607 [main] DEBUG org.hibernate.HQL_FUNCTIONS -- Object sql
07:29:21.607 [main] DEBUG org.hibernate.HQL_FUNCTIONS -- Double sqrt(NUMERIC arg)
07:29:21.607 [main] DEBUG org.hibernate.HQL_FUNCTIONS -- Double stddev_pop(NUMERIC arg)
07:29:21.607 [main] DEBUG org.hibernate.HQL_FUNCTIONS -- Double stddev_samp(NUMERIC arg)
07:29:21.607 [main] DEBUG org.hibernate.HQL_FUNCTIONS -- String str(arg)
07:29:21.607 [main] DEBUG org.hibernate.HQL_FUNCTIONS -- String substr(STRING string, INTEGER start[, INTEGER length])
07:29:21.607 [main] DEBUG org.hibernate.HQL_FUNCTIONS -- String substring(STRING string{ from|,} INTEGER start[{ for|,} INTEGER length])
07:29:21.607 [main] DEBUG org.hibernate.HQL_FUNCTIONS -- sum(arg)
07:29:21.607 [main] DEBUG org.hibernate.HQL_FUNCTIONS -- Timestamp sysdate
07:29:21.607 [main] DEBUG org.hibernate.HQL_FUNCTIONS -- Double tan(NUMERIC arg)
07:29:21.607 [main] DEBUG org.hibernate.HQL_FUNCTIONS -- Double tanh(NUMERIC arg)
07:29:21.607 [main] DEBUG org.hibernate.HQL_FUNCTIONS -- timestampadd(TEMPORAL_UNIT field, INTEGER magnitude, TEMPORAL datetime)
07:29:21.607 [main] DEBUG org.hibernate.HQL_FUNCTIONS -- basicType@44(java.lang.Long,-5)|basicType@58(java.lang.Double,8) timestampdiff(TEMPORAL_UNIT field, TEMPORAL start, TEMPORAL end)
07:29:21.607 [main] DEBUG org.hibernate.HQL_FUNCTIONS -- String translate(STRING arg0, STRING arg1, STRING arg2)
07:29:21.607 [main] DEBUG org.hibernate.HQL_FUNCTIONS -- String trim([[{leading|trailing|both} ][STRING arg0 ]from] STRING arg1)
07:29:21.607 [main] DEBUG org.hibernate.HQL_FUNCTIONS -- trunc( ... )
07:29:21.607 [main] DEBUG org.hibernate.HQL_FUNCTIONS -- truncate( ... )
07:29:21.607 [main] DEBUG org.hibernate.HQL_FUNCTIONS -- String upper(STRING string)
07:29:21.607 [main] DEBUG org.hibernate.HQL_FUNCTIONS -- Double var_pop(NUMERIC arg)
07:29:21.607 [main] DEBUG org.hibernate.HQL_FUNCTIONS -- Double var_samp(NUMERIC arg)
07:29:21.607 [main] DEBUG org.hibernate.HQL_FUNCTIONS -- Integer week(DATE arg)
07:29:21.607 [main] DEBUG org.hibernate.HQL_FUNCTIONS -- Integer year(DATE arg)
07:29:21.607 [main] DEBUG org.hibernate.orm.query.plan.cache -- Starting QueryInterpretationCache(2048)
07:29:21.608 [main] DEBUG org.hibernate.service.internal.SessionFactoryServiceRegistryImpl -- EventListenerRegistry access via ServiceRegistry is deprecated.  Use `sessionFactory.getEventEngine().getListenerRegistry()` instead
07:29:21.608 [main] DEBUG org.hibernate.event.internal.EntityCopyObserverFactoryInitiator -- Configured EntityCopyObserver strategy: disallow
07:29:21.608 [main] DEBUG org.hibernate.boot.internal.ClassLoaderAccessImpl -- Not known whether passed class name [com.example.shopservice.entity.Product] is safe
07:29:21.608 [main] DEBUG org.hibernate.boot.internal.ClassLoaderAccessImpl -- No temp ClassLoader provided; using live ClassLoader for loading potentially unsafe class : com.example.shopservice.entity.Product
07:29:21.616 [main] DEBUG org.hibernate.bytecode.internal.bytebuddy.BytecodeProviderImpl -- HHH000513: Unable to create the ReflectionOptimizer for [com.example.shopservice.entity.Product]: private accessor [name]
07:29:21.617 [main] DEBUG org.hibernate.ormbytecode.interceptor -- To-one property `com.example.shopservice.entity.Order#user` was mapped with LAZY + NO_PROXY but the class was not enhanced
07:29:21.617 [main] DEBUG org.hibernate.ormbytecode.interceptor -- To-one property `com.example.shopservice.entity.Order#user` was mapped with LAZY + NO_PROXY but the class was not enhanced
07:29:21.617 [main] DEBUG org.hibernate.boot.internal.ClassLoaderAccessImpl -- Not known whether passed class name [com.example.shopservice.entity.Order] is safe
07:29:21.617 [main] DEBUG org.hibernate.boot.internal.ClassLoaderAccessImpl -- No temp ClassLoader provided; using live ClassLoader for loading potentially unsafe class : com.example.shopservice.entity.Order
07:29:21.625 [main] DEBUG org.hibernate.bytecode.internal.bytebuddy.BytecodeProviderImpl -- HHH000513: Unable to create the ReflectionOptimizer for [com.example.shopservice.entity.Order]: private accessor [orderDate]
07:29:21.625 [main] DEBUG org.hibernate.ormbytecode.interceptor -- To-one property `com.example.shopservice.entity.Order#user` was mapped with LAZY + NO_PROXY but the class was not enhanced
07:29:21.626 [main] DEBUG org.hibernate.boot.internal.ClassLoaderAccessImpl -- Not known whether passed class name [com.example.shopservice.entity.User] is safe
07:29:21.626 [main] DEBUG org.hibernate.boot.internal.ClassLoaderAccessImpl -- No temp ClassLoader provided; using live ClassLoader for loading potentially unsafe class : com.example.shopservice.entity.User
07:29:21.631 [HikariPool-3 housekeeper] DEBUG com.zaxxer.hikari.pool.HikariPool -- HikariPool-3 - Pool stats (total=1, active=0, idle=1, waiting=0)
07:29:21.633 [main] DEBUG org.hibernate.bytecode.internal.bytebuddy.BytecodeProviderImpl -- HHH000513: Unable to create the ReflectionOptimizer for [com.example.shopservice.entity.User]: private accessor [email]
07:29:21.633 [main] DEBUG org.hibernate.ormbytecode.interceptor -- To-one property `com.example.shopservice.entity.OrderItem#order` was mapped with LAZY + NO_PROXY but the class was not enhanced
07:29:21.633 [main] DEBUG org.hibernate.ormbytecode.interceptor -- To-one property `com.example.shopservice.entity.OrderItem#order` was mapped with LAZY + NO_PROXY but the class was not enhanced
07:29:21.633 [main] DEBUG org.hibernate.ormbytecode.interceptor -- To-one property `com.example.shopservice.entity.OrderItem#product` was mapped with LAZY + NO_PROXY but the class was not enhanced
07:29:21.633 [main] DEBUG org.hibernate.ormbytecode.interceptor -- To-one property `com.example.shopservice.entity.OrderItem#product` was mapped with LAZY + NO_PROXY but the class was not enhanced
07:29:21.633 [main] DEBUG org.hibernate.boot.internal.ClassLoaderAccessImpl -- Not known whether passed class name [com.example.shopservice.entity.OrderItem] is safe
07:29:21.633 [main] DEBUG org.hibernate.boot.internal.ClassLoaderAccessImpl -- No temp ClassLoader provided; using live ClassLoader for loading potentially unsafe class : com.example.shopservice.entity.OrderItem
07:29:21.635 [HikariPool-3 connection adder] DEBUG com.zaxxer.hikari.pool.HikariPool -- HikariPool-3 - Added connection conn21: url=jdbc:h2:mem:testDb user=SA
07:29:21.641 [main] DEBUG org.hibernate.bytecode.internal.bytebuddy.BytecodeProviderImpl -- HHH000513: Unable to create the ReflectionOptimizer for [com.example.shopservice.entity.OrderItem]: private accessor [order]
07:29:21.641 [main] DEBUG org.hibernate.ormbytecode.interceptor -- To-one property `com.example.shopservice.entity.OrderItem#order` was mapped with LAZY + NO_PROXY but the class was not enhanced
07:29:21.641 [main] DEBUG org.hibernate.ormbytecode.interceptor -- To-one property `com.example.shopservice.entity.OrderItem#product` was mapped with LAZY + NO_PROXY but the class was not enhanced
07:29:21.641 [main] DEBUG org.hibernate.ormbytecode.interceptor -- To-one property `com.example.shopservice.entity.Review#product` was mapped with LAZY + NO_PROXY but the class was not enhanced
07:29:21.641 [main] DEBUG org.hibernate.ormbytecode.interceptor -- To-one property `com.example.shopservice.entity.Review#product` was mapped with LAZY + NO_PROXY but the class was not enhanced
07:29:21.641 [main] DEBUG org.hibernate.ormbytecode.interceptor -- To-one property `com.example.shopservice.entity.Review#user` was mapped with LAZY + NO_PROXY but the class was not enhanced
07:29:21.641 [main] DEBUG org.hibernate.ormbytecode.interceptor -- To-one property `com.example.shopservice.entity.Review#user` was mapped with LAZY + NO_PROXY but the class was not enhanced
07:29:21.641 [main] DEBUG org.hibernate.boot.internal.ClassLoaderAccessImpl -- Not known whether passed class name [com.example.shopservice.entity.Review] is safe
07:29:21.641 [main] DEBUG org.hibernate.boot.internal.ClassLoaderAccessImpl -- No temp ClassLoader provided; using live ClassLoader for loading potentially unsafe class : com.example.shopservice.entity.Review
07:29:21.654 [main] DEBUG org.hibernate.bytecode.internal.bytebuddy.BytecodeProviderImpl -- HHH000513: Unable to create the ReflectionOptimizer for [com.example.shopservice.entity.Review]: private accessor [comment]
07:29:21.654 [main] DEBUG org.hibernate.ormbytecode.interceptor -- To-one property `com.example.shopservice.entity.Review#product` was mapped with LAZY + NO_PROXY but the class was not enhanced
07:29:21.654 [main] DEBUG org.hibernate.ormbytecode.interceptor -- To-one property `com.example.shopservice.entity.Review#user` was mapped with LAZY + NO_PROXY but the class was not enhanced
07:29:21.654 [main] DEBUG org.hibernate.orm.jdbc.mutation -- Skipping collection (re)creation - com.example.shopservice.entity.Order.orderItems
07:29:21.654 [main] DEBUG org.hibernate.orm.jdbc.mutation -- Skipping collection row deletions - com.example.shopservice.entity.Order.orderItems
07:29:21.654 [main] DEBUG org.hibernate.orm.jdbc.mutation -- Skipping collection removals - com.example.shopservice.entity.Order.orderItems
07:29:21.656 [main] DEBUG org.hibernate.orm.model.mapping.creation -- Starting post-init callbacks
07:29:21.656 [main] DEBUG org.hibernate.orm.model.mapping.creation -- Starting PostInitCallbackEntry : Entity(com.example.shopservice.entity.Product) `staticFetchableList` generator
07:29:21.656 [main] DEBUG org.hibernate.orm.model.mapping.creation -- Starting PostInitCallbackEntry : PluralAttributeMapping( NavigableRole[com.example.shopservice.entity.Order.orderItems#{element}]) - element descriptor
07:29:21.656 [main] DEBUG org.hibernate.orm.model.mapping.creation -- Starting PostInitCallbackEntry : PluralAttributeMapping(com.example.shopservice.entity.Order.orderItems)#finishInitialization
07:29:21.656 [main] DEBUG org.hibernate.orm.model.mapping.creation -- Starting PostInitCallbackEntry : PluralAttributeMapping(com.example.shopservice.entity.Order.orderItems) - key descriptor
07:29:21.656 [main] DEBUG org.hibernate.orm.model.mapping.creation -- Starting PostInitCallbackEntry : To-one key - NavigableRole[com.example.shopservice.entity.Order.user]
07:29:21.656 [main] DEBUG org.hibernate.orm.model.mapping.creation -- Starting PostInitCallbackEntry : Entity(com.example.shopservice.entity.Order) `staticFetchableList` generator
07:29:21.656 [main] DEBUG org.hibernate.orm.model.mapping.creation -- Starting PostInitCallbackEntry : Entity(com.example.shopservice.entity.User) `staticFetchableList` generator
07:29:21.656 [main] DEBUG org.hibernate.orm.model.mapping.creation -- Starting PostInitCallbackEntry : To-one key - NavigableRole[com.example.shopservice.entity.OrderItem.order]
07:29:21.656 [main] DEBUG org.hibernate.orm.model.mapping.creation -- Starting PostInitCallbackEntry : To-one key - NavigableRole[com.example.shopservice.entity.OrderItem.product]
07:29:21.656 [main] DEBUG org.hibernate.orm.model.mapping.creation -- Starting PostInitCallbackEntry : Entity(com.example.shopservice.entity.OrderItem) `staticFetchableList` generator
07:29:21.656 [main] DEBUG org.hibernate.orm.model.mapping.creation -- Starting PostInitCallbackEntry : To-one key - NavigableRole[com.example.shopservice.entity.Review.product]
07:29:21.656 [main] DEBUG org.hibernate.orm.model.mapping.creation -- Starting PostInitCallbackEntry : To-one key - NavigableRole[com.example.shopservice.entity.Review.user]
07:29:21.656 [main] DEBUG org.hibernate.orm.model.mapping.creation -- Starting PostInitCallbackEntry : Entity(com.example.shopservice.entity.Review) `staticFetchableList` generator
07:29:21.656 [main] DEBUG org.hibernate.orm.model.mapping.creation -- Starting PostInitCallbackEntry : PluralAttributeMapping( NavigableRole[com.example.shopservice.entity.Order.orderItems#{element}]) - element descriptor
07:29:21.659 [main] DEBUG org.hibernate.orm.sql.ast.create -- Created new SQL alias : p1_0
07:29:21.659 [main] DEBUG org.hibernate.orm.sql.ast.create -- Registration of TableGroup [StandardTableGroup(com.example.shopservice.entity.Product)] with identifierForTableGroup [com.example.shopservice.entity.Product] for NavigablePath [com.example.shopservice.entity.Product] 
07:29:21.659 [main] DEBUG org.hibernate.orm.results.graph.AST -- DomainResult Graph:
 \-EntityResultImpl [com.example.shopservice.entity.Product]
 |  +-BasicFetch [com.example.shopservice.entity.Product.name]
 |  \-BasicFetch [com.example.shopservice.entity.Product.price]

07:29:21.659 [main] DEBUG org.hibernate.orm.sql.ast.tree -- SQL AST Tree:
    SelectStatement {
      FromClause {
        StandardTableGroup (p1 : com.example.shopservice.entity.Product) {
          primaryTableReference : products as p1_0
        }
      }
    }

07:29:21.659 [main] DEBUG org.hibernate.persister.entity.AbstractEntityPersister -- Static SQL for entity: com.example.shopservice.entity.Product
07:29:21.659 [main] DEBUG org.hibernate.persister.entity.AbstractEntityPersister --  Version select: select id from products where id=?
07:29:21.659 [main] DEBUG org.hibernate.persister.entity.AbstractEntityPersister --  Insert (0): insert into products (name,price,id) values (?,?,default)
07:29:21.659 [main] DEBUG org.hibernate.persister.entity.AbstractEntityPersister --  Update (0): update products set name=?,price=? where id=?
07:29:21.659 [main] DEBUG org.hibernate.persister.entity.AbstractEntityPersister --  Delete (0): delete from products where id=?
07:29:21.660 [main] DEBUG org.hibernate.orm.sql.ast.create -- Created new SQL alias : o1_0
07:29:21.660 [main] DEBUG org.hibernate.orm.sql.ast.create -- Registration of TableGroup [StandardTableGroup(com.example.shopservice.entity.Order)] with identifierForTableGroup [com.example.shopservice.entity.Order] for NavigablePath [com.example.shopservice.entity.Order] 
07:29:21.660 [main] DEBUG org.hibernate.orm.sql.ast.create -- Registration of TableGroup [org.hibernate.sql.ast.tree.from.LazyTableGroup@4379fe2a] with identifierForTableGroup [com.example.shopservice.entity.Order.user] for NavigablePath [com.example.shopservice.entity.Order.user] 
07:29:21.660 [main] DEBUG org.hibernate.orm.sql.ast.create -- Created new SQL alias : u1_0
07:29:21.660 [main] DEBUG org.hibernate.orm.results.graph.AST -- DomainResult Graph:
 \-EntityResultImpl [com.example.shopservice.entity.Order]
 |  +-BasicFetch [com.example.shopservice.entity.Order.orderDate]
 |  +-DelayedCollectionFetch [com.example.shopservice.entity.Order.orderItems]
 |  \-EntityFetchJoinedImpl [com.example.shopservice.entity.Order.user]

07:29:21.660 [main] DEBUG org.hibernate.orm.sql.ast.tree -- SQL AST Tree:
    SelectStatement {
      FromClause {
        StandardTableGroup (o1 : com.example.shopservice.entity.Order) {
          primaryTableReference : orders as o1_0
          TableGroupJoins {
            left  join LazyTableGroup (u1 : com.example.shopservice.entity.Order.user) {
              primaryTableReference : users as u1_0
            }
          }
        }
      }
    }

07:29:21.660 [main] DEBUG org.hibernate.persister.entity.AbstractEntityPersister -- Static SQL for entity: com.example.shopservice.entity.Order
07:29:21.660 [main] DEBUG org.hibernate.persister.entity.AbstractEntityPersister --  Version select: select id from orders where id=?
07:29:21.660 [main] DEBUG org.hibernate.persister.entity.AbstractEntityPersister --  Insert (0): insert into orders (order_date,user_id,id) values (?,?,default)
07:29:21.660 [main] DEBUG org.hibernate.persister.entity.AbstractEntityPersister --  Update (0): update orders set order_date=?,user_id=? where id=?
07:29:21.660 [main] DEBUG org.hibernate.persister.entity.AbstractEntityPersister --  Delete (0): delete from orders where id=?
07:29:21.660 [main] DEBUG org.hibernate.orm.sql.ast.create -- Created new SQL alias : u1_0
07:29:21.660 [main] DEBUG org.hibernate.orm.sql.ast.create -- Registration of TableGroup [StandardTableGroup(com.example.shopservice.entity.User)] with identifierForTableGroup [com.example.shopservice.entity.User] for NavigablePath [com.example.shopservice.entity.User] 
07:29:21.660 [main] DEBUG org.hibernate.orm.results.graph.AST -- DomainResult Graph:
 \-EntityResultImpl [com.example.shopservice.entity.User]
 |  +-BasicFetch [com.example.shopservice.entity.User.email]
 |  \-BasicFetch [com.example.shopservice.entity.User.username]

07:29:21.660 [main] DEBUG org.hibernate.orm.sql.ast.tree -- SQL AST Tree:
    SelectStatement {
      FromClause {
        StandardTableGroup (u1 : com.example.shopservice.entity.User) {
          primaryTableReference : users as u1_0
        }
      }
    }

07:29:21.661 [main] DEBUG org.hibernate.persister.entity.AbstractEntityPersister -- Static SQL for entity: com.example.shopservice.entity.User
07:29:21.661 [main] DEBUG org.hibernate.persister.entity.AbstractEntityPersister --  Version select: select id from users where id=?
07:29:21.661 [main] DEBUG org.hibernate.persister.entity.AbstractEntityPersister --  Insert (0): insert into users (email,username,id) values (?,?,default)
07:29:21.661 [main] DEBUG org.hibernate.persister.entity.AbstractEntityPersister --  Update (0): update users set email=?,username=? where id=?
07:29:21.661 [main] DEBUG org.hibernate.persister.entity.AbstractEntityPersister --  Delete (0): delete from users where id=?
07:29:21.661 [main] DEBUG org.hibernate.orm.sql.ast.create -- Created new SQL alias : oi1_0
07:29:21.661 [main] DEBUG org.hibernate.orm.sql.ast.create -- Registration of TableGroup [StandardTableGroup(com.example.shopservice.entity.OrderItem)] with identifierForTableGroup [com.example.shopservice.entity.OrderItem] for NavigablePath [com.example.shopservice.entity.OrderItem] 
07:29:21.661 [main] DEBUG org.hibernate.orm.sql.ast.create -- Registration of TableGroup [org.hibernate.sql.ast.tree.from.LazyTableGroup@7095b688] with identifierForTableGroup [com.example.shopservice.entity.OrderItem.order] for NavigablePath [com.example.shopservice.entity.OrderItem.order] 
07:29:21.661 [main] DEBUG org.hibernate.orm.sql.ast.create -- Created new SQL alias : o1_0
07:29:21.661 [main] DEBUG org.hibernate.orm.sql.ast.create -- Registration of TableGroup [org.hibernate.sql.ast.tree.from.LazyTableGroup@7c919e1e] with identifierForTableGroup [com.example.shopservice.entity.OrderItem.order.user] for NavigablePath [com.example.shopservice.entity.OrderItem.order.user] 
07:29:21.661 [main] DEBUG org.hibernate.orm.sql.ast.create -- Created new SQL alias : u1_0
07:29:21.661 [main] DEBUG org.hibernate.orm.sql.ast.create -- Registration of TableGroup [org.hibernate.sql.ast.tree.from.LazyTableGroup@bddac1c] with identifierForTableGroup [com.example.shopservice.entity.OrderItem.product] for NavigablePath [com.example.shopservice.entity.OrderItem.product] 
07:29:21.661 [main] DEBUG org.hibernate.orm.sql.ast.create -- Created new SQL alias : p1_0
07:29:21.661 [main] DEBUG org.hibernate.orm.results.graph.AST -- DomainResult Graph:
 \-EntityResultImpl [com.example.shopservice.entity.OrderItem]
 |  +-EntityFetchJoinedImpl [com.example.shopservice.entity.OrderItem.order]
 |  +-EntityFetchJoinedImpl [com.example.shopservice.entity.OrderItem.product]
 |  \-BasicFetch [com.example.shopservice.entity.OrderItem.quantity]

07:29:21.661 [main] DEBUG org.hibernate.orm.sql.ast.tree -- SQL AST Tree:
    SelectStatement {
      FromClause {
        StandardTableGroup (oi1 : com.example.shopservice.entity.OrderItem) {
          primaryTableReference : order_items as oi1_0
          TableGroupJoins {
            left  join LazyTableGroup (o1 : com.example.shopservice.entity.OrderItem.order) {
              primaryTableReference : orders as o1_0
              TableGroupJoins {
                left  join LazyTableGroup (u1 : com.example.shopservice.entity.OrderItem.order.user) {
                  primaryTableReference : users as u1_0
                }
              }
            }
            left  join LazyTableGroup (p1 : com.example.shopservice.entity.OrderItem.product) {
              primaryTableReference : products as p1_0
            }
          }
        }
      }
    }

07:29:21.662 [main] DEBUG org.hibernate.persister.entity.AbstractEntityPersister -- Static SQL for entity: com.example.shopservice.entity.OrderItem
07:29:21.662 [main] DEBUG org.hibernate.persister.entity.AbstractEntityPersister --  Version select: select id from order_items where id=?
07:29:21.662 [main] DEBUG org.hibernate.persister.entity.AbstractEntityPersister --  Insert (0): insert into order_items (order_id,product_id,quantity,id) values (?,?,?,default)
07:29:21.662 [main] DEBUG org.hibernate.persister.entity.AbstractEntityPersister --  Update (0): update order_items set order_id=?,product_id=?,quantity=? where id=?
07:29:21.662 [main] DEBUG org.hibernate.persister.entity.AbstractEntityPersister --  Delete (0): delete from order_items where id=?
07:29:21.662 [main] DEBUG org.hibernate.orm.sql.ast.create -- Created new SQL alias : r1_0
07:29:21.662 [main] DEBUG org.hibernate.orm.sql.ast.create -- Registration of TableGroup [StandardTableGroup(com.example.shopservice.entity.Review)] with identifierForTableGroup [com.example.shopservice.entity.Review] for NavigablePath [com.example.shopservice.entity.Review] 
07:29:21.662 [main] DEBUG org.hibernate.orm.sql.ast.create -- Registration of TableGroup [org.hibernate.sql.ast.tree.from.LazyTableGroup@31921151] with identifierForTableGroup [com.example.shopservice.entity.Review.product] for NavigablePath [com.example.shopservice.entity.Review.product] 
07:29:21.662 [main] DEBUG org.hibernate.orm.sql.ast.create -- Created new SQL alias : p1_0
07:29:21.662 [main] DEBUG org.hibernate.orm.sql.ast.create -- Registration of TableGroup [org.hibernate.sql.ast.tree.from.LazyTableGroup@5749e633] with identifierForTableGroup [com.example.shopservice.entity.Review.user] for NavigablePath [com.example.shopservice.entity.Review.user] 
07:29:21.662 [main] DEBUG org.hibernate.orm.sql.ast.create -- Created new SQL alias : u1_0
07:29:21.662 [main] DEBUG org.hibernate.orm.results.graph.AST -- DomainResult Graph:
 \-EntityResultImpl [com.example.shopservice.entity.Review]
 |  +-BasicFetch [com.example.shopservice.entity.Review.comment]
 |  +-EntityFetchJoinedImpl [com.example.shopservice.entity.Review.product]
 |  +-BasicFetch [com.example.shopservice.entity.Review.rating]
 |  \-EntityFetchJoinedImpl [com.example.shopservice.entity.Review.user]

07:29:21.662 [main] DEBUG org.hibernate.orm.sql.ast.tree -- SQL AST Tree:
    SelectStatement {
      FromClause {
        StandardTableGroup (r1 : com.example.shopservice.entity.Review) {
          primaryTableReference : reviews as r1_0
          TableGroupJoins {
            left  join LazyTableGroup (p1 : com.example.shopservice.entity.Review.product) {
              primaryTableReference : products as p1_0
            }
            left  join LazyTableGroup (u1 : com.example.shopservice.entity.Review.user) {
              primaryTableReference : users as u1_0
            }
          }
        }
      }
    }

07:29:21.662 [main] DEBUG org.hibernate.persister.entity.AbstractEntityPersister -- Static SQL for entity: com.example.shopservice.entity.Review
07:29:21.662 [main] DEBUG org.hibernate.persister.entity.AbstractEntityPersister --  Version select: select id from reviews where id=?
07:29:21.662 [main] DEBUG org.hibernate.persister.entity.AbstractEntityPersister --  Insert (0): insert into reviews (comment,product_id,rating,user_id,id) values (?,?,?,?,default)
07:29:21.662 [main] DEBUG org.hibernate.persister.entity.AbstractEntityPersister --  Update (0): update reviews set comment=?,product_id=?,rating=?,user_id=? where id=?
07:29:21.662 [main] DEBUG org.hibernate.persister.entity.AbstractEntityPersister --  Delete (0): delete from reviews where id=?
07:29:21.662 [main] DEBUG org.hibernate.orm.sql.ast.create -- Created new SQL alias : oi1_0
07:29:21.662 [main] DEBUG org.hibernate.orm.sql.ast.create -- Registration of TableGroup [org.hibernate.sql.ast.tree.from.OneToManyTableGroup@6ca97ddf] with identifierForTableGroup [com.example.shopservice.entity.Order.orderItems] for NavigablePath [com.example.shopservice.entity.Order.orderItems] 
07:29:21.662 [main] DEBUG org.hibernate.orm.sql.ast.create -- Registration of TableGroup [StandardTableGroup(com.example.shopservice.entity.Order.orderItems.{element})] with identifierForTableGroup [com.example.shopservice.entity.Order.orderItems.{element}] for NavigablePath [com.example.shopservice.entity.Order.orderItems.{element}] 
07:29:21.663 [main] DEBUG org.hibernate.orm.sql.ast.create -- Registration of TableGroup [org.hibernate.sql.ast.tree.from.LazyTableGroup@4d10f182] with identifierForTableGroup [com.example.shopservice.entity.Order.orderItems.{element}.order] for NavigablePath [com.example.shopservice.entity.Order.orderItems.{element}.order] 
07:29:21.663 [main] DEBUG org.hibernate.orm.sql.ast.create -- Registration of TableGroup [org.hibernate.sql.ast.tree.from.LazyTableGroup@5570ee6d] with identifierForTableGroup [com.example.shopservice.entity.Order.orderItems.{element}.product] for NavigablePath [com.example.shopservice.entity.Order.orderItems.{element}.product] 
07:29:21.663 [main] DEBUG org.hibernate.orm.sql.ast.create -- Created new SQL alias : p1_0
07:29:21.663 [main] DEBUG org.hibernate.orm.results.graph.AST -- DomainResult Graph:
 \-CollectionDomainResult [com.example.shopservice.entity.Order.orderItems]

07:29:21.663 [main] DEBUG org.hibernate.orm.sql.ast.tree -- SQL AST Tree:
    SelectStatement {
      FromClause {
        OneToManyTableGroup (oi1 : com.example.shopservice.entity.Order.orderItems) {
          primaryTableReference : order_items as oi1_0
          TableGroupJoins {
            left  join LazyTableGroup (o1 : com.example.shopservice.entity.Order.orderItems.{element}.order) {
            }
            left  join LazyTableGroup (p1 : com.example.shopservice.entity.Order.orderItems.{element}.product) {
              primaryTableReference : products as p1_0
            }
          }
        }
      }
    }

07:29:21.663 [main] DEBUG org.hibernate.orm.jdbc.mutation -- Static SQL for collection: com.example.shopservice.entity.Order.orderItems
07:29:21.665 [HikariPool-3 connection adder] DEBUG com.zaxxer.hikari.pool.HikariPool -- HikariPool-3 - After adding stats (total=2, active=0, idle=2, waiting=0)
07:29:21.665 [main] DEBUG org.hibernate.type.spi.TypeConfiguration$Scope -- Scoping TypeConfiguration [org.hibernate.type.spi.TypeConfiguration@3e4ead73] to SessionFactoryImplementor [org.hibernate.internal.SessionFactoryImpl@6a905513]
07:29:21.665 [main] DEBUG org.hibernate.query.named.NamedObjectRepository -- Checking 0 named HQL queries
07:29:21.665 [main] DEBUG org.hibernate.query.named.NamedObjectRepository -- Checking 0 named SQL queries
07:29:21.666 [main] DEBUG org.hibernate.SQL -- drop table if exists order_items cascade 
07:29:21.666 [main] DEBUG org.hibernate.SQL -- drop table if exists orders cascade 
07:29:21.666 [HikariPool-3 connection adder] DEBUG com.zaxxer.hikari.pool.HikariPool -- HikariPool-3 - Added connection conn22: url=jdbc:h2:mem:testDb user=SA
07:29:21.666 [main] DEBUG org.hibernate.SQL -- drop table if exists products cascade 
07:29:21.666 [main] DEBUG org.hibernate.SQL -- drop table if exists reviews cascade 
07:29:21.666 [main] DEBUG org.hibernate.SQL -- drop table if exists users cascade 
07:29:21.666 [main] DEBUG org.hibernate.SQL -- create table order_items (quantity integer not null, id bigint generated by default as identity, order_id bigint, product_id bigint, primary key (id))
07:29:21.669 [main] DEBUG org.hibernate.SQL -- create table orders (id bigint generated by default as identity, order_date timestamp(6), user_id bigint, primary key (id))
07:29:21.670 [main] DEBUG org.hibernate.SQL -- create table products (price numeric(38,2), id bigint generated by default as identity, name varchar(255), primary key (id))
07:29:21.671 [main] DEBUG org.hibernate.SQL -- create table reviews (rating integer not null, id bigint generated by default as identity, product_id bigint, user_id bigint, comment text, primary key (id))
07:29:21.672 [main] DEBUG org.hibernate.SQL -- create table users (id bigint generated by default as identity, email varchar(255), username varchar(255), primary key (id))
07:29:21.672 [main] DEBUG org.hibernate.SQL -- alter table if exists order_items add constraint FKbioxgbv59vetrxe0ejfubep1w foreign key (order_id) references orders
07:29:21.674 [main] DEBUG org.hibernate.SQL -- alter table if exists order_items add constraint FKocimc7dtr037rh4ls4l95nlfi foreign key (product_id) references products
07:29:21.675 [main] DEBUG org.hibernate.SQL -- alter table if exists orders add constraint FK32ql8ubntj5uh44ph9659tiih foreign key (user_id) references users
07:29:21.676 [main] DEBUG org.hibernate.SQL -- alter table if exists reviews add constraint FKpl51cejpw4gy5swfar8br9ngi foreign key (product_id) references products
07:29:21.677 [main] DEBUG org.hibernate.SQL -- alter table if exists reviews add constraint FKcgy7qjc1r99dp117y9en6lxye foreign key (user_id) references users
07:29:21.678 [main] DEBUG org.hibernate.internal.SessionFactoryRegistry -- Registering SessionFactory: 552e99cd-778d-4f0d-85e4-d2ac63ac5516 (default)
07:29:21.678 [main] DEBUG org.hibernate.internal.SessionFactoryRegistry -- Not binding SessionFactory to JNDI, no JNDI name configured
07:29:21.678 [main] DEBUG org.hibernate.internal.SessionFactoryImpl -- Instantiated SessionFactory
07:29:21.678 [main] DEBUG io.micronaut.context.lifecycle -- Created bean [org.hibernate.internal.SessionFactoryImpl@6a905513] from definition [Definition: io.micronaut.configuration.hibernate.jpa.conf.SessionFactoryPerDataSourceFactory] with qualifier [@Named('default')]
07:29:21.678 [main] DEBUG io.micronaut.context.DefaultBeanContext -- Finding candidate beans for type: ReactorConfiguration configuration
07:29:21.679 [main] DEBUG io.micronaut.context.DefaultBeanContext --   class io.micronaut.reactor.config.ReactorConfiguration null Definition: io.micronaut.reactor.config.ReactorConfiguration
07:29:21.679 [main] DEBUG io.micronaut.context.DefaultBeanContext -- Found concrete candidate [Definition: io.micronaut.reactor.config.ReactorConfiguration] for type: configuration 
07:29:21.679 [main] DEBUG io.micronaut.context.lifecycle -- Created bean [ReactorConfiguration[enableAutomaticContextPropagation=null, enableScheduleHookContextPropagation=null]] from definition [Definition: io.micronaut.reactor.config.ReactorConfiguration] with qualifier [null]
07:29:21.679 [main] DEBUG io.micronaut.context.lifecycle -- Created bean [io.micronaut.reactor.instrument.ReactorInstrumentation@36dc6b9] from definition [Definition: io.micronaut.reactor.instrument.ReactorInstrumentation] with qualifier [null]
07:29:21.679 [main] DEBUG io.micronaut.context.DefaultBeanContext -- Finding candidate beans for type: DatasourceConfiguration
07:29:21.679 [main] DEBUG io.micronaut.context.DefaultBeanContext --   class io.micronaut.configuration.jdbc.hikari.DatasourceConfiguration @Named('default') Definition: io.micronaut.configuration.jdbc.hikari.DatasourceConfiguration
07:29:21.679 [main] DEBUG io.micronaut.context.DefaultBeanContext -- Loaded active configurations: io.micronaut.jackson,io.micronaut.configuration.jdbc.hikari,io.micronaut.configuration.hibernate.jpa,io.micronaut.http.client
07:29:21.679 [main] DEBUG io.micronaut.context.DefaultBeanContext -- BeanContext Started.
07:29:21.679 [main] DEBUG io.micronaut.context.DefaultBeanContext -- Finding candidate beans for type: ApplicationEventPublisher
07:29:21.679 [main] DEBUG io.micronaut.context.DefaultBeanContext --   interface io.micronaut.context.event.ApplicationEventPublisher null io.micronaut.context.event.ApplicationEventPublisherFactory@210f5f7c
07:29:21.679 [main] DEBUG io.micronaut.context.DefaultBeanContext -- Found concrete candidate [io.micronaut.context.event.ApplicationEventPublisherFactory@210f5f7c] for type: applicationEventPublisher 
07:29:21.679 [main] DEBUG io.micronaut.context.lifecycle -- Created bean [io.micronaut.context.event.ApplicationEventPublisherFactory$2@5cff6d1d] from definition [io.micronaut.context.event.ApplicationEventPublisherFactory@210f5f7c] with qualifier [null]
07:29:21.679 [main] DEBUG io.micronaut.context.event.ApplicationEventPublisher -- Publishing event: io.micronaut.context.event.StartupEvent[source=io.micronaut.context.DefaultApplicationContext@3c981f76]
07:29:21.679 [main] DEBUG io.micronaut.context.DefaultBeanContext -- Resolving beans for type: <StartupEvent> io.micronaut.context.event.ApplicationEventListener 
07:29:21.680 [main] DEBUG io.micronaut.context.DefaultBeanContext -- Finding candidate beans for type: ApplicationEventListener
07:29:21.680 [main] DEBUG io.micronaut.context.condition.Condition -- Bean [Definition: io.micronaut.http.server.netty.ssl.CertificateProvidedSslBuilder] will not be loaded due to failing conditions:
07:29:21.680 [main] DEBUG io.micronaut.context.condition.Condition -- * Neither the old deprecated micronaut.ssl.build-self-signed, nor the new micronaut.server.ssl.build-self-signed were enabled.
07:29:21.680 [main] DEBUG io.micronaut.context.condition.Condition -- * Custom condition [class io.micronaut.http.server.netty.ssl.SslEnabledCondition] failed evaluation
07:29:21.680 [main] DEBUG io.micronaut.context.DefaultBeanContext -- Finding candidate beans for type: ServiceHttpClientConfiguration
07:29:21.680 [main] DEBUG io.micronaut.context.DefaultBeanContext -- No bean candidates found for type: ServiceHttpClientConfiguration
07:29:21.680 [main] DEBUG io.micronaut.context.DefaultBeanContext --   class io.micronaut.runtime.http.scope.RequestCustomScope null Definition: io.micronaut.runtime.http.scope.RequestCustomScope
07:29:21.680 [main] DEBUG io.micronaut.context.DefaultBeanContext --   class io.micronaut.http.server.netty.discovery.NettyServiceDiscovery$ApplicationEventListener$onStop2$Intercepted null Definition: io.micronaut.http.server.netty.discovery.NettyServiceDiscovery$ApplicationEventListener$onStop2$Intercepted
07:29:21.680 [main] DEBUG io.micronaut.context.DefaultBeanContext --   class io.micronaut.runtime.context.scope.refresh.RefreshScope null Definition: io.micronaut.runtime.context.scope.refresh.RefreshScope
07:29:21.680 [main] DEBUG io.micronaut.context.DefaultBeanContext --   interface io.micronaut.http.server.netty.NettyEmbeddedServer null Definition: io.micronaut.http.server.netty.DefaultNettyEmbeddedServerFactory
07:29:21.680 [main] DEBUG io.micronaut.context.DefaultBeanContext --   class io.micronaut.http.server.netty.discovery.NettyServiceDiscovery$ApplicationEventListener$onStart1$Intercepted null Definition: io.micronaut.http.server.netty.discovery.NettyServiceDiscovery$ApplicationEventListener$onStart1$Intercepted
07:29:21.680 [main] DEBUG io.micronaut.context.DefaultBeanContext --   class io.micronaut.http.client.netty.DefaultNettyHttpClientRegistry null Definition: io.micronaut.http.client.netty.DefaultNettyHttpClientRegistry
07:29:21.680 [main] DEBUG io.micronaut.context.DefaultBeanContext -- Resolving beans for type: io.micronaut.test.context.TestExecutionListener
07:29:21.680 [main] DEBUG io.micronaut.context.DefaultBeanContext -- Finding candidate beans for type: TestExecutionListener
07:29:21.680 [main] DEBUG io.micronaut.context.DefaultBeanContext -- Finding candidate beans for type: TransactionOperations
07:29:21.680 [main] DEBUG io.micronaut.context.DefaultBeanContext -- Finding candidate beans for type: DataSource
07:29:21.681 [main] DEBUG io.micronaut.context.DefaultBeanContext -- Finding candidate beans for type: DatasourceConfiguration
07:29:21.681 [main] DEBUG io.micronaut.context.DefaultBeanContext --   class io.micronaut.configuration.jdbc.hikari.DatasourceConfiguration @Named('default') Definition: io.micronaut.configuration.jdbc.hikari.DatasourceConfiguration
07:29:21.681 [main] DEBUG io.micronaut.context.DefaultBeanContext --   interface javax.sql.DataSource @Named('default') Definition: io.micronaut.configuration.jdbc.hikari.DatasourceFactory
07:29:21.681 [main] DEBUG io.micronaut.context.DefaultBeanContext -- Finding candidate beans for type: DataSource
07:29:21.681 [main] DEBUG io.micronaut.context.DefaultBeanContext -- Finding candidate beans for type: DatasourceConfiguration
07:29:21.681 [main] DEBUG io.micronaut.context.DefaultBeanContext --   class io.micronaut.configuration.jdbc.hikari.DatasourceConfiguration @Named('default') Definition: io.micronaut.configuration.jdbc.hikari.DatasourceConfiguration
07:29:21.681 [main] DEBUG io.micronaut.context.DefaultBeanContext --   interface javax.sql.DataSource @Named('default') Definition: io.micronaut.configuration.jdbc.hikari.DatasourceFactory
07:29:21.681 [main] DEBUG io.micronaut.context.DefaultBeanContext -- Bean [class io.micronaut.transaction.hibernate.HibernateTransactionManager] replaces existing bean of type [class io.micronaut.transaction.jdbc.DataSourceTransactionManager]
07:29:21.681 [main] DEBUG io.micronaut.context.DefaultBeanContext --   class io.micronaut.transaction.hibernate.HibernateTransactionManager @Named('default') Definition: io.micronaut.transaction.hibernate.HibernateTransactionManager
07:29:21.681 [main] DEBUG io.micronaut.context.DefaultBeanContext --   class io.micronaut.transaction.test.DefaultTestTransactionExecutionListener @Named('default') Definition: io.micronaut.transaction.test.DefaultTestTransactionExecutionListener
07:29:21.681 [main] DEBUG io.micronaut.context.DefaultBeanContext -- Finding candidate beans for type: TransactionOperations transactionManager
07:29:21.681 [main] DEBUG io.micronaut.context.DefaultBeanContext -- Finding candidate beans for type: DataSource
07:29:21.681 [main] DEBUG io.micronaut.context.DefaultBeanContext -- Finding candidate beans for type: DatasourceConfiguration
07:29:21.682 [main] DEBUG io.micronaut.context.DefaultBeanContext --   class io.micronaut.configuration.jdbc.hikari.DatasourceConfiguration @Named('default') Definition: io.micronaut.configuration.jdbc.hikari.DatasourceConfiguration
07:29:21.682 [main] DEBUG io.micronaut.context.DefaultBeanContext --   interface javax.sql.DataSource @Named('default') Definition: io.micronaut.configuration.jdbc.hikari.DatasourceFactory
07:29:21.682 [main] DEBUG io.micronaut.context.DefaultBeanContext -- Finding candidate beans for type: DataSource
07:29:21.682 [main] DEBUG io.micronaut.context.DefaultBeanContext -- Finding candidate beans for type: DatasourceConfiguration
07:29:21.682 [main] DEBUG io.micronaut.context.DefaultBeanContext --   class io.micronaut.configuration.jdbc.hikari.DatasourceConfiguration @Named('default') Definition: io.micronaut.configuration.jdbc.hikari.DatasourceConfiguration
07:29:21.682 [main] DEBUG io.micronaut.context.DefaultBeanContext --   interface javax.sql.DataSource @Named('default') Definition: io.micronaut.configuration.jdbc.hikari.DatasourceFactory
07:29:21.682 [main] DEBUG io.micronaut.context.DefaultBeanContext -- Bean [class io.micronaut.transaction.hibernate.HibernateTransactionManager] replaces existing bean of type [class io.micronaut.transaction.jdbc.DataSourceTransactionManager]
07:29:21.682 [main] DEBUG io.micronaut.context.DefaultBeanContext --   class io.micronaut.transaction.hibernate.HibernateTransactionManager @Named('default') Definition: io.micronaut.transaction.hibernate.HibernateTransactionManager
07:29:21.682 [main] DEBUG io.micronaut.context.DefaultBeanContext -- Qualifying bean [transactionManager] for qualifier: @Named('default') 
07:29:21.682 [main] DEBUG io.micronaut.context.DefaultBeanContext -- Found concrete candidate [Definition: io.micronaut.transaction.hibernate.HibernateTransactionManager] for type: @Named('default') transactionManager 
07:29:21.682 [main] DEBUG io.micronaut.context.DefaultBeanContext -- Finding candidate beans for type: ConnectionOperations connectionOperations
07:29:21.682 [main] DEBUG io.micronaut.context.DefaultBeanContext -- Finding candidate beans for type: SessionFactory
07:29:21.682 [main] DEBUG io.micronaut.context.DefaultBeanContext -- Finding candidate beans for type: SessionFactoryPerDataSourceFactory
07:29:21.683 [main] DEBUG io.micronaut.context.DefaultBeanContext --   class io.micronaut.configuration.hibernate.jpa.conf.SessionFactoryPerDataSourceFactory null Definition: io.micronaut.configuration.hibernate.jpa.conf.SessionFactoryPerDataSourceFactory
07:29:21.683 [main] DEBUG io.micronaut.context.condition.Condition -- Bean [Definition: io.micronaut.configuration.hibernate.jpa.conf.SessionFactoryPerJpaConfigurationFactory] will not be loaded due to failing conditions:
07:29:21.683 [main] DEBUG io.micronaut.context.condition.Condition -- * Existing bean [io.micronaut.configuration.hibernate.jpa.conf.SessionFactoryPerDataSourceFactory] of type [class io.micronaut.configuration.hibernate.jpa.conf.SessionFactoryPerDataSourceFactory] registered in context
07:29:21.683 [main] DEBUG io.micronaut.core.reflect.ClassUtils -- Attempting to dynamically load class org.hibernate.reactive.provider.ReactiveServiceRegistryBuilder
07:29:21.683 [main] DEBUG io.micronaut.core.reflect.ClassUtils -- Class org.hibernate.reactive.provider.ReactiveServiceRegistryBuilder is not present
07:29:21.683 [main] DEBUG io.micronaut.context.DefaultBeanContext -- Finding candidate beans for type: SessionFactoryBuilder
07:29:21.683 [main] DEBUG io.micronaut.context.DefaultBeanContext -- Finding candidate beans for type: Metadata
07:29:21.683 [main] DEBUG io.micronaut.context.DefaultBeanContext -- Finding candidate beans for type: MetadataSources
07:29:21.683 [main] DEBUG io.micronaut.context.DefaultBeanContext -- Finding candidate beans for type: ServiceRegistry
07:29:21.683 [main] DEBUG io.micronaut.context.DefaultBeanContext -- Finding candidate beans for type: DataSource
07:29:21.683 [main] DEBUG io.micronaut.context.DefaultBeanContext -- Finding candidate beans for type: DatasourceConfiguration
07:29:21.683 [main] DEBUG io.micronaut.context.DefaultBeanContext --   class io.micronaut.configuration.jdbc.hikari.DatasourceConfiguration @Named('default') Definition: io.micronaut.configuration.jdbc.hikari.DatasourceConfiguration
07:29:21.683 [main] DEBUG io.micronaut.context.DefaultBeanContext --   interface javax.sql.DataSource @Named('default') Definition: io.micronaut.configuration.jdbc.hikari.DatasourceFactory
07:29:21.683 [main] DEBUG io.micronaut.core.reflect.ClassUtils -- Attempting to dynamically load class org.hibernate.reactive.provider.ReactiveServiceRegistryBuilder
07:29:21.684 [main] DEBUG io.micronaut.core.reflect.ClassUtils -- Class org.hibernate.reactive.provider.ReactiveServiceRegistryBuilder is not present
07:29:21.684 [main] DEBUG io.micronaut.context.DefaultBeanContext --   interface org.hibernate.service.ServiceRegistry @Named('default') Definition: io.micronaut.configuration.hibernate.jpa.conf.SessionFactoryPerDataSourceFactory
07:29:21.684 [main] DEBUG io.micronaut.core.reflect.ClassUtils -- Attempting to dynamically load class org.hibernate.reactive.provider.ReactiveServiceRegistryBuilder
07:29:21.684 [main] DEBUG io.micronaut.core.reflect.ClassUtils -- Class org.hibernate.reactive.provider.ReactiveServiceRegistryBuilder is not present
07:29:21.684 [main] DEBUG io.micronaut.context.DefaultBeanContext --   class org.hibernate.boot.MetadataSources @Named('default') Definition: io.micronaut.configuration.hibernate.jpa.conf.SessionFactoryPerDataSourceFactory
07:29:21.684 [main] DEBUG io.micronaut.core.reflect.ClassUtils -- Attempting to dynamically load class org.hibernate.reactive.provider.ReactiveServiceRegistryBuilder
07:29:21.684 [main] DEBUG io.micronaut.core.reflect.ClassUtils -- Class org.hibernate.reactive.provider.ReactiveServiceRegistryBuilder is not present
07:29:21.684 [main] DEBUG io.micronaut.context.DefaultBeanContext --   interface org.hibernate.boot.Metadata @Named('default') Definition: io.micronaut.configuration.hibernate.jpa.conf.SessionFactoryPerDataSourceFactory
07:29:21.684 [main] DEBUG io.micronaut.core.reflect.ClassUtils -- Attempting to dynamically load class org.hibernate.reactive.provider.ReactiveServiceRegistryBuilder
07:29:21.684 [main] DEBUG io.micronaut.core.reflect.ClassUtils -- Class org.hibernate.reactive.provider.ReactiveServiceRegistryBuilder is not present
07:29:21.684 [main] DEBUG io.micronaut.context.DefaultBeanContext --   interface org.hibernate.boot.SessionFactoryBuilder @Named('default') Definition: io.micronaut.configuration.hibernate.jpa.conf.SessionFactoryPerDataSourceFactory
07:29:21.684 [main] DEBUG io.micronaut.core.reflect.ClassUtils -- Attempting to dynamically load class org.hibernate.reactive.provider.ReactiveServiceRegistryBuilder
07:29:21.684 [main] DEBUG io.micronaut.core.reflect.ClassUtils -- Class org.hibernate.reactive.provider.ReactiveServiceRegistryBuilder is not present
07:29:21.684 [main] DEBUG io.micronaut.context.DefaultBeanContext --   interface org.hibernate.SessionFactory @Named('default') Definition: io.micronaut.configuration.hibernate.jpa.conf.SessionFactoryPerDataSourceFactory
07:29:21.684 [main] DEBUG io.micronaut.context.DefaultBeanContext --   class io.micronaut.data.hibernate.connection.HibernateConnectionOperations @Named('default') Definition: io.micronaut.data.hibernate.connection.HibernateConnectionOperations
07:29:21.684 [main] DEBUG io.micronaut.context.DefaultBeanContext -- Qualifying bean [connectionOperations] for qualifier: @Named('default') 
07:29:21.684 [main] DEBUG io.micronaut.context.DefaultBeanContext -- Found concrete candidate [Definition: io.micronaut.data.hibernate.connection.HibernateConnectionOperations] for type: @Named('default') connectionOperations 
07:29:21.684 [main] DEBUG io.micronaut.context.DefaultBeanContext -- Finding candidate beans for type: Interceptor entityInterceptor
07:29:21.684 [main] DEBUG io.micronaut.context.DefaultBeanContext -- No bean candidates found for type: Interceptor entityInterceptor
07:29:21.684 [main] DEBUG io.micronaut.context.lifecycle -- Created bean [io.micronaut.data.hibernate.connection.HibernateConnectionOperations@4844e24b] from definition [Definition: io.micronaut.data.hibernate.connection.HibernateConnectionOperations] with qualifier [@Named('default')]
07:29:21.684 [main] DEBUG io.micronaut.context.DefaultBeanContext -- Finding candidate beans for type: SynchronousConnectionManager synchronousConnectionManager
07:29:21.684 [main] DEBUG io.micronaut.context.DefaultBeanContext -- Finding candidate beans for type: SessionFactory
07:29:21.685 [main] DEBUG io.micronaut.context.DefaultBeanContext -- Finding candidate beans for type: SessionFactoryBuilder
07:29:21.685 [main] DEBUG io.micronaut.context.DefaultBeanContext -- Finding candidate beans for type: Metadata
07:29:21.685 [main] DEBUG io.micronaut.context.DefaultBeanContext -- Finding candidate beans for type: MetadataSources
07:29:21.685 [main] DEBUG io.micronaut.context.DefaultBeanContext -- Finding candidate beans for type: ServiceRegistry
07:29:21.685 [main] DEBUG io.micronaut.context.DefaultBeanContext -- Finding candidate beans for type: DataSource
07:29:21.685 [main] DEBUG io.micronaut.context.DefaultBeanContext -- Finding candidate beans for type: DatasourceConfiguration
07:29:21.685 [main] DEBUG io.micronaut.context.DefaultBeanContext --   class io.micronaut.configuration.jdbc.hikari.DatasourceConfiguration @Named('default') Definition: io.micronaut.configuration.jdbc.hikari.DatasourceConfiguration
07:29:21.685 [main] DEBUG io.micronaut.context.DefaultBeanContext --   interface javax.sql.DataSource @Named('default') Definition: io.micronaut.configuration.jdbc.hikari.DatasourceFactory
07:29:21.685 [main] DEBUG io.micronaut.core.reflect.ClassUtils -- Attempting to dynamically load class org.hibernate.reactive.provider.ReactiveServiceRegistryBuilder
07:29:21.685 [main] DEBUG io.micronaut.core.reflect.ClassUtils -- Class org.hibernate.reactive.provider.ReactiveServiceRegistryBuilder is not present
07:29:21.685 [main] DEBUG io.micronaut.context.DefaultBeanContext --   interface org.hibernate.service.ServiceRegistry @Named('default') Definition: io.micronaut.configuration.hibernate.jpa.conf.SessionFactoryPerDataSourceFactory
07:29:21.685 [main] DEBUG io.micronaut.core.reflect.ClassUtils -- Attempting to dynamically load class org.hibernate.reactive.provider.ReactiveServiceRegistryBuilder
07:29:21.685 [main] DEBUG io.micronaut.core.reflect.ClassUtils -- Class org.hibernate.reactive.provider.ReactiveServiceRegistryBuilder is not present
07:29:21.685 [main] DEBUG io.micronaut.context.DefaultBeanContext --   class org.hibernate.boot.MetadataSources @Named('default') Definition: io.micronaut.configuration.hibernate.jpa.conf.SessionFactoryPerDataSourceFactory
07:29:21.685 [main] DEBUG io.micronaut.core.reflect.ClassUtils -- Attempting to dynamically load class org.hibernate.reactive.provider.ReactiveServiceRegistryBuilder
07:29:21.685 [main] DEBUG io.micronaut.core.reflect.ClassUtils -- Class org.hibernate.reactive.provider.ReactiveServiceRegistryBuilder is not present
07:29:21.685 [main] DEBUG io.micronaut.context.DefaultBeanContext --   interface org.hibernate.boot.Metadata @Named('default') Definition: io.micronaut.configuration.hibernate.jpa.conf.SessionFactoryPerDataSourceFactory
07:29:21.685 [main] DEBUG io.micronaut.core.reflect.ClassUtils -- Attempting to dynamically load class org.hibernate.reactive.provider.ReactiveServiceRegistryBuilder
07:29:21.685 [main] DEBUG io.micronaut.core.reflect.ClassUtils -- Class org.hibernate.reactive.provider.ReactiveServiceRegistryBuilder is not present
07:29:21.685 [main] DEBUG io.micronaut.context.DefaultBeanContext --   interface org.hibernate.boot.SessionFactoryBuilder @Named('default') Definition: io.micronaut.configuration.hibernate.jpa.conf.SessionFactoryPerDataSourceFactory
07:29:21.686 [main] DEBUG io.micronaut.core.reflect.ClassUtils -- Attempting to dynamically load class org.hibernate.reactive.provider.ReactiveServiceRegistryBuilder
07:29:21.686 [main] DEBUG io.micronaut.core.reflect.ClassUtils -- Class org.hibernate.reactive.provider.ReactiveServiceRegistryBuilder is not present
07:29:21.686 [main] DEBUG io.micronaut.context.DefaultBeanContext --   interface org.hibernate.SessionFactory @Named('default') Definition: io.micronaut.configuration.hibernate.jpa.conf.SessionFactoryPerDataSourceFactory
07:29:21.686 [main] DEBUG io.micronaut.context.DefaultBeanContext --   class io.micronaut.data.hibernate.connection.HibernateConnectionOperations @Named('default') Definition: io.micronaut.data.hibernate.connection.HibernateConnectionOperations
07:29:21.686 [main] DEBUG io.micronaut.context.DefaultBeanContext -- Qualifying bean [synchronousConnectionManager] for qualifier: @Named('default') 
07:29:21.686 [main] DEBUG io.micronaut.context.DefaultBeanContext -- Found concrete candidate [Definition: io.micronaut.data.hibernate.connection.HibernateConnectionOperations] for type: @Named('default') synchronousConnectionManager 
07:29:21.686 [main] DEBUG io.micronaut.context.lifecycle -- Created bean [io.micronaut.transaction.hibernate.HibernateTransactionManager@2571bdf4] from definition [Definition: io.micronaut.transaction.hibernate.HibernateTransactionManager] with qualifier [@Named('default')]
07:29:21.686 [main] DEBUG io.micronaut.context.lifecycle -- Created bean [io.micronaut.transaction.test.DefaultTestTransactionExecutionListener@241abc2] from definition [Definition: io.micronaut.transaction.test.DefaultTestTransactionExecutionListener] with qualifier [@Named('default')]
07:29:21.686 [main] DEBUG io.micronaut.context.DefaultBeanContext -- Found a registration BeanRegistration: io.micronaut.transaction.test.DefaultTestTransactionExecutionListener@241abc2 for candidate: Definition: io.micronaut.transaction.test.DefaultTestTransactionExecutionListener with qualifier: null
07:29:21.686 [main] DEBUG io.micronaut.context.DefaultBeanContext -- Resolving beans for type: io.micronaut.test.context.TestMethodInterceptor
07:29:21.686 [main] DEBUG io.micronaut.context.DefaultBeanContext -- Finding candidate beans for type: TestMethodInterceptor
07:29:21.686 [main] DEBUG io.micronaut.context.DefaultBeanContext -- Finding candidate beans for type: TransactionOperations
07:29:21.686 [main] DEBUG io.micronaut.context.DefaultBeanContext -- Finding candidate beans for type: DataSource
07:29:21.686 [main] DEBUG io.micronaut.context.DefaultBeanContext -- Finding candidate beans for type: DatasourceConfiguration
07:29:21.686 [main] DEBUG io.micronaut.context.DefaultBeanContext --   class io.micronaut.configuration.jdbc.hikari.DatasourceConfiguration @Named('default') Definition: io.micronaut.configuration.jdbc.hikari.DatasourceConfiguration
07:29:21.686 [main] DEBUG io.micronaut.context.DefaultBeanContext --   interface javax.sql.DataSource @Named('default') Definition: io.micronaut.configuration.jdbc.hikari.DatasourceFactory
07:29:21.686 [main] DEBUG io.micronaut.context.DefaultBeanContext -- Finding candidate beans for type: DataSource
07:29:21.686 [main] DEBUG io.micronaut.context.DefaultBeanContext -- Finding candidate beans for type: DatasourceConfiguration
07:29:21.686 [main] DEBUG io.micronaut.context.DefaultBeanContext --   class io.micronaut.configuration.jdbc.hikari.DatasourceConfiguration @Named('default') Definition: io.micronaut.configuration.jdbc.hikari.DatasourceConfiguration
07:29:21.687 [main] DEBUG io.micronaut.context.DefaultBeanContext --   interface javax.sql.DataSource @Named('default') Definition: io.micronaut.configuration.jdbc.hikari.DatasourceFactory
07:29:21.687 [main] DEBUG io.micronaut.context.DefaultBeanContext -- Bean [class io.micronaut.transaction.hibernate.HibernateTransactionManager] replaces existing bean of type [class io.micronaut.transaction.jdbc.DataSourceTransactionManager]
07:29:21.687 [main] DEBUG io.micronaut.context.DefaultBeanContext --   class io.micronaut.transaction.hibernate.HibernateTransactionManager @Named('default') Definition: io.micronaut.transaction.hibernate.HibernateTransactionManager
07:29:21.687 [main] DEBUG io.micronaut.context.DefaultBeanContext --   class io.micronaut.transaction.test.DefaultTestTransactionExecutionListener @Named('default') Definition: io.micronaut.transaction.test.DefaultTestTransactionExecutionListener
07:29:21.687 [main] DEBUG io.micronaut.context.DefaultBeanContext -- Found a registration BeanRegistration: io.micronaut.transaction.test.DefaultTestTransactionExecutionListener@241abc2 for candidate: Definition: io.micronaut.transaction.test.DefaultTestTransactionExecutionListener with qualifier: null
07:29:21.687 [main] DEBUG io.micronaut.context.DefaultBeanContext -- Finding candidate beans for type: UserControllerIT
07:29:21.688 [main] DEBUG io.micronaut.context.DefaultBeanContext --   class com.example.shopservice.controller.UserControllerIT null Definition: com.example.shopservice.controller.UserControllerIT
07:29:21.688 [main] DEBUG io.micronaut.context.DefaultBeanContext -- Found concrete candidate [Definition: com.example.shopservice.controller.UserControllerIT] for type: userControllerIT 
07:29:21.688 [main] DEBUG io.micronaut.context.DefaultBeanContext -- Finding candidate beans for type: EmbeddedApplication
07:29:21.688 [main] DEBUG io.micronaut.context.DefaultBeanContext --   interface io.micronaut.http.server.netty.NettyEmbeddedServer null Definition: io.micronaut.http.server.netty.DefaultNettyEmbeddedServerFactory
07:29:21.688 [main] DEBUG io.micronaut.context.DefaultBeanContext -- Finding candidate beans for type: EmbeddedApplication
07:29:21.688 [main] DEBUG io.micronaut.context.DefaultBeanContext --   interface io.micronaut.http.server.netty.NettyEmbeddedServer null Definition: io.micronaut.http.server.netty.DefaultNettyEmbeddedServerFactory
07:29:21.688 [main] DEBUG io.micronaut.context.DefaultBeanContext -- Found concrete candidate [Definition: io.micronaut.http.server.netty.DefaultNettyEmbeddedServerFactory] for type: embeddedApplication 
07:29:21.688 [main] DEBUG io.micronaut.context.DefaultBeanContext -- Finding candidate beans for type: DefaultNettyEmbeddedServerFactory
07:29:21.688 [main] DEBUG io.micronaut.context.DefaultBeanContext --   class io.micronaut.http.server.netty.DefaultNettyEmbeddedServerFactory null Definition: io.micronaut.http.server.netty.DefaultNettyEmbeddedServerFactory
07:29:21.688 [main] DEBUG io.micronaut.context.DefaultBeanContext -- Found concrete candidate [Definition: io.micronaut.http.server.netty.DefaultNettyEmbeddedServerFactory] for type: defaultNettyEmbeddedServerFactory 
07:29:21.688 [main] DEBUG io.micronaut.context.DefaultBeanContext -- Finding candidate beans for type: RouteExecutor routeExecutor
07:29:21.688 [main] DEBUG io.micronaut.context.DefaultBeanContext --   class io.micronaut.http.server.RouteExecutor null Definition: io.micronaut.http.server.RouteExecutor
07:29:21.688 [main] DEBUG io.micronaut.context.DefaultBeanContext -- Found concrete candidate [Definition: io.micronaut.http.server.RouteExecutor] for type: routeExecutor 
07:29:21.688 [main] DEBUG io.micronaut.context.DefaultBeanContext -- Finding candidate beans for type: Router router
07:29:21.688 [main] DEBUG io.micronaut.context.DefaultBeanContext --   class io.micronaut.web.router.DefaultRouter null Definition: io.micronaut.web.router.DefaultRouter
07:29:21.688 [main] DEBUG io.micronaut.context.DefaultBeanContext -- Found concrete candidate [Definition: io.micronaut.web.router.DefaultRouter] for type: router 
07:29:21.688 [main] DEBUG io.micronaut.context.DefaultBeanContext -- Resolving beans for type: io.micronaut.web.router.RouteBuilder
07:29:21.688 [main] DEBUG io.micronaut.context.DefaultBeanContext -- Finding candidate beans for type: RouteBuilder E
07:29:21.688 [main] DEBUG io.micronaut.context.DefaultBeanContext --   class io.micronaut.web.router.ServerFilterRouteBuilder null Definition: io.micronaut.web.router.ServerFilterRouteBuilder
07:29:21.688 [main] DEBUG io.micronaut.context.DefaultBeanContext --   class io.micronaut.http.server.websocket.ServerWebSocketProcessor null Definition: io.micronaut.http.server.websocket.ServerWebSocketProcessor
07:29:21.688 [main] DEBUG io.micronaut.context.DefaultBeanContext --   class io.micronaut.web.router.AnnotatedFilterRouteBuilder null Definition: io.micronaut.web.router.AnnotatedFilterRouteBuilder
07:29:21.688 [main] DEBUG io.micronaut.context.DefaultBeanContext --   class io.micronaut.web.router.AnnotatedMethodRouteBuilder null Definition: io.micronaut.web.router.AnnotatedMethodRouteBuilder
07:29:21.688 [main] DEBUG io.micronaut.context.DefaultBeanContext -- Finding candidate beans for type: UriNamingStrategy uriNamingStrategy
07:29:21.689 [main] DEBUG io.micronaut.context.DefaultBeanContext --   class io.micronaut.web.router.naming.HyphenatedUriNamingStrategy null Definition: io.micronaut.web.router.naming.HyphenatedUriNamingStrategy
07:29:21.689 [main] DEBUG io.micronaut.context.DefaultBeanContext -- Found concrete candidate [Definition: io.micronaut.web.router.naming.HyphenatedUriNamingStrategy] for type: uriNamingStrategy 
07:29:21.689 [main] DEBUG io.micronaut.context.lifecycle -- Created bean [io.micronaut.web.router.naming.HyphenatedUriNamingStrategy@395115ac] from definition [Definition: io.micronaut.web.router.naming.HyphenatedUriNamingStrategy] with qualifier [null]
07:29:21.689 [main] DEBUG io.micronaut.context.DefaultBeanContext -- Finding candidate beans for type: ServerContextPathProvider contextPathProvider
07:29:21.689 [main] DEBUG io.micronaut.context.DefaultBeanContext -- Bean [class io.micronaut.http.server.netty.configuration.NettyHttpServerConfiguration] replaces existing bean of type [class io.micronaut.http.server.HttpServerConfiguration]
07:29:21.689 [main] DEBUG io.micronaut.context.DefaultBeanContext --   class io.micronaut.http.server.netty.configuration.NettyHttpServerConfiguration null Definition: io.micronaut.http.server.netty.configuration.NettyHttpServerConfiguration
07:29:21.689 [main] DEBUG io.micronaut.context.DefaultBeanContext -- Found concrete candidate [Definition: io.micronaut.http.server.netty.configuration.NettyHttpServerConfiguration] for type: contextPathProvider 
07:29:21.689 [main] DEBUG io.micronaut.context.DefaultBeanContext -- Finding candidate beans for type: ApplicationConfiguration applicationConfiguration
07:29:21.689 [main] DEBUG io.micronaut.context.DefaultBeanContext --   class io.micronaut.runtime.ApplicationConfiguration null Definition: io.micronaut.runtime.ApplicationConfiguration
07:29:21.689 [main] DEBUG io.micronaut.context.DefaultBeanContext -- Found concrete candidate [Definition: io.micronaut.runtime.ApplicationConfiguration] for type: applicationConfiguration 
07:29:21.689 [main] DEBUG io.micronaut.context.lifecycle -- Created bean [io.micronaut.runtime.ApplicationConfiguration@36c1b6ff] from definition [Definition: io.micronaut.runtime.ApplicationConfiguration] with qualifier [null]
07:29:21.689 [main] DEBUG io.micronaut.context.DefaultBeanContext -- Resolving beans for type: io.micronaut.http.netty.channel.ChannelPipelineListener
07:29:21.689 [main] DEBUG io.micronaut.context.DefaultBeanContext -- Finding candidate beans for type: ChannelPipelineListener E
07:29:21.689 [main] DEBUG io.micronaut.context.DefaultBeanContext -- No bean candidates found for type: ChannelPipelineListener E
07:29:21.689 [main] DEBUG io.micronaut.context.DefaultBeanContext -- Finding candidate beans for type: FileTypeHandlerConfiguration fileTypeHandlerConfiguration
07:29:21.689 [main] DEBUG io.micronaut.context.DefaultBeanContext --   class io.micronaut.http.server.netty.configuration.NettyHttpServerConfiguration$FileTypeHandlerConfiguration null Definition: io.micronaut.http.server.netty.configuration.NettyHttpServerConfiguration$FileTypeHandlerConfiguration
07:29:21.689 [main] DEBUG io.micronaut.context.DefaultBeanContext -- Found concrete candidate [Definition: io.micronaut.http.server.netty.configuration.NettyHttpServerConfiguration$FileTypeHandlerConfiguration] for type: fileTypeHandlerConfiguration 
07:29:21.689 [main] DEBUG io.micronaut.context.lifecycle -- Created bean [io.micronaut.http.server.netty.configuration.NettyHttpServerConfiguration$FileTypeHandlerConfiguration@3b28ab9b] from definition [Definition: io.micronaut.http.server.netty.configuration.NettyHttpServerConfiguration$FileTypeHandlerConfiguration] with qualifier [null]
07:29:21.689 [main] DEBUG io.micronaut.context.lifecycle -- Created bean [io.micronaut.http.server.netty.configuration.NettyHttpServerConfiguration@16c1345b] from definition [Definition: io.micronaut.http.server.netty.configuration.NettyHttpServerConfiguration] with qualifier [null]
07:29:21.689 [main] DEBUG io.micronaut.context.DefaultBeanContext -- Finding candidate beans for type: ExecutorSelector
07:29:21.690 [main] DEBUG io.micronaut.context.DefaultBeanContext --   class io.micronaut.scheduling.executor.DefaultExecutorSelector null Definition: io.micronaut.scheduling.executor.DefaultExecutorSelector
07:29:21.690 [main] DEBUG io.micronaut.context.DefaultBeanContext -- Found concrete candidate [Definition: io.micronaut.scheduling.executor.DefaultExecutorSelector] for type: executorSelector 
07:29:21.690 [main] DEBUG io.micronaut.context.DefaultBeanContext -- Finding candidate beans for type: BeanProvider ioExecutor
07:29:21.690 [main] DEBUG io.micronaut.context.DefaultBeanContext --   interface io.micronaut.context.BeanProvider null io.micronaut.inject.provider.BeanProviderDefinition@3cd344c0
07:29:21.690 [main] DEBUG io.micronaut.context.DefaultBeanContext -- Qualifying bean [ioExecutor] for qualifier: @Named('io') 
07:29:21.690 [main] DEBUG io.micronaut.context.DefaultBeanContext -- Found concrete candidate [io.micronaut.inject.provider.BeanProviderDefinition@3cd344c0] for type: @Named('io') ioExecutor 
07:29:21.690 [main] DEBUG io.micronaut.context.lifecycle -- Created bean [io.micronaut.inject.provider.BeanProviderDefinition$1@278cbf5a] from definition [io.micronaut.inject.provider.BeanProviderDefinition@3cd344c0] with qualifier [@Named('io')]
07:29:21.690 [main] DEBUG io.micronaut.context.DefaultBeanContext -- Finding candidate beans for type: BeanProvider blockingExecutor
07:29:21.690 [main] DEBUG io.micronaut.context.DefaultBeanContext --   interface io.micronaut.context.BeanProvider null io.micronaut.inject.provider.BeanProviderDefinition@3cd344c0
07:29:21.690 [main] DEBUG io.micronaut.context.DefaultBeanContext -- Qualifying bean [blockingExecutor] for qualifier: @Named('blocking') 
07:29:21.690 [main] DEBUG io.micronaut.context.DefaultBeanContext -- Found concrete candidate [io.micronaut.inject.provider.BeanProviderDefinition@3cd344c0] for type: @Named('blocking') blockingExecutor 
07:29:21.690 [main] DEBUG io.micronaut.context.lifecycle -- Created bean [io.micronaut.inject.provider.BeanProviderDefinition$1@1c41931a] from definition [io.micronaut.inject.provider.BeanProviderDefinition@3cd344c0] with qualifier [@Named('blocking')]
07:29:21.690 [main] DEBUG io.micronaut.context.lifecycle -- Created bean [io.micronaut.scheduling.executor.DefaultExecutorSelector@62cb977a] from definition [Definition: io.micronaut.scheduling.executor.DefaultExecutorSelector] with qualifier [null]
07:29:21.690 [main] DEBUG io.micronaut.context.DefaultBeanContext -- Finding candidate beans for type: MessageBodyHandlerRegistry
07:29:21.690 [main] DEBUG io.micronaut.context.DefaultBeanContext --   class io.micronaut.http.body.DefaultMessageBodyHandlerRegistry null Definition: io.micronaut.http.body.DefaultMessageBodyHandlerRegistry
07:29:21.690 [main] DEBUG io.micronaut.context.DefaultBeanContext -- Found concrete candidate [Definition: io.micronaut.http.body.DefaultMessageBodyHandlerRegistry] for type: messageBodyHandlerRegistry 
07:29:21.690 [main] DEBUG io.micronaut.context.DefaultBeanContext -- Resolving beans for type: io.micronaut.http.codec.CodecConfiguration
07:29:21.690 [main] DEBUG io.micronaut.context.DefaultBeanContext -- Finding candidate beans for type: CodecConfiguration E
07:29:21.690 [main] DEBUG io.micronaut.context.DefaultBeanContext -- No bean candidates found for type: CodecConfiguration E
07:29:21.690 [main] DEBUG io.micronaut.context.DefaultBeanContext -- Resolving beans for type: io.micronaut.http.body.RawMessageBodyHandler<java.lang.Object>
07:29:21.690 [main] DEBUG io.micronaut.context.DefaultBeanContext -- Finding candidate beans for type: RawMessageBodyHandler E
07:29:21.690 [main] DEBUG io.micronaut.context.DefaultBeanContext -- Finding candidate beans for type: ByteBufferFactory
07:29:21.690 [main] DEBUG io.micronaut.context.DefaultBeanContext --   class io.micronaut.buffer.netty.NettyByteBufferFactory null Definition: io.micronaut.buffer.netty.NettyByteBufferFactory
07:29:21.690 [main] DEBUG io.micronaut.context.DefaultBeanContext -- Bean [class io.micronaut.http.netty.body.NettyWritableBodyWriter] replaces existing bean of type [class io.micronaut.http.body.WritableBodyWriter]
07:29:21.690 [main] DEBUG io.micronaut.context.DefaultBeanContext --   class io.micronaut.http.body.RawMessageBodyHandlerRegistry$RawByteBufferHandler null Definition: io.micronaut.http.body.RawMessageBodyHandlerRegistry$RawByteBufferHandler
07:29:21.690 [main] DEBUG io.micronaut.context.DefaultBeanContext --   class io.micronaut.http.netty.body.ByteBufRawMessageBodyHandler null Definition: io.micronaut.http.netty.body.ByteBufRawMessageBodyHandler
07:29:21.690 [main] DEBUG io.micronaut.context.DefaultBeanContext --   class io.micronaut.http.body.RawMessageBodyHandlerRegistry$RawStringHandler null Definition: io.micronaut.http.body.RawMessageBodyHandlerRegistry$RawStringHandler
07:29:21.690 [main] DEBUG io.micronaut.context.DefaultBeanContext --   class io.micronaut.http.netty.body.NettyWritableBodyWriter null Definition: io.micronaut.http.netty.body.NettyWritableBodyWriter
07:29:21.690 [main] DEBUG io.micronaut.context.DefaultBeanContext --   class io.micronaut.http.body.RawMessageBodyHandlerRegistry$RawByteArrayHandler null Definition: io.micronaut.http.body.RawMessageBodyHandlerRegistry$RawByteArrayHandler
07:29:21.690 [main] DEBUG io.micronaut.context.DefaultBeanContext -- Finding candidate beans for type: ByteBufferFactory byteBufferFactory
07:29:21.691 [main] DEBUG io.micronaut.context.DefaultBeanContext --   class io.micronaut.buffer.netty.NettyByteBufferFactory null Definition: io.micronaut.buffer.netty.NettyByteBufferFactory
07:29:21.691 [main] DEBUG io.micronaut.context.DefaultBeanContext -- Found concrete candidate [Definition: io.micronaut.buffer.netty.NettyByteBufferFactory] for type: byteBufferFactory 
07:29:21.691 [main] DEBUG io.micronaut.context.lifecycle -- Created bean [io.micronaut.http.body.RawMessageBodyHandlerRegistry$RawByteBufferHandler@7db70494] from definition [Definition: io.micronaut.http.body.RawMessageBodyHandlerRegistry$RawByteBufferHandler] with qualifier [null]
07:29:21.691 [main] DEBUG io.micronaut.context.DefaultBeanContext -- Found a registration BeanRegistration: io.micronaut.http.body.RawMessageBodyHandlerRegistry$RawByteBufferHandler@7db70494 for candidate: Definition: io.micronaut.http.body.RawMessageBodyHandlerRegistry$RawByteBufferHandler with qualifier: null
07:29:21.691 [main] DEBUG io.micronaut.context.lifecycle -- Created bean [io.micronaut.http.netty.body.ByteBufRawMessageBodyHandler@3f030217] from definition [Definition: io.micronaut.http.netty.body.ByteBufRawMessageBodyHandler] with qualifier [null]
07:29:21.691 [main] DEBUG io.micronaut.context.DefaultBeanContext -- Found a registration BeanRegistration: io.micronaut.http.netty.body.ByteBufRawMessageBodyHandler@3f030217 for candidate: Definition: io.micronaut.http.netty.body.ByteBufRawMessageBodyHandler with qualifier: null
07:29:21.691 [main] DEBUG io.micronaut.context.lifecycle -- Created bean [io.micronaut.http.body.RawMessageBodyHandlerRegistry$RawStringHandler@2fca9fae] from definition [Definition: io.micronaut.http.body.RawMessageBodyHandlerRegistry$RawStringHandler] with qualifier [null]
07:29:21.691 [main] DEBUG io.micronaut.context.DefaultBeanContext -- Found a registration BeanRegistration: io.micronaut.http.body.RawMessageBodyHandlerRegistry$RawStringHandler@2fca9fae for candidate: Definition: io.micronaut.http.body.RawMessageBodyHandlerRegistry$RawStringHandler with qualifier: null
07:29:21.691 [main] DEBUG io.micronaut.context.lifecycle -- Created bean [io.micronaut.http.netty.body.NettyWritableBodyWriter@1104ad6a] from definition [Definition: io.micronaut.http.netty.body.NettyWritableBodyWriter] with qualifier [null]
07:29:21.691 [main] DEBUG io.micronaut.context.DefaultBeanContext -- Found a registration BeanRegistration: io.micronaut.http.netty.body.NettyWritableBodyWriter@1104ad6a for candidate: Definition: io.micronaut.http.netty.body.NettyWritableBodyWriter with qualifier: null
07:29:21.691 [main] DEBUG io.micronaut.context.lifecycle -- Created bean [io.micronaut.http.body.RawMessageBodyHandlerRegistry$RawByteArrayHandler@54d2887a] from definition [Definition: io.micronaut.http.body.RawMessageBodyHandlerRegistry$RawByteArrayHandler] with qualifier [null]
07:29:21.691 [main] DEBUG io.micronaut.context.DefaultBeanContext -- Found a registration BeanRegistration: io.micronaut.http.body.RawMessageBodyHandlerRegistry$RawByteArrayHandler@54d2887a for candidate: Definition: io.micronaut.http.body.RawMessageBodyHandlerRegistry$RawByteArrayHandler with qualifier: null
07:29:21.691 [main] DEBUG io.micronaut.context.lifecycle -- Created bean [io.micronaut.http.body.DefaultMessageBodyHandlerRegistry@73e63b4d] from definition [Definition: io.micronaut.http.body.DefaultMessageBodyHandlerRegistry] with qualifier [null]
07:29:21.691 [main] DEBUG io.micronaut.context.DefaultBeanContext -- Finding candidate beans for type: RequestBinderRegistry
07:29:21.691 [main] DEBUG io.micronaut.context.DefaultBeanContext --   class io.micronaut.http.bind.DefaultRequestBinderRegistry null Definition: io.micronaut.http.bind.DefaultRequestBinderRegistry
07:29:21.691 [main] DEBUG io.micronaut.context.DefaultBeanContext --   class io.micronaut.http.server.netty.binders.NettyServerRequestBinderRegistry null Definition: io.micronaut.http.server.netty.binders.NettyServerRequestBinderRegistry
07:29:21.691 [main] DEBUG io.micronaut.context.DefaultBeanContext -- Searching for @Primary for type [requestBinderRegistry] from candidates: [Definition: io.micronaut.http.bind.DefaultRequestBinderRegistry, Definition: io.micronaut.http.server.netty.binders.NettyServerRequestBinderRegistry] 
07:29:21.691 [main] DEBUG io.micronaut.context.DefaultBeanContext -- Picked bean Definition: io.micronaut.http.bind.DefaultRequestBinderRegistry with the highest precedence for type RequestBinderRegistry and qualifier null
07:29:21.691 [main] DEBUG io.micronaut.context.DefaultBeanContext -- Found concrete candidate [Definition: io.micronaut.http.bind.DefaultRequestBinderRegistry] for type: requestBinderRegistry 
07:29:21.691 [main] DEBUG io.micronaut.context.DefaultBeanContext -- Resolving beans for type: io.micronaut.http.bind.binders.RequestArgumentBinder<java.lang.Object>
07:29:21.691 [main] DEBUG io.micronaut.context.DefaultBeanContext -- Finding candidate beans for type: RequestArgumentBinder E
07:29:21.691 [main] DEBUG io.micronaut.context.DefaultBeanContext --   class io.micronaut.data.runtime.http.PageableRequestArgumentBinder null Definition: io.micronaut.data.runtime.http.PageableRequestArgumentBinder
07:29:21.691 [main] DEBUG io.micronaut.context.DefaultBeanContext --   class io.micronaut.http.server.binding.BasicAuthArgumentBinder null Definition: io.micronaut.http.server.binding.BasicAuthArgumentBinder
07:29:21.691 [main] DEBUG io.micronaut.context.DefaultBeanContext --   class io.micronaut.http.bind.binders.DefaultBodyAnnotationBinder null Definition: io.micronaut.http.bind.binders.DefaultBodyAnnotationBinder
07:29:21.691 [main] DEBUG io.micronaut.context.DefaultBeanContext --   class io.micronaut.http.server.binding.LocaleArgumentBinder null Definition: io.micronaut.http.server.binding.LocaleArgumentBinder
07:29:21.691 [main] DEBUG io.micronaut.context.DefaultBeanContext -- Finding candidate beans for type: PageableConfiguration configuration
07:29:21.691 [main] DEBUG io.micronaut.context.DefaultBeanContext --   class io.micronaut.data.runtime.config.DataConfiguration$PageableConfiguration null Definition: io.micronaut.data.runtime.config.DataConfiguration$PageableConfiguration
07:29:21.691 [main] DEBUG io.micronaut.context.DefaultBeanContext -- Found concrete candidate [Definition: io.micronaut.data.runtime.config.DataConfiguration$PageableConfiguration] for type: configuration 
07:29:21.691 [main] DEBUG io.micronaut.context.lifecycle -- Created bean [io.micronaut.data.runtime.config.DataConfiguration$PageableConfiguration@8aafd70] from definition [Definition: io.micronaut.data.runtime.config.DataConfiguration$PageableConfiguration] with qualifier [null]
07:29:21.692 [main] DEBUG io.micronaut.context.lifecycle -- Created bean [io.micronaut.data.runtime.http.PageableRequestArgumentBinder@3c717ef2] from definition [Definition: io.micronaut.data.runtime.http.PageableRequestArgumentBinder] with qualifier [null]
07:29:21.692 [main] DEBUG io.micronaut.context.DefaultBeanContext -- Found a registration BeanRegistration: io.micronaut.data.runtime.http.PageableRequestArgumentBinder@3c717ef2 for candidate: Definition: io.micronaut.data.runtime.http.PageableRequestArgumentBinder with qualifier: null
07:29:21.692 [main] DEBUG io.micronaut.context.lifecycle -- Created bean [io.micronaut.http.server.binding.BasicAuthArgumentBinder@7ca0b05e] from definition [Definition: io.micronaut.http.server.binding.BasicAuthArgumentBinder] with qualifier [null]
07:29:21.692 [main] DEBUG io.micronaut.context.DefaultBeanContext -- Found a registration BeanRegistration: io.micronaut.http.server.binding.BasicAuthArgumentBinder@7ca0b05e for candidate: Definition: io.micronaut.http.server.binding.BasicAuthArgumentBinder with qualifier: null
07:29:21.692 [main] DEBUG io.micronaut.context.lifecycle -- Created bean [io.micronaut.http.bind.binders.DefaultBodyAnnotationBinder@3e5ed0d4] from definition [Definition: io.micronaut.http.bind.binders.DefaultBodyAnnotationBinder] with qualifier [null]
07:29:21.692 [main] DEBUG io.micronaut.context.DefaultBeanContext -- Found a registration BeanRegistration: io.micronaut.http.bind.binders.DefaultBodyAnnotationBinder@3e5ed0d4 for candidate: Definition: io.micronaut.http.bind.binders.DefaultBodyAnnotationBinder with qualifier: null
07:29:21.692 [main] DEBUG io.micronaut.context.DefaultBeanContext -- Finding candidate beans for type: HttpLocaleResolver localeResolver
07:29:21.692 [main] DEBUG io.micronaut.context.DefaultBeanContext --   class io.micronaut.http.server.util.locale.CompositeHttpLocaleResolver null Definition: io.micronaut.http.server.util.locale.CompositeHttpLocaleResolver
07:29:21.692 [main] DEBUG io.micronaut.context.DefaultBeanContext --   class io.micronaut.http.server.util.locale.RequestLocaleResolver null Definition: io.micronaut.http.server.util.locale.RequestLocaleResolver
07:29:21.692 [main] DEBUG io.micronaut.context.DefaultBeanContext -- Searching for @Primary for type [localeResolver] from candidates: [Definition: io.micronaut.http.server.util.locale.CompositeHttpLocaleResolver, Definition: io.micronaut.http.server.util.locale.RequestLocaleResolver] 
07:29:21.692 [main] DEBUG io.micronaut.context.DefaultBeanContext -- Found concrete candidate [Definition: io.micronaut.http.server.util.locale.CompositeHttpLocaleResolver] for type: localeResolver 
07:29:21.692 [main] DEBUG io.micronaut.context.DefaultBeanContext -- Resolving beans for type: io.micronaut.http.server.util.locale.HttpLocaleResolver
07:29:21.692 [main] DEBUG io.micronaut.context.DefaultBeanContext -- Finding candidate beans for type: HttpLocaleResolver
07:29:21.692 [main] DEBUG io.micronaut.context.DefaultBeanContext --   class io.micronaut.http.server.util.locale.CompositeHttpLocaleResolver null Definition: io.micronaut.http.server.util.locale.CompositeHttpLocaleResolver
07:29:21.692 [main] DEBUG io.micronaut.context.DefaultBeanContext --   class io.micronaut.http.server.util.locale.RequestLocaleResolver null Definition: io.micronaut.http.server.util.locale.RequestLocaleResolver
07:29:21.692 [main] DEBUG io.micronaut.context.DefaultBeanContext -- Finding candidate beans for type: HttpLocaleResolutionConfiguration httpLocaleResolutionConfiguration
07:29:21.692 [main] DEBUG io.micronaut.context.DefaultBeanContext --   class io.micronaut.http.server.HttpServerConfiguration$HttpLocaleResolutionConfigurationProperties null Definition: io.micronaut.http.server.HttpServerConfiguration$HttpLocaleResolutionConfigurationProperties
07:29:21.692 [main] DEBUG io.micronaut.context.DefaultBeanContext -- Found concrete candidate [Definition: io.micronaut.http.server.HttpServerConfiguration$HttpLocaleResolutionConfigurationProperties] for type: httpLocaleResolutionConfiguration 
07:29:21.692 [main] DEBUG io.micronaut.context.lifecycle -- Created bean [io.micronaut.http.server.HttpServerConfiguration$HttpLocaleResolutionConfigurationProperties@61c0fb12] from definition [Definition: io.micronaut.http.server.HttpServerConfiguration$HttpLocaleResolutionConfigurationProperties] with qualifier [null]
07:29:21.692 [main] DEBUG io.micronaut.context.lifecycle -- Created bean [io.micronaut.http.server.util.locale.RequestLocaleResolver@56f19f36] from definition [Definition: io.micronaut.http.server.util.locale.RequestLocaleResolver] with qualifier [null]
07:29:21.692 [main] DEBUG io.micronaut.context.DefaultBeanContext -- Found a registration BeanRegistration: io.micronaut.http.server.util.locale.RequestLocaleResolver@56f19f36 for candidate: Definition: io.micronaut.http.server.util.locale.RequestLocaleResolver with qualifier: null
07:29:21.692 [main] DEBUG io.micronaut.context.lifecycle -- Created bean [io.micronaut.http.server.util.locale.CompositeHttpLocaleResolver@2faae7f6] from definition [Definition: io.micronaut.http.server.util.locale.CompositeHttpLocaleResolver] with qualifier [null]
07:29:21.692 [main] DEBUG io.micronaut.context.lifecycle -- Created bean [io.micronaut.http.server.binding.LocaleArgumentBinder@673a5aa7] from definition [Definition: io.micronaut.http.server.binding.LocaleArgumentBinder] with qualifier [null]
07:29:21.692 [main] DEBUG io.micronaut.context.DefaultBeanContext -- Found a registration BeanRegistration: io.micronaut.http.server.binding.LocaleArgumentBinder@673a5aa7 for candidate: Definition: io.micronaut.http.server.binding.LocaleArgumentBinder with qualifier: null
07:29:21.692 [main] DEBUG io.micronaut.context.DefaultBeanContext -- Finding candidate beans for type: DefaultBodyAnnotationBinder bodyAnnotationBinder
07:29:21.692 [main] DEBUG io.micronaut.context.DefaultBeanContext --   class io.micronaut.http.bind.binders.DefaultBodyAnnotationBinder null Definition: io.micronaut.http.bind.binders.DefaultBodyAnnotationBinder
07:29:21.692 [main] DEBUG io.micronaut.context.DefaultBeanContext -- Found concrete candidate [Definition: io.micronaut.http.bind.binders.DefaultBodyAnnotationBinder] for type: bodyAnnotationBinder 
07:29:21.692 [main] DEBUG io.micronaut.context.lifecycle -- Created bean [io.micronaut.http.bind.DefaultRequestBinderRegistry@1443539] from definition [Definition: io.micronaut.http.bind.DefaultRequestBinderRegistry] with qualifier [null]
07:29:21.692 [main] DEBUG io.micronaut.context.DefaultBeanContext -- Finding candidate beans for qualifier: @ServerFilter
07:29:21.693 [main] DEBUG io.micronaut.context.lifecycle -- Created bean [io.micronaut.web.router.ServerFilterRouteBuilder@5b160208] from definition [Definition: io.micronaut.web.router.ServerFilterRouteBuilder] with qualifier [null]
07:29:21.693 [main] DEBUG io.micronaut.context.DefaultBeanContext -- Found a registration BeanRegistration: io.micronaut.web.router.ServerFilterRouteBuilder@5b160208 for candidate: Definition: io.micronaut.web.router.ServerFilterRouteBuilder with qualifier: null
07:29:21.693 [main] DEBUG io.micronaut.context.DefaultBeanContext -- Finding candidate beans for qualifier: @ServerWebSocket
07:29:21.693 [main] DEBUG io.micronaut.context.lifecycle -- Created bean [io.micronaut.http.server.websocket.ServerWebSocketProcessor@237bdbcb] from definition [Definition: io.micronaut.http.server.websocket.ServerWebSocketProcessor] with qualifier [null]
07:29:21.693 [main] DEBUG io.micronaut.context.DefaultBeanContext -- Found a registration BeanRegistration: io.micronaut.http.server.websocket.ServerWebSocketProcessor@237bdbcb for candidate: Definition: io.micronaut.http.server.websocket.ServerWebSocketProcessor with qualifier: null
07:29:21.693 [main] DEBUG io.micronaut.context.DefaultBeanContext -- Finding candidate beans for qualifier: @Filter
07:29:21.694 [main] DEBUG io.micronaut.context.lifecycle -- Created bean [io.micronaut.web.router.AnnotatedFilterRouteBuilder@16a15261] from definition [Definition: io.micronaut.web.router.AnnotatedFilterRouteBuilder] with qualifier [null]
07:29:21.694 [main] DEBUG io.micronaut.context.DefaultBeanContext -- Found a registration BeanRegistration: io.micronaut.web.router.AnnotatedFilterRouteBuilder@16a15261 for candidate: Definition: io.micronaut.web.router.AnnotatedFilterRouteBuilder with qualifier: null
07:29:21.694 [main] DEBUG io.micronaut.context.DefaultBeanContext -- Finding candidate beans for qualifier: @Controller
07:29:21.694 [main] DEBUG io.micronaut.web.router.DefaultRouteBuilder -- Created Route: POST /orders/{orderId}/items -> OrderItemController#create (application/json)
07:29:21.694 [main] DEBUG io.micronaut.web.router.DefaultRouteBuilder -- Created Route: GET /orders/{orderId}/items -> OrderItemController#list (application/json)
07:29:21.694 [main] DEBUG io.micronaut.web.router.DefaultRouteBuilder -- Created Route: HEAD /orders/{orderId}/items -> OrderItemController#list (application/json)
07:29:21.695 [main] DEBUG io.micronaut.web.router.DefaultRouteBuilder -- Created Route: GET /orders/{orderId}/items/{itemId} -> OrderItemController#get (application/json)
07:29:21.695 [main] DEBUG io.micronaut.web.router.DefaultRouteBuilder -- Created Route: HEAD /orders/{orderId}/items/{itemId} -> OrderItemController#get (application/json)
07:29:21.695 [main] DEBUG io.micronaut.web.router.DefaultRouteBuilder -- Created Route: PUT /orders/{orderId}/items/{itemId} -> OrderItemController#update (application/json)
07:29:21.695 [main] DEBUG io.micronaut.web.router.DefaultRouteBuilder -- Created Route: DELETE /orders/{orderId}/items/{itemId} -> OrderItemController#delete (application/json)
07:29:21.695 [main] DEBUG io.micronaut.web.router.DefaultRouteBuilder -- Created Route: POST /reviews -> ReviewController#create (application/json)
07:29:21.695 [main] DEBUG io.micronaut.web.router.DefaultRouteBuilder -- Created Route: GET /reviews -> ReviewController#list (application/json)
07:29:21.695 [main] DEBUG io.micronaut.web.router.DefaultRouteBuilder -- Created Route: HEAD /reviews -> ReviewController#list (application/json)
07:29:21.695 [main] DEBUG io.micronaut.web.router.DefaultRouteBuilder -- Created Route: GET /reviews/{id} -> ReviewController#get (application/json)
07:29:21.695 [main] DEBUG io.micronaut.web.router.DefaultRouteBuilder -- Created Route: HEAD /reviews/{id} -> ReviewController#get (application/json)
07:29:21.695 [main] DEBUG io.micronaut.web.router.DefaultRouteBuilder -- Created Route: PUT /reviews/{id} -> ReviewController#update (application/json)
07:29:21.696 [main] DEBUG io.micronaut.web.router.DefaultRouteBuilder -- Created Route: DELETE /reviews/{id} -> ReviewController#delete (application/json)
07:29:21.696 [main] DEBUG io.micronaut.web.router.DefaultRouteBuilder -- Created Route: POST /users -> UserController#create (application/json)
07:29:21.696 [main] DEBUG io.micronaut.web.router.DefaultRouteBuilder -- Created Route: GET /users -> UserController#list (application/json)
07:29:21.696 [main] DEBUG io.micronaut.web.router.DefaultRouteBuilder -- Created Route: HEAD /users -> UserController#list (application/json)
07:29:21.696 [main] DEBUG io.micronaut.web.router.DefaultRouteBuilder -- Created Route: GET /users/{id} -> UserController#get (application/json)
07:29:21.696 [main] DEBUG io.micronaut.web.router.DefaultRouteBuilder -- Created Route: HEAD /users/{id} -> UserController#get (application/json)
07:29:21.696 [main] DEBUG io.micronaut.web.router.DefaultRouteBuilder -- Created Route: PUT /users/{id} -> UserController#update (application/json)
07:29:21.696 [main] DEBUG io.micronaut.web.router.DefaultRouteBuilder -- Created Route: DELETE /users/{id} -> UserController#delete (application/json)
07:29:21.696 [main] DEBUG io.micronaut.web.router.DefaultRouteBuilder -- Created Route: POST /orders -> OrderController#create (application/json)
07:29:21.696 [main] DEBUG io.micronaut.web.router.DefaultRouteBuilder -- Created Route: GET /orders -> OrderController#list (application/json)
07:29:21.696 [main] DEBUG io.micronaut.web.router.DefaultRouteBuilder -- Created Route: HEAD /orders -> OrderController#list (application/json)
07:29:21.696 [main] DEBUG io.micronaut.web.router.DefaultRouteBuilder -- Created Route: GET /orders/{id} -> OrderController#get (application/json)
07:29:21.696 [main] DEBUG io.micronaut.web.router.DefaultRouteBuilder -- Created Route: HEAD /orders/{id} -> OrderController#get (application/json)
07:29:21.697 [main] DEBUG io.micronaut.web.router.DefaultRouteBuilder -- Created Route: PUT /orders/{id} -> OrderController#update (application/json)
07:29:21.697 [main] DEBUG io.micronaut.web.router.DefaultRouteBuilder -- Created Route: DELETE /orders/{id} -> OrderController#delete (application/json)
07:29:21.697 [main] DEBUG io.micronaut.web.router.DefaultRouteBuilder -- Created Route: POST /products -> ProductController#create (application/json)
07:29:21.697 [HikariPool-3 connection adder] DEBUG com.zaxxer.hikari.pool.HikariPool -- HikariPool-3 - After adding stats (total=3, active=0, idle=3, waiting=0)
07:29:21.697 [main] DEBUG io.micronaut.web.router.DefaultRouteBuilder -- Created Route: GET /products -> ProductController#list (application/json)
07:29:21.697 [main] DEBUG io.micronaut.web.router.DefaultRouteBuilder -- Created Route: HEAD /products -> ProductController#list (application/json)
07:29:21.697 [main] DEBUG io.micronaut.web.router.DefaultRouteBuilder -- Created Route: GET /products/{id} -> ProductController#get (application/json)
07:29:21.697 [main] DEBUG io.micronaut.web.router.DefaultRouteBuilder -- Created Route: HEAD /products/{id} -> ProductController#get (application/json)
07:29:21.697 [main] DEBUG io.micronaut.web.router.DefaultRouteBuilder -- Created Route: PUT /products/{id} -> ProductController#update (application/json)
07:29:21.697 [main] DEBUG io.micronaut.web.router.DefaultRouteBuilder -- Created Route: DELETE /products/{id} -> ProductController#delete (application/json)
07:29:21.697 [main] DEBUG io.micronaut.context.lifecycle -- Created bean [io.micronaut.web.router.AnnotatedMethodRouteBuilder@36ec4071] from definition [Definition: io.micronaut.web.router.AnnotatedMethodRouteBuilder] with qualifier [null]
07:29:21.697 [main] DEBUG io.micronaut.context.DefaultBeanContext -- Found a registration BeanRegistration: io.micronaut.web.router.AnnotatedMethodRouteBuilder@36ec4071 for candidate: Definition: io.micronaut.web.router.AnnotatedMethodRouteBuilder with qualifier: null
07:29:21.697 [main] DEBUG io.micronaut.context.DefaultBeanContext -- Finding candidate beans for type: MessageBodyWriter
07:29:21.697 [HikariPool-3 connection adder] DEBUG com.zaxxer.hikari.pool.HikariPool -- HikariPool-3 - Added connection conn23: url=jdbc:h2:mem:testDb user=SA
07:29:21.697 [main] DEBUG io.micronaut.context.DefaultBeanContext -- Finding candidate beans for type: JsonMapper
07:29:21.698 [main] DEBUG io.micronaut.context.DefaultBeanContext --   class io.micronaut.jackson.databind.JacksonDatabindMapper null Definition: io.micronaut.jackson.databind.JacksonDatabindMapper
07:29:21.698 [main] DEBUG io.micronaut.context.DefaultBeanContext -- Bean [class io.micronaut.http.netty.body.NettyJsonHandler] replaces existing bean of type [class io.micronaut.json.body.JsonMessageHandler]
07:29:21.698 [main] DEBUG io.micronaut.context.DefaultBeanContext -- Bean [class io.micronaut.http.netty.body.NettyTextPlainHandler] replaces existing bean of type [class io.micronaut.http.body.TextPlainHandler]
07:29:21.698 [main] DEBUG io.micronaut.context.DefaultBeanContext --   class io.micronaut.http.server.netty.body.InputStreamBodyWriter null Definition: io.micronaut.http.server.netty.body.InputStreamBodyWriter
07:29:21.698 [main] DEBUG io.micronaut.context.DefaultBeanContext --   class io.micronaut.http.server.netty.body.FileBodyWriter null Definition: io.micronaut.http.server.netty.body.FileBodyWriter
07:29:21.698 [main] DEBUG io.micronaut.context.DefaultBeanContext --   class io.micronaut.http.server.netty.body.StreamFileBodyWriter null Definition: io.micronaut.http.server.netty.body.StreamFileBodyWriter
07:29:21.698 [main] DEBUG io.micronaut.context.DefaultBeanContext --   class io.micronaut.http.server.netty.body.SystemFileBodyWriter null Definition: io.micronaut.http.server.netty.body.SystemFileBodyWriter
07:29:21.698 [main] DEBUG io.micronaut.context.DefaultBeanContext --   class io.micronaut.http.body.CharSequenceBodyWriter null Definition: io.micronaut.http.body.CharSequenceBodyWriter
07:29:21.698 [main] DEBUG io.micronaut.context.DefaultBeanContext --   class io.micronaut.http.body.TextStreamBodyWriter null Definition: io.micronaut.http.body.TextStreamBodyWriter
07:29:21.698 [main] DEBUG io.micronaut.context.DefaultBeanContext --   class io.micronaut.http.netty.body.NettyJsonHandler null Definition: io.micronaut.http.netty.body.NettyJsonHandler
07:29:21.698 [main] DEBUG io.micronaut.context.DefaultBeanContext --   class io.micronaut.http.netty.body.NettyJsonStreamHandler null Definition: io.micronaut.http.netty.body.NettyJsonStreamHandler
07:29:21.698 [main] DEBUG io.micronaut.context.DefaultBeanContext --   class io.micronaut.http.netty.body.NettyTextPlainHandler null Definition: io.micronaut.http.netty.body.NettyTextPlainHandler
07:29:21.698 [main] DEBUG io.micronaut.context.DefaultBeanContext -- Finding candidate beans for type: JsonMapper jsonMapper
07:29:21.698 [main] DEBUG io.micronaut.context.DefaultBeanContext --   class io.micronaut.jackson.databind.JacksonDatabindMapper null Definition: io.micronaut.jackson.databind.JacksonDatabindMapper
07:29:21.698 [main] DEBUG io.micronaut.context.DefaultBeanContext -- Found concrete candidate [Definition: io.micronaut.jackson.databind.JacksonDatabindMapper] for type: jsonMapper 
07:29:21.698 [main] DEBUG io.micronaut.context.DefaultBeanContext -- Finding candidate beans for type: ObjectMapper objectMapper
07:29:21.698 [main] DEBUG io.micronaut.context.DefaultBeanContext --   class com.fasterxml.jackson.databind.ObjectMapper @Primary and @Named('json') Definition: io.micronaut.jackson.ObjectMapperFactory
07:29:21.698 [main] DEBUG io.micronaut.context.DefaultBeanContext -- Found concrete candidate [Definition: io.micronaut.jackson.ObjectMapperFactory] for type: objectMapper 
07:29:21.698 [main] DEBUG io.micronaut.context.DefaultBeanContext -- Finding candidate beans for type: ObjectMapperFactory
07:29:21.698 [main] DEBUG io.micronaut.context.DefaultBeanContext --   class io.micronaut.jackson.ObjectMapperFactory null Definition: io.micronaut.jackson.ObjectMapperFactory
07:29:21.698 [main] DEBUG io.micronaut.context.DefaultBeanContext -- Found concrete candidate [Definition: io.micronaut.jackson.ObjectMapperFactory] for type: objectMapperFactory 
07:29:21.698 [main] DEBUG io.micronaut.context.DefaultBeanContext -- Resolving beans for type: com.fasterxml.jackson.databind.Module
07:29:21.698 [main] DEBUG io.micronaut.context.DefaultBeanContext -- Finding candidate beans for type: Module
07:29:21.699 [main] DEBUG io.micronaut.context.DefaultBeanContext --   class io.micronaut.jackson.serialize.ResourceModule null Definition: io.micronaut.jackson.serialize.ResourceModule
07:29:21.699 [main] DEBUG io.micronaut.context.DefaultBeanContext --   class io.micronaut.jackson.modules.BeanIntrospectionModule null Definition: io.micronaut.jackson.modules.BeanIntrospectionModule
07:29:21.699 [main] DEBUG io.micronaut.context.lifecycle -- Created bean [io.micronaut.jackson.serialize.ResourceModule@5d8112e6] from definition [Definition: io.micronaut.jackson.serialize.ResourceModule] with qualifier [null]
07:29:21.699 [main] DEBUG io.micronaut.context.DefaultBeanContext -- Found a registration BeanRegistration: io.micronaut.jackson.serialize.ResourceModule@5d8112e6 for candidate: Definition: io.micronaut.jackson.serialize.ResourceModule with qualifier: null
07:29:21.699 [main] DEBUG io.micronaut.context.DefaultBeanContext -- Finding candidate beans for type: JacksonDeserializationPreInstantiateCallback preInstantiateCallback
07:29:21.699 [main] DEBUG io.micronaut.context.DefaultBeanContext -- Finding candidate beans for type: Validator
07:29:21.699 [main] DEBUG io.micronaut.context.DefaultBeanContext --   class io.micronaut.validation.validator.DefaultValidator null Definition: io.micronaut.validation.validator.DefaultValidator
07:29:21.699 [main] DEBUG io.micronaut.context.DefaultBeanContext --   class io.micronaut.jackson.validation.ValidationJacksonDeserializationPreInstantiateCallback null Definition: io.micronaut.jackson.validation.ValidationJacksonDeserializationPreInstantiateCallback
07:29:21.699 [main] DEBUG io.micronaut.context.DefaultBeanContext -- Found concrete candidate [Definition: io.micronaut.jackson.validation.ValidationJacksonDeserializationPreInstantiateCallback] for type: preInstantiateCallback 
07:29:21.699 [main] DEBUG io.micronaut.context.DefaultBeanContext -- Finding candidate beans for type: Validator validator
07:29:21.699 [main] DEBUG io.micronaut.context.DefaultBeanContext --   class io.micronaut.validation.validator.DefaultValidator null Definition: io.micronaut.validation.validator.DefaultValidator
07:29:21.699 [main] DEBUG io.micronaut.context.DefaultBeanContext -- Found concrete candidate [Definition: io.micronaut.validation.validator.DefaultValidator] for type: validator 
07:29:21.699 [main] DEBUG io.micronaut.context.lifecycle -- Created bean [io.micronaut.jackson.validation.ValidationJacksonDeserializationPreInstantiateCallback@20d92f1e] from definition [Definition: io.micronaut.jackson.validation.ValidationJacksonDeserializationPreInstantiateCallback] with qualifier [null]
07:29:21.699 [main] DEBUG io.micronaut.context.lifecycle -- Created bean [io.micronaut.jackson.modules.BeanIntrospectionModule@3cf7433e] from definition [Definition: io.micronaut.jackson.modules.BeanIntrospectionModule] with qualifier [null]
07:29:21.699 [main] DEBUG io.micronaut.context.DefaultBeanContext -- Found a registration BeanRegistration: io.micronaut.jackson.modules.BeanIntrospectionModule@3cf7433e for candidate: Definition: io.micronaut.jackson.modules.BeanIntrospectionModule with qualifier: null
07:29:21.699 [main] DEBUG io.micronaut.context.DefaultBeanContext -- Resolving beans for type: com.fasterxml.jackson.databind.JsonSerializer
07:29:21.699 [main] DEBUG io.micronaut.context.DefaultBeanContext -- Finding candidate beans for type: JsonSerializer
07:29:21.699 [main] DEBUG io.micronaut.context.DefaultBeanContext --   class io.micronaut.jackson.serialize.JsonNodeSerializer null Definition: io.micronaut.jackson.serialize.JsonNodeSerializer
07:29:21.699 [main] DEBUG io.micronaut.context.DefaultBeanContext --   class io.micronaut.jackson.serialize.OptionalValuesSerializer null Definition: io.micronaut.jackson.serialize.OptionalValuesSerializer
07:29:21.699 [main] DEBUG io.micronaut.context.DefaultBeanContext --   class io.micronaut.jackson.serialize.ConvertibleMultiValuesSerializer null Definition: io.micronaut.jackson.serialize.ConvertibleMultiValuesSerializer
07:29:21.699 [main] DEBUG io.micronaut.context.DefaultBeanContext --   class io.micronaut.jackson.serialize.ConvertibleValuesSerializer null Definition: io.micronaut.jackson.serialize.ConvertibleValuesSerializer
07:29:21.699 [main] DEBUG io.micronaut.context.lifecycle -- Created bean [io.micronaut.jackson.serialize.JsonNodeSerializer@68cc6319] from definition [Definition: io.micronaut.jackson.serialize.JsonNodeSerializer] with qualifier [null]
07:29:21.699 [main] DEBUG io.micronaut.context.DefaultBeanContext -- Found a registration BeanRegistration: io.micronaut.jackson.serialize.JsonNodeSerializer@68cc6319 for candidate: Definition: io.micronaut.jackson.serialize.JsonNodeSerializer with qualifier: null
07:29:21.699 [main] DEBUG io.micronaut.context.DefaultBeanContext -- Finding candidate beans for type: JacksonConfiguration jacksonConfiguration
07:29:21.699 [main] DEBUG io.micronaut.context.DefaultBeanContext --   class io.micronaut.jackson.JacksonConfiguration null Definition: io.micronaut.jackson.JacksonConfiguration
07:29:21.699 [main] DEBUG io.micronaut.context.DefaultBeanContext -- Found concrete candidate [Definition: io.micronaut.jackson.JacksonConfiguration] for type: jacksonConfiguration 
07:29:21.699 [main] DEBUG io.micronaut.context.lifecycle -- Created bean [io.micronaut.jackson.JacksonConfiguration@3d0f4ac4] from definition [Definition: io.micronaut.jackson.JacksonConfiguration] with qualifier [null]
07:29:21.700 [main] DEBUG io.micronaut.context.lifecycle -- Created bean [io.micronaut.jackson.serialize.OptionalValuesSerializer@544733a4] from definition [Definition: io.micronaut.jackson.serialize.OptionalValuesSerializer] with qualifier [null]
07:29:21.700 [main] DEBUG io.micronaut.context.DefaultBeanContext -- Found a registration BeanRegistration: io.micronaut.jackson.serialize.OptionalValuesSerializer@544733a4 for candidate: Definition: io.micronaut.jackson.serialize.OptionalValuesSerializer with qualifier: null
07:29:21.700 [main] DEBUG io.micronaut.context.lifecycle -- Created bean [io.micronaut.jackson.serialize.ConvertibleMultiValuesSerializer@522f74a1] from definition [Definition: io.micronaut.jackson.serialize.ConvertibleMultiValuesSerializer] with qualifier [null]
07:29:21.700 [main] DEBUG io.micronaut.context.DefaultBeanContext -- Found a registration BeanRegistration: io.micronaut.jackson.serialize.ConvertibleMultiValuesSerializer@522f74a1 for candidate: Definition: io.micronaut.jackson.serialize.ConvertibleMultiValuesSerializer with qualifier: null
07:29:21.700 [main] DEBUG io.micronaut.context.lifecycle -- Created bean [io.micronaut.jackson.serialize.ConvertibleValuesSerializer@59700156] from definition [Definition: io.micronaut.jackson.serialize.ConvertibleValuesSerializer] with qualifier [null]
07:29:21.700 [main] DEBUG io.micronaut.context.DefaultBeanContext -- Found a registration BeanRegistration: io.micronaut.jackson.serialize.ConvertibleValuesSerializer@59700156 for candidate: Definition: io.micronaut.jackson.serialize.ConvertibleValuesSerializer with qualifier: null
07:29:21.700 [main] DEBUG io.micronaut.context.DefaultBeanContext -- Resolving beans for type: com.fasterxml.jackson.databind.JsonDeserializer
07:29:21.700 [main] DEBUG io.micronaut.context.DefaultBeanContext -- Finding candidate beans for type: JsonDeserializer
07:29:21.700 [main] DEBUG io.micronaut.context.DefaultBeanContext --   class io.micronaut.jackson.serialize.JsonNodeDeserializer null Definition: io.micronaut.jackson.serialize.JsonNodeDeserializer
07:29:21.700 [main] DEBUG io.micronaut.context.lifecycle -- Created bean [io.micronaut.jackson.serialize.JsonNodeDeserializer@1e6e29d6] from definition [Definition: io.micronaut.jackson.serialize.JsonNodeDeserializer] with qualifier [null]
07:29:21.700 [main] DEBUG io.micronaut.context.DefaultBeanContext -- Found a registration BeanRegistration: io.micronaut.jackson.serialize.JsonNodeDeserializer@1e6e29d6 for candidate: Definition: io.micronaut.jackson.serialize.JsonNodeDeserializer with qualifier: null
07:29:21.700 [main] DEBUG io.micronaut.context.DefaultBeanContext -- Resolving beans for type: com.fasterxml.jackson.databind.ser.BeanSerializerModifier
07:29:21.700 [main] DEBUG io.micronaut.context.DefaultBeanContext -- Finding candidate beans for type: BeanSerializerModifier
07:29:21.700 [main] DEBUG io.micronaut.context.DefaultBeanContext -- Finding candidate beans for type: BeanIntrospectionModule
07:29:21.700 [main] DEBUG io.micronaut.context.DefaultBeanContext --   class io.micronaut.jackson.modules.BeanIntrospectionModule null Definition: io.micronaut.jackson.modules.BeanIntrospectionModule
07:29:21.700 [main] DEBUG io.micronaut.context.condition.Condition -- Bean [Definition: io.micronaut.jackson.serialize.ResourceSerializerModifier] will not be loaded due to failing conditions:
07:29:21.700 [main] DEBUG io.micronaut.context.condition.Condition -- * Existing bean [io.micronaut.jackson.modules.BeanIntrospectionModule] of type [class io.micronaut.jackson.modules.BeanIntrospectionModule] registered in context
07:29:21.700 [main] DEBUG io.micronaut.context.DefaultBeanContext -- No bean candidates found for type: BeanSerializerModifier
07:29:21.700 [main] DEBUG io.micronaut.context.DefaultBeanContext -- Resolving beans for type: com.fasterxml.jackson.databind.deser.BeanDeserializerModifier
07:29:21.700 [main] DEBUG io.micronaut.context.DefaultBeanContext -- Finding candidate beans for type: BeanDeserializerModifier
07:29:21.700 [main] DEBUG io.micronaut.context.DefaultBeanContext -- No bean candidates found for type: BeanDeserializerModifier
07:29:21.700 [main] DEBUG io.micronaut.context.DefaultBeanContext -- Resolving beans for type: com.fasterxml.jackson.databind.KeyDeserializer
07:29:21.700 [main] DEBUG io.micronaut.context.DefaultBeanContext -- Finding candidate beans for type: KeyDeserializer
07:29:21.700 [main] DEBUG io.micronaut.context.DefaultBeanContext -- No bean candidates found for type: KeyDeserializer
07:29:21.700 [main] DEBUG io.micronaut.context.lifecycle -- Created bean [io.micronaut.jackson.ObjectMapperFactory@7359f3ac] from definition [Definition: io.micronaut.jackson.ObjectMapperFactory] with qualifier [null]
07:29:21.700 [main] DEBUG io.micronaut.context.DefaultBeanContext -- Finding candidate beans for type: JsonFactory jsonFactory
07:29:21.700 [main] DEBUG io.micronaut.context.DefaultBeanContext -- Finding candidate beans for type: JacksonConfiguration
07:29:21.700 [main] DEBUG io.micronaut.context.DefaultBeanContext --   class io.micronaut.jackson.JacksonConfiguration null Definition: io.micronaut.jackson.JacksonConfiguration
07:29:21.700 [main] DEBUG io.micronaut.context.DefaultBeanContext --   class com.fasterxml.jackson.core.JsonFactory null Definition: io.micronaut.jackson.ObjectMapperFactory
07:29:21.700 [main] DEBUG io.micronaut.context.DefaultBeanContext -- Found concrete candidate [Definition: io.micronaut.jackson.ObjectMapperFactory] for type: jsonFactory 
07:29:21.701 [main] DEBUG io.micronaut.context.lifecycle -- Created bean [com.fasterxml.jackson.core.JsonFactory@5afa0b1a] from definition [Definition: io.micronaut.jackson.ObjectMapperFactory] with qualifier [null]
07:29:21.702 [main] DEBUG io.micronaut.context.lifecycle -- Created bean [com.fasterxml.jackson.databind.ObjectMapper@3958db82] from definition [Definition: io.micronaut.jackson.ObjectMapperFactory] with qualifier [@Primary and @Named('json')]
07:29:21.702 [main] DEBUG io.micronaut.context.lifecycle -- Created bean [io.micronaut.jackson.databind.JacksonDatabindMapper@577f81a0] from definition [Definition: io.micronaut.jackson.databind.JacksonDatabindMapper] with qualifier [null]
07:29:21.702 [main] DEBUG io.micronaut.context.lifecycle -- Created bean [io.micronaut.http.netty.body.NettyJsonHandler@202d1424] from definition [Definition: io.micronaut.http.netty.body.NettyJsonHandler] with qualifier [null]
07:29:21.703 [main] DEBUG io.micronaut.core.beans.DefaultBeanIntrospector -- Found BeanIntrospection for type: class com.example.shopservice.entity.OrderItem,
07:29:21.704 [main] DEBUG io.micronaut.core.beans.DefaultBeanIntrospector -- Found BeanIntrospection for type: class com.example.shopservice.entity.Order,
07:29:21.704 [main] DEBUG io.micronaut.core.beans.DefaultBeanIntrospector -- Found BeanIntrospection for type: class com.example.shopservice.entity.User,
07:29:21.705 [main] DEBUG io.micronaut.core.beans.DefaultBeanIntrospector -- Found BeanIntrospection for type: class com.example.shopservice.entity.Product,
07:29:21.705 [main] DEBUG io.micronaut.core.beans.DefaultBeanIntrospector -- Found BeanIntrospection for type: class com.example.shopservice.entity.OrderItem,
07:29:21.705 [main] DEBUG io.micronaut.jackson.modules.BeanIntrospectionModule -- Updating 3 properties with BeanIntrospection data for type: class com.example.shopservice.entity.OrderItem
07:29:21.706 [main] DEBUG io.micronaut.context.DefaultBeanContext -- Finding candidate beans for type: MessageBodyReader
07:29:21.706 [main] DEBUG io.micronaut.context.DefaultBeanContext -- Bean [class io.micronaut.http.netty.body.NettyJsonHandler] replaces existing bean of type [class io.micronaut.json.body.JsonMessageHandler]
07:29:21.706 [main] DEBUG io.micronaut.context.DefaultBeanContext --   class io.micronaut.http.netty.body.NettyJsonHandler null Definition: io.micronaut.http.netty.body.NettyJsonHandler
07:29:21.706 [main] DEBUG io.micronaut.context.DefaultBeanContext --   class io.micronaut.http.netty.body.NettyJsonStreamHandler null Definition: io.micronaut.http.netty.body.NettyJsonStreamHandler
07:29:21.708 [main] DEBUG io.micronaut.core.beans.DefaultBeanIntrospector -- Found BeanIntrospection for type: class com.example.shopservice.entity.Review,
07:29:21.708 [main] DEBUG io.micronaut.core.beans.DefaultBeanIntrospector -- Found BeanIntrospection for type: class com.example.shopservice.entity.Review,
07:29:21.708 [main] DEBUG io.micronaut.jackson.modules.BeanIntrospectionModule -- Updating 5 properties with BeanIntrospection data for type: class com.example.shopservice.entity.Review
07:29:21.709 [main] DEBUG io.micronaut.context.DefaultBeanContext -- Finding candidate beans for type: MessageBodyReader
07:29:21.709 [main] DEBUG io.micronaut.context.DefaultBeanContext -- Bean [class io.micronaut.http.netty.body.NettyJsonHandler] replaces existing bean of type [class io.micronaut.json.body.JsonMessageHandler]
07:29:21.709 [main] DEBUG io.micronaut.context.DefaultBeanContext --   class io.micronaut.http.netty.body.NettyJsonHandler null Definition: io.micronaut.http.netty.body.NettyJsonHandler
07:29:21.709 [main] DEBUG io.micronaut.context.DefaultBeanContext --   class io.micronaut.http.netty.body.NettyJsonStreamHandler null Definition: io.micronaut.http.netty.body.NettyJsonStreamHandler
07:29:21.711 [main] DEBUG io.micronaut.core.beans.DefaultBeanIntrospector -- Found BeanIntrospection for type: class io.micronaut.data.model.DefaultPage,
07:29:21.712 [main] DEBUG io.micronaut.core.beans.DefaultBeanIntrospector -- Found BeanIntrospection for type: interface io.micronaut.data.model.Pageable,
07:29:21.712 [main] DEBUG io.micronaut.core.beans.DefaultBeanIntrospector -- Found BeanIntrospection for type: interface io.micronaut.data.model.Sort,
07:29:21.713 [main] DEBUG io.micronaut.core.beans.DefaultBeanIntrospector -- Found BeanIntrospection for type: class io.micronaut.data.model.Sort$Order,
07:29:21.715 [main] DEBUG io.micronaut.core.beans.DefaultBeanIntrospector -- Found BeanIntrospection for type: interface io.micronaut.data.model.Page,
07:29:21.715 [main] DEBUG io.micronaut.jackson.modules.BeanIntrospectionModule -- Updating 9 properties with BeanIntrospection data for type: interface io.micronaut.data.model.Page
07:29:21.716 [main] DEBUG io.micronaut.core.beans.DefaultBeanIntrospector -- Found BeanIntrospection for type: class com.example.shopservice.entity.User,
07:29:21.716 [main] DEBUG io.micronaut.jackson.modules.BeanIntrospectionModule -- Updating 3 properties with BeanIntrospection data for type: class com.example.shopservice.entity.User
07:29:21.716 [main] DEBUG io.micronaut.context.DefaultBeanContext -- Finding candidate beans for type: MessageBodyReader
07:29:21.716 [main] DEBUG io.micronaut.context.DefaultBeanContext -- Bean [class io.micronaut.http.netty.body.NettyJsonHandler] replaces existing bean of type [class io.micronaut.json.body.JsonMessageHandler]
07:29:21.716 [main] DEBUG io.micronaut.context.DefaultBeanContext --   class io.micronaut.http.netty.body.NettyJsonHandler null Definition: io.micronaut.http.netty.body.NettyJsonHandler
07:29:21.716 [main] DEBUG io.micronaut.context.DefaultBeanContext --   class io.micronaut.http.netty.body.NettyJsonStreamHandler null Definition: io.micronaut.http.netty.body.NettyJsonStreamHandler
07:29:21.717 [main] DEBUG io.micronaut.core.beans.DefaultBeanIntrospector -- Found BeanIntrospection for type: class io.micronaut.data.model.DefaultPage,
07:29:21.719 [main] DEBUG io.micronaut.core.beans.DefaultBeanIntrospector -- Found BeanIntrospection for type: interface io.micronaut.data.model.Page,
07:29:21.719 [main] DEBUG io.micronaut.jackson.modules.BeanIntrospectionModule -- Updating 9 properties with BeanIntrospection data for type: interface io.micronaut.data.model.Page
07:29:21.720 [main] DEBUG io.micronaut.core.beans.DefaultBeanIntrospector -- Found BeanIntrospection for type: class com.example.shopservice.entity.Order,
07:29:21.720 [main] DEBUG io.micronaut.jackson.modules.BeanIntrospectionModule -- Updating 4 properties with BeanIntrospection data for type: class com.example.shopservice.entity.Order
07:29:21.721 [main] DEBUG io.micronaut.context.DefaultBeanContext -- Finding candidate beans for type: MessageBodyReader
07:29:21.721 [main] DEBUG io.micronaut.context.DefaultBeanContext -- Bean [class io.micronaut.http.netty.body.NettyJsonHandler] replaces existing bean of type [class io.micronaut.json.body.JsonMessageHandler]
07:29:21.721 [main] DEBUG io.micronaut.context.DefaultBeanContext --   class io.micronaut.http.netty.body.NettyJsonHandler null Definition: io.micronaut.http.netty.body.NettyJsonHandler
07:29:21.721 [main] DEBUG io.micronaut.context.DefaultBeanContext --   class io.micronaut.http.netty.body.NettyJsonStreamHandler null Definition: io.micronaut.http.netty.body.NettyJsonStreamHandler
07:29:21.722 [main] DEBUG io.micronaut.core.beans.DefaultBeanIntrospector -- Found BeanIntrospection for type: class io.micronaut.data.model.DefaultPage,
07:29:21.724 [main] DEBUG io.micronaut.core.beans.DefaultBeanIntrospector -- Found BeanIntrospection for type: interface io.micronaut.data.model.Page,
07:29:21.724 [main] DEBUG io.micronaut.jackson.modules.BeanIntrospectionModule -- Updating 9 properties with BeanIntrospection data for type: interface io.micronaut.data.model.Page
07:29:21.725 [main] DEBUG io.micronaut.core.beans.DefaultBeanIntrospector -- Found BeanIntrospection for type: class com.example.shopservice.entity.Product,
07:29:21.725 [main] DEBUG io.micronaut.jackson.modules.BeanIntrospectionModule -- Updating 3 properties with BeanIntrospection data for type: class com.example.shopservice.entity.Product
07:29:21.725 [main] DEBUG io.micronaut.context.DefaultBeanContext -- Finding candidate beans for type: MessageBodyReader
07:29:21.725 [main] DEBUG io.micronaut.context.DefaultBeanContext -- Bean [class io.micronaut.http.netty.body.NettyJsonHandler] replaces existing bean of type [class io.micronaut.json.body.JsonMessageHandler]
07:29:21.725 [main] DEBUG io.micronaut.context.DefaultBeanContext --   class io.micronaut.http.netty.body.NettyJsonHandler null Definition: io.micronaut.http.netty.body.NettyJsonHandler
07:29:21.725 [main] DEBUG io.micronaut.context.DefaultBeanContext --   class io.micronaut.http.netty.body.NettyJsonStreamHandler null Definition: io.micronaut.http.netty.body.NettyJsonStreamHandler
07:29:21.726 [main] DEBUG io.micronaut.core.beans.DefaultBeanIntrospector -- Found BeanIntrospection for type: class io.micronaut.data.model.DefaultPage,
07:29:21.728 [main] DEBUG io.micronaut.core.beans.DefaultBeanIntrospector -- Found BeanIntrospection for type: interface io.micronaut.data.model.Page,
07:29:21.728 [main] DEBUG io.micronaut.jackson.modules.BeanIntrospectionModule -- Updating 9 properties with BeanIntrospection data for type: interface io.micronaut.data.model.Page
07:29:21.728 [HikariPool-3 connection adder] DEBUG com.zaxxer.hikari.pool.HikariPool -- HikariPool-3 - After adding stats (total=4, active=0, idle=4, waiting=0)
07:29:21.728 [HikariPool-3 connection adder] DEBUG com.zaxxer.hikari.pool.HikariPool -- HikariPool-3 - Added connection conn24: url=jdbc:h2:mem:testDb user=SA
07:29:21.728 [main] DEBUG io.micronaut.context.lifecycle -- Created bean [io.micronaut.web.router.DefaultRouter@28521ed5] from definition [Definition: io.micronaut.web.router.DefaultRouter] with qualifier [null]
07:29:21.728 [main] DEBUG io.micronaut.context.DefaultBeanContext -- Finding candidate beans for type: RequestArgumentSatisfier requestArgumentSatisfier
07:29:21.729 [main] DEBUG io.micronaut.context.DefaultBeanContext --   class io.micronaut.http.server.binding.RequestArgumentSatisfier null Definition: io.micronaut.http.server.binding.RequestArgumentSatisfier
07:29:21.729 [main] DEBUG io.micronaut.context.DefaultBeanContext --   class io.micronaut.http.server.netty.NettyRequestArgumentSatisfier null Definition: io.micronaut.http.server.netty.NettyRequestArgumentSatisfier
07:29:21.729 [main] DEBUG io.micronaut.context.DefaultBeanContext -- Searching for @Primary for type [requestArgumentSatisfier] from candidates: [Definition: io.micronaut.http.server.binding.RequestArgumentSatisfier, Definition: io.micronaut.http.server.netty.NettyRequestArgumentSatisfier] 
07:29:21.729 [main] DEBUG io.micronaut.context.DefaultBeanContext -- Found concrete candidate [Definition: io.micronaut.http.server.netty.NettyRequestArgumentSatisfier] for type: requestArgumentSatisfier 
07:29:21.729 [main] DEBUG io.micronaut.context.DefaultBeanContext -- Finding candidate beans for type: NettyServerRequestBinderRegistry requestBinderRegistry
07:29:21.729 [main] DEBUG io.micronaut.context.DefaultBeanContext --   class io.micronaut.http.server.netty.binders.NettyServerRequestBinderRegistry null Definition: io.micronaut.http.server.netty.binders.NettyServerRequestBinderRegistry
07:29:21.729 [main] DEBUG io.micronaut.context.DefaultBeanContext -- Found concrete candidate [Definition: io.micronaut.http.server.netty.binders.NettyServerRequestBinderRegistry] for type: requestBinderRegistry 
07:29:21.729 [main] DEBUG io.micronaut.context.DefaultBeanContext -- Resolving beans for type: io.micronaut.http.bind.binders.RequestArgumentBinder<java.lang.Object>
07:29:21.729 [main] DEBUG io.micronaut.context.DefaultBeanContext -- Found 4 existing beans for type [E]: [BeanRegistration: io.micronaut.http.server.binding.LocaleArgumentBinder@673a5aa7, BeanRegistration: io.micronaut.http.server.binding.BasicAuthArgumentBinder@7ca0b05e, BeanRegistration: io.micronaut.data.runtime.http.PageableRequestArgumentBinder@3c717ef2, BeanRegistration: io.micronaut.http.bind.binders.DefaultBodyAnnotationBinder@3e5ed0d4] 
07:29:21.729 [main] DEBUG io.micronaut.context.DefaultBeanContext -- Finding candidate beans for type: BeanProvider httpServerConfiguration
07:29:21.729 [main] DEBUG io.micronaut.context.DefaultBeanContext --   interface io.micronaut.context.BeanProvider null io.micronaut.inject.provider.BeanProviderDefinition@3cd344c0
07:29:21.729 [main] DEBUG io.micronaut.context.DefaultBeanContext -- Found concrete candidate [io.micronaut.inject.provider.BeanProviderDefinition@3cd344c0] for type: httpServerConfiguration 
07:29:21.729 [main] DEBUG io.micronaut.context.lifecycle -- Created bean [io.micronaut.inject.provider.BeanProviderDefinition$1@2b06c388] from definition [io.micronaut.inject.provider.BeanProviderDefinition@3cd344c0] with qualifier [null]
07:29:21.729 [main] DEBUG io.micronaut.context.lifecycle -- Created bean [io.micronaut.inject.provider.BeanProviderDefinition$1@4c9bed65] from definition [io.micronaut.inject.provider.BeanProviderDefinition@3cd344c0] with qualifier [@Named('blocking')]
07:29:21.729 [main] DEBUG io.micronaut.context.DefaultBeanContext -- Finding candidate beans for type: HttpServerConfiguration T
07:29:21.729 [main] DEBUG io.micronaut.context.DefaultBeanContext -- Bean [class io.micronaut.http.server.netty.configuration.NettyHttpServerConfiguration] replaces existing bean of type [class io.micronaut.http.server.HttpServerConfiguration]
07:29:21.729 [main] DEBUG io.micronaut.context.DefaultBeanContext --   class io.micronaut.http.server.netty.configuration.NettyHttpServerConfiguration null Definition: io.micronaut.http.server.netty.configuration.NettyHttpServerConfiguration
07:29:21.729 [main] DEBUG io.micronaut.context.DefaultBeanContext -- Found concrete candidate [Definition: io.micronaut.http.server.netty.configuration.NettyHttpServerConfiguration] for type: T 
07:29:21.730 [main] DEBUG io.micronaut.context.DefaultBeanContext -- Finding candidate beans for type: ExecutorService T
07:29:21.730 [main] DEBUG io.micronaut.context.DefaultBeanContext -- Finding candidate beans for type: EventLoopGroupConfiguration
07:29:21.730 [main] DEBUG io.micronaut.context.DefaultBeanContext --   class io.micronaut.http.server.netty.configuration.NettyHttpServerConfiguration$Worker @Named('netty-server-worker-event-loop') Definition: io.micronaut.http.server.netty.configuration.NettyHttpServerConfiguration$Worker
07:29:21.730 [main] DEBUG io.micronaut.context.DefaultBeanContext --   class io.micronaut.http.server.netty.configuration.NettyHttpServerConfiguration$Parent @Named('netty-server-parent-event-loop') Definition: io.micronaut.http.server.netty.configuration.NettyHttpServerConfiguration$Parent
07:29:21.730 [main] DEBUG io.micronaut.context.DefaultBeanContext -- Finding candidate beans for type: ExecutorConfiguration
07:29:21.730 [main] DEBUG io.micronaut.context.condition.Condition -- Bean [Definition: io.micronaut.scheduling.executor.IOExecutorServiceConfig] will not be loaded due to failing conditions:
07:29:21.730 [main] DEBUG io.micronaut.context.condition.Condition -- * Virtual threads support not available: no such method: java.util.concurrent.Executors.newThreadPerTaskExecutor(ThreadFactory)ExecutorService/invokeStatic
07:29:21.730 [main] DEBUG io.micronaut.context.condition.Condition -- * Custom condition [class io.micronaut.scheduling.LoomSupport$LoomCondition] failed evaluation
07:29:21.730 [main] DEBUG io.micronaut.context.DefaultBeanContext --   interface io.micronaut.scheduling.executor.ExecutorConfiguration @Named('io') Definition: io.micronaut.scheduling.executor.IOExecutorServiceConfig
07:29:21.730 [main] DEBUG io.micronaut.context.DefaultBeanContext --   interface io.micronaut.scheduling.executor.ExecutorConfiguration @Named('scheduled') Definition: io.micronaut.scheduling.executor.ScheduledExecutorServiceConfig
07:29:21.730 [main] DEBUG io.micronaut.context.DefaultBeanContext --   interface java.util.concurrent.ExecutorService @Named('io') Definition: io.micronaut.scheduling.executor.ExecutorFactory
07:29:21.730 [main] DEBUG io.micronaut.context.DefaultBeanContext --   interface java.util.concurrent.ExecutorService @Named('scheduled') Definition: io.micronaut.scheduling.executor.ExecutorFactory
07:29:21.730 [main] DEBUG io.micronaut.context.DefaultBeanContext --   interface io.netty.channel.EventLoopGroup @Named('netty-server-worker-event-loop') Definition: io.micronaut.http.netty.channel.DefaultEventLoopGroupRegistry
07:29:21.730 [main] DEBUG io.micronaut.context.DefaultBeanContext --   interface io.netty.channel.EventLoopGroup @Named('netty-server-parent-event-loop') Definition: io.micronaut.http.netty.channel.DefaultEventLoopGroupRegistry
07:29:21.730 [main] DEBUG io.micronaut.context.DefaultBeanContext --   interface java.util.concurrent.ExecutorService @Named('blocking') Definition: io.micronaut.scheduling.executor.IOExecutorServiceConfig
07:29:21.730 [main] DEBUG io.micronaut.context.DefaultBeanContext -- Qualifying bean [T] for qualifier: @Named('blocking') 
07:29:21.730 [main] DEBUG io.micronaut.context.DefaultBeanContext -- Found concrete candidate [Definition: io.micronaut.scheduling.executor.IOExecutorServiceConfig] for type: @Named('blocking') T 
07:29:21.730 [main] DEBUG io.micronaut.context.DefaultBeanContext -- Finding candidate beans for type: IOExecutorServiceConfig
07:29:21.730 [main] DEBUG io.micronaut.context.DefaultBeanContext --   class io.micronaut.scheduling.executor.IOExecutorServiceConfig null Definition: io.micronaut.scheduling.executor.IOExecutorServiceConfig
07:29:21.730 [main] DEBUG io.micronaut.context.DefaultBeanContext -- Found concrete candidate [Definition: io.micronaut.scheduling.executor.IOExecutorServiceConfig] for type: IOExecutorServiceConfig 
07:29:21.730 [main] DEBUG io.micronaut.context.lifecycle -- Created bean [io.micronaut.scheduling.executor.IOExecutorServiceConfig@4629dde5] from definition [Definition: io.micronaut.scheduling.executor.IOExecutorServiceConfig] with qualifier [null]
07:29:21.731 [main] DEBUG io.micronaut.context.lifecycle -- Created bean [io.micronaut.inject.provider.BeanProviderDefinition$1@7e35d743] from definition [io.micronaut.inject.provider.BeanProviderDefinition@3cd344c0] with qualifier [@Named('io')]
07:29:21.731 [main] DEBUG io.micronaut.context.DefaultBeanContext -- Finding candidate beans for type: BeanProvider virtual
07:29:21.731 [main] DEBUG io.micronaut.context.DefaultBeanContext --   interface io.micronaut.context.BeanProvider null io.micronaut.inject.provider.BeanProviderDefinition@3cd344c0
07:29:21.731 [main] DEBUG io.micronaut.context.DefaultBeanContext -- Qualifying bean [virtual] for qualifier: @Named('virtual') 
07:29:21.731 [main] DEBUG io.micronaut.context.DefaultBeanContext -- Found concrete candidate [io.micronaut.inject.provider.BeanProviderDefinition@3cd344c0] for type: @Named('virtual') virtual 
07:29:21.731 [main] DEBUG io.micronaut.context.lifecycle -- Created bean [io.micronaut.inject.provider.BeanProviderDefinition$1@63b2418e] from definition [io.micronaut.inject.provider.BeanProviderDefinition@3cd344c0] with qualifier [@Named('virtual')]
07:29:21.731 [main] DEBUG io.micronaut.context.DefaultBeanContext -- Finding candidate beans for type: ExecutorService T
07:29:21.731 [main] DEBUG io.micronaut.context.DefaultBeanContext -- Finding candidate beans for type: EventLoopGroupConfiguration
07:29:21.731 [main] DEBUG io.micronaut.context.DefaultBeanContext --   class io.micronaut.http.server.netty.configuration.NettyHttpServerConfiguration$Worker @Named('netty-server-worker-event-loop') Definition: io.micronaut.http.server.netty.configuration.NettyHttpServerConfiguration$Worker
07:29:21.731 [main] DEBUG io.micronaut.context.DefaultBeanContext --   class io.micronaut.http.server.netty.configuration.NettyHttpServerConfiguration$Parent @Named('netty-server-parent-event-loop') Definition: io.micronaut.http.server.netty.configuration.NettyHttpServerConfiguration$Parent
07:29:21.731 [main] DEBUG io.micronaut.context.DefaultBeanContext -- Finding candidate beans for type: ExecutorConfiguration
07:29:21.731 [main] DEBUG io.micronaut.context.DefaultBeanContext --   interface io.micronaut.scheduling.executor.ExecutorConfiguration @Named('io') Definition: io.micronaut.scheduling.executor.IOExecutorServiceConfig
07:29:21.731 [main] DEBUG io.micronaut.context.DefaultBeanContext --   interface io.micronaut.scheduling.executor.ExecutorConfiguration @Named('scheduled') Definition: io.micronaut.scheduling.executor.ScheduledExecutorServiceConfig
07:29:21.731 [main] DEBUG io.micronaut.context.DefaultBeanContext --   interface java.util.concurrent.ExecutorService @Named('io') Definition: io.micronaut.scheduling.executor.ExecutorFactory
07:29:21.731 [main] DEBUG io.micronaut.context.DefaultBeanContext --   interface java.util.concurrent.ExecutorService @Named('scheduled') Definition: io.micronaut.scheduling.executor.ExecutorFactory
07:29:21.731 [main] DEBUG io.micronaut.context.DefaultBeanContext --   interface io.netty.channel.EventLoopGroup @Named('netty-server-worker-event-loop') Definition: io.micronaut.http.netty.channel.DefaultEventLoopGroupRegistry
07:29:21.731 [main] DEBUG io.micronaut.context.DefaultBeanContext --   interface io.netty.channel.EventLoopGroup @Named('netty-server-parent-event-loop') Definition: io.micronaut.http.netty.channel.DefaultEventLoopGroupRegistry
07:29:21.731 [main] DEBUG io.micronaut.context.DefaultBeanContext --   interface java.util.concurrent.ExecutorService @Named('blocking') Definition: io.micronaut.scheduling.executor.IOExecutorServiceConfig
07:29:21.731 [main] DEBUG io.micronaut.context.DefaultBeanContext -- Finding candidate beans for type: ExecutorService T
07:29:21.731 [main] DEBUG io.micronaut.context.DefaultBeanContext -- Finding candidate beans for type: EventLoopGroupConfiguration
07:29:21.731 [main] DEBUG io.micronaut.context.DefaultBeanContext --   class io.micronaut.http.server.netty.configuration.NettyHttpServerConfiguration$Worker @Named('netty-server-worker-event-loop') Definition: io.micronaut.http.server.netty.configuration.NettyHttpServerConfiguration$Worker
07:29:21.731 [main] DEBUG io.micronaut.context.DefaultBeanContext --   class io.micronaut.http.server.netty.configuration.NettyHttpServerConfiguration$Parent @Named('netty-server-parent-event-loop') Definition: io.micronaut.http.server.netty.configuration.NettyHttpServerConfiguration$Parent
07:29:21.731 [main] DEBUG io.micronaut.context.DefaultBeanContext -- Finding candidate beans for type: ExecutorConfiguration
07:29:21.731 [main] DEBUG io.micronaut.context.DefaultBeanContext --   interface io.micronaut.scheduling.executor.ExecutorConfiguration @Named('io') Definition: io.micronaut.scheduling.executor.IOExecutorServiceConfig
07:29:21.731 [main] DEBUG io.micronaut.context.DefaultBeanContext --   interface io.micronaut.scheduling.executor.ExecutorConfiguration @Named('scheduled') Definition: io.micronaut.scheduling.executor.ScheduledExecutorServiceConfig
07:29:21.731 [main] DEBUG io.micronaut.context.DefaultBeanContext --   interface java.util.concurrent.ExecutorService @Named('io') Definition: io.micronaut.scheduling.executor.ExecutorFactory
07:29:21.731 [main] DEBUG io.micronaut.context.DefaultBeanContext --   interface java.util.concurrent.ExecutorService @Named('scheduled') Definition: io.micronaut.scheduling.executor.ExecutorFactory
07:29:21.731 [main] DEBUG io.micronaut.context.DefaultBeanContext --   interface io.netty.channel.EventLoopGroup @Named('netty-server-worker-event-loop') Definition: io.micronaut.http.netty.channel.DefaultEventLoopGroupRegistry
07:29:21.731 [main] DEBUG io.micronaut.context.DefaultBeanContext --   interface io.netty.channel.EventLoopGroup @Named('netty-server-parent-event-loop') Definition: io.micronaut.http.netty.channel.DefaultEventLoopGroupRegistry
07:29:21.731 [main] DEBUG io.micronaut.context.DefaultBeanContext --   interface java.util.concurrent.ExecutorService @Named('blocking') Definition: io.micronaut.scheduling.executor.IOExecutorServiceConfig
07:29:21.731 [main] DEBUG io.micronaut.context.DefaultBeanContext -- Qualifying bean [T] for qualifier: @Named('io') 
07:29:21.731 [main] DEBUG io.micronaut.context.DefaultBeanContext -- Found concrete candidate [Definition: io.micronaut.scheduling.executor.ExecutorFactory] for type: @Named('io') T 
07:29:21.732 [main] DEBUG io.micronaut.context.DefaultBeanContext -- Finding candidate beans for type: ExecutorFactory
07:29:21.732 [main] DEBUG io.micronaut.context.DefaultBeanContext --   class io.micronaut.scheduling.executor.ExecutorFactory null Definition: io.micronaut.scheduling.executor.ExecutorFactory
07:29:21.732 [main] DEBUG io.micronaut.context.DefaultBeanContext -- Found concrete candidate [Definition: io.micronaut.scheduling.executor.ExecutorFactory] for type: executorFactory 
07:29:21.732 [main] DEBUG io.micronaut.context.DefaultBeanContext -- Finding candidate beans for type: ThreadFactory threadFactory
07:29:21.732 [main] DEBUG io.micronaut.context.DefaultBeanContext -- Finding candidate beans for type: ExecutorConfiguration
07:29:21.732 [main] DEBUG io.micronaut.context.DefaultBeanContext --   interface io.micronaut.scheduling.executor.ExecutorConfiguration @Named('io') Definition: io.micronaut.scheduling.executor.IOExecutorServiceConfig
07:29:21.732 [main] DEBUG io.micronaut.context.DefaultBeanContext --   interface io.micronaut.scheduling.executor.ExecutorConfiguration @Named('scheduled') Definition: io.micronaut.scheduling.executor.ScheduledExecutorServiceConfig
07:29:21.732 [main] DEBUG io.micronaut.context.DefaultBeanContext --   interface java.util.concurrent.ThreadFactory @Named('scheduled') Definition: io.micronaut.scheduling.executor.ExecutorFactory
07:29:21.732 [main] DEBUG io.micronaut.context.DefaultBeanContext --   interface java.util.concurrent.ThreadFactory @Named('netty') Definition: io.micronaut.http.netty.channel.NettyThreadFactory
07:29:21.732 [main] DEBUG io.micronaut.context.DefaultBeanContext --   interface java.util.concurrent.ThreadFactory @Named('io') Definition: io.micronaut.scheduling.executor.ExecutorFactory
07:29:21.732 [main] DEBUG io.micronaut.context.DefaultBeanContext --   interface java.util.concurrent.ThreadFactory null Definition: io.micronaut.scheduling.executor.DefaultThreadFactory
07:29:21.732 [main] DEBUG io.micronaut.context.DefaultBeanContext -- Searching for @Primary for type [threadFactory] from candidates: [Definition: io.micronaut.scheduling.executor.ExecutorFactory, Definition: io.micronaut.http.netty.channel.NettyThreadFactory, Definition: io.micronaut.scheduling.executor.ExecutorFactory, Definition: io.micronaut.scheduling.executor.DefaultThreadFactory] 
07:29:21.732 [main] DEBUG io.micronaut.context.DefaultBeanContext -- Found concrete candidate [Definition: io.micronaut.scheduling.executor.DefaultThreadFactory] for type: threadFactory 
07:29:21.732 [main] DEBUG io.micronaut.context.DefaultBeanContext -- Finding candidate beans for type: DefaultThreadFactory
07:29:21.732 [main] DEBUG io.micronaut.context.DefaultBeanContext --   class io.micronaut.scheduling.executor.DefaultThreadFactory null Definition: io.micronaut.scheduling.executor.DefaultThreadFactory
07:29:21.732 [main] DEBUG io.micronaut.context.DefaultBeanContext -- Found concrete candidate [Definition: io.micronaut.scheduling.executor.DefaultThreadFactory] for type: defaultThreadFactory 
07:29:21.732 [main] DEBUG io.micronaut.context.lifecycle -- Created bean [io.micronaut.scheduling.executor.DefaultThreadFactory@70d16858] from definition [Definition: io.micronaut.scheduling.executor.DefaultThreadFactory] with qualifier [null]
07:29:21.732 [main] DEBUG io.micronaut.context.lifecycle -- Created bean [java.util.concurrent.Executors$DefaultThreadFactory@789f5552] from definition [Definition: io.micronaut.scheduling.executor.DefaultThreadFactory] with qualifier [null]
07:29:21.732 [main] DEBUG io.micronaut.context.lifecycle -- Created bean [io.micronaut.scheduling.executor.ExecutorFactory@28c00acd] from definition [Definition: io.micronaut.scheduling.executor.ExecutorFactory] with qualifier [null]
07:29:21.732 [main] DEBUG io.micronaut.context.DefaultBeanContext -- Finding candidate beans for type: ExecutorConfiguration executorConfiguration
07:29:21.732 [main] DEBUG io.micronaut.context.DefaultBeanContext --   interface io.micronaut.scheduling.executor.ExecutorConfiguration @Named('io') Definition: io.micronaut.scheduling.executor.IOExecutorServiceConfig
07:29:21.732 [main] DEBUG io.micronaut.context.DefaultBeanContext --   interface io.micronaut.scheduling.executor.ExecutorConfiguration @Named('scheduled') Definition: io.micronaut.scheduling.executor.ScheduledExecutorServiceConfig
07:29:21.732 [main] DEBUG io.micronaut.context.DefaultBeanContext -- Qualifying bean [executorConfiguration] for qualifier: @Named('io') 
07:29:21.732 [main] DEBUG io.micronaut.context.DefaultBeanContext -- Found concrete candidate [Definition: io.micronaut.scheduling.executor.IOExecutorServiceConfig] for type: @Named('io') executorConfiguration 
07:29:21.732 [main] DEBUG io.micronaut.context.lifecycle -- Created bean [io.micronaut.scheduling.executor.UserExecutorConfiguration@590f806a] from definition [Definition: io.micronaut.scheduling.executor.IOExecutorServiceConfig] with qualifier [@Named('io')]
07:29:21.732 [main] DEBUG io.micronaut.context.DefaultBeanContext -- Finding candidate beans for type: ThreadFactory
07:29:21.732 [main] DEBUG io.micronaut.context.DefaultBeanContext -- Finding candidate beans for type: ExecutorConfiguration
07:29:21.732 [main] DEBUG io.micronaut.context.DefaultBeanContext --   interface io.micronaut.scheduling.executor.ExecutorConfiguration @Named('io') Definition: io.micronaut.scheduling.executor.IOExecutorServiceConfig
07:29:21.732 [main] DEBUG io.micronaut.context.DefaultBeanContext --   interface io.micronaut.scheduling.executor.ExecutorConfiguration @Named('scheduled') Definition: io.micronaut.scheduling.executor.ScheduledExecutorServiceConfig
07:29:21.733 [main] DEBUG io.micronaut.context.DefaultBeanContext --   interface java.util.concurrent.ThreadFactory @Named('scheduled') Definition: io.micronaut.scheduling.executor.ExecutorFactory
07:29:21.733 [main] DEBUG io.micronaut.context.DefaultBeanContext --   interface java.util.concurrent.ThreadFactory @Named('netty') Definition: io.micronaut.http.netty.channel.NettyThreadFactory
07:29:21.733 [main] DEBUG io.micronaut.context.DefaultBeanContext --   interface java.util.concurrent.ThreadFactory @Named('io') Definition: io.micronaut.scheduling.executor.ExecutorFactory
07:29:21.733 [main] DEBUG io.micronaut.context.DefaultBeanContext --   interface java.util.concurrent.ThreadFactory null Definition: io.micronaut.scheduling.executor.DefaultThreadFactory
07:29:21.733 [main] DEBUG io.micronaut.context.DefaultBeanContext -- Qualifying bean [threadFactory] for qualifier: @Named('io') 
07:29:21.733 [main] DEBUG io.micronaut.context.DefaultBeanContext -- Found concrete candidate [Definition: io.micronaut.scheduling.executor.ExecutorFactory] for type: @Named('io') threadFactory 
07:29:21.733 [main] DEBUG io.micronaut.context.lifecycle -- Created bean [io.micronaut.scheduling.executor.NamedThreadFactory@2267b0bb] from definition [Definition: io.micronaut.scheduling.executor.ExecutorFactory] with qualifier [@Named('io')]
07:29:21.733 [main] DEBUG io.micronaut.core.reflect.ClassUtils -- Attempting to dynamically load class io.micronaut.context.annotation.Prototype
07:29:21.733 [main] DEBUG io.micronaut.core.reflect.ClassUtils -- Successfully loaded class io.micronaut.context.annotation.Prototype
07:29:21.733 [main] DEBUG io.micronaut.context.lifecycle -- Created bean [io.micronaut.context.propagation.instrument.execution.ExecutorServiceInstrumenter@20505460] from definition [Definition: io.micronaut.context.propagation.instrument.execution.ExecutorServiceInstrumenter] with qualifier [null]
07:29:21.733 [main] DEBUG io.micronaut.context.lifecycle -- Created bean [io.micronaut.context.propagation.instrument.execution.ExecutorServiceInstrumenter$2@8eeb4c5] from definition [Definition: io.micronaut.scheduling.executor.ExecutorFactory] with qualifier [@Named('io')]
07:29:21.733 [main] DEBUG io.micronaut.context.lifecycle -- Created bean [io.micronaut.context.propagation.instrument.execution.ExecutorServiceInstrumenter$2@2dc77962] from definition [Definition: io.micronaut.scheduling.executor.IOExecutorServiceConfig] with qualifier [@Named('blocking')]
07:29:21.733 [main] DEBUG io.micronaut.context.lifecycle -- Created bean [io.micronaut.http.server.netty.binders.NettyServerRequestBinderRegistry@32bae609] from definition [Definition: io.micronaut.http.server.netty.binders.NettyServerRequestBinderRegistry] with qualifier [null]
07:29:21.733 [main] DEBUG io.micronaut.context.lifecycle -- Created bean [io.micronaut.http.server.netty.NettyRequestArgumentSatisfier@106b476a] from definition [Definition: io.micronaut.http.server.netty.NettyRequestArgumentSatisfier] with qualifier [null]
07:29:21.733 [main] DEBUG io.micronaut.context.DefaultBeanContext -- Finding candidate beans for type: ErrorResponseProcessor errorResponseProcessor
07:29:21.733 [main] DEBUG io.micronaut.context.DefaultBeanContext --   class io.micronaut.http.server.exceptions.response.HateoasErrorResponseProcessor @Secondary Definition: io.micronaut.http.server.exceptions.response.HateoasErrorResponseProcessor
07:29:21.733 [main] DEBUG io.micronaut.context.DefaultBeanContext -- Found concrete candidate [Definition: io.micronaut.http.server.exceptions.response.HateoasErrorResponseProcessor] for type: errorResponseProcessor 
07:29:21.733 [main] DEBUG io.micronaut.context.DefaultBeanContext -- Finding candidate beans for type: JsonConfiguration jacksonConfiguration
07:29:21.733 [main] DEBUG io.micronaut.context.DefaultBeanContext --   class io.micronaut.jackson.JacksonConfiguration null Definition: io.micronaut.jackson.JacksonConfiguration
07:29:21.733 [main] DEBUG io.micronaut.context.DefaultBeanContext -- Found concrete candidate [Definition: io.micronaut.jackson.JacksonConfiguration] for type: jacksonConfiguration 
07:29:21.733 [main] DEBUG io.micronaut.context.lifecycle -- Created bean [io.micronaut.http.server.exceptions.response.HateoasErrorResponseProcessor@6dde913e] from definition [Definition: io.micronaut.http.server.exceptions.response.HateoasErrorResponseProcessor] with qualifier [@Secondary]
07:29:21.733 [main] DEBUG io.micronaut.context.DefaultBeanContext -- Finding candidate beans for type: CoroutineHelper
07:29:21.733 [main] DEBUG io.micronaut.context.DefaultBeanContext -- No bean candidates found for type: CoroutineHelper
07:29:21.733 [main] DEBUG io.micronaut.context.lifecycle -- Created bean [io.micronaut.http.server.RouteExecutor@7b44e98e] from definition [Definition: io.micronaut.http.server.RouteExecutor] with qualifier [null]
07:29:21.734 [main] DEBUG io.micronaut.context.DefaultBeanContext -- Finding candidate beans for type: MediaTypeCodecRegistry mediaTypeCodecRegistry
07:29:21.734 [main] DEBUG io.micronaut.context.DefaultBeanContext --   interface io.micronaut.http.codec.MediaTypeCodecRegistry null Definition: io.micronaut.runtime.http.codec.MediaTypeCodecRegistryFactory
07:29:21.734 [main] DEBUG io.micronaut.context.DefaultBeanContext -- Found concrete candidate [Definition: io.micronaut.runtime.http.codec.MediaTypeCodecRegistryFactory] for type: mediaTypeCodecRegistry 
07:29:21.734 [main] DEBUG io.micronaut.context.DefaultBeanContext -- Finding candidate beans for type: MediaTypeCodecRegistryFactory
07:29:21.734 [main] DEBUG io.micronaut.context.DefaultBeanContext --   class io.micronaut.runtime.http.codec.MediaTypeCodecRegistryFactory null Definition: io.micronaut.runtime.http.codec.MediaTypeCodecRegistryFactory
07:29:21.734 [main] DEBUG io.micronaut.context.DefaultBeanContext -- Found concrete candidate [Definition: io.micronaut.runtime.http.codec.MediaTypeCodecRegistryFactory] for type: mediaTypeCodecRegistryFactory 
07:29:21.734 [main] DEBUG io.micronaut.context.lifecycle -- Created bean [io.micronaut.runtime.http.codec.MediaTypeCodecRegistryFactory@1e2bc241] from definition [Definition: io.micronaut.runtime.http.codec.MediaTypeCodecRegistryFactory] with qualifier [null]
07:29:21.734 [main] DEBUG io.micronaut.context.DefaultBeanContext -- Resolving beans for type: io.micronaut.http.codec.MediaTypeCodec
07:29:21.734 [main] DEBUG io.micronaut.context.DefaultBeanContext -- Finding candidate beans for type: MediaTypeCodec E
07:29:21.734 [main] DEBUG io.micronaut.context.DefaultBeanContext --   class io.micronaut.http.server.codec.TextStreamCodec null Definition: io.micronaut.http.server.codec.TextStreamCodec
07:29:21.734 [main] DEBUG io.micronaut.context.DefaultBeanContext --   class io.micronaut.json.codec.JsonStreamMediaTypeCodec null Definition: io.micronaut.json.codec.JsonStreamMediaTypeCodec
07:29:21.734 [main] DEBUG io.micronaut.context.DefaultBeanContext --   class io.micronaut.json.codec.JsonMediaTypeCodec @Named('json') Definition: io.micronaut.json.codec.JsonMediaTypeCodec
07:29:21.734 [main] DEBUG io.micronaut.context.DefaultBeanContext --   class io.micronaut.runtime.http.codec.TextPlainCodec null Definition: io.micronaut.runtime.http.codec.TextPlainCodec
07:29:21.734 [main] DEBUG io.micronaut.context.DefaultBeanContext -- Finding candidate beans for type: ApplicationConfiguration applicationConfiguration
07:29:21.734 [main] DEBUG io.micronaut.context.DefaultBeanContext --   class io.micronaut.runtime.ApplicationConfiguration null Definition: io.micronaut.runtime.ApplicationConfiguration
07:29:21.734 [main] DEBUG io.micronaut.context.DefaultBeanContext -- Found concrete candidate [Definition: io.micronaut.runtime.ApplicationConfiguration] for type: applicationConfiguration 
07:29:21.734 [main] DEBUG io.micronaut.context.DefaultBeanContext -- Finding candidate beans for type: ByteBufferFactory byteBufferFactory
07:29:21.734 [main] DEBUG io.micronaut.context.DefaultBeanContext --   class io.micronaut.buffer.netty.NettyByteBufferFactory null Definition: io.micronaut.buffer.netty.NettyByteBufferFactory
07:29:21.734 [main] DEBUG io.micronaut.context.DefaultBeanContext -- Found concrete candidate [Definition: io.micronaut.buffer.netty.NettyByteBufferFactory] for type: byteBufferFactory 
07:29:21.734 [main] DEBUG io.micronaut.context.DefaultBeanContext -- Finding candidate beans for type: BeanProvider codecRegistryProvider
07:29:21.734 [main] DEBUG io.micronaut.context.DefaultBeanContext --   interface io.micronaut.context.BeanProvider null io.micronaut.inject.provider.BeanProviderDefinition@3cd344c0
07:29:21.734 [main] DEBUG io.micronaut.context.DefaultBeanContext -- Found concrete candidate [io.micronaut.inject.provider.BeanProviderDefinition@3cd344c0] for type: codecRegistryProvider 
07:29:21.734 [main] DEBUG io.micronaut.context.lifecycle -- Created bean [io.micronaut.inject.provider.BeanProviderDefinition$1@543196f9] from definition [io.micronaut.inject.provider.BeanProviderDefinition@3cd344c0] with qualifier [null]
07:29:21.734 [main] DEBUG io.micronaut.context.DefaultBeanContext -- Finding candidate beans for type: CodecConfiguration codecConfiguration
07:29:21.734 [main] DEBUG io.micronaut.context.DefaultBeanContext -- No bean candidates found for type: CodecConfiguration codecConfiguration
07:29:21.734 [main] DEBUG io.micronaut.context.lifecycle -- Created bean [io.micronaut.http.server.codec.TextStreamCodec@4d7fba20] from definition [Definition: io.micronaut.http.server.codec.TextStreamCodec] with qualifier [null]
07:29:21.734 [main] DEBUG io.micronaut.context.DefaultBeanContext -- Found a registration BeanRegistration: io.micronaut.http.server.codec.TextStreamCodec@4d7fba20 for candidate: Definition: io.micronaut.http.server.codec.TextStreamCodec with qualifier: null
07:29:21.735 [main] DEBUG io.micronaut.context.DefaultBeanContext -- Finding candidate beans for type: BeanProvider jsonCodec
07:29:21.735 [main] DEBUG io.micronaut.context.DefaultBeanContext --   interface io.micronaut.context.BeanProvider null io.micronaut.inject.provider.BeanProviderDefinition@3cd344c0
07:29:21.735 [main] DEBUG io.micronaut.context.DefaultBeanContext -- Found concrete candidate [io.micronaut.inject.provider.BeanProviderDefinition@3cd344c0] for type: jsonCodec 
07:29:21.735 [main] DEBUG io.micronaut.context.lifecycle -- Created bean [io.micronaut.inject.provider.BeanProviderDefinition$1@112b3298] from definition [io.micronaut.inject.provider.BeanProviderDefinition@3cd344c0] with qualifier [null]
07:29:21.735 [main] DEBUG io.micronaut.context.DefaultBeanContext -- Finding candidate beans for type: CodecConfiguration codecConfiguration
07:29:21.735 [main] DEBUG io.micronaut.context.DefaultBeanContext -- No bean candidates found for type: CodecConfiguration codecConfiguration
07:29:21.735 [main] DEBUG io.micronaut.context.lifecycle -- Created bean [io.micronaut.json.codec.JsonStreamMediaTypeCodec@51d2d336] from definition [Definition: io.micronaut.json.codec.JsonStreamMediaTypeCodec] with qualifier [null]
07:29:21.735 [main] DEBUG io.micronaut.context.DefaultBeanContext -- Found a registration BeanRegistration: io.micronaut.json.codec.JsonStreamMediaTypeCodec@51d2d336 for candidate: Definition: io.micronaut.json.codec.JsonStreamMediaTypeCodec with qualifier: null
07:29:21.735 [main] DEBUG io.micronaut.context.lifecycle -- Created bean [io.micronaut.inject.provider.BeanProviderDefinition$1@90c01ab] from definition [io.micronaut.inject.provider.BeanProviderDefinition@3cd344c0] with qualifier [null]
07:29:21.735 [main] DEBUG io.micronaut.context.DefaultBeanContext -- Finding candidate beans for type: CodecConfiguration codecConfiguration
07:29:21.735 [main] DEBUG io.micronaut.context.DefaultBeanContext -- No bean candidates found for type: CodecConfiguration codecConfiguration
07:29:21.735 [main] DEBUG io.micronaut.context.lifecycle -- Created bean [io.micronaut.json.codec.JsonMediaTypeCodec@39921410] from definition [Definition: io.micronaut.json.codec.JsonMediaTypeCodec] with qualifier [@Named('json')]
07:29:21.735 [main] DEBUG io.micronaut.context.DefaultBeanContext -- Found a registration BeanRegistration: io.micronaut.json.codec.JsonMediaTypeCodec@39921410 for candidate: Definition: io.micronaut.json.codec.JsonMediaTypeCodec with qualifier: null
07:29:21.736 [main] DEBUG io.micronaut.context.DefaultBeanContext -- Finding candidate beans for type: CodecConfiguration codecConfiguration
07:29:21.736 [main] DEBUG io.micronaut.context.DefaultBeanContext -- No bean candidates found for type: CodecConfiguration codecConfiguration
07:29:21.736 [main] DEBUG io.micronaut.context.lifecycle -- Created bean [io.micronaut.runtime.http.codec.TextPlainCodec@5f01361e] from definition [Definition: io.micronaut.runtime.http.codec.TextPlainCodec] with qualifier [null]
07:29:21.736 [main] DEBUG io.micronaut.context.DefaultBeanContext -- Found a registration BeanRegistration: io.micronaut.runtime.http.codec.TextPlainCodec@5f01361e for candidate: Definition: io.micronaut.runtime.http.codec.TextPlainCodec with qualifier: null
07:29:21.736 [main] DEBUG io.micronaut.context.lifecycle -- Created bean [io.micronaut.http.codec.DefaultMediaTypeCodecRegistry@769a9b7a] from definition [Definition: io.micronaut.runtime.http.codec.MediaTypeCodecRegistryFactory] with qualifier [null]
07:29:21.736 [main] DEBUG io.micronaut.context.DefaultBeanContext -- Finding candidate beans for type: StaticResourceResolver staticResourceResolver
07:29:21.736 [main] DEBUG io.micronaut.context.DefaultBeanContext --   class io.micronaut.web.router.resource.StaticResourceResolver null Definition: io.micronaut.web.router.resource.StaticResourceResolverFactory
07:29:21.736 [main] DEBUG io.micronaut.context.DefaultBeanContext -- Found concrete candidate [Definition: io.micronaut.web.router.resource.StaticResourceResolverFactory] for type: staticResourceResolver 
07:29:21.736 [main] DEBUG io.micronaut.context.DefaultBeanContext -- Finding candidate beans for type: StaticResourceResolverFactory
07:29:21.736 [main] DEBUG io.micronaut.context.DefaultBeanContext --   class io.micronaut.web.router.resource.StaticResourceResolverFactory null Definition: io.micronaut.web.router.resource.StaticResourceResolverFactory
07:29:21.736 [main] DEBUG io.micronaut.context.DefaultBeanContext -- Found concrete candidate [Definition: io.micronaut.web.router.resource.StaticResourceResolverFactory] for type: staticResourceResolverFactory 
07:29:21.736 [main] DEBUG io.micronaut.context.lifecycle -- Created bean [io.micronaut.web.router.resource.StaticResourceResolverFactory@2d568cff] from definition [Definition: io.micronaut.web.router.resource.StaticResourceResolverFactory] with qualifier [null]
07:29:21.736 [main] DEBUG io.micronaut.context.DefaultBeanContext -- Resolving beans for type: io.micronaut.web.router.resource.StaticResourceConfiguration
07:29:21.736 [main] DEBUG io.micronaut.context.DefaultBeanContext -- Finding candidate beans for type: StaticResourceConfiguration E
07:29:21.736 [main] DEBUG io.micronaut.context.DefaultBeanContext -- No bean candidates found for type: StaticResourceConfiguration E
07:29:21.736 [main] DEBUG io.micronaut.context.lifecycle -- Created bean [io.micronaut.web.router.resource.StaticResourceResolver$1@20a946d9] from definition [Definition: io.micronaut.web.router.resource.StaticResourceResolverFactory] with qualifier [null]
07:29:21.736 [main] DEBUG io.micronaut.context.DefaultBeanContext -- Finding candidate beans for type: ThreadFactory nettyThreadFactory
07:29:21.736 [main] DEBUG io.micronaut.context.DefaultBeanContext -- Finding candidate beans for type: ExecutorConfiguration
07:29:21.737 [main] DEBUG io.micronaut.context.DefaultBeanContext --   interface io.micronaut.scheduling.executor.ExecutorConfiguration @Named('io') Definition: io.micronaut.scheduling.executor.IOExecutorServiceConfig
07:29:21.737 [main] DEBUG io.micronaut.context.DefaultBeanContext --   interface io.micronaut.scheduling.executor.ExecutorConfiguration @Named('scheduled') Definition: io.micronaut.scheduling.executor.ScheduledExecutorServiceConfig
07:29:21.737 [main] DEBUG io.micronaut.context.DefaultBeanContext --   interface java.util.concurrent.ThreadFactory @Named('scheduled') Definition: io.micronaut.scheduling.executor.ExecutorFactory
07:29:21.737 [main] DEBUG io.micronaut.context.DefaultBeanContext --   interface java.util.concurrent.ThreadFactory @Named('netty') Definition: io.micronaut.http.netty.channel.NettyThreadFactory
07:29:21.737 [main] DEBUG io.micronaut.context.DefaultBeanContext --   interface java.util.concurrent.ThreadFactory @Named('io') Definition: io.micronaut.scheduling.executor.ExecutorFactory
07:29:21.737 [main] DEBUG io.micronaut.context.DefaultBeanContext --   interface java.util.concurrent.ThreadFactory null Definition: io.micronaut.scheduling.executor.DefaultThreadFactory
07:29:21.737 [main] DEBUG io.micronaut.context.DefaultBeanContext -- Qualifying bean [nettyThreadFactory] for qualifier: @Named('netty') 
07:29:21.737 [main] DEBUG io.micronaut.context.DefaultBeanContext -- Found concrete candidate [Definition: io.micronaut.http.netty.channel.NettyThreadFactory] for type: @Named('netty') nettyThreadFactory 
07:29:21.737 [main] DEBUG io.micronaut.context.DefaultBeanContext -- Finding candidate beans for type: NettyThreadFactory
07:29:21.737 [main] DEBUG io.micronaut.context.DefaultBeanContext --   class io.micronaut.http.netty.channel.NettyThreadFactory null Definition: io.micronaut.http.netty.channel.NettyThreadFactory
07:29:21.737 [main] DEBUG io.micronaut.context.DefaultBeanContext -- Found concrete candidate [Definition: io.micronaut.http.netty.channel.NettyThreadFactory] for type: nettyThreadFactory 
07:29:21.737 [main] DEBUG io.micronaut.context.lifecycle -- Created bean [io.micronaut.http.netty.channel.NettyThreadFactory@5003c114] from definition [Definition: io.micronaut.http.netty.channel.NettyThreadFactory] with qualifier [null]
07:29:21.737 [main] DEBUG io.micronaut.context.lifecycle -- Created bean [io.netty.util.concurrent.DefaultThreadFactory@6e4bccc] from definition [Definition: io.micronaut.http.netty.channel.NettyThreadFactory] with qualifier [@Named('netty')]
07:29:21.737 [main] DEBUG io.micronaut.context.DefaultBeanContext -- Finding candidate beans for type: HttpCompressionStrategy httpCompressionStrategy
07:29:21.737 [main] DEBUG io.micronaut.context.DefaultBeanContext --   class io.micronaut.http.server.netty.DefaultHttpCompressionStrategy null Definition: io.micronaut.http.server.netty.DefaultHttpCompressionStrategy
07:29:21.737 [main] DEBUG io.micronaut.context.DefaultBeanContext -- Found concrete candidate [Definition: io.micronaut.http.server.netty.DefaultHttpCompressionStrategy] for type: httpCompressionStrategy 
07:29:21.737 [main] DEBUG io.micronaut.context.DefaultBeanContext -- Finding candidate beans for type: NettyHttpServerConfiguration serverConfiguration
07:29:21.737 [main] DEBUG io.micronaut.context.DefaultBeanContext --   class io.micronaut.http.server.netty.configuration.NettyHttpServerConfiguration null Definition: io.micronaut.http.server.netty.configuration.NettyHttpServerConfiguration
07:29:21.737 [main] DEBUG io.micronaut.context.DefaultBeanContext -- Found concrete candidate [Definition: io.micronaut.http.server.netty.configuration.NettyHttpServerConfiguration] for type: serverConfiguration 
07:29:21.737 [main] DEBUG io.micronaut.context.lifecycle -- Created bean [io.micronaut.http.server.netty.DefaultHttpCompressionStrategy@2487b621] from definition [Definition: io.micronaut.http.server.netty.DefaultHttpCompressionStrategy] with qualifier [null]
07:29:21.737 [main] DEBUG io.micronaut.context.DefaultBeanContext -- Finding candidate beans for type: EventLoopGroupFactory eventLoopGroupFactory
07:29:21.737 [main] DEBUG io.micronaut.context.DefaultBeanContext --   class io.micronaut.http.netty.channel.NioEventLoopGroupFactory null Definition: io.micronaut.http.netty.channel.NioEventLoopGroupFactory
07:29:21.737 [main] DEBUG io.micronaut.context.DefaultBeanContext --   class io.micronaut.http.netty.channel.DefaultEventLoopGroupFactory null Definition: io.micronaut.http.netty.channel.DefaultEventLoopGroupFactory
07:29:21.737 [main] DEBUG io.micronaut.context.DefaultBeanContext -- Searching for @Primary for type [eventLoopGroupFactory] from candidates: [Definition: io.micronaut.http.netty.channel.NioEventLoopGroupFactory, Definition: io.micronaut.http.netty.channel.DefaultEventLoopGroupFactory] 
07:29:21.737 [main] DEBUG io.micronaut.context.DefaultBeanContext -- Found concrete candidate [Definition: io.micronaut.http.netty.channel.DefaultEventLoopGroupFactory] for type: eventLoopGroupFactory 
07:29:21.737 [main] DEBUG io.micronaut.context.DefaultBeanContext -- Finding candidate beans for type: NioEventLoopGroupFactory nioEventLoopGroupFactory
07:29:21.737 [main] DEBUG io.micronaut.context.DefaultBeanContext --   class io.micronaut.http.netty.channel.NioEventLoopGroupFactory null Definition: io.micronaut.http.netty.channel.NioEventLoopGroupFactory
07:29:21.737 [main] DEBUG io.micronaut.context.DefaultBeanContext -- Found concrete candidate [Definition: io.micronaut.http.netty.channel.NioEventLoopGroupFactory] for type: nioEventLoopGroupFactory 
07:29:21.737 [main] DEBUG io.micronaut.context.lifecycle -- Created bean [io.micronaut.http.netty.channel.NioEventLoopGroupFactory@3d2ff73a] from definition [Definition: io.micronaut.http.netty.channel.NioEventLoopGroupFactory] with qualifier [null]
07:29:21.737 [main] DEBUG io.micronaut.context.DefaultBeanContext -- Finding candidate beans for type: EventLoopGroupFactory nativeFactory
07:29:21.738 [main] DEBUG io.micronaut.context.DefaultBeanContext --   class io.micronaut.http.netty.channel.NioEventLoopGroupFactory null Definition: io.micronaut.http.netty.channel.NioEventLoopGroupFactory
07:29:21.738 [main] DEBUG io.micronaut.context.DefaultBeanContext --   class io.micronaut.http.netty.channel.DefaultEventLoopGroupFactory null Definition: io.micronaut.http.netty.channel.DefaultEventLoopGroupFactory
07:29:21.738 [main] DEBUG io.micronaut.context.DefaultBeanContext -- Qualifying bean [nativeFactory] for qualifier: @Named('native') 
07:29:21.738 [main] DEBUG io.micronaut.context.DefaultBeanContext -- No qualifying beans of type [nativeFactory] found for qualifier: @Named('native') 
07:29:21.738 [main] DEBUG io.micronaut.context.DefaultBeanContext -- Finding candidate beans for type: NettyGlobalConfiguration nettyGlobalConfiguration
07:29:21.738 [main] DEBUG io.micronaut.context.DefaultBeanContext --   class io.micronaut.http.netty.configuration.NettyGlobalConfiguration null Definition: io.micronaut.http.netty.configuration.NettyGlobalConfiguration
07:29:21.738 [main] DEBUG io.micronaut.context.DefaultBeanContext -- Found concrete candidate [Definition: io.micronaut.http.netty.configuration.NettyGlobalConfiguration] for type: nettyGlobalConfiguration 
07:29:21.738 [main] DEBUG io.micronaut.context.lifecycle -- Created bean [io.micronaut.http.netty.configuration.NettyGlobalConfiguration@736a8aea] from definition [Definition: io.micronaut.http.netty.configuration.NettyGlobalConfiguration] with qualifier [null]
07:29:21.738 [main] DEBUG io.micronaut.context.lifecycle -- Created bean [io.micronaut.http.netty.channel.DefaultEventLoopGroupFactory@504b4a97] from definition [Definition: io.micronaut.http.netty.channel.DefaultEventLoopGroupFactory] with qualifier [null]
07:29:21.738 [main] DEBUG io.micronaut.context.DefaultBeanContext -- Finding candidate beans for type: EventLoopGroupRegistry eventLoopGroupRegistry
07:29:21.738 [main] DEBUG io.micronaut.context.DefaultBeanContext --   class io.micronaut.http.netty.channel.DefaultEventLoopGroupRegistry null Definition: io.micronaut.http.netty.channel.DefaultEventLoopGroupRegistry
07:29:21.738 [main] DEBUG io.micronaut.context.DefaultBeanContext -- Found concrete candidate [Definition: io.micronaut.http.netty.channel.DefaultEventLoopGroupRegistry] for type: eventLoopGroupRegistry 
07:29:21.738 [main] DEBUG io.micronaut.context.lifecycle -- Created bean [io.micronaut.http.netty.channel.DefaultEventLoopGroupRegistry@4964d801] from definition [Definition: io.micronaut.http.netty.channel.DefaultEventLoopGroupRegistry] with qualifier [null]
07:29:21.738 [main] DEBUG io.micronaut.context.DefaultBeanContext -- Finding candidate beans for type: WebSocketUpgradeHandlerFactory webSocketUpgradeHandlerFactory
07:29:21.738 [main] DEBUG io.micronaut.context.DefaultBeanContext --   class io.micronaut.http.server.netty.websocket.WebSocketUpgradeHandlerFactory null Definition: io.micronaut.http.server.netty.websocket.WebSocketUpgradeHandlerFactory
07:29:21.738 [main] DEBUG io.micronaut.context.DefaultBeanContext -- Found concrete candidate [Definition: io.micronaut.http.server.netty.websocket.WebSocketUpgradeHandlerFactory] for type: webSocketUpgradeHandlerFactory 
07:29:21.738 [main] DEBUG io.micronaut.context.lifecycle -- Created bean [io.micronaut.http.server.netty.websocket.WebSocketUpgradeHandlerFactory@b307030] from definition [Definition: io.micronaut.http.server.netty.websocket.WebSocketUpgradeHandlerFactory] with qualifier [null]
07:29:21.738 [main] DEBUG io.micronaut.context.DefaultBeanContext -- Finding candidate beans for type: ChannelOptionFactory channelOptionFactory
07:29:21.738 [main] DEBUG io.micronaut.context.DefaultBeanContext -- Finding candidate beans for type: EpollChannelOptionFactory
07:29:21.738 [main] DEBUG io.micronaut.context.DefaultBeanContext -- No bean candidates found for type: EpollChannelOptionFactory
07:29:21.738 [main] DEBUG io.micronaut.context.DefaultBeanContext -- Finding candidate beans for type: KQueueChannelOptionFactory
07:29:21.738 [main] DEBUG io.micronaut.context.DefaultBeanContext -- No bean candidates found for type: KQueueChannelOptionFactory
07:29:21.738 [main] DEBUG io.micronaut.context.DefaultBeanContext --   class io.micronaut.http.netty.channel.converters.DefaultChannelOptionFactory null Definition: io.micronaut.http.netty.channel.converters.DefaultChannelOptionFactory
07:29:21.738 [main] DEBUG io.micronaut.context.DefaultBeanContext -- Found concrete candidate [Definition: io.micronaut.http.netty.channel.converters.DefaultChannelOptionFactory] for type: channelOptionFactory 
07:29:21.738 [main] DEBUG io.micronaut.context.lifecycle -- Created bean [io.micronaut.http.netty.channel.converters.DefaultChannelOptionFactory@2caa9666] from definition [Definition: io.micronaut.http.netty.channel.converters.DefaultChannelOptionFactory] with qualifier [null]
07:29:21.738 [main] DEBUG io.micronaut.context.DefaultBeanContext -- Finding candidate beans for type: ServerSslBuilder serverSslBuilder
07:29:21.738 [main] DEBUG io.micronaut.context.condition.Condition -- Bean [Definition: io.micronaut.http.server.netty.ssl.SelfSignedSslBuilder] will not be loaded due to failing conditions:
07:29:21.738 [main] DEBUG io.micronaut.context.condition.Condition -- * Neither the old deprecated micronaut.ssl.build-self-signed, nor the new micronaut.server.ssl.build-self-signed were enabled.
07:29:21.738 [main] DEBUG io.micronaut.context.condition.Condition -- * Custom condition [class io.micronaut.http.server.netty.ssl.SslEnabledCondition] failed evaluation
07:29:21.738 [main] DEBUG io.micronaut.context.DefaultBeanContext -- No bean candidates found for type: ServerSslBuilder serverSslBuilder
07:29:21.739 [main] DEBUG io.micronaut.context.DefaultBeanContext -- Resolving beans for type: io.netty.channel.ChannelOutboundHandler
07:29:21.739 [main] DEBUG io.micronaut.context.DefaultBeanContext -- Finding candidate beans for type: ChannelOutboundHandler E
07:29:21.739 [main] DEBUG io.micronaut.context.DefaultBeanContext -- No bean candidates found for type: ChannelOutboundHandler E
07:29:21.739 [main] DEBUG io.micronaut.context.lifecycle -- Created bean [io.micronaut.http.server.netty.DefaultNettyEmbeddedServerFactory@263f6e96] from definition [Definition: io.micronaut.http.server.netty.DefaultNettyEmbeddedServerFactory] with qualifier [null]
07:29:21.739 [main] DEBUG io.micronaut.context.DefaultBeanContext -- Finding candidate beans for type: ApplicationEventPublisher
07:29:21.739 [main] DEBUG io.micronaut.context.DefaultBeanContext --   interface io.micronaut.context.event.ApplicationEventPublisher null io.micronaut.context.event.ApplicationEventPublisherFactory@210f5f7c
07:29:21.739 [main] DEBUG io.micronaut.context.DefaultBeanContext -- Found concrete candidate [io.micronaut.context.event.ApplicationEventPublisherFactory@210f5f7c] for type: applicationEventPublisher 
07:29:21.739 [main] DEBUG io.micronaut.context.lifecycle -- Created bean [io.micronaut.context.event.ApplicationEventPublisherFactory$2@49741e80] from definition [io.micronaut.context.event.ApplicationEventPublisherFactory@210f5f7c] with qualifier [null]
07:29:21.739 [main] DEBUG io.micronaut.context.lifecycle -- Created bean [io.micronaut.http.server.netty.NettyHttpServer@414d466e] from definition [Definition: io.micronaut.http.server.netty.DefaultNettyEmbeddedServerFactory] with qualifier [null]
07:29:21.739 [main] DEBUG io.micronaut.context.DefaultBeanContext -- Finding candidate beans for type: EventLoopGroupConfiguration
07:29:21.739 [main] DEBUG io.micronaut.context.DefaultBeanContext --   class io.micronaut.http.server.netty.configuration.NettyHttpServerConfiguration$Worker @Named('netty-server-worker-event-loop') Definition: io.micronaut.http.server.netty.configuration.NettyHttpServerConfiguration$Worker
07:29:21.739 [main] DEBUG io.micronaut.context.DefaultBeanContext --   class io.micronaut.http.server.netty.configuration.NettyHttpServerConfiguration$Parent @Named('netty-server-parent-event-loop') Definition: io.micronaut.http.server.netty.configuration.NettyHttpServerConfiguration$Parent
07:29:21.739 [main] DEBUG io.micronaut.context.DefaultBeanContext -- Qualifying bean [eventLoopGroupConfiguration] for qualifier: @Named('default') 
07:29:21.739 [main] DEBUG io.micronaut.context.DefaultBeanContext -- No qualifying beans of type [eventLoopGroupConfiguration] found for qualifier: @Named('default') 
07:29:21.739 [main] DEBUG io.micronaut.context.DefaultBeanContext -- Finding candidate beans for type: EventLoopGroup
07:29:21.739 [main] DEBUG io.micronaut.context.DefaultBeanContext -- Finding candidate beans for type: EventLoopGroupConfiguration
07:29:21.739 [main] DEBUG io.micronaut.context.DefaultBeanContext --   class io.micronaut.http.server.netty.configuration.NettyHttpServerConfiguration$Worker @Named('netty-server-worker-event-loop') Definition: io.micronaut.http.server.netty.configuration.NettyHttpServerConfiguration$Worker
07:29:21.739 [main] DEBUG io.micronaut.context.DefaultBeanContext --   class io.micronaut.http.server.netty.configuration.NettyHttpServerConfiguration$Parent @Named('netty-server-parent-event-loop') Definition: io.micronaut.http.server.netty.configuration.NettyHttpServerConfiguration$Parent
07:29:21.739 [main] DEBUG io.micronaut.context.DefaultBeanContext --   interface io.netty.channel.EventLoopGroup @Named('netty-server-worker-event-loop') Definition: io.micronaut.http.netty.channel.DefaultEventLoopGroupRegistry
07:29:21.739 [main] DEBUG io.micronaut.context.DefaultBeanContext --   interface io.netty.channel.EventLoopGroup @Named('netty-server-parent-event-loop') Definition: io.micronaut.http.netty.channel.DefaultEventLoopGroupRegistry
07:29:21.739 [main] DEBUG io.micronaut.context.DefaultBeanContext --   interface io.netty.channel.EventLoopGroup null Definition: io.micronaut.http.netty.channel.DefaultEventLoopGroupRegistry
07:29:21.739 [main] DEBUG io.micronaut.context.DefaultBeanContext -- Searching for @Primary for type [eventLoopGroup] from candidates: [Definition: io.micronaut.http.netty.channel.DefaultEventLoopGroupRegistry, Definition: io.micronaut.http.netty.channel.DefaultEventLoopGroupRegistry, Definition: io.micronaut.http.netty.channel.DefaultEventLoopGroupRegistry] 
07:29:21.739 [main] DEBUG io.micronaut.context.DefaultBeanContext -- Found concrete candidate [Definition: io.micronaut.http.netty.channel.DefaultEventLoopGroupRegistry] for type: eventLoopGroup 
07:29:21.739 [main] DEBUG io.micronaut.context.DefaultBeanContext -- Finding candidate beans for type: DefaultEventLoopGroupRegistry
07:29:21.739 [main] DEBUG io.micronaut.context.DefaultBeanContext --   class io.micronaut.http.netty.channel.DefaultEventLoopGroupRegistry null Definition: io.micronaut.http.netty.channel.DefaultEventLoopGroupRegistry
07:29:21.739 [main] DEBUG io.micronaut.context.DefaultBeanContext -- Found concrete candidate [Definition: io.micronaut.http.netty.channel.DefaultEventLoopGroupRegistry] for type: defaultEventLoopGroupRegistry 
07:29:21.740 [main] DEBUG io.micronaut.context.lifecycle -- Created bean [io.netty.channel.nio.NioEventLoopGroup@749ffdc7] from definition [Definition: io.micronaut.http.netty.channel.DefaultEventLoopGroupRegistry] with qualifier [null]
07:29:21.740 [main] DEBUG io.micronaut.context.DefaultBeanContext -- Finding candidate beans for type: EventLoopGroup
07:29:21.740 [main] DEBUG io.micronaut.context.DefaultBeanContext -- Finding candidate beans for type: EventLoopGroupConfiguration
07:29:21.740 [main] DEBUG io.micronaut.context.DefaultBeanContext --   class io.micronaut.http.server.netty.configuration.NettyHttpServerConfiguration$Worker @Named('netty-server-worker-event-loop') Definition: io.micronaut.http.server.netty.configuration.NettyHttpServerConfiguration$Worker
07:29:21.740 [main] DEBUG io.micronaut.context.DefaultBeanContext --   class io.micronaut.http.server.netty.configuration.NettyHttpServerConfiguration$Parent @Named('netty-server-parent-event-loop') Definition: io.micronaut.http.server.netty.configuration.NettyHttpServerConfiguration$Parent
07:29:21.740 [main] DEBUG io.micronaut.context.DefaultBeanContext --   interface io.netty.channel.EventLoopGroup @Named('netty-server-worker-event-loop') Definition: io.micronaut.http.netty.channel.DefaultEventLoopGroupRegistry
07:29:21.740 [main] DEBUG io.micronaut.context.DefaultBeanContext --   interface io.netty.channel.EventLoopGroup @Named('netty-server-parent-event-loop') Definition: io.micronaut.http.netty.channel.DefaultEventLoopGroupRegistry
07:29:21.740 [main] DEBUG io.micronaut.context.DefaultBeanContext --   interface io.netty.channel.EventLoopGroup null Definition: io.micronaut.http.netty.channel.DefaultEventLoopGroupRegistry
07:29:21.740 [main] DEBUG io.micronaut.context.DefaultBeanContext -- Qualifying bean [eventLoopGroup] for qualifier: @Named('parent') 
07:29:21.740 [main] DEBUG io.micronaut.context.DefaultBeanContext -- No qualifying beans of type [eventLoopGroup] found for qualifier: @Named('parent') 
07:29:21.742 [main] DEBUG io.micronaut.context.DefaultBeanContext -- Finding candidate beans for type: ApplicationEventPublisher
07:29:21.742 [main] DEBUG io.micronaut.context.DefaultBeanContext --   interface io.micronaut.context.event.ApplicationEventPublisher null io.micronaut.context.event.ApplicationEventPublisherFactory@210f5f7c
07:29:21.742 [main] DEBUG io.micronaut.context.DefaultBeanContext -- Found concrete candidate [io.micronaut.context.event.ApplicationEventPublisherFactory@210f5f7c] for type: applicationEventPublisher 
07:29:21.742 [main] DEBUG io.micronaut.context.lifecycle -- Created bean [io.micronaut.context.event.ApplicationEventPublisherFactory$2@296949c8] from definition [io.micronaut.context.event.ApplicationEventPublisherFactory@210f5f7c] with qualifier [null]
07:29:21.742 [main] DEBUG io.micronaut.context.event.ApplicationEventPublisher -- Publishing event: io.micronaut.runtime.server.event.ServerStartupEvent[source=io.micronaut.http.server.netty.NettyHttpServer@414d466e]
07:29:21.742 [main] DEBUG io.micronaut.context.DefaultBeanContext -- Resolving beans for type: <ServerStartupEvent> io.micronaut.context.event.ApplicationEventListener 
07:29:21.742 [main] DEBUG io.micronaut.context.DefaultBeanContext -- Resolving beans for type: @InterceptorBinding(NONE) io.micronaut.aop.Interceptor 
07:29:21.742 [main] DEBUG io.micronaut.context.DefaultBeanContext -- Finding candidate beans for type: Interceptor T
07:29:21.742 [main] DEBUG io.micronaut.context.DefaultBeanContext --   class io.micronaut.runtime.context.scope.refresh.RefreshInterceptor null Definition: io.micronaut.runtime.context.scope.refresh.RefreshInterceptor
07:29:21.742 [main] DEBUG io.micronaut.context.DefaultBeanContext --   class io.micronaut.http.client.interceptor.HttpClientIntroductionAdvice null Definition: io.micronaut.http.client.interceptor.HttpClientIntroductionAdvice
07:29:21.742 [main] DEBUG io.micronaut.context.DefaultBeanContext --   class io.micronaut.data.connection.jdbc.advice.ContextualConnectionInterceptor null Definition: io.micronaut.data.connection.jdbc.advice.ContextualConnectionInterceptor
07:29:21.742 [main] DEBUG io.micronaut.context.DefaultBeanContext --   class io.micronaut.runtime.beans.MapperIntroduction null Definition: io.micronaut.runtime.beans.MapperIntroduction
07:29:21.742 [main] DEBUG io.micronaut.context.DefaultBeanContext --   class io.micronaut.configuration.hibernate.jpa.proxy.IntroducedHibernateProxyAdvice null Definition: io.micronaut.configuration.hibernate.jpa.proxy.IntroducedHibernateProxyAdvice
07:29:21.742 [main] DEBUG io.micronaut.context.DefaultBeanContext --   class io.micronaut.websocket.interceptor.ClientWebSocketInterceptor null Definition: io.micronaut.websocket.interceptor.ClientWebSocketInterceptor
07:29:21.742 [main] DEBUG io.micronaut.context.DefaultBeanContext --   class io.micronaut.transaction.interceptor.TransactionalEventInterceptor null Definition: io.micronaut.transaction.interceptor.TransactionalEventInterceptor
07:29:21.742 [main] DEBUG io.micronaut.context.DefaultBeanContext --   class io.micronaut.data.runtime.intercept.DataIntroductionAdvice null Definition: io.micronaut.data.runtime.intercept.DataIntroductionAdvice
07:29:21.742 [main] DEBUG io.micronaut.context.DefaultBeanContext --   class io.micronaut.validation.ValidatingInterceptor null Definition: io.micronaut.validation.ValidatingInterceptor
07:29:21.742 [main] DEBUG io.micronaut.context.DefaultBeanContext --   class io.micronaut.transaction.interceptor.TransactionalInterceptor null Definition: io.micronaut.transaction.interceptor.TransactionalInterceptor
07:29:21.742 [main] DEBUG io.micronaut.context.DefaultBeanContext --   class io.micronaut.data.connection.interceptor.ConnectableInterceptor null Definition: io.micronaut.data.connection.interceptor.ConnectableInterceptor
07:29:21.742 [main] DEBUG io.micronaut.context.DefaultBeanContext --   class io.micronaut.runtime.context.env.ConfigurationIntroductionAdvice null Definition: io.micronaut.runtime.context.env.ConfigurationIntroductionAdvice
07:29:21.742 [main] DEBUG io.micronaut.context.DefaultBeanContext --   class io.micronaut.configuration.hibernate.jpa.TransactionalSessionInterceptor null Definition: io.micronaut.configuration.hibernate.jpa.TransactionalSessionInterceptor
07:29:21.742 [main] DEBUG io.micronaut.context.DefaultBeanContext --   class io.micronaut.scheduling.async.AsyncInterceptor null Definition: io.micronaut.scheduling.async.AsyncInterceptor
07:29:21.742 [main] DEBUG io.micronaut.context.DefaultBeanContext -- Finding candidate beans for type: InterceptorRegistry
07:29:21.742 [main] DEBUG io.micronaut.context.DefaultBeanContext --   interface io.micronaut.aop.InterceptorRegistry null io.micronaut.aop.internal.InterceptorRegistryBean@1be3a294
07:29:21.742 [main] DEBUG io.micronaut.context.DefaultBeanContext -- Found concrete candidate [io.micronaut.aop.internal.InterceptorRegistryBean@1be3a294] for type: interceptorRegistry 
07:29:21.742 [main] DEBUG io.micronaut.context.lifecycle -- Created bean [io.micronaut.aop.chain.DefaultInterceptorRegistry@33502cfe] from definition [io.micronaut.aop.internal.InterceptorRegistryBean@1be3a294] with qualifier [null]
07:29:21.742 [main] DEBUG io.micronaut.context.DefaultBeanContext -- Finding candidate beans for type: NettyServiceDiscovery
07:29:21.742 [main] DEBUG io.micronaut.context.DefaultBeanContext --   class io.micronaut.http.server.netty.discovery.NettyServiceDiscovery null Definition: io.micronaut.http.server.netty.discovery.NettyServiceDiscovery
07:29:21.742 [main] DEBUG io.micronaut.context.DefaultBeanContext -- Found concrete candidate [Definition: io.micronaut.http.server.netty.discovery.NettyServiceDiscovery] for type: nettyServiceDiscovery 
07:29:21.742 [main] DEBUG io.micronaut.context.lifecycle -- Created bean [io.micronaut.http.server.netty.discovery.NettyServiceDiscovery$ApplicationEventListener$onStart1$Intercepted@729d1428] from definition [Definition: io.micronaut.http.server.netty.discovery.NettyServiceDiscovery$ApplicationEventListener$onStart1$Intercepted] with qualifier [null]
07:29:21.742 [main] DEBUG io.micronaut.context.DefaultBeanContext -- Found a registration BeanRegistration: io.micronaut.http.server.netty.discovery.NettyServiceDiscovery$ApplicationEventListener$onStart1$Intercepted@729d1428 for candidate: Definition: io.micronaut.http.server.netty.discovery.NettyServiceDiscovery$ApplicationEventListener$onStart1$Intercepted with qualifier: <ServerStartupEvent>
07:29:21.742 [main] DEBUG io.micronaut.context.DefaultBeanContext -- Finding candidate beans for type: ApplicationEventPublisher serviceReadyEventApplicationEventPublisher
07:29:21.742 [main] DEBUG io.micronaut.context.DefaultBeanContext --   interface io.micronaut.context.event.ApplicationEventPublisher null io.micronaut.context.event.ApplicationEventPublisherFactory@210f5f7c
07:29:21.742 [main] DEBUG io.micronaut.context.DefaultBeanContext -- Found concrete candidate [io.micronaut.context.event.ApplicationEventPublisherFactory@210f5f7c] for type: serviceReadyEventApplicationEventPublisher 
07:29:21.743 [main] DEBUG io.micronaut.context.lifecycle -- Created bean [io.micronaut.context.event.ApplicationEventPublisherFactory$2@115924ba] from definition [io.micronaut.context.event.ApplicationEventPublisherFactory@210f5f7c] with qualifier [null]
07:29:21.743 [main] DEBUG io.micronaut.context.DefaultBeanContext -- Finding candidate beans for type: ApplicationEventPublisher serviceStoppedEventApplicationEventPublisher
07:29:21.743 [main] DEBUG io.micronaut.context.DefaultBeanContext --   interface io.micronaut.context.event.ApplicationEventPublisher null io.micronaut.context.event.ApplicationEventPublisherFactory@210f5f7c
07:29:21.743 [main] DEBUG io.micronaut.context.DefaultBeanContext -- Found concrete candidate [io.micronaut.context.event.ApplicationEventPublisherFactory@210f5f7c] for type: serviceStoppedEventApplicationEventPublisher 
07:29:21.743 [main] DEBUG io.micronaut.context.lifecycle -- Created bean [io.micronaut.context.event.ApplicationEventPublisherFactory$2@1728d307] from definition [io.micronaut.context.event.ApplicationEventPublisherFactory@210f5f7c] with qualifier [null]
07:29:21.743 [main] DEBUG io.micronaut.context.lifecycle -- Created bean [io.micronaut.http.server.netty.discovery.NettyServiceDiscovery@252d2ac0] from definition [Definition: io.micronaut.http.server.netty.discovery.NettyServiceDiscovery] with qualifier [null]
07:29:21.743 [main] DEBUG io.micronaut.context.DefaultBeanContext -- Finding candidate beans for type: RefreshScope
07:29:21.743 [main] DEBUG io.micronaut.context.DefaultBeanContext --   class io.micronaut.runtime.context.scope.refresh.RefreshScope null Definition: io.micronaut.runtime.context.scope.refresh.RefreshScope
07:29:21.743 [main] DEBUG io.micronaut.context.DefaultBeanContext -- Found concrete candidate [Definition: io.micronaut.runtime.context.scope.refresh.RefreshScope] for type: refreshScope 
07:29:21.743 [main] DEBUG io.micronaut.context.lifecycle -- Created bean [io.micronaut.runtime.context.scope.refresh.RefreshScope@3f0b5619] from definition [Definition: io.micronaut.runtime.context.scope.refresh.RefreshScope] with qualifier [null]
07:29:21.743 [main] DEBUG io.micronaut.context.DefaultBeanContext -- Finding candidate beans for type: ResourceLoader
07:29:21.743 [main] DEBUG io.micronaut.context.DefaultBeanContext --   interface io.micronaut.core.io.scan.ClassPathResourceLoader null Definition: io.micronaut.http.resource.ResourceLoaderFactory
07:29:21.743 [main] DEBUG io.micronaut.context.DefaultBeanContext --   interface io.micronaut.core.io.file.FileSystemResourceLoader null Definition: io.micronaut.http.resource.ResourceLoaderFactory
07:29:21.743 [main] DEBUG io.micronaut.context.DefaultBeanContext --   class io.micronaut.context.env.DefaultEnvironment @Primary io.micronaut.context.DefaultRuntimeBeanDefinition@451cef67
07:29:21.743 [main] DEBUG io.micronaut.context.DefaultBeanContext -- Searching for @Primary for type [resourceLoader] from candidates: [Definition: io.micronaut.http.resource.ResourceLoaderFactory, Definition: io.micronaut.http.resource.ResourceLoaderFactory, io.micronaut.context.DefaultRuntimeBeanDefinition@451cef67] 
07:29:21.743 [main] DEBUG io.micronaut.context.DefaultBeanContext -- Found concrete candidate [io.micronaut.context.DefaultRuntimeBeanDefinition@451cef67] for type: resourceLoader 
07:29:21.744 [main] DEBUG io.micronaut.context.DefaultBeanContext -- Finding candidate beans for type: UserControllerIT
07:29:21.744 [main] DEBUG io.micronaut.context.DefaultBeanContext --   class com.example.shopservice.controller.UserControllerIT null Definition: com.example.shopservice.controller.UserControllerIT
07:29:21.745 [main] DEBUG io.micronaut.context.DefaultBeanContext -- Finding candidate beans for instance: com.example.shopservice.controller.UserControllerIT@67afc9b6
07:29:21.745 [main] DEBUG io.micronaut.context.DefaultBeanContext -- Resolved bean candidates [Definition: com.example.shopservice.controller.UserControllerIT] for instance: com.example.shopservice.controller.UserControllerIT@67afc9b6
07:29:21.745 [main] DEBUG io.micronaut.context.DefaultBeanContext -- Finding candidate beans for type: HttpClient client
07:29:21.745 [main] DEBUG io.micronaut.context.DefaultBeanContext --   class io.micronaut.http.client.netty.DefaultHttpClient null Definition: io.micronaut.http.client.netty.DefaultNettyHttpClientRegistry
07:29:21.745 [main] DEBUG io.micronaut.context.DefaultBeanContext -- Found concrete candidate [Definition: io.micronaut.http.client.netty.DefaultNettyHttpClientRegistry] for type: client 
07:29:21.745 [main] DEBUG io.micronaut.context.DefaultBeanContext -- Finding candidate beans for type: CustomScope
07:29:21.745 [main] DEBUG io.micronaut.context.DefaultBeanContext --   class io.micronaut.runtime.http.scope.RequestCustomScope null Definition: io.micronaut.runtime.http.scope.RequestCustomScope
07:29:21.745 [main] DEBUG io.micronaut.context.DefaultBeanContext --   class io.micronaut.runtime.context.scope.refresh.RefreshScope null Definition: io.micronaut.runtime.context.scope.refresh.RefreshScope
07:29:21.745 [main] DEBUG io.micronaut.context.DefaultBeanContext --   class io.micronaut.runtime.context.scope.ThreadLocalCustomScope null Definition: io.micronaut.runtime.context.scope.ThreadLocalCustomScope
07:29:21.745 [main] DEBUG io.micronaut.context.DefaultBeanContext -- Qualifying bean [customScope] for qualifier: <jakarta.inject.Singleton> 
07:29:21.745 [main] DEBUG io.micronaut.context.DefaultBeanContext -- No qualifying beans of type [customScope] found for qualifier: <jakarta.inject.Singleton> 
07:29:21.745 [main] DEBUG io.micronaut.context.DefaultBeanContext -- Finding candidate beans for type: DefaultNettyHttpClientRegistry
07:29:21.745 [main] DEBUG io.micronaut.context.DefaultBeanContext --   class io.micronaut.http.client.netty.DefaultNettyHttpClientRegistry null Definition: io.micronaut.http.client.netty.DefaultNettyHttpClientRegistry
07:29:21.745 [main] DEBUG io.micronaut.context.DefaultBeanContext -- Found concrete candidate [Definition: io.micronaut.http.client.netty.DefaultNettyHttpClientRegistry] for type: defaultNettyHttpClientRegistry 
07:29:21.745 [main] DEBUG io.micronaut.context.DefaultBeanContext -- Finding candidate beans for type: HttpClientConfiguration defaultHttpClientConfiguration
07:29:21.745 [main] DEBUG io.micronaut.context.DefaultBeanContext --   class io.micronaut.http.client.DefaultHttpClientConfiguration null Definition: io.micronaut.http.client.DefaultHttpClientConfiguration
07:29:21.745 [main] DEBUG io.micronaut.context.DefaultBeanContext -- Found concrete candidate [Definition: io.micronaut.http.client.DefaultHttpClientConfiguration] for type: defaultHttpClientConfiguration 
07:29:21.745 [main] DEBUG io.micronaut.context.DefaultBeanContext -- Finding candidate beans for type: DefaultConnectionPoolConfiguration connectionPoolConfiguration
07:29:21.746 [main] DEBUG io.micronaut.context.DefaultBeanContext --   class io.micronaut.http.client.DefaultHttpClientConfiguration$DefaultConnectionPoolConfiguration null Definition: io.micronaut.http.client.DefaultHttpClientConfiguration$DefaultConnectionPoolConfiguration
07:29:21.746 [main] DEBUG io.micronaut.context.DefaultBeanContext -- Found concrete candidate [Definition: io.micronaut.http.client.DefaultHttpClientConfiguration$DefaultConnectionPoolConfiguration] for type: connectionPoolConfiguration 
07:29:21.746 [main] DEBUG io.micronaut.context.lifecycle -- Created bean [io.micronaut.http.client.DefaultHttpClientConfiguration$DefaultConnectionPoolConfiguration@36ce9eaf] from definition [Definition: io.micronaut.http.client.DefaultHttpClientConfiguration$DefaultConnectionPoolConfiguration] with qualifier [null]
07:29:21.746 [main] DEBUG io.micronaut.context.DefaultBeanContext -- Finding candidate beans for type: ApplicationConfiguration applicationConfiguration
07:29:21.746 [main] DEBUG io.micronaut.context.DefaultBeanContext --   class io.micronaut.runtime.ApplicationConfiguration null Definition: io.micronaut.runtime.ApplicationConfiguration
07:29:21.746 [main] DEBUG io.micronaut.context.DefaultBeanContext -- Found concrete candidate [Definition: io.micronaut.runtime.ApplicationConfiguration] for type: applicationConfiguration 
07:29:21.746 [main] DEBUG io.micronaut.context.DefaultBeanContext -- Finding candidate beans for type: ClientSslConfiguration sslConfiguration
07:29:21.746 [main] DEBUG io.micronaut.context.DefaultBeanContext --   class io.micronaut.http.ssl.ClientSslConfiguration null Definition: io.micronaut.http.ssl.ClientSslConfiguration
07:29:21.746 [main] DEBUG io.micronaut.context.DefaultBeanContext -- Found concrete candidate [Definition: io.micronaut.http.ssl.ClientSslConfiguration] for type: sslConfiguration 
07:29:21.746 [main] DEBUG io.micronaut.context.DefaultBeanContext -- Finding candidate beans for type: DefaultSslConfiguration defaultSslConfiguration
07:29:21.746 [main] DEBUG io.micronaut.context.DefaultBeanContext --   class io.micronaut.http.ssl.DefaultSslConfiguration null Definition: io.micronaut.http.ssl.DefaultSslConfiguration
07:29:21.746 [main] DEBUG io.micronaut.context.DefaultBeanContext -- Found concrete candidate [Definition: io.micronaut.http.ssl.DefaultSslConfiguration] for type: defaultSslConfiguration 
07:29:21.746 [main] DEBUG io.micronaut.context.lifecycle -- Created bean [io.micronaut.http.ssl.DefaultSslConfiguration@7a79d99c] from definition [Definition: io.micronaut.http.ssl.DefaultSslConfiguration] with qualifier [null]
07:29:21.746 [main] DEBUG io.micronaut.context.DefaultBeanContext -- Finding candidate beans for type: DefaultKeyConfiguration defaultKeyConfiguration
07:29:21.746 [main] DEBUG io.micronaut.context.DefaultBeanContext --   class io.micronaut.http.ssl.DefaultSslConfiguration$DefaultKeyConfiguration null Definition: io.micronaut.http.ssl.DefaultSslConfiguration$DefaultKeyConfiguration
07:29:21.746 [main] DEBUG io.micronaut.context.DefaultBeanContext -- Found concrete candidate [Definition: io.micronaut.http.ssl.DefaultSslConfiguration$DefaultKeyConfiguration] for type: defaultKeyConfiguration 
07:29:21.746 [main] DEBUG io.micronaut.context.lifecycle -- Created bean [io.micronaut.http.ssl.DefaultSslConfiguration$DefaultKeyConfiguration@1f27f354] from definition [Definition: io.micronaut.http.ssl.DefaultSslConfiguration$DefaultKeyConfiguration] with qualifier [null]
07:29:21.746 [main] DEBUG io.micronaut.context.DefaultBeanContext -- Finding candidate beans for type: DefaultKeyStoreConfiguration defaultKeyStoreConfiguration
07:29:21.746 [main] DEBUG io.micronaut.context.DefaultBeanContext --   class io.micronaut.http.ssl.DefaultSslConfiguration$DefaultKeyStoreConfiguration null Definition: io.micronaut.http.ssl.DefaultSslConfiguration$DefaultKeyStoreConfiguration
07:29:21.746 [main] DEBUG io.micronaut.context.DefaultBeanContext -- Found concrete candidate [Definition: io.micronaut.http.ssl.DefaultSslConfiguration$DefaultKeyStoreConfiguration] for type: defaultKeyStoreConfiguration 
07:29:21.746 [main] DEBUG io.micronaut.context.lifecycle -- Created bean [io.micronaut.http.ssl.DefaultSslConfiguration$DefaultKeyStoreConfiguration@6dc7b7f] from definition [Definition: io.micronaut.http.ssl.DefaultSslConfiguration$DefaultKeyStoreConfiguration] with qualifier [null]
07:29:21.746 [main] DEBUG io.micronaut.context.DefaultBeanContext -- Finding candidate beans for type: TrustStoreConfiguration defaultTrustStoreConfiguration
07:29:21.746 [main] DEBUG io.micronaut.context.DefaultBeanContext -- Finding candidate beans for type: ServiceSslClientConfiguration
07:29:21.746 [main] DEBUG io.micronaut.context.DefaultBeanContext -- Finding candidate beans for type: ServiceHttpClientConfiguration
07:29:21.746 [main] DEBUG io.micronaut.context.DefaultBeanContext -- No bean candidates found for type: ServiceHttpClientConfiguration
07:29:21.747 [main] DEBUG io.micronaut.context.DefaultBeanContext -- No bean candidates found for type: ServiceSslClientConfiguration
07:29:21.747 [main] DEBUG io.micronaut.context.DefaultBeanContext --   class io.micronaut.http.ssl.DefaultSslConfiguration$DefaultTrustStoreConfiguration null Definition: io.micronaut.http.ssl.DefaultSslConfiguration$DefaultTrustStoreConfiguration
07:29:21.747 [main] DEBUG io.micronaut.context.DefaultBeanContext -- Found concrete candidate [Definition: io.micronaut.http.ssl.DefaultSslConfiguration$DefaultTrustStoreConfiguration] for type: defaultTrustStoreConfiguration 
07:29:21.747 [main] DEBUG io.micronaut.context.lifecycle -- Created bean [io.micronaut.http.ssl.DefaultSslConfiguration$DefaultTrustStoreConfiguration@4425b6ed] from definition [Definition: io.micronaut.http.ssl.DefaultSslConfiguration$DefaultTrustStoreConfiguration] with qualifier [null]
07:29:21.747 [main] DEBUG io.micronaut.context.DefaultBeanContext -- Finding candidate beans for type: DefaultKeyConfiguration keyConfiguration
07:29:21.747 [main] DEBUG io.micronaut.context.DefaultBeanContext -- No bean candidates found for type: DefaultKeyConfiguration keyConfiguration
07:29:21.747 [main] DEBUG io.micronaut.context.DefaultBeanContext -- Finding candidate beans for type: DefaultKeyStoreConfiguration keyStoreConfiguration
07:29:21.747 [main] DEBUG io.micronaut.context.DefaultBeanContext -- No bean candidates found for type: DefaultKeyStoreConfiguration keyStoreConfiguration
07:29:21.747 [main] DEBUG io.micronaut.context.DefaultBeanContext -- Finding candidate beans for type: DefaultTrustStoreConfiguration trustStore
07:29:21.747 [main] DEBUG io.micronaut.context.DefaultBeanContext -- No bean candidates found for type: DefaultTrustStoreConfiguration trustStore
07:29:21.747 [main] DEBUG io.micronaut.context.lifecycle -- Created bean [io.micronaut.http.ssl.ClientSslConfiguration@702432cc] from definition [Definition: io.micronaut.http.ssl.ClientSslConfiguration] with qualifier [null]
07:29:21.747 [main] DEBUG io.micronaut.context.lifecycle -- Created bean [io.micronaut.http.client.DefaultHttpClientConfiguration@5039c2cf] from definition [Definition: io.micronaut.http.client.DefaultHttpClientConfiguration] with qualifier [null]
07:29:21.747 [main] DEBUG io.micronaut.context.DefaultBeanContext -- Finding candidate beans for type: HttpClientFilterResolver httpClientFilterResolver
07:29:21.747 [main] DEBUG io.micronaut.context.DefaultBeanContext --   class io.micronaut.http.client.filter.DefaultHttpClientFilterResolver null Definition: io.micronaut.http.client.filter.DefaultHttpClientFilterResolver
07:29:21.747 [main] DEBUG io.micronaut.context.DefaultBeanContext -- Found concrete candidate [Definition: io.micronaut.http.client.filter.DefaultHttpClientFilterResolver] for type: httpClientFilterResolver 
07:29:21.747 [main] DEBUG io.micronaut.context.DefaultBeanContext -- Resolving beans for type: io.micronaut.http.filter.HttpClientFilter
07:29:21.747 [main] DEBUG io.micronaut.context.DefaultBeanContext -- Finding candidate beans for type: HttpClientFilter E
07:29:21.747 [main] DEBUG io.micronaut.context.DefaultBeanContext -- No bean candidates found for type: HttpClientFilter E
07:29:21.747 [main] DEBUG io.micronaut.context.DefaultBeanContext -- Finding candidate beans for type: RequestBinderRegistry
07:29:21.747 [main] DEBUG io.micronaut.context.DefaultBeanContext --   class io.micronaut.http.bind.DefaultRequestBinderRegistry null Definition: io.micronaut.http.bind.DefaultRequestBinderRegistry
07:29:21.747 [main] DEBUG io.micronaut.context.DefaultBeanContext --   class io.micronaut.http.server.netty.binders.NettyServerRequestBinderRegistry null Definition: io.micronaut.http.server.netty.binders.NettyServerRequestBinderRegistry
07:29:21.747 [main] DEBUG io.micronaut.context.DefaultBeanContext -- Searching for @Primary for type [requestBinderRegistry] from candidates: [Definition: io.micronaut.http.bind.DefaultRequestBinderRegistry, Definition: io.micronaut.http.server.netty.binders.NettyServerRequestBinderRegistry] 
07:29:21.747 [main] DEBUG io.micronaut.context.DefaultBeanContext -- Picked bean Definition: io.micronaut.http.bind.DefaultRequestBinderRegistry with the highest precedence for type RequestBinderRegistry and qualifier null
07:29:21.747 [main] DEBUG io.micronaut.context.DefaultBeanContext -- Found concrete candidate [Definition: io.micronaut.http.bind.DefaultRequestBinderRegistry] for type: requestBinderRegistry 
07:29:21.747 [main] DEBUG io.micronaut.context.DefaultBeanContext -- Finding candidate beans for qualifier: @ClientFilter
07:29:21.748 [main] DEBUG io.micronaut.context.lifecycle -- Created bean [io.micronaut.http.client.filter.DefaultHttpClientFilterResolver@355b4c34] from definition [Definition: io.micronaut.http.client.filter.DefaultHttpClientFilterResolver] with qualifier [null]
07:29:21.748 [main] DEBUG io.micronaut.context.DefaultBeanContext -- Finding candidate beans for type: LoadBalancerResolver loadBalancerResolver
07:29:21.748 [main] DEBUG io.micronaut.context.DefaultBeanContext --   class io.micronaut.http.client.DefaultLoadBalancerResolver null Definition: io.micronaut.http.client.DefaultLoadBalancerResolver
07:29:21.748 [main] DEBUG io.micronaut.context.DefaultBeanContext -- Found concrete candidate [Definition: io.micronaut.http.client.DefaultLoadBalancerResolver] for type: loadBalancerResolver 
07:29:21.748 [main] DEBUG io.micronaut.context.DefaultBeanContext -- Resolving beans for type: io.micronaut.discovery.ServiceInstanceList
07:29:21.748 [main] DEBUG io.micronaut.context.DefaultBeanContext -- Finding candidate beans for type: ServiceInstanceList E
07:29:21.748 [main] DEBUG io.micronaut.context.DefaultBeanContext -- Finding candidate beans for type: ServiceHttpClientConfiguration
07:29:21.748 [main] DEBUG io.micronaut.context.DefaultBeanContext -- No bean candidates found for type: ServiceHttpClientConfiguration
07:29:21.748 [main] DEBUG io.micronaut.context.DefaultBeanContext -- No bean candidates found for type: ServiceInstanceList E
07:29:21.748 [main] DEBUG io.micronaut.context.lifecycle -- Created bean [io.micronaut.http.client.DefaultLoadBalancerResolver@5ca006ac] from definition [Definition: io.micronaut.http.client.DefaultLoadBalancerResolver] with qualifier [null]
07:29:21.748 [main] DEBUG io.micronaut.context.DefaultBeanContext -- Finding candidate beans for type: ClientSslBuilder nettyClientSslBuilder
07:29:21.748 [main] DEBUG io.micronaut.context.DefaultBeanContext --   class io.micronaut.http.client.netty.ssl.NettyClientSslBuilder @Secondary Definition: io.micronaut.http.client.netty.ssl.NettyClientSslBuilder
07:29:21.748 [main] DEBUG io.micronaut.context.DefaultBeanContext -- Found concrete candidate [Definition: io.micronaut.http.client.netty.ssl.NettyClientSslBuilder] for type: nettyClientSslBuilder 
07:29:21.748 [main] DEBUG io.micronaut.context.DefaultBeanContext -- Finding candidate beans for type: ResourceResolver resourceResolver
07:29:21.748 [main] DEBUG io.micronaut.context.DefaultBeanContext --   class io.micronaut.core.io.ResourceResolver null Definition: io.micronaut.http.resource.ResourceLoaderFactory
07:29:21.748 [main] DEBUG io.micronaut.context.DefaultBeanContext -- Found concrete candidate [Definition: io.micronaut.http.resource.ResourceLoaderFactory] for type: resourceResolver 
07:29:21.748 [main] DEBUG io.micronaut.context.DefaultBeanContext -- Finding candidate beans for type: ResourceLoaderFactory
07:29:21.748 [main] DEBUG io.micronaut.context.DefaultBeanContext --   class io.micronaut.http.resource.ResourceLoaderFactory null Definition: io.micronaut.http.resource.ResourceLoaderFactory
07:29:21.748 [main] DEBUG io.micronaut.context.DefaultBeanContext -- Found concrete candidate [Definition: io.micronaut.http.resource.ResourceLoaderFactory] for type: resourceLoaderFactory 
07:29:21.748 [main] DEBUG io.micronaut.context.DefaultBeanContext -- Finding candidate beans for type: Environment environment
07:29:21.749 [main] DEBUG io.micronaut.context.DefaultBeanContext --   class io.micronaut.context.env.DefaultEnvironment @Primary io.micronaut.context.DefaultRuntimeBeanDefinition@451cef67
07:29:21.749 [main] DEBUG io.micronaut.context.DefaultBeanContext -- Found concrete candidate [io.micronaut.context.DefaultRuntimeBeanDefinition@451cef67] for type: environment 
07:29:21.749 [main] DEBUG io.micronaut.context.lifecycle -- Created bean [io.micronaut.http.resource.ResourceLoaderFactory@dc3eda6] from definition [Definition: io.micronaut.http.resource.ResourceLoaderFactory] with qualifier [null]
07:29:21.749 [main] DEBUG io.micronaut.context.DefaultBeanContext -- Resolving beans for type: io.micronaut.core.io.ResourceLoader
07:29:21.749 [main] DEBUG io.micronaut.context.DefaultBeanContext -- Finding candidate beans for type: ResourceLoader E
07:29:21.749 [main] DEBUG io.micronaut.context.DefaultBeanContext --   interface io.micronaut.core.io.scan.ClassPathResourceLoader null Definition: io.micronaut.http.resource.ResourceLoaderFactory
07:29:21.749 [main] DEBUG io.micronaut.context.DefaultBeanContext --   interface io.micronaut.core.io.file.FileSystemResourceLoader null Definition: io.micronaut.http.resource.ResourceLoaderFactory
07:29:21.749 [main] DEBUG io.micronaut.context.DefaultBeanContext --   class io.micronaut.context.env.DefaultEnvironment @Primary io.micronaut.context.DefaultRuntimeBeanDefinition@451cef67
07:29:21.749 [main] DEBUG io.micronaut.context.lifecycle -- Created bean [io.micronaut.core.io.scan.DefaultClassPathResourceLoader@1372696b] from definition [Definition: io.micronaut.http.resource.ResourceLoaderFactory] with qualifier [null]
07:29:21.749 [main] DEBUG io.micronaut.context.DefaultBeanContext -- Found a registration BeanRegistration: io.micronaut.core.io.scan.DefaultClassPathResourceLoader@1372696b for candidate: Definition: io.micronaut.http.resource.ResourceLoaderFactory with qualifier: null
07:29:21.749 [main] DEBUG io.micronaut.context.lifecycle -- Created bean [io.micronaut.core.io.file.DefaultFileSystemResourceLoader@7ca7bddd] from definition [Definition: io.micronaut.http.resource.ResourceLoaderFactory] with qualifier [null]
07:29:21.749 [main] DEBUG io.micronaut.context.DefaultBeanContext -- Found a registration BeanRegistration: io.micronaut.core.io.file.DefaultFileSystemResourceLoader@7ca7bddd for candidate: Definition: io.micronaut.http.resource.ResourceLoaderFactory with qualifier: null
07:29:21.749 [main] DEBUG io.micronaut.context.DefaultBeanContext -- Found a registration BeanRegistration: io.micronaut.context.DefaultApplicationContext$RuntimeConfiguredEnvironment@64d1f549 for candidate: io.micronaut.context.DefaultRuntimeBeanDefinition@451cef67 with qualifier: null
07:29:21.749 [main] DEBUG io.micronaut.context.lifecycle -- Created bean [io.micronaut.core.io.ResourceResolver@206e5183] from definition [Definition: io.micronaut.http.resource.ResourceLoaderFactory] with qualifier [null]
07:29:21.749 [main] DEBUG io.micronaut.context.lifecycle -- Created bean [io.micronaut.http.client.netty.ssl.NettyClientSslBuilder@325236f5] from definition [Definition: io.micronaut.http.client.netty.ssl.NettyClientSslBuilder] with qualifier [@Secondary]
07:29:21.749 [main] DEBUG io.micronaut.context.DefaultBeanContext -- Finding candidate beans for type: ThreadFactory threadFactory
07:29:21.749 [main] DEBUG io.micronaut.context.DefaultBeanContext -- Finding candidate beans for type: ExecutorConfiguration
07:29:21.749 [main] DEBUG io.micronaut.context.DefaultBeanContext --   interface io.micronaut.scheduling.executor.ExecutorConfiguration @Named('io') Definition: io.micronaut.scheduling.executor.IOExecutorServiceConfig
07:29:21.749 [main] DEBUG io.micronaut.context.DefaultBeanContext --   interface io.micronaut.scheduling.executor.ExecutorConfiguration @Named('scheduled') Definition: io.micronaut.scheduling.executor.ScheduledExecutorServiceConfig
07:29:21.749 [main] DEBUG io.micronaut.context.DefaultBeanContext --   interface java.util.concurrent.ThreadFactory @Named('scheduled') Definition: io.micronaut.scheduling.executor.ExecutorFactory
07:29:21.749 [main] DEBUG io.micronaut.context.DefaultBeanContext --   interface java.util.concurrent.ThreadFactory @Named('netty') Definition: io.micronaut.http.netty.channel.NettyThreadFactory
07:29:21.749 [main] DEBUG io.micronaut.context.DefaultBeanContext --   interface java.util.concurrent.ThreadFactory @Named('io') Definition: io.micronaut.scheduling.executor.ExecutorFactory
07:29:21.749 [main] DEBUG io.micronaut.context.DefaultBeanContext --   interface java.util.concurrent.ThreadFactory null Definition: io.micronaut.scheduling.executor.DefaultThreadFactory
07:29:21.749 [main] DEBUG io.micronaut.context.DefaultBeanContext -- Searching for @Primary for type [threadFactory] from candidates: [Definition: io.micronaut.scheduling.executor.ExecutorFactory, Definition: io.micronaut.http.netty.channel.NettyThreadFactory, Definition: io.micronaut.scheduling.executor.ExecutorFactory, Definition: io.micronaut.scheduling.executor.DefaultThreadFactory] 
07:29:21.749 [main] DEBUG io.micronaut.context.DefaultBeanContext -- Found concrete candidate [Definition: io.micronaut.scheduling.executor.DefaultThreadFactory] for type: threadFactory 
07:29:21.749 [main] DEBUG io.micronaut.context.DefaultBeanContext -- Finding candidate beans for type: MediaTypeCodecRegistry codecRegistry
07:29:21.749 [main] DEBUG io.micronaut.context.DefaultBeanContext --   interface io.micronaut.http.codec.MediaTypeCodecRegistry null Definition: io.micronaut.runtime.http.codec.MediaTypeCodecRegistryFactory
07:29:21.749 [main] DEBUG io.micronaut.context.DefaultBeanContext -- Found concrete candidate [Definition: io.micronaut.runtime.http.codec.MediaTypeCodecRegistryFactory] for type: codecRegistry 
07:29:21.749 [main] DEBUG io.micronaut.context.DefaultBeanContext -- Finding candidate beans for type: MessageBodyHandlerRegistry handlerRegistry
07:29:21.749 [main] DEBUG io.micronaut.context.DefaultBeanContext --   class io.micronaut.http.body.DefaultMessageBodyHandlerRegistry null Definition: io.micronaut.http.body.DefaultMessageBodyHandlerRegistry
07:29:21.749 [main] DEBUG io.micronaut.context.DefaultBeanContext -- Found concrete candidate [Definition: io.micronaut.http.body.DefaultMessageBodyHandlerRegistry] for type: handlerRegistry 
07:29:21.749 [main] DEBUG io.micronaut.context.DefaultBeanContext -- Finding candidate beans for type: EventLoopGroupRegistry eventLoopGroupRegistry
07:29:21.749 [main] DEBUG io.micronaut.context.DefaultBeanContext --   class io.micronaut.http.netty.channel.DefaultEventLoopGroupRegistry null Definition: io.micronaut.http.netty.channel.DefaultEventLoopGroupRegistry
07:29:21.749 [main] DEBUG io.micronaut.context.DefaultBeanContext -- Found concrete candidate [Definition: io.micronaut.http.netty.channel.DefaultEventLoopGroupRegistry] for type: eventLoopGroupRegistry 
07:29:21.749 [main] DEBUG io.micronaut.context.DefaultBeanContext -- Finding candidate beans for type: EventLoopGroupFactory eventLoopGroupFactory
07:29:21.749 [main] DEBUG io.micronaut.context.DefaultBeanContext --   class io.micronaut.http.netty.channel.NioEventLoopGroupFactory null Definition: io.micronaut.http.netty.channel.NioEventLoopGroupFactory
07:29:21.749 [main] DEBUG io.micronaut.context.DefaultBeanContext --   class io.micronaut.http.netty.channel.DefaultEventLoopGroupFactory null Definition: io.micronaut.http.netty.channel.DefaultEventLoopGroupFactory
07:29:21.749 [main] DEBUG io.micronaut.context.DefaultBeanContext -- Searching for @Primary for type [eventLoopGroupFactory] from candidates: [Definition: io.micronaut.http.netty.channel.NioEventLoopGroupFactory, Definition: io.micronaut.http.netty.channel.DefaultEventLoopGroupFactory] 
07:29:21.749 [main] DEBUG io.micronaut.context.DefaultBeanContext -- Found concrete candidate [Definition: io.micronaut.http.netty.channel.DefaultEventLoopGroupFactory] for type: eventLoopGroupFactory 
07:29:21.749 [main] DEBUG io.micronaut.context.DefaultBeanContext -- Finding candidate beans for type: JsonMapper jsonMapper
07:29:21.750 [main] DEBUG io.micronaut.context.DefaultBeanContext --   class io.micronaut.jackson.databind.JacksonDatabindMapper null Definition: io.micronaut.jackson.databind.JacksonDatabindMapper
07:29:21.750 [main] DEBUG io.micronaut.context.DefaultBeanContext -- Found concrete candidate [Definition: io.micronaut.jackson.databind.JacksonDatabindMapper] for type: jsonMapper 
07:29:21.750 [main] DEBUG io.micronaut.context.lifecycle -- Created bean [io.micronaut.http.client.netty.DefaultNettyHttpClientRegistry@32eb38e5] from definition [Definition: io.micronaut.http.client.netty.DefaultNettyHttpClientRegistry] with qualifier [null]
07:29:21.750 [main] DEBUG io.micronaut.context.DefaultBeanContext -- Finding candidate beans for type: HttpClient
07:29:21.750 [main] DEBUG io.micronaut.context.DefaultBeanContext --   class io.micronaut.http.client.netty.DefaultHttpClient null Definition: io.micronaut.http.client.netty.DefaultNettyHttpClientRegistry
07:29:21.750 [main] DEBUG io.micronaut.context.DefaultBeanContext -- Qualifying bean [httpClient] for qualifier: @Named('/') 
07:29:21.750 [main] DEBUG io.micronaut.context.DefaultBeanContext -- No qualifying beans of type [httpClient] found for qualifier: @Named('/') 
07:29:21.750 [main] DEBUG io.micronaut.context.DefaultBeanContext -- Finding candidate beans for type: HttpClientConfiguration
07:29:21.750 [main] DEBUG io.micronaut.context.DefaultBeanContext --   class io.micronaut.http.client.DefaultHttpClientConfiguration null Definition: io.micronaut.http.client.DefaultHttpClientConfiguration
07:29:21.750 [main] DEBUG io.micronaut.context.DefaultBeanContext -- Qualifying bean [httpClientConfiguration] for qualifier: @Named('/') 
07:29:21.750 [main] DEBUG io.micronaut.context.DefaultBeanContext -- No qualifying beans of type [httpClientConfiguration] found for qualifier: @Named('/') 
07:29:21.750 [main] DEBUG io.micronaut.context.DefaultBeanContext -- Finding candidate beans for type: EmbeddedServer
07:29:21.750 [main] DEBUG io.micronaut.context.DefaultBeanContext --   interface io.micronaut.http.server.netty.NettyEmbeddedServer null Definition: io.micronaut.http.server.netty.DefaultNettyEmbeddedServerFactory
07:29:21.750 [main] DEBUG io.micronaut.context.DefaultBeanContext -- Finding candidate beans for type: EmbeddedServer
07:29:21.750 [main] DEBUG io.micronaut.context.DefaultBeanContext --   interface io.micronaut.http.server.netty.NettyEmbeddedServer null Definition: io.micronaut.http.server.netty.DefaultNettyEmbeddedServerFactory
07:29:21.750 [main] DEBUG io.micronaut.context.DefaultBeanContext -- Found concrete candidate [Definition: io.micronaut.http.server.netty.DefaultNettyEmbeddedServerFactory] for type: embeddedServer 
07:29:21.750 [main] DEBUG io.micronaut.context.DefaultBeanContext -- Finding candidate beans for type: EventLoopGroup
07:29:21.750 [main] DEBUG io.micronaut.context.DefaultBeanContext -- Finding candidate beans for type: EventLoopGroupConfiguration
07:29:21.750 [main] DEBUG io.micronaut.context.DefaultBeanContext --   class io.micronaut.http.server.netty.configuration.NettyHttpServerConfiguration$Worker @Named('netty-server-worker-event-loop') Definition: io.micronaut.http.server.netty.configuration.NettyHttpServerConfiguration$Worker
07:29:21.750 [main] DEBUG io.micronaut.context.DefaultBeanContext --   class io.micronaut.http.server.netty.configuration.NettyHttpServerConfiguration$Parent @Named('netty-server-parent-event-loop') Definition: io.micronaut.http.server.netty.configuration.NettyHttpServerConfiguration$Parent
07:29:21.750 [main] DEBUG io.micronaut.context.DefaultBeanContext --   interface io.netty.channel.EventLoopGroup @Named('netty-server-worker-event-loop') Definition: io.micronaut.http.netty.channel.DefaultEventLoopGroupRegistry
07:29:21.750 [main] DEBUG io.micronaut.context.DefaultBeanContext --   interface io.netty.channel.EventLoopGroup @Named('netty-server-parent-event-loop') Definition: io.micronaut.http.netty.channel.DefaultEventLoopGroupRegistry
07:29:21.750 [main] DEBUG io.micronaut.context.DefaultBeanContext --   interface io.netty.channel.EventLoopGroup null Definition: io.micronaut.http.netty.channel.DefaultEventLoopGroupRegistry
07:29:21.750 [main] DEBUG io.micronaut.context.DefaultBeanContext -- Searching for @Primary for type [eventLoopGroup] from candidates: [Definition: io.micronaut.http.netty.channel.DefaultEventLoopGroupRegistry, Definition: io.micronaut.http.netty.channel.DefaultEventLoopGroupRegistry, Definition: io.micronaut.http.netty.channel.DefaultEventLoopGroupRegistry] 
07:29:21.750 [main] DEBUG io.micronaut.context.DefaultBeanContext -- Found concrete candidate [Definition: io.micronaut.http.netty.channel.DefaultEventLoopGroupRegistry] for type: eventLoopGroup 
07:29:21.750 [main] DEBUG io.micronaut.context.DefaultBeanContext -- Finding candidate beans for type: ConversionService
07:29:21.751 [main] DEBUG io.micronaut.context.DefaultBeanContext --   class io.micronaut.context.env.DefaultEnvironment @Primary io.micronaut.context.DefaultRuntimeBeanDefinition@451cef67
07:29:21.751 [main] DEBUG io.micronaut.context.DefaultBeanContext -- Found concrete candidate [io.micronaut.context.DefaultRuntimeBeanDefinition@451cef67] for type: conversionService 
07:29:21.751 [main] DEBUG io.micronaut.context.DefaultBeanContext -- Finding candidate beans for type: EventLoopGroupConfiguration
07:29:21.751 [main] DEBUG io.micronaut.context.DefaultBeanContext --   class io.micronaut.http.server.netty.configuration.NettyHttpServerConfiguration$Worker @Named('netty-server-worker-event-loop') Definition: io.micronaut.http.server.netty.configuration.NettyHttpServerConfiguration$Worker
07:29:21.751 [main] DEBUG io.micronaut.context.DefaultBeanContext --   class io.micronaut.http.server.netty.configuration.NettyHttpServerConfiguration$Parent @Named('netty-server-parent-event-loop') Definition: io.micronaut.http.server.netty.configuration.NettyHttpServerConfiguration$Parent
07:29:21.751 [main] DEBUG io.micronaut.context.DefaultBeanContext -- Qualifying bean [eventLoopGroupConfiguration] for qualifier: @Named('default') 
07:29:21.751 [main] DEBUG io.micronaut.context.DefaultBeanContext -- No qualifying beans of type [eventLoopGroupConfiguration] found for qualifier: @Named('default') 
07:29:21.751 [main] DEBUG io.micronaut.context.lifecycle -- Created bean [io.micronaut.http.client.netty.DefaultHttpClient@73633230] from definition [Definition: io.micronaut.http.client.netty.DefaultNettyHttpClientRegistry] with qualifier [null]
07:29:21.751 [main] DEBUG io.micronaut.context.DefaultBeanContext -- Finding candidate beans for type: UserRepository userRepository
07:29:21.751 [main] DEBUG io.micronaut.context.DefaultBeanContext --   class com.example.shopservice.repository.UserRepository$Intercepted null Definition: com.example.shopservice.repository.UserRepository$Intercepted
07:29:21.751 [main] DEBUG io.micronaut.context.DefaultBeanContext -- Found concrete candidate [Definition: com.example.shopservice.repository.UserRepository$Intercepted] for type: userRepository 
07:29:21.751 [main] DEBUG io.micronaut.context.DefaultBeanContext -- Resolving beans for type: @InterceptorBinding(io.micronaut.data.annotation.Repository) io.micronaut.aop.Interceptor 
07:29:21.751 [main] DEBUG io.micronaut.core.reflect.ClassUtils -- Attempting to dynamically load class io.micronaut.context.annotation.Prototype
07:29:21.751 [main] DEBUG io.micronaut.core.reflect.ClassUtils -- Successfully loaded class io.micronaut.context.annotation.Prototype
07:29:21.751 [main] DEBUG io.micronaut.context.DefaultBeanContext -- Finding candidate beans for type: DataInterceptorResolver dataInterceptorResolver
07:29:21.751 [main] DEBUG io.micronaut.context.DefaultBeanContext --   class io.micronaut.data.runtime.intercept.DataInterceptorResolver null Definition: io.micronaut.data.runtime.intercept.DataInterceptorResolver
07:29:21.751 [main] DEBUG io.micronaut.context.DefaultBeanContext -- Found concrete candidate [Definition: io.micronaut.data.runtime.intercept.DataInterceptorResolver] for type: dataInterceptorResolver 
07:29:21.751 [main] DEBUG io.micronaut.context.DefaultBeanContext -- Finding candidate beans for type: RepositoryOperationsRegistry repositoryOperationsRegistry
07:29:21.752 [main] DEBUG io.micronaut.context.DefaultBeanContext --   class io.micronaut.data.runtime.operations.DefaultRepositoryOperationsRegistry null Definition: io.micronaut.data.runtime.operations.DefaultRepositoryOperationsRegistry
07:29:21.752 [main] DEBUG io.micronaut.context.DefaultBeanContext -- Found concrete candidate [Definition: io.micronaut.data.runtime.operations.DefaultRepositoryOperationsRegistry] for type: repositoryOperationsRegistry 
07:29:21.752 [main] DEBUG io.micronaut.context.lifecycle -- Created bean [io.micronaut.data.runtime.operations.DefaultRepositoryOperationsRegistry@21539796] from definition [Definition: io.micronaut.data.runtime.operations.DefaultRepositoryOperationsRegistry] with qualifier [null]
07:29:21.752 [main] DEBUG io.micronaut.context.DefaultBeanContext -- Finding candidate beans for type: DataSourceTenantResolver tenantResolver
07:29:21.752 [main] DEBUG io.micronaut.context.DefaultBeanContext -- Finding candidate beans for type: TenantResolver
07:29:21.752 [main] DEBUG io.micronaut.context.DefaultBeanContext -- No bean candidates found for type: TenantResolver
07:29:21.752 [main] DEBUG io.micronaut.context.condition.Condition -- Bean [Definition: io.micronaut.data.runtime.multitenancy.internal.DefaultDataSourceTenantResolver] will not be loaded due to failing conditions:
07:29:21.752 [main] DEBUG io.micronaut.context.condition.Condition -- * No bean of type [interface io.micronaut.data.runtime.multitenancy.TenantResolver] present within context
07:29:21.752 [main] DEBUG io.micronaut.context.DefaultBeanContext -- No bean candidates found for type: DataSourceTenantResolver tenantResolver
07:29:21.752 [main] DEBUG io.micronaut.context.lifecycle -- Created bean [io.micronaut.data.runtime.intercept.DataInterceptorResolver@215f8d7] from definition [Definition: io.micronaut.data.runtime.intercept.DataInterceptorResolver] with qualifier [null]
07:29:21.752 [main] DEBUG io.micronaut.context.DefaultBeanContext -- Finding candidate beans for type: DataConversionService conversionService
07:29:21.752 [main] DEBUG io.micronaut.context.DefaultBeanContext --   class io.micronaut.data.runtime.convert.DataConversionServiceImpl null Definition: io.micronaut.data.runtime.convert.DataConversionServiceFactory
07:29:21.752 [main] DEBUG io.micronaut.context.DefaultBeanContext -- Found concrete candidate [Definition: io.micronaut.data.runtime.convert.DataConversionServiceFactory] for type: conversionService 
07:29:21.752 [main] DEBUG io.micronaut.context.lifecycle -- Created bean [io.micronaut.data.runtime.intercept.DataIntroductionAdvice@69d2c460] from definition [Definition: io.micronaut.data.runtime.intercept.DataIntroductionAdvice] with qualifier [null]
07:29:21.752 [main] DEBUG io.micronaut.context.DefaultBeanContext -- Found a registration BeanRegistration: io.micronaut.data.runtime.intercept.DataIntroductionAdvice@69d2c460 for candidate: Definition: io.micronaut.data.runtime.intercept.DataIntroductionAdvice with qualifier: @InterceptorBinding(io.micronaut.data.annotation.Repository)
07:29:21.752 [main] DEBUG io.micronaut.context.DefaultBeanContext -- Found 1 bean registrations for type [@InterceptorBinding(io.micronaut.data.annotation.Repository) T]
07:29:21.752 [main] DEBUG io.micronaut.context.DefaultBeanContext --   Definition: io.micronaut.data.runtime.intercept.DataIntroductionAdvice null
07:29:21.752 [main] DEBUG io.micronaut.context.DefaultBeanContext -- Finding candidate beans for type: InterceptorRegistry
07:29:21.752 [main] DEBUG io.micronaut.context.DefaultBeanContext --   interface io.micronaut.aop.InterceptorRegistry null io.micronaut.aop.internal.InterceptorRegistryBean@1be3a294
07:29:21.752 [main] DEBUG io.micronaut.context.DefaultBeanContext -- Found concrete candidate [io.micronaut.aop.internal.InterceptorRegistryBean@1be3a294] for type: interceptorRegistry 
07:29:21.753 [main] DEBUG io.micronaut.context.lifecycle -- Created bean [com.example.shopservice.repository.UserRepository$Intercepted@34a99d8] from definition [Definition: com.example.shopservice.repository.UserRepository$Intercepted] with qualifier [null]
07:29:21.753 [main] DEBUG io.micronaut.core.reflect.ClassUtils -- Bean of type [class com.example.shopservice.controller.UserControllerIT] uses reflection to inject field: 'userRepository'
07:29:21.753 [main] DEBUG io.micronaut.context.DefaultBeanContext -- Finding candidate beans for type: OrderItemRepository orderItemRepository
07:29:21.753 [main] DEBUG io.micronaut.context.DefaultBeanContext --   class com.example.shopservice.repository.OrderItemRepository$Intercepted null Definition: com.example.shopservice.repository.OrderItemRepository$Intercepted
07:29:21.753 [main] DEBUG io.micronaut.context.DefaultBeanContext -- Found concrete candidate [Definition: com.example.shopservice.repository.OrderItemRepository$Intercepted] for type: orderItemRepository 
07:29:21.753 [main] DEBUG io.micronaut.context.DefaultBeanContext -- Resolving beans for type: @InterceptorBinding(io.micronaut.data.annotation.Repository) io.micronaut.aop.Interceptor 
07:29:21.756 [main] DEBUG io.micronaut.core.reflect.ClassUtils -- Attempting to dynamically load class io.micronaut.context.annotation.Prototype
07:29:21.756 [main] DEBUG io.micronaut.core.reflect.ClassUtils -- Successfully loaded class io.micronaut.context.annotation.Prototype
07:29:21.756 [main] DEBUG io.micronaut.context.lifecycle -- Created bean [io.micronaut.data.runtime.intercept.DataIntroductionAdvice@3e984100] from definition [Definition: io.micronaut.data.runtime.intercept.DataIntroductionAdvice] with qualifier [null]
07:29:21.756 [main] DEBUG io.micronaut.context.DefaultBeanContext -- Found a registration BeanRegistration: io.micronaut.data.runtime.intercept.DataIntroductionAdvice@3e984100 for candidate: Definition: io.micronaut.data.runtime.intercept.DataIntroductionAdvice with qualifier: @InterceptorBinding(io.micronaut.data.annotation.Repository)
07:29:21.756 [main] DEBUG io.micronaut.context.DefaultBeanContext -- Found 1 bean registrations for type [@InterceptorBinding(io.micronaut.data.annotation.Repository) T]
07:29:21.756 [main] DEBUG io.micronaut.context.DefaultBeanContext --   Definition: io.micronaut.data.runtime.intercept.DataIntroductionAdvice null
07:29:21.756 [main] DEBUG io.micronaut.context.lifecycle -- Created bean [com.example.shopservice.repository.OrderItemRepository$Intercepted@13e6c544] from definition [Definition: com.example.shopservice.repository.OrderItemRepository$Intercepted] with qualifier [null]
07:29:21.756 [main] DEBUG io.micronaut.core.reflect.ClassUtils -- Bean of type [class com.example.shopservice.controller.UserControllerIT] uses reflection to inject field: 'orderItemRepository'
07:29:21.756 [main] DEBUG io.micronaut.context.DefaultBeanContext -- Finding candidate beans for type: OrderRepository orderRepository
07:29:21.756 [main] DEBUG io.micronaut.context.DefaultBeanContext --   class com.example.shopservice.repository.OrderRepository$Intercepted null Definition: com.example.shopservice.repository.OrderRepository$Intercepted
07:29:21.756 [main] DEBUG io.micronaut.context.DefaultBeanContext -- Found concrete candidate [Definition: com.example.shopservice.repository.OrderRepository$Intercepted] for type: orderRepository 
07:29:21.756 [main] DEBUG io.micronaut.context.DefaultBeanContext -- Resolving beans for type: @InterceptorBinding(io.micronaut.data.annotation.Repository) io.micronaut.aop.Interceptor 
07:29:21.757 [main] DEBUG io.micronaut.core.reflect.ClassUtils -- Attempting to dynamically load class io.micronaut.context.annotation.Prototype
07:29:21.757 [main] DEBUG io.micronaut.core.reflect.ClassUtils -- Successfully loaded class io.micronaut.context.annotation.Prototype
07:29:21.757 [main] DEBUG io.micronaut.context.lifecycle -- Created bean [io.micronaut.data.runtime.intercept.DataIntroductionAdvice@6c68f29c] from definition [Definition: io.micronaut.data.runtime.intercept.DataIntroductionAdvice] with qualifier [null]
07:29:21.757 [main] DEBUG io.micronaut.context.DefaultBeanContext -- Found a registration BeanRegistration: io.micronaut.data.runtime.intercept.DataIntroductionAdvice@6c68f29c for candidate: Definition: io.micronaut.data.runtime.intercept.DataIntroductionAdvice with qualifier: @InterceptorBinding(io.micronaut.data.annotation.Repository)
07:29:21.757 [main] DEBUG io.micronaut.context.DefaultBeanContext -- Found 1 bean registrations for type [@InterceptorBinding(io.micronaut.data.annotation.Repository) T]
07:29:21.757 [main] DEBUG io.micronaut.context.DefaultBeanContext --   Definition: io.micronaut.data.runtime.intercept.DataIntroductionAdvice null
07:29:21.757 [main] DEBUG io.micronaut.context.lifecycle -- Created bean [com.example.shopservice.repository.OrderRepository$Intercepted@3b3b2290] from definition [Definition: com.example.shopservice.repository.OrderRepository$Intercepted] with qualifier [null]
07:29:21.757 [main] DEBUG io.micronaut.core.reflect.ClassUtils -- Bean of type [class com.example.shopservice.controller.UserControllerIT] uses reflection to inject field: 'orderRepository'
07:29:21.757 [main] DEBUG io.micronaut.context.DefaultBeanContext -- Finding candidate beans for type: ReviewRepository reviewRepository
07:29:21.757 [main] DEBUG io.micronaut.context.DefaultBeanContext --   class com.example.shopservice.repository.ReviewRepository$Intercepted null Definition: com.example.shopservice.repository.ReviewRepository$Intercepted
07:29:21.757 [main] DEBUG io.micronaut.context.DefaultBeanContext -- Found concrete candidate [Definition: com.example.shopservice.repository.ReviewRepository$Intercepted] for type: reviewRepository 
07:29:21.757 [main] DEBUG io.micronaut.context.DefaultBeanContext -- Resolving beans for type: @InterceptorBinding(io.micronaut.data.annotation.Repository) io.micronaut.aop.Interceptor 
07:29:21.757 [main] DEBUG io.micronaut.core.reflect.ClassUtils -- Attempting to dynamically load class io.micronaut.context.annotation.Prototype
07:29:21.757 [main] DEBUG io.micronaut.core.reflect.ClassUtils -- Successfully loaded class io.micronaut.context.annotation.Prototype
07:29:21.757 [main] DEBUG io.micronaut.context.lifecycle -- Created bean [io.micronaut.data.runtime.intercept.DataIntroductionAdvice@47d7e4b6] from definition [Definition: io.micronaut.data.runtime.intercept.DataIntroductionAdvice] with qualifier [null]
07:29:21.757 [main] DEBUG io.micronaut.context.DefaultBeanContext -- Found a registration BeanRegistration: io.micronaut.data.runtime.intercept.DataIntroductionAdvice@47d7e4b6 for candidate: Definition: io.micronaut.data.runtime.intercept.DataIntroductionAdvice with qualifier: @InterceptorBinding(io.micronaut.data.annotation.Repository)
07:29:21.757 [main] DEBUG io.micronaut.context.DefaultBeanContext -- Found 1 bean registrations for type [@InterceptorBinding(io.micronaut.data.annotation.Repository) T]
07:29:21.757 [main] DEBUG io.micronaut.context.DefaultBeanContext --   Definition: io.micronaut.data.runtime.intercept.DataIntroductionAdvice null
07:29:21.758 [main] DEBUG io.micronaut.context.lifecycle -- Created bean [com.example.shopservice.repository.ReviewRepository$Intercepted@623ed5ed] from definition [Definition: com.example.shopservice.repository.ReviewRepository$Intercepted] with qualifier [null]
07:29:21.758 [main] DEBUG io.micronaut.core.reflect.ClassUtils -- Bean of type [class com.example.shopservice.controller.UserControllerIT] uses reflection to inject field: 'reviewRepository'
07:29:21.758 [main] DEBUG io.micronaut.context.DefaultBeanContext -- Finding candidate beans for type: HttpClient
07:29:21.758 [main] DEBUG io.micronaut.context.DefaultBeanContext --   class io.micronaut.http.client.netty.DefaultHttpClient null Definition: io.micronaut.http.client.netty.DefaultNettyHttpClientRegistry
07:29:21.758 [main] DEBUG io.micronaut.context.DefaultBeanContext -- Found concrete candidate [Definition: io.micronaut.http.client.netty.DefaultNettyHttpClientRegistry] for type: httpClient 
07:29:21.758 [main] DEBUG io.micronaut.context.DefaultBeanContext -- Finding candidate beans for type: UserRepository
07:29:21.758 [main] DEBUG io.micronaut.context.DefaultBeanContext --   class com.example.shopservice.repository.UserRepository$Intercepted null Definition: com.example.shopservice.repository.UserRepository$Intercepted
07:29:21.758 [main] DEBUG io.micronaut.context.DefaultBeanContext -- Found concrete candidate [Definition: com.example.shopservice.repository.UserRepository$Intercepted] for type: userRepository 
07:29:21.758 [main] DEBUG io.micronaut.context.DefaultBeanContext -- Finding candidate beans for type: OrderItemRepository
07:29:21.758 [main] DEBUG io.micronaut.context.DefaultBeanContext --   class com.example.shopservice.repository.OrderItemRepository$Intercepted null Definition: com.example.shopservice.repository.OrderItemRepository$Intercepted
07:29:21.758 [main] DEBUG io.micronaut.context.DefaultBeanContext -- Found concrete candidate [Definition: com.example.shopservice.repository.OrderItemRepository$Intercepted] for type: orderItemRepository 
07:29:21.758 [main] DEBUG io.micronaut.context.DefaultBeanContext -- Finding candidate beans for type: OrderRepository
07:29:21.758 [main] DEBUG io.micronaut.context.DefaultBeanContext --   class com.example.shopservice.repository.OrderRepository$Intercepted null Definition: com.example.shopservice.repository.OrderRepository$Intercepted
07:29:21.758 [main] DEBUG io.micronaut.context.DefaultBeanContext -- Found concrete candidate [Definition: com.example.shopservice.repository.OrderRepository$Intercepted] for type: orderRepository 
07:29:21.758 [main] DEBUG io.micronaut.context.DefaultBeanContext -- Finding candidate beans for type: ReviewRepository
07:29:21.758 [main] DEBUG io.micronaut.context.DefaultBeanContext --   class com.example.shopservice.repository.ReviewRepository$Intercepted null Definition: com.example.shopservice.repository.ReviewRepository$Intercepted
07:29:21.758 [main] DEBUG io.micronaut.context.DefaultBeanContext -- Found concrete candidate [Definition: com.example.shopservice.repository.ReviewRepository$Intercepted] for type: reviewRepository 
07:29:21.758 [main] DEBUG io.micronaut.context.DefaultBeanContext -- Finding candidate beans for type: ResourceLoader
07:29:21.758 [main] DEBUG io.micronaut.context.DefaultBeanContext --   interface io.micronaut.core.io.scan.ClassPathResourceLoader null Definition: io.micronaut.http.resource.ResourceLoaderFactory
07:29:21.758 [main] DEBUG io.micronaut.context.DefaultBeanContext --   interface io.micronaut.core.io.file.FileSystemResourceLoader null Definition: io.micronaut.http.resource.ResourceLoaderFactory
07:29:21.758 [main] DEBUG io.micronaut.context.DefaultBeanContext --   class io.micronaut.context.env.DefaultEnvironment @Primary io.micronaut.context.DefaultRuntimeBeanDefinition@451cef67
07:29:21.758 [main] DEBUG io.micronaut.context.DefaultBeanContext -- Searching for @Primary for type [resourceLoader] from candidates: [Definition: io.micronaut.http.resource.ResourceLoaderFactory, Definition: io.micronaut.http.resource.ResourceLoaderFactory, io.micronaut.context.DefaultRuntimeBeanDefinition@451cef67] 
07:29:21.758 [main] DEBUG io.micronaut.context.DefaultBeanContext -- Found concrete candidate [io.micronaut.context.DefaultRuntimeBeanDefinition@451cef67] for type: resourceLoader 
07:29:21.759 [main] DEBUG org.hibernate.stat.internal.StatisticsInitiator -- Statistics initialized [enabled=false]
07:29:21.759 [main] DEBUG org.hibernate.engine.transaction.internal.TransactionImpl -- On TransactionImpl creation, JpaCompliance#isJpaTransactionComplianceEnabled == false
07:29:21.759 [main] DEBUG org.hibernate.engine.transaction.internal.TransactionImpl -- begin
07:29:21.759 [main] DEBUG io.micronaut.context.DefaultBeanContext -- Finding candidate beans for type: PrimaryRepositoryOperations
07:29:21.759 [main] DEBUG io.micronaut.context.DefaultBeanContext -- Finding candidate beans for type: DataSource
07:29:21.759 [main] DEBUG io.micronaut.context.DefaultBeanContext -- Finding candidate beans for type: DatasourceConfiguration
07:29:21.759 [main] DEBUG io.micronaut.context.DefaultBeanContext --   class io.micronaut.configuration.jdbc.hikari.DatasourceConfiguration @Named('default') Definition: io.micronaut.configuration.jdbc.hikari.DatasourceConfiguration
07:29:21.759 [main] DEBUG io.micronaut.context.DefaultBeanContext --   interface javax.sql.DataSource @Named('default') Definition: io.micronaut.configuration.jdbc.hikari.DatasourceFactory
07:29:21.760 [main] DEBUG io.micronaut.context.DefaultBeanContext --   class io.micronaut.data.hibernate.operations.HibernateJpaOperations @Named('default') Definition: io.micronaut.data.hibernate.operations.HibernateJpaOperations
07:29:21.760 [main] DEBUG io.micronaut.context.DefaultBeanContext -- Found concrete candidate [Definition: io.micronaut.data.hibernate.operations.HibernateJpaOperations] for type: primaryRepositoryOperations 
07:29:21.760 [HikariPool-3 connection adder] DEBUG com.zaxxer.hikari.pool.HikariPool -- HikariPool-3 - After adding stats (total=5, active=1, idle=4, waiting=0)
07:29:21.760 [main] DEBUG io.micronaut.context.DefaultBeanContext -- Finding candidate beans for type: TransactionOperations transactionOperations
07:29:21.760 [main] DEBUG io.micronaut.context.DefaultBeanContext -- Finding candidate beans for type: DataSource
07:29:21.760 [main] DEBUG io.micronaut.context.DefaultBeanContext -- Finding candidate beans for type: DatasourceConfiguration
07:29:21.760 [main] DEBUG io.micronaut.context.DefaultBeanContext --   class io.micronaut.configuration.jdbc.hikari.DatasourceConfiguration @Named('default') Definition: io.micronaut.configuration.jdbc.hikari.DatasourceConfiguration
07:29:21.760 [main] DEBUG io.micronaut.context.DefaultBeanContext --   interface javax.sql.DataSource @Named('default') Definition: io.micronaut.configuration.jdbc.hikari.DatasourceFactory
07:29:21.760 [main] DEBUG io.micronaut.context.DefaultBeanContext --   class io.micronaut.transaction.hibernate.HibernateTransactionManager @Named('default') Definition: io.micronaut.transaction.hibernate.HibernateTransactionManager
07:29:21.760 [main] DEBUG io.micronaut.context.DefaultBeanContext -- Qualifying bean [transactionOperations] for qualifier: @Named('default') 
07:29:21.760 [main] DEBUG io.micronaut.context.DefaultBeanContext -- Found concrete candidate [Definition: io.micronaut.transaction.hibernate.HibernateTransactionManager] for type: @Named('default') transactionOperations 
07:29:21.760 [main] DEBUG io.micronaut.context.DefaultBeanContext -- Finding candidate beans for type: RuntimeEntityRegistry runtimeEntityRegistry
07:29:21.760 [main] DEBUG io.micronaut.context.DefaultBeanContext --   class io.micronaut.data.runtime.support.DefaultRuntimeEntityRegistry null Definition: io.micronaut.data.runtime.support.DefaultRuntimeEntityRegistry
07:29:21.760 [main] DEBUG io.micronaut.context.DefaultBeanContext -- Found concrete candidate [Definition: io.micronaut.data.runtime.support.DefaultRuntimeEntityRegistry] for type: runtimeEntityRegistry 
07:29:21.760 [main] DEBUG io.micronaut.context.lifecycle -- Created bean [io.micronaut.data.hibernate.operations.HibernateJpaOperations@49e92724] from definition [Definition: io.micronaut.data.hibernate.operations.HibernateJpaOperations] with qualifier [@Named('default')]
07:29:21.760 [HikariPool-3 connection adder] DEBUG com.zaxxer.hikari.pool.HikariPool -- HikariPool-3 - Added connection conn25: url=jdbc:h2:mem:testDb user=SA
07:29:21.761 [main] DEBUG io.micronaut.core.beans.DefaultBeanIntrospector -- Found BeanIntrospection for type: class com.example.shopservice.entity.OrderItem,
07:29:21.761 [main] DEBUG io.micronaut.context.lifecycle -- Created bean [io.micronaut.data.runtime.event.listeners.AnnotatedMethodInvokingEntityEventListener@2ba4b32b] from definition [Definition: io.micronaut.data.runtime.event.listeners.AnnotatedMethodInvokingEntityEventListener] with qualifier [null]
07:29:21.761 [main] DEBUG io.micronaut.context.lifecycle -- Created bean [io.micronaut.data.runtime.event.listeners.UUIDGeneratingEntityEventListener@532e00bd] from definition [Definition: io.micronaut.data.runtime.event.listeners.UUIDGeneratingEntityEventListener] with qualifier [null]
07:29:21.761 [main] DEBUG io.micronaut.context.DefaultBeanContext -- Finding candidate beans for type: ConnectionOperations
07:29:21.761 [main] DEBUG io.micronaut.context.DefaultBeanContext -- Finding candidate beans for type: SessionFactory
07:29:21.761 [main] DEBUG io.micronaut.context.DefaultBeanContext -- Finding candidate beans for type: SessionFactoryBuilder
07:29:21.761 [main] DEBUG io.micronaut.context.DefaultBeanContext -- Finding candidate beans for type: Metadata
07:29:21.761 [main] DEBUG io.micronaut.context.DefaultBeanContext -- Finding candidate beans for type: MetadataSources
07:29:21.761 [main] DEBUG io.micronaut.context.DefaultBeanContext -- Finding candidate beans for type: ServiceRegistry
07:29:21.762 [main] DEBUG io.micronaut.context.DefaultBeanContext -- Finding candidate beans for type: DataSource
07:29:21.762 [main] DEBUG io.micronaut.context.DefaultBeanContext -- Finding candidate beans for type: DatasourceConfiguration
07:29:21.762 [main] DEBUG io.micronaut.context.DefaultBeanContext --   class io.micronaut.configuration.jdbc.hikari.DatasourceConfiguration @Named('default') Definition: io.micronaut.configuration.jdbc.hikari.DatasourceConfiguration
07:29:21.762 [main] DEBUG io.micronaut.context.DefaultBeanContext --   interface javax.sql.DataSource @Named('default') Definition: io.micronaut.configuration.jdbc.hikari.DatasourceFactory
07:29:21.762 [main] DEBUG io.micronaut.core.reflect.ClassUtils -- Attempting to dynamically load class org.hibernate.reactive.provider.ReactiveServiceRegistryBuilder
07:29:21.764 [main] DEBUG io.micronaut.core.reflect.ClassUtils -- Class org.hibernate.reactive.provider.ReactiveServiceRegistryBuilder is not present
07:29:21.764 [main] DEBUG io.micronaut.context.DefaultBeanContext --   interface org.hibernate.service.ServiceRegistry @Named('default') Definition: io.micronaut.configuration.hibernate.jpa.conf.SessionFactoryPerDataSourceFactory
07:29:21.764 [main] DEBUG io.micronaut.core.reflect.ClassUtils -- Attempting to dynamically load class org.hibernate.reactive.provider.ReactiveServiceRegistryBuilder
07:29:21.764 [main] DEBUG io.micronaut.core.reflect.ClassUtils -- Class org.hibernate.reactive.provider.ReactiveServiceRegistryBuilder is not present
07:29:21.764 [main] DEBUG io.micronaut.context.DefaultBeanContext --   class org.hibernate.boot.MetadataSources @Named('default') Definition: io.micronaut.configuration.hibernate.jpa.conf.SessionFactoryPerDataSourceFactory
07:29:21.764 [main] DEBUG io.micronaut.core.reflect.ClassUtils -- Attempting to dynamically load class org.hibernate.reactive.provider.ReactiveServiceRegistryBuilder
07:29:21.764 [main] DEBUG io.micronaut.core.reflect.ClassUtils -- Class org.hibernate.reactive.provider.ReactiveServiceRegistryBuilder is not present
07:29:21.764 [main] DEBUG io.micronaut.context.DefaultBeanContext --   interface org.hibernate.boot.Metadata @Named('default') Definition: io.micronaut.configuration.hibernate.jpa.conf.SessionFactoryPerDataSourceFactory
07:29:21.764 [main] DEBUG io.micronaut.core.reflect.ClassUtils -- Attempting to dynamically load class org.hibernate.reactive.provider.ReactiveServiceRegistryBuilder
07:29:21.764 [main] DEBUG io.micronaut.core.reflect.ClassUtils -- Class org.hibernate.reactive.provider.ReactiveServiceRegistryBuilder is not present
07:29:21.764 [main] DEBUG io.micronaut.context.DefaultBeanContext --   interface org.hibernate.boot.SessionFactoryBuilder @Named('default') Definition: io.micronaut.configuration.hibernate.jpa.conf.SessionFactoryPerDataSourceFactory
07:29:21.764 [main] DEBUG io.micronaut.core.reflect.ClassUtils -- Attempting to dynamically load class org.hibernate.reactive.provider.ReactiveServiceRegistryBuilder
07:29:21.764 [main] DEBUG io.micronaut.core.reflect.ClassUtils -- Class org.hibernate.reactive.provider.ReactiveServiceRegistryBuilder is not present
07:29:21.764 [main] DEBUG io.micronaut.context.DefaultBeanContext --   interface org.hibernate.SessionFactory @Named('default') Definition: io.micronaut.configuration.hibernate.jpa.conf.SessionFactoryPerDataSourceFactory
07:29:21.764 [main] DEBUG io.micronaut.context.DefaultBeanContext --   class io.micronaut.data.hibernate.connection.HibernateConnectionOperations @Named('default') Definition: io.micronaut.data.hibernate.connection.HibernateConnectionOperations
07:29:21.764 [main] DEBUG io.micronaut.context.DefaultBeanContext -- Qualifying bean [connectionOperations] for qualifier: @Named('default') 
07:29:21.764 [main] DEBUG io.micronaut.context.DefaultBeanContext -- Found concrete candidate [Definition: io.micronaut.data.hibernate.connection.HibernateConnectionOperations] for type: @Named('default') connectionOperations 
07:29:21.764 [main] DEBUG org.hibernate.orm.query.hql -- HQL : DELETE com.example.shopservice.entity.OrderItem  AS orderItem_
07:29:21.765 [main] DEBUG org.hibernate.orm.query.sqm.ast -- SqmStatement Tree :
    -> [delete]
      [target = com.example.shopservice.entity.OrderItem(orderItem_)]
    <- [delete]

07:29:21.765 [main] DEBUG org.hibernate.orm.sql.ast.create -- Created new SQL alias : oi1_0
07:29:21.765 [main] DEBUG org.hibernate.orm.sql.ast.create -- Registration of TableGroup [StandardTableGroup(com.example.shopservice.entity.OrderItem(orderItem_))] with identifierForTableGroup [com.example.shopservice.entity.OrderItem] for NavigablePath [com.example.shopservice.entity.OrderItem] 
07:29:21.765 [main] DEBUG org.hibernate.SQL -- delete from order_items
07:29:21.767 [main] DEBUG io.micronaut.core.beans.DefaultBeanIntrospector -- Found BeanIntrospection for type: class com.example.shopservice.entity.Order,
07:29:21.767 [main] DEBUG org.hibernate.orm.query.hql -- HQL : DELETE com.example.shopservice.entity.Order  AS order_
07:29:21.768 [main] DEBUG org.hibernate.orm.query.hql.reservedWordAsIdentifier -- Encountered use of reserved word as identifier : AS
07:29:21.768 [main] DEBUG org.hibernate.orm.query.sqm.ast -- SqmStatement Tree :
    -> [delete]
      [target = com.example.shopservice.entity.Order(order_)]
    <- [delete]

07:29:21.768 [main] DEBUG org.hibernate.orm.sql.ast.create -- Created new SQL alias : o1_0
07:29:21.768 [main] DEBUG org.hibernate.orm.sql.ast.create -- Registration of TableGroup [StandardTableGroup(com.example.shopservice.entity.Order(order_))] with identifierForTableGroup [com.example.shopservice.entity.Order] for NavigablePath [com.example.shopservice.entity.Order] 
07:29:21.768 [main] DEBUG org.hibernate.SQL -- delete from orders
07:29:21.769 [main] DEBUG io.micronaut.core.beans.DefaultBeanIntrospector -- Found BeanIntrospection for type: class com.example.shopservice.entity.Review,
07:29:21.769 [main] DEBUG org.hibernate.orm.query.hql -- HQL : DELETE com.example.shopservice.entity.Review  AS review_
07:29:21.769 [main] DEBUG org.hibernate.orm.query.sqm.ast -- SqmStatement Tree :
    -> [delete]
      [target = com.example.shopservice.entity.Review(review_)]
    <- [delete]

07:29:21.769 [main] DEBUG org.hibernate.orm.sql.ast.create -- Created new SQL alias : r1_0
07:29:21.769 [main] DEBUG org.hibernate.orm.sql.ast.create -- Registration of TableGroup [StandardTableGroup(com.example.shopservice.entity.Review(review_))] with identifierForTableGroup [com.example.shopservice.entity.Review] for NavigablePath [com.example.shopservice.entity.Review] 
07:29:21.769 [main] DEBUG org.hibernate.SQL -- delete from reviews
07:29:21.770 [main] DEBUG io.micronaut.core.beans.DefaultBeanIntrospector -- Found BeanIntrospection for type: class com.example.shopservice.entity.User,
07:29:21.770 [main] DEBUG org.hibernate.orm.query.hql -- HQL : DELETE com.example.shopservice.entity.User  AS user_
07:29:21.770 [main] DEBUG org.hibernate.orm.query.sqm.ast -- SqmStatement Tree :
    -> [delete]
      [target = com.example.shopservice.entity.User(user_)]
    <- [delete]

07:29:21.771 [main] DEBUG org.hibernate.orm.sql.ast.create -- Created new SQL alias : u1_0
07:29:21.771 [main] DEBUG org.hibernate.orm.sql.ast.create -- Registration of TableGroup [StandardTableGroup(com.example.shopservice.entity.User(user_))] with identifierForTableGroup [com.example.shopservice.entity.User] for NavigablePath [com.example.shopservice.entity.User] 
07:29:21.771 [main] DEBUG org.hibernate.SQL -- delete from users
07:29:21.771 [main] DEBUG io.micronaut.transaction.hibernate.HibernateTransactionManager -- Committing Hibernate transaction on Session [SessionImpl(1950456251<open>)]
07:29:21.771 [main] DEBUG org.hibernate.engine.transaction.internal.TransactionImpl -- committing
07:29:21.771 [main] DEBUG org.hibernate.resource.jdbc.internal.LogicalConnectionManagedImpl -- Initiating JDBC connection release from afterTransaction
07:29:21.771 [main] DEBUG org.hibernate.resource.jdbc.internal.LogicalConnectionManagedImpl -- Initiating JDBC connection release from afterTransaction
07:29:21.771 [main] DEBUG org.hibernate.engine.transaction.internal.TransactionImpl -- On TransactionImpl creation, JpaCompliance#isJpaTransactionComplianceEnabled == false
07:29:21.771 [main] DEBUG org.hibernate.engine.transaction.internal.TransactionImpl -- begin
07:29:21.775 [default-nioEventLoopGroup-4-2] DEBUG io.micronaut.http.client.netty.DefaultHttpClient -- Sending HTTP POST to http://localhost:37877/users
07:29:21.778 [default-nioEventLoopGroup-4-3] DEBUG io.micronaut.http.server.netty.NettyRequestLifecycle -- Request POST /users
07:29:21.778 [default-nioEventLoopGroup-4-3] DEBUG io.micronaut.context.DefaultBeanContext -- Finding candidate beans for type: CorsConfiguration corsConfiguration
07:29:21.778 [default-nioEventLoopGroup-4-3] DEBUG io.micronaut.context.DefaultBeanContext --   class io.micronaut.http.server.HttpServerConfiguration$CorsConfiguration null Definition: io.micronaut.http.server.HttpServerConfiguration$CorsConfiguration
07:29:21.778 [default-nioEventLoopGroup-4-3] DEBUG io.micronaut.context.DefaultBeanContext -- Found concrete candidate [Definition: io.micronaut.http.server.HttpServerConfiguration$CorsConfiguration] for type: corsConfiguration 
07:29:21.778 [default-nioEventLoopGroup-4-3] DEBUG io.micronaut.context.lifecycle -- Created bean [io.micronaut.http.server.HttpServerConfiguration$CorsConfiguration@6e594170] from definition [Definition: io.micronaut.http.server.HttpServerConfiguration$CorsConfiguration] with qualifier [null]
07:29:21.778 [default-nioEventLoopGroup-4-3] DEBUG io.micronaut.context.DefaultBeanContext -- Finding candidate beans for type: HttpHostResolver httpHostResolver
07:29:21.778 [default-nioEventLoopGroup-4-3] DEBUG io.micronaut.context.DefaultBeanContext --   class io.micronaut.http.server.util.DefaultHttpHostResolver null Definition: io.micronaut.http.server.util.DefaultHttpHostResolver
07:29:21.778 [default-nioEventLoopGroup-4-3] DEBUG io.micronaut.context.DefaultBeanContext -- Found concrete candidate [Definition: io.micronaut.http.server.util.DefaultHttpHostResolver] for type: httpHostResolver 
07:29:21.778 [default-nioEventLoopGroup-4-3] DEBUG io.micronaut.context.DefaultBeanContext -- Finding candidate beans for type: HttpServerConfiguration serverConfiguration
07:29:21.778 [default-nioEventLoopGroup-4-3] DEBUG io.micronaut.context.DefaultBeanContext -- Bean [class io.micronaut.http.server.netty.configuration.NettyHttpServerConfiguration] replaces existing bean of type [class io.micronaut.http.server.HttpServerConfiguration]
07:29:21.778 [default-nioEventLoopGroup-4-3] DEBUG io.micronaut.context.DefaultBeanContext --   class io.micronaut.http.server.netty.configuration.NettyHttpServerConfiguration null Definition: io.micronaut.http.server.netty.configuration.NettyHttpServerConfiguration
07:29:21.778 [default-nioEventLoopGroup-4-3] DEBUG io.micronaut.context.DefaultBeanContext -- Found concrete candidate [Definition: io.micronaut.http.server.netty.configuration.NettyHttpServerConfiguration] for type: serverConfiguration 
07:29:21.778 [default-nioEventLoopGroup-4-3] DEBUG io.micronaut.context.DefaultBeanContext -- Finding candidate beans for type: BeanProvider embeddedServer
07:29:21.778 [default-nioEventLoopGroup-4-3] DEBUG io.micronaut.context.DefaultBeanContext --   interface io.micronaut.context.BeanProvider null io.micronaut.inject.provider.BeanProviderDefinition@3cd344c0
07:29:21.778 [default-nioEventLoopGroup-4-3] DEBUG io.micronaut.context.DefaultBeanContext -- Found concrete candidate [io.micronaut.inject.provider.BeanProviderDefinition@3cd344c0] for type: embeddedServer 
07:29:21.778 [default-nioEventLoopGroup-4-3] DEBUG io.micronaut.context.lifecycle -- Created bean [io.micronaut.inject.provider.BeanProviderDefinition$1@2b5bd2df] from definition [io.micronaut.inject.provider.BeanProviderDefinition@3cd344c0] with qualifier [null]
07:29:21.778 [default-nioEventLoopGroup-4-3] DEBUG io.micronaut.context.lifecycle -- Created bean [io.micronaut.http.server.util.DefaultHttpHostResolver@46c71c9e] from definition [Definition: io.micronaut.http.server.util.DefaultHttpHostResolver] with qualifier [null]
07:29:21.778 [default-nioEventLoopGroup-4-3] DEBUG io.micronaut.context.lifecycle -- Created bean [io.micronaut.http.server.cors.CorsFilter@1aba5d5a] from definition [Definition: io.micronaut.http.server.cors.CorsFilter] with qualifier [null]
07:29:21.779 [default-nioEventLoopGroup-4-3] DEBUG io.micronaut.context.DefaultBeanContext -- Resolving beans for type: @InterceptorBinding(io.micronaut.data.annotation.Repository) io.micronaut.aop.Interceptor 
07:29:21.779 [default-nioEventLoopGroup-4-3] DEBUG io.micronaut.core.reflect.ClassUtils -- Attempting to dynamically load class io.micronaut.context.annotation.Prototype
07:29:21.779 [default-nioEventLoopGroup-4-3] DEBUG io.micronaut.core.reflect.ClassUtils -- Successfully loaded class io.micronaut.context.annotation.Prototype
07:29:21.779 [default-nioEventLoopGroup-4-3] DEBUG io.micronaut.context.lifecycle -- Created bean [io.micronaut.data.runtime.intercept.DataIntroductionAdvice@4b742d90] from definition [Definition: io.micronaut.data.runtime.intercept.DataIntroductionAdvice] with qualifier [null]
07:29:21.779 [default-nioEventLoopGroup-4-3] DEBUG io.micronaut.context.DefaultBeanContext -- Found a registration BeanRegistration: io.micronaut.data.runtime.intercept.DataIntroductionAdvice@4b742d90 for candidate: Definition: io.micronaut.data.runtime.intercept.DataIntroductionAdvice with qualifier: @InterceptorBinding(io.micronaut.data.annotation.Repository)
07:29:21.779 [default-nioEventLoopGroup-4-3] DEBUG io.micronaut.context.DefaultBeanContext -- Found 1 bean registrations for type [@InterceptorBinding(io.micronaut.data.annotation.Repository) T]
07:29:21.779 [default-nioEventLoopGroup-4-3] DEBUG io.micronaut.context.DefaultBeanContext --   Definition: io.micronaut.data.runtime.intercept.DataIntroductionAdvice null
07:29:21.780 [default-nioEventLoopGroup-4-3] DEBUG io.micronaut.context.lifecycle -- Created bean [com.example.shopservice.repository.UserRepository$Intercepted@35a9eb8c] from definition [Definition: com.example.shopservice.repository.UserRepository$Intercepted] with qualifier [null]
07:29:21.780 [default-nioEventLoopGroup-4-3] DEBUG io.micronaut.core.reflect.ClassUtils -- Bean of type [class com.example.shopservice.controller.UserController] uses reflection to inject field: 'userRepository'
07:29:21.780 [default-nioEventLoopGroup-4-3] DEBUG io.micronaut.context.lifecycle -- Created bean [com.example.shopservice.controller.UserController@7d3120ee] from definition [Definition: com.example.shopservice.controller.UserController] with qualifier [null]
07:29:21.780 [default-nioEventLoopGroup-4-3] DEBUG org.hibernate.engine.transaction.internal.TransactionImpl -- On TransactionImpl creation, JpaCompliance#isJpaTransactionComplianceEnabled == false
07:29:21.780 [default-nioEventLoopGroup-4-3] DEBUG org.hibernate.engine.transaction.internal.TransactionImpl -- begin
07:29:21.780 [default-nioEventLoopGroup-4-3] DEBUG org.hibernate.engine.spi.ActionQueue -- Executing identity-insert immediately
07:29:21.781 [default-nioEventLoopGroup-4-3] DEBUG io.micronaut.core.beans.DefaultBeanIntrospector -- Found BeanIntrospection for type: class io.micronaut.validation.validator.constraints.InternalConstraintValidators,
07:29:21.781 [default-nioEventLoopGroup-4-3] DEBUG io.micronaut.core.beans.DefaultBeanIntrospector -- Found BeanIntrospection for type: class io.micronaut.validation.validator.extractors.InternalValueExtractors,
07:29:21.781 [default-nioEventLoopGroup-4-3] DEBUG io.micronaut.core.beans.DefaultBeanIntrospector -- Found BeanIntrospection for type: class com.example.shopservice.entity.User,
07:29:21.781 [default-nioEventLoopGroup-4-3] DEBUG io.micronaut.core.beans.DefaultBeanIntrospector -- Found BeanIntrospection for type: class com.example.shopservice.entity.User,
07:29:21.781 [default-nioEventLoopGroup-4-3] DEBUG org.hibernate.SQL -- insert into users (email,username,id) values (?,?,default)
07:29:21.782 [default-nioEventLoopGroup-4-3] DEBUG org.hibernate.id.IdentifierGeneratorHelper -- Natively generated identity (com.example.shopservice.entity.User) : 1
07:29:21.783 [default-nioEventLoopGroup-4-3] DEBUG io.micronaut.core.beans.DefaultBeanIntrospector -- Found BeanIntrospection for type: class com.example.shopservice.entity.User,
07:29:21.783 [default-nioEventLoopGroup-4-3] DEBUG io.micronaut.transaction.hibernate.HibernateTransactionManager -- Committing Hibernate transaction on Session [SessionImpl(557953065<open>)]
07:29:21.783 [default-nioEventLoopGroup-4-3] DEBUG org.hibernate.engine.transaction.internal.TransactionImpl -- committing
07:29:21.783 [default-nioEventLoopGroup-4-3] DEBUG org.hibernate.event.internal.AbstractFlushingEventListener -- Processing flush-time cascades
07:29:21.783 [default-nioEventLoopGroup-4-3] DEBUG org.hibernate.event.internal.AbstractFlushingEventListener -- Dirty checking collections
07:29:21.783 [default-nioEventLoopGroup-4-3] DEBUG org.hibernate.event.internal.AbstractFlushingEventListener -- Flushed: 0 insertions, 0 updates, 0 deletions to 1 objects
07:29:21.783 [default-nioEventLoopGroup-4-3] DEBUG org.hibernate.event.internal.AbstractFlushingEventListener -- Flushed: 0 (re)creations, 0 updates, 0 removals to 0 collections
07:29:21.783 [default-nioEventLoopGroup-4-3] DEBUG org.hibernate.internal.util.EntityPrinter -- Listing entities:
07:29:21.783 [default-nioEventLoopGroup-4-3] DEBUG org.hibernate.internal.util.EntityPrinter -- com.example.shopservice.entity.User{id=1, email=alice@example.com, username=alice}
07:29:21.783 [default-nioEventLoopGroup-4-3] DEBUG org.hibernate.resource.jdbc.internal.LogicalConnectionManagedImpl -- Initiating JDBC connection release from afterTransaction
07:29:21.784 [default-nioEventLoopGroup-4-3] DEBUG org.hibernate.resource.jdbc.internal.LogicalConnectionManagedImpl -- Initiating JDBC connection release from afterTransaction
07:29:21.784 [default-nioEventLoopGroup-4-3] DEBUG io.micronaut.context.DefaultBeanContext -- Resolving beans for type: <HttpRequestTerminatedEvent> io.micronaut.context.event.ApplicationEventListener 
07:29:21.785 [default-nioEventLoopGroup-4-3] DEBUG io.micronaut.context.lifecycle -- Created bean [io.micronaut.runtime.http.scope.RequestCustomScope@3ef6f6a6] from definition [Definition: io.micronaut.runtime.http.scope.RequestCustomScope] with qualifier [null]
07:29:21.785 [default-nioEventLoopGroup-4-3] DEBUG io.micronaut.context.DefaultBeanContext -- Found a registration BeanRegistration: io.micronaut.runtime.http.scope.RequestCustomScope@3ef6f6a6 for candidate: Definition: io.micronaut.runtime.http.scope.RequestCustomScope with qualifier: <HttpRequestTerminatedEvent>
07:29:21.785 [default-nioEventLoopGroup-4-3] DEBUG io.micronaut.context.event.ApplicationEventPublisher -- Publishing event: io.micronaut.http.context.event.HttpRequestTerminatedEvent[source=POST /users]
07:29:21.786 [default-nioEventLoopGroup-4-3] DEBUG io.micronaut.http.server.netty.RoutingInBoundHandler -- Response 200 - POST /users
07:29:21.787 [main] DEBUG io.micronaut.http.client.netty.DefaultHttpClient -- Sending HTTP GET to http://localhost:37877/users/1
07:29:21.788 [default-nioEventLoopGroup-4-3] DEBUG io.micronaut.http.server.netty.NettyRequestLifecycle -- Request GET /users/1
07:29:21.789 [default-nioEventLoopGroup-4-3] DEBUG org.hibernate.jpa.internal.util.FlushModeTypeHelper -- Interpreting Hibernate FlushMode#MANUAL to JPA FlushModeType#COMMIT; may cause problems if relying on FlushMode#MANUAL-specific behavior
07:29:21.789 [default-nioEventLoopGroup-4-3] DEBUG io.micronaut.transaction.hibernate.HibernateTransactionManager -- Not preparing JDBC Connection of Hibernate Session [SessionImpl(552658008<open>)]
07:29:21.789 [default-nioEventLoopGroup-4-3] DEBUG org.hibernate.engine.transaction.internal.TransactionImpl -- On TransactionImpl creation, JpaCompliance#isJpaTransactionComplianceEnabled == false
07:29:21.789 [default-nioEventLoopGroup-4-3] DEBUG org.hibernate.engine.transaction.internal.TransactionImpl -- begin
07:29:21.789 [default-nioEventLoopGroup-4-3] DEBUG org.hibernate.orm.query.hql -- HQL : SELECT user_ FROM com.example.shopservice.entity.User AS user_ WHERE (user_.id = :p1)
07:29:21.790 [default-nioEventLoopGroup-4-3] DEBUG org.hibernate.orm.query.hql.reservedWordAsIdentifier -- Encountered use of reserved word as identifier : =
07:29:21.790 [default-nioEventLoopGroup-4-3] DEBUG org.hibernate.orm.query.sqm.creation -- Applying inferable type to SqmExpression [SqmNamedParameter(p1)] : null -> SqmBasicValuedSimplePath(com.example.shopservice.entity.User(user_).id)
07:29:21.790 [default-nioEventLoopGroup-4-3] DEBUG org.hibernate.orm.query.sqm.ast -- SqmStatement Tree :
    -> [select]
      -> [query-spec]
        -> [select]
          -> [selection]
            -> [root] - `com.example.shopservice.entity.User(user_)`
            <- [root] - `com.example.shopservice.entity.User(user_)`
          <- [selection]
        <- [select]
        -> [from]
          -> [root] - `com.example.shopservice.entity.User(user_)`
          <- [root] - `com.example.shopservice.entity.User(user_)`
        <- [from]
        -> [where]
          -> [grouped]
              -> [EQUAL]
                  -> [basic-path] - `com.example.shopservice.entity.User(user_).id`
                  :p1
              <- [EQUAL]
          <- [grouped]
        <- [where]
      <- [query-spec]
    <- [select]

07:29:21.790 [HikariPool-3 connection adder] DEBUG com.zaxxer.hikari.pool.HikariPool -- HikariPool-3 - After adding stats (total=6, active=2, idle=4, waiting=0)
07:29:21.790 [default-nioEventLoopGroup-4-3] DEBUG org.hibernate.orm.sql.ast.create -- Created new SQL alias : u1_0
07:29:21.790 [default-nioEventLoopGroup-4-3] DEBUG org.hibernate.orm.sql.ast.create -- Registration of TableGroup [StandardTableGroup(com.example.shopservice.entity.User(user_))] with identifierForTableGroup [com.example.shopservice.entity.User] for NavigablePath [com.example.shopservice.entity.User] 
07:29:21.791 [default-nioEventLoopGroup-4-3] DEBUG org.hibernate.query.sqm.sql.BaseSqmToSqlAstConverter -- Determining mapping-model type for SqmParameter : SqmNamedParameter(p1)
07:29:21.791 [default-nioEventLoopGroup-4-3] DEBUG org.hibernate.query.sqm.sql.BaseSqmToSqlAstConverter -- Determining mapping-model type for SqmPath : SqmBasicValuedSimplePath(com.example.shopservice.entity.User(user_).id) 
07:29:21.791 [default-nioEventLoopGroup-4-3] DEBUG org.hibernate.orm.results.graph.AST -- DomainResult Graph:
 \-EntityResultImpl [com.example.shopservice.entity.User(user_)]
 |  +-BasicFetch [com.example.shopservice.entity.User(user_).email]
 |  \-BasicFetch [com.example.shopservice.entity.User(user_).username]

07:29:21.791 [HikariPool-3 connection adder] DEBUG com.zaxxer.hikari.pool.HikariPool -- HikariPool-3 - Added connection conn26: url=jdbc:h2:mem:testDb user=SA
07:29:21.791 [default-nioEventLoopGroup-4-3] DEBUG org.hibernate.orm.sql.ast.tree -- SQL AST Tree:
    SelectStatement {
      FromClause {
        StandardTableGroup (u1 : com.example.shopservice.entity.User(user_)) {
          primaryTableReference : users as u1_0
        }
      }
    }

07:29:21.791 [default-nioEventLoopGroup-4-3] DEBUG org.hibernate.orm.sql.exec -- Skipping reading Query result cache data: cache-enabled = false, cache-mode = NORMAL
07:29:21.791 [default-nioEventLoopGroup-4-3] DEBUG org.hibernate.orm.results -- Initializer list:
	  com.example.shopservice.entity.User(user_) -> EntityResultInitializer(com.example.shopservice.entity.User(user_))@381568549 (SingleTableEntityPersister(com.example.shopservice.entity.User))

07:29:21.791 [default-nioEventLoopGroup-4-3] DEBUG org.hibernate.SQL -- select u1_0.id,u1_0.email,u1_0.username from users u1_0 where (u1_0.id=?) fetch first ? rows only
07:29:21.792 [default-nioEventLoopGroup-4-3] DEBUG org.hibernate.orm.results -- Extracted JDBC value [0] - [1]
07:29:21.792 [default-nioEventLoopGroup-4-3] DEBUG org.hibernate.orm.results.loading.entity -- (EntityResultInitializer) Hydrated EntityKey (com.example.shopservice.entity.User(user_)): 1
07:29:21.792 [default-nioEventLoopGroup-4-3] DEBUG org.hibernate.orm.results.loading.entity -- (EntityResultInitializer) Created new entity instance [com.example.shopservice.entity.User(user_)#1] : 1111889170
07:29:21.792 [default-nioEventLoopGroup-4-3] DEBUG org.hibernate.orm.results -- Extracted JDBC value [1] - [alice@example.com]
07:29:21.792 [default-nioEventLoopGroup-4-3] DEBUG org.hibernate.orm.results -- Extracted JDBC value [2] - [alice]
07:29:21.792 [default-nioEventLoopGroup-4-3] DEBUG org.hibernate.orm.results.loading.entity -- (EntityResultInitializer) Done materializing entityInstance : com.example.shopservice.entity.User(user_)#1
07:29:21.792 [default-nioEventLoopGroup-4-3] DEBUG org.hibernate.orm.results.loading -- Calling top-level assembler (0 / 1) : org.hibernate.sql.results.graph.entity.internal.EntityAssembler@26adfc11
07:29:21.792 [default-nioEventLoopGroup-4-3] DEBUG io.micronaut.core.beans.DefaultBeanIntrospector -- Found BeanIntrospection for type: class com.example.shopservice.entity.User,
07:29:21.792 [default-nioEventLoopGroup-4-3] DEBUG io.micronaut.transaction.hibernate.HibernateTransactionManager -- Committing Hibernate transaction on Session [SessionImpl(552658008<open>)]
07:29:21.792 [default-nioEventLoopGroup-4-3] DEBUG org.hibernate.engine.transaction.internal.TransactionImpl -- committing
07:29:21.792 [default-nioEventLoopGroup-4-3] DEBUG org.hibernate.event.internal.AbstractFlushingEventListener -- Processing flush-time cascades
07:29:21.792 [default-nioEventLoopGroup-4-3] DEBUG org.hibernate.event.internal.AbstractFlushingEventListener -- Dirty checking collections
07:29:21.792 [default-nioEventLoopGroup-4-3] DEBUG org.hibernate.event.internal.AbstractFlushingEventListener -- Flushed: 0 insertions, 0 updates, 0 deletions to 1 objects
07:29:21.792 [default-nioEventLoopGroup-4-3] DEBUG org.hibernate.event.internal.AbstractFlushingEventListener -- Flushed: 0 (re)creations, 0 updates, 0 removals to 0 collections
07:29:21.792 [default-nioEventLoopGroup-4-3] DEBUG org.hibernate.internal.util.EntityPrinter -- Listing entities:
07:29:21.792 [default-nioEventLoopGroup-4-3] DEBUG org.hibernate.internal.util.EntityPrinter -- com.example.shopservice.entity.User{id=1, email=alice@example.com, username=alice}
07:29:21.793 [default-nioEventLoopGroup-4-3] DEBUG org.hibernate.resource.jdbc.internal.LogicalConnectionManagedImpl -- Initiating JDBC connection release from afterTransaction
07:29:21.793 [default-nioEventLoopGroup-4-3] DEBUG org.hibernate.resource.jdbc.internal.LogicalConnectionManagedImpl -- Initiating JDBC connection release from afterTransaction
07:29:21.793 [default-nioEventLoopGroup-4-3] DEBUG io.micronaut.context.event.ApplicationEventPublisher -- Publishing event: io.micronaut.http.context.event.HttpRequestTerminatedEvent[source=GET /users/1]
07:29:21.794 [default-nioEventLoopGroup-4-3] DEBUG io.micronaut.http.server.netty.RoutingInBoundHandler -- Response 200 - GET /users/1
07:29:21.794 [main] DEBUG io.micronaut.transaction.hibernate.HibernateTransactionManager -- Rolling back Hibernate transaction on Session [SessionImpl(1827192676<open>)]
07:29:21.794 [main] DEBUG org.hibernate.engine.transaction.internal.TransactionImpl -- rolling back
07:29:21.795 [main] DEBUG org.hibernate.resource.jdbc.internal.LogicalConnectionManagedImpl -- Initiating JDBC connection release from afterTransaction
07:29:21.795 [main] DEBUG org.hibernate.resource.jdbc.internal.LogicalConnectionManagedImpl -- Initiating JDBC connection release from afterTransaction
]]></system-out>
  </testcase>
</testsuite>